BED Classifier XS Tiny. Trying to reduce it: v0. 255 Normalization. Weighted for Precision.
DFire Removed wrong images: 0
DFire empty images: 31
DFire only smoke images: 17
DFire only fire images: 2
DFire smoke and fire images: 14

TRAIN DFIRE dataset
DFire Removed wrong images: 0
DFire empty images: 7833
DFire only smoke images: 4681
DFire only fire images: 944
DFire smoke and fire images: 3763
Train dataset len: 17221

TEST DFire dataset
DFire Removed wrong images: 0
DFire empty images: 2005
DFire only smoke images: 1186
DFire only fire images: 220
DFire smoke and fire images: 895
Test dataset len: 4306
Using BED Classifier
Model shape is tensor([[0.1316, 0.3222],
        [0.1125, 0.3415],
        [0.0906, 0.3886],
        [0.0607, 0.3386]], device='cuda:0', grad_fn=<CatBackward0>)
BED Model Arquitecture
BED_CLASSIFIER(
  (model): Sequential(
    (0): Conv2d(3, 32, kernel_size=(3, 3), stride=(1, 1), padding=(1, 1), bias=False)
    (1): BatchNorm2d(32, eps=1e-05, momentum=0.1, affine=False, track_running_stats=True)
    (2): ReLU()
    (3): Dropout2d(p=0.3, inplace=False)
    (4): MaxPool2d(kernel_size=2, stride=2, padding=0, dilation=1, ceil_mode=False)
    (5): Conv2d(32, 16, kernel_size=(3, 3), stride=(1, 1), padding=(1, 1), bias=False)
    (6): BatchNorm2d(16, eps=1e-05, momentum=0.1, affine=False, track_running_stats=True)
    (7): ReLU()
    (8): Dropout2d(p=0.3, inplace=False)
    (9): MaxPool2d(kernel_size=2, stride=2, padding=0, dilation=1, ceil_mode=False)
    (10): Conv2d(16, 8, kernel_size=(1, 1), stride=(1, 1), bias=False)
    (11): BatchNorm2d(8, eps=1e-05, momentum=0.1, affine=False, track_running_stats=True)
    (12): ReLU()
    (13): Conv2d(8, 16, kernel_size=(3, 3), stride=(1, 1), padding=(1, 1), bias=False)
    (14): BatchNorm2d(16, eps=1e-05, momentum=0.1, affine=False, track_running_stats=True)
    (15): ReLU()
    (16): Conv2d(16, 16, kernel_size=(1, 1), stride=(1, 1), bias=False)
    (17): BatchNorm2d(16, eps=1e-05, momentum=0.1, affine=False, track_running_stats=True)
    (18): ReLU()
    (19): Conv2d(16, 32, kernel_size=(3, 3), stride=(1, 1), padding=(1, 1), bias=False)
    (20): BatchNorm2d(32, eps=1e-05, momentum=0.1, affine=False, track_running_stats=True)
    (21): ReLU()
    (22): MaxPool2d(kernel_size=2, stride=2, padding=0, dilation=1, ceil_mode=False)
    (23): Conv2d(32, 16, kernel_size=(1, 1), stride=(1, 1), bias=False)
    (24): BatchNorm2d(16, eps=1e-05, momentum=0.1, affine=False, track_running_stats=True)
    (25): ReLU()
    (26): Conv2d(16, 32, kernel_size=(3, 3), stride=(1, 1), padding=(1, 1), bias=False)
    (27): BatchNorm2d(32, eps=1e-05, momentum=0.1, affine=False, track_running_stats=True)
    (28): ReLU()
    (29): Conv2d(32, 16, kernel_size=(1, 1), stride=(1, 1), bias=False)
    (30): BatchNorm2d(16, eps=1e-05, momentum=0.1, affine=False, track_running_stats=True)
    (31): ReLU()
    (32): Conv2d(16, 32, kernel_size=(3, 3), stride=(1, 1), padding=(1, 1), bias=False)
    (33): BatchNorm2d(32, eps=1e-05, momentum=0.1, affine=False, track_running_stats=True)
    (34): ReLU()
    (35): Conv2d(32, 16, kernel_size=(1, 1), stride=(1, 1), bias=False)
    (36): BatchNorm2d(16, eps=1e-05, momentum=0.1, affine=False, track_running_stats=True)
    (37): ReLU()
    (38): Conv2d(16, 32, kernel_size=(3, 3), stride=(1, 1), padding=(1, 1), bias=False)
    (39): BatchNorm2d(32, eps=1e-05, momentum=0.1, affine=False, track_running_stats=True)
    (40): ReLU()
  )
  (pool): AdaptiveAvgPool2d(output_size=(1, 1))
  (smoke): Sequential(
    (0): Dropout(p=0.2, inplace=False)
    (1): Linear(in_features=32, out_features=8, bias=True)
    (2): ReLU()
    (3): Linear(in_features=8, out_features=1, bias=True)
  )
  (fire): Sequential(
    (0): Dropout(p=0.2, inplace=False)
    (1): Linear(in_features=32, out_features=8, bias=True)
    (2): ReLU()
    (3): Linear(in_features=8, out_features=1, bias=True)
  )
)

Trainable parameters = 27522
Total parameters = 27522

Starting script

Device: cuda
Learning Rate: 0.001
Weight Decay: 0.0001
Batch Size: 64
IMG DIMS: (224, 224)
W: 224
H: 224
Loss Function: BCE
Smoke Precision Weight: 0.7

***Start Training: 16:44:26

Initializing Weights

=== EPOCH 0/149 ===
Learning Rate = 0.001

TRAIN losses
Total Loss  |Smoke Loss  |Fire Loss   
------------ ------------ ------------
69.767      |36.729      |33.038      


VAL losses
Total Loss  |Smoke Loss  |Fire Loss   
------------ ------------ ------------
61.977      |36.244      |25.733      

VAL Metrics
SMOKE -> Precision: 0.000 - Recall: 0.000 - Accuracy: 0.519 - F1: 0.000
FIRE -> Precision: 0.000 - Recall: 0.000 - Accuracy: 0.741 - F1: 0.000

Saving model with new best validation loss: 61.977

=== EPOCH 1/149 ===
Learning Rate = 0.001

TRAIN losses
Total Loss  |Smoke Loss  |Fire Loss   
------------ ------------ ------------
63.696      |36.174      |27.522      


VAL losses
Total Loss  |Smoke Loss  |Fire Loss   
------------ ------------ ------------
59.830      |35.721      |24.109      

VAL Metrics
SMOKE -> Precision: 0.000 - Recall: 0.000 - Accuracy: 0.519 - F1: 0.000
FIRE -> Precision: 0.756 - Recall: 0.552 - Accuracy: 0.838 - F1: 0.638

Saving model with new best validation loss: 59.830

=== EPOCH 2/149 ===
Learning Rate = 0.001

TRAIN losses
Total Loss  |Smoke Loss  |Fire Loss   
------------ ------------ ------------
62.062      |35.969      |26.093      


VAL losses
Total Loss  |Smoke Loss  |Fire Loss   
------------ ------------ ------------
58.970      |35.468      |23.503      

VAL Metrics
SMOKE -> Precision: 0.000 - Recall: 0.000 - Accuracy: 0.519 - F1: 0.000
FIRE -> Precision: 0.692 - Recall: 0.675 - Accuracy: 0.838 - F1: 0.683

Saving model with new best validation loss: 58.970

=== EPOCH 3/149 ===
Learning Rate = 0.001

TRAIN losses
Total Loss  |Smoke Loss  |Fire Loss   
------------ ------------ ------------
61.294      |35.659      |25.635      


VAL losses
Total Loss  |Smoke Loss  |Fire Loss   
------------ ------------ ------------
57.918      |35.217      |22.702      

VAL Metrics
SMOKE -> Precision: 0.608 - Recall: 0.270 - Accuracy: 0.565 - F1: 0.374
FIRE -> Precision: 0.739 - Recall: 0.650 - Accuracy: 0.850 - F1: 0.692

Saving model with new best validation loss: 57.918

=== EPOCH 4/149 ===
Learning Rate = 0.001

TRAIN losses
Total Loss  |Smoke Loss  |Fire Loss   
------------ ------------ ------------
60.422      |35.432      |24.990      


VAL losses
Total Loss  |Smoke Loss  |Fire Loss   
------------ ------------ ------------
57.004      |35.070      |21.934      

VAL Metrics
SMOKE -> Precision: 0.636 - Recall: 0.315 - Accuracy: 0.583 - F1: 0.421
FIRE -> Precision: 0.730 - Recall: 0.693 - Accuracy: 0.854 - F1: 0.711

Saving model with new best validation loss: 57.004

=== EPOCH 5/149 ===
Learning Rate = 0.001

TRAIN losses
Total Loss  |Smoke Loss  |Fire Loss   
------------ ------------ ------------
59.510      |35.214      |24.296      


VAL losses
Total Loss  |Smoke Loss  |Fire Loss   
------------ ------------ ------------
56.357      |34.840      |21.517      

VAL Metrics
SMOKE -> Precision: 0.632 - Recall: 0.316 - Accuracy: 0.583 - F1: 0.421
FIRE -> Precision: 0.738 - Recall: 0.668 - Accuracy: 0.853 - F1: 0.701

Saving model with new best validation loss: 56.357

=== EPOCH 6/149 ===
Learning Rate = 0.001

TRAIN losses
Total Loss  |Smoke Loss  |Fire Loss   
------------ ------------ ------------
58.597      |34.853      |23.744      


VAL losses
Total Loss  |Smoke Loss  |Fire Loss   
------------ ------------ ------------
55.139      |34.439      |20.700      

VAL Metrics
SMOKE -> Precision: 0.676 - Recall: 0.422 - Accuracy: 0.625 - F1: 0.519
FIRE -> Precision: 0.731 - Recall: 0.746 - Accuracy: 0.863 - F1: 0.739

Saving model with new best validation loss: 55.139

=== EPOCH 7/149 ===
Learning Rate = 0.001

TRAIN losses
Total Loss  |Smoke Loss  |Fire Loss   
------------ ------------ ------------
57.756      |34.704      |23.052      


VAL losses
Total Loss  |Smoke Loss  |Fire Loss   
------------ ------------ ------------
53.206      |33.409      |19.797      

VAL Metrics
SMOKE -> Precision: 0.723 - Recall: 0.465 - Accuracy: 0.657 - F1: 0.566
FIRE -> Precision: 0.755 - Recall: 0.774 - Accuracy: 0.876 - F1: 0.764

Saving model with new best validation loss: 53.206

=== EPOCH 8/149 ===
Learning Rate = 0.001

TRAIN losses
Total Loss  |Smoke Loss  |Fire Loss   
------------ ------------ ------------
56.311      |33.933      |22.378      


VAL losses
Total Loss  |Smoke Loss  |Fire Loss   
------------ ------------ ------------
51.856      |32.531      |19.325      

VAL Metrics
SMOKE -> Precision: 0.779 - Recall: 0.483 - Accuracy: 0.685 - F1: 0.596
FIRE -> Precision: 0.751 - Recall: 0.789 - Accuracy: 0.878 - F1: 0.769

Saving model with new best validation loss: 51.856

=== EPOCH 9/149 ===
Learning Rate = 0.001

TRAIN losses
Total Loss  |Smoke Loss  |Fire Loss   
------------ ------------ ------------
55.195      |33.346      |21.849      


VAL losses
Total Loss  |Smoke Loss  |Fire Loss   
------------ ------------ ------------
49.581      |31.014      |18.567      

VAL Metrics
SMOKE -> Precision: 0.818 - Recall: 0.416 - Accuracy: 0.675 - F1: 0.552
FIRE -> Precision: 0.766 - Recall: 0.735 - Accuracy: 0.873 - F1: 0.750

Saving model with new best validation loss: 49.581

=== EPOCH 10/149 ===
Learning Rate = 0.001

TRAIN losses
Total Loss  |Smoke Loss  |Fire Loss   
------------ ------------ ------------
54.154      |32.757      |21.396      


VAL losses
Total Loss  |Smoke Loss  |Fire Loss   
------------ ------------ ------------
48.838      |30.523      |18.315      

VAL Metrics
SMOKE -> Precision: 0.769 - Recall: 0.543 - Accuracy: 0.702 - F1: 0.637
FIRE -> Precision: 0.792 - Recall: 0.740 - Accuracy: 0.882 - F1: 0.765

Saving model with new best validation loss: 48.838

=== EPOCH 11/149 ===
Learning Rate = 0.001

TRAIN losses
Total Loss  |Smoke Loss  |Fire Loss   
------------ ------------ ------------
53.561      |32.430      |21.131      


VAL losses
Total Loss  |Smoke Loss  |Fire Loss   
------------ ------------ ------------
47.280      |29.679      |17.601      

VAL Metrics
SMOKE -> Precision: 0.811 - Recall: 0.469 - Accuracy: 0.692 - F1: 0.594
FIRE -> Precision: 0.798 - Recall: 0.750 - Accuracy: 0.886 - F1: 0.773

Saving model with new best validation loss: 47.280

=== EPOCH 12/149 ===
Learning Rate = 0.001

TRAIN losses
Total Loss  |Smoke Loss  |Fire Loss   
------------ ------------ ------------
52.677      |32.006      |20.670      


VAL losses
Total Loss  |Smoke Loss  |Fire Loss   
------------ ------------ ------------
46.895      |29.393      |17.501      

VAL Metrics
SMOKE -> Precision: 0.775 - Recall: 0.565 - Accuracy: 0.712 - F1: 0.653
FIRE -> Precision: 0.791 - Recall: 0.763 - Accuracy: 0.886 - F1: 0.777

Saving model with new best validation loss: 46.895

=== EPOCH 13/149 ===
Learning Rate = 0.001

TRAIN losses
Total Loss  |Smoke Loss  |Fire Loss   
------------ ------------ ------------
51.823      |31.587      |20.236      


VAL losses
Total Loss  |Smoke Loss  |Fire Loss   
------------ ------------ ------------
47.211      |29.158      |18.053      

VAL Metrics
SMOKE -> Precision: 0.783 - Recall: 0.508 - Accuracy: 0.696 - F1: 0.616
FIRE -> Precision: 0.846 - Recall: 0.672 - Accuracy: 0.883 - F1: 0.749

=== EPOCH 14/149 ===
Learning Rate = 0.001

TRAIN losses
Total Loss  |Smoke Loss  |Fire Loss   
------------ ------------ ------------
51.483      |31.503      |19.980      


VAL losses
Total Loss  |Smoke Loss  |Fire Loss   
------------ ------------ ------------
45.342      |28.331      |17.011      

VAL Metrics
SMOKE -> Precision: 0.802 - Recall: 0.564 - Accuracy: 0.723 - F1: 0.662
FIRE -> Precision: 0.798 - Recall: 0.760 - Accuracy: 0.888 - F1: 0.779

Saving model with new best validation loss: 45.342

=== EPOCH 15/149 ===
Learning Rate = 0.001

TRAIN losses
Total Loss  |Smoke Loss  |Fire Loss   
------------ ------------ ------------
50.637      |31.095      |19.542      


VAL losses
Total Loss  |Smoke Loss  |Fire Loss   
------------ ------------ ------------
45.292      |28.125      |17.167      

VAL Metrics
SMOKE -> Precision: 0.814 - Recall: 0.510 - Accuracy: 0.708 - F1: 0.627
FIRE -> Precision: 0.863 - Recall: 0.674 - Accuracy: 0.888 - F1: 0.757

Saving model with new best validation loss: 45.292

=== EPOCH 16/149 ===
Learning Rate = 0.001

TRAIN losses
Total Loss  |Smoke Loss  |Fire Loss   
------------ ------------ ------------
50.696      |31.071      |19.625      


VAL losses
Total Loss  |Smoke Loss  |Fire Loss   
------------ ------------ ------------
44.891      |27.850      |17.041      

VAL Metrics
SMOKE -> Precision: 0.804 - Recall: 0.506 - Accuracy: 0.703 - F1: 0.621
FIRE -> Precision: 0.840 - Recall: 0.710 - Accuracy: 0.890 - F1: 0.770

Saving model with new best validation loss: 44.891

=== EPOCH 17/149 ===
Learning Rate = 0.001

TRAIN losses
Total Loss  |Smoke Loss  |Fire Loss   
------------ ------------ ------------
49.865      |30.471      |19.394      


VAL losses
Total Loss  |Smoke Loss  |Fire Loss   
------------ ------------ ------------
44.012      |27.997      |16.015      

VAL Metrics
SMOKE -> Precision: 0.785 - Recall: 0.682 - Accuracy: 0.757 - F1: 0.729
FIRE -> Precision: 0.830 - Recall: 0.801 - Accuracy: 0.906 - F1: 0.815

Saving model with new best validation loss: 44.012

=== EPOCH 18/149 ===
Learning Rate = 0.001

TRAIN losses
Total Loss  |Smoke Loss  |Fire Loss   
------------ ------------ ------------
49.131      |30.369      |18.762      


VAL losses
Total Loss  |Smoke Loss  |Fire Loss   
------------ ------------ ------------
43.448      |27.678      |15.770      

VAL Metrics
SMOKE -> Precision: 0.768 - Recall: 0.699 - Accuracy: 0.754 - F1: 0.732
FIRE -> Precision: 0.832 - Recall: 0.789 - Accuracy: 0.904 - F1: 0.810

Saving model with new best validation loss: 43.448

=== EPOCH 19/149 ===
Learning Rate = 0.001

TRAIN losses
Total Loss  |Smoke Loss  |Fire Loss   
------------ ------------ ------------
49.182      |30.147      |19.035      


VAL losses
Total Loss  |Smoke Loss  |Fire Loss   
------------ ------------ ------------
42.149      |26.836      |15.313      

VAL Metrics
SMOKE -> Precision: 0.811 - Recall: 0.621 - Accuracy: 0.748 - F1: 0.703
FIRE -> Precision: 0.823 - Recall: 0.801 - Accuracy: 0.904 - F1: 0.812

Saving model with new best validation loss: 42.149

=== EPOCH 20/149 ===
Learning Rate = 0.001

TRAIN losses
Total Loss  |Smoke Loss  |Fire Loss   
------------ ------------ ------------
48.393      |29.883      |18.509      


VAL losses
Total Loss  |Smoke Loss  |Fire Loss   
------------ ------------ ------------
41.813      |26.629      |15.184      

VAL Metrics
SMOKE -> Precision: 0.813 - Recall: 0.627 - Accuracy: 0.751 - F1: 0.708
FIRE -> Precision: 0.856 - Recall: 0.778 - Accuracy: 0.909 - F1: 0.815

Saving model with new best validation loss: 41.813

=== EPOCH 21/149 ===
Learning Rate = 0.001

TRAIN losses
Total Loss  |Smoke Loss  |Fire Loss   
------------ ------------ ------------
48.309      |29.886      |18.423      


VAL losses
Total Loss  |Smoke Loss  |Fire Loss   
------------ ------------ ------------
41.662      |26.263      |15.399      

VAL Metrics
SMOKE -> Precision: 0.803 - Recall: 0.662 - Accuracy: 0.759 - F1: 0.725
FIRE -> Precision: 0.793 - Recall: 0.829 - Accuracy: 0.900 - F1: 0.811

Saving model with new best validation loss: 41.662

=== EPOCH 22/149 ===
Learning Rate = 0.001

TRAIN losses
Total Loss  |Smoke Loss  |Fire Loss   
------------ ------------ ------------
47.522      |29.346      |18.176      


VAL losses
Total Loss  |Smoke Loss  |Fire Loss   
------------ ------------ ------------
41.784      |26.090      |15.694      

VAL Metrics
SMOKE -> Precision: 0.838 - Recall: 0.575 - Accuracy: 0.742 - F1: 0.682
FIRE -> Precision: 0.876 - Recall: 0.730 - Accuracy: 0.903 - F1: 0.796

=== EPOCH 23/149 ===
Learning Rate = 0.001

TRAIN losses
Total Loss  |Smoke Loss  |Fire Loss   
------------ ------------ ------------
47.422      |29.333      |18.089      


VAL losses
Total Loss  |Smoke Loss  |Fire Loss   
------------ ------------ ------------
45.369      |28.636      |16.732      

VAL Metrics
SMOKE -> Precision: 0.901 - Recall: 0.357 - Accuracy: 0.672 - F1: 0.511
FIRE -> Precision: 0.900 - Recall: 0.667 - Accuracy: 0.895 - F1: 0.766

=== EPOCH 24/149 ===
Learning Rate = 0.001

TRAIN losses
Total Loss  |Smoke Loss  |Fire Loss   
------------ ------------ ------------
46.767      |29.090      |17.677      


VAL losses
Total Loss  |Smoke Loss  |Fire Loss   
------------ ------------ ------------
40.766      |25.530      |15.236      

VAL Metrics
SMOKE -> Precision: 0.838 - Recall: 0.616 - Accuracy: 0.758 - F1: 0.710
FIRE -> Precision: 0.892 - Recall: 0.718 - Accuracy: 0.905 - F1: 0.796

Saving model with new best validation loss: 40.766

=== EPOCH 25/149 ===
Learning Rate = 0.001

TRAIN losses
Total Loss  |Smoke Loss  |Fire Loss   
------------ ------------ ------------
46.637      |28.868      |17.769      


VAL losses
Total Loss  |Smoke Loss  |Fire Loss   
------------ ------------ ------------
39.157      |24.787      |14.370      

VAL Metrics
SMOKE -> Precision: 0.832 - Recall: 0.689 - Accuracy: 0.783 - F1: 0.754
FIRE -> Precision: 0.854 - Recall: 0.796 - Accuracy: 0.912 - F1: 0.824

Saving model with new best validation loss: 39.157

=== EPOCH 26/149 ===
Learning Rate = 0.001

TRAIN losses
Total Loss  |Smoke Loss  |Fire Loss   
------------ ------------ ------------
46.056      |28.535      |17.522      


VAL losses
Total Loss  |Smoke Loss  |Fire Loss   
------------ ------------ ------------
38.634      |24.796      |13.839      

VAL Metrics
SMOKE -> Precision: 0.836 - Recall: 0.674 - Accuracy: 0.780 - F1: 0.746
FIRE -> Precision: 0.837 - Recall: 0.826 - Accuracy: 0.913 - F1: 0.831

Saving model with new best validation loss: 38.634

=== EPOCH 27/149 ===
Learning Rate = 0.001

TRAIN losses
Total Loss  |Smoke Loss  |Fire Loss   
------------ ------------ ------------
46.127      |28.793      |17.334      


VAL losses
Total Loss  |Smoke Loss  |Fire Loss   
------------ ------------ ------------
38.589      |24.978      |13.611      

VAL Metrics
SMOKE -> Precision: 0.852 - Recall: 0.581 - Accuracy: 0.750 - F1: 0.691
FIRE -> Precision: 0.838 - Recall: 0.840 - Accuracy: 0.917 - F1: 0.839

Saving model with new best validation loss: 38.589

=== EPOCH 28/149 ===
Learning Rate = 0.001

TRAIN losses
Total Loss  |Smoke Loss  |Fire Loss   
------------ ------------ ------------
45.963      |28.494      |17.470      


VAL losses
Total Loss  |Smoke Loss  |Fire Loss   
------------ ------------ ------------
37.648      |24.073      |13.575      

VAL Metrics
SMOKE -> Precision: 0.829 - Recall: 0.730 - Accuracy: 0.798 - F1: 0.776
FIRE -> Precision: 0.867 - Recall: 0.819 - Accuracy: 0.920 - F1: 0.842

Saving model with new best validation loss: 37.648

=== EPOCH 29/149 ===
Learning Rate = 0.001

TRAIN losses
Total Loss  |Smoke Loss  |Fire Loss   
------------ ------------ ------------
44.914      |28.093      |16.820      


VAL losses
Total Loss  |Smoke Loss  |Fire Loss   
------------ ------------ ------------
38.223      |24.369      |13.855      

VAL Metrics
SMOKE -> Precision: 0.849 - Recall: 0.638 - Accuracy: 0.771 - F1: 0.729
FIRE -> Precision: 0.866 - Recall: 0.773 - Accuracy: 0.910 - F1: 0.817

=== EPOCH 30/149 ===
Learning Rate = 0.001

TRAIN losses
Total Loss  |Smoke Loss  |Fire Loss   
------------ ------------ ------------
44.827      |28.067      |16.759      


VAL losses
Total Loss  |Smoke Loss  |Fire Loss   
------------ ------------ ------------
37.026      |23.796      |13.231      

VAL Metrics
SMOKE -> Precision: 0.827 - Recall: 0.730 - Accuracy: 0.796 - F1: 0.775
FIRE -> Precision: 0.865 - Recall: 0.826 - Accuracy: 0.922 - F1: 0.845

Saving model with new best validation loss: 37.026

=== EPOCH 31/149 ===
Learning Rate = 0.001

TRAIN losses
Total Loss  |Smoke Loss  |Fire Loss   
------------ ------------ ------------
44.401      |27.981      |16.420      


VAL losses
Total Loss  |Smoke Loss  |Fire Loss   
------------ ------------ ------------
37.994      |24.032      |13.963      

VAL Metrics
SMOKE -> Precision: 0.843 - Recall: 0.638 - Accuracy: 0.769 - F1: 0.726
FIRE -> Precision: 0.847 - Recall: 0.809 - Accuracy: 0.913 - F1: 0.828

=== EPOCH 32/149 ===
Learning Rate = 0.001

TRAIN losses
Total Loss  |Smoke Loss  |Fire Loss   
------------ ------------ ------------
44.654      |27.803      |16.851      


VAL losses
Total Loss  |Smoke Loss  |Fire Loss   
------------ ------------ ------------
37.573      |24.339      |13.234      

VAL Metrics
SMOKE -> Precision: 0.797 - Recall: 0.813 - Accuracy: 0.810 - F1: 0.805
FIRE -> Precision: 0.868 - Recall: 0.808 - Accuracy: 0.918 - F1: 0.837

=== EPOCH 33/149 ===
Learning Rate = 0.001

TRAIN losses
Total Loss  |Smoke Loss  |Fire Loss   
------------ ------------ ------------
43.955      |27.488      |16.468      


VAL losses
Total Loss  |Smoke Loss  |Fire Loss   
------------ ------------ ------------
39.426      |24.814      |14.612      

VAL Metrics
SMOKE -> Precision: 0.879 - Recall: 0.538 - Accuracy: 0.742 - F1: 0.667
FIRE -> Precision: 0.901 - Recall: 0.749 - Accuracy: 0.914 - F1: 0.818

=== EPOCH 34/149 ===
Learning Rate = 0.0008

TRAIN losses
Total Loss  |Smoke Loss  |Fire Loss   
------------ ------------ ------------
43.120      |27.200      |15.920      


VAL losses
Total Loss  |Smoke Loss  |Fire Loss   
------------ ------------ ------------
36.148      |23.175      |12.973      

VAL Metrics
SMOKE -> Precision: 0.855 - Recall: 0.711 - Accuracy: 0.803 - F1: 0.776
FIRE -> Precision: 0.845 - Recall: 0.861 - Accuracy: 0.923 - F1: 0.853

Saving model with new best validation loss: 36.148

=== EPOCH 35/149 ===
Learning Rate = 0.0008

TRAIN losses
Total Loss  |Smoke Loss  |Fire Loss   
------------ ------------ ------------
43.225      |27.292      |15.933      


VAL losses
Total Loss  |Smoke Loss  |Fire Loss   
------------ ------------ ------------
36.082      |22.804      |13.278      

VAL Metrics
SMOKE -> Precision: 0.838 - Recall: 0.726 - Accuracy: 0.801 - F1: 0.778
FIRE -> Precision: 0.902 - Recall: 0.773 - Accuracy: 0.920 - F1: 0.833

Saving model with new best validation loss: 36.082

=== EPOCH 36/149 ===
Learning Rate = 0.0008

TRAIN losses
Total Loss  |Smoke Loss  |Fire Loss   
------------ ------------ ------------
43.224      |27.044      |16.180      


VAL losses
Total Loss  |Smoke Loss  |Fire Loss   
------------ ------------ ------------
35.463      |22.695      |12.767      

VAL Metrics
SMOKE -> Precision: 0.846 - Recall: 0.687 - Accuracy: 0.789 - F1: 0.758
FIRE -> Precision: 0.906 - Recall: 0.801 - Accuracy: 0.927 - F1: 0.850

Saving model with new best validation loss: 35.463

=== EPOCH 37/149 ===
Learning Rate = 0.0008

TRAIN losses
Total Loss  |Smoke Loss  |Fire Loss   
------------ ------------ ------------
43.106      |27.196      |15.910      


VAL losses
Total Loss  |Smoke Loss  |Fire Loss   
------------ ------------ ------------
36.272      |23.578      |12.694      

VAL Metrics
SMOKE -> Precision: 0.792 - Recall: 0.845 - Accuracy: 0.819 - F1: 0.818
FIRE -> Precision: 0.870 - Recall: 0.848 - Accuracy: 0.928 - F1: 0.859

=== EPOCH 38/149 ===
Learning Rate = 0.0008

TRAIN losses
Total Loss  |Smoke Loss  |Fire Loss   
------------ ------------ ------------
42.689      |26.947      |15.742      


VAL losses
Total Loss  |Smoke Loss  |Fire Loss   
------------ ------------ ------------
35.046      |22.464      |12.582      

VAL Metrics
SMOKE -> Precision: 0.846 - Recall: 0.719 - Accuracy: 0.802 - F1: 0.778
FIRE -> Precision: 0.864 - Recall: 0.839 - Accuracy: 0.924 - F1: 0.851

Saving model with new best validation loss: 35.046

=== EPOCH 39/149 ===
Learning Rate = 0.0008

TRAIN losses
Total Loss  |Smoke Loss  |Fire Loss   
------------ ------------ ------------
42.767      |26.868      |15.899      


VAL losses
Total Loss  |Smoke Loss  |Fire Loss   
------------ ------------ ------------
35.635      |22.618      |13.017      

VAL Metrics
SMOKE -> Precision: 0.823 - Recall: 0.778 - Accuracy: 0.812 - F1: 0.800
FIRE -> Precision: 0.880 - Recall: 0.798 - Accuracy: 0.920 - F1: 0.837

=== EPOCH 40/149 ===
Learning Rate = 0.0008

TRAIN losses
Total Loss  |Smoke Loss  |Fire Loss   
------------ ------------ ------------
42.644      |26.861      |15.783      


VAL losses
Total Loss  |Smoke Loss  |Fire Loss   
------------ ------------ ------------
35.256      |22.340      |12.916      

VAL Metrics
SMOKE -> Precision: 0.860 - Recall: 0.719 - Accuracy: 0.809 - F1: 0.783
FIRE -> Precision: 0.907 - Recall: 0.785 - Accuracy: 0.924 - F1: 0.842

=== EPOCH 41/149 ===
Learning Rate = 0.0008

TRAIN losses
Total Loss  |Smoke Loss  |Fire Loss   
------------ ------------ ------------
42.398      |26.748      |15.650      


VAL losses
Total Loss  |Smoke Loss  |Fire Loss   
------------ ------------ ------------
35.402      |22.479      |12.923      

VAL Metrics
SMOKE -> Precision: 0.870 - Recall: 0.655 - Accuracy: 0.787 - F1: 0.748
FIRE -> Precision: 0.899 - Recall: 0.795 - Accuracy: 0.924 - F1: 0.844

=== EPOCH 42/149 ===
Learning Rate = 0.00064

TRAIN losses
Total Loss  |Smoke Loss  |Fire Loss   
------------ ------------ ------------
41.626      |26.279      |15.347      


VAL losses
Total Loss  |Smoke Loss  |Fire Loss   
------------ ------------ ------------
33.990      |21.909      |12.082      

VAL Metrics
SMOKE -> Precision: 0.822 - Recall: 0.794 - Accuracy: 0.818 - F1: 0.808
FIRE -> Precision: 0.886 - Recall: 0.832 - Accuracy: 0.929 - F1: 0.858

Saving model with new best validation loss: 33.990

=== EPOCH 43/149 ===
Learning Rate = 0.00064

TRAIN losses
Total Loss  |Smoke Loss  |Fire Loss   
------------ ------------ ------------
41.940      |26.462      |15.478      


VAL losses
Total Loss  |Smoke Loss  |Fire Loss   
------------ ------------ ------------
34.158      |22.136      |12.022      

VAL Metrics
SMOKE -> Precision: 0.864 - Recall: 0.698 - Accuracy: 0.802 - F1: 0.772
FIRE -> Precision: 0.879 - Recall: 0.833 - Accuracy: 0.927 - F1: 0.856

=== EPOCH 44/149 ===
Learning Rate = 0.00064

TRAIN losses
Total Loss  |Smoke Loss  |Fire Loss   
------------ ------------ ------------
41.621      |26.292      |15.329      


VAL losses
Total Loss  |Smoke Loss  |Fire Loss   
------------ ------------ ------------
34.653      |22.094      |12.558      

VAL Metrics
SMOKE -> Precision: 0.863 - Recall: 0.694 - Accuracy: 0.800 - F1: 0.769
FIRE -> Precision: 0.907 - Recall: 0.784 - Accuracy: 0.923 - F1: 0.841

=== EPOCH 45/149 ===
Learning Rate = 0.00064

TRAIN losses
Total Loss  |Smoke Loss  |Fire Loss   
------------ ------------ ------------
41.395      |26.216      |15.179      


VAL losses
Total Loss  |Smoke Loss  |Fire Loss   
------------ ------------ ------------
33.298      |21.403      |11.895      

VAL Metrics
SMOKE -> Precision: 0.837 - Recall: 0.778 - Accuracy: 0.820 - F1: 0.806
FIRE -> Precision: 0.872 - Recall: 0.866 - Accuracy: 0.932 - F1: 0.869

Saving model with new best validation loss: 33.298

=== EPOCH 46/149 ===
Learning Rate = 0.00064

TRAIN losses
Total Loss  |Smoke Loss  |Fire Loss   
------------ ------------ ------------
41.196      |26.031      |15.165      


VAL losses
Total Loss  |Smoke Loss  |Fire Loss   
------------ ------------ ------------
33.242      |21.358      |11.884      

VAL Metrics
SMOKE -> Precision: 0.835 - Recall: 0.790 - Accuracy: 0.824 - F1: 0.812
FIRE -> Precision: 0.869 - Recall: 0.850 - Accuracy: 0.928 - F1: 0.859

Saving model with new best validation loss: 33.242

=== EPOCH 47/149 ===
Learning Rate = 0.00064

TRAIN losses
Total Loss  |Smoke Loss  |Fire Loss   
------------ ------------ ------------
41.496      |26.266      |15.230      


VAL losses
Total Loss  |Smoke Loss  |Fire Loss   
------------ ------------ ------------
33.271      |21.408      |11.863      

VAL Metrics
SMOKE -> Precision: 0.847 - Recall: 0.744 - Accuracy: 0.812 - F1: 0.792
FIRE -> Precision: 0.880 - Recall: 0.850 - Accuracy: 0.931 - F1: 0.865

=== EPOCH 48/149 ===
Learning Rate = 0.00064

TRAIN losses
Total Loss  |Smoke Loss  |Fire Loss   
------------ ------------ ------------
41.236      |26.002      |15.234      


VAL losses
Total Loss  |Smoke Loss  |Fire Loss   
------------ ------------ ------------
33.036      |21.295      |11.741      

VAL Metrics
SMOKE -> Precision: 0.852 - Recall: 0.751 - Accuracy: 0.817 - F1: 0.798
FIRE -> Precision: 0.892 - Recall: 0.836 - Accuracy: 0.931 - F1: 0.863

Saving model with new best validation loss: 33.036

=== EPOCH 49/149 ===
Learning Rate = 0.00064

TRAIN losses
Total Loss  |Smoke Loss  |Fire Loss   
------------ ------------ ------------
41.297      |26.015      |15.282      


VAL losses
Total Loss  |Smoke Loss  |Fire Loss   
------------ ------------ ------------
33.828      |21.557      |12.272      

VAL Metrics
SMOKE -> Precision: 0.831 - Recall: 0.777 - Accuracy: 0.816 - F1: 0.803
FIRE -> Precision: 0.835 - Recall: 0.882 - Accuracy: 0.924 - F1: 0.858

=== EPOCH 50/149 ===
Learning Rate = 0.00064

TRAIN losses
Total Loss  |Smoke Loss  |Fire Loss   
------------ ------------ ------------
40.682      |25.692      |14.990      


VAL losses
Total Loss  |Smoke Loss  |Fire Loss   
------------ ------------ ------------
33.005      |21.145      |11.859      

VAL Metrics
SMOKE -> Precision: 0.855 - Recall: 0.752 - Accuracy: 0.819 - F1: 0.800
FIRE -> Precision: 0.893 - Recall: 0.833 - Accuracy: 0.931 - F1: 0.862

Saving model with new best validation loss: 33.005

=== EPOCH 51/149 ===
Learning Rate = 0.00064

TRAIN losses
Total Loss  |Smoke Loss  |Fire Loss   
------------ ------------ ------------
40.641      |25.773      |14.868      


VAL losses
Total Loss  |Smoke Loss  |Fire Loss   
------------ ------------ ------------
33.732      |21.737      |11.995      

VAL Metrics
SMOKE -> Precision: 0.822 - Recall: 0.844 - Accuracy: 0.837 - F1: 0.833
FIRE -> Precision: 0.872 - Recall: 0.850 - Accuracy: 0.929 - F1: 0.861

=== EPOCH 52/149 ===
Learning Rate = 0.00064

TRAIN losses
Total Loss  |Smoke Loss  |Fire Loss   
------------ ------------ ------------
40.855      |25.837      |15.018      


VAL losses
Total Loss  |Smoke Loss  |Fire Loss   
------------ ------------ ------------
32.767      |21.061      |11.706      

VAL Metrics
SMOKE -> Precision: 0.855 - Recall: 0.786 - Accuracy: 0.833 - F1: 0.819
FIRE -> Precision: 0.904 - Recall: 0.835 - Accuracy: 0.934 - F1: 0.868

Saving model with new best validation loss: 32.767

=== EPOCH 53/149 ===
Learning Rate = 0.00064

TRAIN losses
Total Loss  |Smoke Loss  |Fire Loss   
------------ ------------ ------------
40.457      |25.585      |14.872      


VAL losses
Total Loss  |Smoke Loss  |Fire Loss   
------------ ------------ ------------
33.184      |21.165      |12.019      

VAL Metrics
SMOKE -> Precision: 0.841 - Recall: 0.777 - Accuracy: 0.822 - F1: 0.807
FIRE -> Precision: 0.889 - Recall: 0.824 - Accuracy: 0.928 - F1: 0.856

=== EPOCH 54/149 ===
Learning Rate = 0.00064

TRAIN losses
Total Loss  |Smoke Loss  |Fire Loss   
------------ ------------ ------------
40.869      |25.919      |14.950      


VAL losses
Total Loss  |Smoke Loss  |Fire Loss   
------------ ------------ ------------
33.071      |21.273      |11.798      

VAL Metrics
SMOKE -> Precision: 0.823 - Recall: 0.827 - Accuracy: 0.831 - F1: 0.825
FIRE -> Precision: 0.847 - Recall: 0.877 - Accuracy: 0.927 - F1: 0.862

=== EPOCH 55/149 ===
Learning Rate = 0.00064

TRAIN losses
Total Loss  |Smoke Loss  |Fire Loss   
------------ ------------ ------------
40.432      |25.631      |14.801      


VAL losses
Total Loss  |Smoke Loss  |Fire Loss   
------------ ------------ ------------
32.776      |21.411      |11.365      

VAL Metrics
SMOKE -> Precision: 0.811 - Recall: 0.853 - Accuracy: 0.833 - F1: 0.831
FIRE -> Precision: 0.882 - Recall: 0.859 - Accuracy: 0.934 - F1: 0.870

=== EPOCH 56/149 ===
Learning Rate = 0.0005120000000000001

TRAIN losses
Total Loss  |Smoke Loss  |Fire Loss   
------------ ------------ ------------
40.462      |25.583      |14.879      


VAL losses
Total Loss  |Smoke Loss  |Fire Loss   
------------ ------------ ------------
32.993      |20.988      |12.005      

VAL Metrics
SMOKE -> Precision: 0.877 - Recall: 0.703 - Accuracy: 0.810 - F1: 0.781
FIRE -> Precision: 0.925 - Recall: 0.777 - Accuracy: 0.926 - F1: 0.845

=== EPOCH 57/149 ===
Learning Rate = 0.0005120000000000001

TRAIN losses
Total Loss  |Smoke Loss  |Fire Loss   
------------ ------------ ------------
40.066      |25.355      |14.712      


VAL losses
Total Loss  |Smoke Loss  |Fire Loss   
------------ ------------ ------------
31.868      |20.459      |11.409      

VAL Metrics
SMOKE -> Precision: 0.838 - Recall: 0.809 - Accuracy: 0.833 - F1: 0.823
FIRE -> Precision: 0.870 - Recall: 0.869 - Accuracy: 0.933 - F1: 0.870

Saving model with new best validation loss: 31.868

=== EPOCH 58/149 ===
Learning Rate = 0.0005120000000000001

TRAIN losses
Total Loss  |Smoke Loss  |Fire Loss   
------------ ------------ ------------
40.080      |25.193      |14.887      


VAL losses
Total Loss  |Smoke Loss  |Fire Loss   
------------ ------------ ------------
32.050      |20.576      |11.474      

VAL Metrics
SMOKE -> Precision: 0.840 - Recall: 0.786 - Accuracy: 0.825 - F1: 0.812
FIRE -> Precision: 0.886 - Recall: 0.850 - Accuracy: 0.933 - F1: 0.868

=== EPOCH 59/149 ===
Learning Rate = 0.0005120000000000001

TRAIN losses
Total Loss  |Smoke Loss  |Fire Loss   
------------ ------------ ------------
39.731      |25.099      |14.632      


VAL losses
Total Loss  |Smoke Loss  |Fire Loss   
------------ ------------ ------------
32.264      |20.514      |11.749      

VAL Metrics
SMOKE -> Precision: 0.879 - Recall: 0.731 - Accuracy: 0.823 - F1: 0.799
FIRE -> Precision: 0.928 - Recall: 0.794 - Accuracy: 0.931 - F1: 0.856

=== EPOCH 60/149 ===
Learning Rate = 0.0005120000000000001

TRAIN losses
Total Loss  |Smoke Loss  |Fire Loss   
------------ ------------ ------------
39.844      |25.262      |14.583      


VAL losses
Total Loss  |Smoke Loss  |Fire Loss   
------------ ------------ ------------
32.744      |21.207      |11.537      

VAL Metrics
SMOKE -> Precision: 0.806 - Recall: 0.854 - Accuracy: 0.831 - F1: 0.829
FIRE -> Precision: 0.861 - Recall: 0.874 - Accuracy: 0.931 - F1: 0.868

=== EPOCH 61/149 ===
Learning Rate = 0.0004096000000000001

TRAIN losses
Total Loss  |Smoke Loss  |Fire Loss   
------------ ------------ ------------
39.573      |25.160      |14.413      


VAL losses
Total Loss  |Smoke Loss  |Fire Loss   
------------ ------------ ------------
31.338      |20.131      |11.207      

VAL Metrics
SMOKE -> Precision: 0.840 - Recall: 0.812 - Accuracy: 0.835 - F1: 0.826
FIRE -> Precision: 0.891 - Recall: 0.851 - Accuracy: 0.934 - F1: 0.871

Saving model with new best validation loss: 31.338

=== EPOCH 62/149 ===
Learning Rate = 0.0004096000000000001

TRAIN losses
Total Loss  |Smoke Loss  |Fire Loss   
------------ ------------ ------------
39.630      |25.170      |14.461      


VAL losses
Total Loss  |Smoke Loss  |Fire Loss   
------------ ------------ ------------
31.756      |20.471      |11.285      

VAL Metrics
SMOKE -> Precision: 0.864 - Recall: 0.730 - Accuracy: 0.815 - F1: 0.791
FIRE -> Precision: 0.895 - Recall: 0.849 - Accuracy: 0.935 - F1: 0.871

=== EPOCH 63/149 ===
Learning Rate = 0.0004096000000000001

TRAIN losses
Total Loss  |Smoke Loss  |Fire Loss   
------------ ------------ ------------
39.123      |24.944      |14.179      


VAL losses
Total Loss  |Smoke Loss  |Fire Loss   
------------ ------------ ------------
31.435      |20.162      |11.273      

VAL Metrics
SMOKE -> Precision: 0.852 - Recall: 0.792 - Accuracy: 0.834 - F1: 0.821
FIRE -> Precision: 0.915 - Recall: 0.825 - Accuracy: 0.935 - F1: 0.868

=== EPOCH 64/149 ===
Learning Rate = 0.0004096000000000001

TRAIN losses
Total Loss  |Smoke Loss  |Fire Loss   
------------ ------------ ------------
39.252      |25.189      |14.063      


VAL losses
Total Loss  |Smoke Loss  |Fire Loss   
------------ ------------ ------------
31.343      |20.080      |11.263      

VAL Metrics
SMOKE -> Precision: 0.875 - Recall: 0.748 - Accuracy: 0.827 - F1: 0.807
FIRE -> Precision: 0.887 - Recall: 0.843 - Accuracy: 0.932 - F1: 0.865

=== EPOCH 65/149 ===
Learning Rate = 0.0003276800000000001

TRAIN losses
Total Loss  |Smoke Loss  |Fire Loss   
------------ ------------ ------------
39.278      |24.753      |14.526      


VAL losses
Total Loss  |Smoke Loss  |Fire Loss   
------------ ------------ ------------
31.300      |20.092      |11.208      

VAL Metrics
SMOKE -> Precision: 0.872 - Recall: 0.738 - Accuracy: 0.822 - F1: 0.799
FIRE -> Precision: 0.901 - Recall: 0.839 - Accuracy: 0.934 - F1: 0.869

Saving model with new best validation loss: 31.300

=== EPOCH 66/149 ===
Learning Rate = 0.0003276800000000001

TRAIN losses
Total Loss  |Smoke Loss  |Fire Loss   
------------ ------------ ------------
38.865      |24.727      |14.138      


VAL losses
Total Loss  |Smoke Loss  |Fire Loss   
------------ ------------ ------------
31.311      |19.949      |11.363      

VAL Metrics
SMOKE -> Precision: 0.840 - Recall: 0.818 - Accuracy: 0.837 - F1: 0.829
FIRE -> Precision: 0.883 - Recall: 0.853 - Accuracy: 0.933 - F1: 0.868

=== EPOCH 67/149 ===
Learning Rate = 0.0003276800000000001

TRAIN losses
Total Loss  |Smoke Loss  |Fire Loss   
------------ ------------ ------------
39.159      |25.077      |14.083      


VAL losses
Total Loss  |Smoke Loss  |Fire Loss   
------------ ------------ ------------
31.673      |20.230      |11.442      

VAL Metrics
SMOKE -> Precision: 0.846 - Recall: 0.791 - Accuracy: 0.830 - F1: 0.818
FIRE -> Precision: 0.903 - Recall: 0.832 - Accuracy: 0.934 - F1: 0.866

=== EPOCH 68/149 ===
Learning Rate = 0.0003276800000000001

TRAIN losses
Total Loss  |Smoke Loss  |Fire Loss   
------------ ------------ ------------
38.827      |24.530      |14.297      


VAL losses
Total Loss  |Smoke Loss  |Fire Loss   
------------ ------------ ------------
30.955      |19.882      |11.073      

VAL Metrics
SMOKE -> Precision: 0.845 - Recall: 0.803 - Accuracy: 0.834 - F1: 0.823
FIRE -> Precision: 0.894 - Recall: 0.846 - Accuracy: 0.934 - F1: 0.869

Saving model with new best validation loss: 30.955

=== EPOCH 69/149 ===
Learning Rate = 0.0003276800000000001

TRAIN losses
Total Loss  |Smoke Loss  |Fire Loss   
------------ ------------ ------------
38.507      |24.390      |14.117      


VAL losses
Total Loss  |Smoke Loss  |Fire Loss   
------------ ------------ ------------
30.934      |19.910      |11.025      

VAL Metrics
SMOKE -> Precision: 0.838 - Recall: 0.835 - Accuracy: 0.843 - F1: 0.836
FIRE -> Precision: 0.895 - Recall: 0.849 - Accuracy: 0.935 - F1: 0.871

Saving model with new best validation loss: 30.934

=== EPOCH 70/149 ===
Learning Rate = 0.0003276800000000001

TRAIN losses
Total Loss  |Smoke Loss  |Fire Loss   
------------ ------------ ------------
38.679      |24.593      |14.086      


VAL losses
Total Loss  |Smoke Loss  |Fire Loss   
------------ ------------ ------------
32.678      |20.577      |12.101      

VAL Metrics
SMOKE -> Precision: 0.870 - Recall: 0.734 - Accuracy: 0.819 - F1: 0.796
FIRE -> Precision: 0.928 - Recall: 0.792 - Accuracy: 0.930 - F1: 0.855

=== EPOCH 71/149 ===
Learning Rate = 0.0003276800000000001

TRAIN losses
Total Loss  |Smoke Loss  |Fire Loss   
------------ ------------ ------------
38.686      |24.448      |14.238      


VAL losses
Total Loss  |Smoke Loss  |Fire Loss   
------------ ------------ ------------
30.820      |19.646      |11.175      

VAL Metrics
SMOKE -> Precision: 0.859 - Recall: 0.798 - Accuracy: 0.840 - F1: 0.827
FIRE -> Precision: 0.912 - Recall: 0.835 - Accuracy: 0.937 - F1: 0.872

Saving model with new best validation loss: 30.820

=== EPOCH 72/149 ===
Learning Rate = 0.0003276800000000001

TRAIN losses
Total Loss  |Smoke Loss  |Fire Loss   
------------ ------------ ------------
38.621      |24.572      |14.049      


VAL losses
Total Loss  |Smoke Loss  |Fire Loss   
------------ ------------ ------------
31.281      |20.057      |11.225      

VAL Metrics
SMOKE -> Precision: 0.845 - Recall: 0.810 - Accuracy: 0.837 - F1: 0.827
FIRE -> Precision: 0.860 - Recall: 0.877 - Accuracy: 0.931 - F1: 0.868

=== EPOCH 73/149 ===
Learning Rate = 0.0003276800000000001

TRAIN losses
Total Loss  |Smoke Loss  |Fire Loss   
------------ ------------ ------------
38.939      |24.635      |14.304      


VAL losses
Total Loss  |Smoke Loss  |Fire Loss   
------------ ------------ ------------
31.348      |19.871      |11.477      

VAL Metrics
SMOKE -> Precision: 0.859 - Recall: 0.776 - Accuracy: 0.831 - F1: 0.815
FIRE -> Precision: 0.905 - Recall: 0.832 - Accuracy: 0.934 - F1: 0.867

=== EPOCH 74/149 ===
Learning Rate = 0.0003276800000000001

TRAIN losses
Total Loss  |Smoke Loss  |Fire Loss   
------------ ------------ ------------
38.628      |24.595      |14.033      


VAL losses
Total Loss  |Smoke Loss  |Fire Loss   
------------ ------------ ------------
31.400      |20.023      |11.377      

VAL Metrics
SMOKE -> Precision: 0.873 - Recall: 0.748 - Accuracy: 0.827 - F1: 0.806
FIRE -> Precision: 0.919 - Recall: 0.807 - Accuracy: 0.932 - F1: 0.859

=== EPOCH 75/149 ===
Learning Rate = 0.0002621440000000001

TRAIN losses
Total Loss  |Smoke Loss  |Fire Loss   
------------ ------------ ------------
38.349      |24.308      |14.041      


VAL losses
Total Loss  |Smoke Loss  |Fire Loss   
------------ ------------ ------------
30.954      |19.705      |11.250      

VAL Metrics
SMOKE -> Precision: 0.848 - Recall: 0.814 - Accuracy: 0.841 - F1: 0.831
FIRE -> Precision: 0.898 - Recall: 0.843 - Accuracy: 0.935 - F1: 0.870

=== EPOCH 76/149 ===
Learning Rate = 0.0002621440000000001

TRAIN losses
Total Loss  |Smoke Loss  |Fire Loss   
------------ ------------ ------------
38.402      |24.201      |14.201      


VAL losses
Total Loss  |Smoke Loss  |Fire Loss   
------------ ------------ ------------
30.742      |19.830      |10.912      

VAL Metrics
SMOKE -> Precision: 0.834 - Recall: 0.850 - Accuracy: 0.846 - F1: 0.842
FIRE -> Precision: 0.879 - Recall: 0.867 - Accuracy: 0.934 - F1: 0.873

Saving model with new best validation loss: 30.742

=== EPOCH 77/149 ===
Learning Rate = 0.0002621440000000001

TRAIN losses
Total Loss  |Smoke Loss  |Fire Loss   
------------ ------------ ------------
38.612      |24.404      |14.208      


VAL losses
Total Loss  |Smoke Loss  |Fire Loss   
------------ ------------ ------------
30.936      |19.866      |11.070      

VAL Metrics
SMOKE -> Precision: 0.867 - Recall: 0.768 - Accuracy: 0.832 - F1: 0.815
FIRE -> Precision: 0.911 - Recall: 0.830 - Accuracy: 0.935 - F1: 0.868

=== EPOCH 78/149 ===
Learning Rate = 0.0002621440000000001

TRAIN losses
Total Loss  |Smoke Loss  |Fire Loss   
------------ ------------ ------------
38.353      |24.385      |13.968      


VAL losses
Total Loss  |Smoke Loss  |Fire Loss   
------------ ------------ ------------
30.611      |19.504      |11.106      

VAL Metrics
SMOKE -> Precision: 0.860 - Recall: 0.795 - Accuracy: 0.839 - F1: 0.826
FIRE -> Precision: 0.905 - Recall: 0.847 - Accuracy: 0.937 - F1: 0.875

Saving model with new best validation loss: 30.611

=== EPOCH 79/149 ===
Learning Rate = 0.0002621440000000001

TRAIN losses
Total Loss  |Smoke Loss  |Fire Loss   
------------ ------------ ------------
38.022      |24.175      |13.847      


VAL losses
Total Loss  |Smoke Loss  |Fire Loss   
------------ ------------ ------------
30.607      |19.462      |11.146      

VAL Metrics
SMOKE -> Precision: 0.862 - Recall: 0.799 - Accuracy: 0.842 - F1: 0.829
FIRE -> Precision: 0.906 - Recall: 0.840 - Accuracy: 0.936 - F1: 0.871

Saving model with new best validation loss: 30.607

=== EPOCH 80/149 ===
Learning Rate = 0.0002621440000000001

TRAIN losses
Total Loss  |Smoke Loss  |Fire Loss   
------------ ------------ ------------
38.148      |24.317      |13.831      


VAL losses
Total Loss  |Smoke Loss  |Fire Loss   
------------ ------------ ------------
30.710      |19.628      |11.082      

VAL Metrics
SMOKE -> Precision: 0.867 - Recall: 0.759 - Accuracy: 0.828 - F1: 0.810
FIRE -> Precision: 0.907 - Recall: 0.833 - Accuracy: 0.935 - F1: 0.869

=== EPOCH 81/149 ===
Learning Rate = 0.0002621440000000001

TRAIN losses
Total Loss  |Smoke Loss  |Fire Loss   
------------ ------------ ------------
38.363      |24.332      |14.031      


VAL losses
Total Loss  |Smoke Loss  |Fire Loss   
------------ ------------ ------------
30.706      |19.434      |11.272      

VAL Metrics
SMOKE -> Precision: 0.869 - Recall: 0.776 - Accuracy: 0.836 - F1: 0.820
FIRE -> Precision: 0.903 - Recall: 0.828 - Accuracy: 0.932 - F1: 0.864

=== EPOCH 82/149 ===
Learning Rate = 0.0002621440000000001

TRAIN losses
Total Loss  |Smoke Loss  |Fire Loss   
------------ ------------ ------------
38.175      |24.199      |13.976      


VAL losses
Total Loss  |Smoke Loss  |Fire Loss   
------------ ------------ ------------
30.603      |19.497      |11.106      

VAL Metrics
SMOKE -> Precision: 0.865 - Recall: 0.769 - Accuracy: 0.831 - F1: 0.814
FIRE -> Precision: 0.892 - Recall: 0.850 - Accuracy: 0.934 - F1: 0.870

Saving model with new best validation loss: 30.603

=== EPOCH 83/149 ===
Learning Rate = 0.0002621440000000001

TRAIN losses
Total Loss  |Smoke Loss  |Fire Loss   
------------ ------------ ------------
38.257      |24.282      |13.975      


VAL losses
Total Loss  |Smoke Loss  |Fire Loss   
------------ ------------ ------------
30.496      |19.482      |11.015      

VAL Metrics
SMOKE -> Precision: 0.838 - Recall: 0.843 - Accuracy: 0.846 - F1: 0.841
FIRE -> Precision: 0.856 - Recall: 0.882 - Accuracy: 0.931 - F1: 0.869

Saving model with new best validation loss: 30.496

=== EPOCH 84/149 ===
Learning Rate = 0.0002621440000000001

TRAIN losses
Total Loss  |Smoke Loss  |Fire Loss   
------------ ------------ ------------
37.938      |24.213      |13.725      


VAL losses
Total Loss  |Smoke Loss  |Fire Loss   
------------ ------------ ------------
30.633      |19.382      |11.251      

VAL Metrics
SMOKE -> Precision: 0.861 - Recall: 0.794 - Accuracy: 0.839 - F1: 0.826
FIRE -> Precision: 0.918 - Recall: 0.819 - Accuracy: 0.934 - F1: 0.866

=== EPOCH 85/149 ===
Learning Rate = 0.0002621440000000001

TRAIN losses
Total Loss  |Smoke Loss  |Fire Loss   
------------ ------------ ------------
37.929      |24.071      |13.858      


VAL losses
Total Loss  |Smoke Loss  |Fire Loss   
------------ ------------ ------------
31.172      |19.534      |11.638      

VAL Metrics
SMOKE -> Precision: 0.876 - Recall: 0.746 - Accuracy: 0.827 - F1: 0.806
FIRE -> Precision: 0.922 - Recall: 0.794 - Accuracy: 0.929 - F1: 0.853

=== EPOCH 86/149 ===
Learning Rate = 0.0002621440000000001

TRAIN losses
Total Loss  |Smoke Loss  |Fire Loss   
------------ ------------ ------------
38.067      |24.140      |13.927      


VAL losses
Total Loss  |Smoke Loss  |Fire Loss   
------------ ------------ ------------
31.127      |19.495      |11.632      

VAL Metrics
SMOKE -> Precision: 0.878 - Recall: 0.766 - Accuracy: 0.836 - F1: 0.818
FIRE -> Precision: 0.923 - Recall: 0.806 - Accuracy: 0.932 - F1: 0.861

=== EPOCH 87/149 ===
Learning Rate = 0.00020971520000000012

TRAIN losses
Total Loss  |Smoke Loss  |Fire Loss   
------------ ------------ ------------
37.436      |23.816      |13.620      


VAL losses
Total Loss  |Smoke Loss  |Fire Loss   
------------ ------------ ------------
30.232      |19.005      |11.227      

VAL Metrics
SMOKE -> Precision: 0.865 - Recall: 0.795 - Accuracy: 0.841 - F1: 0.828
FIRE -> Precision: 0.915 - Recall: 0.830 - Accuracy: 0.936 - F1: 0.870

Saving model with new best validation loss: 30.232

=== EPOCH 88/149 ===
Learning Rate = 0.00020971520000000012

TRAIN losses
Total Loss  |Smoke Loss  |Fire Loss   
------------ ------------ ------------
38.495      |24.541      |13.954      


VAL losses
Total Loss  |Smoke Loss  |Fire Loss   
------------ ------------ ------------
29.975      |19.241      |10.734      

VAL Metrics
SMOKE -> Precision: 0.864 - Recall: 0.798 - Accuracy: 0.842 - F1: 0.830
FIRE -> Precision: 0.902 - Recall: 0.850 - Accuracy: 0.938 - F1: 0.876

Saving model with new best validation loss: 29.975

=== EPOCH 89/149 ===
Learning Rate = 0.00020971520000000012

TRAIN losses
Total Loss  |Smoke Loss  |Fire Loss   
------------ ------------ ------------
37.753      |24.075      |13.678      


VAL losses
Total Loss  |Smoke Loss  |Fire Loss   
------------ ------------ ------------
30.923      |19.569      |11.354      

VAL Metrics
SMOKE -> Precision: 0.865 - Recall: 0.780 - Accuracy: 0.836 - F1: 0.820
FIRE -> Precision: 0.896 - Recall: 0.844 - Accuracy: 0.934 - F1: 0.869

=== EPOCH 90/149 ===
Learning Rate = 0.00020971520000000012

TRAIN losses
Total Loss  |Smoke Loss  |Fire Loss   
------------ ------------ ------------
37.907      |24.002      |13.905      


VAL losses
Total Loss  |Smoke Loss  |Fire Loss   
------------ ------------ ------------
30.002      |19.236      |10.766      

VAL Metrics
SMOKE -> Precision: 0.880 - Recall: 0.762 - Accuracy: 0.836 - F1: 0.817
FIRE -> Precision: 0.899 - Recall: 0.850 - Accuracy: 0.937 - F1: 0.874

=== EPOCH 91/149 ===
Learning Rate = 0.00020971520000000012

TRAIN losses
Total Loss  |Smoke Loss  |Fire Loss   
------------ ------------ ------------
37.724      |23.926      |13.798      


VAL losses
Total Loss  |Smoke Loss  |Fire Loss   
------------ ------------ ------------
30.083      |19.017      |11.066      

VAL Metrics
SMOKE -> Precision: 0.870 - Recall: 0.798 - Accuracy: 0.846 - F1: 0.833
FIRE -> Precision: 0.918 - Recall: 0.826 - Accuracy: 0.936 - F1: 0.870

=== EPOCH 92/149 ===
Learning Rate = 0.0001677721600000001

TRAIN losses
Total Loss  |Smoke Loss  |Fire Loss   
------------ ------------ ------------
37.224      |23.569      |13.655      


VAL losses
Total Loss  |Smoke Loss  |Fire Loss   
------------ ------------ ------------
29.873      |19.137      |10.736      

VAL Metrics
SMOKE -> Precision: 0.857 - Recall: 0.821 - Accuracy: 0.848 - F1: 0.839
FIRE -> Precision: 0.895 - Recall: 0.853 - Accuracy: 0.936 - F1: 0.874

Saving model with new best validation loss: 29.873

=== EPOCH 93/149 ===
Learning Rate = 0.0001677721600000001

TRAIN losses
Total Loss  |Smoke Loss  |Fire Loss   
------------ ------------ ------------
37.836      |24.010      |13.826      


VAL losses
Total Loss  |Smoke Loss  |Fire Loss   
------------ ------------ ------------
29.982      |18.933      |11.049      

VAL Metrics
SMOKE -> Precision: 0.873 - Recall: 0.786 - Accuracy: 0.842 - F1: 0.827
FIRE -> Precision: 0.908 - Recall: 0.836 - Accuracy: 0.936 - F1: 0.871

=== EPOCH 94/149 ===
Learning Rate = 0.0001677721600000001

TRAIN losses
Total Loss  |Smoke Loss  |Fire Loss   
------------ ------------ ------------
37.686      |23.876      |13.810      


VAL losses
Total Loss  |Smoke Loss  |Fire Loss   
------------ ------------ ------------
30.271      |19.255      |11.016      

VAL Metrics
SMOKE -> Precision: 0.865 - Recall: 0.770 - Accuracy: 0.831 - F1: 0.815
FIRE -> Precision: 0.907 - Recall: 0.841 - Accuracy: 0.936 - F1: 0.872

=== EPOCH 95/149 ===
Learning Rate = 0.0001677721600000001

TRAIN losses
Total Loss  |Smoke Loss  |Fire Loss   
------------ ------------ ------------
37.486      |23.902      |13.583      


VAL losses
Total Loss  |Smoke Loss  |Fire Loss   
------------ ------------ ------------
30.333      |19.417      |10.916      

VAL Metrics
SMOKE -> Precision: 0.878 - Recall: 0.751 - Accuracy: 0.830 - F1: 0.809
FIRE -> Precision: 0.888 - Recall: 0.855 - Accuracy: 0.934 - F1: 0.871

=== EPOCH 96/149 ===
Learning Rate = 0.00013421772800000008

TRAIN losses
Total Loss  |Smoke Loss  |Fire Loss   
------------ ------------ ------------
37.359      |23.837      |13.523      


VAL losses
Total Loss  |Smoke Loss  |Fire Loss   
------------ ------------ ------------
29.695      |18.906      |10.789      

VAL Metrics
SMOKE -> Precision: 0.861 - Recall: 0.811 - Accuracy: 0.846 - F1: 0.835
FIRE -> Precision: 0.909 - Recall: 0.841 - Accuracy: 0.937 - F1: 0.874

Saving model with new best validation loss: 29.695

=== EPOCH 97/149 ===
Learning Rate = 0.00013421772800000008

TRAIN losses
Total Loss  |Smoke Loss  |Fire Loss   
------------ ------------ ------------
37.446      |23.920      |13.526      


VAL losses
Total Loss  |Smoke Loss  |Fire Loss   
------------ ------------ ------------
30.372      |19.263      |11.110      

VAL Metrics
SMOKE -> Precision: 0.872 - Recall: 0.760 - Accuracy: 0.831 - F1: 0.812
FIRE -> Precision: 0.922 - Recall: 0.814 - Accuracy: 0.934 - F1: 0.865

=== EPOCH 98/149 ===
Learning Rate = 0.00013421772800000008

TRAIN losses
Total Loss  |Smoke Loss  |Fire Loss   
------------ ------------ ------------
37.218      |23.712      |13.505      


VAL losses
Total Loss  |Smoke Loss  |Fire Loss   
------------ ------------ ------------
30.043      |19.124      |10.920      

VAL Metrics
SMOKE -> Precision: 0.863 - Recall: 0.799 - Accuracy: 0.842 - F1: 0.830
FIRE -> Precision: 0.904 - Recall: 0.849 - Accuracy: 0.938 - F1: 0.875

=== EPOCH 99/149 ===
Learning Rate = 0.00013421772800000008

TRAIN losses
Total Loss  |Smoke Loss  |Fire Loss   
------------ ------------ ------------
37.378      |23.790      |13.588      


VAL losses
Total Loss  |Smoke Loss  |Fire Loss   
------------ ------------ ------------
30.238      |19.129      |11.109      

VAL Metrics
SMOKE -> Precision: 0.879 - Recall: 0.773 - Accuracy: 0.840 - F1: 0.823
FIRE -> Precision: 0.913 - Recall: 0.827 - Accuracy: 0.935 - F1: 0.868

=== EPOCH 100/149 ===
Learning Rate = 0.00010737418240000007

TRAIN losses
Total Loss  |Smoke Loss  |Fire Loss   
------------ ------------ ------------
37.376      |23.899      |13.477      


VAL losses
Total Loss  |Smoke Loss  |Fire Loss   
------------ ------------ ------------
29.681      |18.918      |10.763      

VAL Metrics
SMOKE -> Precision: 0.863 - Recall: 0.806 - Accuracy: 0.845 - F1: 0.833
FIRE -> Precision: 0.907 - Recall: 0.848 - Accuracy: 0.938 - F1: 0.876

Saving model with new best validation loss: 29.681

=== EPOCH 101/149 ===
Learning Rate = 0.00010737418240000007

TRAIN losses
Total Loss  |Smoke Loss  |Fire Loss   
------------ ------------ ------------
37.223      |23.685      |13.538      


VAL losses
Total Loss  |Smoke Loss  |Fire Loss   
------------ ------------ ------------
29.823      |18.850      |10.974      

VAL Metrics
SMOKE -> Precision: 0.869 - Recall: 0.793 - Accuracy: 0.843 - F1: 0.829
FIRE -> Precision: 0.912 - Recall: 0.842 - Accuracy: 0.938 - F1: 0.876

=== EPOCH 102/149 ===
Learning Rate = 0.00010737418240000007

TRAIN losses
Total Loss  |Smoke Loss  |Fire Loss   
------------ ------------ ------------
37.198      |23.612      |13.585      


VAL losses
Total Loss  |Smoke Loss  |Fire Loss   
------------ ------------ ------------
29.715      |18.955      |10.760      

VAL Metrics
SMOKE -> Precision: 0.848 - Recall: 0.831 - Accuracy: 0.847 - F1: 0.840
FIRE -> Precision: 0.900 - Recall: 0.853 - Accuracy: 0.938 - F1: 0.876

=== EPOCH 103/149 ===
Learning Rate = 0.00010737418240000007

TRAIN losses
Total Loss  |Smoke Loss  |Fire Loss   
------------ ------------ ------------
37.083      |23.477      |13.606      


VAL losses
Total Loss  |Smoke Loss  |Fire Loss   
------------ ------------ ------------
29.479      |18.818      |10.661      

VAL Metrics
SMOKE -> Precision: 0.866 - Recall: 0.807 - Accuracy: 0.847 - F1: 0.836
FIRE -> Precision: 0.898 - Recall: 0.852 - Accuracy: 0.937 - F1: 0.874

Saving model with new best validation loss: 29.479

=== EPOCH 104/149 ===
Learning Rate = 0.00010737418240000007

TRAIN losses
Total Loss  |Smoke Loss  |Fire Loss   
------------ ------------ ------------
37.141      |23.489      |13.653      


VAL losses
Total Loss  |Smoke Loss  |Fire Loss   
------------ ------------ ------------
29.619      |18.855      |10.765      

VAL Metrics
SMOKE -> Precision: 0.870 - Recall: 0.792 - Accuracy: 0.843 - F1: 0.829
FIRE -> Precision: 0.903 - Recall: 0.847 - Accuracy: 0.937 - F1: 0.874

=== EPOCH 105/149 ===
Learning Rate = 0.00010737418240000007

TRAIN losses
Total Loss  |Smoke Loss  |Fire Loss   
------------ ------------ ------------
36.838      |23.529      |13.309      


VAL losses
Total Loss  |Smoke Loss  |Fire Loss   
------------ ------------ ------------
29.435      |18.731      |10.704      

VAL Metrics
SMOKE -> Precision: 0.859 - Recall: 0.820 - Accuracy: 0.849 - F1: 0.839
FIRE -> Precision: 0.886 - Recall: 0.868 - Accuracy: 0.937 - F1: 0.877

Saving model with new best validation loss: 29.435

=== EPOCH 106/149 ===
Learning Rate = 0.00010737418240000007

TRAIN losses
Total Loss  |Smoke Loss  |Fire Loss   
------------ ------------ ------------
36.604      |23.409      |13.195      


VAL losses
Total Loss  |Smoke Loss  |Fire Loss   
------------ ------------ ------------
29.620      |18.784      |10.835      

VAL Metrics
SMOKE -> Precision: 0.870 - Recall: 0.793 - Accuracy: 0.844 - F1: 0.830
FIRE -> Precision: 0.905 - Recall: 0.839 - Accuracy: 0.935 - F1: 0.871

=== EPOCH 107/149 ===
Learning Rate = 0.00010737418240000007

TRAIN losses
Total Loss  |Smoke Loss  |Fire Loss   
------------ ------------ ------------
36.929      |23.401      |13.529      


VAL losses
Total Loss  |Smoke Loss  |Fire Loss   
------------ ------------ ------------
29.898      |18.887      |11.011      

VAL Metrics
SMOKE -> Precision: 0.877 - Recall: 0.782 - Accuracy: 0.842 - F1: 0.827
FIRE -> Precision: 0.917 - Recall: 0.837 - Accuracy: 0.938 - F1: 0.875

=== EPOCH 108/149 ===
Learning Rate = 0.00010737418240000007

TRAIN losses
Total Loss  |Smoke Loss  |Fire Loss   
------------ ------------ ------------
36.763      |23.452      |13.310      


VAL losses
Total Loss  |Smoke Loss  |Fire Loss   
------------ ------------ ------------
29.802      |18.983      |10.819      

VAL Metrics
SMOKE -> Precision: 0.882 - Recall: 0.761 - Accuracy: 0.836 - F1: 0.817
FIRE -> Precision: 0.910 - Recall: 0.838 - Accuracy: 0.937 - F1: 0.872

=== EPOCH 109/149 ===
Learning Rate = 8.589934592000007e-05

TRAIN losses
Total Loss  |Smoke Loss  |Fire Loss   
------------ ------------ ------------
37.002      |23.647      |13.355      


VAL losses
Total Loss  |Smoke Loss  |Fire Loss   
------------ ------------ ------------
29.664      |18.937      |10.727      

VAL Metrics
SMOKE -> Precision: 0.878 - Recall: 0.771 - Accuracy: 0.838 - F1: 0.821
FIRE -> Precision: 0.904 - Recall: 0.844 - Accuracy: 0.937 - F1: 0.873

=== EPOCH 110/149 ===
Learning Rate = 8.589934592000007e-05

TRAIN losses
Total Loss  |Smoke Loss  |Fire Loss   
------------ ------------ ------------
37.054      |23.348      |13.706      


VAL losses
Total Loss  |Smoke Loss  |Fire Loss   
------------ ------------ ------------
29.673      |18.888      |10.785      

VAL Metrics
SMOKE -> Precision: 0.873 - Recall: 0.776 - Accuracy: 0.838 - F1: 0.821
FIRE -> Precision: 0.909 - Recall: 0.845 - Accuracy: 0.938 - F1: 0.876

=== EPOCH 111/149 ===
Learning Rate = 8.589934592000007e-05

TRAIN losses
Total Loss  |Smoke Loss  |Fire Loss   
------------ ------------ ------------
37.049      |23.580      |13.469      


VAL losses
Total Loss  |Smoke Loss  |Fire Loss   
------------ ------------ ------------
29.325      |18.740      |10.586      

VAL Metrics
SMOKE -> Precision: 0.869 - Recall: 0.800 - Accuracy: 0.846 - F1: 0.833
FIRE -> Precision: 0.903 - Recall: 0.847 - Accuracy: 0.937 - F1: 0.874

Saving model with new best validation loss: 29.325

=== EPOCH 112/149 ===
Learning Rate = 8.589934592000007e-05

TRAIN losses
Total Loss  |Smoke Loss  |Fire Loss   
------------ ------------ ------------
37.023      |23.541      |13.482      


VAL losses
Total Loss  |Smoke Loss  |Fire Loss   
------------ ------------ ------------
29.411      |18.635      |10.776      

VAL Metrics
SMOKE -> Precision: 0.875 - Recall: 0.789 - Accuracy: 0.844 - F1: 0.830
FIRE -> Precision: 0.913 - Recall: 0.842 - Accuracy: 0.938 - F1: 0.876

=== EPOCH 113/149 ===
Learning Rate = 8.589934592000007e-05

TRAIN losses
Total Loss  |Smoke Loss  |Fire Loss   
------------ ------------ ------------
37.073      |23.436      |13.637      


VAL losses
Total Loss  |Smoke Loss  |Fire Loss   
------------ ------------ ------------
29.581      |18.808      |10.773      

VAL Metrics
SMOKE -> Precision: 0.867 - Recall: 0.790 - Accuracy: 0.841 - F1: 0.827
FIRE -> Precision: 0.901 - Recall: 0.845 - Accuracy: 0.936 - F1: 0.872

=== EPOCH 114/149 ===
Learning Rate = 8.589934592000007e-05
