BED Classifier XS Ultra Tiny. Weighted for Precision.
DFire Removed wrong images: 0
DFire empty images: 31
DFire only smoke images: 17
DFire only fire images: 2
DFire smoke and fire images: 14

TRAIN DFIRE dataset
DFire Removed wrong images: 0
DFire empty images: 7833
DFire only smoke images: 4681
DFire only fire images: 944
DFire smoke and fire images: 3763
Train dataset len: 17221

TEST DFire dataset
DFire Removed wrong images: 0
DFire empty images: 2005
DFire only smoke images: 1186
DFire only fire images: 220
DFire smoke and fire images: 895
Test dataset len: 4306
Using BED Classifier
Model shape is tensor([[-0.2539,  0.3916],
        [-0.1938,  0.3717],
        [-0.1853,  0.4813],
        [-0.2383,  0.4619]], device='cuda:0', grad_fn=<CatBackward0>)
BED Model Arquitecture
BED_CLASSIFIER(
  (model): Sequential(
    (0): Conv2d(3, 64, kernel_size=(3, 3), stride=(1, 1), padding=(1, 1), bias=False)
    (1): BatchNorm2d(64, eps=1e-05, momentum=0.1, affine=False, track_running_stats=True)
    (2): ReLU()
    (3): Dropout2d(p=0.3, inplace=False)
    (4): MaxPool2d(kernel_size=2, stride=2, padding=0, dilation=1, ceil_mode=False)
    (5): Conv2d(64, 24, kernel_size=(3, 3), stride=(1, 1), padding=(1, 1), bias=False)
    (6): BatchNorm2d(24, eps=1e-05, momentum=0.1, affine=False, track_running_stats=True)
    (7): ReLU()
    (8): Dropout2d(p=0.3, inplace=False)
    (9): MaxPool2d(kernel_size=2, stride=2, padding=0, dilation=1, ceil_mode=False)
    (10): Conv2d(24, 16, kernel_size=(1, 1), stride=(1, 1), bias=False)
    (11): BatchNorm2d(16, eps=1e-05, momentum=0.1, affine=False, track_running_stats=True)
    (12): ReLU()
    (13): Conv2d(16, 32, kernel_size=(3, 3), stride=(1, 1), padding=(1, 1), bias=False)
    (14): BatchNorm2d(32, eps=1e-05, momentum=0.1, affine=False, track_running_stats=True)
    (15): ReLU()
    (16): Conv2d(32, 32, kernel_size=(1, 1), stride=(1, 1), bias=False)
    (17): BatchNorm2d(32, eps=1e-05, momentum=0.1, affine=False, track_running_stats=True)
    (18): ReLU()
    (19): Conv2d(32, 64, kernel_size=(3, 3), stride=(1, 1), padding=(1, 1), bias=False)
    (20): BatchNorm2d(64, eps=1e-05, momentum=0.1, affine=False, track_running_stats=True)
    (21): ReLU()
    (22): MaxPool2d(kernel_size=2, stride=2, padding=0, dilation=1, ceil_mode=False)
    (23): Conv2d(64, 32, kernel_size=(1, 1), stride=(1, 1), bias=False)
    (24): BatchNorm2d(32, eps=1e-05, momentum=0.1, affine=False, track_running_stats=True)
    (25): ReLU()
    (26): Conv2d(32, 64, kernel_size=(3, 3), stride=(1, 1), padding=(1, 1), bias=False)
    (27): BatchNorm2d(64, eps=1e-05, momentum=0.1, affine=False, track_running_stats=True)
    (28): ReLU()
    (29): Conv2d(64, 32, kernel_size=(1, 1), stride=(1, 1), bias=False)
    (30): BatchNorm2d(32, eps=1e-05, momentum=0.1, affine=False, track_running_stats=True)
    (31): ReLU()
    (32): Conv2d(32, 64, kernel_size=(3, 3), stride=(1, 1), padding=(1, 1), bias=False)
    (33): BatchNorm2d(64, eps=1e-05, momentum=0.1, affine=False, track_running_stats=True)
    (34): ReLU()
    (35): Conv2d(64, 32, kernel_size=(1, 1), stride=(1, 1), bias=False)
    (36): BatchNorm2d(32, eps=1e-05, momentum=0.1, affine=False, track_running_stats=True)
    (37): ReLU()
    (38): Conv2d(32, 64, kernel_size=(3, 3), stride=(1, 1), padding=(1, 1), bias=False)
    (39): BatchNorm2d(64, eps=1e-05, momentum=0.1, affine=False, track_running_stats=True)
    (40): ReLU()
  )
  (pool): AdaptiveAvgPool2d(output_size=(1, 1))
  (smoke): Sequential(
    (0): Dropout(p=0.2, inplace=False)
    (1): Linear(in_features=64, out_features=16, bias=True)
    (2): ReLU()
    (3): Linear(in_features=16, out_features=1, bias=True)
  )
  (fire): Sequential(
    (0): Dropout(p=0.2, inplace=False)
    (1): Linear(in_features=64, out_features=16, bias=True)
    (2): ReLU()
    (3): Linear(in_features=16, out_features=1, bias=True)
  )
)

Trainable parameters = 103554
Total parameters = 103554

Starting script

Device: cuda
Learning Rate: 0.001
Weight Decay: 0.0001
Batch Size: 64
IMG DIMS: (224, 224)
W: 224
H: 224
Loss Function: BCE
Smoke Precision Weight: 0.7

***Start Training: 18:53:43

Initializing Weights

=== EPOCH 0/74 ===
Learning Rate = 0.001

TRAIN losses
Total Loss  |Smoke Loss  |Fire Loss   
------------ ------------ ------------
67.474      |36.459      |31.015      


VAL losses
Total Loss  |Smoke Loss  |Fire Loss   
------------ ------------ ------------
60.613      |36.147      |24.467      

VAL Metrics
SMOKE -> Precision: 0.000 - Recall: 0.000 - Accuracy: 0.519 - F1: 0.000
FIRE -> Precision: 0.742 - Recall: 0.563 - Accuracy: 0.836 - F1: 0.640

Saving model with new best validation loss: 60.613

=== EPOCH 1/74 ===
Learning Rate = 0.001

TRAIN losses
Total Loss  |Smoke Loss  |Fire Loss   
------------ ------------ ------------
61.780      |35.673      |26.107      


VAL losses
Total Loss  |Smoke Loss  |Fire Loss   
------------ ------------ ------------
57.712      |34.609      |23.102      

VAL Metrics
SMOKE -> Precision: 0.619 - Recall: 0.236 - Accuracy: 0.562 - F1: 0.342
FIRE -> Precision: 0.775 - Recall: 0.635 - Accuracy: 0.858 - F1: 0.698

Saving model with new best validation loss: 57.712

Saving model with new best smoke precision: 0.619

=== EPOCH 2/74 ===
Learning Rate = 0.001

TRAIN losses
Total Loss  |Smoke Loss  |Fire Loss   
------------ ------------ ------------
59.238      |34.650      |24.588      


VAL losses
Total Loss  |Smoke Loss  |Fire Loss   
------------ ------------ ------------
54.980      |33.615      |21.365      

VAL Metrics
SMOKE -> Precision: 0.725 - Recall: 0.476 - Accuracy: 0.661 - F1: 0.575
FIRE -> Precision: 0.759 - Recall: 0.723 - Accuracy: 0.869 - F1: 0.740

Saving model with new best validation loss: 54.980

Saving model with new best smoke precision: 0.725

=== EPOCH 3/74 ===
Learning Rate = 0.001

TRAIN losses
Total Loss  |Smoke Loss  |Fire Loss   
------------ ------------ ------------
56.423      |33.547      |22.876      


VAL losses
Total Loss  |Smoke Loss  |Fire Loss   
------------ ------------ ------------
52.556      |32.338      |20.218      

VAL Metrics
SMOKE -> Precision: 0.789 - Recall: 0.390 - Accuracy: 0.656 - F1: 0.522
FIRE -> Precision: 0.784 - Recall: 0.740 - Accuracy: 0.880 - F1: 0.761

Saving model with new best validation loss: 52.556

Saving model with new best smoke precision: 0.789

=== EPOCH 4/74 ===
Learning Rate = 0.001

TRAIN losses
Total Loss  |Smoke Loss  |Fire Loss   
------------ ------------ ------------
53.997      |32.924      |21.073      


VAL losses
Total Loss  |Smoke Loss  |Fire Loss   
------------ ------------ ------------
47.964      |30.667      |17.296      

VAL Metrics
SMOKE -> Precision: 0.778 - Recall: 0.469 - Accuracy: 0.680 - F1: 0.585
FIRE -> Precision: 0.795 - Recall: 0.766 - Accuracy: 0.888 - F1: 0.780

Saving model with new best validation loss: 47.964

=== EPOCH 5/74 ===
Learning Rate = 0.001

TRAIN losses
Total Loss  |Smoke Loss  |Fire Loss   
------------ ------------ ------------
51.920      |32.250      |19.670      


VAL losses
Total Loss  |Smoke Loss  |Fire Loss   
------------ ------------ ------------
47.504      |30.625      |16.879      

VAL Metrics
SMOKE -> Precision: 0.799 - Recall: 0.404 - Accuracy: 0.664 - F1: 0.537
FIRE -> Precision: 0.816 - Recall: 0.733 - Accuracy: 0.888 - F1: 0.773

Saving model with new best validation loss: 47.504

Saving model with new best smoke precision: 0.799

=== EPOCH 6/74 ===
Learning Rate = 0.001

TRAIN losses
Total Loss  |Smoke Loss  |Fire Loss   
------------ ------------ ------------
49.782      |31.449      |18.333      


VAL losses
Total Loss  |Smoke Loss  |Fire Loss   
------------ ------------ ------------
44.624      |29.348      |15.275      

VAL Metrics
SMOKE -> Precision: 0.780 - Recall: 0.518 - Accuracy: 0.698 - F1: 0.623
FIRE -> Precision: 0.851 - Recall: 0.748 - Accuracy: 0.901 - F1: 0.796

Saving model with new best validation loss: 44.624

=== EPOCH 7/74 ===
Learning Rate = 0.001

TRAIN losses
Total Loss  |Smoke Loss  |Fire Loss   
------------ ------------ ------------
48.487      |30.832      |17.656      


VAL losses
Total Loss  |Smoke Loss  |Fire Loss   
------------ ------------ ------------
43.033      |29.105      |13.928      

VAL Metrics
SMOKE -> Precision: 0.728 - Recall: 0.734 - Accuracy: 0.740 - F1: 0.731
FIRE -> Precision: 0.809 - Recall: 0.870 - Accuracy: 0.913 - F1: 0.839

Saving model with new best validation loss: 43.033

=== EPOCH 8/74 ===
Learning Rate = 0.001

TRAIN losses
Total Loss  |Smoke Loss  |Fire Loss   
------------ ------------ ------------
47.086      |30.132      |16.954      


VAL losses
Total Loss  |Smoke Loss  |Fire Loss   
------------ ------------ ------------
41.111      |27.700      |13.411      

VAL Metrics
SMOKE -> Precision: 0.848 - Recall: 0.447 - Accuracy: 0.695 - F1: 0.585
FIRE -> Precision: 0.903 - Recall: 0.794 - Accuracy: 0.924 - F1: 0.845

Saving model with new best validation loss: 41.111

Saving model with new best smoke precision: 0.848

=== EPOCH 9/74 ===
Learning Rate = 0.001

TRAIN losses
Total Loss  |Smoke Loss  |Fire Loss   
------------ ------------ ------------
45.702      |29.381      |16.321      


VAL losses
Total Loss  |Smoke Loss  |Fire Loss   
------------ ------------ ------------
38.517      |26.243      |12.274      

VAL Metrics
SMOKE -> Precision: 0.792 - Recall: 0.649 - Accuracy: 0.749 - F1: 0.714
FIRE -> Precision: 0.868 - Recall: 0.850 - Accuracy: 0.928 - F1: 0.859

Saving model with new best validation loss: 38.517

=== EPOCH 10/74 ===
Learning Rate = 0.001

TRAIN losses
Total Loss  |Smoke Loss  |Fire Loss   
------------ ------------ ------------
44.594      |29.015      |15.578      


VAL losses
Total Loss  |Smoke Loss  |Fire Loss   
------------ ------------ ------------
37.500      |25.697      |11.803      

VAL Metrics
SMOKE -> Precision: 0.810 - Recall: 0.646 - Accuracy: 0.757 - F1: 0.718
FIRE -> Precision: 0.851 - Recall: 0.890 - Accuracy: 0.931 - F1: 0.870

Saving model with new best validation loss: 37.500

=== EPOCH 11/74 ===
Learning Rate = 0.001

TRAIN losses
Total Loss  |Smoke Loss  |Fire Loss   
------------ ------------ ------------
43.619      |28.589      |15.030      


VAL losses
Total Loss  |Smoke Loss  |Fire Loss   
------------ ------------ ------------
37.007      |25.327      |11.680      

VAL Metrics
SMOKE -> Precision: 0.803 - Recall: 0.720 - Accuracy: 0.781 - F1: 0.760
FIRE -> Precision: 0.864 - Recall: 0.868 - Accuracy: 0.930 - F1: 0.866

Saving model with new best validation loss: 37.007

=== EPOCH 12/74 ===
Learning Rate = 0.001

TRAIN losses
Total Loss  |Smoke Loss  |Fire Loss   
------------ ------------ ------------
42.678      |27.963      |14.715      


VAL losses
Total Loss  |Smoke Loss  |Fire Loss   
------------ ------------ ------------
37.449      |25.363      |12.085      

VAL Metrics
SMOKE -> Precision: 0.745 - Recall: 0.857 - Accuracy: 0.790 - F1: 0.797
FIRE -> Precision: 0.849 - Recall: 0.912 - Accuracy: 0.935 - F1: 0.879

=== EPOCH 13/74 ===
Learning Rate = 0.001

TRAIN losses
Total Loss  |Smoke Loss  |Fire Loss   
------------ ------------ ------------
41.945      |27.490      |14.455      


VAL losses
Total Loss  |Smoke Loss  |Fire Loss   
------------ ------------ ------------
34.744      |23.968      |10.776      

VAL Metrics
SMOKE -> Precision: 0.793 - Recall: 0.795 - Accuracy: 0.802 - F1: 0.794
FIRE -> Precision: 0.885 - Recall: 0.877 - Accuracy: 0.939 - F1: 0.881

Saving model with new best validation loss: 34.744

=== EPOCH 14/74 ===
Learning Rate = 0.001

TRAIN losses
Total Loss  |Smoke Loss  |Fire Loss   
------------ ------------ ------------
41.826      |27.284      |14.542      


VAL losses
Total Loss  |Smoke Loss  |Fire Loss   
------------ ------------ ------------
34.684      |23.307      |11.377      

VAL Metrics
SMOKE -> Precision: 0.857 - Recall: 0.635 - Accuracy: 0.774 - F1: 0.730
FIRE -> Precision: 0.932 - Recall: 0.819 - Accuracy: 0.938 - F1: 0.872

Saving model with new best validation loss: 34.684

Saving model with new best smoke precision: 0.857

=== EPOCH 15/74 ===
Learning Rate = 0.001

TRAIN losses
Total Loss  |Smoke Loss  |Fire Loss   
------------ ------------ ------------
40.497      |26.602      |13.895      


VAL losses
Total Loss  |Smoke Loss  |Fire Loss   
------------ ------------ ------------
32.928      |22.553      |10.375      

VAL Metrics
SMOKE -> Precision: 0.840 - Recall: 0.712 - Accuracy: 0.796 - F1: 0.771
FIRE -> Precision: 0.891 - Recall: 0.877 - Accuracy: 0.940 - F1: 0.884

Saving model with new best validation loss: 32.928

=== EPOCH 16/74 ===
Learning Rate = 0.001

TRAIN losses
Total Loss  |Smoke Loss  |Fire Loss   
------------ ------------ ------------
40.426      |26.420      |14.006      


VAL losses
Total Loss  |Smoke Loss  |Fire Loss   
------------ ------------ ------------
33.570      |22.560      |11.010      

VAL Metrics
SMOKE -> Precision: 0.905 - Recall: 0.585 - Accuracy: 0.771 - F1: 0.711
FIRE -> Precision: 0.938 - Recall: 0.838 - Accuracy: 0.944 - F1: 0.885

Saving model with new best smoke precision: 0.905

=== EPOCH 17/74 ===
Learning Rate = 0.001

TRAIN losses
Total Loss  |Smoke Loss  |Fire Loss   
------------ ------------ ------------
39.697      |26.063      |13.634      


VAL losses
Total Loss  |Smoke Loss  |Fire Loss   
------------ ------------ ------------
33.169      |22.708      |10.461      

VAL Metrics
SMOKE -> Precision: 0.821 - Recall: 0.738 - Accuracy: 0.796 - F1: 0.777
FIRE -> Precision: 0.876 - Recall: 0.900 - Accuracy: 0.941 - F1: 0.888

=== EPOCH 18/74 ===
Learning Rate = 0.001

TRAIN losses
Total Loss  |Smoke Loss  |Fire Loss   
------------ ------------ ------------
39.382      |25.996      |13.386      


VAL losses
Total Loss  |Smoke Loss  |Fire Loss   
------------ ------------ ------------
32.768      |21.901      |10.867      

VAL Metrics
SMOKE -> Precision: 0.874 - Recall: 0.667 - Accuracy: 0.793 - F1: 0.756
FIRE -> Precision: 0.944 - Recall: 0.823 - Accuracy: 0.942 - F1: 0.880

Saving model with new best validation loss: 32.768

=== EPOCH 19/74 ===
Learning Rate = 0.001

TRAIN losses
Total Loss  |Smoke Loss  |Fire Loss   
------------ ------------ ------------
38.962      |25.673      |13.289      


VAL losses
Total Loss  |Smoke Loss  |Fire Loss   
------------ ------------ ------------
32.372      |22.734      |9.638       

VAL Metrics
SMOKE -> Precision: 0.788 - Recall: 0.833 - Accuracy: 0.812 - F1: 0.810
FIRE -> Precision: 0.899 - Recall: 0.900 - Accuracy: 0.948 - F1: 0.900

Saving model with new best validation loss: 32.372

=== EPOCH 20/74 ===
Learning Rate = 0.001

TRAIN losses
Total Loss  |Smoke Loss  |Fire Loss   
------------ ------------ ------------
38.467      |25.395      |13.073      


VAL losses
Total Loss  |Smoke Loss  |Fire Loss   
------------ ------------ ------------
31.144      |21.132      |10.012      

VAL Metrics
SMOKE -> Precision: 0.814 - Recall: 0.835 - Accuracy: 0.829 - F1: 0.824
FIRE -> Precision: 0.864 - Recall: 0.922 - Accuracy: 0.942 - F1: 0.892

Saving model with new best validation loss: 31.144

=== EPOCH 21/74 ===
Learning Rate = 0.001

TRAIN losses
Total Loss  |Smoke Loss  |Fire Loss   
------------ ------------ ------------
38.085      |25.142      |12.943      


VAL losses
Total Loss  |Smoke Loss  |Fire Loss   
------------ ------------ ------------
29.939      |20.422      |9.517       

VAL Metrics
SMOKE -> Precision: 0.841 - Recall: 0.791 - Accuracy: 0.827 - F1: 0.815
FIRE -> Precision: 0.908 - Recall: 0.885 - Accuracy: 0.947 - F1: 0.896

Saving model with new best validation loss: 29.939

=== EPOCH 22/74 ===
Learning Rate = 0.001

TRAIN losses
Total Loss  |Smoke Loss  |Fire Loss   
------------ ------------ ------------
37.679      |24.730      |12.949      


VAL losses
Total Loss  |Smoke Loss  |Fire Loss   
------------ ------------ ------------
32.525      |22.159      |10.366      

VAL Metrics
SMOKE -> Precision: 0.799 - Recall: 0.836 - Accuracy: 0.820 - F1: 0.817
FIRE -> Precision: 0.839 - Recall: 0.932 - Accuracy: 0.936 - F1: 0.883

=== EPOCH 23/74 ===
Learning Rate = 0.001

TRAIN losses
Total Loss  |Smoke Loss  |Fire Loss   
------------ ------------ ------------
37.260      |24.708      |12.551      


VAL losses
Total Loss  |Smoke Loss  |Fire Loss   
------------ ------------ ------------
30.418      |21.089      |9.330       

VAL Metrics
SMOKE -> Precision: 0.804 - Recall: 0.872 - Accuracy: 0.836 - F1: 0.837
FIRE -> Precision: 0.890 - Recall: 0.915 - Accuracy: 0.949 - F1: 0.902

=== EPOCH 24/74 ===
Learning Rate = 0.001

TRAIN losses
Total Loss  |Smoke Loss  |Fire Loss   
------------ ------------ ------------
36.594      |24.155      |12.439      


VAL losses
Total Loss  |Smoke Loss  |Fire Loss   
------------ ------------ ------------
29.351      |19.927      |9.423       

VAL Metrics
SMOKE -> Precision: 0.823 - Recall: 0.843 - Accuracy: 0.837 - F1: 0.833
FIRE -> Precision: 0.875 - Recall: 0.929 - Accuracy: 0.947 - F1: 0.901

Saving model with new best validation loss: 29.351

=== EPOCH 25/74 ===
Learning Rate = 0.001

TRAIN losses
Total Loss  |Smoke Loss  |Fire Loss   
------------ ------------ ------------
36.264      |24.034      |12.229      


VAL losses
Total Loss  |Smoke Loss  |Fire Loss   
------------ ------------ ------------
30.675      |20.169      |10.506      

VAL Metrics
SMOKE -> Precision: 0.815 - Recall: 0.854 - Accuracy: 0.836 - F1: 0.834
FIRE -> Precision: 0.841 - Recall: 0.939 - Accuracy: 0.938 - F1: 0.887

=== EPOCH 26/74 ===
Learning Rate = 0.001

TRAIN losses
Total Loss  |Smoke Loss  |Fire Loss   
------------ ------------ ------------
36.001      |23.860      |12.141      


VAL losses
Total Loss  |Smoke Loss  |Fire Loss   
------------ ------------ ------------
28.689      |19.415      |9.274       

VAL Metrics
SMOKE -> Precision: 0.847 - Recall: 0.815 - Accuracy: 0.840 - F1: 0.831
FIRE -> Precision: 0.924 - Recall: 0.889 - Accuracy: 0.952 - F1: 0.906

Saving model with new best validation loss: 28.689

=== EPOCH 27/74 ===
Learning Rate = 0.001

TRAIN losses
Total Loss  |Smoke Loss  |Fire Loss   
------------ ------------ ------------
35.899      |23.792      |12.107      


VAL losses
Total Loss  |Smoke Loss  |Fire Loss   
------------ ------------ ------------
28.011      |19.036      |8.976       

VAL Metrics
SMOKE -> Precision: 0.862 - Recall: 0.819 - Accuracy: 0.850 - F1: 0.840
FIRE -> Precision: 0.899 - Recall: 0.910 - Accuracy: 0.950 - F1: 0.904

Saving model with new best validation loss: 28.011

=== EPOCH 28/74 ===
Learning Rate = 0.001

TRAIN losses
Total Loss  |Smoke Loss  |Fire Loss   
------------ ------------ ------------
35.441      |23.512      |11.929      


VAL losses
Total Loss  |Smoke Loss  |Fire Loss   
------------ ------------ ------------
28.493      |19.452      |9.040       

VAL Metrics
SMOKE -> Precision: 0.859 - Recall: 0.789 - Accuracy: 0.836 - F1: 0.822
FIRE -> Precision: 0.921 - Recall: 0.877 - Accuracy: 0.948 - F1: 0.898

=== EPOCH 29/74 ===
Learning Rate = 0.001

TRAIN losses
Total Loss  |Smoke Loss  |Fire Loss   
------------ ------------ ------------
34.993      |23.299      |11.694      


VAL losses
Total Loss  |Smoke Loss  |Fire Loss   
------------ ------------ ------------
27.017      |18.398      |8.619       

VAL Metrics
SMOKE -> Precision: 0.877 - Recall: 0.795 - Accuracy: 0.848 - F1: 0.834
FIRE -> Precision: 0.934 - Recall: 0.888 - Accuracy: 0.955 - F1: 0.910

Saving model with new best validation loss: 27.017

=== EPOCH 30/74 ===
Learning Rate = 0.001

TRAIN losses
Total Loss  |Smoke Loss  |Fire Loss   
------------ ------------ ------------
35.212      |23.313      |11.899      


VAL losses
Total Loss  |Smoke Loss  |Fire Loss   
------------ ------------ ------------
26.822      |18.296      |8.526       

VAL Metrics
SMOKE -> Precision: 0.878 - Recall: 0.806 - Accuracy: 0.853 - F1: 0.840
FIRE -> Precision: 0.930 - Recall: 0.909 - Accuracy: 0.959 - F1: 0.919

Saving model with new best validation loss: 26.822

=== EPOCH 31/74 ===
Learning Rate = 0.001

TRAIN losses
Total Loss  |Smoke Loss  |Fire Loss   
------------ ------------ ------------
35.103      |23.294      |11.809      


VAL losses
Total Loss  |Smoke Loss  |Fire Loss   
------------ ------------ ------------
28.027      |19.137      |8.890       

VAL Metrics
SMOKE -> Precision: 0.833 - Recall: 0.871 - Accuracy: 0.854 - F1: 0.851
FIRE -> Precision: 0.895 - Recall: 0.923 - Accuracy: 0.952 - F1: 0.909

=== EPOCH 32/74 ===
Learning Rate = 0.001

TRAIN losses
Total Loss  |Smoke Loss  |Fire Loss   
------------ ------------ ------------
34.277      |22.883      |11.394      


VAL losses
Total Loss  |Smoke Loss  |Fire Loss   
------------ ------------ ------------
27.480      |18.973      |8.507       

VAL Metrics
SMOKE -> Precision: 0.899 - Recall: 0.720 - Accuracy: 0.826 - F1: 0.799
FIRE -> Precision: 0.938 - Recall: 0.891 - Accuracy: 0.957 - F1: 0.914

=== EPOCH 33/74 ===
Learning Rate = 0.001

TRAIN losses
Total Loss  |Smoke Loss  |Fire Loss   
------------ ------------ ------------
34.294      |22.732      |11.561      


VAL losses
Total Loss  |Smoke Loss  |Fire Loss   
------------ ------------ ------------
26.419      |18.221      |8.197       

VAL Metrics
SMOKE -> Precision: 0.843 - Recall: 0.863 - Accuracy: 0.857 - F1: 0.853
FIRE -> Precision: 0.945 - Recall: 0.882 - Accuracy: 0.956 - F1: 0.912

Saving model with new best validation loss: 26.419

=== EPOCH 34/74 ===
Learning Rate = 0.001

TRAIN losses
Total Loss  |Smoke Loss  |Fire Loss   
------------ ------------ ------------
33.621      |22.551      |11.070      


VAL losses
Total Loss  |Smoke Loss  |Fire Loss   
------------ ------------ ------------
25.932      |17.614      |8.318       

VAL Metrics
SMOKE -> Precision: 0.890 - Recall: 0.792 - Accuracy: 0.853 - F1: 0.838
FIRE -> Precision: 0.913 - Recall: 0.905 - Accuracy: 0.953 - F1: 0.909

Saving model with new best validation loss: 25.932

=== EPOCH 35/74 ===
Learning Rate = 0.001

TRAIN losses
Total Loss  |Smoke Loss  |Fire Loss   
------------ ------------ ------------
33.196      |21.940      |11.256      


VAL losses
Total Loss  |Smoke Loss  |Fire Loss   
------------ ------------ ------------
27.626      |18.429      |9.197       

VAL Metrics
SMOKE -> Precision: 0.901 - Recall: 0.746 - Accuracy: 0.838 - F1: 0.816
FIRE -> Precision: 0.941 - Recall: 0.870 - Accuracy: 0.952 - F1: 0.904

=== EPOCH 36/74 ===
Learning Rate = 0.001

TRAIN losses
Total Loss  |Smoke Loss  |Fire Loss   
------------ ------------ ------------
33.724      |22.343      |11.381      


VAL losses
Total Loss  |Smoke Loss  |Fire Loss   
------------ ------------ ------------
26.995      |17.887      |9.108       

VAL Metrics
SMOKE -> Precision: 0.844 - Recall: 0.876 - Accuracy: 0.863 - F1: 0.860
FIRE -> Precision: 0.855 - Recall: 0.949 - Accuracy: 0.945 - F1: 0.899

=== EPOCH 37/74 ===
Learning Rate = 0.001

TRAIN losses
Total Loss  |Smoke Loss  |Fire Loss   
------------ ------------ ------------
33.616      |22.273      |11.343      


VAL losses
Total Loss  |Smoke Loss  |Fire Loss   
------------ ------------ ------------
26.144      |17.767      |8.377       

VAL Metrics
SMOKE -> Precision: 0.880 - Recall: 0.802 - Accuracy: 0.852 - F1: 0.839
FIRE -> Precision: 0.918 - Recall: 0.912 - Accuracy: 0.956 - F1: 0.915

=== EPOCH 38/74 ===
Learning Rate = 0.0008

TRAIN losses
Total Loss  |Smoke Loss  |Fire Loss   
------------ ------------ ------------
32.477      |21.545      |10.932      


VAL losses
Total Loss  |Smoke Loss  |Fire Loss   
------------ ------------ ------------
25.538      |17.097      |8.441       

VAL Metrics
SMOKE -> Precision: 0.862 - Recall: 0.868 - Accuracy: 0.869 - F1: 0.865
FIRE -> Precision: 0.900 - Recall: 0.922 - Accuracy: 0.953 - F1: 0.911

Saving model with new best validation loss: 25.538

=== EPOCH 39/74 ===
Learning Rate = 0.0008

TRAIN losses
Total Loss  |Smoke Loss  |Fire Loss   
------------ ------------ ------------
32.082      |21.432      |10.649      


VAL losses
Total Loss  |Smoke Loss  |Fire Loss   
------------ ------------ ------------
27.416      |17.253      |10.163      

VAL Metrics
SMOKE -> Precision: 0.884 - Recall: 0.812 - Accuracy: 0.858 - F1: 0.847
FIRE -> Precision: 0.967 - Recall: 0.807 - Accuracy: 0.943 - F1: 0.880

=== EPOCH 40/74 ===
Learning Rate = 0.0008

TRAIN losses
Total Loss  |Smoke Loss  |Fire Loss   
------------ ------------ ------------
32.038      |21.379      |10.659      


VAL losses
Total Loss  |Smoke Loss  |Fire Loss   
------------ ------------ ------------
25.360      |16.745      |8.615       

VAL Metrics
SMOKE -> Precision: 0.868 - Recall: 0.861 - Accuracy: 0.870 - F1: 0.865
FIRE -> Precision: 0.884 - Recall: 0.923 - Accuracy: 0.948 - F1: 0.903

Saving model with new best validation loss: 25.360

=== EPOCH 41/74 ===
Learning Rate = 0.0008

TRAIN losses
Total Loss  |Smoke Loss  |Fire Loss   
------------ ------------ ------------
31.683      |21.099      |10.583      


VAL losses
Total Loss  |Smoke Loss  |Fire Loss   
------------ ------------ ------------
24.622      |16.548      |8.075       

VAL Metrics
SMOKE -> Precision: 0.886 - Recall: 0.840 - Accuracy: 0.871 - F1: 0.862
FIRE -> Precision: 0.922 - Recall: 0.905 - Accuracy: 0.956 - F1: 0.914

Saving model with new best validation loss: 24.622

=== EPOCH 42/74 ===
Learning Rate = 0.0008

TRAIN losses
Total Loss  |Smoke Loss  |Fire Loss   
------------ ------------ ------------
31.319      |20.870      |10.449      


VAL losses
Total Loss  |Smoke Loss  |Fire Loss   
------------ ------------ ------------
24.644      |16.210      |8.433       

VAL Metrics
SMOKE -> Precision: 0.915 - Recall: 0.798 - Accuracy: 0.867 - F1: 0.853
FIRE -> Precision: 0.943 - Recall: 0.887 - Accuracy: 0.957 - F1: 0.914

Saving model with new best smoke precision: 0.915

=== EPOCH 43/74 ===
Learning Rate = 0.0008

TRAIN losses
Total Loss  |Smoke Loss  |Fire Loss   
------------ ------------ ------------
30.811      |20.309      |10.502      


VAL losses
Total Loss  |Smoke Loss  |Fire Loss   
------------ ------------ ------------
24.639      |16.471      |8.168       

VAL Metrics
SMOKE -> Precision: 0.895 - Recall: 0.813 - Accuracy: 0.864 - F1: 0.852
FIRE -> Precision: 0.932 - Recall: 0.900 - Accuracy: 0.957 - F1: 0.916

=== EPOCH 44/74 ===
Learning Rate = 0.0008

TRAIN losses
Total Loss  |Smoke Loss  |Fire Loss   
------------ ------------ ------------
30.732      |20.351      |10.380      


VAL losses
Total Loss  |Smoke Loss  |Fire Loss   
------------ ------------ ------------
24.248      |15.848      |8.400       

VAL Metrics
SMOKE -> Precision: 0.896 - Recall: 0.825 - Accuracy: 0.870 - F1: 0.859
FIRE -> Precision: 0.887 - Recall: 0.937 - Accuracy: 0.953 - F1: 0.911

Saving model with new best validation loss: 24.248

=== EPOCH 45/74 ===
Learning Rate = 0.0008

TRAIN losses
Total Loss  |Smoke Loss  |Fire Loss   
------------ ------------ ------------
30.958      |20.469      |10.489      


VAL losses
Total Loss  |Smoke Loss  |Fire Loss   
------------ ------------ ------------
25.113      |17.109      |8.003       

VAL Metrics
SMOKE -> Precision: 0.908 - Recall: 0.790 - Accuracy: 0.860 - F1: 0.844
FIRE -> Precision: 0.930 - Recall: 0.905 - Accuracy: 0.958 - F1: 0.917

=== EPOCH 46/74 ===
Learning Rate = 0.0008

TRAIN losses
Total Loss  |Smoke Loss  |Fire Loss   
------------ ------------ ------------
30.565      |20.437      |10.128      


VAL losses
Total Loss  |Smoke Loss  |Fire Loss   
------------ ------------ ------------
24.158      |16.187      |7.970       

VAL Metrics
SMOKE -> Precision: 0.857 - Recall: 0.906 - Accuracy: 0.882 - F1: 0.881
FIRE -> Precision: 0.895 - Recall: 0.931 - Accuracy: 0.954 - F1: 0.913

Saving model with new best validation loss: 24.158

=== EPOCH 47/74 ===
Learning Rate = 0.0008

TRAIN losses
Total Loss  |Smoke Loss  |Fire Loss   
------------ ------------ ------------
30.069      |19.825      |10.244      


VAL losses
Total Loss  |Smoke Loss  |Fire Loss   
------------ ------------ ------------
23.944      |15.837      |8.107       

VAL Metrics
SMOKE -> Precision: 0.887 - Recall: 0.852 - Accuracy: 0.876 - F1: 0.869
FIRE -> Precision: 0.938 - Recall: 0.900 - Accuracy: 0.959 - F1: 0.919

Saving model with new best validation loss: 23.944

=== EPOCH 48/74 ===
Learning Rate = 0.0008

TRAIN losses
Total Loss  |Smoke Loss  |Fire Loss   
------------ ------------ ------------
30.413      |20.256      |10.157      


VAL losses
Total Loss  |Smoke Loss  |Fire Loss   
------------ ------------ ------------
24.280      |16.186      |8.094       

VAL Metrics
SMOKE -> Precision: 0.873 - Recall: 0.868 - Accuracy: 0.876 - F1: 0.870
FIRE -> Precision: 0.905 - Recall: 0.932 - Accuracy: 0.957 - F1: 0.918

=== EPOCH 49/74 ===
Learning Rate = 0.0008

TRAIN losses
Total Loss  |Smoke Loss  |Fire Loss   
------------ ------------ ------------
30.614      |20.130      |10.484      


VAL losses
Total Loss  |Smoke Loss  |Fire Loss   
------------ ------------ ------------
23.549      |15.465      |8.084       

VAL Metrics
SMOKE -> Precision: 0.898 - Recall: 0.840 - Accuracy: 0.877 - F1: 0.868
FIRE -> Precision: 0.894 - Recall: 0.941 - Accuracy: 0.956 - F1: 0.917

Saving model with new best validation loss: 23.549

=== EPOCH 50/74 ===
Learning Rate = 0.0008

TRAIN losses
Total Loss  |Smoke Loss  |Fire Loss   
------------ ------------ ------------
30.095      |19.858      |10.237      


VAL losses
Total Loss  |Smoke Loss  |Fire Loss   
------------ ------------ ------------
26.098      |18.272      |7.826       

VAL Metrics
SMOKE -> Precision: 0.939 - Recall: 0.680 - Accuracy: 0.825 - F1: 0.789
FIRE -> Precision: 0.936 - Recall: 0.908 - Accuracy: 0.960 - F1: 0.922

Saving model with new best smoke precision: 0.939

=== EPOCH 51/74 ===
Learning Rate = 0.0008

TRAIN losses
Total Loss  |Smoke Loss  |Fire Loss   
------------ ------------ ------------
30.140      |19.888      |10.252      


VAL losses
Total Loss  |Smoke Loss  |Fire Loss   
------------ ------------ ------------
22.561      |14.784      |7.777       

VAL Metrics
SMOKE -> Precision: 0.899 - Recall: 0.851 - Accuracy: 0.882 - F1: 0.874
FIRE -> Precision: 0.942 - Recall: 0.890 - Accuracy: 0.957 - F1: 0.915

Saving model with new best validation loss: 22.561

=== EPOCH 52/74 ===
Learning Rate = 0.0008

TRAIN losses
Total Loss  |Smoke Loss  |Fire Loss   
------------ ------------ ------------
29.802      |19.855      |9.946       


VAL losses
Total Loss  |Smoke Loss  |Fire Loss   
------------ ------------ ------------
23.401      |15.815      |7.585       

VAL Metrics
SMOKE -> Precision: 0.909 - Recall: 0.802 - Accuracy: 0.866 - F1: 0.852
FIRE -> Precision: 0.944 - Recall: 0.908 - Accuracy: 0.962 - F1: 0.926

=== EPOCH 53/74 ===
Learning Rate = 0.0008

TRAIN losses
Total Loss  |Smoke Loss  |Fire Loss   
------------ ------------ ------------
29.679      |19.819      |9.860       


VAL losses
Total Loss  |Smoke Loss  |Fire Loss   
------------ ------------ ------------
23.694      |15.444      |8.250       

VAL Metrics
SMOKE -> Precision: 0.888 - Recall: 0.868 - Accuracy: 0.884 - F1: 0.878
FIRE -> Precision: 0.899 - Recall: 0.941 - Accuracy: 0.958 - F1: 0.920

=== EPOCH 54/74 ===
Learning Rate = 0.0008

TRAIN losses
Total Loss  |Smoke Loss  |Fire Loss   
------------ ------------ ------------
29.506      |19.536      |9.970       


VAL losses
Total Loss  |Smoke Loss  |Fire Loss   
------------ ------------ ------------
22.833      |15.532      |7.302       

VAL Metrics
SMOKE -> Precision: 0.854 - Recall: 0.915 - Accuracy: 0.884 - F1: 0.884
FIRE -> Precision: 0.937 - Recall: 0.900 - Accuracy: 0.958 - F1: 0.918

=== EPOCH 55/74 ===
Learning Rate = 0.00064

TRAIN losses
Total Loss  |Smoke Loss  |Fire Loss   
------------ ------------ ------------
29.057      |19.426      |9.631       


VAL losses
Total Loss  |Smoke Loss  |Fire Loss   
------------ ------------ ------------
23.502      |14.733      |8.769       

VAL Metrics
SMOKE -> Precision: 0.916 - Recall: 0.840 - Accuracy: 0.886 - F1: 0.876
FIRE -> Precision: 0.956 - Recall: 0.865 - Accuracy: 0.955 - F1: 0.908

=== EPOCH 56/74 ===
Learning Rate = 0.00064

TRAIN losses
Total Loss  |Smoke Loss  |Fire Loss   
------------ ------------ ------------
28.406      |18.886      |9.519       


VAL losses
Total Loss  |Smoke Loss  |Fire Loss   
------------ ------------ ------------
23.221      |15.487      |7.733       

VAL Metrics
SMOKE -> Precision: 0.901 - Recall: 0.824 - Accuracy: 0.872 - F1: 0.861
FIRE -> Precision: 0.893 - Recall: 0.935 - Accuracy: 0.954 - F1: 0.914

=== EPOCH 57/74 ===
Learning Rate = 0.00064

TRAIN losses
Total Loss  |Smoke Loss  |Fire Loss   
------------ ------------ ------------
28.043      |18.713      |9.330       


VAL losses
Total Loss  |Smoke Loss  |Fire Loss   
------------ ------------ ------------
22.256      |14.915      |7.341       

VAL Metrics
SMOKE -> Precision: 0.883 - Recall: 0.881 - Accuracy: 0.887 - F1: 0.882
FIRE -> Precision: 0.921 - Recall: 0.923 - Accuracy: 0.960 - F1: 0.922

Saving model with new best validation loss: 22.256

=== EPOCH 58/74 ===
Learning Rate = 0.00064

TRAIN losses
Total Loss  |Smoke Loss  |Fire Loss   
------------ ------------ ------------
28.536      |18.999      |9.537       


VAL losses
Total Loss  |Smoke Loss  |Fire Loss   
------------ ------------ ------------
22.444      |14.992      |7.452       

VAL Metrics
SMOKE -> Precision: 0.930 - Recall: 0.809 - Accuracy: 0.879 - F1: 0.865
FIRE -> Precision: 0.920 - Recall: 0.931 - Accuracy: 0.961 - F1: 0.925

=== EPOCH 59/74 ===
Learning Rate = 0.00064

TRAIN losses
Total Loss  |Smoke Loss  |Fire Loss   
------------ ------------ ------------
28.288      |19.033      |9.255       


VAL losses
Total Loss  |Smoke Loss  |Fire Loss   
------------ ------------ ------------
21.797      |14.317      |7.480       

VAL Metrics
SMOKE -> Precision: 0.881 - Recall: 0.904 - Accuracy: 0.895 - F1: 0.892
FIRE -> Precision: 0.901 - Recall: 0.940 - Accuracy: 0.958 - F1: 0.920

Saving model with new best validation loss: 21.797

=== EPOCH 60/74 ===
Learning Rate = 0.00064

TRAIN losses
Total Loss  |Smoke Loss  |Fire Loss   
------------ ------------ ------------
28.042      |18.711      |9.331       


VAL losses
Total Loss  |Smoke Loss  |Fire Loss   
------------ ------------ ------------
22.130      |14.693      |7.438       

VAL Metrics
SMOKE -> Precision: 0.908 - Recall: 0.839 - Accuracy: 0.882 - F1: 0.872
FIRE -> Precision: 0.911 - Recall: 0.935 - Accuracy: 0.960 - F1: 0.923

=== EPOCH 61/74 ===
Learning Rate = 0.00064

TRAIN losses
Total Loss  |Smoke Loss  |Fire Loss   
------------ ------------ ------------
28.025      |18.735      |9.290       


VAL losses
Total Loss  |Smoke Loss  |Fire Loss   
------------ ------------ ------------
21.253      |13.876      |7.377       

VAL Metrics
SMOKE -> Precision: 0.898 - Recall: 0.875 - Accuracy: 0.892 - F1: 0.887
FIRE -> Precision: 0.918 - Recall: 0.931 - Accuracy: 0.961 - F1: 0.924

Saving model with new best validation loss: 21.253

=== EPOCH 62/74 ===
Learning Rate = 0.00064

TRAIN losses
Total Loss  |Smoke Loss  |Fire Loss   
------------ ------------ ------------
27.768      |18.482      |9.286       


VAL losses
Total Loss  |Smoke Loss  |Fire Loss   
------------ ------------ ------------
21.058      |13.909      |7.149       

VAL Metrics
SMOKE -> Precision: 0.892 - Recall: 0.899 - Accuracy: 0.899 - F1: 0.895
FIRE -> Precision: 0.936 - Recall: 0.923 - Accuracy: 0.964 - F1: 0.930

Saving model with new best validation loss: 21.058

=== EPOCH 63/74 ===
Learning Rate = 0.00064

TRAIN losses
Total Loss  |Smoke Loss  |Fire Loss   
------------ ------------ ------------
27.512      |18.370      |9.142       


VAL losses
Total Loss  |Smoke Loss  |Fire Loss   
------------ ------------ ------------
22.480      |15.032      |7.449       

VAL Metrics
SMOKE -> Precision: 0.920 - Recall: 0.819 - Accuracy: 0.879 - F1: 0.867
FIRE -> Precision: 0.925 - Recall: 0.931 - Accuracy: 0.962 - F1: 0.928

=== EPOCH 64/74 ===
Learning Rate = 0.00064

TRAIN losses
Total Loss  |Smoke Loss  |Fire Loss   
------------ ------------ ------------
27.930      |18.444      |9.486       


VAL losses
Total Loss  |Smoke Loss  |Fire Loss   
------------ ------------ ------------
22.014      |14.102      |7.911       

VAL Metrics
SMOKE -> Precision: 0.923 - Recall: 0.840 - Accuracy: 0.889 - F1: 0.879
FIRE -> Precision: 0.963 - Recall: 0.887 - Accuracy: 0.962 - F1: 0.924

=== EPOCH 65/74 ===
Learning Rate = 0.00064

TRAIN losses
Total Loss  |Smoke Loss  |Fire Loss   
------------ ------------ ------------
27.691      |18.320      |9.371       


VAL losses
Total Loss  |Smoke Loss  |Fire Loss   
------------ ------------ ------------
21.417      |14.144      |7.274       

VAL Metrics
SMOKE -> Precision: 0.896 - Recall: 0.889 - Accuracy: 0.897 - F1: 0.892
FIRE -> Precision: 0.911 - Recall: 0.942 - Accuracy: 0.961 - F1: 0.926

=== EPOCH 66/74 ===
Learning Rate = 0.0005120000000000001

TRAIN losses
Total Loss  |Smoke Loss  |Fire Loss   
------------ ------------ ------------
26.825      |17.649      |9.176       


VAL losses
Total Loss  |Smoke Loss  |Fire Loss   
------------ ------------ ------------
20.279      |13.203      |7.076       

VAL Metrics
SMOKE -> Precision: 0.911 - Recall: 0.886 - Accuracy: 0.904 - F1: 0.899
FIRE -> Precision: 0.924 - Recall: 0.931 - Accuracy: 0.962 - F1: 0.927

Saving model with new best validation loss: 20.279

=== EPOCH 67/74 ===
Learning Rate = 0.0005120000000000001

TRAIN losses
Total Loss  |Smoke Loss  |Fire Loss   
------------ ------------ ------------
26.782      |17.799      |8.983       


VAL losses
Total Loss  |Smoke Loss  |Fire Loss   
------------ ------------ ------------
22.963      |15.035      |7.928       

VAL Metrics
SMOKE -> Precision: 0.876 - Recall: 0.883 - Accuracy: 0.884 - F1: 0.879
FIRE -> Precision: 0.874 - Recall: 0.954 - Accuracy: 0.953 - F1: 0.913

=== EPOCH 68/74 ===
Learning Rate = 0.0005120000000000001

TRAIN losses
Total Loss  |Smoke Loss  |Fire Loss   
------------ ------------ ------------
26.793      |18.022      |8.771       


VAL losses
Total Loss  |Smoke Loss  |Fire Loss   
------------ ------------ ------------
21.196      |13.969      |7.227       

VAL Metrics
SMOKE -> Precision: 0.897 - Recall: 0.864 - Accuracy: 0.887 - F1: 0.880
FIRE -> Precision: 0.924 - Recall: 0.930 - Accuracy: 0.962 - F1: 0.927

=== EPOCH 69/74 ===
Learning Rate = 0.0005120000000000001

TRAIN losses
Total Loss  |Smoke Loss  |Fire Loss   
------------ ------------ ------------
26.398      |17.520      |8.879       


VAL losses
Total Loss  |Smoke Loss  |Fire Loss   
------------ ------------ ------------
20.786      |13.629      |7.158       

VAL Metrics
SMOKE -> Precision: 0.914 - Recall: 0.843 - Accuracy: 0.886 - F1: 0.877
FIRE -> Precision: 0.913 - Recall: 0.939 - Accuracy: 0.961 - F1: 0.926

=== EPOCH 70/74 ===
Learning Rate = 0.0004096000000000001

TRAIN losses
Total Loss  |Smoke Loss  |Fire Loss   
------------ ------------ ------------
26.365      |17.562      |8.803       


VAL losses
Total Loss  |Smoke Loss  |Fire Loss   
------------ ------------ ------------
20.843      |13.294      |7.548       

VAL Metrics
SMOKE -> Precision: 0.912 - Recall: 0.868 - Accuracy: 0.896 - F1: 0.889
FIRE -> Precision: 0.891 - Recall: 0.948 - Accuracy: 0.956 - F1: 0.918

=== EPOCH 71/74 ===
Learning Rate = 0.0004096000000000001

TRAIN losses
Total Loss  |Smoke Loss  |Fire Loss   
------------ ------------ ------------
25.956      |17.237      |8.719       


VAL losses
Total Loss  |Smoke Loss  |Fire Loss   
------------ ------------ ------------
20.171      |13.130      |7.041       

VAL Metrics
SMOKE -> Precision: 0.925 - Recall: 0.852 - Accuracy: 0.896 - F1: 0.887
FIRE -> Precision: 0.952 - Recall: 0.920 - Accuracy: 0.967 - F1: 0.935

Saving model with new best validation loss: 20.171

=== EPOCH 72/74 ===
Learning Rate = 0.0004096000000000001

TRAIN losses
Total Loss  |Smoke Loss  |Fire Loss   
------------ ------------ ------------
25.815      |17.203      |8.611       


VAL losses
Total Loss  |Smoke Loss  |Fire Loss   
------------ ------------ ------------
20.297      |13.147      |7.150       

VAL Metrics
SMOKE -> Precision: 0.900 - Recall: 0.903 - Accuracy: 0.905 - F1: 0.902
FIRE -> Precision: 0.917 - Recall: 0.932 - Accuracy: 0.961 - F1: 0.924

=== EPOCH 73/74 ===
Learning Rate = 0.0004096000000000001

TRAIN losses
Total Loss  |Smoke Loss  |Fire Loss   
------------ ------------ ------------
25.828      |17.215      |8.613       


VAL losses
Total Loss  |Smoke Loss  |Fire Loss   
------------ ------------ ------------
19.818      |12.669      |7.149       

VAL Metrics
SMOKE -> Precision: 0.907 - Recall: 0.900 - Accuracy: 0.907 - F1: 0.903
FIRE -> Precision: 0.912 - Recall: 0.944 - Accuracy: 0.962 - F1: 0.928

Saving model with new best validation loss: 19.818

=== EPOCH 74/74 ===
Learning Rate = 0.0004096000000000001

TRAIN losses
Total Loss  |Smoke Loss  |Fire Loss   
------------ ------------ ------------
25.675      |16.900      |8.775       


VAL losses
Total Loss  |Smoke Loss  |Fire Loss   
------------ ------------ ------------
20.462      |13.196      |7.266       

VAL Metrics
SMOKE -> Precision: 0.918 - Recall: 0.852 - Accuracy: 0.892 - F1: 0.884
FIRE -> Precision: 0.904 - Recall: 0.942 - Accuracy: 0.959 - F1: 0.923
Saving last model

***Script finished: 19:27:26

Time elapsed: 0:33:43.220609
