BED Classifier XS Tiny.
	One Head.
	255 Normalization.
	Weighted for Precision.
	Modules.
	Losses and Metrics Loggers.
	More checkpoints.
	Fuse Conv2d and BatchNorm.


TRAIN DFIRE dataset
	Train dataset len: 17221
TEST DFire dataset
	Test dataset len: 4306

Using BED Classifier

Trainable parameters = 93138
Total parameters = 93138

Model shape is tensor([[ 0.2435, -0.0629],
        [ 0.2296, -0.1428],
        [ 0.3675,  0.0217],
        [ 0.2254, -0.0765]], device='cuda:0', grad_fn=<AddmmBackward0>)
BED Model Arquitecture
BED_CLASSIFIER(
  (model): Sequential(
    (conv1): Conv2d(3, 32, kernel_size=(3, 3), stride=(1, 1), padding=(1, 1), bias=False)
    (bn1): BatchNorm2d(32, eps=1e-05, momentum=0.1, affine=True, track_running_stats=True)
    (relu1): ReLU()
    (dropout1): Dropout2d(p=0.3, inplace=False)
    (maxpool2): MaxPool2d(kernel_size=2, stride=2, padding=0, dilation=1, ceil_mode=False)
    (conv2): Conv2d(32, 16, kernel_size=(3, 3), stride=(1, 1), padding=(1, 1), bias=False)
    (bn2): BatchNorm2d(16, eps=1e-05, momentum=0.1, affine=True, track_running_stats=True)
    (relu2): ReLU()
    (dropout2): Dropout2d(p=0.3, inplace=False)
    (maxpool3): MaxPool2d(kernel_size=2, stride=2, padding=0, dilation=1, ceil_mode=False)
    (conv31): Conv2d(16, 16, kernel_size=(1, 1), stride=(1, 1), bias=False)
    (bn31): BatchNorm2d(16, eps=1e-05, momentum=0.1, affine=True, track_running_stats=True)
    (relu31): ReLU()
    (conv32): Conv2d(16, 32, kernel_size=(3, 3), stride=(1, 1), padding=(1, 1), bias=False)
    (bn32): BatchNorm2d(32, eps=1e-05, momentum=0.1, affine=True, track_running_stats=True)
    (relu32): ReLU()
    (conv33): Conv2d(32, 32, kernel_size=(1, 1), stride=(1, 1), bias=False)
    (bn33): BatchNorm2d(32, eps=1e-05, momentum=0.1, affine=True, track_running_stats=True)
    (relu33): ReLU()
    (conv34): Conv2d(32, 64, kernel_size=(3, 3), stride=(1, 1), padding=(1, 1), bias=False)
    (bn34): BatchNorm2d(64, eps=1e-05, momentum=0.1, affine=True, track_running_stats=True)
    (relu34): ReLU()
    (maxpool4): MaxPool2d(kernel_size=2, stride=2, padding=0, dilation=1, ceil_mode=False)
    (conv41): Conv2d(64, 32, kernel_size=(1, 1), stride=(1, 1), bias=False)
    (bn41): BatchNorm2d(32, eps=1e-05, momentum=0.1, affine=True, track_running_stats=True)
    (relu41): ReLU()
    (conv42): Conv2d(32, 64, kernel_size=(3, 3), stride=(1, 1), padding=(1, 1), bias=False)
    (bn42): BatchNorm2d(64, eps=1e-05, momentum=0.1, affine=True, track_running_stats=True)
    (relu42): ReLU()
    (conv43): Conv2d(64, 32, kernel_size=(1, 1), stride=(1, 1), bias=False)
    (bn43): BatchNorm2d(32, eps=1e-05, momentum=0.1, affine=True, track_running_stats=True)
    (relu43): ReLU()
    (conv44): Conv2d(32, 64, kernel_size=(3, 3), stride=(1, 1), padding=(1, 1), bias=False)
    (bn44): BatchNorm2d(64, eps=1e-05, momentum=0.1, affine=True, track_running_stats=True)
    (relu44): ReLU()
    (conv45): Conv2d(64, 32, kernel_size=(1, 1), stride=(1, 1), bias=False)
    (bn45): BatchNorm2d(32, eps=1e-05, momentum=0.1, affine=True, track_running_stats=True)
    (relu45): ReLU()
    (conv46): Conv2d(32, 64, kernel_size=(3, 3), stride=(1, 1), padding=(1, 1), bias=False)
    (bn46): BatchNorm2d(64, eps=1e-05, momentum=0.1, affine=False, track_running_stats=True)
    (relu46): ReLU()
    (avgpool5): AdaptiveAvgPool2d(output_size=(1, 1))
    (flatten5): Flatten(start_dim=1, end_dim=-1)
    (dropout5): Dropout(p=0.2, inplace=False)
    (linear51): Linear(in_features=64, out_features=16, bias=True)
    (relu5): ReLU()
    (linear52): Linear(in_features=16, out_features=2, bias=True)
  )
)
==========================================================================================
Layer (type:depth-idx)                   Output Shape              Param #
==========================================================================================
BED_CLASSIFIER                           [64, 2]                   --
├─Sequential: 1-1                        [64, 2]                   --
│    └─Conv2d: 2-1                       [64, 32, 224, 224]        864
│    └─BatchNorm2d: 2-2                  [64, 32, 224, 224]        64
│    └─ReLU: 2-3                         [64, 32, 224, 224]        --
│    └─Dropout2d: 2-4                    [64, 32, 224, 224]        --
│    └─MaxPool2d: 2-5                    [64, 32, 112, 112]        --
│    └─Conv2d: 2-6                       [64, 16, 112, 112]        4,608
│    └─BatchNorm2d: 2-7                  [64, 16, 112, 112]        32
│    └─ReLU: 2-8                         [64, 16, 112, 112]        --
│    └─Dropout2d: 2-9                    [64, 16, 112, 112]        --
│    └─MaxPool2d: 2-10                   [64, 16, 56, 56]          --
│    └─Conv2d: 2-11                      [64, 16, 56, 56]          256
│    └─BatchNorm2d: 2-12                 [64, 16, 56, 56]          32
│    └─ReLU: 2-13                        [64, 16, 56, 56]          --
│    └─Conv2d: 2-14                      [64, 32, 56, 56]          4,608
│    └─BatchNorm2d: 2-15                 [64, 32, 56, 56]          64
│    └─ReLU: 2-16                        [64, 32, 56, 56]          --
│    └─Conv2d: 2-17                      [64, 32, 56, 56]          1,024
│    └─BatchNorm2d: 2-18                 [64, 32, 56, 56]          64
│    └─ReLU: 2-19                        [64, 32, 56, 56]          --
│    └─Conv2d: 2-20                      [64, 64, 56, 56]          18,432
│    └─BatchNorm2d: 2-21                 [64, 64, 56, 56]          128
│    └─ReLU: 2-22                        [64, 64, 56, 56]          --
│    └─MaxPool2d: 2-23                   [64, 64, 28, 28]          --
│    └─Conv2d: 2-24                      [64, 32, 28, 28]          2,048
│    └─BatchNorm2d: 2-25                 [64, 32, 28, 28]          64
│    └─ReLU: 2-26                        [64, 32, 28, 28]          --
│    └─Conv2d: 2-27                      [64, 64, 28, 28]          18,432
│    └─BatchNorm2d: 2-28                 [64, 64, 28, 28]          128
│    └─ReLU: 2-29                        [64, 64, 28, 28]          --
│    └─Conv2d: 2-30                      [64, 32, 28, 28]          2,048
│    └─BatchNorm2d: 2-31                 [64, 32, 28, 28]          64
│    └─ReLU: 2-32                        [64, 32, 28, 28]          --
│    └─Conv2d: 2-33                      [64, 64, 28, 28]          18,432
│    └─BatchNorm2d: 2-34                 [64, 64, 28, 28]          128
│    └─ReLU: 2-35                        [64, 64, 28, 28]          --
│    └─Conv2d: 2-36                      [64, 32, 28, 28]          2,048
│    └─BatchNorm2d: 2-37                 [64, 32, 28, 28]          64
│    └─ReLU: 2-38                        [64, 32, 28, 28]          --
│    └─Conv2d: 2-39                      [64, 64, 28, 28]          18,432
│    └─BatchNorm2d: 2-40                 [64, 64, 28, 28]          --
│    └─ReLU: 2-41                        [64, 64, 28, 28]          --
│    └─AdaptiveAvgPool2d: 2-42           [64, 64, 1, 1]            --
│    └─Flatten: 2-43                     [64, 64]                  --
│    └─Dropout: 2-44                     [64, 64]                  --
│    └─Linear: 2-45                      [64, 16]                  1,040
│    └─ReLU: 2-46                        [64, 16]                  --
│    └─Linear: 2-47                      [64, 2]                   34
==========================================================================================
Total params: 93,138
Trainable params: 93,138
Non-trainable params: 0
Total mult-adds (G): 14.44
==========================================================================================
Input size (MB): 38.54
Forward/backward pass size (MB): 2517.64
Params size (MB): 0.37
Estimated Total Size (MB): 2556.55
==========================================================================================

Device: cuda
Learning Rate: 0.001
Optimizer Weight Decay: 0.001
Scheduler factor: 0.8
Scheduler patience: 2
Scheduler threshold: 0.001
Scheduler min learning rate: 1e-06
Batch Size: 64
W: 224
H: 224

Loss Function: BCE
Smoke Precision Weight: 0.8

***Start Training: 07:35:57


=== EPOCH 0/127 ===
Learning Rate = 0.001000

TRAIN Stats
Total Loss |Smoke Loss|Fire Loss |    _______|Accuracy |Precision|Recall   |F1       |
-----------|----------|----------|    Smoke  |0.5522   |0.5954   |0.2699   |0.3714   |
68.28      |38.70     |29.59     |    Fire   |0.7933   |0.6851   |0.4508   |0.5438   |

VAL Stats
Total Loss |Smoke Loss|Fire Loss |    _______|Accuracy |Precision|Recall   |F1       |
-----------|----------|----------|    Smoke  |0.6180   |0.6906   |0.3732   |0.4846   |
60.23      |37.06     |23.18     |    Fire   |0.8400   |0.6992   |0.6703   |0.6845   |

Saving model with new best validation loss: 60.234

=== EPOCH 1/127 ===
Learning Rate = 0.001000

TRAIN Stats
Total Loss |Smoke Loss|Fire Loss |    _______|Accuracy |Precision|Recall   |F1       |
-----------|----------|----------|    Smoke  |0.6140   |0.6884   |0.3887   |0.4969   |
61.17      |37.23     |23.95     |    Fire   |0.8407   |0.7260   |0.6697   |0.6967   |

VAL Stats
Total Loss |Smoke Loss|Fire Loss |    _______|Accuracy |Precision|Recall   |F1       |
-----------|----------|----------|    Smoke  |0.6383   |0.7203   |0.4057   |0.5191   |
56.88      |36.16     |20.72     |    Fire   |0.8591   |0.7382   |0.7063   |0.7219   |

Saving model with new best validation loss: 56.882

=== EPOCH 2/127 ===
Learning Rate = 0.001000

TRAIN Stats
Total Loss |Smoke Loss|Fire Loss |    _______|Accuracy |Precision|Recall   |F1       |
-----------|----------|----------|    Smoke  |0.6373   |0.7046   |0.4485   |0.5481   |
58.24      |36.27     |21.96     |    Fire   |0.8549   |0.7453   |0.7127   |0.7287   |

VAL Stats
Total Loss |Smoke Loss|Fire Loss |    _______|Accuracy |Precision|Recall   |F1       |
-----------|----------|----------|    Smoke  |0.6635   |0.7919   |0.4077   |0.5382   |
53.52      |34.11     |19.40     |    Fire   |0.8743   |0.8927   |0.5847   |0.7066   |

Saving model with new best validation loss: 53.516

=== EPOCH 3/127 ===
Learning Rate = 0.001000

TRAIN Stats
Total Loss |Smoke Loss|Fire Loss |    _______|Accuracy |Precision|Recall   |F1       |
-----------|----------|----------|    Smoke  |0.6495   |0.7223   |0.4633   |0.5645   |
55.50      |35.43     |20.07     |    Fire   |0.8717   |0.7759   |0.7462   |0.7608   |

VAL Stats
Total Loss |Smoke Loss|Fire Loss |    _______|Accuracy |Precision|Recall   |F1       |
-----------|----------|----------|    Smoke  |0.6686   |0.6960   |0.5526   |0.6160   |
51.93      |34.31     |17.62     |    Fire   |0.8874   |0.7486   |0.8505   |0.7963   |

Saving model with new best validation loss: 51.931

=== EPOCH 4/127 ===
Learning Rate = 0.001000

TRAIN Stats
Total Loss |Smoke Loss|Fire Loss |    _______|Accuracy |Precision|Recall   |F1       |
-----------|----------|----------|    Smoke  |0.6678   |0.7391   |0.4982   |0.5952   |
53.08      |34.39     |18.69     |    Fire   |0.8821   |0.7984   |0.7607   |0.7791   |

VAL Stats
Total Loss |Smoke Loss|Fire Loss |    _______|Accuracy |Precision|Recall   |F1       |
-----------|----------|----------|    Smoke  |0.6936   |0.7848   |0.5002   |0.6110   |
47.53      |32.71     |14.82     |    Fire   |0.9095   |0.8485   |0.7919   |0.8192   |

Saving model with new best validation loss: 47.532

=== EPOCH 5/127 ===
Learning Rate = 0.001000

TRAIN Stats
Total Loss |Smoke Loss|Fire Loss |    _______|Accuracy |Precision|Recall   |F1       |
-----------|----------|----------|    Smoke  |0.6721   |0.7451   |0.5035   |0.6009   |
52.19      |34.01     |18.18     |    Fire   |0.8869   |0.8074   |0.7698   |0.7881   |

VAL Stats
Total Loss |Smoke Loss|Fire Loss |    _______|Accuracy |Precision|Recall   |F1       |
-----------|----------|----------|    Smoke  |0.7066   |0.8233   |0.4968   |0.6197   |
46.83      |31.95     |14.88     |    Fire   |0.9123   |0.8823   |0.7631   |0.8184   |

Saving model with new best validation loss: 46.833

=== EPOCH 6/127 ===
Learning Rate = 0.001000

TRAIN Stats
Total Loss |Smoke Loss|Fire Loss |    _______|Accuracy |Precision|Recall   |F1       |
-----------|----------|----------|    Smoke  |0.6817   |0.7534   |0.5216   |0.6164   |
50.93      |33.30     |17.63     |    Fire   |0.8900   |0.8120   |0.7777   |0.7945   |

VAL Stats
Total Loss |Smoke Loss|Fire Loss |    _______|Accuracy |Precision|Recall   |F1       |
-----------|----------|----------|    Smoke  |0.7015   |0.7819   |0.5264   |0.6292   |
44.15      |30.83     |13.32     |    Fire   |0.9202   |0.8650   |0.8198   |0.8418   |

Saving model with new best validation loss: 44.152

=== EPOCH 7/127 ===
Learning Rate = 0.001000

TRAIN Stats
Total Loss |Smoke Loss|Fire Loss |    _______|Accuracy |Precision|Recall   |F1       |
-----------|----------|----------|    Smoke  |0.6831   |0.7528   |0.5268   |0.6198   |
49.83      |32.99     |16.84     |    Fire   |0.8945   |0.8227   |0.7828   |0.8023   |

VAL Stats
Total Loss |Smoke Loss|Fire Loss |    _______|Accuracy |Precision|Recall   |F1       |
-----------|----------|----------|    Smoke  |0.7264   |0.8272   |0.5453   |0.6573   |
43.40      |30.24     |13.16     |    Fire   |0.9219   |0.8950   |0.7910   |0.8398   |

Saving model with new best validation loss: 43.399

=== EPOCH 8/127 ===
Learning Rate = 0.001000

TRAIN Stats
Total Loss |Smoke Loss|Fire Loss |    _______|Accuracy |Precision|Recall   |F1       |
-----------|----------|----------|    Smoke  |0.6951   |0.7582   |0.5550   |0.6409   |
48.36      |32.32     |16.03     |    Fire   |0.9013   |0.8301   |0.8030   |0.8163   |

VAL Stats
Total Loss |Smoke Loss|Fire Loss |    _______|Accuracy |Precision|Recall   |F1       |
-----------|----------|----------|    Smoke  |0.6889   |0.7197   |0.5788   |0.6416   |
46.40      |32.25     |14.15     |    Fire   |0.9049   |0.7729   |0.8955   |0.8297   |


=== EPOCH 9/127 ===
Learning Rate = 0.001000

TRAIN Stats
Total Loss |Smoke Loss|Fire Loss |    _______|Accuracy |Precision|Recall   |F1       |
-----------|----------|----------|    Smoke  |0.6959   |0.7555   |0.5611   |0.6440   |
47.99      |31.96     |16.03     |    Fire   |0.9005   |0.8273   |0.8036   |0.8153   |

VAL Stats
Total Loss |Smoke Loss|Fire Loss |    _______|Accuracy |Precision|Recall   |F1       |
-----------|----------|----------|    Smoke  |0.7164   |0.8497   |0.4988   |0.6286   |
42.60      |30.03     |12.57     |    Fire   |0.9268   |0.9078   |0.7982   |0.8495   |

Saving model with new best validation loss: 42.602

=== EPOCH 10/127 ===
Learning Rate = 0.001000

TRAIN Stats
Total Loss |Smoke Loss|Fire Loss |    _______|Accuracy |Precision|Recall   |F1       |
-----------|----------|----------|    Smoke  |0.7056   |0.7668   |0.5742   |0.6566   |
46.73      |31.41     |15.33     |    Fire   |0.9053   |0.8374   |0.8109   |0.8239   |

VAL Stats
Total Loss |Smoke Loss|Fire Loss |    _______|Accuracy |Precision|Recall   |F1       |
-----------|----------|----------|    Smoke  |0.7239   |0.8155   |0.5507   |0.6574   |
41.45      |29.10     |12.35     |    Fire   |0.9347   |0.9235   |0.8153   |0.8660   |

Saving model with new best validation loss: 41.448

=== EPOCH 11/127 ===
Learning Rate = 0.001000

TRAIN Stats
Total Loss |Smoke Loss|Fire Loss |    _______|Accuracy |Precision|Recall   |F1       |
-----------|----------|----------|    Smoke  |0.7133   |0.7732   |0.5879   |0.6680   |
46.06      |30.86     |15.20     |    Fire   |0.9062   |0.8401   |0.8116   |0.8256   |

VAL Stats
Total Loss |Smoke Loss|Fire Loss |    _______|Accuracy |Precision|Recall   |F1       |
-----------|----------|----------|    Smoke  |0.7486   |0.7269   |0.7649   |0.7454   |
40.36      |28.75     |11.60     |    Fire   |0.9335   |0.8993   |0.8369   |0.8670   |

Saving model with new best validation loss: 40.356

=== EPOCH 12/127 ===
Learning Rate = 0.001000

TRAIN Stats
Total Loss |Smoke Loss|Fire Loss |    _______|Accuracy |Precision|Recall   |F1       |
-----------|----------|----------|    Smoke  |0.7158   |0.7696   |0.6000   |0.6743   |
45.55      |30.53     |15.02     |    Fire   |0.9071   |0.8463   |0.8064   |0.8259   |

VAL Stats
Total Loss |Smoke Loss|Fire Loss |    _______|Accuracy |Precision|Recall   |F1       |
-----------|----------|----------|    Smoke  |0.7388   |0.8356   |0.5691   |0.6770   |
39.80      |28.52     |11.28     |    Fire   |0.9342   |0.8764   |0.8685   |0.8724   |

Saving model with new best validation loss: 39.799

=== EPOCH 13/127 ===
Learning Rate = 0.001000

TRAIN Stats
Total Loss |Smoke Loss|Fire Loss |    _______|Accuracy |Precision|Recall   |F1       |
-----------|----------|----------|    Smoke  |0.7252   |0.7807   |0.6111   |0.6856   |
44.45      |29.94     |14.51     |    Fire   |0.9119   |0.8501   |0.8230   |0.8363   |

VAL Stats
Total Loss |Smoke Loss|Fire Loss |    _______|Accuracy |Precision|Recall   |F1       |
-----------|----------|----------|    Smoke  |0.7591   |0.8259   |0.6326   |0.7164   |
37.05      |26.62     |10.43     |    Fire   |0.9419   |0.9042   |0.8676   |0.8855   |

Saving model with new best validation loss: 37.053

=== EPOCH 14/127 ===
Learning Rate = 0.001000

TRAIN Stats
Total Loss |Smoke Loss|Fire Loss |    _______|Accuracy |Precision|Recall   |F1       |
-----------|----------|----------|    Smoke  |0.7269   |0.7753   |0.6241   |0.6915   |
44.00      |29.88     |14.12     |    Fire   |0.9147   |0.8587   |0.8236   |0.8408   |

VAL Stats
Total Loss |Smoke Loss|Fire Loss |    _______|Accuracy |Precision|Recall   |F1       |
-----------|----------|----------|    Smoke  |0.7519   |0.8029   |0.6418   |0.7134   |
37.44      |27.11     |10.34     |    Fire   |0.9389   |0.8806   |0.8838   |0.8822   |


=== EPOCH 15/127 ===
Learning Rate = 0.001000

TRAIN Stats
Total Loss |Smoke Loss|Fire Loss |    _______|Accuracy |Precision|Recall   |F1       |
-----------|----------|----------|    Smoke  |0.7418   |0.7921   |0.6418   |0.7091   |
43.12      |29.01     |14.11     |    Fire   |0.9138   |0.8543   |0.8252   |0.8395   |

VAL Stats
Total Loss |Smoke Loss|Fire Loss |    _______|Accuracy |Precision|Recall   |F1       |
-----------|----------|----------|    Smoke  |0.7738   |0.8306   |0.6655   |0.7390   |
36.46      |25.24     |11.21     |    Fire   |0.9401   |0.9420   |0.8189   |0.8761   |

Saving model with new best validation loss: 36.458

=== EPOCH 16/127 ===
Learning Rate = 0.001000

TRAIN Stats
Total Loss |Smoke Loss|Fire Loss |    _______|Accuracy |Precision|Recall   |F1       |
-----------|----------|----------|    Smoke  |0.7406   |0.7796   |0.6567   |0.7129   |
42.39      |28.68     |13.71     |    Fire   |0.9158   |0.8606   |0.8255   |0.8427   |

VAL Stats
Total Loss |Smoke Loss|Fire Loss |    _______|Accuracy |Precision|Recall   |F1       |
-----------|----------|----------|    Smoke  |0.7733   |0.7413   |0.8124   |0.7752   |
37.29      |27.09     |10.21     |    Fire   |0.9473   |0.9077   |0.8865   |0.8970   |


=== EPOCH 17/127 ===
Learning Rate = 0.001000

TRAIN Stats
Total Loss |Smoke Loss|Fire Loss |    _______|Accuracy |Precision|Recall   |F1       |
-----------|----------|----------|    Smoke  |0.7462   |0.7916   |0.6547   |0.7167   |
41.83      |28.57     |13.26     |    Fire   |0.9201   |0.8657   |0.8374   |0.8513   |

VAL Stats
Total Loss |Smoke Loss|Fire Loss |    _______|Accuracy |Precision|Recall   |F1       |
-----------|----------|----------|    Smoke  |0.8029   |0.8295   |0.7431   |0.7839   |
34.40      |24.62     |9.78      |    Fire   |0.9464   |0.9143   |0.8748   |0.8941   |

Saving model with new best validation loss: 34.399

=== EPOCH 18/127 ===
Learning Rate = 0.001000

TRAIN Stats
Total Loss |Smoke Loss|Fire Loss |    _______|Accuracy |Precision|Recall   |F1       |
-----------|----------|----------|    Smoke  |0.7520   |0.7951   |0.6658   |0.7247   |
41.50      |28.08     |13.42     |    Fire   |0.9191   |0.8637   |0.8360   |0.8496   |

VAL Stats
Total Loss |Smoke Loss|Fire Loss |    _______|Accuracy |Precision|Recall   |F1       |
-----------|----------|----------|    Smoke  |0.7174   |0.8893   |0.4712   |0.6160   |
44.14      |29.26     |14.88     |    Fire   |0.9116   |0.9609   |0.6865   |0.8008   |


=== EPOCH 19/127 ===
Learning Rate = 0.001000

TRAIN Stats
Total Loss |Smoke Loss|Fire Loss |    _______|Accuracy |Precision|Recall   |F1       |
-----------|----------|----------|    Smoke  |0.7531   |0.7917   |0.6736   |0.7279   |
41.02      |28.00     |13.02     |    Fire   |0.9207   |0.8663   |0.8394   |0.8526   |

VAL Stats
Total Loss |Smoke Loss|Fire Loss |    _______|Accuracy |Precision|Recall   |F1       |
-----------|----------|----------|    Smoke  |0.8062   |0.8059   |0.7867   |0.7962   |
35.00      |24.65     |10.35     |    Fire   |0.9447   |0.9459   |0.8342   |0.8865   |


=== EPOCH 20/127 ===
Learning Rate = 0.001000

TRAIN Stats
Total Loss |Smoke Loss|Fire Loss |    _______|Accuracy |Precision|Recall   |F1       |
-----------|----------|----------|    Smoke  |0.7595   |0.7954   |0.6859   |0.7366   |
40.48      |27.47     |13.01     |    Fire   |0.9215   |0.8687   |0.8397   |0.8540   |

VAL Stats
Total Loss |Smoke Loss|Fire Loss |    _______|Accuracy |Precision|Recall   |F1       |
-----------|----------|----------|    Smoke  |0.8036   |0.7705   |0.8429   |0.8051   |
36.07      |25.35     |10.72     |    Fire   |0.9354   |0.8406   |0.9261   |0.8813   |


=== EPOCH 21/127 ===
Learning Rate = 0.000800

TRAIN Stats
Total Loss |Smoke Loss|Fire Loss |    _______|Accuracy |Precision|Recall   |F1       |
-----------|----------|----------|    Smoke  |0.7646   |0.7978   |0.6964   |0.7437   |
39.69      |27.00     |12.69     |    Fire   |0.9250   |0.8693   |0.8537   |0.8614   |

VAL Stats
Total Loss |Smoke Loss|Fire Loss |    _______|Accuracy |Precision|Recall   |F1       |
-----------|----------|----------|    Smoke  |0.8195   |0.8155   |0.8076   |0.8115   |
32.50      |23.41     |9.09      |    Fire   |0.9501   |0.9043   |0.9027   |0.9035   |

Saving model with new best validation loss: 32.501

=== EPOCH 22/127 ===
Learning Rate = 0.000800

TRAIN Stats
Total Loss |Smoke Loss|Fire Loss |    _______|Accuracy |Precision|Recall   |F1       |
-----------|----------|----------|    Smoke  |0.7702   |0.8004   |0.7080   |0.7513   |
39.29      |26.60     |12.69     |    Fire   |0.9235   |0.8715   |0.8447   |0.8579   |

VAL Stats
Total Loss |Smoke Loss|Fire Loss |    _______|Accuracy |Precision|Recall   |F1       |
-----------|----------|----------|    Smoke  |0.8153   |0.8826   |0.7106   |0.7873   |
33.90      |22.72     |11.17     |    Fire   |0.9387   |0.9669   |0.7901   |0.8696   |


=== EPOCH 23/127 ===
Learning Rate = 0.000800

TRAIN Stats
Total Loss |Smoke Loss|Fire Loss |    _______|Accuracy |Precision|Recall   |F1       |
-----------|----------|----------|    Smoke  |0.7773   |0.8046   |0.7210   |0.7605   |
38.28      |26.04     |12.24     |    Fire   |0.9243   |0.8714   |0.8481   |0.8596   |

VAL Stats
Total Loss |Smoke Loss|Fire Loss |    _______|Accuracy |Precision|Recall   |F1       |
-----------|----------|----------|    Smoke  |0.8232   |0.8579   |0.7581   |0.8049   |
31.41      |21.97     |9.44      |    Fire   |0.9496   |0.9340   |0.8667   |0.8991   |

Saving model with new best validation loss: 31.408

=== EPOCH 24/127 ===
Learning Rate = 0.000800

TRAIN Stats
Total Loss |Smoke Loss|Fire Loss |    _______|Accuracy |Precision|Recall   |F1       |
-----------|----------|----------|    Smoke  |0.7746   |0.8028   |0.7162   |0.7570   |
38.34      |26.27     |12.07     |    Fire   |0.9276   |0.8789   |0.8525   |0.8655   |

VAL Stats
Total Loss |Smoke Loss|Fire Loss |    _______|Accuracy |Precision|Recall   |F1       |
-----------|----------|----------|    Smoke  |0.8249   |0.8585   |0.7615   |0.8071   |
32.99      |21.99     |11.01     |    Fire   |0.9408   |0.9683   |0.7973   |0.8745   |


=== EPOCH 25/127 ===
Learning Rate = 0.000800

TRAIN Stats
Total Loss |Smoke Loss|Fire Loss |    _______|Accuracy |Precision|Recall   |F1       |
-----------|----------|----------|    Smoke  |0.7890   |0.8142   |0.7382   |0.7744   |
37.10      |25.16     |11.93     |    Fire   |0.9301   |0.8822   |0.8589   |0.8704   |

VAL Stats
Total Loss |Smoke Loss|Fire Loss |    _______|Accuracy |Precision|Recall   |F1       |
-----------|----------|----------|    Smoke  |0.8333   |0.7941   |0.8822   |0.8358   |
31.08      |22.41     |8.68      |    Fire   |0.9562   |0.9222   |0.9072   |0.9146   |

Saving model with new best validation loss: 31.085

=== EPOCH 26/127 ===
Learning Rate = 0.000800

TRAIN Stats
Total Loss |Smoke Loss|Fire Loss |    _______|Accuracy |Precision|Recall   |F1       |
-----------|----------|----------|    Smoke  |0.7879   |0.8116   |0.7389   |0.7735   |
37.04      |25.14     |11.89     |    Fire   |0.9297   |0.8826   |0.8565   |0.8694   |

VAL Stats
Total Loss |Smoke Loss|Fire Loss |    _______|Accuracy |Precision|Recall   |F1       |
-----------|----------|----------|    Smoke  |0.8165   |0.8617   |0.7368   |0.7944   |
31.73      |22.18     |9.55      |    Fire   |0.9461   |0.9444   |0.8414   |0.8899   |


=== EPOCH 27/127 ===
Learning Rate = 0.000800

TRAIN Stats
Total Loss |Smoke Loss|Fire Loss |    _______|Accuracy |Precision|Recall   |F1       |
-----------|----------|----------|    Smoke  |0.7895   |0.8137   |0.7401   |0.7752   |
37.03      |25.10     |11.93     |    Fire   |0.9296   |0.8817   |0.8574   |0.8694   |

VAL Stats
Total Loss |Smoke Loss|Fire Loss |    _______|Accuracy |Precision|Recall   |F1       |
-----------|----------|----------|    Smoke  |0.8440   |0.8723   |0.7916   |0.8300   |
28.92      |20.19     |8.73      |    Fire   |0.9508   |0.8926   |0.9207   |0.9064   |

Saving model with new best validation loss: 28.916

=== EPOCH 28/127 ===
Learning Rate = 0.000800

TRAIN Stats
Total Loss |Smoke Loss|Fire Loss |    _______|Accuracy |Precision|Recall   |F1       |
-----------|----------|----------|    Smoke  |0.7923   |0.8123   |0.7497   |0.7797   |
36.76      |24.87     |11.89     |    Fire   |0.9291   |0.8819   |0.8553   |0.8684   |

VAL Stats
Total Loss |Smoke Loss|Fire Loss |    _______|Accuracy |Precision|Recall   |F1       |
-----------|----------|----------|    Smoke  |0.7983   |0.8983   |0.6549   |0.7575   |
31.52      |22.13     |9.39      |    Fire   |0.9466   |0.9383   |0.8495   |0.8917   |


=== EPOCH 29/127 ===
Learning Rate = 0.000800

TRAIN Stats
Total Loss |Smoke Loss|Fire Loss |    _______|Accuracy |Precision|Recall   |F1       |
-----------|----------|----------|    Smoke  |0.7960   |0.8180   |0.7511   |0.7831   |
36.23      |24.49     |11.75     |    Fire   |0.9299   |0.8836   |0.8566   |0.8699   |

VAL Stats
Total Loss |Smoke Loss|Fire Loss |    _______|Accuracy |Precision|Recall   |F1       |
-----------|----------|----------|    Smoke  |0.8470   |0.8403   |0.8420   |0.8412   |
29.92      |20.85     |9.07      |    Fire   |0.9457   |0.8745   |0.9225   |0.8979   |


=== EPOCH 30/127 ===
Learning Rate = 0.000800

TRAIN Stats
Total Loss |Smoke Loss|Fire Loss |    _______|Accuracy |Precision|Recall   |F1       |
-----------|----------|----------|    Smoke  |0.7993   |0.8166   |0.7617   |0.7882   |
36.38      |24.53     |11.85     |    Fire   |0.9295   |0.8799   |0.8594   |0.8695   |

VAL Stats
Total Loss |Smoke Loss|Fire Loss |    _______|Accuracy |Precision|Recall   |F1       |
-----------|----------|----------|    Smoke  |0.8461   |0.8187   |0.8735   |0.8452   |
29.22      |20.19     |9.03      |    Fire   |0.9517   |0.9388   |0.8703   |0.9032   |


=== EPOCH 31/127 ===
Learning Rate = 0.000640

TRAIN Stats
Total Loss |Smoke Loss|Fire Loss |    _______|Accuracy |Precision|Recall   |F1       |
-----------|----------|----------|    Smoke  |0.8041   |0.8205   |0.7686   |0.7937   |
35.05      |23.85     |11.20     |    Fire   |0.9338   |0.8888   |0.8661   |0.8773   |

VAL Stats
Total Loss |Smoke Loss|Fire Loss |    _______|Accuracy |Precision|Recall   |F1       |
-----------|----------|----------|    Smoke  |0.8561   |0.8456   |0.8575   |0.8515   |
28.58      |19.69     |8.89      |    Fire   |0.9517   |0.9169   |0.8946   |0.9056   |

Saving model with new best validation loss: 28.577

=== EPOCH 32/127 ===
Learning Rate = 0.000640

TRAIN Stats
Total Loss |Smoke Loss|Fire Loss |    _______|Accuracy |Precision|Recall   |F1       |
-----------|----------|----------|    Smoke  |0.8079   |0.8233   |0.7743   |0.7980   |
35.07      |23.69     |11.38     |    Fire   |0.9307   |0.8798   |0.8646   |0.8721   |

VAL Stats
Total Loss |Smoke Loss|Fire Loss |    _______|Accuracy |Precision|Recall   |F1       |
-----------|----------|----------|    Smoke  |0.8552   |0.8257   |0.8861   |0.8548   |
27.14      |19.01     |8.12      |    Fire   |0.9566   |0.9425   |0.8865   |0.9136   |

Saving model with new best validation loss: 27.137

=== EPOCH 33/127 ===
Learning Rate = 0.000640

TRAIN Stats
Total Loss |Smoke Loss|Fire Loss |    _______|Accuracy |Precision|Recall   |F1       |
-----------|----------|----------|    Smoke  |0.8094   |0.8253   |0.7755   |0.7996   |
34.27      |23.35     |10.92     |    Fire   |0.9360   |0.8919   |0.8714   |0.8815   |

VAL Stats
Total Loss |Smoke Loss|Fire Loss |    _______|Accuracy |Precision|Recall   |F1       |
-----------|----------|----------|    Smoke  |0.8631   |0.8635   |0.8497   |0.8566   |
27.98      |19.16     |8.83      |    Fire   |0.9541   |0.9498   |0.8685   |0.9073   |


=== EPOCH 34/127 ===
Learning Rate = 0.000640

TRAIN Stats
Total Loss |Smoke Loss|Fire Loss |    _______|Accuracy |Precision|Recall   |F1       |
-----------|----------|----------|    Smoke  |0.8115   |0.8246   |0.7819   |0.8027   |
33.64      |23.04     |10.60     |    Fire   |0.9378   |0.8946   |0.8754   |0.8849   |

VAL Stats
Total Loss |Smoke Loss|Fire Loss |    _______|Accuracy |Precision|Recall   |F1       |
-----------|----------|----------|    Smoke  |0.8659   |0.8665   |0.8526   |0.8595   |
26.68      |18.17     |8.51      |    Fire   |0.9559   |0.9591   |0.8667   |0.9106   |

Saving model with new best validation loss: 26.677

=== EPOCH 35/127 ===
Learning Rate = 0.000640

TRAIN Stats
Total Loss |Smoke Loss|Fire Loss |    _______|Accuracy |Precision|Recall   |F1       |
-----------|----------|----------|    Smoke  |0.8170   |0.8297   |0.7887   |0.8086   |
33.71      |22.83     |10.88     |    Fire   |0.9368   |0.8918   |0.8751   |0.8833   |

VAL Stats
Total Loss |Smoke Loss|Fire Loss |    _______|Accuracy |Precision|Recall   |F1       |
-----------|----------|----------|    Smoke  |0.8615   |0.8700   |0.8371   |0.8533   |
27.18      |18.50     |8.68      |    Fire   |0.9548   |0.9447   |0.8766   |0.9093   |


=== EPOCH 36/127 ===
Learning Rate = 0.000640

TRAIN Stats
Total Loss |Smoke Loss|Fire Loss |    _______|Accuracy |Precision|Recall   |F1       |
-----------|----------|----------|    Smoke  |0.8187   |0.8334   |0.7877   |0.8099   |
33.28      |22.54     |10.75     |    Fire   |0.9380   |0.8995   |0.8706   |0.8848   |

VAL Stats
Total Loss |Smoke Loss|Fire Loss |    _______|Accuracy |Precision|Recall   |F1       |
-----------|----------|----------|    Smoke  |0.8554   |0.8873   |0.8013   |0.8421   |
27.51      |18.55     |8.96      |    Fire   |0.9487   |0.9198   |0.8784   |0.8986   |


=== EPOCH 37/127 ===
Learning Rate = 0.000640

TRAIN Stats
Total Loss |Smoke Loss|Fire Loss |    _______|Accuracy |Precision|Recall   |F1       |
-----------|----------|----------|    Smoke  |0.8162   |0.8294   |0.7869   |0.8076   |
34.03      |23.01     |11.02     |    Fire   |0.9351   |0.8878   |0.8729   |0.8803   |

VAL Stats
Total Loss |Smoke Loss|Fire Loss |    _______|Accuracy |Precision|Recall   |F1       |
-----------|----------|----------|    Smoke  |0.8671   |0.8676   |0.8541   |0.8608   |
28.14      |18.25     |9.89      |    Fire   |0.9464   |0.9671   |0.8207   |0.8879   |


=== EPOCH 38/127 ===
Learning Rate = 0.000512

TRAIN Stats
Total Loss |Smoke Loss|Fire Loss |    _______|Accuracy |Precision|Recall   |F1       |
-----------|----------|----------|    Smoke  |0.8219   |0.8329   |0.7966   |0.8143   |
32.62      |22.30     |10.32     |    Fire   |0.9386   |0.8975   |0.8752   |0.8862   |

VAL Stats
Total Loss |Smoke Loss|Fire Loss |    _______|Accuracy |Precision|Recall   |F1       |
-----------|----------|----------|    Smoke  |0.8762   |0.8559   |0.8929   |0.8740   |
26.22      |17.79     |8.44      |    Fire   |0.9559   |0.9501   |0.8757   |0.9114   |

Saving model with new best validation loss: 26.222

=== EPOCH 39/127 ===
Learning Rate = 0.000512

TRAIN Stats
Total Loss |Smoke Loss|Fire Loss |    _______|Accuracy |Precision|Recall   |F1       |
-----------|----------|----------|    Smoke  |0.8258   |0.8358   |0.8023   |0.8187   |
32.02      |21.89     |10.13     |    Fire   |0.9393   |0.8989   |0.8765   |0.8876   |

VAL Stats
Total Loss |Smoke Loss|Fire Loss |    _______|Accuracy |Precision|Recall   |F1       |
-----------|----------|----------|    Smoke  |0.8638   |0.8047   |0.9467   |0.8699   |
27.26      |19.43     |7.83      |    Fire   |0.9566   |0.9140   |0.9189   |0.9164   |


=== EPOCH 40/127 ===
Learning Rate = 0.000512

TRAIN Stats
Total Loss |Smoke Loss|Fire Loss |    _______|Accuracy |Precision|Recall   |F1       |
-----------|----------|----------|    Smoke  |0.8287   |0.8423   |0.8005   |0.8209   |
31.58      |21.54     |10.03     |    Fire   |0.9422   |0.9044   |0.8819   |0.8930   |

VAL Stats
Total Loss |Smoke Loss|Fire Loss |    _______|Accuracy |Precision|Recall   |F1       |
-----------|----------|----------|    Smoke  |0.8766   |0.8749   |0.8677   |0.8713   |
25.65      |17.67     |7.99      |    Fire   |0.9569   |0.9255   |0.9063   |0.9158   |

Saving model with new best validation loss: 25.654

=== EPOCH 41/127 ===
Learning Rate = 0.000512

TRAIN Stats
Total Loss |Smoke Loss|Fire Loss |    _______|Accuracy |Precision|Recall   |F1       |
-----------|----------|----------|    Smoke  |0.8290   |0.8394   |0.8054   |0.8220   |
31.38      |21.51     |9.87      |    Fire   |0.9425   |0.8994   |0.8891   |0.8942   |

VAL Stats
Total Loss |Smoke Loss|Fire Loss |    _______|Accuracy |Precision|Recall   |F1       |
-----------|----------|----------|    Smoke  |0.8741   |0.8911   |0.8410   |0.8653   |
26.22      |17.47     |8.75      |    Fire   |0.9531   |0.9568   |0.8577   |0.9045   |


=== EPOCH 42/127 ===
Learning Rate = 0.000512

TRAIN Stats
Total Loss |Smoke Loss|Fire Loss |    _______|Accuracy |Precision|Recall   |F1       |
-----------|----------|----------|    Smoke  |0.8340   |0.8442   |0.8113   |0.8274   |
31.35      |21.24     |10.11     |    Fire   |0.9394   |0.9010   |0.8742   |0.8874   |

VAL Stats
Total Loss |Smoke Loss|Fire Loss |    _______|Accuracy |Precision|Recall   |F1       |
-----------|----------|----------|    Smoke  |0.8729   |0.8618   |0.8764   |0.8690   |
25.19      |17.42     |7.77      |    Fire   |0.9587   |0.9268   |0.9126   |0.9197   |

Saving model with new best validation loss: 25.188

=== EPOCH 43/127 ===
Learning Rate = 0.000512

TRAIN Stats
Total Loss |Smoke Loss|Fire Loss |    _______|Accuracy |Precision|Recall   |F1       |
-----------|----------|----------|    Smoke  |0.8345   |0.8466   |0.8091   |0.8274   |
31.07      |21.28     |9.78      |    Fire   |0.9420   |0.8999   |0.8865   |0.8931   |

VAL Stats
Total Loss |Smoke Loss|Fire Loss |    _______|Accuracy |Precision|Recall   |F1       |
-----------|----------|----------|    Smoke  |0.8748   |0.9003   |0.8318   |0.8647   |
25.04      |17.02     |8.03      |    Fire   |0.9571   |0.9271   |0.9054   |0.9161   |

Saving model with new best validation loss: 25.044

=== EPOCH 44/127 ===
Learning Rate = 0.000512

TRAIN Stats
Total Loss |Smoke Loss|Fire Loss |    _______|Accuracy |Precision|Recall   |F1       |
-----------|----------|----------|    Smoke  |0.8287   |0.8367   |0.8085   |0.8224   |
31.31      |21.25     |10.06     |    Fire   |0.9395   |0.9011   |0.8749   |0.8878   |

VAL Stats
Total Loss |Smoke Loss|Fire Loss |    _______|Accuracy |Precision|Recall   |F1       |
-----------|----------|----------|    Smoke  |0.8759   |0.8985   |0.8366   |0.8665   |
24.66      |16.66     |7.99      |    Fire   |0.9576   |0.9470   |0.8856   |0.9153   |

Saving model with new best validation loss: 24.656

=== EPOCH 45/127 ===
Learning Rate = 0.000512

TRAIN Stats
Total Loss |Smoke Loss|Fire Loss |    _______|Accuracy |Precision|Recall   |F1       |
-----------|----------|----------|    Smoke  |0.8363   |0.8447   |0.8161   |0.8302   |
30.92      |20.95     |9.97      |    Fire   |0.9413   |0.8986   |0.8850   |0.8917   |

VAL Stats
Total Loss |Smoke Loss|Fire Loss |    _______|Accuracy |Precision|Recall   |F1       |
-----------|----------|----------|    Smoke  |0.8729   |0.8787   |0.8536   |0.8660   |
25.32      |17.34     |7.97      |    Fire   |0.9564   |0.9269   |0.9027   |0.9147   |


=== EPOCH 46/127 ===
Learning Rate = 0.000512

TRAIN Stats
Total Loss |Smoke Loss|Fire Loss |    _______|Accuracy |Precision|Recall   |F1       |
-----------|----------|----------|    Smoke  |0.8375   |0.8477   |0.8151   |0.8311   |
30.84      |20.91     |9.93      |    Fire   |0.9432   |0.9014   |0.8895   |0.8954   |

VAL Stats
Total Loss |Smoke Loss|Fire Loss |    _______|Accuracy |Precision|Recall   |F1       |
-----------|----------|----------|    Smoke  |0.8808   |0.8767   |0.8754   |0.8761   |
24.66      |16.59     |8.08      |    Fire   |0.9594   |0.9407   |0.9000   |0.9199   |


=== EPOCH 47/127 ===
Learning Rate = 0.000512

TRAIN Stats
Total Loss |Smoke Loss|Fire Loss |    _______|Accuracy |Precision|Recall   |F1       |
-----------|----------|----------|    Smoke  |0.8342   |0.8427   |0.8136   |0.8279   |
30.81      |20.92     |9.89      |    Fire   |0.9434   |0.9062   |0.8844   |0.8952   |

VAL Stats
Total Loss |Smoke Loss|Fire Loss |    _______|Accuracy |Precision|Recall   |F1       |
-----------|----------|----------|    Smoke  |0.8729   |0.8925   |0.8366   |0.8636   |
25.80      |16.91     |8.89      |    Fire   |0.9534   |0.9587   |0.8568   |0.9049   |


=== EPOCH 48/127 ===
Learning Rate = 0.000410

TRAIN Stats
Total Loss |Smoke Loss|Fire Loss |    _______|Accuracy |Precision|Recall   |F1       |
-----------|----------|----------|    Smoke  |0.8417   |0.8474   |0.8260   |0.8365   |
29.74      |20.07     |9.67      |    Fire   |0.9439   |0.9067   |0.8861   |0.8963   |

VAL Stats
Total Loss |Smoke Loss|Fire Loss |    _______|Accuracy |Precision|Recall   |F1       |
-----------|----------|----------|    Smoke  |0.8846   |0.8817   |0.8778   |0.8798   |
24.00      |16.37     |7.63      |    Fire   |0.9590   |0.9284   |0.9117   |0.9200   |

Saving model with new best validation loss: 24.002

=== EPOCH 49/127 ===
Learning Rate = 0.000410

TRAIN Stats
Total Loss |Smoke Loss|Fire Loss |    _______|Accuracy |Precision|Recall   |F1       |
-----------|----------|----------|    Smoke  |0.8444   |0.8512   |0.8271   |0.8390   |
29.70      |20.13     |9.57      |    Fire   |0.9449   |0.9051   |0.8918   |0.8984   |

VAL Stats
Total Loss |Smoke Loss|Fire Loss |    _______|Accuracy |Precision|Recall   |F1       |
-----------|----------|----------|    Smoke  |0.8806   |0.8903   |0.8575   |0.8736   |
23.51      |15.85     |7.66      |    Fire   |0.9583   |0.9197   |0.9189   |0.9193   |

Saving model with new best validation loss: 23.509

=== EPOCH 50/127 ===
Learning Rate = 0.000410

TRAIN Stats
Total Loss |Smoke Loss|Fire Loss |    _______|Accuracy |Precision|Recall   |F1       |
-----------|----------|----------|    Smoke  |0.8464   |0.8544   |0.8278   |0.8409   |
29.11      |19.87     |9.24      |    Fire   |0.9459   |0.9093   |0.8910   |0.9001   |

VAL Stats
Total Loss |Smoke Loss|Fire Loss |    _______|Accuracy |Precision|Recall   |F1       |
-----------|----------|----------|    Smoke  |0.8871   |0.8849   |0.8798   |0.8824   |
23.57      |15.82     |7.75      |    Fire   |0.9601   |0.9501   |0.8928   |0.9206   |


=== EPOCH 51/127 ===
Learning Rate = 0.000410

TRAIN Stats
Total Loss |Smoke Loss|Fire Loss |    _______|Accuracy |Precision|Recall   |F1       |
-----------|----------|----------|    Smoke  |0.8452   |0.8534   |0.8262   |0.8396   |
29.51      |19.92     |9.59      |    Fire   |0.9416   |0.9032   |0.8808   |0.8919   |

VAL Stats
Total Loss |Smoke Loss|Fire Loss |    _______|Accuracy |Precision|Recall   |F1       |
-----------|----------|----------|    Smoke  |0.8876   |0.8773   |0.8909   |0.8841   |
23.53      |15.86     |7.68      |    Fire   |0.9590   |0.9364   |0.9027   |0.9193   |


=== EPOCH 52/127 ===
Learning Rate = 0.000410

TRAIN Stats
Total Loss |Smoke Loss|Fire Loss |    _______|Accuracy |Precision|Recall   |F1       |
-----------|----------|----------|    Smoke  |0.8465   |0.8564   |0.8254   |0.8406   |
29.19      |19.75     |9.43      |    Fire   |0.9433   |0.9066   |0.8833   |0.8948   |

VAL Stats
Total Loss |Smoke Loss|Fire Loss |    _______|Accuracy |Precision|Recall   |F1       |
-----------|----------|----------|    Smoke  |0.8878   |0.9090   |0.8522   |0.8797   |
24.03      |15.84     |8.19      |    Fire   |0.9555   |0.9423   |0.8820   |0.9111   |


=== EPOCH 53/127 ===
Learning Rate = 0.000328

TRAIN Stats
Total Loss |Smoke Loss|Fire Loss |    _______|Accuracy |Precision|Recall   |F1       |
-----------|----------|----------|    Smoke  |0.8485   |0.8584   |0.8276   |0.8427   |
28.47      |19.35     |9.11      |    Fire   |0.9471   |0.9108   |0.8942   |0.9024   |

VAL Stats
Total Loss |Smoke Loss|Fire Loss |    _______|Accuracy |Precision|Recall   |F1       |
-----------|----------|----------|    Smoke  |0.8839   |0.9023   |0.8507   |0.8757   |
23.60      |15.80     |7.80      |    Fire   |0.9573   |0.9410   |0.8910   |0.9153   |


=== EPOCH 54/127 ===
Learning Rate = 0.000328

TRAIN Stats
Total Loss |Smoke Loss|Fire Loss |    _______|Accuracy |Precision|Recall   |F1       |
-----------|----------|----------|    Smoke  |0.8552   |0.8594   |0.8424   |0.8509   |
28.28      |19.13     |9.15      |    Fire   |0.9471   |0.9106   |0.8942   |0.9023   |

VAL Stats
Total Loss |Smoke Loss|Fire Loss |    _______|Accuracy |Precision|Recall   |F1       |
-----------|----------|----------|    Smoke  |0.8876   |0.9106   |0.8497   |0.8791   |
22.44      |15.10     |7.34      |    Fire   |0.9571   |0.9271   |0.9054   |0.9161   |

Saving model with new best validation loss: 22.439

=== EPOCH 55/127 ===
Learning Rate = 0.000328

TRAIN Stats
Total Loss |Smoke Loss|Fire Loss |    _______|Accuracy |Precision|Recall   |F1       |
-----------|----------|----------|    Smoke  |0.8509   |0.8586   |0.8331   |0.8457   |
28.24      |19.28     |8.96      |    Fire   |0.9464   |0.9086   |0.8939   |0.9012   |

VAL Stats
Total Loss |Smoke Loss|Fire Loss |    _______|Accuracy |Precision|Recall   |F1       |
-----------|----------|----------|    Smoke  |0.8801   |0.8817   |0.8672   |0.8744   |
23.49      |15.94     |7.56      |    Fire   |0.9580   |0.9395   |0.8955   |0.9170   |


=== EPOCH 56/127 ===
Learning Rate = 0.000328

TRAIN Stats
Total Loss |Smoke Loss|Fire Loss |    _______|Accuracy |Precision|Recall   |F1       |
-----------|----------|----------|    Smoke  |0.8527   |0.8600   |0.8357   |0.8477   |
28.26      |19.33     |8.93      |    Fire   |0.9445   |0.9069   |0.8882   |0.8975   |

VAL Stats
Total Loss |Smoke Loss|Fire Loss |    _______|Accuracy |Precision|Recall   |F1       |
-----------|----------|----------|    Smoke  |0.8974   |0.8830   |0.9069   |0.8948   |
21.99      |14.75     |7.24      |    Fire   |0.9601   |0.9249   |0.9207   |0.9228   |

Saving model with new best validation loss: 21.992

=== EPOCH 57/127 ===
Learning Rate = 0.000328

TRAIN Stats
Total Loss |Smoke Loss|Fire Loss |    _______|Accuracy |Precision|Recall   |F1       |
-----------|----------|----------|    Smoke  |0.8545   |0.8663   |0.8315   |0.8486   |
27.95      |18.96     |9.00      |    Fire   |0.9467   |0.9083   |0.8952   |0.9017   |

VAL Stats
Total Loss |Smoke Loss|Fire Loss |    _______|Accuracy |Precision|Recall   |F1       |
-----------|----------|----------|    Smoke  |0.8920   |0.9012   |0.8711   |0.8859   |
22.01      |14.76     |7.25      |    Fire   |0.9620   |0.9356   |0.9162   |0.9258   |


=== EPOCH 58/127 ===
Learning Rate = 0.000328

TRAIN Stats
Total Loss |Smoke Loss|Fire Loss |    _______|Accuracy |Precision|Recall   |F1       |
-----------|----------|----------|    Smoke  |0.8544   |0.8614   |0.8378   |0.8494   |
27.69      |18.90     |8.79      |    Fire   |0.9471   |0.9111   |0.8935   |0.9022   |

VAL Stats
Total Loss |Smoke Loss|Fire Loss |    _______|Accuracy |Precision|Recall   |F1       |
-----------|----------|----------|    Smoke  |0.8974   |0.9064   |0.8774   |0.8916   |
22.53      |14.86     |7.66      |    Fire   |0.9587   |0.9464   |0.8910   |0.9179   |


=== EPOCH 59/127 ===
Learning Rate = 0.000328

TRAIN Stats
Total Loss |Smoke Loss|Fire Loss |    _______|Accuracy |Precision|Recall   |F1       |
-----------|----------|----------|    Smoke  |0.8564   |0.8636   |0.8399   |0.8516   |
28.14      |18.96     |9.18      |    Fire   |0.9435   |0.9043   |0.8874   |0.8958   |

VAL Stats
Total Loss |Smoke Loss|Fire Loss |    _______|Accuracy |Precision|Recall   |F1       |
-----------|----------|----------|    Smoke  |0.9030   |0.8950   |0.9045   |0.8997   |
21.83      |14.61     |7.22      |    Fire   |0.9606   |0.9451   |0.9000   |0.9220   |

Saving model with new best validation loss: 21.835

=== EPOCH 60/127 ===
Learning Rate = 0.000328

TRAIN Stats
Total Loss |Smoke Loss|Fire Loss |    _______|Accuracy |Precision|Recall   |F1       |
-----------|----------|----------|    Smoke  |0.8584   |0.8672   |0.8399   |0.8533   |
27.49      |18.61     |8.89      |    Fire   |0.9474   |0.9067   |0.9001   |0.9034   |

VAL Stats
Total Loss |Smoke Loss|Fire Loss |    _______|Accuracy |Precision|Recall   |F1       |
-----------|----------|----------|    Smoke  |0.8981   |0.9001   |0.8866   |0.8933   |
22.64      |15.02     |7.62      |    Fire   |0.9597   |0.9441   |0.8973   |0.9201   |


=== EPOCH 61/127 ===
Learning Rate = 0.000328

TRAIN Stats
Total Loss |Smoke Loss|Fire Loss |    _______|Accuracy |Precision|Recall   |F1       |
-----------|----------|----------|    Smoke  |0.8567   |0.8653   |0.8381   |0.8515   |
27.65      |18.77     |8.88      |    Fire   |0.9482   |0.9097   |0.8999   |0.9048   |

VAL Stats
Total Loss |Smoke Loss|Fire Loss |    _______|Accuracy |Precision|Recall   |F1       |
-----------|----------|----------|    Smoke  |0.8911   |0.8939   |0.8778   |0.8858   |
22.82      |15.23     |7.59      |    Fire   |0.9566   |0.9239   |0.9072   |0.9155   |


=== EPOCH 62/127 ===
Learning Rate = 0.000328

TRAIN Stats
Total Loss |Smoke Loss|Fire Loss |    _______|Accuracy |Precision|Recall   |F1       |
-----------|----------|----------|    Smoke  |0.8630   |0.8709   |0.8460   |0.8583   |
27.16      |18.28     |8.88      |    Fire   |0.9482   |0.9116   |0.8978   |0.9046   |

VAL Stats
Total Loss |Smoke Loss|Fire Loss |    _______|Accuracy |Precision|Recall   |F1       |
-----------|----------|----------|    Smoke  |0.9011   |0.9071   |0.8851   |0.8960   |
21.99      |14.59     |7.41      |    Fire   |0.9599   |0.9343   |0.9090   |0.9215   |


=== EPOCH 63/127 ===
Learning Rate = 0.000262

TRAIN Stats
Total Loss |Smoke Loss|Fire Loss |    _______|Accuracy |Precision|Recall   |F1       |
-----------|----------|----------|    Smoke  |0.8586   |0.8652   |0.8428   |0.8539   |
27.12      |18.54     |8.58      |    Fire   |0.9484   |0.9132   |0.8963   |0.9047   |

VAL Stats
Total Loss |Smoke Loss|Fire Loss |    _______|Accuracy |Precision|Recall   |F1       |
-----------|----------|----------|    Smoke  |0.8995   |0.9206   |0.8657   |0.8923   |
21.91      |14.56     |7.35      |    Fire   |0.9611   |0.9444   |0.9027   |0.9231   |


=== EPOCH 64/127 ===
Learning Rate = 0.000262

TRAIN Stats
Total Loss |Smoke Loss|Fire Loss |    _______|Accuracy |Precision|Recall   |F1       |
-----------|----------|----------|    Smoke  |0.8595   |0.8693   |0.8398   |0.8543   |
26.94      |18.25     |8.69      |    Fire   |0.9505   |0.9192   |0.8975   |0.9082   |

VAL Stats
Total Loss |Smoke Loss|Fire Loss |    _______|Accuracy |Precision|Recall   |F1       |
-----------|----------|----------|    Smoke  |0.9046   |0.8923   |0.9118   |0.9019   |
21.30      |14.05     |7.25      |    Fire   |0.9583   |0.9153   |0.9243   |0.9198   |

Saving model with new best validation loss: 21.304
Saving model with new best smoke precision: 0.892

=== EPOCH 65/127 ===
Learning Rate = 0.000262

TRAIN Stats
Total Loss |Smoke Loss|Fire Loss |    _______|Accuracy |Precision|Recall   |F1       |
-----------|----------|----------|    Smoke  |0.8632   |0.8701   |0.8475   |0.8587   |
26.82      |18.12     |8.70      |    Fire   |0.9480   |0.9108   |0.8976   |0.9041   |

VAL Stats
Total Loss |Smoke Loss|Fire Loss |    _______|Accuracy |Precision|Recall   |F1       |
-----------|----------|----------|    Smoke  |0.9051   |0.9140   |0.8861   |0.8998   |
21.25      |14.06     |7.19      |    Fire   |0.9611   |0.9419   |0.9054   |0.9233   |

Saving model with new best validation loss: 21.247

=== EPOCH 66/127 ===
Learning Rate = 0.000262

TRAIN Stats
Total Loss |Smoke Loss|Fire Loss |    _______|Accuracy |Precision|Recall   |F1       |
-----------|----------|----------|    Smoke  |0.8601   |0.8683   |0.8424   |0.8552   |
26.59      |18.08     |8.51      |    Fire   |0.9517   |0.9196   |0.9020   |0.9107   |

VAL Stats
Total Loss |Smoke Loss|Fire Loss |    _______|Accuracy |Precision|Recall   |F1       |
-----------|----------|----------|    Smoke  |0.8955   |0.8918   |0.8909   |0.8914   |
22.20      |14.80     |7.40      |    Fire   |0.9606   |0.9401   |0.9054   |0.9224   |


=== EPOCH 67/127 ===
Learning Rate = 0.000262

TRAIN Stats
Total Loss |Smoke Loss|Fire Loss |    _______|Accuracy |Precision|Recall   |F1       |
-----------|----------|----------|    Smoke  |0.8628   |0.8708   |0.8456   |0.8580   |
27.13      |18.31     |8.81      |    Fire   |0.9486   |0.9108   |0.9001   |0.9054   |

VAL Stats
Total Loss |Smoke Loss|Fire Loss |    _______|Accuracy |Precision|Recall   |F1       |
-----------|----------|----------|    Smoke  |0.9035   |0.9008   |0.8982   |0.8995   |
21.60      |14.23     |7.37      |    Fire   |0.9590   |0.9406   |0.8982   |0.9189   |


=== EPOCH 68/127 ===
Learning Rate = 0.000262

TRAIN Stats
Total Loss |Smoke Loss|Fire Loss |    _______|Accuracy |Precision|Recall   |F1       |
-----------|----------|----------|    Smoke  |0.8607   |0.8674   |0.8449   |0.8560   |
26.62      |18.17     |8.45      |    Fire   |0.9494   |0.9148   |0.8986   |0.9066   |

VAL Stats
Total Loss |Smoke Loss|Fire Loss |    _______|Accuracy |Precision|Recall   |F1       |
-----------|----------|----------|    Smoke  |0.9009   |0.9166   |0.8735   |0.8945   |
21.58      |14.13     |7.45      |    Fire   |0.9606   |0.9451   |0.9000   |0.9220   |


=== EPOCH 69/127 ===
Learning Rate = 0.000210

TRAIN Stats
Total Loss |Smoke Loss|Fire Loss |    _______|Accuracy |Precision|Recall   |F1       |
-----------|----------|----------|    Smoke  |0.8667   |0.8745   |0.8501   |0.8621   |
25.99      |17.73     |8.26      |    Fire   |0.9517   |0.9172   |0.9048   |0.9110   |

VAL Stats
Total Loss |Smoke Loss|Fire Loss |    _______|Accuracy |Precision|Recall   |F1       |
-----------|----------|----------|    Smoke  |0.9032   |0.9153   |0.8803   |0.8975   |
21.36      |13.87     |7.49      |    Fire   |0.9592   |0.9406   |0.8991   |0.9194   |


=== EPOCH 70/127 ===
Learning Rate = 0.000210

TRAIN Stats
Total Loss |Smoke Loss|Fire Loss |    _______|Accuracy |Precision|Recall   |F1       |
-----------|----------|----------|    Smoke  |0.8656   |0.8717   |0.8513   |0.8614   |
25.96      |17.72     |8.24      |    Fire   |0.9528   |0.9206   |0.9052   |0.9129   |

VAL Stats
Total Loss |Smoke Loss|Fire Loss |    _______|Accuracy |Precision|Recall   |F1       |
-----------|----------|----------|    Smoke  |0.9062   |0.8960   |0.9108   |0.9034   |
21.53      |14.07     |7.47      |    Fire   |0.9627   |0.9567   |0.8964   |0.9256   |

Saving model with new best smoke precision: 0.896

=== EPOCH 71/127 ===
Learning Rate = 0.000210

TRAIN Stats
Total Loss |Smoke Loss|Fire Loss |    _______|Accuracy |Precision|Recall   |F1       |
-----------|----------|----------|    Smoke  |0.8712   |0.8811   |0.8524   |0.8665   |
25.59      |17.16     |8.43      |    Fire   |0.9510   |0.9193   |0.8999   |0.9095   |

VAL Stats
Total Loss |Smoke Loss|Fire Loss |    _______|Accuracy |Precision|Recall   |F1       |
-----------|----------|----------|    Smoke  |0.9067   |0.9271   |0.8749   |0.9002   |
21.13      |13.69     |7.44      |    Fire   |0.9615   |0.9583   |0.8901   |0.9229   |

Saving model with new best validation loss: 21.131
Saving model with new best smoke precision: 0.927

=== EPOCH 72/127 ===
Learning Rate = 0.000210

TRAIN Stats
Total Loss |Smoke Loss|Fire Loss |    _______|Accuracy |Precision|Recall   |F1       |
-----------|----------|----------|    Smoke  |0.8676   |0.8749   |0.8518   |0.8632   |
25.90      |17.61     |8.29      |    Fire   |0.9533   |0.9221   |0.9057   |0.9138   |

VAL Stats
Total Loss |Smoke Loss|Fire Loss |    _______|Accuracy |Precision|Recall   |F1       |
-----------|----------|----------|    Smoke  |0.9060   |0.9230   |0.8778   |0.8999   |
20.62      |13.58     |7.04      |    Fire   |0.9622   |0.9217   |0.9333   |0.9275   |

Saving model with new best validation loss: 20.621

=== EPOCH 73/127 ===
Learning Rate = 0.000210

TRAIN Stats
Total Loss |Smoke Loss|Fire Loss |    _______|Accuracy |Precision|Recall   |F1       |
-----------|----------|----------|    Smoke  |0.8656   |0.8748   |0.8471   |0.8607   |
26.13      |17.68     |8.44      |    Fire   |0.9506   |0.9177   |0.8999   |0.9087   |

VAL Stats
Total Loss |Smoke Loss|Fire Loss |    _______|Accuracy |Precision|Recall   |F1       |
-----------|----------|----------|    Smoke  |0.9102   |0.9117   |0.9006   |0.9061   |
20.46      |13.32     |7.14      |    Fire   |0.9590   |0.9230   |0.9180   |0.9205   |

Saving model with new best validation loss: 20.458
Saving model with precision > 0.9 and recall > 0.9

=== EPOCH 74/127 ===
Learning Rate = 0.000210

TRAIN Stats
Total Loss |Smoke Loss|Fire Loss |    _______|Accuracy |Precision|Recall   |F1       |
-----------|----------|----------|    Smoke  |0.8663   |0.8734   |0.8507   |0.8619   |
25.83      |17.66     |8.17      |    Fire   |0.9527   |0.9199   |0.9057   |0.9127   |

VAL Stats
Total Loss |Smoke Loss|Fire Loss |    _______|Accuracy |Precision|Recall   |F1       |
-----------|----------|----------|    Smoke  |0.9046   |0.9038   |0.8972   |0.9005   |
20.60      |13.51     |7.09      |    Fire   |0.9604   |0.9368   |0.9081   |0.9222   |


=== EPOCH 75/127 ===
Learning Rate = 0.000210

TRAIN Stats
Total Loss |Smoke Loss|Fire Loss |    _______|Accuracy |Precision|Recall   |F1       |
-----------|----------|----------|    Smoke  |0.8671   |0.8744   |0.8512   |0.8626   |
25.82      |17.60     |8.22      |    Fire   |0.9524   |0.9180   |0.9069   |0.9124   |

VAL Stats
Total Loss |Smoke Loss|Fire Loss |    _______|Accuracy |Precision|Recall   |F1       |
-----------|----------|----------|    Smoke  |0.9062   |0.9101   |0.8934   |0.9017   |
20.57      |13.56     |7.01      |    Fire   |0.9648   |0.9419   |0.9207   |0.9312   |


=== EPOCH 76/127 ===
Learning Rate = 0.000210

TRAIN Stats
Total Loss |Smoke Loss|Fire Loss |    _______|Accuracy |Precision|Recall   |F1       |
-----------|----------|----------|    Smoke  |0.8723   |0.8780   |0.8588   |0.8683   |
25.36      |17.13     |8.24      |    Fire   |0.9514   |0.9173   |0.9037   |0.9105   |

VAL Stats
Total Loss |Smoke Loss|Fire Loss |    _______|Accuracy |Precision|Recall   |F1       |
-----------|----------|----------|    Smoke  |0.9123   |0.8969   |0.9239   |0.9102   |
20.89      |13.50     |7.39      |    Fire   |0.9608   |0.9511   |0.8946   |0.9220   |


=== EPOCH 77/127 ===
Learning Rate = 0.000168

TRAIN Stats
Total Loss |Smoke Loss|Fire Loss |    _______|Accuracy |Precision|Recall   |F1       |
-----------|----------|----------|    Smoke  |0.8731   |0.8794   |0.8591   |0.8691   |
24.86      |17.01     |7.85      |    Fire   |0.9554   |0.9271   |0.9082   |0.9175   |

VAL Stats
Total Loss |Smoke Loss|Fire Loss |    _______|Accuracy |Precision|Recall   |F1       |
-----------|----------|----------|    Smoke  |0.9044   |0.9130   |0.8856   |0.8991   |
20.66      |13.82     |6.84      |    Fire   |0.9627   |0.9358   |0.9189   |0.9273   |


=== EPOCH 78/127 ===
Learning Rate = 0.000168

TRAIN Stats
Total Loss |Smoke Loss|Fire Loss |    _______|Accuracy |Precision|Recall   |F1       |
-----------|----------|----------|    Smoke  |0.8743   |0.8822   |0.8582   |0.8700   |
25.05      |16.87     |8.18      |    Fire   |0.9539   |0.9258   |0.9037   |0.9146   |

VAL Stats
Total Loss |Smoke Loss|Fire Loss |    _______|Accuracy |Precision|Recall   |F1       |
-----------|----------|----------|    Smoke  |0.9130   |0.9146   |0.9035   |0.9090   |
20.18      |13.22     |6.96      |    Fire   |0.9641   |0.9377   |0.9225   |0.9301   |

Saving model with new best validation loss: 20.175
Saving model with precision > 0.9 and recall > 0.9

=== EPOCH 79/127 ===
Learning Rate = 0.000168

TRAIN Stats
Total Loss |Smoke Loss|Fire Loss |    _______|Accuracy |Precision|Recall   |F1       |
-----------|----------|----------|    Smoke  |0.8753   |0.8829   |0.8599   |0.8712   |
25.06      |16.87     |8.19      |    Fire   |0.9522   |0.9199   |0.9037   |0.9118   |

VAL Stats
Total Loss |Smoke Loss|Fire Loss |    _______|Accuracy |Precision|Recall   |F1       |
-----------|----------|----------|    Smoke  |0.9028   |0.9132   |0.8817   |0.8972   |
20.70      |13.77     |6.92      |    Fire   |0.9667   |0.9540   |0.9153   |0.9343   |


=== EPOCH 80/127 ===
Learning Rate = 0.000168

TRAIN Stats
Total Loss |Smoke Loss|Fire Loss |    _______|Accuracy |Precision|Recall   |F1       |
-----------|----------|----------|    Smoke  |0.8704   |0.8774   |0.8552   |0.8662   |
25.08      |17.02     |8.06      |    Fire   |0.9538   |0.9206   |0.9095   |0.9150   |

VAL Stats
Total Loss |Smoke Loss|Fire Loss |    _______|Accuracy |Precision|Recall   |F1       |
-----------|----------|----------|    Smoke  |0.9130   |0.9055   |0.9147   |0.9101   |
19.86      |13.03     |6.83      |    Fire   |0.9627   |0.9295   |0.9261   |0.9278   |

Saving model with new best validation loss: 19.863
Saving model with precision > 0.9 and recall > 0.9

=== EPOCH 81/127 ===
Learning Rate = 0.000168

TRAIN Stats
Total Loss |Smoke Loss|Fire Loss |    _______|Accuracy |Precision|Recall   |F1       |
-----------|----------|----------|    Smoke  |0.8712   |0.8810   |0.8525   |0.8665   |
24.89      |16.94     |7.96      |    Fire   |0.9536   |0.9225   |0.9063   |0.9143   |

VAL Stats
Total Loss |Smoke Loss|Fire Loss |    _______|Accuracy |Precision|Recall   |F1       |
-----------|----------|----------|    Smoke  |0.9083   |0.9171   |0.8900   |0.9033   |
20.25      |13.18     |7.07      |    Fire   |0.9639   |0.9535   |0.9045   |0.9283   |


=== EPOCH 82/127 ===
Learning Rate = 0.000168

TRAIN Stats
Total Loss |Smoke Loss|Fire Loss |    _______|Accuracy |Precision|Recall   |F1       |
-----------|----------|----------|    Smoke  |0.8750   |0.8846   |0.8569   |0.8705   |
24.70      |16.67     |8.03      |    Fire   |0.9545   |0.9226   |0.9099   |0.9162   |

VAL Stats
Total Loss |Smoke Loss|Fire Loss |    _______|Accuracy |Precision|Recall   |F1       |
-----------|----------|----------|    Smoke  |0.9030   |0.9095   |0.8866   |0.8979   |
20.74      |13.64     |7.09      |    Fire   |0.9608   |0.9290   |0.9189   |0.9239   |


=== EPOCH 83/127 ===
Learning Rate = 0.000168

TRAIN Stats
Total Loss |Smoke Loss|Fire Loss |    _______|Accuracy |Precision|Recall   |F1       |
-----------|----------|----------|    Smoke  |0.8733   |0.8821   |0.8560   |0.8688   |
25.13      |17.07     |8.06      |    Fire   |0.9532   |0.9234   |0.9040   |0.9136   |

VAL Stats
Total Loss |Smoke Loss|Fire Loss |    _______|Accuracy |Precision|Recall   |F1       |
-----------|----------|----------|    Smoke  |0.9111   |0.9172   |0.8963   |0.9066   |
19.84      |12.98     |6.86      |    Fire   |0.9643   |0.9426   |0.9180   |0.9302   |

Saving model with new best validation loss: 19.843

=== EPOCH 84/127 ===
Learning Rate = 0.000168

TRAIN Stats
Total Loss |Smoke Loss|Fire Loss |    _______|Accuracy |Precision|Recall   |F1       |
-----------|----------|----------|    Smoke  |0.8753   |0.8840   |0.8585   |0.8711   |
24.70      |16.79     |7.90      |    Fire   |0.9531   |0.9192   |0.9084   |0.9138   |

VAL Stats
Total Loss |Smoke Loss|Fire Loss |    _______|Accuracy |Precision|Recall   |F1       |
-----------|----------|----------|    Smoke  |0.9042   |0.9275   |0.8686   |0.8971   |
20.27      |13.39     |6.89      |    Fire   |0.9627   |0.9318   |0.9234   |0.9276   |


=== EPOCH 85/127 ===
Learning Rate = 0.000168

TRAIN Stats
Total Loss |Smoke Loss|Fire Loss |    _______|Accuracy |Precision|Recall   |F1       |
-----------|----------|----------|    Smoke  |0.8749   |0.8827   |0.8590   |0.8707   |
24.26      |16.55     |7.70      |    Fire   |0.9557   |0.9230   |0.9144   |0.9187   |

VAL Stats
Total Loss |Smoke Loss|Fire Loss |    _______|Accuracy |Precision|Recall   |F1       |
-----------|----------|----------|    Smoke  |0.9118   |0.9128   |0.9031   |0.9079   |
20.26      |13.20     |7.06      |    Fire   |0.9639   |0.9393   |0.9198   |0.9294   |

Saving model with precision > 0.9 and recall > 0.9

=== EPOCH 86/127 ===
Learning Rate = 0.000168

TRAIN Stats
Total Loss |Smoke Loss|Fire Loss |    _______|Accuracy |Precision|Recall   |F1       |
-----------|----------|----------|    Smoke  |0.8746   |0.8796   |0.8624   |0.8709   |
24.81      |16.72     |8.09      |    Fire   |0.9524   |0.9197   |0.9050   |0.9123   |

VAL Stats
Total Loss |Smoke Loss|Fire Loss |    _______|Accuracy |Precision|Recall   |F1       |
-----------|----------|----------|    Smoke  |0.9111   |0.9139   |0.9001   |0.9070   |
20.00      |12.98     |7.03      |    Fire   |0.9606   |0.9369   |0.9090   |0.9227   |

Saving model with precision > 0.9 and recall > 0.9

=== EPOCH 87/127 ===
Learning Rate = 0.000134

TRAIN Stats
Total Loss |Smoke Loss|Fire Loss |    _______|Accuracy |Precision|Recall   |F1       |
-----------|----------|----------|    Smoke  |0.8762   |0.8825   |0.8622   |0.8723   |
24.54      |16.58     |7.95      |    Fire   |0.9531   |0.9184   |0.9093   |0.9138   |

VAL Stats
Total Loss |Smoke Loss|Fire Loss |    _______|Accuracy |Precision|Recall   |F1       |
-----------|----------|----------|    Smoke  |0.9114   |0.9111   |0.9040   |0.9075   |
19.51      |12.61     |6.90      |    Fire   |0.9608   |0.9385   |0.9081   |0.9231   |

Saving model with new best validation loss: 19.509
Saving model with precision > 0.9 and recall > 0.9

=== EPOCH 88/127 ===
Learning Rate = 0.000134

TRAIN Stats
Total Loss |Smoke Loss|Fire Loss |    _______|Accuracy |Precision|Recall   |F1       |
-----------|----------|----------|    Smoke  |0.8749   |0.8823   |0.8596   |0.8708   |
24.37      |16.70     |7.67      |    Fire   |0.9561   |0.9263   |0.9118   |0.9190   |

VAL Stats
Total Loss |Smoke Loss|Fire Loss |    _______|Accuracy |Precision|Recall   |F1       |
-----------|----------|----------|    Smoke  |0.9130   |0.9242   |0.8924   |0.9080   |
19.86      |12.84     |7.02      |    Fire   |0.9641   |0.9501   |0.9090   |0.9291   |


=== EPOCH 89/127 ===
Learning Rate = 0.000134

TRAIN Stats
Total Loss |Smoke Loss|Fire Loss |    _______|Accuracy |Precision|Recall   |F1       |
-----------|----------|----------|    Smoke  |0.8770   |0.8850   |0.8609   |0.8728   |
24.00      |16.38     |7.62      |    Fire   |0.9542   |0.9231   |0.9080   |0.9155   |

VAL Stats
Total Loss |Smoke Loss|Fire Loss |    _______|Accuracy |Precision|Recall   |F1       |
-----------|----------|----------|    Smoke  |0.9128   |0.9074   |0.9118   |0.9096   |
19.72      |12.73     |6.99      |    Fire   |0.9627   |0.9490   |0.9045   |0.9262   |

Saving model with precision > 0.9 and recall > 0.9

=== EPOCH 90/127 ===
Learning Rate = 0.000134

TRAIN Stats
Total Loss |Smoke Loss|Fire Loss |    _______|Accuracy |Precision|Recall   |F1       |
-----------|----------|----------|    Smoke  |0.8760   |0.8842   |0.8596   |0.8718   |
24.27      |16.56     |7.71      |    Fire   |0.9548   |0.9238   |0.9095   |0.9166   |

VAL Stats
Total Loss |Smoke Loss|Fire Loss |    _______|Accuracy |Precision|Recall   |F1       |
-----------|----------|----------|    Smoke  |0.9160   |0.9123   |0.9132   |0.9128   |
19.62      |12.69     |6.93      |    Fire   |0.9613   |0.9354   |0.9135   |0.9243   |

Saving model with precision > 0.9 and recall > 0.9

=== EPOCH 91/127 ===
Learning Rate = 0.000107

TRAIN Stats
Total Loss |Smoke Loss|Fire Loss |    _______|Accuracy |Precision|Recall   |F1       |
-----------|----------|----------|    Smoke  |0.8830   |0.8888   |0.8703   |0.8794   |
23.76      |16.20     |7.56      |    Fire   |0.9563   |0.9239   |0.9156   |0.9197   |

VAL Stats
Total Loss |Smoke Loss|Fire Loss |    _______|Accuracy |Precision|Recall   |F1       |
-----------|----------|----------|    Smoke  |0.9158   |0.8954   |0.9341   |0.9144   |
19.90      |12.96     |6.94      |    Fire   |0.9634   |0.9416   |0.9153   |0.9283   |


=== EPOCH 92/127 ===
Learning Rate = 0.000107

TRAIN Stats
Total Loss |Smoke Loss|Fire Loss |    _______|Accuracy |Precision|Recall   |F1       |
-----------|----------|----------|    Smoke  |0.8841   |0.8921   |0.8686   |0.8802   |
23.69      |16.08     |7.61      |    Fire   |0.9561   |0.9284   |0.9097   |0.9189   |

VAL Stats
Total Loss |Smoke Loss|Fire Loss |    _______|Accuracy |Precision|Recall   |F1       |
-----------|----------|----------|    Smoke  |0.9095   |0.9132   |0.8972   |0.9051   |
19.84      |12.92     |6.92      |    Fire   |0.9625   |0.9447   |0.9081   |0.9260   |


=== EPOCH 93/127 ===
Learning Rate = 0.000107

TRAIN Stats
Total Loss |Smoke Loss|Fire Loss |    _______|Accuracy |Precision|Recall   |F1       |
-----------|----------|----------|    Smoke  |0.8766   |0.8851   |0.8599   |0.8723   |
24.13      |16.34     |7.80      |    Fire   |0.9542   |0.9218   |0.9097   |0.9157   |

VAL Stats
Total Loss |Smoke Loss|Fire Loss |    _______|Accuracy |Precision|Recall   |F1       |
-----------|----------|----------|    Smoke  |0.9125   |0.9019   |0.9181   |0.9099   |
19.94      |13.03     |6.90      |    Fire   |0.9625   |0.9381   |0.9153   |0.9266   |

Saving model with precision > 0.9 and recall > 0.9

=== EPOCH 94/127 ===
Learning Rate = 0.000086

TRAIN Stats
Total Loss |Smoke Loss|Fire Loss |    _______|Accuracy |Precision|Recall   |F1       |
-----------|----------|----------|    Smoke  |0.8796   |0.8845   |0.8679   |0.8761   |
23.78      |16.15     |7.62      |    Fire   |0.9556   |0.9211   |0.9158   |0.9184   |

VAL Stats
Total Loss |Smoke Loss|Fire Loss |    _______|Accuracy |Precision|Recall   |F1       |
-----------|----------|----------|    Smoke  |0.9151   |0.9142   |0.9089   |0.9115   |
19.41      |12.50     |6.91      |    Fire   |0.9606   |0.9336   |0.9126   |0.9230   |

Saving model with new best validation loss: 19.411
Saving model with precision > 0.9 and recall > 0.9

=== EPOCH 95/127 ===
Learning Rate = 0.000086

TRAIN Stats
Total Loss |Smoke Loss|Fire Loss |    _______|Accuracy |Precision|Recall   |F1       |
-----------|----------|----------|    Smoke  |0.8801   |0.8885   |0.8639   |0.8760   |
23.66      |16.03     |7.63      |    Fire   |0.9561   |0.9288   |0.9093   |0.9189   |

VAL Stats
Total Loss |Smoke Loss|Fire Loss |    _______|Accuracy |Precision|Recall   |F1       |
-----------|----------|----------|    Smoke  |0.9191   |0.9173   |0.9142   |0.9158   |
19.28      |12.43     |6.85      |    Fire   |0.9632   |0.9474   |0.9081   |0.9273   |

Saving model with new best validation loss: 19.281
Saving model with precision > 0.9 and recall > 0.9

=== EPOCH 96/127 ===
Learning Rate = 0.000086

TRAIN Stats
Total Loss |Smoke Loss|Fire Loss |    _______|Accuracy |Precision|Recall   |F1       |
-----------|----------|----------|    Smoke  |0.8832   |0.8914   |0.8676   |0.8793   |
23.36      |15.97     |7.39      |    Fire   |0.9566   |0.9284   |0.9116   |0.9199   |

VAL Stats
Total Loss |Smoke Loss|Fire Loss |    _______|Accuracy |Precision|Recall   |F1       |
-----------|----------|----------|    Smoke  |0.9137   |0.9160   |0.9035   |0.9097   |
19.67      |12.79     |6.87      |    Fire   |0.9634   |0.9433   |0.9135   |0.9281   |

Saving model with precision > 0.9 and recall > 0.9

=== EPOCH 97/127 ===
Learning Rate = 0.000086

TRAIN Stats
Total Loss |Smoke Loss|Fire Loss |    _______|Accuracy |Precision|Recall   |F1       |
-----------|----------|----------|    Smoke  |0.8803   |0.8888   |0.8641   |0.8763   |
23.41      |15.99     |7.42      |    Fire   |0.9571   |0.9255   |0.9167   |0.9211   |

VAL Stats
Total Loss |Smoke Loss|Fire Loss |    _______|Accuracy |Precision|Recall   |F1       |
-----------|----------|----------|    Smoke  |0.9130   |0.9175   |0.9001   |0.9087   |
19.64      |12.62     |7.03      |    Fire   |0.9632   |0.9482   |0.9072   |0.9273   |

Saving model with precision > 0.9 and recall > 0.9

=== EPOCH 98/127 ===
Learning Rate = 0.000086

TRAIN Stats
Total Loss |Smoke Loss|Fire Loss |    _______|Accuracy |Precision|Recall   |F1       |
-----------|----------|----------|    Smoke  |0.8865   |0.8933   |0.8727   |0.8829   |
23.39      |15.90     |7.49      |    Fire   |0.9570   |0.9262   |0.9154   |0.9208   |

VAL Stats
Total Loss |Smoke Loss|Fire Loss |    _______|Accuracy |Precision|Recall   |F1       |
-----------|----------|----------|    Smoke  |0.9130   |0.9150   |0.9031   |0.9090   |
19.49      |12.61     |6.88      |    Fire   |0.9653   |0.9512   |0.9126   |0.9315   |

Saving model with precision > 0.9 and recall > 0.9

=== EPOCH 99/127 ===
Learning Rate = 0.000069

TRAIN Stats
Total Loss |Smoke Loss|Fire Loss |    _______|Accuracy |Precision|Recall   |F1       |
-----------|----------|----------|    Smoke  |0.8862   |0.8914   |0.8746   |0.8829   |
22.94      |15.47     |7.47      |    Fire   |0.9570   |0.9277   |0.9137   |0.9207   |

VAL Stats
Total Loss |Smoke Loss|Fire Loss |    _______|Accuracy |Precision|Recall   |F1       |
-----------|----------|----------|    Smoke  |0.9205   |0.9176   |0.9171   |0.9173   |
19.28      |12.24     |7.05      |    Fire   |0.9643   |0.9476   |0.9126   |0.9298   |

Saving model with precision > 0.9 and recall > 0.9

=== EPOCH 100/127 ===
Learning Rate = 0.000069

TRAIN Stats
Total Loss |Smoke Loss|Fire Loss |    _______|Accuracy |Precision|Recall   |F1       |
-----------|----------|----------|    Smoke  |0.8858   |0.8915   |0.8734   |0.8824   |
23.31      |15.74     |7.57      |    Fire   |0.9560   |0.9247   |0.9133   |0.9190   |

VAL Stats
Total Loss |Smoke Loss|Fire Loss |    _______|Accuracy |Precision|Recall   |F1       |
-----------|----------|----------|    Smoke  |0.9135   |0.9312   |0.8856   |0.9078   |
19.39      |12.54     |6.86      |    Fire   |0.9643   |0.9476   |0.9126   |0.9298   |

Saving model with new best smoke precision: 0.931

=== EPOCH 101/127 ===
Learning Rate = 0.000069

TRAIN Stats
Total Loss |Smoke Loss|Fire Loss |    _______|Accuracy |Precision|Recall   |F1       |
-----------|----------|----------|    Smoke  |0.8803   |0.8869   |0.8664   |0.8765   |
23.15      |15.84     |7.31      |    Fire   |0.9560   |0.9258   |0.9120   |0.9189   |

VAL Stats
Total Loss |Smoke Loss|Fire Loss |    _______|Accuracy |Precision|Recall   |F1       |
-----------|----------|----------|    Smoke  |0.9060   |0.9261   |0.8745   |0.8995   |
19.99      |13.05     |6.94      |    Fire   |0.9611   |0.9444   |0.9027   |0.9231   |


=== EPOCH 102/127 ===
Learning Rate = 0.000055

TRAIN Stats
Total Loss |Smoke Loss|Fire Loss |    _______|Accuracy |Precision|Recall   |F1       |
-----------|----------|----------|    Smoke  |0.8828   |0.8889   |0.8696   |0.8791   |
23.09      |15.80     |7.30      |    Fire   |0.9569   |0.9251   |0.9165   |0.9208   |

VAL Stats
Total Loss |Smoke Loss|Fire Loss |    _______|Accuracy |Precision|Recall   |F1       |
-----------|----------|----------|    Smoke  |0.9153   |0.9114   |0.9127   |0.9121   |
19.39      |12.40     |6.98      |    Fire   |0.9629   |0.9456   |0.9090   |0.9270   |

Saving model with precision > 0.9 and recall > 0.9

=== EPOCH 103/127 ===
Learning Rate = 0.000055

TRAIN Stats
Total Loss |Smoke Loss|Fire Loss |    _______|Accuracy |Precision|Recall   |F1       |
-----------|----------|----------|    Smoke  |0.8832   |0.8911   |0.8679   |0.8793   |
22.92      |15.54     |7.38      |    Fire   |0.9578   |0.9300   |0.9146   |0.9222   |

VAL Stats
Total Loss |Smoke Loss|Fire Loss |    _______|Accuracy |Precision|Recall   |F1       |
-----------|----------|----------|    Smoke  |0.9156   |0.9217   |0.9011   |0.9113   |
19.32      |12.49     |6.83      |    Fire   |0.9634   |0.9433   |0.9135   |0.9281   |

Saving model with precision > 0.9 and recall > 0.9

=== EPOCH 104/127 ===
Learning Rate = 0.000055

TRAIN Stats
Total Loss |Smoke Loss|Fire Loss |    _______|Accuracy |Precision|Recall   |F1       |
-----------|----------|----------|    Smoke  |0.8850   |0.8930   |0.8698   |0.8812   |
23.05      |15.79     |7.27      |    Fire   |0.9572   |0.9274   |0.9150   |0.9212   |

VAL Stats
Total Loss |Smoke Loss|Fire Loss |    _______|Accuracy |Precision|Recall   |F1       |
-----------|----------|----------|    Smoke  |0.9165   |0.9054   |0.9229   |0.9141   |
19.42      |12.47     |6.95      |    Fire   |0.9615   |0.9339   |0.9162   |0.9250   |

Saving model with precision > 0.9 and recall > 0.9

=== EPOCH 105/127 ===
Learning Rate = 0.000044

TRAIN Stats
Total Loss |Smoke Loss|Fire Loss |    _______|Accuracy |Precision|Recall   |F1       |
-----------|----------|----------|    Smoke  |0.8834   |0.8918   |0.8673   |0.8794   |
23.15      |15.65     |7.50      |    Fire   |0.9568   |0.9260   |0.9152   |0.9206   |

VAL Stats
Total Loss |Smoke Loss|Fire Loss |    _______|Accuracy |Precision|Recall   |F1       |
-----------|----------|----------|    Smoke  |0.9142   |0.9252   |0.8938   |0.9093   |
19.26      |12.45     |6.81      |    Fire   |0.9627   |0.9374   |0.9171   |0.9271   |

Saving model with new best validation loss: 19.260

=== EPOCH 106/127 ===
Learning Rate = 0.000044

TRAIN Stats
Total Loss |Smoke Loss|Fire Loss |    _______|Accuracy |Precision|Recall   |F1       |
-----------|----------|----------|    Smoke  |0.8866   |0.8945   |0.8716   |0.8829   |
23.03      |15.52     |7.51      |    Fire   |0.9548   |0.9244   |0.9091   |0.9166   |

VAL Stats
Total Loss |Smoke Loss|Fire Loss |    _______|Accuracy |Precision|Recall   |F1       |
-----------|----------|----------|    Smoke  |0.9174   |0.9241   |0.9026   |0.9132   |
19.01      |12.24     |6.77      |    Fire   |0.9629   |0.9423   |0.9126   |0.9272   |

Saving model with new best validation loss: 19.007
Saving model with precision > 0.9 and recall > 0.9

=== EPOCH 107/127 ===
Learning Rate = 0.000044

TRAIN Stats
Total Loss |Smoke Loss|Fire Loss |    _______|Accuracy |Precision|Recall   |F1       |
-----------|----------|----------|    Smoke  |0.8877   |0.8919   |0.8773   |0.8845   |
22.60      |15.36     |7.24      |    Fire   |0.9580   |0.9317   |0.9133   |0.9224   |

VAL Stats
Total Loss |Smoke Loss|Fire Loss |    _______|Accuracy |Precision|Recall   |F1       |
-----------|----------|----------|    Smoke  |0.9118   |0.9160   |0.8992   |0.9075   |
19.47      |12.57     |6.90      |    Fire   |0.9620   |0.9405   |0.9108   |0.9254   |


=== EPOCH 108/127 ===
Learning Rate = 0.000044

TRAIN Stats
Total Loss |Smoke Loss|Fire Loss |    _______|Accuracy |Precision|Recall   |F1       |
-----------|----------|----------|    Smoke  |0.8850   |0.8927   |0.8702   |0.8813   |
22.80      |15.48     |7.32      |    Fire   |0.9575   |0.9279   |0.9159   |0.9218   |

VAL Stats
Total Loss |Smoke Loss|Fire Loss |    _______|Accuracy |Precision|Recall   |F1       |
-----------|----------|----------|    Smoke  |0.9165   |0.9218   |0.9031   |0.9123   |
19.12      |12.24     |6.88      |    Fire   |0.9611   |0.9411   |0.9063   |0.9234   |

Saving model with precision > 0.9 and recall > 0.9

=== EPOCH 109/127 ===
Learning Rate = 0.000044

TRAIN Stats
Total Loss |Smoke Loss|Fire Loss |    _______|Accuracy |Precision|Recall   |F1       |
-----------|----------|----------|    Smoke  |0.8908   |0.8984   |0.8765   |0.8873   |
22.59      |15.20     |7.39      |    Fire   |0.9561   |0.9264   |0.9120   |0.9192   |

VAL Stats
Total Loss |Smoke Loss|Fire Loss |    _______|Accuracy |Precision|Recall   |F1       |
-----------|----------|----------|    Smoke  |0.9163   |0.9156   |0.9098   |0.9127   |
19.03      |12.24     |6.79      |    Fire   |0.9625   |0.9389   |0.9144   |0.9265   |

Saving model with precision > 0.9 and recall > 0.9

=== EPOCH 110/127 ===
Learning Rate = 0.000035

TRAIN Stats
Total Loss |Smoke Loss|Fire Loss |    _______|Accuracy |Precision|Recall   |F1       |
-----------|----------|----------|    Smoke  |0.8814   |0.8878   |0.8678   |0.8777   |
23.23      |15.92     |7.31      |    Fire   |0.9583   |0.9281   |0.9186   |0.9233   |

VAL Stats
Total Loss |Smoke Loss|Fire Loss |    _______|Accuracy |Precision|Recall   |F1       |
-----------|----------|----------|    Smoke  |0.9179   |0.9200   |0.9084   |0.9141   |
19.02      |12.19     |6.83      |    Fire   |0.9625   |0.9389   |0.9144   |0.9265   |

Saving model with precision > 0.9 and recall > 0.9

=== EPOCH 111/127 ===
Learning Rate = 0.000035

TRAIN Stats
Total Loss |Smoke Loss|Fire Loss |    _______|Accuracy |Precision|Recall   |F1       |
-----------|----------|----------|    Smoke  |0.8881   |0.8980   |0.8706   |0.8841   |
22.66      |15.40     |7.26      |    Fire   |0.9564   |0.9272   |0.9122   |0.9197   |

VAL Stats
Total Loss |Smoke Loss|Fire Loss |    _______|Accuracy |Precision|Recall   |F1       |
-----------|----------|----------|    Smoke  |0.9163   |0.9251   |0.8987   |0.9117   |
19.05      |12.29     |6.76      |    Fire   |0.9636   |0.9425   |0.9153   |0.9287   |


=== EPOCH 112/127 ===
Learning Rate = 0.000035

TRAIN Stats
Total Loss |Smoke Loss|Fire Loss |    _______|Accuracy |Precision|Recall   |F1       |
-----------|----------|----------|    Smoke  |0.8854   |0.8913   |0.8727   |0.8819   |
22.45      |15.28     |7.16      |    Fire   |0.9590   |0.9320   |0.9171   |0.9245   |

VAL Stats
Total Loss |Smoke Loss|Fire Loss |    _______|Accuracy |Precision|Recall   |F1       |
-----------|----------|----------|    Smoke  |0.9158   |0.9230   |0.9001   |0.9114   |
18.98      |12.18     |6.81      |    Fire   |0.9641   |0.9426   |0.9171   |0.9297   |

Saving model with new best validation loss: 18.983
Saving model with precision > 0.9 and recall > 0.9

=== EPOCH 113/127 ===
Learning Rate = 0.000035

TRAIN Stats
Total Loss |Smoke Loss|Fire Loss |    _______|Accuracy |Precision|Recall   |F1       |
-----------|----------|----------|    Smoke  |0.8877   |0.8960   |0.8721   |0.8839   |
22.27      |15.28     |6.99      |    Fire   |0.9596   |0.9321   |0.9190   |0.9255   |

VAL Stats
Total Loss |Smoke Loss|Fire Loss |    _______|Accuracy |Precision|Recall   |F1       |
-----------|----------|----------|    Smoke  |0.9116   |0.9257   |0.8875   |0.9062   |
19.19      |12.31     |6.88      |    Fire   |0.9641   |0.9434   |0.9162   |0.9296   |


=== EPOCH 114/127 ===
Learning Rate = 0.000035

TRAIN Stats
Total Loss |Smoke Loss|Fire Loss |    _______|Accuracy |Precision|Recall   |F1       |
-----------|----------|----------|    Smoke  |0.8877   |0.8933   |0.8756   |0.8844   |
22.48      |15.15     |7.33      |    Fire   |0.9578   |0.9294   |0.9150   |0.9222   |

VAL Stats
Total Loss |Smoke Loss|Fire Loss |    _______|Accuracy |Precision|Recall   |F1       |
-----------|----------|----------|    Smoke  |0.9137   |0.9189   |0.9001   |0.9094   |
19.10      |12.23     |6.86      |    Fire   |0.9636   |0.9433   |0.9144   |0.9286   |

Saving model with precision > 0.9 and recall > 0.9

=== EPOCH 115/127 ===
Learning Rate = 0.000035

TRAIN Stats
Total Loss |Smoke Loss|Fire Loss |    _______|Accuracy |Precision|Recall   |F1       |
-----------|----------|----------|    Smoke  |0.8901   |0.8970   |0.8766   |0.8866   |
22.40      |15.25     |7.15      |    Fire   |0.9579   |0.9298   |0.9150   |0.9224   |

VAL Stats
Total Loss |Smoke Loss|Fire Loss |    _______|Accuracy |Precision|Recall   |F1       |
-----------|----------|----------|    Smoke  |0.9177   |0.9241   |0.9031   |0.9135   |
19.03      |12.18     |6.85      |    Fire   |0.9639   |0.9475   |0.9108   |0.9288   |

Saving model with precision > 0.9 and recall > 0.9

=== EPOCH 116/127 ===
Learning Rate = 0.000028

TRAIN Stats
Total Loss |Smoke Loss|Fire Loss |    _______|Accuracy |Precision|Recall   |F1       |
-----------|----------|----------|    Smoke  |0.8885   |0.8945   |0.8759   |0.8851   |
22.22      |14.95     |7.27      |    Fire   |0.9584   |0.9320   |0.9145   |0.9232   |

VAL Stats
Total Loss |Smoke Loss|Fire Loss |    _______|Accuracy |Precision|Recall   |F1       |
-----------|----------|----------|    Smoke  |0.9137   |0.9277   |0.8900   |0.9085   |
19.19      |12.38     |6.81      |    Fire   |0.9618   |0.9421   |0.9081   |0.9248   |


=== EPOCH 117/127 ===
Learning Rate = 0.000028

TRAIN Stats
Total Loss |Smoke Loss|Fire Loss |    _______|Accuracy |Precision|Recall   |F1       |
-----------|----------|----------|    Smoke  |0.8859   |0.8936   |0.8710   |0.8821   |
22.73      |15.37     |7.36      |    Fire   |0.9575   |0.9301   |0.9133   |0.9216   |

VAL Stats
Total Loss |Smoke Loss|Fire Loss |    _______|Accuracy |Precision|Recall   |F1       |
-----------|----------|----------|    Smoke  |0.9174   |0.9224   |0.9045   |0.9134   |
18.83      |12.06     |6.77      |    Fire   |0.9622   |0.9430   |0.9090   |0.9257   |

Saving model with new best validation loss: 18.835
Saving model with precision > 0.9 and recall > 0.9

=== EPOCH 118/127 ===
Learning Rate = 0.000028

TRAIN Stats
Total Loss |Smoke Loss|Fire Loss |    _______|Accuracy |Precision|Recall   |F1       |
-----------|----------|----------|    Smoke  |0.8881   |0.8929   |0.8769   |0.8848   |
22.51      |15.19     |7.32      |    Fire   |0.9574   |0.9262   |0.9171   |0.9216   |

VAL Stats
Total Loss |Smoke Loss|Fire Loss |    _______|Accuracy |Precision|Recall   |F1       |
-----------|----------|----------|    Smoke  |0.9151   |0.9241   |0.8972   |0.9105   |
19.30      |12.35     |6.94      |    Fire   |0.9632   |0.9516   |0.9036   |0.9270   |


=== EPOCH 119/127 ===
Learning Rate = 0.000028

TRAIN Stats
Total Loss |Smoke Loss|Fire Loss |    _______|Accuracy |Precision|Recall   |F1       |
-----------|----------|----------|    Smoke  |0.8885   |0.8937   |0.8769   |0.8852   |
22.51      |15.22     |7.29      |    Fire   |0.9575   |0.9303   |0.9131   |0.9216   |

VAL Stats
Total Loss |Smoke Loss|Fire Loss |    _______|Accuracy |Precision|Recall   |F1       |
-----------|----------|----------|    Smoke  |0.9167   |0.9256   |0.8992   |0.9122   |
18.96      |12.13     |6.83      |    Fire   |0.9634   |0.9474   |0.9090   |0.9278   |


=== EPOCH 120/127 ===
Learning Rate = 0.000028

TRAIN Stats
Total Loss |Smoke Loss|Fire Loss |    _______|Accuracy |Precision|Recall   |F1       |
-----------|----------|----------|    Smoke  |0.8891   |0.8939   |0.8781   |0.8859   |
22.31      |15.03     |7.28      |    Fire   |0.9575   |0.9282   |0.9152   |0.9217   |

VAL Stats
Total Loss |Smoke Loss|Fire Loss |    _______|Accuracy |Precision|Recall   |F1       |
-----------|----------|----------|    Smoke  |0.9156   |0.9285   |0.8934   |0.9106   |
19.25      |12.33     |6.92      |    Fire   |0.9639   |0.9500   |0.9081   |0.9286   |


=== EPOCH 121/127 ===
Learning Rate = 0.000023

TRAIN Stats
Total Loss |Smoke Loss|Fire Loss |    _______|Accuracy |Precision|Recall   |F1       |
-----------|----------|----------|    Smoke  |0.8899   |0.8938   |0.8801   |0.8869   |
22.35      |15.16     |7.18      |    Fire   |0.9579   |0.9300   |0.9150   |0.9225   |

VAL Stats
Total Loss |Smoke Loss|Fire Loss |    _______|Accuracy |Precision|Recall   |F1       |
-----------|----------|----------|    Smoke  |0.9181   |0.9233   |0.9050   |0.9141   |
19.07      |12.27     |6.80      |    Fire   |0.9629   |0.9399   |0.9153   |0.9274   |

Saving model with precision > 0.9 and recall > 0.9

=== EPOCH 122/127 ===
Learning Rate = 0.000023

TRAIN Stats
Total Loss |Smoke Loss|Fire Loss |    _______|Accuracy |Precision|Recall   |F1       |
-----------|----------|----------|    Smoke  |0.8924   |0.8979   |0.8808   |0.8893   |
22.31      |15.03     |7.28      |    Fire   |0.9570   |0.9250   |0.9169   |0.9209   |

VAL Stats
Total Loss |Smoke Loss|Fire Loss |    _______|Accuracy |Precision|Recall   |F1       |
-----------|----------|----------|    Smoke  |0.9165   |0.9265   |0.8977   |0.9119   |
19.24      |12.25     |6.99      |    Fire   |0.9641   |0.9552   |0.9036   |0.9287   |


=== EPOCH 123/127 ===
Learning Rate = 0.000023

TRAIN Stats
Total Loss |Smoke Loss|Fire Loss |    _______|Accuracy |Precision|Recall   |F1       |
-----------|----------|----------|    Smoke  |0.8884   |0.8927   |0.8779   |0.8852   |
22.39      |15.01     |7.38      |    Fire   |0.9574   |0.9275   |0.9158   |0.9216   |

VAL Stats
Total Loss |Smoke Loss|Fire Loss |    _______|Accuracy |Precision|Recall   |F1       |
-----------|----------|----------|    Smoke  |0.9172   |0.9274   |0.8982   |0.9126   |
19.13      |12.24     |6.89      |    Fire   |0.9618   |0.9429   |0.9072   |0.9247   |


=== EPOCH 124/127 ===
Learning Rate = 0.000018

TRAIN Stats
Total Loss |Smoke Loss|Fire Loss |    _______|Accuracy |Precision|Recall   |F1       |
-----------|----------|----------|    Smoke  |0.8881   |0.8985   |0.8702   |0.8841   |
22.70      |15.29     |7.41      |    Fire   |0.9577   |0.9299   |0.9139   |0.9219   |

VAL Stats
Total Loss |Smoke Loss|Fire Loss |    _______|Accuracy |Precision|Recall   |F1       |
-----------|----------|----------|    Smoke  |0.9219   |0.9219   |0.9152   |0.9185   |
18.83      |11.94     |6.89      |    Fire   |0.9622   |0.9438   |0.9081   |0.9256   |

Saving model with new best validation loss: 18.829
Saving model with precision > 0.9 and recall > 0.9

=== EPOCH 125/127 ===
Learning Rate = 0.000018

TRAIN Stats
Total Loss |Smoke Loss|Fire Loss |    _______|Accuracy |Precision|Recall   |F1       |
-----------|----------|----------|    Smoke  |0.8884   |0.8935   |0.8768   |0.8851   |
22.18      |15.08     |7.10      |    Fire   |0.9576   |0.9235   |0.9211   |0.9223   |

VAL Stats
Total Loss |Smoke Loss|Fire Loss |    _______|Accuracy |Precision|Recall   |F1       |
-----------|----------|----------|    Smoke  |0.9195   |0.9178   |0.9147   |0.9162   |
18.85      |12.06     |6.79      |    Fire   |0.9625   |0.9381   |0.9153   |0.9266   |

Saving model with precision > 0.9 and recall > 0.9

=== EPOCH 126/127 ===
Learning Rate = 0.000018

TRAIN Stats
Total Loss |Smoke Loss|Fire Loss |    _______|Accuracy |Precision|Recall   |F1       |
-----------|----------|----------|    Smoke  |0.8929   |0.9000   |0.8791   |0.8895   |
21.97      |14.88     |7.09      |    Fire   |0.9596   |0.9340   |0.9171   |0.9255   |

VAL Stats
Total Loss |Smoke Loss|Fire Loss |    _______|Accuracy |Precision|Recall   |F1       |
-----------|----------|----------|    Smoke  |0.9184   |0.9246   |0.9040   |0.9142   |
19.08      |12.18     |6.90      |    Fire   |0.9632   |0.9491   |0.9063   |0.9272   |

Saving model with precision > 0.9 and recall > 0.9

=== EPOCH 127/127 ===
Learning Rate = 0.000018

TRAIN Stats
Total Loss |Smoke Loss|Fire Loss |    _______|Accuracy |Precision|Recall   |F1       |
-----------|----------|----------|    Smoke  |0.8883   |0.8932   |0.8771   |0.8851   |
22.12      |15.20     |6.93      |    Fire   |0.9598   |0.9325   |0.9194   |0.9259   |

VAL Stats
Total Loss |Smoke Loss|Fire Loss |    _______|Accuracy |Precision|Recall   |F1       |
-----------|----------|----------|    Smoke  |0.9174   |0.9245   |0.9021   |0.9132   |
19.03      |12.20     |6.83      |    Fire   |0.9641   |0.9467   |0.9126   |0.9294   |

Saving model with precision > 0.9 and recall > 0.9
Saving last model

***Script finished: 08:27:47

Time elapsed: 0:51:49.706842
