BED Classifier XS Tiny.
	One Head.
	255 Normalization.
	Weighted for Precision.
	Modules.
	Losses and Metrics Loggers.
	More checkpoints.
	QAT with Neural Compressor.


TRAIN DFIRE dataset
	Train dataset len: 17221
TEST DFire dataset
	Test dataset len: 4306

Using BED Classifier

Trainable parameters = 93266
Total parameters = 93266

Model shape is tensor([[-0.1638, -0.4203],
        [-0.1156, -0.3049],
        [-0.1463, -0.3181],
        [-0.1381, -0.2849]], device='cuda:0', grad_fn=<AddmmBackward0>)
BED Model Arquitecture
BED_CLASSIFIER(
  (model): Sequential(
    (conv1): Conv2d(3, 32, kernel_size=(3, 3), stride=(1, 1), padding=(1, 1), bias=False)
    (bn1): BatchNorm2d(32, eps=1e-05, momentum=0.1, affine=True, track_running_stats=True)
    (relu1): ReLU()
    (dropout1): Dropout2d(p=0.3, inplace=False)
    (maxpool2): MaxPool2d(kernel_size=2, stride=2, padding=0, dilation=1, ceil_mode=False)
    (conv2): Conv2d(32, 16, kernel_size=(3, 3), stride=(1, 1), padding=(1, 1), bias=False)
    (bn2): BatchNorm2d(16, eps=1e-05, momentum=0.1, affine=True, track_running_stats=True)
    (relu2): ReLU()
    (dropout2): Dropout2d(p=0.3, inplace=False)
    (maxpool3): MaxPool2d(kernel_size=2, stride=2, padding=0, dilation=1, ceil_mode=False)
    (conv31): Conv2d(16, 16, kernel_size=(1, 1), stride=(1, 1), bias=False)
    (bn31): BatchNorm2d(16, eps=1e-05, momentum=0.1, affine=True, track_running_stats=True)
    (relu31): ReLU()
    (conv32): Conv2d(16, 32, kernel_size=(3, 3), stride=(1, 1), padding=(1, 1), bias=False)
    (bn32): BatchNorm2d(32, eps=1e-05, momentum=0.1, affine=True, track_running_stats=True)
    (relu32): ReLU()
    (conv33): Conv2d(32, 32, kernel_size=(1, 1), stride=(1, 1), bias=False)
    (bn33): BatchNorm2d(32, eps=1e-05, momentum=0.1, affine=True, track_running_stats=True)
    (relu33): ReLU()
    (conv34): Conv2d(32, 64, kernel_size=(3, 3), stride=(1, 1), padding=(1, 1), bias=False)
    (bn34): BatchNorm2d(64, eps=1e-05, momentum=0.1, affine=True, track_running_stats=True)
    (relu34): ReLU()
    (maxpool4): MaxPool2d(kernel_size=2, stride=2, padding=0, dilation=1, ceil_mode=False)
    (conv41): Conv2d(64, 32, kernel_size=(1, 1), stride=(1, 1), bias=False)
    (bn41): BatchNorm2d(32, eps=1e-05, momentum=0.1, affine=True, track_running_stats=True)
    (relu41): ReLU()
    (conv42): Conv2d(32, 64, kernel_size=(3, 3), stride=(1, 1), padding=(1, 1), bias=False)
    (bn42): BatchNorm2d(64, eps=1e-05, momentum=0.1, affine=True, track_running_stats=True)
    (relu42): ReLU()
    (conv43): Conv2d(64, 32, kernel_size=(1, 1), stride=(1, 1), bias=False)
    (bn43): BatchNorm2d(32, eps=1e-05, momentum=0.1, affine=True, track_running_stats=True)
    (relu43): ReLU()
    (conv44): Conv2d(32, 64, kernel_size=(3, 3), stride=(1, 1), padding=(1, 1), bias=False)
    (bn44): BatchNorm2d(64, eps=1e-05, momentum=0.1, affine=True, track_running_stats=True)
    (relu44): ReLU()
    (conv45): Conv2d(64, 32, kernel_size=(1, 1), stride=(1, 1), bias=False)
    (bn45): BatchNorm2d(32, eps=1e-05, momentum=0.1, affine=True, track_running_stats=True)
    (relu45): ReLU()
    (conv46): Conv2d(32, 64, kernel_size=(3, 3), stride=(1, 1), padding=(1, 1), bias=False)
    (bn46): BatchNorm2d(64, eps=1e-05, momentum=0.1, affine=True, track_running_stats=True)
    (relu46): ReLU()
    (avgpool5): AdaptiveAvgPool2d(output_size=(1, 1))
    (flatten5): Flatten(start_dim=1, end_dim=-1)
    (dropout5): Dropout(p=0.2, inplace=False)
    (linear51): Linear(in_features=64, out_features=16, bias=True)
    (relu5): ReLU()
    (linear52): Linear(in_features=16, out_features=2, bias=True)
  )
)
==========================================================================================
Layer (type:depth-idx)                   Output Shape              Param #
==========================================================================================
BED_CLASSIFIER                           [64, 2]                   --
├─Sequential: 1-1                        [64, 2]                   --
│    └─Conv2d: 2-1                       [64, 32, 224, 224]        864
│    └─BatchNorm2d: 2-2                  [64, 32, 224, 224]        64
│    └─ReLU: 2-3                         [64, 32, 224, 224]        --
│    └─Dropout2d: 2-4                    [64, 32, 224, 224]        --
│    └─MaxPool2d: 2-5                    [64, 32, 112, 112]        --
│    └─Conv2d: 2-6                       [64, 16, 112, 112]        4,608
│    └─BatchNorm2d: 2-7                  [64, 16, 112, 112]        32
│    └─ReLU: 2-8                         [64, 16, 112, 112]        --
│    └─Dropout2d: 2-9                    [64, 16, 112, 112]        --
│    └─MaxPool2d: 2-10                   [64, 16, 56, 56]          --
│    └─Conv2d: 2-11                      [64, 16, 56, 56]          256
│    └─BatchNorm2d: 2-12                 [64, 16, 56, 56]          32
│    └─ReLU: 2-13                        [64, 16, 56, 56]          --
│    └─Conv2d: 2-14                      [64, 32, 56, 56]          4,608
│    └─BatchNorm2d: 2-15                 [64, 32, 56, 56]          64
│    └─ReLU: 2-16                        [64, 32, 56, 56]          --
│    └─Conv2d: 2-17                      [64, 32, 56, 56]          1,024
│    └─BatchNorm2d: 2-18                 [64, 32, 56, 56]          64
│    └─ReLU: 2-19                        [64, 32, 56, 56]          --
│    └─Conv2d: 2-20                      [64, 64, 56, 56]          18,432
│    └─BatchNorm2d: 2-21                 [64, 64, 56, 56]          128
│    └─ReLU: 2-22                        [64, 64, 56, 56]          --
│    └─MaxPool2d: 2-23                   [64, 64, 28, 28]          --
│    └─Conv2d: 2-24                      [64, 32, 28, 28]          2,048
│    └─BatchNorm2d: 2-25                 [64, 32, 28, 28]          64
│    └─ReLU: 2-26                        [64, 32, 28, 28]          --
│    └─Conv2d: 2-27                      [64, 64, 28, 28]          18,432
│    └─BatchNorm2d: 2-28                 [64, 64, 28, 28]          128
│    └─ReLU: 2-29                        [64, 64, 28, 28]          --
│    └─Conv2d: 2-30                      [64, 32, 28, 28]          2,048
│    └─BatchNorm2d: 2-31                 [64, 32, 28, 28]          64
│    └─ReLU: 2-32                        [64, 32, 28, 28]          --
│    └─Conv2d: 2-33                      [64, 64, 28, 28]          18,432
│    └─BatchNorm2d: 2-34                 [64, 64, 28, 28]          128
│    └─ReLU: 2-35                        [64, 64, 28, 28]          --
│    └─Conv2d: 2-36                      [64, 32, 28, 28]          2,048
│    └─BatchNorm2d: 2-37                 [64, 32, 28, 28]          64
│    └─ReLU: 2-38                        [64, 32, 28, 28]          --
│    └─Conv2d: 2-39                      [64, 64, 28, 28]          18,432
│    └─BatchNorm2d: 2-40                 [64, 64, 28, 28]          128
│    └─ReLU: 2-41                        [64, 64, 28, 28]          --
│    └─AdaptiveAvgPool2d: 2-42           [64, 64, 1, 1]            --
│    └─Flatten: 2-43                     [64, 64]                  --
│    └─Dropout: 2-44                     [64, 64]                  --
│    └─Linear: 2-45                      [64, 16]                  1,040
│    └─ReLU: 2-46                        [64, 16]                  --
│    └─Linear: 2-47                      [64, 2]                   34
==========================================================================================
Total params: 93,266
Trainable params: 93,266
Non-trainable params: 0
Total mult-adds (G): 14.44
==========================================================================================
Input size (MB): 38.54
Forward/backward pass size (MB): 2543.33
Params size (MB): 0.37
Estimated Total Size (MB): 2582.24
==========================================================================================

Loss Function: BCE
Smoke Precision Weight: 0.8

Device: cuda
Learning Rate: 1e-05
Optimizer Weight Decay: 1e-05
Scheduler factor: 0.8
Scheduler patience: 2
Scheduler threshold: 0.001
Scheduler min learning rate: 1e-06
Batch Size: 64
W: 224
H: 224

***Start Training: 00:26:03


=== EPOCH 0/4 ===
Learning Rate = 0.000023

TRAIN Stats
Total Loss |Smoke Loss|Fire Loss |    _______|Accuracy |Precision|Recall   |F1       |
-----------|----------|----------|    Smoke  |0.8837   |0.9004   |0.8577   |0.8785   |
23.24      |15.81     |7.42      |    Fire   |0.9570   |0.9307   |0.9103   |0.9204   |

VAL Stats
Total Loss |Smoke Loss|Fire Loss |    _______|Accuracy |Precision|Recall   |F1       |
-----------|----------|----------|    Smoke  |0.9114   |0.9099   |0.9055   |0.9077   |
20.14      |13.22     |6.91      |    Fire   |0.9632   |0.9440   |0.9117   |0.9276   |

Saving model with new best validation loss: 20.138
Saving model with new best smoke precision: 0.910
Saving model with precision > 0.9 and recall > 0.9

=== EPOCH 1/4 ===
Learning Rate = 0.000023

TRAIN Stats
Total Loss |Smoke Loss|Fire Loss |    _______|Accuracy |Precision|Recall   |F1       |
-----------|----------|----------|    Smoke  |0.8807   |0.8951   |0.8571   |0.8757   |
23.05      |15.82     |7.23      |    Fire   |0.9599   |0.9382   |0.9133   |0.9256   |

VAL Stats
Total Loss |Smoke Loss|Fire Loss |    _______|Accuracy |Precision|Recall   |F1       |
-----------|----------|----------|    Smoke  |0.9128   |0.9179   |0.8992   |0.9084   |
19.99      |13.17     |6.82      |    Fire   |0.9641   |0.9401   |0.9198   |0.9299   |

Saving model with new best validation loss: 19.987
Saving model with new best smoke precision: 0.918

=== EPOCH 2/4 ===
Learning Rate = 0.000023

TRAIN Stats
Total Loss |Smoke Loss|Fire Loss |    _______|Accuracy |Precision|Recall   |F1       |
-----------|----------|----------|    Smoke  |0.8807   |0.8982   |0.8533   |0.8752   |
23.26      |15.85     |7.41      |    Fire   |0.9578   |0.9362   |0.9075   |0.9216   |

VAL Stats
Total Loss |Smoke Loss|Fire Loss |    _______|Accuracy |Precision|Recall   |F1       |
-----------|----------|----------|    Smoke  |0.9121   |0.9076   |0.9098   |0.9087   |
20.10      |13.25     |6.85      |    Fire   |0.9632   |0.9351   |0.9216   |0.9283   |

Saving model with precision > 0.9 and recall > 0.9

=== EPOCH 3/4 ===
Learning Rate = 0.000018

TRAIN Stats
Total Loss |Smoke Loss|Fire Loss |    _______|Accuracy |Precision|Recall   |F1       |
-----------|----------|----------|    Smoke  |0.8814   |0.8972   |0.8562   |0.8762   |
23.07      |15.90     |7.17      |    Fire   |0.9590   |0.9354   |0.9133   |0.9242   |

VAL Stats
Total Loss |Smoke Loss|Fire Loss |    _______|Accuracy |Precision|Recall   |F1       |
-----------|----------|----------|    Smoke  |0.9128   |0.9113   |0.9069   |0.9091   |
19.99      |13.17     |6.82      |    Fire   |0.9634   |0.9416   |0.9153   |0.9283   |

Saving model with precision > 0.9 and recall > 0.9

=== EPOCH 4/4 ===
Learning Rate = 0.000018

TRAIN Stats
Total Loss |Smoke Loss|Fire Loss |    _______|Accuracy |Precision|Recall   |F1       |
-----------|----------|----------|    Smoke  |0.8770   |0.8905   |0.8543   |0.8720   |
23.31      |16.27     |7.05      |    Fire   |0.9587   |0.9381   |0.9088   |0.9232   |

VAL Stats
Total Loss |Smoke Loss|Fire Loss |    _______|Accuracy |Precision|Recall   |F1       |
-----------|----------|----------|    Smoke  |0.9123   |0.9113   |0.9060   |0.9086   |
20.21      |13.27     |6.94      |    Fire   |0.9625   |0.9406   |0.9126   |0.9264   |

Saving model with precision > 0.9 and recall > 0.9
Saving last model

***Script finished: 00:28:25

Time elapsed: 0:02:22.565675
