SqueezeNet Classifier. First Test.
DFire Removed wrong images: 0
DFire empty images: 31
DFire only smoke images: 17
DFire only fire images: 2
DFire smoke and fire images: 14
Using SQUEENET1_1 Classifier
Model shape is tensor([[-0.0058, -0.2323],
        [-0.0391, -0.2592],
        [-0.0588, -0.1505],
        [-0.1241, -0.1666]], device='cuda:0', grad_fn=<CatBackward0>)
BED Model Arquitecture
PRETRAINED_SQUEEZENET(
  (base_model): Sequential(
    (0): Sequential(
      (0): Conv2d(3, 64, kernel_size=(3, 3), stride=(2, 2))
      (1): ReLU(inplace=True)
      (2): MaxPool2d(kernel_size=3, stride=2, padding=0, dilation=1, ceil_mode=True)
      (3): Fire(
        (squeeze): Conv2d(64, 16, kernel_size=(1, 1), stride=(1, 1))
        (squeeze_activation): ReLU(inplace=True)
        (expand1x1): Conv2d(16, 64, kernel_size=(1, 1), stride=(1, 1))
        (expand1x1_activation): ReLU(inplace=True)
        (expand3x3): Conv2d(16, 64, kernel_size=(3, 3), stride=(1, 1), padding=(1, 1))
        (expand3x3_activation): ReLU(inplace=True)
      )
      (4): Fire(
        (squeeze): Conv2d(128, 16, kernel_size=(1, 1), stride=(1, 1))
        (squeeze_activation): ReLU(inplace=True)
        (expand1x1): Conv2d(16, 64, kernel_size=(1, 1), stride=(1, 1))
        (expand1x1_activation): ReLU(inplace=True)
        (expand3x3): Conv2d(16, 64, kernel_size=(3, 3), stride=(1, 1), padding=(1, 1))
        (expand3x3_activation): ReLU(inplace=True)
      )
      (5): MaxPool2d(kernel_size=3, stride=2, padding=0, dilation=1, ceil_mode=True)
      (6): Fire(
        (squeeze): Conv2d(128, 32, kernel_size=(1, 1), stride=(1, 1))
        (squeeze_activation): ReLU(inplace=True)
        (expand1x1): Conv2d(32, 128, kernel_size=(1, 1), stride=(1, 1))
        (expand1x1_activation): ReLU(inplace=True)
        (expand3x3): Conv2d(32, 128, kernel_size=(3, 3), stride=(1, 1), padding=(1, 1))
        (expand3x3_activation): ReLU(inplace=True)
      )
      (7): Fire(
        (squeeze): Conv2d(256, 32, kernel_size=(1, 1), stride=(1, 1))
        (squeeze_activation): ReLU(inplace=True)
        (expand1x1): Conv2d(32, 128, kernel_size=(1, 1), stride=(1, 1))
        (expand1x1_activation): ReLU(inplace=True)
        (expand3x3): Conv2d(32, 128, kernel_size=(3, 3), stride=(1, 1), padding=(1, 1))
        (expand3x3_activation): ReLU(inplace=True)
      )
      (8): MaxPool2d(kernel_size=3, stride=2, padding=0, dilation=1, ceil_mode=True)
      (9): Fire(
        (squeeze): Conv2d(256, 48, kernel_size=(1, 1), stride=(1, 1))
        (squeeze_activation): ReLU(inplace=True)
        (expand1x1): Conv2d(48, 192, kernel_size=(1, 1), stride=(1, 1))
        (expand1x1_activation): ReLU(inplace=True)
        (expand3x3): Conv2d(48, 192, kernel_size=(3, 3), stride=(1, 1), padding=(1, 1))
        (expand3x3_activation): ReLU(inplace=True)
      )
      (10): Fire(
        (squeeze): Conv2d(384, 48, kernel_size=(1, 1), stride=(1, 1))
        (squeeze_activation): ReLU(inplace=True)
        (expand1x1): Conv2d(48, 192, kernel_size=(1, 1), stride=(1, 1))
        (expand1x1_activation): ReLU(inplace=True)
        (expand3x3): Conv2d(48, 192, kernel_size=(3, 3), stride=(1, 1), padding=(1, 1))
        (expand3x3_activation): ReLU(inplace=True)
      )
      (11): Fire(
        (squeeze): Conv2d(384, 64, kernel_size=(1, 1), stride=(1, 1))
        (squeeze_activation): ReLU(inplace=True)
        (expand1x1): Conv2d(64, 256, kernel_size=(1, 1), stride=(1, 1))
        (expand1x1_activation): ReLU(inplace=True)
        (expand3x3): Conv2d(64, 256, kernel_size=(3, 3), stride=(1, 1), padding=(1, 1))
        (expand3x3_activation): ReLU(inplace=True)
      )
      (12): Fire(
        (squeeze): Conv2d(512, 64, kernel_size=(1, 1), stride=(1, 1))
        (squeeze_activation): ReLU(inplace=True)
        (expand1x1): Conv2d(64, 256, kernel_size=(1, 1), stride=(1, 1))
        (expand1x1_activation): ReLU(inplace=True)
        (expand3x3): Conv2d(64, 256, kernel_size=(3, 3), stride=(1, 1), padding=(1, 1))
        (expand3x3_activation): ReLU(inplace=True)
      )
    )
  )
  (pool): AdaptiveAvgPool2d(output_size=(1, 1))
  (smoke): Sequential(
    (0): Dropout(p=0.2, inplace=False)
    (1): Linear(in_features=512, out_features=16, bias=True)
    (2): ReLU()
    (3): Linear(in_features=16, out_features=1, bias=True)
  )
  (fire): Sequential(
    (0): Dropout(p=0.2, inplace=False)
    (1): Linear(in_features=512, out_features=16, bias=True)
    (2): ReLU()
    (3): Linear(in_features=16, out_features=1, bias=True)
  )
)

Trainable parameters = 16450
Total parameters = 738946

==========================================================================================
Layer (type:depth-idx)                   Output Shape              Param #
==========================================================================================
PRETRAINED_SQUEEZENET                    [1, 2]                    --
├─Sequential: 1-1                        [1, 512, 13, 13]          --
│    └─Sequential: 2-1                   [1, 512, 13, 13]          --
│    │    └─Conv2d: 3-1                  [1, 64, 111, 111]         (1,792)
│    │    └─ReLU: 3-2                    [1, 64, 111, 111]         --
│    │    └─MaxPool2d: 3-3               [1, 64, 55, 55]           --
│    │    └─Fire: 3-4                    [1, 128, 55, 55]          (11,408)
│    │    └─Fire: 3-5                    [1, 128, 55, 55]          (12,432)
│    │    └─MaxPool2d: 3-6               [1, 128, 27, 27]          --
│    │    └─Fire: 3-7                    [1, 256, 27, 27]          (45,344)
│    │    └─Fire: 3-8                    [1, 256, 27, 27]          (49,440)
│    │    └─MaxPool2d: 3-9               [1, 256, 13, 13]          --
│    │    └─Fire: 3-10                   [1, 384, 13, 13]          (104,880)
│    │    └─Fire: 3-11                   [1, 384, 13, 13]          (111,024)
│    │    └─Fire: 3-12                   [1, 512, 13, 13]          (188,992)
│    │    └─Fire: 3-13                   [1, 512, 13, 13]          (197,184)
├─AdaptiveAvgPool2d: 1-2                 [1, 512, 1, 1]            --
├─Sequential: 1-3                        [1, 1]                    --
│    └─Dropout: 2-2                      [1, 512]                  --
│    └─Linear: 2-3                       [1, 16]                   8,208
│    └─ReLU: 2-4                         [1, 16]                   --
│    └─Linear: 2-5                       [1, 1]                    17
├─Sequential: 1-4                        [1, 1]                    --
│    └─Dropout: 2-6                      [1, 512]                  --
│    └─Linear: 2-7                       [1, 16]                   8,208
│    └─ReLU: 2-8                         [1, 16]                   --
│    └─Linear: 2-9                       [1, 1]                    17
==========================================================================================
Total params: 738,946
Trainable params: 16,450
Non-trainable params: 722,496
Total mult-adds (M): 265.06
==========================================================================================
Input size (MB): 0.60
Forward/backward pass size (MB): 19.36
Params size (MB): 2.96
Estimated Total Size (MB): 22.92
==========================================================================================

TRAIN DFIRE dataset
DFire Removed wrong images: 0
DFire empty images: 7833
DFire only smoke images: 4681
DFire only fire images: 944
DFire smoke and fire images: 3763
Train dataset len: 17221

TEST DFire dataset
DFire Removed wrong images: 0
DFire empty images: 2005
DFire only smoke images: 1186
DFire only fire images: 220
DFire smoke and fire images: 895
Test dataset len: 4306
Device: cuda
Learning Rate: 0.001
Weight Decay: 0.001
Batch Size: 64
IMG DIMS: (224, 224)
W: 224
H: 224
Loss Function: BCE
Starting script


***Start Training: 14:46:37

Pretrained Weights

=== EPOCH 0/19 ===
Learning Rate = 0.001

TRAIN losses
Total Loss  |Smoke Loss  |Fire Loss   
------------ ------------ ------------
58.301      |37.886      |20.415      


VAL losses
Total Loss  |Smoke Loss  |Fire Loss   
------------ ------------ ------------
50.198      |34.085      |16.113      

VAL Metrics
SMOKE -> Precision: 0.749 - Recall: 0.685 - Accuracy: 0.738 - F1: 0.716
FIRE -> Precision: 0.794 - Recall: 0.845 - Accuracy: 0.903 - F1: 0.819

Saving model with new best validation loss: 50.198

=== EPOCH 1/19 ===
Learning Rate = 0.001

TRAIN losses
Total Loss  |Smoke Loss  |Fire Loss   
------------ ------------ ------------
51.721      |34.353      |17.367      


VAL losses
Total Loss  |Smoke Loss  |Fire Loss   
------------ ------------ ------------
46.277      |32.588      |13.688      

VAL Metrics
SMOKE -> Precision: 0.857 - Recall: 0.539 - Accuracy: 0.735 - F1: 0.661
FIRE -> Precision: 0.900 - Recall: 0.766 - Accuracy: 0.917 - F1: 0.828

Saving model with new best validation loss: 46.277

=== EPOCH 2/19 ===
Learning Rate = 0.001

TRAIN losses
Total Loss  |Smoke Loss  |Fire Loss   
------------ ------------ ------------
48.707      |32.462      |16.245      


VAL losses
Total Loss  |Smoke Loss  |Fire Loss   
------------ ------------ ------------
43.996      |30.692      |13.304      

VAL Metrics
SMOKE -> Precision: 0.852 - Recall: 0.584 - Accuracy: 0.751 - F1: 0.693
FIRE -> Precision: 0.880 - Recall: 0.811 - Accuracy: 0.922 - F1: 0.844

Saving model with new best validation loss: 43.996

=== EPOCH 3/19 ===
Learning Rate = 0.001

TRAIN losses
Total Loss  |Smoke Loss  |Fire Loss   
------------ ------------ ------------
47.247      |31.690      |15.557      


VAL losses
Total Loss  |Smoke Loss  |Fire Loss   
------------ ------------ ------------
41.857      |29.423      |12.433      

VAL Metrics
SMOKE -> Precision: 0.783 - Recall: 0.756 - Accuracy: 0.781 - F1: 0.769
FIRE -> Precision: 0.875 - Recall: 0.832 - Accuracy: 0.926 - F1: 0.853

Saving model with new best validation loss: 41.857

=== EPOCH 4/19 ===
Learning Rate = 0.001

TRAIN losses
Total Loss  |Smoke Loss  |Fire Loss   
------------ ------------ ------------
45.830      |30.713      |15.117      


VAL losses
Total Loss  |Smoke Loss  |Fire Loss   
------------ ------------ ------------
39.725      |27.843      |11.882      

VAL Metrics
SMOKE -> Precision: 0.817 - Recall: 0.747 - Accuracy: 0.798 - F1: 0.780
FIRE -> Precision: 0.882 - Recall: 0.834 - Accuracy: 0.928 - F1: 0.857

Saving model with new best validation loss: 39.725

=== EPOCH 5/19 ===
Learning Rate = 0.001

TRAIN losses
Total Loss  |Smoke Loss  |Fire Loss   
------------ ------------ ------------
45.106      |30.028      |15.078      


VAL losses
Total Loss  |Smoke Loss  |Fire Loss   
------------ ------------ ------------
38.874      |27.186      |11.689      

VAL Metrics
SMOKE -> Precision: 0.846 - Recall: 0.715 - Accuracy: 0.800 - F1: 0.775
FIRE -> Precision: 0.934 - Recall: 0.795 - Accuracy: 0.932 - F1: 0.859

Saving model with new best validation loss: 38.874

=== EPOCH 6/19 ===
Learning Rate = 0.001

TRAIN losses
Total Loss  |Smoke Loss  |Fire Loss   
------------ ------------ ------------
44.087      |29.669      |14.418      


VAL losses
Total Loss  |Smoke Loss  |Fire Loss   
------------ ------------ ------------
38.845      |27.265      |11.580      

VAL Metrics
SMOKE -> Precision: 0.860 - Recall: 0.722 - Accuracy: 0.810 - F1: 0.785
FIRE -> Precision: 0.872 - Recall: 0.857 - Accuracy: 0.930 - F1: 0.864

Saving model with new best validation loss: 38.845

=== EPOCH 7/19 ===
Learning Rate = 0.001

TRAIN losses
Total Loss  |Smoke Loss  |Fire Loss   
------------ ------------ ------------
43.146      |29.054      |14.092      


VAL losses
Total Loss  |Smoke Loss  |Fire Loss   
------------ ------------ ------------
37.881      |26.496      |11.385      

VAL Metrics
SMOKE -> Precision: 0.828 - Recall: 0.787 - Accuracy: 0.819 - F1: 0.807
FIRE -> Precision: 0.871 - Recall: 0.867 - Accuracy: 0.932 - F1: 0.869

Saving model with new best validation loss: 37.881

=== EPOCH 8/19 ===
Learning Rate = 0.001

TRAIN losses
Total Loss  |Smoke Loss  |Fire Loss   
------------ ------------ ------------
42.004      |28.245      |13.760      


VAL losses
Total Loss  |Smoke Loss  |Fire Loss   
------------ ------------ ------------
36.560      |25.602      |10.958      

VAL Metrics
SMOKE -> Precision: 0.819 - Recall: 0.801 - Accuracy: 0.819 - F1: 0.810
FIRE -> Precision: 0.900 - Recall: 0.841 - Accuracy: 0.935 - F1: 0.870

Saving model with new best validation loss: 36.560

=== EPOCH 9/19 ===
Learning Rate = 0.001

TRAIN losses
Total Loss  |Smoke Loss  |Fire Loss   
------------ ------------ ------------
41.583      |27.946      |13.637      


VAL losses
Total Loss  |Smoke Loss  |Fire Loss   
------------ ------------ ------------
36.386      |25.159      |11.226      

VAL Metrics
SMOKE -> Precision: 0.847 - Recall: 0.785 - Accuracy: 0.828 - F1: 0.815
FIRE -> Precision: 0.934 - Recall: 0.802 - Accuracy: 0.934 - F1: 0.863

Saving model with new best validation loss: 36.386

=== EPOCH 10/19 ===
Learning Rate = 0.001

TRAIN losses
Total Loss  |Smoke Loss  |Fire Loss   
------------ ------------ ------------
41.087      |27.418      |13.669      


VAL losses
Total Loss  |Smoke Loss  |Fire Loss   
------------ ------------ ------------
35.456      |24.908      |10.548      

VAL Metrics
SMOKE -> Precision: 0.835 - Recall: 0.785 - Accuracy: 0.822 - F1: 0.809
FIRE -> Precision: 0.892 - Recall: 0.867 - Accuracy: 0.938 - F1: 0.879

Saving model with new best validation loss: 35.456

=== EPOCH 11/19 ===
Learning Rate = 0.001

TRAIN losses
Total Loss  |Smoke Loss  |Fire Loss   
------------ ------------ ------------
40.381      |27.323      |13.058      


VAL losses
Total Loss  |Smoke Loss  |Fire Loss   
------------ ------------ ------------
35.799      |25.227      |10.572      

VAL Metrics
SMOKE -> Precision: 0.879 - Recall: 0.716 - Accuracy: 0.816 - F1: 0.789
FIRE -> Precision: 0.926 - Recall: 0.838 - Accuracy: 0.941 - F1: 0.880

=== EPOCH 12/19 ===
Learning Rate = 0.001

TRAIN losses
Total Loss  |Smoke Loss  |Fire Loss   
------------ ------------ ------------
40.506      |27.520      |12.987      


VAL losses
Total Loss  |Smoke Loss  |Fire Loss   
------------ ------------ ------------
35.417      |24.844      |10.573      

VAL Metrics
SMOKE -> Precision: 0.855 - Recall: 0.751 - Accuracy: 0.819 - F1: 0.799
FIRE -> Precision: 0.881 - Recall: 0.885 - Accuracy: 0.939 - F1: 0.883

Saving model with new best validation loss: 35.417

=== EPOCH 13/19 ===
Learning Rate = 0.001

TRAIN losses
Total Loss  |Smoke Loss  |Fire Loss   
------------ ------------ ------------
39.965      |27.158      |12.807      


VAL losses
Total Loss  |Smoke Loss  |Fire Loss   
------------ ------------ ------------
34.829      |24.179      |10.650      

VAL Metrics
SMOKE -> Precision: 0.836 - Recall: 0.825 - Accuracy: 0.838 - F1: 0.830
FIRE -> Precision: 0.873 - Recall: 0.886 - Accuracy: 0.937 - F1: 0.880

Saving model with new best validation loss: 34.829

=== EPOCH 14/19 ===
Learning Rate = 0.001

TRAIN losses
Total Loss  |Smoke Loss  |Fire Loss   
------------ ------------ ------------
39.494      |26.964      |12.530      


VAL losses
Total Loss  |Smoke Loss  |Fire Loss   
------------ ------------ ------------
35.622      |24.699      |10.923      

VAL Metrics
SMOKE -> Precision: 0.878 - Recall: 0.727 - Accuracy: 0.820 - F1: 0.795
FIRE -> Precision: 0.940 - Recall: 0.795 - Accuracy: 0.934 - F1: 0.862

=== EPOCH 15/19 ===
Learning Rate = 0.001

TRAIN losses
Total Loss  |Smoke Loss  |Fire Loss   
------------ ------------ ------------
39.387      |26.748      |12.639      


VAL losses
Total Loss  |Smoke Loss  |Fire Loss   
------------ ------------ ------------
34.602      |24.265      |10.337      

VAL Metrics
SMOKE -> Precision: 0.850 - Recall: 0.777 - Accuracy: 0.827 - F1: 0.812
FIRE -> Precision: 0.898 - Recall: 0.867 - Accuracy: 0.940 - F1: 0.882

Saving model with new best validation loss: 34.602

=== EPOCH 16/19 ===
Learning Rate = 0.001

TRAIN losses
Total Loss  |Smoke Loss  |Fire Loss   
------------ ------------ ------------
39.008      |26.544      |12.464      


VAL losses
Total Loss  |Smoke Loss  |Fire Loss   
------------ ------------ ------------
34.196      |23.860      |10.336      

VAL Metrics
SMOKE -> Precision: 0.837 - Recall: 0.817 - Accuracy: 0.836 - F1: 0.827
FIRE -> Precision: 0.903 - Recall: 0.859 - Accuracy: 0.940 - F1: 0.880

Saving model with new best validation loss: 34.196

=== EPOCH 17/19 ===
Learning Rate = 0.001

TRAIN losses
Total Loss  |Smoke Loss  |Fire Loss   
------------ ------------ ------------
38.818      |26.307      |12.511      


VAL losses
Total Loss  |Smoke Loss  |Fire Loss   
------------ ------------ ------------
34.029      |23.884      |10.145      

VAL Metrics
SMOKE -> Precision: 0.864 - Recall: 0.776 - Accuracy: 0.833 - F1: 0.817
FIRE -> Precision: 0.940 - Recall: 0.829 - Accuracy: 0.942 - F1: 0.881

Saving model with new best validation loss: 34.029

=== EPOCH 18/19 ===
Learning Rate = 0.001

TRAIN losses
Total Loss  |Smoke Loss  |Fire Loss   
------------ ------------ ------------
38.348      |26.054      |12.294      


VAL losses
Total Loss  |Smoke Loss  |Fire Loss   
------------ ------------ ------------
33.629      |23.636      |9.993       

VAL Metrics
SMOKE -> Precision: 0.889 - Recall: 0.733 - Accuracy: 0.828 - F1: 0.804
FIRE -> Precision: 0.905 - Recall: 0.872 - Accuracy: 0.943 - F1: 0.888

Saving model with new best validation loss: 33.629

=== EPOCH 19/19 ===
Learning Rate = 0.001

TRAIN losses
Total Loss  |Smoke Loss  |Fire Loss   
------------ ------------ ------------
38.232      |26.076      |12.157      


VAL losses
Total Loss  |Smoke Loss  |Fire Loss   
------------ ------------ ------------
32.363      |22.516      |9.847       

VAL Metrics
SMOKE -> Precision: 0.863 - Recall: 0.812 - Accuracy: 0.847 - F1: 0.837
FIRE -> Precision: 0.935 - Recall: 0.843 - Accuracy: 0.944 - F1: 0.887

Saving model with new best validation loss: 32.363
Saving last model

***Script finished: 14:55:04

Time elapsed: 0:08:26.487522

Trainable parameters = 738946
Total parameters = 738946

Starting script


***Start Training: 14:55:05

Pretrained Weights

=== EPOCH 20/119 ===
Learning Rate = 1e-05

TRAIN losses
Total Loss  |Smoke Loss  |Fire Loss   
------------ ------------ ------------
35.372      |24.832      |10.540      


VAL losses
Total Loss  |Smoke Loss  |Fire Loss   
------------ ------------ ------------
30.732      |21.823      |8.909       

VAL Metrics
SMOKE -> Precision: 0.859 - Recall: 0.827 - Accuracy: 0.852 - F1: 0.843
FIRE -> Precision: 0.948 - Recall: 0.867 - Accuracy: 0.953 - F1: 0.905

Saving model with new best validation loss: 30.732

=== EPOCH 21/119 ===
Learning Rate = 1e-05

TRAIN losses
Total Loss  |Smoke Loss  |Fire Loss   
------------ ------------ ------------
33.466      |23.471      |9.995       


VAL losses
Total Loss  |Smoke Loss  |Fire Loss   
------------ ------------ ------------
29.076      |20.842      |8.234       

VAL Metrics
SMOKE -> Precision: 0.857 - Recall: 0.850 - Accuracy: 0.860 - F1: 0.853
FIRE -> Precision: 0.930 - Recall: 0.904 - Accuracy: 0.957 - F1: 0.916

Saving model with new best validation loss: 29.076

=== EPOCH 22/119 ===
Learning Rate = 1e-05

TRAIN losses
Total Loss  |Smoke Loss  |Fire Loss   
------------ ------------ ------------
32.090      |22.800      |9.290       


VAL losses
Total Loss  |Smoke Loss  |Fire Loss   
------------ ------------ ------------
28.412      |20.377      |8.034       

VAL Metrics
SMOKE -> Precision: 0.870 - Recall: 0.852 - Accuracy: 0.867 - F1: 0.861
FIRE -> Precision: 0.940 - Recall: 0.896 - Accuracy: 0.958 - F1: 0.917

Saving model with new best validation loss: 28.412

=== EPOCH 23/119 ===
Learning Rate = 1e-05

TRAIN losses
Total Loss  |Smoke Loss  |Fire Loss   
------------ ------------ ------------
31.335      |22.544      |8.791       


VAL losses
Total Loss  |Smoke Loss  |Fire Loss   
------------ ------------ ------------
27.944      |20.117      |7.827       

VAL Metrics
SMOKE -> Precision: 0.873 - Recall: 0.848 - Accuracy: 0.868 - F1: 0.861
FIRE -> Precision: 0.942 - Recall: 0.898 - Accuracy: 0.959 - F1: 0.920

Saving model with new best validation loss: 27.944

=== EPOCH 24/119 ===
Learning Rate = 1e-05

TRAIN losses
Total Loss  |Smoke Loss  |Fire Loss   
------------ ------------ ------------
30.790      |22.073      |8.717       


VAL losses
Total Loss  |Smoke Loss  |Fire Loss   
------------ ------------ ------------
27.471      |19.752      |7.718       

VAL Metrics
SMOKE -> Precision: 0.872 - Recall: 0.859 - Accuracy: 0.871 - F1: 0.865
FIRE -> Precision: 0.921 - Recall: 0.914 - Accuracy: 0.957 - F1: 0.917

Saving model with new best validation loss: 27.471

=== EPOCH 25/119 ===
Learning Rate = 1e-05

TRAIN losses
Total Loss  |Smoke Loss  |Fire Loss   
------------ ------------ ------------
30.203      |21.686      |8.517       


VAL losses
Total Loss  |Smoke Loss  |Fire Loss   
------------ ------------ ------------
26.886      |19.358      |7.528       

VAL Metrics
SMOKE -> Precision: 0.886 - Recall: 0.848 - Accuracy: 0.874 - F1: 0.867
FIRE -> Precision: 0.949 - Recall: 0.900 - Accuracy: 0.962 - F1: 0.924

Saving model with new best validation loss: 26.886

=== EPOCH 26/119 ===
Learning Rate = 1e-05

TRAIN losses
Total Loss  |Smoke Loss  |Fire Loss   
------------ ------------ ------------
29.321      |21.094      |8.227       


VAL losses
Total Loss  |Smoke Loss  |Fire Loss   
------------ ------------ ------------
26.314      |19.028      |7.286       

VAL Metrics
SMOKE -> Precision: 0.886 - Recall: 0.854 - Accuracy: 0.877 - F1: 0.870
FIRE -> Precision: 0.944 - Recall: 0.907 - Accuracy: 0.962 - F1: 0.925

Saving model with new best validation loss: 26.314

=== EPOCH 27/119 ===
Learning Rate = 1e-05

TRAIN losses
Total Loss  |Smoke Loss  |Fire Loss   
------------ ------------ ------------
28.677      |20.494      |8.183       


VAL losses
Total Loss  |Smoke Loss  |Fire Loss   
------------ ------------ ------------
25.877      |18.693      |7.184       

VAL Metrics
SMOKE -> Precision: 0.869 - Recall: 0.889 - Accuracy: 0.882 - F1: 0.879
FIRE -> Precision: 0.936 - Recall: 0.914 - Accuracy: 0.962 - F1: 0.925

Saving model with new best validation loss: 25.877

=== EPOCH 28/119 ===
Learning Rate = 1e-05

TRAIN losses
Total Loss  |Smoke Loss  |Fire Loss   
------------ ------------ ------------
28.398      |20.369      |8.028       


VAL losses
Total Loss  |Smoke Loss  |Fire Loss   
------------ ------------ ------------
25.573      |18.346      |7.227       

VAL Metrics
SMOKE -> Precision: 0.872 - Recall: 0.882 - Accuracy: 0.881 - F1: 0.877
FIRE -> Precision: 0.936 - Recall: 0.912 - Accuracy: 0.961 - F1: 0.924

Saving model with new best validation loss: 25.573

=== EPOCH 29/119 ===
Learning Rate = 1e-05

TRAIN losses
Total Loss  |Smoke Loss  |Fire Loss   
------------ ------------ ------------
28.013      |20.169      |7.844       


VAL losses
Total Loss  |Smoke Loss  |Fire Loss   
------------ ------------ ------------
25.918      |18.725      |7.193       

VAL Metrics
SMOKE -> Precision: 0.887 - Recall: 0.857 - Accuracy: 0.878 - F1: 0.871
FIRE -> Precision: 0.937 - Recall: 0.920 - Accuracy: 0.963 - F1: 0.928

=== EPOCH 30/119 ===
Learning Rate = 1e-05

TRAIN losses
Total Loss  |Smoke Loss  |Fire Loss   
------------ ------------ ------------
27.584      |19.791      |7.793       


VAL losses
Total Loss  |Smoke Loss  |Fire Loss   
------------ ------------ ------------
25.035      |17.969      |7.067       

VAL Metrics
SMOKE -> Precision: 0.879 - Recall: 0.887 - Accuracy: 0.887 - F1: 0.883
FIRE -> Precision: 0.948 - Recall: 0.907 - Accuracy: 0.963 - F1: 0.927

Saving model with new best validation loss: 25.035

=== EPOCH 31/119 ===
Learning Rate = 1e-05

TRAIN losses
Total Loss  |Smoke Loss  |Fire Loss   
------------ ------------ ------------
27.054      |19.613      |7.442       


VAL losses
Total Loss  |Smoke Loss  |Fire Loss   
------------ ------------ ------------
25.062      |18.000      |7.062       

VAL Metrics
SMOKE -> Precision: 0.881 - Recall: 0.881 - Accuracy: 0.885 - F1: 0.881
FIRE -> Precision: 0.942 - Recall: 0.913 - Accuracy: 0.963 - F1: 0.927

=== EPOCH 32/119 ===
Learning Rate = 1e-05

TRAIN losses
Total Loss  |Smoke Loss  |Fire Loss   
------------ ------------ ------------
26.768      |19.324      |7.443       


VAL losses
Total Loss  |Smoke Loss  |Fire Loss   
------------ ------------ ------------
24.629      |17.755      |6.874       

VAL Metrics
SMOKE -> Precision: 0.878 - Recall: 0.885 - Accuracy: 0.885 - F1: 0.881
FIRE -> Precision: 0.943 - Recall: 0.910 - Accuracy: 0.962 - F1: 0.926

Saving model with new best validation loss: 24.629

=== EPOCH 33/119 ===
Learning Rate = 1e-05

TRAIN losses
Total Loss  |Smoke Loss  |Fire Loss   
------------ ------------ ------------
26.256      |19.105      |7.150       


VAL losses
Total Loss  |Smoke Loss  |Fire Loss   
------------ ------------ ------------
24.534      |17.615      |6.920       

VAL Metrics
SMOKE -> Precision: 0.879 - Recall: 0.890 - Accuracy: 0.888 - F1: 0.884
FIRE -> Precision: 0.948 - Recall: 0.904 - Accuracy: 0.962 - F1: 0.925

Saving model with new best validation loss: 24.534

=== EPOCH 34/119 ===
Learning Rate = 1e-05

TRAIN losses
Total Loss  |Smoke Loss  |Fire Loss   
------------ ------------ ------------
25.881      |18.799      |7.082       


VAL losses
Total Loss  |Smoke Loss  |Fire Loss   
------------ ------------ ------------
24.280      |17.500      |6.779       

VAL Metrics
SMOKE -> Precision: 0.891 - Recall: 0.872 - Accuracy: 0.887 - F1: 0.881
FIRE -> Precision: 0.944 - Recall: 0.915 - Accuracy: 0.964 - F1: 0.930

Saving model with new best validation loss: 24.280

=== EPOCH 35/119 ===
Learning Rate = 1e-05

TRAIN losses
Total Loss  |Smoke Loss  |Fire Loss   
------------ ------------ ------------
25.899      |18.556      |7.343       


VAL losses
Total Loss  |Smoke Loss  |Fire Loss   
------------ ------------ ------------
24.115      |17.477      |6.638       

VAL Metrics
SMOKE -> Precision: 0.870 - Recall: 0.908 - Accuracy: 0.891 - F1: 0.889
FIRE -> Precision: 0.940 - Recall: 0.917 - Accuracy: 0.963 - F1: 0.928

Saving model with new best validation loss: 24.115

=== EPOCH 36/119 ===
Learning Rate = 1e-05

TRAIN losses
Total Loss  |Smoke Loss  |Fire Loss   
------------ ------------ ------------
25.425      |18.353      |7.072       


VAL losses
Total Loss  |Smoke Loss  |Fire Loss   
------------ ------------ ------------
23.951      |17.314      |6.637       

VAL Metrics
SMOKE -> Precision: 0.888 - Recall: 0.878 - Accuracy: 0.888 - F1: 0.883
FIRE -> Precision: 0.944 - Recall: 0.920 - Accuracy: 0.965 - F1: 0.932

Saving model with new best validation loss: 23.951

=== EPOCH 37/119 ===
Learning Rate = 1e-05

TRAIN losses
Total Loss  |Smoke Loss  |Fire Loss   
------------ ------------ ------------
25.115      |18.134      |6.981       


VAL losses
Total Loss  |Smoke Loss  |Fire Loss   
------------ ------------ ------------
23.627      |17.052      |6.575       

VAL Metrics
SMOKE -> Precision: 0.892 - Recall: 0.883 - Accuracy: 0.892 - F1: 0.888
FIRE -> Precision: 0.939 - Recall: 0.927 - Accuracy: 0.965 - F1: 0.933

Saving model with new best validation loss: 23.627

=== EPOCH 38/119 ===
Learning Rate = 1e-05

TRAIN losses
Total Loss  |Smoke Loss  |Fire Loss   
------------ ------------ ------------
24.945      |17.956      |6.989       


VAL losses
Total Loss  |Smoke Loss  |Fire Loss   
------------ ------------ ------------
23.409      |16.855      |6.554       

VAL Metrics
SMOKE -> Precision: 0.893 - Recall: 0.886 - Accuracy: 0.894 - F1: 0.889
FIRE -> Precision: 0.941 - Recall: 0.923 - Accuracy: 0.965 - F1: 0.932

Saving model with new best validation loss: 23.409

=== EPOCH 39/119 ===
Learning Rate = 1e-05

TRAIN losses
Total Loss  |Smoke Loss  |Fire Loss   
------------ ------------ ------------
24.693      |17.930      |6.763       


VAL losses
Total Loss  |Smoke Loss  |Fire Loss   
------------ ------------ ------------
23.368      |16.790      |6.578       

VAL Metrics
SMOKE -> Precision: 0.890 - Recall: 0.890 - Accuracy: 0.894 - F1: 0.890
FIRE -> Precision: 0.931 - Recall: 0.933 - Accuracy: 0.965 - F1: 0.932

Saving model with new best validation loss: 23.368

=== EPOCH 40/119 ===
Learning Rate = 1e-05

TRAIN losses
Total Loss  |Smoke Loss  |Fire Loss   
------------ ------------ ------------
23.885      |17.317      |6.568       


VAL losses
Total Loss  |Smoke Loss  |Fire Loss   
------------ ------------ ------------
23.051      |16.537      |6.514       

VAL Metrics
SMOKE -> Precision: 0.892 - Recall: 0.899 - Accuracy: 0.899 - F1: 0.896
FIRE -> Precision: 0.953 - Recall: 0.921 - Accuracy: 0.968 - F1: 0.937

Saving model with new best validation loss: 23.051

=== EPOCH 41/119 ===
Learning Rate = 1e-05

TRAIN losses
Total Loss  |Smoke Loss  |Fire Loss   
------------ ------------ ------------
23.778      |17.191      |6.587       


VAL losses
Total Loss  |Smoke Loss  |Fire Loss   
------------ ------------ ------------
22.906      |16.391      |6.516       

VAL Metrics
SMOKE -> Precision: 0.884 - Recall: 0.907 - Accuracy: 0.898 - F1: 0.895
FIRE -> Precision: 0.933 - Recall: 0.926 - Accuracy: 0.964 - F1: 0.929

Saving model with new best validation loss: 22.906

=== EPOCH 42/119 ===
Learning Rate = 1e-05

TRAIN losses
Total Loss  |Smoke Loss  |Fire Loss   
------------ ------------ ------------
23.824      |17.166      |6.657       


VAL losses
Total Loss  |Smoke Loss  |Fire Loss   
------------ ------------ ------------
22.618      |16.225      |6.393       

VAL Metrics
SMOKE -> Precision: 0.889 - Recall: 0.906 - Accuracy: 0.900 - F1: 0.897
FIRE -> Precision: 0.939 - Recall: 0.924 - Accuracy: 0.965 - F1: 0.931

Saving model with new best validation loss: 22.618

=== EPOCH 43/119 ===
Learning Rate = 1e-05

TRAIN losses
Total Loss  |Smoke Loss  |Fire Loss   
------------ ------------ ------------
23.382      |17.103      |6.280       


VAL losses
Total Loss  |Smoke Loss  |Fire Loss   
------------ ------------ ------------
22.726      |16.327      |6.399       

VAL Metrics
SMOKE -> Precision: 0.904 - Recall: 0.887 - Accuracy: 0.900 - F1: 0.895
FIRE -> Precision: 0.936 - Recall: 0.928 - Accuracy: 0.965 - F1: 0.932

=== EPOCH 44/119 ===
Learning Rate = 1e-05

TRAIN losses
Total Loss  |Smoke Loss  |Fire Loss   
------------ ------------ ------------
23.780      |17.247      |6.533       


VAL losses
Total Loss  |Smoke Loss  |Fire Loss   
------------ ------------ ------------
22.750      |16.407      |6.342       

VAL Metrics
SMOKE -> Precision: 0.912 - Recall: 0.874 - Accuracy: 0.899 - F1: 0.893
FIRE -> Precision: 0.947 - Recall: 0.925 - Accuracy: 0.967 - F1: 0.936

=== EPOCH 45/119 ===
Learning Rate = 1e-05

TRAIN losses
Total Loss  |Smoke Loss  |Fire Loss   
------------ ------------ ------------
23.595      |17.025      |6.570       


VAL losses
Total Loss  |Smoke Loss  |Fire Loss   
------------ ------------ ------------
22.437      |15.973      |6.463       

VAL Metrics
SMOKE -> Precision: 0.902 - Recall: 0.896 - Accuracy: 0.903 - F1: 0.899
FIRE -> Precision: 0.927 - Recall: 0.940 - Accuracy: 0.965 - F1: 0.933

Saving model with new best validation loss: 22.437

=== EPOCH 46/119 ===
Learning Rate = 1e-05

TRAIN losses
Total Loss  |Smoke Loss  |Fire Loss   
------------ ------------ ------------
22.932      |16.579      |6.352       


VAL losses
Total Loss  |Smoke Loss  |Fire Loss   
------------ ------------ ------------
22.032      |15.773      |6.259       

VAL Metrics
SMOKE -> Precision: 0.895 - Recall: 0.904 - Accuracy: 0.903 - F1: 0.900
FIRE -> Precision: 0.948 - Recall: 0.925 - Accuracy: 0.968 - F1: 0.937

Saving model with new best validation loss: 22.032

=== EPOCH 47/119 ===
Learning Rate = 1e-05

TRAIN losses
Total Loss  |Smoke Loss  |Fire Loss   
------------ ------------ ------------
22.834      |16.654      |6.180       


VAL losses
Total Loss  |Smoke Loss  |Fire Loss   
------------ ------------ ------------
21.967      |15.604      |6.363       

VAL Metrics
SMOKE -> Precision: 0.894 - Recall: 0.920 - Accuracy: 0.909 - F1: 0.907
FIRE -> Precision: 0.936 - Recall: 0.935 - Accuracy: 0.967 - F1: 0.936

Saving model with new best validation loss: 21.967

=== EPOCH 48/119 ===
Learning Rate = 1e-05

TRAIN losses
Total Loss  |Smoke Loss  |Fire Loss   
------------ ------------ ------------
22.505      |16.254      |6.251       


VAL losses
Total Loss  |Smoke Loss  |Fire Loss   
------------ ------------ ------------
21.850      |15.596      |6.254       

VAL Metrics
SMOKE -> Precision: 0.902 - Recall: 0.908 - Accuracy: 0.908 - F1: 0.905
FIRE -> Precision: 0.948 - Recall: 0.927 - Accuracy: 0.968 - F1: 0.937

Saving model with new best validation loss: 21.850

=== EPOCH 49/119 ===
Learning Rate = 1e-05

TRAIN losses
Total Loss  |Smoke Loss  |Fire Loss   
------------ ------------ ------------
22.320      |16.206      |6.114       


VAL losses
Total Loss  |Smoke Loss  |Fire Loss   
------------ ------------ ------------
21.830      |15.574      |6.256       

VAL Metrics
SMOKE -> Precision: 0.898 - Recall: 0.913 - Accuracy: 0.908 - F1: 0.906
FIRE -> Precision: 0.946 - Recall: 0.930 - Accuracy: 0.968 - F1: 0.938

Saving model with new best validation loss: 21.830

=== EPOCH 50/119 ===
Learning Rate = 1e-05

TRAIN losses
Total Loss  |Smoke Loss  |Fire Loss   
------------ ------------ ------------
22.514      |16.211      |6.302       


VAL losses
Total Loss  |Smoke Loss  |Fire Loss   
------------ ------------ ------------
21.574      |15.324      |6.250       

VAL Metrics
SMOKE -> Precision: 0.889 - Recall: 0.925 - Accuracy: 0.908 - F1: 0.907
FIRE -> Precision: 0.945 - Recall: 0.927 - Accuracy: 0.967 - F1: 0.936

Saving model with new best validation loss: 21.574

=== EPOCH 51/119 ===
Learning Rate = 1e-05

TRAIN losses
Total Loss  |Smoke Loss  |Fire Loss   
------------ ------------ ------------
21.918      |15.895      |6.023       


VAL losses
Total Loss  |Smoke Loss  |Fire Loss   
------------ ------------ ------------
21.386      |15.090      |6.296       

VAL Metrics
SMOKE -> Precision: 0.914 - Recall: 0.902 - Accuracy: 0.912 - F1: 0.908
FIRE -> Precision: 0.949 - Recall: 0.916 - Accuracy: 0.965 - F1: 0.932

Saving model with new best validation loss: 21.386

=== EPOCH 52/119 ===
Learning Rate = 1e-05

TRAIN losses
Total Loss  |Smoke Loss  |Fire Loss   
------------ ------------ ------------
21.516      |15.708      |5.808       


VAL losses
Total Loss  |Smoke Loss  |Fire Loss   
------------ ------------ ------------
21.358      |15.093      |6.265       

VAL Metrics
SMOKE -> Precision: 0.907 - Recall: 0.913 - Accuracy: 0.913 - F1: 0.910
FIRE -> Precision: 0.936 - Recall: 0.929 - Accuracy: 0.965 - F1: 0.933

Saving model with new best validation loss: 21.358

=== EPOCH 53/119 ===
Learning Rate = 1e-05

TRAIN losses
Total Loss  |Smoke Loss  |Fire Loss   
------------ ------------ ------------
21.586      |15.757      |5.829       


VAL losses
Total Loss  |Smoke Loss  |Fire Loss   
------------ ------------ ------------
21.932      |15.535      |6.397       

VAL Metrics
SMOKE -> Precision: 0.928 - Recall: 0.880 - Accuracy: 0.909 - F1: 0.903
FIRE -> Precision: 0.959 - Recall: 0.916 - Accuracy: 0.968 - F1: 0.937

=== EPOCH 54/119 ===
Learning Rate = 1e-05

TRAIN losses
Total Loss  |Smoke Loss  |Fire Loss   
------------ ------------ ------------
21.524      |15.541      |5.983       


VAL losses
Total Loss  |Smoke Loss  |Fire Loss   
------------ ------------ ------------
21.188      |15.015      |6.173       

VAL Metrics
SMOKE -> Precision: 0.905 - Recall: 0.914 - Accuracy: 0.913 - F1: 0.910
FIRE -> Precision: 0.947 - Recall: 0.925 - Accuracy: 0.967 - F1: 0.936

Saving model with new best validation loss: 21.188

=== EPOCH 55/119 ===
Learning Rate = 1e-05

TRAIN losses
Total Loss  |Smoke Loss  |Fire Loss   
------------ ------------ ------------
21.157      |15.144      |6.013       


VAL losses
Total Loss  |Smoke Loss  |Fire Loss   
------------ ------------ ------------
21.136      |14.956      |6.180       

VAL Metrics
SMOKE -> Precision: 0.904 - Recall: 0.917 - Accuracy: 0.913 - F1: 0.910
FIRE -> Precision: 0.938 - Recall: 0.940 - Accuracy: 0.968 - F1: 0.939

Saving model with new best validation loss: 21.136

=== EPOCH 56/119 ===
Learning Rate = 1e-05

TRAIN losses
Total Loss  |Smoke Loss  |Fire Loss   
------------ ------------ ------------
21.061      |15.216      |5.845       


VAL losses
Total Loss  |Smoke Loss  |Fire Loss   
------------ ------------ ------------
21.034      |14.943      |6.092       

VAL Metrics
SMOKE -> Precision: 0.922 - Recall: 0.895 - Accuracy: 0.913 - F1: 0.908
FIRE -> Precision: 0.945 - Recall: 0.936 - Accuracy: 0.969 - F1: 0.941

Saving model with new best validation loss: 21.034

=== EPOCH 57/119 ===
Learning Rate = 1e-05

TRAIN losses
Total Loss  |Smoke Loss  |Fire Loss   
------------ ------------ ------------
20.755      |15.223      |5.531       


VAL losses
Total Loss  |Smoke Loss  |Fire Loss   
------------ ------------ ------------
21.010      |14.912      |6.098       

VAL Metrics
SMOKE -> Precision: 0.919 - Recall: 0.892 - Accuracy: 0.910 - F1: 0.906
FIRE -> Precision: 0.949 - Recall: 0.931 - Accuracy: 0.969 - F1: 0.940

Saving model with new best validation loss: 21.010

=== EPOCH 58/119 ===
Learning Rate = 1e-05

TRAIN losses
Total Loss  |Smoke Loss  |Fire Loss   
------------ ------------ ------------
21.304      |15.398      |5.906       


VAL losses
Total Loss  |Smoke Loss  |Fire Loss   
------------ ------------ ------------
20.751      |14.667      |6.084       

VAL Metrics
SMOKE -> Precision: 0.918 - Recall: 0.907 - Accuracy: 0.916 - F1: 0.913
FIRE -> Precision: 0.946 - Recall: 0.929 - Accuracy: 0.968 - F1: 0.937

Saving model with new best validation loss: 20.751

=== EPOCH 59/119 ===
Learning Rate = 1e-05

TRAIN losses
Total Loss  |Smoke Loss  |Fire Loss   
------------ ------------ ------------
20.988      |15.075      |5.914       


VAL losses
Total Loss  |Smoke Loss  |Fire Loss   
------------ ------------ ------------
20.906      |14.836      |6.070       

VAL Metrics
SMOKE -> Precision: 0.915 - Recall: 0.910 - Accuracy: 0.916 - F1: 0.913
FIRE -> Precision: 0.942 - Recall: 0.933 - Accuracy: 0.968 - F1: 0.938

=== EPOCH 60/119 ===
Learning Rate = 1e-05

TRAIN losses
Total Loss  |Smoke Loss  |Fire Loss   
------------ ------------ ------------
20.414      |14.863      |5.551       


VAL losses
Total Loss  |Smoke Loss  |Fire Loss   
------------ ------------ ------------
20.877      |14.663      |6.214       

VAL Metrics
SMOKE -> Precision: 0.909 - Recall: 0.920 - Accuracy: 0.917 - F1: 0.914
FIRE -> Precision: 0.929 - Recall: 0.946 - Accuracy: 0.967 - F1: 0.938

=== EPOCH 61/119 ===
Learning Rate = 1e-05

TRAIN losses
Total Loss  |Smoke Loss  |Fire Loss   
------------ ------------ ------------
20.426      |14.995      |5.431       


VAL losses
Total Loss  |Smoke Loss  |Fire Loss   
------------ ------------ ------------
20.630      |14.521      |6.109       

VAL Metrics
SMOKE -> Precision: 0.913 - Recall: 0.916 - Accuracy: 0.917 - F1: 0.914
FIRE -> Precision: 0.944 - Recall: 0.934 - Accuracy: 0.969 - F1: 0.939

Saving model with new best validation loss: 20.630

=== EPOCH 62/119 ===
Learning Rate = 1e-05

TRAIN losses
Total Loss  |Smoke Loss  |Fire Loss   
------------ ------------ ------------
20.299      |14.809      |5.490       


VAL losses
Total Loss  |Smoke Loss  |Fire Loss   
------------ ------------ ------------
20.785      |14.682      |6.103       

VAL Metrics
SMOKE -> Precision: 0.898 - Recall: 0.935 - Accuracy: 0.917 - F1: 0.916
FIRE -> Precision: 0.937 - Recall: 0.939 - Accuracy: 0.968 - F1: 0.938

=== EPOCH 63/119 ===
Learning Rate = 1e-05

TRAIN losses
Total Loss  |Smoke Loss  |Fire Loss   
------------ ------------ ------------
19.681      |14.299      |5.383       


VAL losses
Total Loss  |Smoke Loss  |Fire Loss   
------------ ------------ ------------
20.689      |14.507      |6.182       

VAL Metrics
SMOKE -> Precision: 0.908 - Recall: 0.925 - Accuracy: 0.919 - F1: 0.916
FIRE -> Precision: 0.942 - Recall: 0.936 - Accuracy: 0.969 - F1: 0.939

=== EPOCH 64/119 ===
Learning Rate = 1e-05

TRAIN losses
Total Loss  |Smoke Loss  |Fire Loss   
------------ ------------ ------------
19.510      |14.220      |5.290       


VAL losses
Total Loss  |Smoke Loss  |Fire Loss   
------------ ------------ ------------
20.670      |14.567      |6.102       

VAL Metrics
SMOKE -> Precision: 0.909 - Recall: 0.924 - Accuracy: 0.919 - F1: 0.917
FIRE -> Precision: 0.947 - Recall: 0.932 - Accuracy: 0.969 - F1: 0.939

=== EPOCH 65/119 ===
Learning Rate = 8.000000000000001e-06

TRAIN losses
Total Loss  |Smoke Loss  |Fire Loss   
------------ ------------ ------------
19.670      |14.282      |5.388       


VAL losses
Total Loss  |Smoke Loss  |Fire Loss   
------------ ------------ ------------
20.050      |14.000      |6.050       

VAL Metrics
SMOKE -> Precision: 0.914 - Recall: 0.921 - Accuracy: 0.920 - F1: 0.917
FIRE -> Precision: 0.945 - Recall: 0.938 - Accuracy: 0.970 - F1: 0.941

Saving model with new best validation loss: 20.050

=== EPOCH 66/119 ===
Learning Rate = 8.000000000000001e-06

TRAIN losses
Total Loss  |Smoke Loss  |Fire Loss   
------------ ------------ ------------
19.465      |13.968      |5.498       


VAL losses
Total Loss  |Smoke Loss  |Fire Loss   
------------ ------------ ------------
20.211      |14.150      |6.061       

VAL Metrics
SMOKE -> Precision: 0.915 - Recall: 0.921 - Accuracy: 0.921 - F1: 0.918
FIRE -> Precision: 0.944 - Recall: 0.930 - Accuracy: 0.968 - F1: 0.937

=== EPOCH 67/119 ===
Learning Rate = 8.000000000000001e-06

TRAIN losses
Total Loss  |Smoke Loss  |Fire Loss   
------------ ------------ ------------
19.377      |13.986      |5.392       


VAL losses
Total Loss  |Smoke Loss  |Fire Loss   
------------ ------------ ------------
20.137      |14.169      |5.968       

VAL Metrics
SMOKE -> Precision: 0.925 - Recall: 0.901 - Accuracy: 0.917 - F1: 0.913
FIRE -> Precision: 0.948 - Recall: 0.933 - Accuracy: 0.969 - F1: 0.941

=== EPOCH 68/119 ===
Learning Rate = 8.000000000000001e-06

TRAIN losses
Total Loss  |Smoke Loss  |Fire Loss   
------------ ------------ ------------
19.187      |13.864      |5.322       


VAL losses
Total Loss  |Smoke Loss  |Fire Loss   
------------ ------------ ------------
20.144      |14.064      |6.080       

VAL Metrics
SMOKE -> Precision: 0.923 - Recall: 0.907 - Accuracy: 0.919 - F1: 0.915
FIRE -> Precision: 0.957 - Recall: 0.925 - Accuracy: 0.970 - F1: 0.941

=== EPOCH 69/119 ===
Learning Rate = 6.400000000000001e-06

TRAIN losses
Total Loss  |Smoke Loss  |Fire Loss   
------------ ------------ ------------
19.110      |13.808      |5.301       


VAL losses
Total Loss  |Smoke Loss  |Fire Loss   
------------ ------------ ------------
19.852      |13.872      |5.980       

VAL Metrics
SMOKE -> Precision: 0.925 - Recall: 0.916 - Accuracy: 0.924 - F1: 0.920
FIRE -> Precision: 0.949 - Recall: 0.932 - Accuracy: 0.969 - F1: 0.940

Saving model with new best validation loss: 19.852

=== EPOCH 70/119 ===
Learning Rate = 6.400000000000001e-06

TRAIN losses
Total Loss  |Smoke Loss  |Fire Loss   
------------ ------------ ------------
18.802      |13.529      |5.274       


VAL losses
Total Loss  |Smoke Loss  |Fire Loss   
------------ ------------ ------------
20.191      |14.217      |5.974       

VAL Metrics
SMOKE -> Precision: 0.931 - Recall: 0.899 - Accuracy: 0.920 - F1: 0.915
FIRE -> Precision: 0.955 - Recall: 0.928 - Accuracy: 0.970 - F1: 0.941

=== EPOCH 71/119 ===
Learning Rate = 6.400000000000001e-06

TRAIN losses
Total Loss  |Smoke Loss  |Fire Loss   
------------ ------------ ------------
18.995      |13.726      |5.269       


VAL losses
Total Loss  |Smoke Loss  |Fire Loss   
------------ ------------ ------------
19.937      |13.928      |6.009       

VAL Metrics
SMOKE -> Precision: 0.925 - Recall: 0.915 - Accuracy: 0.924 - F1: 0.920
FIRE -> Precision: 0.946 - Recall: 0.930 - Accuracy: 0.968 - F1: 0.938

=== EPOCH 72/119 ===
Learning Rate = 6.400000000000001e-06

TRAIN losses
Total Loss  |Smoke Loss  |Fire Loss   
------------ ------------ ------------
18.492      |13.411      |5.081       


VAL losses
Total Loss  |Smoke Loss  |Fire Loss   
------------ ------------ ------------
19.721      |13.736      |5.985       

VAL Metrics
SMOKE -> Precision: 0.920 - Recall: 0.931 - Accuracy: 0.928 - F1: 0.925
FIRE -> Precision: 0.944 - Recall: 0.936 - Accuracy: 0.969 - F1: 0.940

Saving model with new best validation loss: 19.721

=== EPOCH 73/119 ===
Learning Rate = 6.400000000000001e-06

TRAIN losses
Total Loss  |Smoke Loss  |Fire Loss   
------------ ------------ ------------
18.633      |13.447      |5.186       


VAL losses
Total Loss  |Smoke Loss  |Fire Loss   
------------ ------------ ------------
19.657      |13.677      |5.980       

VAL Metrics
SMOKE -> Precision: 0.920 - Recall: 0.925 - Accuracy: 0.925 - F1: 0.923
FIRE -> Precision: 0.940 - Recall: 0.940 - Accuracy: 0.969 - F1: 0.940

Saving model with new best validation loss: 19.657

=== EPOCH 74/119 ===
Learning Rate = 6.400000000000001e-06

TRAIN losses
Total Loss  |Smoke Loss  |Fire Loss   
------------ ------------ ------------
19.024      |13.718      |5.306       


VAL losses
Total Loss  |Smoke Loss  |Fire Loss   
------------ ------------ ------------
19.982      |13.780      |6.202       

VAL Metrics
SMOKE -> Precision: 0.914 - Recall: 0.935 - Accuracy: 0.926 - F1: 0.924
FIRE -> Precision: 0.933 - Recall: 0.947 - Accuracy: 0.969 - F1: 0.940

=== EPOCH 75/119 ===
Learning Rate = 6.400000000000001e-06

TRAIN losses
Total Loss  |Smoke Loss  |Fire Loss   
------------ ------------ ------------
18.606      |13.528      |5.078       


VAL losses
Total Loss  |Smoke Loss  |Fire Loss   
------------ ------------ ------------
19.544      |13.619      |5.925       

VAL Metrics
SMOKE -> Precision: 0.921 - Recall: 0.926 - Accuracy: 0.926 - F1: 0.924
FIRE -> Precision: 0.946 - Recall: 0.940 - Accuracy: 0.970 - F1: 0.943

Saving model with new best validation loss: 19.544

=== EPOCH 76/119 ===
Learning Rate = 6.400000000000001e-06

TRAIN losses
Total Loss  |Smoke Loss  |Fire Loss   
------------ ------------ ------------
18.568      |13.370      |5.198       


VAL losses
Total Loss  |Smoke Loss  |Fire Loss   
------------ ------------ ------------
19.759      |13.807      |5.952       

VAL Metrics
SMOKE -> Precision: 0.922 - Recall: 0.919 - Accuracy: 0.924 - F1: 0.920
FIRE -> Precision: 0.949 - Recall: 0.932 - Accuracy: 0.969 - F1: 0.940

=== EPOCH 77/119 ===
Learning Rate = 6.400000000000001e-06

TRAIN losses
Total Loss  |Smoke Loss  |Fire Loss   
------------ ------------ ------------
18.471      |13.455      |5.016       


VAL losses
Total Loss  |Smoke Loss  |Fire Loss   
------------ ------------ ------------
19.762      |13.635      |6.127       

VAL Metrics
SMOKE -> Precision: 0.919 - Recall: 0.928 - Accuracy: 0.926 - F1: 0.924
FIRE -> Precision: 0.939 - Recall: 0.940 - Accuracy: 0.969 - F1: 0.939

=== EPOCH 78/119 ===
Learning Rate = 6.400000000000001e-06

TRAIN losses
Total Loss  |Smoke Loss  |Fire Loss   
------------ ------------ ------------
18.264      |13.121      |5.144       


VAL losses
Total Loss  |Smoke Loss  |Fire Loss   
------------ ------------ ------------
19.508      |13.554      |5.954       

VAL Metrics
SMOKE -> Precision: 0.921 - Recall: 0.925 - Accuracy: 0.926 - F1: 0.923
FIRE -> Precision: 0.950 - Recall: 0.933 - Accuracy: 0.970 - F1: 0.941

Saving model with new best validation loss: 19.508

=== EPOCH 79/119 ===
Learning Rate = 6.400000000000001e-06

TRAIN losses
Total Loss  |Smoke Loss  |Fire Loss   
------------ ------------ ------------
18.005      |12.912      |5.094       


VAL losses
Total Loss  |Smoke Loss  |Fire Loss   
------------ ------------ ------------
19.579      |13.631      |5.948       

VAL Metrics
SMOKE -> Precision: 0.914 - Recall: 0.933 - Accuracy: 0.926 - F1: 0.923
FIRE -> Precision: 0.947 - Recall: 0.942 - Accuracy: 0.972 - F1: 0.945

=== EPOCH 80/119 ===
Learning Rate = 6.400000000000001e-06

TRAIN losses
Total Loss  |Smoke Loss  |Fire Loss   
------------ ------------ ------------
18.344      |13.208      |5.137       


VAL losses
Total Loss  |Smoke Loss  |Fire Loss   
------------ ------------ ------------
19.426      |13.421      |6.006       

VAL Metrics
SMOKE -> Precision: 0.924 - Recall: 0.926 - Accuracy: 0.927 - F1: 0.925
FIRE -> Precision: 0.946 - Recall: 0.939 - Accuracy: 0.970 - F1: 0.942

Saving model with new best validation loss: 19.426

=== EPOCH 81/119 ===
Learning Rate = 6.400000000000001e-06

TRAIN losses
Total Loss  |Smoke Loss  |Fire Loss   
------------ ------------ ------------
18.066      |13.054      |5.012       


VAL losses
Total Loss  |Smoke Loss  |Fire Loss   
------------ ------------ ------------
19.513      |13.499      |6.013       

VAL Metrics
SMOKE -> Precision: 0.926 - Recall: 0.918 - Accuracy: 0.925 - F1: 0.922
FIRE -> Precision: 0.945 - Recall: 0.936 - Accuracy: 0.969 - F1: 0.940

=== EPOCH 82/119 ===
Learning Rate = 6.400000000000001e-06

TRAIN losses
Total Loss  |Smoke Loss  |Fire Loss   
------------ ------------ ------------
17.893      |13.014      |4.879       


VAL losses
Total Loss  |Smoke Loss  |Fire Loss   
------------ ------------ ------------
19.466      |13.465      |6.001       

VAL Metrics
SMOKE -> Precision: 0.917 - Recall: 0.931 - Accuracy: 0.927 - F1: 0.924
FIRE -> Precision: 0.950 - Recall: 0.933 - Accuracy: 0.970 - F1: 0.942

=== EPOCH 83/119 ===
Learning Rate = 6.400000000000001e-06

TRAIN losses
Total Loss  |Smoke Loss  |Fire Loss   
------------ ------------ ------------
18.108      |13.066      |5.042       


VAL losses
Total Loss  |Smoke Loss  |Fire Loss   
------------ ------------ ------------
19.365      |13.347      |6.018       

VAL Metrics
SMOKE -> Precision: 0.923 - Recall: 0.928 - Accuracy: 0.928 - F1: 0.925
FIRE -> Precision: 0.941 - Recall: 0.942 - Accuracy: 0.970 - F1: 0.941

Saving model with new best validation loss: 19.365

=== EPOCH 84/119 ===
Learning Rate = 6.400000000000001e-06

TRAIN losses
Total Loss  |Smoke Loss  |Fire Loss   
------------ ------------ ------------
17.933      |13.041      |4.892       


VAL losses
Total Loss  |Smoke Loss  |Fire Loss   
------------ ------------ ------------
19.334      |13.380      |5.954       

VAL Metrics
SMOKE -> Precision: 0.924 - Recall: 0.930 - Accuracy: 0.929 - F1: 0.927
FIRE -> Precision: 0.938 - Recall: 0.940 - Accuracy: 0.968 - F1: 0.939

Saving model with new best validation loss: 19.334

=== EPOCH 85/119 ===
Learning Rate = 6.400000000000001e-06

TRAIN losses
Total Loss  |Smoke Loss  |Fire Loss   
------------ ------------ ------------
17.749      |12.842      |4.907       


VAL losses
Total Loss  |Smoke Loss  |Fire Loss   
------------ ------------ ------------
19.371      |13.470      |5.901       

VAL Metrics
SMOKE -> Precision: 0.921 - Recall: 0.926 - Accuracy: 0.926 - F1: 0.924
FIRE -> Precision: 0.947 - Recall: 0.937 - Accuracy: 0.970 - F1: 0.942

=== EPOCH 86/119 ===
Learning Rate = 6.400000000000001e-06

TRAIN losses
Total Loss  |Smoke Loss  |Fire Loss   
------------ ------------ ------------
17.519      |12.490      |5.028       


VAL losses
Total Loss  |Smoke Loss  |Fire Loss   
------------ ------------ ------------
19.291      |13.330      |5.960       

VAL Metrics
SMOKE -> Precision: 0.924 - Recall: 0.926 - Accuracy: 0.928 - F1: 0.925
FIRE -> Precision: 0.946 - Recall: 0.933 - Accuracy: 0.969 - F1: 0.940

Saving model with new best validation loss: 19.291

=== EPOCH 87/119 ===
Learning Rate = 6.400000000000001e-06

TRAIN losses
Total Loss  |Smoke Loss  |Fire Loss   
------------ ------------ ------------
17.826      |12.983      |4.842       


VAL losses
Total Loss  |Smoke Loss  |Fire Loss   
------------ ------------ ------------
19.425      |13.384      |6.041       

VAL Metrics
SMOKE -> Precision: 0.927 - Recall: 0.914 - Accuracy: 0.924 - F1: 0.920
FIRE -> Precision: 0.942 - Recall: 0.934 - Accuracy: 0.968 - F1: 0.938

=== EPOCH 88/119 ===
Learning Rate = 6.400000000000001e-06

TRAIN losses
Total Loss  |Smoke Loss  |Fire Loss   
------------ ------------ ------------
17.388      |12.655      |4.734       


VAL losses
Total Loss  |Smoke Loss  |Fire Loss   
------------ ------------ ------------
19.226      |13.272      |5.954       

VAL Metrics
SMOKE -> Precision: 0.924 - Recall: 0.934 - Accuracy: 0.931 - F1: 0.929
FIRE -> Precision: 0.942 - Recall: 0.939 - Accuracy: 0.969 - F1: 0.940

Saving model with new best validation loss: 19.226

=== EPOCH 89/119 ===
Learning Rate = 6.400000000000001e-06

TRAIN losses
Total Loss  |Smoke Loss  |Fire Loss   
------------ ------------ ------------
17.527      |12.751      |4.775       


VAL losses
Total Loss  |Smoke Loss  |Fire Loss   
------------ ------------ ------------
19.363      |13.349      |6.014       

VAL Metrics
SMOKE -> Precision: 0.926 - Recall: 0.919 - Accuracy: 0.925 - F1: 0.922
FIRE -> Precision: 0.950 - Recall: 0.931 - Accuracy: 0.969 - F1: 0.940

=== EPOCH 90/119 ===
Learning Rate = 6.400000000000001e-06

TRAIN losses
Total Loss  |Smoke Loss  |Fire Loss   
------------ ------------ ------------
17.372      |12.687      |4.685       


VAL losses
Total Loss  |Smoke Loss  |Fire Loss   
------------ ------------ ------------
19.303      |13.335      |5.968       

VAL Metrics
SMOKE -> Precision: 0.927 - Recall: 0.921 - Accuracy: 0.927 - F1: 0.924
FIRE -> Precision: 0.944 - Recall: 0.939 - Accuracy: 0.970 - F1: 0.941

=== EPOCH 91/119 ===
Learning Rate = 6.400000000000001e-06

TRAIN losses
Total Loss  |Smoke Loss  |Fire Loss   
------------ ------------ ------------
17.453      |12.653      |4.800       


VAL losses
Total Loss  |Smoke Loss  |Fire Loss   
------------ ------------ ------------
19.111      |13.176      |5.936       

VAL Metrics
SMOKE -> Precision: 0.926 - Recall: 0.924 - Accuracy: 0.928 - F1: 0.925
FIRE -> Precision: 0.942 - Recall: 0.940 - Accuracy: 0.969 - F1: 0.941

Saving model with new best validation loss: 19.111

=== EPOCH 92/119 ===
Learning Rate = 6.400000000000001e-06

TRAIN losses
Total Loss  |Smoke Loss  |Fire Loss   
------------ ------------ ------------
17.046      |12.472      |4.574       


VAL losses
Total Loss  |Smoke Loss  |Fire Loss   
------------ ------------ ------------
19.421      |13.402      |6.018       

VAL Metrics
SMOKE -> Precision: 0.929 - Recall: 0.913 - Accuracy: 0.924 - F1: 0.921
FIRE -> Precision: 0.948 - Recall: 0.937 - Accuracy: 0.970 - F1: 0.942

=== EPOCH 93/119 ===
Learning Rate = 6.400000000000001e-06

TRAIN losses
Total Loss  |Smoke Loss  |Fire Loss   
------------ ------------ ------------
17.158      |12.322      |4.836       


VAL losses
Total Loss  |Smoke Loss  |Fire Loss   
------------ ------------ ------------
19.208      |13.243      |5.964       

VAL Metrics
SMOKE -> Precision: 0.918 - Recall: 0.935 - Accuracy: 0.929 - F1: 0.927
FIRE -> Precision: 0.945 - Recall: 0.941 - Accuracy: 0.970 - F1: 0.943

=== EPOCH 94/119 ===
Learning Rate = 6.400000000000001e-06

TRAIN losses
Total Loss  |Smoke Loss  |Fire Loss   
------------ ------------ ------------
17.259      |12.590      |4.669       


VAL losses
Total Loss  |Smoke Loss  |Fire Loss   
------------ ------------ ------------
19.248      |13.319      |5.929       

VAL Metrics
SMOKE -> Precision: 0.918 - Recall: 0.925 - Accuracy: 0.924 - F1: 0.922
FIRE -> Precision: 0.949 - Recall: 0.935 - Accuracy: 0.970 - F1: 0.942

=== EPOCH 95/119 ===
Learning Rate = 5.120000000000002e-06

TRAIN losses
Total Loss  |Smoke Loss  |Fire Loss   
------------ ------------ ------------
16.723      |12.159      |4.565       


VAL losses
Total Loss  |Smoke Loss  |Fire Loss   
------------ ------------ ------------
19.049      |13.119      |5.930       

VAL Metrics
SMOKE -> Precision: 0.926 - Recall: 0.926 - Accuracy: 0.929 - F1: 0.926
FIRE -> Precision: 0.948 - Recall: 0.933 - Accuracy: 0.969 - F1: 0.941

Saving model with new best validation loss: 19.049

=== EPOCH 96/119 ===
Learning Rate = 5.120000000000002e-06

TRAIN losses
Total Loss  |Smoke Loss  |Fire Loss   
------------ ------------ ------------
16.496      |11.879      |4.617       


VAL losses
Total Loss  |Smoke Loss  |Fire Loss   
------------ ------------ ------------
19.201      |13.160      |6.040       

VAL Metrics
SMOKE -> Precision: 0.924 - Recall: 0.928 - Accuracy: 0.929 - F1: 0.926
FIRE -> Precision: 0.938 - Recall: 0.946 - Accuracy: 0.970 - F1: 0.942

=== EPOCH 97/119 ===
Learning Rate = 5.120000000000002e-06

TRAIN losses
Total Loss  |Smoke Loss  |Fire Loss   
------------ ------------ ------------
16.699      |12.031      |4.668       


VAL losses
Total Loss  |Smoke Loss  |Fire Loss   
------------ ------------ ------------
19.038      |13.055      |5.984       

VAL Metrics
SMOKE -> Precision: 0.920 - Recall: 0.931 - Accuracy: 0.928 - F1: 0.926
FIRE -> Precision: 0.939 - Recall: 0.942 - Accuracy: 0.969 - F1: 0.941

Saving model with new best validation loss: 19.038

=== EPOCH 98/119 ===
Learning Rate = 5.120000000000002e-06

TRAIN losses
Total Loss  |Smoke Loss  |Fire Loss   
------------ ------------ ------------
16.856      |12.239      |4.617       


VAL losses
Total Loss  |Smoke Loss  |Fire Loss   
------------ ------------ ------------
18.904      |13.003      |5.901       

VAL Metrics
SMOKE -> Precision: 0.926 - Recall: 0.929 - Accuracy: 0.930 - F1: 0.928
FIRE -> Precision: 0.947 - Recall: 0.938 - Accuracy: 0.970 - F1: 0.943

Saving model with new best validation loss: 18.904

=== EPOCH 99/119 ===
Learning Rate = 5.120000000000002e-06

TRAIN losses
Total Loss  |Smoke Loss  |Fire Loss   
------------ ------------ ------------
16.527      |11.980      |4.547       


VAL losses
Total Loss  |Smoke Loss  |Fire Loss   
------------ ------------ ------------
18.916      |12.963      |5.952       

VAL Metrics
SMOKE -> Precision: 0.923 - Recall: 0.935 - Accuracy: 0.931 - F1: 0.929
FIRE -> Precision: 0.943 - Recall: 0.938 - Accuracy: 0.969 - F1: 0.940

=== EPOCH 100/119 ===
Learning Rate = 5.120000000000002e-06

TRAIN losses
Total Loss  |Smoke Loss  |Fire Loss   
------------ ------------ ------------
16.677      |12.048      |4.629       


VAL losses
Total Loss  |Smoke Loss  |Fire Loss   
------------ ------------ ------------
19.126      |13.120      |6.007       

VAL Metrics
SMOKE -> Precision: 0.918 - Recall: 0.932 - Accuracy: 0.927 - F1: 0.925
FIRE -> Precision: 0.936 - Recall: 0.942 - Accuracy: 0.969 - F1: 0.939

=== EPOCH 101/119 ===
Learning Rate = 5.120000000000002e-06

TRAIN losses
Total Loss  |Smoke Loss  |Fire Loss   
------------ ------------ ------------
16.745      |12.124      |4.621       


VAL losses
Total Loss  |Smoke Loss  |Fire Loss   
------------ ------------ ------------
18.869      |12.930      |5.938       

VAL Metrics
SMOKE -> Precision: 0.922 - Recall: 0.934 - Accuracy: 0.930 - F1: 0.928
FIRE -> Precision: 0.947 - Recall: 0.935 - Accuracy: 0.970 - F1: 0.941

Saving model with new best validation loss: 18.869

=== EPOCH 102/119 ===
Learning Rate = 5.120000000000002e-06

TRAIN losses
Total Loss  |Smoke Loss  |Fire Loss   
------------ ------------ ------------
16.476      |11.835      |4.641       


VAL losses
Total Loss  |Smoke Loss  |Fire Loss   
------------ ------------ ------------
19.029      |12.975      |6.054       

VAL Metrics
SMOKE -> Precision: 0.922 - Recall: 0.934 - Accuracy: 0.931 - F1: 0.928
FIRE -> Precision: 0.948 - Recall: 0.932 - Accuracy: 0.969 - F1: 0.940

=== EPOCH 103/119 ===
Learning Rate = 5.120000000000002e-06

TRAIN losses
Total Loss  |Smoke Loss  |Fire Loss   
------------ ------------ ------------
16.647      |12.126      |4.521       


VAL losses
Total Loss  |Smoke Loss  |Fire Loss   
------------ ------------ ------------
18.859      |12.877      |5.981       

VAL Metrics
SMOKE -> Precision: 0.929 - Recall: 0.926 - Accuracy: 0.931 - F1: 0.928
FIRE -> Precision: 0.947 - Recall: 0.937 - Accuracy: 0.970 - F1: 0.942

Saving model with new best validation loss: 18.859

=== EPOCH 104/119 ===
Learning Rate = 5.120000000000002e-06

TRAIN losses
Total Loss  |Smoke Loss  |Fire Loss   
------------ ------------ ------------
16.711      |12.028      |4.683       


VAL losses
Total Loss  |Smoke Loss  |Fire Loss   
------------ ------------ ------------
18.851      |12.883      |5.968       

VAL Metrics
SMOKE -> Precision: 0.919 - Recall: 0.938 - Accuracy: 0.930 - F1: 0.928
FIRE -> Precision: 0.940 - Recall: 0.941 - Accuracy: 0.969 - F1: 0.941

Saving model with new best validation loss: 18.851

=== EPOCH 105/119 ===
Learning Rate = 5.120000000000002e-06

TRAIN losses
Total Loss  |Smoke Loss  |Fire Loss   
------------ ------------ ------------
16.732      |12.169      |4.563       


VAL losses
Total Loss  |Smoke Loss  |Fire Loss   
------------ ------------ ------------
18.801      |12.746      |6.055       

VAL Metrics
SMOKE -> Precision: 0.924 - Recall: 0.935 - Accuracy: 0.932 - F1: 0.929
FIRE -> Precision: 0.934 - Recall: 0.942 - Accuracy: 0.968 - F1: 0.938

Saving model with new best validation loss: 18.801

=== EPOCH 106/119 ===
Learning Rate = 5.120000000000002e-06

TRAIN losses
Total Loss  |Smoke Loss  |Fire Loss   
------------ ------------ ------------
16.532      |11.929      |4.603       


VAL losses
Total Loss  |Smoke Loss  |Fire Loss   
------------ ------------ ------------
18.821      |12.779      |6.043       

VAL Metrics
SMOKE -> Precision: 0.923 - Recall: 0.931 - Accuracy: 0.929 - F1: 0.927
FIRE -> Precision: 0.944 - Recall: 0.941 - Accuracy: 0.970 - F1: 0.942

=== EPOCH 107/119 ===
Learning Rate = 5.120000000000002e-06

TRAIN losses
Total Loss  |Smoke Loss  |Fire Loss   
------------ ------------ ------------
16.432      |11.683      |4.749       


VAL losses
Total Loss  |Smoke Loss  |Fire Loss   
------------ ------------ ------------
18.608      |12.666      |5.942       

VAL Metrics
SMOKE -> Precision: 0.924 - Recall: 0.940 - Accuracy: 0.934 - F1: 0.932
FIRE -> Precision: 0.940 - Recall: 0.939 - Accuracy: 0.969 - F1: 0.940

Saving model with new best validation loss: 18.608

=== EPOCH 108/119 ===
Learning Rate = 5.120000000000002e-06

TRAIN losses
Total Loss  |Smoke Loss  |Fire Loss   
------------ ------------ ------------
16.091      |11.541      |4.551       


VAL losses
Total Loss  |Smoke Loss  |Fire Loss   
------------ ------------ ------------
18.737      |12.841      |5.896       

VAL Metrics
SMOKE -> Precision: 0.931 - Recall: 0.926 - Accuracy: 0.931 - F1: 0.928
FIRE -> Precision: 0.940 - Recall: 0.940 - Accuracy: 0.969 - F1: 0.940

=== EPOCH 109/119 ===
Learning Rate = 5.120000000000002e-06

TRAIN losses
Total Loss  |Smoke Loss  |Fire Loss   
------------ ------------ ------------
16.058      |11.529      |4.530       


VAL losses
Total Loss  |Smoke Loss  |Fire Loss   
------------ ------------ ------------
18.648      |12.762      |5.886       

VAL Metrics
SMOKE -> Precision: 0.928 - Recall: 0.936 - Accuracy: 0.934 - F1: 0.932
FIRE -> Precision: 0.942 - Recall: 0.941 - Accuracy: 0.970 - F1: 0.941

=== EPOCH 110/119 ===
Learning Rate = 5.120000000000002e-06

TRAIN losses
Total Loss  |Smoke Loss  |Fire Loss   
------------ ------------ ------------
15.963      |11.727      |4.236       


VAL losses
Total Loss  |Smoke Loss  |Fire Loss   
------------ ------------ ------------
18.825      |12.971      |5.854       

VAL Metrics
SMOKE -> Precision: 0.922 - Recall: 0.938 - Accuracy: 0.932 - F1: 0.930
FIRE -> Precision: 0.948 - Recall: 0.935 - Accuracy: 0.970 - F1: 0.941

=== EPOCH 111/119 ===
Learning Rate = 4.096000000000002e-06

TRAIN losses
Total Loss  |Smoke Loss  |Fire Loss   
------------ ------------ ------------
16.143      |11.730      |4.413       


VAL losses
Total Loss  |Smoke Loss  |Fire Loss   
------------ ------------ ------------
18.767      |12.826      |5.941       

VAL Metrics
SMOKE -> Precision: 0.924 - Recall: 0.936 - Accuracy: 0.932 - F1: 0.930
FIRE -> Precision: 0.943 - Recall: 0.937 - Accuracy: 0.969 - F1: 0.940

=== EPOCH 112/119 ===
Learning Rate = 4.096000000000002e-06

TRAIN losses
Total Loss  |Smoke Loss  |Fire Loss   
------------ ------------ ------------
16.111      |11.632      |4.479       


VAL losses
Total Loss  |Smoke Loss  |Fire Loss   
------------ ------------ ------------
18.927      |12.977      |5.950       

VAL Metrics
SMOKE -> Precision: 0.922 - Recall: 0.939 - Accuracy: 0.932 - F1: 0.930
FIRE -> Precision: 0.950 - Recall: 0.936 - Accuracy: 0.971 - F1: 0.943

=== EPOCH 113/119 ===
Learning Rate = 4.096000000000002e-06

TRAIN losses
Total Loss  |Smoke Loss  |Fire Loss   
------------ ------------ ------------
16.071      |11.465      |4.606       


VAL losses
Total Loss  |Smoke Loss  |Fire Loss   
------------ ------------ ------------
18.731      |12.844      |5.887       

VAL Metrics
SMOKE -> Precision: 0.933 - Recall: 0.925 - Accuracy: 0.932 - F1: 0.929
FIRE -> Precision: 0.947 - Recall: 0.935 - Accuracy: 0.970 - F1: 0.941

=== EPOCH 114/119 ===
Learning Rate = 3.276800000000002e-06

TRAIN losses
Total Loss  |Smoke Loss  |Fire Loss   
------------ ------------ ------------
15.975      |11.575      |4.400       


VAL losses
Total Loss  |Smoke Loss  |Fire Loss   
------------ ------------ ------------
18.907      |12.909      |5.998       

VAL Metrics
SMOKE -> Precision: 0.924 - Recall: 0.936 - Accuracy: 0.932 - F1: 0.930
FIRE -> Precision: 0.944 - Recall: 0.935 - Accuracy: 0.969 - F1: 0.940

=== EPOCH 115/119 ===
Learning Rate = 3.276800000000002e-06

TRAIN losses
Total Loss  |Smoke Loss  |Fire Loss   
------------ ------------ ------------
15.572      |11.370      |4.203       


VAL losses
Total Loss  |Smoke Loss  |Fire Loss   
------------ ------------ ------------
18.613      |12.690      |5.923       

VAL Metrics
SMOKE -> Precision: 0.923 - Recall: 0.936 - Accuracy: 0.931 - F1: 0.929
FIRE -> Precision: 0.946 - Recall: 0.938 - Accuracy: 0.970 - F1: 0.942

=== EPOCH 116/119 ===
Learning Rate = 3.276800000000002e-06

TRAIN losses
Total Loss  |Smoke Loss  |Fire Loss   
------------ ------------ ------------
15.900      |11.473      |4.426       


VAL losses
Total Loss  |Smoke Loss  |Fire Loss   
------------ ------------ ------------
18.715      |12.756      |5.959       

VAL Metrics
SMOKE -> Precision: 0.926 - Recall: 0.934 - Accuracy: 0.932 - F1: 0.930
FIRE -> Precision: 0.944 - Recall: 0.940 - Accuracy: 0.970 - F1: 0.942

=== EPOCH 117/119 ===
Learning Rate = 2.6214400000000015e-06

TRAIN losses
Total Loss  |Smoke Loss  |Fire Loss   
------------ ------------ ------------
15.783      |11.449      |4.334       


VAL losses
Total Loss  |Smoke Loss  |Fire Loss   
------------ ------------ ------------
18.608      |12.689      |5.919       

VAL Metrics
SMOKE -> Precision: 0.926 - Recall: 0.935 - Accuracy: 0.933 - F1: 0.930
FIRE -> Precision: 0.946 - Recall: 0.938 - Accuracy: 0.970 - F1: 0.942

=== EPOCH 118/119 ===
Learning Rate = 2.6214400000000015e-06

TRAIN losses
Total Loss  |Smoke Loss  |Fire Loss   
------------ ------------ ------------
15.639      |11.287      |4.352       


VAL losses
Total Loss  |Smoke Loss  |Fire Loss   
------------ ------------ ------------
18.876      |12.870      |6.006       

VAL Metrics
SMOKE -> Precision: 0.925 - Recall: 0.931 - Accuracy: 0.931 - F1: 0.928
FIRE -> Precision: 0.947 - Recall: 0.933 - Accuracy: 0.969 - F1: 0.940

=== EPOCH 119/119 ===
Learning Rate = 2.6214400000000015e-06

TRAIN losses
Total Loss  |Smoke Loss  |Fire Loss   
------------ ------------ ------------
15.633      |11.375      |4.257       


VAL losses
Total Loss  |Smoke Loss  |Fire Loss   
------------ ------------ ------------
18.633      |12.669      |5.965       

VAL Metrics
SMOKE -> Precision: 0.927 - Recall: 0.932 - Accuracy: 0.932 - F1: 0.930
FIRE -> Precision: 0.948 - Recall: 0.937 - Accuracy: 0.970 - F1: 0.942
Saving last model

***Script finished: 15:38:10

Time elapsed: 0:43:05.620549

ONNX Metrics

ONNX Metrics
SMOKE -> Precision: 0.9272 - Recall: 0.9321 - Accuracy: 0.9321 - F1: 0.9297
FIRE -> Precision: 0.9480 - Recall: 0.9369 - Accuracy: 0.9704 - F1: 0.9425
Mean F1 Score: 0.9361

VAL losses
Total Loss  |Smoke Loss  |Fire Loss   
------------ ------------ ------------
18.633      |12.669      |5.965       

VAL Metrics
SMOKE -> Precision: 0.927 - Recall: 0.932 - Accuracy: 0.932 - F1: 0.930
FIRE -> Precision: 0.948 - Recall: 0.937 - Accuracy: 0.970 - F1: 0.942
