BED Classifier XS Tiny.
	One Head.
	Weighted for Precision.
	Modules.
	Losses and Metrics Loggers.
	More checkpoints.
	140 epochs.
	Dataset images divided by 256.
	Affine True for all BatchNorm Modules: fixed, as I forgot one module in previous experiment.


TRAIN DFIRE dataset
	Train dataset len: 17221
TEST DFire dataset
	Test dataset len: 4306

Using BED Classifier

Trainable parameters = 282578
Total parameters = 282578

Model shape is tensor([[-0.2637,  0.1629],
        [-0.3208,  0.1351],
        [-0.2955,  0.1825],
        [-0.4263,  0.1694]], device='cuda:0', grad_fn=<AddmmBackward0>)
BED Model Arquitecture
ORIGINAL_BED_CLASSIFIER(
  (model): Sequential(
    (conv1): Conv2d(3, 32, kernel_size=(3, 3), stride=(1, 1), padding=(1, 1), bias=False)
    (bn1): BatchNorm2d(32, eps=1e-05, momentum=0.1, affine=True, track_running_stats=True)
    (relu1): ReLU()
    (dropout1): Dropout2d(p=0.3, inplace=False)
    (maxpool2): MaxPool2d(kernel_size=2, stride=2, padding=0, dilation=1, ceil_mode=False)
    (conv2): Conv2d(32, 16, kernel_size=(3, 3), stride=(1, 1), padding=(1, 1), bias=False)
    (bn2): BatchNorm2d(16, eps=1e-05, momentum=0.1, affine=True, track_running_stats=True)
    (relu2): ReLU()
    (dropout2): Dropout2d(p=0.3, inplace=False)
    (maxpool3): MaxPool2d(kernel_size=2, stride=2, padding=0, dilation=1, ceil_mode=False)
    (conv31): Conv2d(16, 16, kernel_size=(1, 1), stride=(1, 1), bias=False)
    (bn31): BatchNorm2d(16, eps=1e-05, momentum=0.1, affine=True, track_running_stats=True)
    (relu31): ReLU()
    (conv32): Conv2d(16, 32, kernel_size=(3, 3), stride=(1, 1), padding=(1, 1), bias=False)
    (bn32): BatchNorm2d(32, eps=1e-05, momentum=0.1, affine=True, track_running_stats=True)
    (relu32): ReLU()
    (conv33): Conv2d(32, 32, kernel_size=(1, 1), stride=(1, 1), bias=False)
    (bn33): BatchNorm2d(32, eps=1e-05, momentum=0.1, affine=True, track_running_stats=True)
    (relu33): ReLU()
    (conv34): Conv2d(32, 64, kernel_size=(3, 3), stride=(1, 1), padding=(1, 1), bias=False)
    (bn34): BatchNorm2d(64, eps=1e-05, momentum=0.1, affine=True, track_running_stats=True)
    (relu34): ReLU()
    (maxpool4): MaxPool2d(kernel_size=2, stride=2, padding=0, dilation=1, ceil_mode=False)
    (conv41): Conv2d(64, 32, kernel_size=(1, 1), stride=(1, 1), bias=False)
    (bn41): BatchNorm2d(32, eps=1e-05, momentum=0.1, affine=True, track_running_stats=True)
    (relu41): ReLU()
    (conv42): Conv2d(32, 64, kernel_size=(3, 3), stride=(1, 1), padding=(1, 1), bias=False)
    (bn42): BatchNorm2d(64, eps=1e-05, momentum=0.1, affine=True, track_running_stats=True)
    (relu42): ReLU()
    (conv43): Conv2d(64, 32, kernel_size=(1, 1), stride=(1, 1), bias=False)
    (bn43): BatchNorm2d(32, eps=1e-05, momentum=0.1, affine=True, track_running_stats=True)
    (relu43): ReLU()
    (conv44): Conv2d(32, 64, kernel_size=(3, 3), stride=(1, 1), padding=(1, 1), bias=False)
    (bn44): BatchNorm2d(64, eps=1e-05, momentum=0.1, affine=True, track_running_stats=True)
    (relu44): ReLU()
    (conv45): Conv2d(64, 32, kernel_size=(1, 1), stride=(1, 1), bias=False)
    (bn45): BatchNorm2d(32, eps=1e-05, momentum=0.1, affine=True, track_running_stats=True)
    (relu45): ReLU()
    (conv46): Conv2d(32, 64, kernel_size=(3, 3), stride=(1, 1), padding=(1, 1), bias=False)
    (bn46): BatchNorm2d(64, eps=1e-05, momentum=0.1, affine=True, track_running_stats=True)
    (relu46): ReLU()
    (maxpool5): MaxPool2d(kernel_size=2, stride=2, padding=0, dilation=1, ceil_mode=False)
    (conv51): Conv2d(64, 32, kernel_size=(1, 1), stride=(1, 1), bias=False)
    (bn51): BatchNorm2d(32, eps=1e-05, momentum=0.1, affine=True, track_running_stats=True)
    (relu51): ReLU()
    (conv52): Conv2d(32, 64, kernel_size=(3, 3), stride=(1, 1), padding=(1, 1), bias=False)
    (bn52): BatchNorm2d(64, eps=1e-05, momentum=0.1, affine=True, track_running_stats=True)
    (relu52): ReLU()
    (conv53): Conv2d(64, 32, kernel_size=(1, 1), stride=(1, 1), bias=False)
    (bn53): BatchNorm2d(32, eps=1e-05, momentum=0.1, affine=True, track_running_stats=True)
    (relu53): ReLU()
    (conv54): Conv2d(32, 64, kernel_size=(3, 3), stride=(1, 1), padding=(1, 1), bias=False)
    (bn54): BatchNorm2d(64, eps=1e-05, momentum=0.1, affine=True, track_running_stats=True)
    (relu54): ReLU()
    (conv55): Conv2d(64, 64, kernel_size=(3, 3), stride=(1, 1), padding=(1, 1), bias=False)
    (bn55): BatchNorm2d(64, eps=1e-05, momentum=0.1, affine=True, track_running_stats=True)
    (relu55): ReLU()
    (conv56): Conv2d(64, 64, kernel_size=(3, 3), stride=(1, 1), padding=(1, 1), bias=False)
    (bn56): BatchNorm2d(64, eps=1e-05, momentum=0.1, affine=True, track_running_stats=True)
    (relu56): ReLU()
    (maxpool6): MaxPool2d(kernel_size=2, stride=2, padding=0, dilation=1, ceil_mode=False)
    (conv61): Conv2d(64, 64, kernel_size=(3, 3), stride=(1, 1), padding=(1, 1), bias=False)
    (bn61): BatchNorm2d(64, eps=1e-05, momentum=0.1, affine=True, track_running_stats=True)
    (relu61): ReLU()
    (conv62): Conv2d(64, 64, kernel_size=(3, 3), stride=(1, 1), padding=(1, 1), bias=False)
    (bn62): BatchNorm2d(64, eps=1e-05, momentum=0.1, affine=True, track_running_stats=True)
    (relu62): ReLU()
    (avgpool5): AdaptiveAvgPool2d(output_size=(1, 1))
    (flatten5): Flatten(start_dim=1, end_dim=-1)
    (dropout5): Dropout(p=0.2, inplace=False)
    (linear51): Linear(in_features=64, out_features=16, bias=True)
    (relu5): ReLU()
    (linear52): Linear(in_features=16, out_features=2, bias=True)
  )
)
==========================================================================================
Layer (type:depth-idx)                   Output Shape              Param #
==========================================================================================
ORIGINAL_BED_CLASSIFIER                  [1, 2]                    --
├─Sequential: 1-1                        [1, 2]                    --
│    └─Conv2d: 2-1                       [1, 32, 224, 224]         864
│    └─BatchNorm2d: 2-2                  [1, 32, 224, 224]         64
│    └─ReLU: 2-3                         [1, 32, 224, 224]         --
│    └─Dropout2d: 2-4                    [1, 32, 224, 224]         --
│    └─MaxPool2d: 2-5                    [1, 32, 112, 112]         --
│    └─Conv2d: 2-6                       [1, 16, 112, 112]         4,608
│    └─BatchNorm2d: 2-7                  [1, 16, 112, 112]         32
│    └─ReLU: 2-8                         [1, 16, 112, 112]         --
│    └─Dropout2d: 2-9                    [1, 16, 112, 112]         --
│    └─MaxPool2d: 2-10                   [1, 16, 56, 56]           --
│    └─Conv2d: 2-11                      [1, 16, 56, 56]           256
│    └─BatchNorm2d: 2-12                 [1, 16, 56, 56]           32
│    └─ReLU: 2-13                        [1, 16, 56, 56]           --
│    └─Conv2d: 2-14                      [1, 32, 56, 56]           4,608
│    └─BatchNorm2d: 2-15                 [1, 32, 56, 56]           64
│    └─ReLU: 2-16                        [1, 32, 56, 56]           --
│    └─Conv2d: 2-17                      [1, 32, 56, 56]           1,024
│    └─BatchNorm2d: 2-18                 [1, 32, 56, 56]           64
│    └─ReLU: 2-19                        [1, 32, 56, 56]           --
│    └─Conv2d: 2-20                      [1, 64, 56, 56]           18,432
│    └─BatchNorm2d: 2-21                 [1, 64, 56, 56]           128
│    └─ReLU: 2-22                        [1, 64, 56, 56]           --
│    └─MaxPool2d: 2-23                   [1, 64, 28, 28]           --
│    └─Conv2d: 2-24                      [1, 32, 28, 28]           2,048
│    └─BatchNorm2d: 2-25                 [1, 32, 28, 28]           64
│    └─ReLU: 2-26                        [1, 32, 28, 28]           --
│    └─Conv2d: 2-27                      [1, 64, 28, 28]           18,432
│    └─BatchNorm2d: 2-28                 [1, 64, 28, 28]           128
│    └─ReLU: 2-29                        [1, 64, 28, 28]           --
│    └─Conv2d: 2-30                      [1, 32, 28, 28]           2,048
│    └─BatchNorm2d: 2-31                 [1, 32, 28, 28]           64
│    └─ReLU: 2-32                        [1, 32, 28, 28]           --
│    └─Conv2d: 2-33                      [1, 64, 28, 28]           18,432
│    └─BatchNorm2d: 2-34                 [1, 64, 28, 28]           128
│    └─ReLU: 2-35                        [1, 64, 28, 28]           --
│    └─Conv2d: 2-36                      [1, 32, 28, 28]           2,048
│    └─BatchNorm2d: 2-37                 [1, 32, 28, 28]           64
│    └─ReLU: 2-38                        [1, 32, 28, 28]           --
│    └─Conv2d: 2-39                      [1, 64, 28, 28]           18,432
│    └─BatchNorm2d: 2-40                 [1, 64, 28, 28]           128
│    └─ReLU: 2-41                        [1, 64, 28, 28]           --
│    └─MaxPool2d: 2-42                   [1, 64, 14, 14]           --
│    └─Conv2d: 2-43                      [1, 32, 14, 14]           2,048
│    └─BatchNorm2d: 2-44                 [1, 32, 14, 14]           64
│    └─ReLU: 2-45                        [1, 32, 14, 14]           --
│    └─Conv2d: 2-46                      [1, 64, 14, 14]           18,432
│    └─BatchNorm2d: 2-47                 [1, 64, 14, 14]           128
│    └─ReLU: 2-48                        [1, 64, 14, 14]           --
│    └─Conv2d: 2-49                      [1, 32, 14, 14]           2,048
│    └─BatchNorm2d: 2-50                 [1, 32, 14, 14]           64
│    └─ReLU: 2-51                        [1, 32, 14, 14]           --
│    └─Conv2d: 2-52                      [1, 64, 14, 14]           18,432
│    └─BatchNorm2d: 2-53                 [1, 64, 14, 14]           128
│    └─ReLU: 2-54                        [1, 64, 14, 14]           --
│    └─Conv2d: 2-55                      [1, 64, 14, 14]           36,864
│    └─BatchNorm2d: 2-56                 [1, 64, 14, 14]           128
│    └─ReLU: 2-57                        [1, 64, 14, 14]           --
│    └─Conv2d: 2-58                      [1, 64, 14, 14]           36,864
│    └─BatchNorm2d: 2-59                 [1, 64, 14, 14]           128
│    └─ReLU: 2-60                        [1, 64, 14, 14]           --
│    └─MaxPool2d: 2-61                   [1, 64, 7, 7]             --
│    └─Conv2d: 2-62                      [1, 64, 7, 7]             36,864
│    └─BatchNorm2d: 2-63                 [1, 64, 7, 7]             128
│    └─ReLU: 2-64                        [1, 64, 7, 7]             --
│    └─Conv2d: 2-65                      [1, 64, 7, 7]             36,864
│    └─BatchNorm2d: 2-66                 [1, 64, 7, 7]             128
│    └─ReLU: 2-67                        [1, 64, 7, 7]             --
│    └─AdaptiveAvgPool2d: 2-68           [1, 64, 1, 1]             --
│    └─Flatten: 2-69                     [1, 64]                   --
│    └─Dropout: 2-70                     [1, 64]                   --
│    └─Linear: 2-71                      [1, 16]                   1,040
│    └─ReLU: 2-72                        [1, 16]                   --
│    └─Linear: 2-73                      [1, 2]                    34
==========================================================================================
Total params: 282,578
Trainable params: 282,578
Non-trainable params: 0
Total mult-adds (M): 251.69
==========================================================================================
Input size (MB): 0.60
Forward/backward pass size (MB): 40.84
Params size (MB): 1.13
Estimated Total Size (MB): 42.58
==========================================================================================

Loss Function: BCE
Smoke Precision Weight: 0.8

Device: cuda
Learning Rate: 0.001
Optimizer Weight Decay: 0.001
Scheduler factor: 0.8
Scheduler patience: 2
Scheduler threshold: 0.001
Scheduler min learning rate: 1e-06
Batch Size: 64
W: 224
H: 224

***Start Training: 17:26:56


=== EPOCH 0/139 ===
Learning Rate = 0.001000

TRAIN Stats
Total Loss |Smoke Loss|Fire Loss |    _______|Accuracy |Precision|Recall   |F1       |
-----------|----------|----------|    Smoke  |0.5476   |0.6185   |0.2017   |0.3041   |
67.68      |38.88     |28.79     |    Fire   |0.7905   |0.6152   |0.6235   |0.6193   |

VAL Stats
Total Loss |Smoke Loss|Fire Loss |    _______|Accuracy |Precision|Recall   |F1       |
-----------|----------|----------|    Smoke  |0.6367   |0.6419   |0.5536   |0.5945   |
60.17      |37.06     |23.11     |    Fire   |0.8391   |0.6448   |0.8423   |0.7305   |

Saving model with new best validation loss: 60.167

=== EPOCH 1/139 ===
Learning Rate = 0.001000

TRAIN Stats
Total Loss |Smoke Loss|Fire Loss |    _______|Accuracy |Precision|Recall   |F1       |
-----------|----------|----------|    Smoke  |0.6168   |0.6985   |0.3844   |0.4959   |
60.55      |37.23     |23.32     |    Fire   |0.8375   |0.7023   |0.7039   |0.7031   |

VAL Stats
Total Loss |Smoke Loss|Fire Loss |    _______|Accuracy |Precision|Recall   |F1       |
-----------|----------|----------|    Smoke  |0.6175   |0.7582   |0.3010   |0.4310   |
56.57      |37.37     |19.20     |    Fire   |0.8766   |0.7856   |0.7198   |0.7513   |

Saving model with new best validation loss: 56.567

=== EPOCH 2/139 ===
Learning Rate = 0.001000

TRAIN Stats
Total Loss |Smoke Loss|Fire Loss |    _______|Accuracy |Precision|Recall   |F1       |
-----------|----------|----------|    Smoke  |0.6388   |0.7081   |0.4481   |0.5488   |
57.25      |36.18     |21.07     |    Fire   |0.8605   |0.7389   |0.7576   |0.7481   |

VAL Stats
Total Loss |Smoke Loss|Fire Loss |    _______|Accuracy |Precision|Recall   |F1       |
-----------|----------|----------|    Smoke  |0.6507   |0.7688   |0.3917   |0.5189   |
52.82      |34.72     |18.10     |    Fire   |0.8876   |0.8103   |0.7387   |0.7729   |

Saving model with new best validation loss: 52.818

=== EPOCH 3/139 ===
Learning Rate = 0.001000

TRAIN Stats
Total Loss |Smoke Loss|Fire Loss |    _______|Accuracy |Precision|Recall   |F1       |
-----------|----------|----------|    Smoke  |0.6434   |0.7347   |0.4268   |0.5399   |
55.24      |35.56     |19.68     |    Fire   |0.8776   |0.7716   |0.7841   |0.7778   |

VAL Stats
Total Loss |Smoke Loss|Fire Loss |    _______|Accuracy |Precision|Recall   |F1       |
-----------|----------|----------|    Smoke  |0.6504   |0.7872   |0.3747   |0.5077   |
51.05      |33.97     |17.08     |    Fire   |0.8967   |0.8279   |0.7586   |0.7917   |

Saving model with new best validation loss: 51.048

=== EPOCH 4/139 ===
Learning Rate = 0.001000

TRAIN Stats
Total Loss |Smoke Loss|Fire Loss |    _______|Accuracy |Precision|Recall   |F1       |
-----------|----------|----------|    Smoke  |0.6594   |0.7544   |0.4528   |0.5659   |
52.84      |34.40     |18.44     |    Fire   |0.8827   |0.7877   |0.7816   |0.7846   |

VAL Stats
Total Loss |Smoke Loss|Fire Loss |    _______|Accuracy |Precision|Recall   |F1       |
-----------|----------|----------|    Smoke  |0.6500   |0.8193   |0.3495   |0.4900   |
49.39      |34.36     |15.04     |    Fire   |0.9081   |0.8403   |0.7964   |0.8178   |

Saving model with new best validation loss: 49.393

=== EPOCH 5/139 ===
Learning Rate = 0.001000

TRAIN Stats
Total Loss |Smoke Loss|Fire Loss |    _______|Accuracy |Precision|Recall   |F1       |
-----------|----------|----------|    Smoke  |0.6678   |0.7539   |0.4787   |0.5856   |
51.63      |33.79     |17.84     |    Fire   |0.8857   |0.7927   |0.7881   |0.7904   |

VAL Stats
Total Loss |Smoke Loss|Fire Loss |    _______|Accuracy |Precision|Recall   |F1       |
-----------|----------|----------|    Smoke  |0.6765   |0.8314   |0.4111   |0.5501   |
46.54      |32.22     |14.33     |    Fire   |0.9151   |0.8951   |0.7613   |0.8228   |

Saving model with new best validation loss: 46.543

=== EPOCH 6/139 ===
Learning Rate = 0.001000

TRAIN Stats
Total Loss |Smoke Loss|Fire Loss |    _______|Accuracy |Precision|Recall   |F1       |
-----------|----------|----------|    Smoke  |0.6715   |0.7675   |0.4738   |0.5859   |
51.11      |33.76     |17.35     |    Fire   |0.8910   |0.8047   |0.7939   |0.7992   |

VAL Stats
Total Loss |Smoke Loss|Fire Loss |    _______|Accuracy |Precision|Recall   |F1       |
-----------|----------|----------|    Smoke  |0.6971   |0.8081   |0.4857   |0.6067   |
47.33      |32.21     |15.12     |    Fire   |0.9151   |0.9011   |0.7550   |0.8216   |


=== EPOCH 7/139 ===
Learning Rate = 0.001000

TRAIN Stats
Total Loss |Smoke Loss|Fire Loss |    _______|Accuracy |Precision|Recall   |F1       |
-----------|----------|----------|    Smoke  |0.6901   |0.7703   |0.5242   |0.6238   |
48.91      |32.54     |16.36     |    Fire   |0.8967   |0.8186   |0.7990   |0.8087   |

VAL Stats
Total Loss |Smoke Loss|Fire Loss |    _______|Accuracy |Precision|Recall   |F1       |
-----------|----------|----------|    Smoke  |0.7036   |0.8356   |0.4779   |0.6081   |
43.00      |29.98     |13.02     |    Fire   |0.9289   |0.9162   |0.7982   |0.8532   |

Saving model with new best validation loss: 43.003

=== EPOCH 8/139 ===
Learning Rate = 0.001000

TRAIN Stats
Total Loss |Smoke Loss|Fire Loss |    _______|Accuracy |Precision|Recall   |F1       |
-----------|----------|----------|    Smoke  |0.6934   |0.7755   |0.5274   |0.6278   |
48.02      |32.15     |15.87     |    Fire   |0.9031   |0.8282   |0.8143   |0.8212   |

VAL Stats
Total Loss |Smoke Loss|Fire Loss |    _______|Accuracy |Precision|Recall   |F1       |
-----------|----------|----------|    Smoke  |0.7092   |0.8312   |0.4964   |0.6215   |
43.20      |29.75     |13.45     |    Fire   |0.9209   |0.8761   |0.8090   |0.8412   |


=== EPOCH 9/139 ===
Learning Rate = 0.001000

TRAIN Stats
Total Loss |Smoke Loss|Fire Loss |    _______|Accuracy |Precision|Recall   |F1       |
-----------|----------|----------|    Smoke  |0.7005   |0.7763   |0.5465   |0.6415   |
47.37      |31.83     |15.53     |    Fire   |0.9031   |0.8305   |0.8111   |0.8207   |

VAL Stats
Total Loss |Smoke Loss|Fire Loss |    _______|Accuracy |Precision|Recall   |F1       |
-----------|----------|----------|    Smoke  |0.7192   |0.8353   |0.5187   |0.6400   |
44.24      |30.08     |14.15     |    Fire   |0.9272   |0.9716   |0.7405   |0.8405   |


=== EPOCH 10/139 ===
Learning Rate = 0.001000

TRAIN Stats
Total Loss |Smoke Loss|Fire Loss |    _______|Accuracy |Precision|Recall   |F1       |
-----------|----------|----------|    Smoke  |0.7030   |0.7689   |0.5634   |0.6503   |
46.21      |31.19     |15.01     |    Fire   |0.9093   |0.8458   |0.8170   |0.8311   |

VAL Stats
Total Loss |Smoke Loss|Fire Loss |    _______|Accuracy |Precision|Recall   |F1       |
-----------|----------|----------|    Smoke  |0.7197   |0.8639   |0.4954   |0.6297   |
44.35      |29.73     |14.62     |    Fire   |0.9160   |0.9676   |0.6991   |0.8117   |


=== EPOCH 11/139 ===
Learning Rate = 0.000800

TRAIN Stats
Total Loss |Smoke Loss|Fire Loss |    _______|Accuracy |Precision|Recall   |F1       |
-----------|----------|----------|    Smoke  |0.7210   |0.7796   |0.6011   |0.6788   |
44.70      |30.13     |14.57     |    Fire   |0.9102   |0.8474   |0.8190   |0.8329   |

VAL Stats
Total Loss |Smoke Loss|Fire Loss |    _______|Accuracy |Precision|Recall   |F1       |
-----------|----------|----------|    Smoke  |0.7318   |0.8865   |0.5075   |0.6455   |
39.46      |28.18     |11.28     |    Fire   |0.9398   |0.9447   |0.8153   |0.8752   |

Saving model with new best validation loss: 39.461

=== EPOCH 12/139 ===
Learning Rate = 0.000800

TRAIN Stats
Total Loss |Smoke Loss|Fire Loss |    _______|Accuracy |Precision|Recall   |F1       |
-----------|----------|----------|    Smoke  |0.7329   |0.7880   |0.6229   |0.6958   |
43.30      |29.35     |13.95     |    Fire   |0.9178   |0.8620   |0.8323   |0.8469   |

VAL Stats
Total Loss |Smoke Loss|Fire Loss |    _______|Accuracy |Precision|Recall   |F1       |
-----------|----------|----------|    Smoke  |0.7477   |0.8531   |0.5744   |0.6866   |
37.63      |26.64     |10.99     |    Fire   |0.9398   |0.9329   |0.8270   |0.8768   |

Saving model with new best validation loss: 37.629

=== EPOCH 13/139 ===
Learning Rate = 0.000800

TRAIN Stats
Total Loss |Smoke Loss|Fire Loss |    _______|Accuracy |Precision|Recall   |F1       |
-----------|----------|----------|    Smoke  |0.7315   |0.7821   |0.6272   |0.6962   |
42.98      |29.48     |13.50     |    Fire   |0.9163   |0.8574   |0.8321   |0.8446   |

VAL Stats
Total Loss |Smoke Loss|Fire Loss |    _______|Accuracy |Precision|Recall   |F1       |
-----------|----------|----------|    Smoke  |0.7155   |0.8921   |0.4649   |0.6112   |
42.11      |28.58     |13.53     |    Fire   |0.9181   |0.9645   |0.7099   |0.8179   |


=== EPOCH 14/139 ===
Learning Rate = 0.000800

TRAIN Stats
Total Loss |Smoke Loss|Fire Loss |    _______|Accuracy |Precision|Recall   |F1       |
-----------|----------|----------|    Smoke  |0.7355   |0.7813   |0.6395   |0.7033   |
42.55      |29.14     |13.41     |    Fire   |0.9198   |0.8613   |0.8423   |0.8517   |

VAL Stats
Total Loss |Smoke Loss|Fire Loss |    _______|Accuracy |Precision|Recall   |F1       |
-----------|----------|----------|    Smoke  |0.7773   |0.8428   |0.6602   |0.7404   |
37.95      |26.20     |11.74     |    Fire   |0.9312   |0.9023   |0.8234   |0.8610   |


=== EPOCH 15/139 ===
Learning Rate = 0.000800

TRAIN Stats
Total Loss |Smoke Loss|Fire Loss |    _______|Accuracy |Precision|Recall   |F1       |
-----------|----------|----------|    Smoke  |0.7379   |0.7811   |0.6468   |0.7076   |
42.28      |28.82     |13.46     |    Fire   |0.9180   |0.8574   |0.8397   |0.8485   |

VAL Stats
Total Loss |Smoke Loss|Fire Loss |    _______|Accuracy |Precision|Recall   |F1       |
-----------|----------|----------|    Smoke  |0.7563   |0.8520   |0.5972   |0.7022   |
37.47      |26.85     |10.62     |    Fire   |0.9417   |0.9041   |0.8667   |0.8850   |

Saving model with new best validation loss: 37.472

=== EPOCH 16/139 ===
Learning Rate = 0.000800

TRAIN Stats
Total Loss |Smoke Loss|Fire Loss |    _______|Accuracy |Precision|Recall   |F1       |
-----------|----------|----------|    Smoke  |0.7463   |0.7921   |0.6544   |0.7167   |
41.26      |28.49     |12.77     |    Fire   |0.9225   |0.8656   |0.8483   |0.8568   |

VAL Stats
Total Loss |Smoke Loss|Fire Loss |    _______|Accuracy |Precision|Recall   |F1       |
-----------|----------|----------|    Smoke  |0.7593   |0.8782   |0.5802   |0.6988   |
35.65      |25.94     |9.71      |    Fire   |0.9475   |0.9377   |0.8541   |0.8939   |

Saving model with new best validation loss: 35.648

=== EPOCH 17/139 ===
Learning Rate = 0.000800

TRAIN Stats
Total Loss |Smoke Loss|Fire Loss |    _______|Accuracy |Precision|Recall   |F1       |
-----------|----------|----------|    Smoke  |0.7558   |0.8032   |0.6649   |0.7275   |
40.21      |27.62     |12.60     |    Fire   |0.9250   |0.8711   |0.8517   |0.8613   |

VAL Stats
Total Loss |Smoke Loss|Fire Loss |    _______|Accuracy |Precision|Recall   |F1       |
-----------|----------|----------|    Smoke  |0.7561   |0.8786   |0.5720   |0.6929   |
38.26      |26.36     |11.90     |    Fire   |0.9338   |0.9450   |0.7901   |0.8606   |


=== EPOCH 18/139 ===
Learning Rate = 0.000800

TRAIN Stats
Total Loss |Smoke Loss|Fire Loss |    _______|Accuracy |Precision|Recall   |F1       |
-----------|----------|----------|    Smoke  |0.7545   |0.7979   |0.6688   |0.7276   |
40.30      |27.80     |12.50     |    Fire   |0.9255   |0.8751   |0.8486   |0.8616   |

VAL Stats
Total Loss |Smoke Loss|Fire Loss |    _______|Accuracy |Precision|Recall   |F1       |
-----------|----------|----------|    Smoke  |0.7661   |0.8711   |0.6030   |0.7127   |
34.56      |24.96     |9.60      |    Fire   |0.9466   |0.9136   |0.8766   |0.8947   |

Saving model with new best validation loss: 34.561

=== EPOCH 19/139 ===
Learning Rate = 0.000800

TRAIN Stats
Total Loss |Smoke Loss|Fire Loss |    _______|Accuracy |Precision|Recall   |F1       |
-----------|----------|----------|    Smoke  |0.7565   |0.8035   |0.6663   |0.7285   |
39.69      |27.34     |12.34     |    Fire   |0.9257   |0.8730   |0.8519   |0.8623   |

VAL Stats
Total Loss |Smoke Loss|Fire Loss |    _______|Accuracy |Precision|Recall   |F1       |
-----------|----------|----------|    Smoke  |0.8053   |0.8434   |0.7310   |0.7832   |
33.37      |23.89     |9.48      |    Fire   |0.9454   |0.9328   |0.8505   |0.8897   |

Saving model with new best validation loss: 33.369

=== EPOCH 20/139 ===
Learning Rate = 0.000800

TRAIN Stats
Total Loss |Smoke Loss|Fire Loss |    _______|Accuracy |Precision|Recall   |F1       |
-----------|----------|----------|    Smoke  |0.7642   |0.8051   |0.6850   |0.7402   |
38.69      |26.81     |11.88     |    Fire   |0.9283   |0.8797   |0.8545   |0.8669   |

VAL Stats
Total Loss |Smoke Loss|Fire Loss |    _______|Accuracy |Precision|Recall   |F1       |
-----------|----------|----------|    Smoke  |0.7880   |0.8708   |0.6568   |0.7488   |
34.43      |24.45     |9.98      |    Fire   |0.9485   |0.9337   |0.8622   |0.8965   |


=== EPOCH 21/139 ===
Learning Rate = 0.000800

TRAIN Stats
Total Loss |Smoke Loss|Fire Loss |    _______|Accuracy |Precision|Recall   |F1       |
-----------|----------|----------|    Smoke  |0.7652   |0.8029   |0.6907   |0.7426   |
38.80      |26.73     |12.07     |    Fire   |0.9264   |0.8770   |0.8500   |0.8633   |

VAL Stats
Total Loss |Smoke Loss|Fire Loss |    _______|Accuracy |Precision|Recall   |F1       |
-----------|----------|----------|    Smoke  |0.7924   |0.7518   |0.8488   |0.7974   |
35.25      |25.49     |9.76      |    Fire   |0.9529   |0.9340   |0.8802   |0.9063   |


=== EPOCH 22/139 ===
Learning Rate = 0.000800

TRAIN Stats
Total Loss |Smoke Loss|Fire Loss |    _______|Accuracy |Precision|Recall   |F1       |
-----------|----------|----------|    Smoke  |0.7725   |0.8094   |0.7010   |0.7513   |
38.07      |26.33     |11.74     |    Fire   |0.9305   |0.8785   |0.8652   |0.8718   |

VAL Stats
Total Loss |Smoke Loss|Fire Loss |    _______|Accuracy |Precision|Recall   |F1       |
-----------|----------|----------|    Smoke  |0.7680   |0.8979   |0.5841   |0.7078   |
37.17      |24.15     |13.02     |    Fire   |0.9291   |0.9775   |0.7432   |0.8444   |


=== EPOCH 23/139 ===
Learning Rate = 0.000640

TRAIN Stats
Total Loss |Smoke Loss|Fire Loss |    _______|Accuracy |Precision|Recall   |F1       |
-----------|----------|----------|    Smoke  |0.7803   |0.8184   |0.7092   |0.7599   |
36.86      |25.55     |11.31     |    Fire   |0.9334   |0.8865   |0.8671   |0.8767   |

VAL Stats
Total Loss |Smoke Loss|Fire Loss |    _______|Accuracy |Precision|Recall   |F1       |
-----------|----------|----------|    Smoke  |0.8046   |0.8728   |0.6951   |0.7739   |
32.36      |22.51     |9.86      |    Fire   |0.9415   |0.9248   |0.8423   |0.8817   |

Saving model with new best validation loss: 32.364

=== EPOCH 24/139 ===
Learning Rate = 0.000640

TRAIN Stats
Total Loss |Smoke Loss|Fire Loss |    _______|Accuracy |Precision|Recall   |F1       |
-----------|----------|----------|    Smoke  |0.7862   |0.8191   |0.7240   |0.7686   |
36.48      |25.20     |11.28     |    Fire   |0.9325   |0.8844   |0.8663   |0.8753   |

VAL Stats
Total Loss |Smoke Loss|Fire Loss |    _______|Accuracy |Precision|Recall   |F1       |
-----------|----------|----------|    Smoke  |0.7659   |0.9082   |0.5710   |0.7012   |
38.49      |26.35     |12.14     |    Fire   |0.9326   |0.9670   |0.7658   |0.8547   |


=== EPOCH 25/139 ===
Learning Rate = 0.000640

TRAIN Stats
Total Loss |Smoke Loss|Fire Loss |    _______|Accuracy |Precision|Recall   |F1       |
-----------|----------|----------|    Smoke  |0.7851   |0.8177   |0.7229   |0.7674   |
36.04      |25.22     |10.82     |    Fire   |0.9353   |0.8907   |0.8699   |0.8802   |

VAL Stats
Total Loss |Smoke Loss|Fire Loss |    _______|Accuracy |Precision|Recall   |F1       |
-----------|----------|----------|    Smoke  |0.7959   |0.8976   |0.6500   |0.7540   |
33.34      |22.92     |10.41     |    Fire   |0.9401   |0.9581   |0.8036   |0.8741   |


=== EPOCH 26/139 ===
Learning Rate = 0.000640

TRAIN Stats
Total Loss |Smoke Loss|Fire Loss |    _______|Accuracy |Precision|Recall   |F1       |
-----------|----------|----------|    Smoke  |0.7930   |0.8219   |0.7377   |0.7775   |
35.31      |24.51     |10.80     |    Fire   |0.9369   |0.8923   |0.8748   |0.8835   |

VAL Stats
Total Loss |Smoke Loss|Fire Loss |    _______|Accuracy |Precision|Recall   |F1       |
-----------|----------|----------|    Smoke  |0.8085   |0.8906   |0.6864   |0.7753   |
33.90      |23.08     |10.83     |    Fire   |0.9405   |0.9602   |0.8036   |0.8749   |


=== EPOCH 27/139 ===
Learning Rate = 0.000512

TRAIN Stats
Total Loss |Smoke Loss|Fire Loss |    _______|Accuracy |Precision|Recall   |F1       |
-----------|----------|----------|    Smoke  |0.7988   |0.8226   |0.7519   |0.7856   |
34.10      |23.91     |10.19     |    Fire   |0.9394   |0.8977   |0.8782   |0.8879   |

VAL Stats
Total Loss |Smoke Loss|Fire Loss |    _______|Accuracy |Precision|Recall   |F1       |
-----------|----------|----------|    Smoke  |0.8288   |0.9064   |0.7184   |0.8015   |
30.04      |21.48     |8.56      |    Fire   |0.9529   |0.9283   |0.8865   |0.9069   |

Saving model with new best validation loss: 30.037

=== EPOCH 28/139 ===
Learning Rate = 0.000512

TRAIN Stats
Total Loss |Smoke Loss|Fire Loss |    _______|Accuracy |Precision|Recall   |F1       |
-----------|----------|----------|    Smoke  |0.8080   |0.8313   |0.7632   |0.7958   |
33.44      |23.45     |9.99      |    Fire   |0.9407   |0.9034   |0.8768   |0.8899   |

VAL Stats
Total Loss |Smoke Loss|Fire Loss |    _______|Accuracy |Precision|Recall   |F1       |
-----------|----------|----------|    Smoke  |0.8048   |0.9033   |0.6655   |0.7664   |
33.48      |22.82     |10.67     |    Fire   |0.9415   |0.9684   |0.8000   |0.8762   |


=== EPOCH 29/139 ===
Learning Rate = 0.000512

TRAIN Stats
Total Loss |Smoke Loss|Fire Loss |    _______|Accuracy |Precision|Recall   |F1       |
-----------|----------|----------|    Smoke  |0.8087   |0.8308   |0.7656   |0.7969   |
33.02      |23.21     |9.80      |    Fire   |0.9419   |0.9028   |0.8823   |0.8924   |

VAL Stats
Total Loss |Smoke Loss|Fire Loss |    _______|Accuracy |Precision|Recall   |F1       |
-----------|----------|----------|    Smoke  |0.8493   |0.8787   |0.7969   |0.8358   |
28.22      |19.56     |8.66      |    Fire   |0.9508   |0.9277   |0.8784   |0.9024   |

Saving model with new best validation loss: 28.221

=== EPOCH 30/139 ===
Learning Rate = 0.000512

TRAIN Stats
Total Loss |Smoke Loss|Fire Loss |    _______|Accuracy |Precision|Recall   |F1       |
-----------|----------|----------|    Smoke  |0.8095   |0.8262   |0.7743   |0.7994   |
33.29      |23.14     |10.15     |    Fire   |0.9396   |0.8980   |0.8789   |0.8883   |

VAL Stats
Total Loss |Smoke Loss|Fire Loss |    _______|Accuracy |Precision|Recall   |F1       |
-----------|----------|----------|    Smoke  |0.8211   |0.8956   |0.7111   |0.7928   |
30.07      |21.30     |8.76      |    Fire   |0.9480   |0.9310   |0.8631   |0.8957   |


=== EPOCH 31/139 ===
Learning Rate = 0.000512

TRAIN Stats
Total Loss |Smoke Loss|Fire Loss |    _______|Accuracy |Precision|Recall   |F1       |
-----------|----------|----------|    Smoke  |0.8170   |0.8367   |0.7789   |0.8067   |
32.43      |22.63     |9.80      |    Fire   |0.9413   |0.9009   |0.8823   |0.8915   |

VAL Stats
Total Loss |Smoke Loss|Fire Loss |    _______|Accuracy |Precision|Recall   |F1       |
-----------|----------|----------|    Smoke  |0.8391   |0.8930   |0.7562   |0.8189   |
28.59      |19.87     |8.72      |    Fire   |0.9534   |0.9443   |0.8712   |0.9063   |


=== EPOCH 32/139 ===
Learning Rate = 0.000512

TRAIN Stats
Total Loss |Smoke Loss|Fire Loss |    _______|Accuracy |Precision|Recall   |F1       |
-----------|----------|----------|    Smoke  |0.8192   |0.8418   |0.7773   |0.8083   |
32.40      |22.37     |10.02     |    Fire   |0.9410   |0.8981   |0.8844   |0.8912   |

VAL Stats
Total Loss |Smoke Loss|Fire Loss |    _______|Accuracy |Precision|Recall   |F1       |
-----------|----------|----------|    Smoke  |0.8396   |0.8999   |0.7499   |0.8181   |
29.01      |19.98     |9.02      |    Fire   |0.9482   |0.9577   |0.8369   |0.8933   |


=== EPOCH 33/139 ===
Learning Rate = 0.000410

TRAIN Stats
Total Loss |Smoke Loss|Fire Loss |    _______|Accuracy |Precision|Recall   |F1       |
-----------|----------|----------|    Smoke  |0.8204   |0.8411   |0.7813   |0.8101   |
31.81      |22.10     |9.71      |    Fire   |0.9413   |0.9017   |0.8814   |0.8914   |

VAL Stats
Total Loss |Smoke Loss|Fire Loss |    _______|Accuracy |Precision|Recall   |F1       |
-----------|----------|----------|    Smoke  |0.8636   |0.8637   |0.8507   |0.8571   |
26.62      |18.33     |8.30      |    Fire   |0.9543   |0.9463   |0.8730   |0.9082   |

Saving model with new best validation loss: 26.622

=== EPOCH 34/139 ===
Learning Rate = 0.000410

TRAIN Stats
Total Loss |Smoke Loss|Fire Loss |    _______|Accuracy |Precision|Recall   |F1       |
-----------|----------|----------|    Smoke  |0.8273   |0.8494   |0.7875   |0.8173   |
30.78      |21.47     |9.31      |    Fire   |0.9444   |0.9044   |0.8908   |0.8975   |

VAL Stats
Total Loss |Smoke Loss|Fire Loss |    _______|Accuracy |Precision|Recall   |F1       |
-----------|----------|----------|    Smoke  |0.8582   |0.8847   |0.8110   |0.8462   |
28.11      |18.58     |9.53      |    Fire   |0.9438   |0.9429   |0.8333   |0.8847   |


=== EPOCH 35/139 ===
Learning Rate = 0.000410

TRAIN Stats
Total Loss |Smoke Loss|Fire Loss |    _______|Accuracy |Precision|Recall   |F1       |
-----------|----------|----------|    Smoke  |0.8296   |0.8497   |0.7927   |0.8202   |
30.19      |21.31     |8.88      |    Fire   |0.9463   |0.9103   |0.8913   |0.9007   |

VAL Stats
Total Loss |Smoke Loss|Fire Loss |    _______|Accuracy |Precision|Recall   |F1       |
-----------|----------|----------|    Smoke  |0.8617   |0.8599   |0.8512   |0.8555   |
26.75      |18.41     |8.34      |    Fire   |0.9550   |0.9396   |0.8829   |0.9104   |


=== EPOCH 36/139 ===
Learning Rate = 0.000410

TRAIN Stats
Total Loss |Smoke Loss|Fire Loss |    _______|Accuracy |Precision|Recall   |F1       |
-----------|----------|----------|    Smoke  |0.8330   |0.8512   |0.7992   |0.8244   |
30.12      |21.10     |9.02      |    Fire   |0.9470   |0.9106   |0.8938   |0.9021   |

VAL Stats
Total Loss |Smoke Loss|Fire Loss |    _______|Accuracy |Precision|Recall   |F1       |
-----------|----------|----------|    Smoke  |0.8626   |0.8779   |0.8299   |0.8532   |
26.66      |18.14     |8.52      |    Fire   |0.9510   |0.9403   |0.8658   |0.9015   |


=== EPOCH 37/139 ===
Learning Rate = 0.000328

TRAIN Stats
Total Loss |Smoke Loss|Fire Loss |    _______|Accuracy |Precision|Recall   |F1       |
-----------|----------|----------|    Smoke  |0.8346   |0.8545   |0.7986   |0.8256   |
29.56      |20.74     |8.82      |    Fire   |0.9465   |0.9074   |0.8956   |0.9015   |

VAL Stats
Total Loss |Smoke Loss|Fire Loss |    _______|Accuracy |Precision|Recall   |F1       |
-----------|----------|----------|    Smoke  |0.8682   |0.8993   |0.8177   |0.8566   |
25.97      |17.58     |8.39      |    Fire   |0.9557   |0.9563   |0.8685   |0.9103   |

Saving model with new best validation loss: 25.966

=== EPOCH 38/139 ===
Learning Rate = 0.000328

TRAIN Stats
Total Loss |Smoke Loss|Fire Loss |    _______|Accuracy |Precision|Recall   |F1       |
-----------|----------|----------|    Smoke  |0.8363   |0.8525   |0.8055   |0.8283   |
29.68      |20.79     |8.89      |    Fire   |0.9484   |0.9129   |0.8970   |0.9048   |

VAL Stats
Total Loss |Smoke Loss|Fire Loss |    _______|Accuracy |Precision|Recall   |F1       |
-----------|----------|----------|    Smoke  |0.8675   |0.8680   |0.8546   |0.8613   |
26.67      |17.36     |9.31      |    Fire   |0.9452   |0.9515   |0.8306   |0.8870   |


=== EPOCH 39/139 ===
Learning Rate = 0.000328

TRAIN Stats
Total Loss |Smoke Loss|Fire Loss |    _______|Accuracy |Precision|Recall   |F1       |
-----------|----------|----------|    Smoke  |0.8389   |0.8561   |0.8071   |0.8309   |
28.85      |20.26     |8.58      |    Fire   |0.9498   |0.9180   |0.8963   |0.9070   |

VAL Stats
Total Loss |Smoke Loss|Fire Loss |    _______|Accuracy |Precision|Recall   |F1       |
-----------|----------|----------|    Smoke  |0.8547   |0.9114   |0.7731   |0.8366   |
26.71      |18.38     |8.33      |    Fire   |0.9536   |0.9409   |0.8757   |0.9071   |


=== EPOCH 40/139 ===
Learning Rate = 0.000328

TRAIN Stats
Total Loss |Smoke Loss|Fire Loss |    _______|Accuracy |Precision|Recall   |F1       |
-----------|----------|----------|    Smoke  |0.8400   |0.8580   |0.8073   |0.8319   |
28.42      |19.96     |8.45      |    Fire   |0.9502   |0.9146   |0.9018   |0.9082   |

VAL Stats
Total Loss |Smoke Loss|Fire Loss |    _______|Accuracy |Precision|Recall   |F1       |
-----------|----------|----------|    Smoke  |0.8631   |0.9155   |0.7882   |0.8471   |
26.11      |17.50     |8.62      |    Fire   |0.9487   |0.9513   |0.8450   |0.8950   |


=== EPOCH 41/139 ===
Learning Rate = 0.000262

TRAIN Stats
Total Loss |Smoke Loss|Fire Loss |    _______|Accuracy |Precision|Recall   |F1       |
-----------|----------|----------|    Smoke  |0.8474   |0.8623   |0.8196   |0.8404   |
27.57      |19.39     |8.18      |    Fire   |0.9510   |0.9191   |0.8999   |0.9094   |

VAL Stats
Total Loss |Smoke Loss|Fire Loss |    _______|Accuracy |Precision|Recall   |F1       |
-----------|----------|----------|    Smoke  |0.8773   |0.9103   |0.8265   |0.8664   |
24.47      |16.28     |8.19      |    Fire   |0.9510   |0.9482   |0.8577   |0.9007   |

Saving model with new best validation loss: 24.474

=== EPOCH 42/139 ===
Learning Rate = 0.000262

TRAIN Stats
Total Loss |Smoke Loss|Fire Loss |    _______|Accuracy |Precision|Recall   |F1       |
-----------|----------|----------|    Smoke  |0.8529   |0.8721   |0.8201   |0.8453   |
27.47      |19.27     |8.20      |    Fire   |0.9514   |0.9164   |0.9045   |0.9104   |

VAL Stats
Total Loss |Smoke Loss|Fire Loss |    _______|Accuracy |Precision|Recall   |F1       |
-----------|----------|----------|    Smoke  |0.8815   |0.8758   |0.8783   |0.8771   |
25.38      |16.95     |8.43      |    Fire   |0.9492   |0.9256   |0.8739   |0.8990   |


=== EPOCH 43/139 ===
Learning Rate = 0.000262

TRAIN Stats
Total Loss |Smoke Loss|Fire Loss |    _______|Accuracy |Precision|Recall   |F1       |
-----------|----------|----------|    Smoke  |0.8505   |0.8650   |0.8236   |0.8438   |
27.09      |19.17     |7.92      |    Fire   |0.9509   |0.9156   |0.9035   |0.9095   |

VAL Stats
Total Loss |Smoke Loss|Fire Loss |    _______|Accuracy |Precision|Recall   |F1       |
-----------|----------|----------|    Smoke  |0.8722   |0.9142   |0.8105   |0.8592   |
25.63      |16.46     |9.16      |    Fire   |0.9485   |0.9645   |0.8315   |0.8931   |


=== EPOCH 44/139 ===
Learning Rate = 0.000262

TRAIN Stats
Total Loss |Smoke Loss|Fire Loss |    _______|Accuracy |Precision|Recall   |F1       |
-----------|----------|----------|    Smoke  |0.8496   |0.8660   |0.8203   |0.8425   |
27.07      |19.22     |7.85      |    Fire   |0.9540   |0.9227   |0.9078   |0.9152   |

VAL Stats
Total Loss |Smoke Loss|Fire Loss |    _______|Accuracy |Precision|Recall   |F1       |
-----------|----------|----------|    Smoke  |0.8883   |0.8860   |0.8812   |0.8836   |
23.53      |15.51     |8.02      |    Fire   |0.9529   |0.9486   |0.8649   |0.9048   |

Saving model with new best validation loss: 23.531

=== EPOCH 45/139 ===
Learning Rate = 0.000262

TRAIN Stats
Total Loss |Smoke Loss|Fire Loss |    _______|Accuracy |Precision|Recall   |F1       |
-----------|----------|----------|    Smoke  |0.8523   |0.8683   |0.8238   |0.8455   |
26.92      |18.76     |8.16      |    Fire   |0.9530   |0.9228   |0.9037   |0.9132   |

VAL Stats
Total Loss |Smoke Loss|Fire Loss |    _______|Accuracy |Precision|Recall   |F1       |
-----------|----------|----------|    Smoke  |0.8731   |0.9293   |0.7969   |0.8580   |
23.97      |16.06     |7.91      |    Fire   |0.9557   |0.9492   |0.8757   |0.9110   |


=== EPOCH 46/139 ===
Learning Rate = 0.000262

TRAIN Stats
Total Loss |Smoke Loss|Fire Loss |    _______|Accuracy |Precision|Recall   |F1       |
-----------|----------|----------|    Smoke  |0.8531   |0.8681   |0.8260   |0.8465   |
26.76      |18.70     |8.06      |    Fire   |0.9527   |0.9208   |0.9048   |0.9127   |

VAL Stats
Total Loss |Smoke Loss|Fire Loss |    _______|Accuracy |Precision|Recall   |F1       |
-----------|----------|----------|    Smoke  |0.8897   |0.8951   |0.8730   |0.8839   |
23.44      |15.23     |8.20      |    Fire   |0.9501   |0.9409   |0.8613   |0.8993   |

Saving model with new best validation loss: 23.437

=== EPOCH 47/139 ===
Learning Rate = 0.000262

TRAIN Stats
Total Loss |Smoke Loss|Fire Loss |    _______|Accuracy |Precision|Recall   |F1       |
-----------|----------|----------|    Smoke  |0.8557   |0.8699   |0.8297   |0.8494   |
26.31      |18.55     |7.76      |    Fire   |0.9534   |0.9209   |0.9076   |0.9142   |

VAL Stats
Total Loss |Smoke Loss|Fire Loss |    _______|Accuracy |Precision|Recall   |F1       |
-----------|----------|----------|    Smoke  |0.8829   |0.9029   |0.8478   |0.8745   |
23.77      |15.98     |7.79      |    Fire   |0.9557   |0.9340   |0.8919   |0.9124   |


=== EPOCH 48/139 ===
Learning Rate = 0.000262

TRAIN Stats
Total Loss |Smoke Loss|Fire Loss |    _______|Accuracy |Precision|Recall   |F1       |
-----------|----------|----------|    Smoke  |0.8609   |0.8729   |0.8384   |0.8553   |
26.08      |18.19     |7.89      |    Fire   |0.9537   |0.9202   |0.9094   |0.9148   |

VAL Stats
Total Loss |Smoke Loss|Fire Loss |    _______|Accuracy |Precision|Recall   |F1       |
-----------|----------|----------|    Smoke  |0.8946   |0.8924   |0.8880   |0.8902   |
22.37      |15.09     |7.28      |    Fire   |0.9571   |0.9410   |0.8901   |0.9148   |

Saving model with new best validation loss: 22.374

=== EPOCH 49/139 ===
Learning Rate = 0.000262

TRAIN Stats
Total Loss |Smoke Loss|Fire Loss |    _______|Accuracy |Precision|Recall   |F1       |
-----------|----------|----------|    Smoke  |0.8601   |0.8735   |0.8356   |0.8541   |
26.22      |18.46     |7.76      |    Fire   |0.9553   |0.9245   |0.9110   |0.9177   |

VAL Stats
Total Loss |Smoke Loss|Fire Loss |    _______|Accuracy |Precision|Recall   |F1       |
-----------|----------|----------|    Smoke  |0.8841   |0.9061   |0.8468   |0.8755   |
24.01      |15.97     |8.04      |    Fire   |0.9529   |0.9451   |0.8685   |0.9052   |


=== EPOCH 50/139 ===
Learning Rate = 0.000262

TRAIN Stats
Total Loss |Smoke Loss|Fire Loss |    _______|Accuracy |Precision|Recall   |F1       |
-----------|----------|----------|    Smoke  |0.8626   |0.8734   |0.8417   |0.8573   |
25.60      |18.15     |7.44      |    Fire   |0.9564   |0.9263   |0.9133   |0.9197   |

VAL Stats
Total Loss |Smoke Loss|Fire Loss |    _______|Accuracy |Precision|Recall   |F1       |
-----------|----------|----------|    Smoke  |0.8785   |0.9101   |0.8294   |0.8679   |
25.34      |16.85     |8.49      |    Fire   |0.9496   |0.9479   |0.8523   |0.8975   |


=== EPOCH 51/139 ===
Learning Rate = 0.000262

TRAIN Stats
Total Loss |Smoke Loss|Fire Loss |    _______|Accuracy |Precision|Recall   |F1       |
-----------|----------|----------|    Smoke  |0.8612   |0.8766   |0.8345   |0.8550   |
25.63      |18.05     |7.57      |    Fire   |0.9552   |0.9217   |0.9137   |0.9177   |

VAL Stats
Total Loss |Smoke Loss|Fire Loss |    _______|Accuracy |Precision|Recall   |F1       |
-----------|----------|----------|    Smoke  |0.8906   |0.9226   |0.8434   |0.8812   |
23.35      |15.54     |7.80      |    Fire   |0.9594   |0.9544   |0.8856   |0.9187   |


=== EPOCH 52/139 ===
Learning Rate = 0.000210

TRAIN Stats
Total Loss |Smoke Loss|Fire Loss |    _______|Accuracy |Precision|Recall   |F1       |
-----------|----------|----------|    Smoke  |0.8628   |0.8755   |0.8396   |0.8572   |
25.43      |17.97     |7.46      |    Fire   |0.9556   |0.9244   |0.9120   |0.9182   |

VAL Stats
Total Loss |Smoke Loss|Fire Loss |    _______|Accuracy |Precision|Recall   |F1       |
-----------|----------|----------|    Smoke  |0.8895   |0.9166   |0.8473   |0.8806   |
23.29      |14.88     |8.41      |    Fire   |0.9534   |0.9550   |0.8604   |0.9052   |


=== EPOCH 53/139 ===
Learning Rate = 0.000210

TRAIN Stats
Total Loss |Smoke Loss|Fire Loss |    _______|Accuracy |Precision|Recall   |F1       |
-----------|----------|----------|    Smoke  |0.8700   |0.8850   |0.8447   |0.8644   |
24.40      |17.10     |7.30      |    Fire   |0.9575   |0.9268   |0.9169   |0.9218   |

VAL Stats
Total Loss |Smoke Loss|Fire Loss |    _______|Accuracy |Precision|Recall   |F1       |
-----------|----------|----------|    Smoke  |0.8934   |0.9080   |0.8662   |0.8866   |
22.65      |14.44     |8.21      |    Fire   |0.9517   |0.9371   |0.8721   |0.9034   |


=== EPOCH 54/139 ===
Learning Rate = 0.000210

TRAIN Stats
Total Loss |Smoke Loss|Fire Loss |    _______|Accuracy |Precision|Recall   |F1       |
-----------|----------|----------|    Smoke  |0.8679   |0.8825   |0.8428   |0.8622   |
24.40      |17.18     |7.21      |    Fire   |0.9566   |0.9278   |0.9122   |0.9200   |

VAL Stats
Total Loss |Smoke Loss|Fire Loss |    _______|Accuracy |Precision|Recall   |F1       |
-----------|----------|----------|    Smoke  |0.8953   |0.9151   |0.8623   |0.8879   |
22.74      |14.95     |7.80      |    Fire   |0.9564   |0.9485   |0.8793   |0.9126   |


=== EPOCH 55/139 ===
Learning Rate = 0.000168

TRAIN Stats
Total Loss |Smoke Loss|Fire Loss |    _______|Accuracy |Precision|Recall   |F1       |
-----------|----------|----------|    Smoke  |0.8726   |0.8873   |0.8478   |0.8671   |
24.17      |16.95     |7.22      |    Fire   |0.9572   |0.9260   |0.9169   |0.9214   |

VAL Stats
Total Loss |Smoke Loss|Fire Loss |    _______|Accuracy |Precision|Recall   |F1       |
-----------|----------|----------|    Smoke  |0.9037   |0.9080   |0.8900   |0.8989   |
21.84      |14.13     |7.71      |    Fire   |0.9548   |0.9395   |0.8820   |0.9099   |

Saving model with new best validation loss: 21.842

=== EPOCH 56/139 ===
Learning Rate = 0.000168

TRAIN Stats
Total Loss |Smoke Loss|Fire Loss |    _______|Accuracy |Precision|Recall   |F1       |
-----------|----------|----------|    Smoke  |0.8734   |0.8871   |0.8500   |0.8682   |
23.61      |16.59     |7.02      |    Fire   |0.9598   |0.9350   |0.9167   |0.9258   |

VAL Stats
Total Loss |Smoke Loss|Fire Loss |    _______|Accuracy |Precision|Recall   |F1       |
-----------|----------|----------|    Smoke  |0.8909   |0.9222   |0.8444   |0.8816   |
22.62      |14.90     |7.72      |    Fire   |0.9578   |0.9549   |0.8784   |0.9151   |


=== EPOCH 57/139 ===
Learning Rate = 0.000168

TRAIN Stats
Total Loss |Smoke Loss|Fire Loss |    _______|Accuracy |Precision|Recall   |F1       |
-----------|----------|----------|    Smoke  |0.8740   |0.8862   |0.8525   |0.8690   |
23.50      |16.69     |6.81      |    Fire   |0.9596   |0.9318   |0.9197   |0.9257   |

VAL Stats
Total Loss |Smoke Loss|Fire Loss |    _______|Accuracy |Precision|Recall   |F1       |
-----------|----------|----------|    Smoke  |0.8895   |0.9246   |0.8386   |0.8795   |
22.24      |14.71     |7.53      |    Fire   |0.9555   |0.9290   |0.8964   |0.9124   |


=== EPOCH 58/139 ===
Learning Rate = 0.000168

TRAIN Stats
Total Loss |Smoke Loss|Fire Loss |    _______|Accuracy |Precision|Recall   |F1       |
-----------|----------|----------|    Smoke  |0.8740   |0.8866   |0.8520   |0.8690   |
23.41      |16.54     |6.87      |    Fire   |0.9592   |0.9285   |0.9218   |0.9251   |

VAL Stats
Total Loss |Smoke Loss|Fire Loss |    _______|Accuracy |Precision|Recall   |F1       |
-----------|----------|----------|    Smoke  |0.9011   |0.9200   |0.8701   |0.8944   |
22.36      |14.23     |8.13      |    Fire   |0.9524   |0.9459   |0.8658   |0.9040   |


=== EPOCH 59/139 ===
Learning Rate = 0.000134

TRAIN Stats
Total Loss |Smoke Loss|Fire Loss |    _______|Accuracy |Precision|Recall   |F1       |
-----------|----------|----------|    Smoke  |0.8765   |0.8877   |0.8564   |0.8718   |
22.86      |16.23     |6.62      |    Fire   |0.9592   |0.9313   |0.9186   |0.9249   |

VAL Stats
Total Loss |Smoke Loss|Fire Loss |    _______|Accuracy |Precision|Recall   |F1       |
-----------|----------|----------|    Smoke  |0.9037   |0.9088   |0.8890   |0.8988   |
21.86      |13.73     |8.13      |    Fire   |0.9538   |0.9444   |0.8730   |0.9073   |


=== EPOCH 60/139 ===
Learning Rate = 0.000134

TRAIN Stats
Total Loss |Smoke Loss|Fire Loss |    _______|Accuracy |Precision|Recall   |F1       |
-----------|----------|----------|    Smoke  |0.8794   |0.8888   |0.8618   |0.8751   |
22.92      |15.98     |6.94      |    Fire   |0.9591   |0.9337   |0.9154   |0.9244   |

VAL Stats
Total Loss |Smoke Loss|Fire Loss |    _______|Accuracy |Precision|Recall   |F1       |
-----------|----------|----------|    Smoke  |0.8890   |0.9196   |0.8429   |0.8796   |
22.62      |14.74     |7.89      |    Fire   |0.9545   |0.9412   |0.8793   |0.9092   |


=== EPOCH 61/139 ===
Learning Rate = 0.000134

TRAIN Stats
Total Loss |Smoke Loss|Fire Loss |    _______|Accuracy |Precision|Recall   |F1       |
-----------|----------|----------|    Smoke  |0.8859   |0.8953   |0.8689   |0.8819   |
22.61      |15.65     |6.96      |    Fire   |0.9591   |0.9316   |0.9178   |0.9246   |

VAL Stats
Total Loss |Smoke Loss|Fire Loss |    _______|Accuracy |Precision|Recall   |F1       |
-----------|----------|----------|    Smoke  |0.8932   |0.9285   |0.8429   |0.8836   |
22.08      |14.36     |7.72      |    Fire   |0.9564   |0.9425   |0.8856   |0.9131   |


=== EPOCH 62/139 ===
Learning Rate = 0.000107

TRAIN Stats
Total Loss |Smoke Loss|Fire Loss |    _______|Accuracy |Precision|Recall   |F1       |
-----------|----------|----------|    Smoke  |0.8821   |0.8960   |0.8594   |0.8773   |
22.48      |15.66     |6.81      |    Fire   |0.9590   |0.9279   |0.9218   |0.9248   |

VAL Stats
Total Loss |Smoke Loss|Fire Loss |    _______|Accuracy |Precision|Recall   |F1       |
-----------|----------|----------|    Smoke  |0.9056   |0.9178   |0.8827   |0.8999   |
20.90      |13.58     |7.33      |    Fire   |0.9550   |0.9354   |0.8874   |0.9108   |

Saving model with new best validation loss: 20.904

=== EPOCH 63/139 ===
Learning Rate = 0.000107

TRAIN Stats
Total Loss |Smoke Loss|Fire Loss |    _______|Accuracy |Precision|Recall   |F1       |
-----------|----------|----------|    Smoke  |0.8828   |0.8934   |0.8643   |0.8786   |
22.03      |15.61     |6.42      |    Fire   |0.9631   |0.9377   |0.9267   |0.9322   |

VAL Stats
Total Loss |Smoke Loss|Fire Loss |    _______|Accuracy |Precision|Recall   |F1       |
-----------|----------|----------|    Smoke  |0.9007   |0.9252   |0.8633   |0.8932   |
21.92      |13.95     |7.97      |    Fire   |0.9566   |0.9521   |0.8766   |0.9128   |


=== EPOCH 64/139 ===
Learning Rate = 0.000107

TRAIN Stats
Total Loss |Smoke Loss|Fire Loss |    _______|Accuracy |Precision|Recall   |F1       |
-----------|----------|----------|    Smoke  |0.8859   |0.8965   |0.8674   |0.8817   |
21.69      |15.14     |6.55      |    Fire   |0.9607   |0.9354   |0.9196   |0.9274   |

VAL Stats
Total Loss |Smoke Loss|Fire Loss |    _______|Accuracy |Precision|Recall   |F1       |
-----------|----------|----------|    Smoke  |0.9032   |0.9269   |0.8672   |0.8961   |
21.11      |13.51     |7.60      |    Fire   |0.9583   |0.9379   |0.8982   |0.9176   |


=== EPOCH 65/139 ===
Learning Rate = 0.000107

TRAIN Stats
Total Loss |Smoke Loss|Fire Loss |    _______|Accuracy |Precision|Recall   |F1       |
-----------|----------|----------|    Smoke  |0.8865   |0.8969   |0.8682   |0.8824   |
21.80      |15.23     |6.57      |    Fire   |0.9618   |0.9356   |0.9239   |0.9297   |

VAL Stats
Total Loss |Smoke Loss|Fire Loss |    _______|Accuracy |Precision|Recall   |F1       |
-----------|----------|----------|    Smoke  |0.9062   |0.9192   |0.8827   |0.9006   |
21.12      |13.42     |7.70      |    Fire   |0.9569   |0.9460   |0.8838   |0.9138   |


=== EPOCH 66/139 ===
Learning Rate = 0.000086

TRAIN Stats
Total Loss |Smoke Loss|Fire Loss |    _______|Accuracy |Precision|Recall   |F1       |
-----------|----------|----------|    Smoke  |0.8874   |0.8984   |0.8686   |0.8833   |
21.16      |15.06     |6.10      |    Fire   |0.9630   |0.9350   |0.9292   |0.9321   |

VAL Stats
Total Loss |Smoke Loss|Fire Loss |    _______|Accuracy |Precision|Recall   |F1       |
-----------|----------|----------|    Smoke  |0.9076   |0.9174   |0.8880   |0.9025   |
20.80      |13.11     |7.69      |    Fire   |0.9578   |0.9411   |0.8928   |0.9163   |

Saving model with new best validation loss: 20.800

=== EPOCH 67/139 ===
Learning Rate = 0.000086

TRAIN Stats
Total Loss |Smoke Loss|Fire Loss |    _______|Accuracy |Precision|Recall   |F1       |
-----------|----------|----------|    Smoke  |0.8914   |0.9017   |0.8737   |0.8875   |
20.90      |14.85     |6.05      |    Fire   |0.9638   |0.9395   |0.9271   |0.9332   |

VAL Stats
Total Loss |Smoke Loss|Fire Loss |    _______|Accuracy |Precision|Recall   |F1       |
-----------|----------|----------|    Smoke  |0.9081   |0.9204   |0.8856   |0.9027   |
21.32      |13.40     |7.92      |    Fire   |0.9543   |0.9352   |0.8847   |0.9093   |


=== EPOCH 68/139 ===
Learning Rate = 0.000086

TRAIN Stats
Total Loss |Smoke Loss|Fire Loss |    _______|Accuracy |Precision|Recall   |F1       |
-----------|----------|----------|    Smoke  |0.8913   |0.9001   |0.8755   |0.8876   |
20.67      |14.61     |6.05      |    Fire   |0.9649   |0.9379   |0.9335   |0.9357   |

VAL Stats
Total Loss |Smoke Loss|Fire Loss |    _______|Accuracy |Precision|Recall   |F1       |
-----------|----------|----------|    Smoke  |0.9042   |0.9258   |0.8706   |0.8973   |
21.56      |13.43     |8.13      |    Fire   |0.9524   |0.9415   |0.8703   |0.9045   |


=== EPOCH 69/139 ===
Learning Rate = 0.000086

TRAIN Stats
Total Loss |Smoke Loss|Fire Loss |    _______|Accuracy |Precision|Recall   |F1       |
-----------|----------|----------|    Smoke  |0.8914   |0.9024   |0.8730   |0.8875   |
21.07      |14.95     |6.11      |    Fire   |0.9629   |0.9386   |0.9250   |0.9317   |

VAL Stats
Total Loss |Smoke Loss|Fire Loss |    _______|Accuracy |Precision|Recall   |F1       |
-----------|----------|----------|    Smoke  |0.9081   |0.9191   |0.8871   |0.9028   |
21.55      |13.26     |8.29      |    Fire   |0.9531   |0.9460   |0.8685   |0.9056   |


=== EPOCH 70/139 ===
Learning Rate = 0.000069

TRAIN Stats
Total Loss |Smoke Loss|Fire Loss |    _______|Accuracy |Precision|Recall   |F1       |
-----------|----------|----------|    Smoke  |0.8888   |0.8965   |0.8741   |0.8851   |
21.08      |14.99     |6.09      |    Fire   |0.9655   |0.9420   |0.9312   |0.9365   |

VAL Stats
Total Loss |Smoke Loss|Fire Loss |    _______|Accuracy |Precision|Recall   |F1       |
-----------|----------|----------|    Smoke  |0.9011   |0.9288   |0.8604   |0.8933   |
21.52      |13.64     |7.89      |    Fire   |0.9550   |0.9404   |0.8820   |0.9103   |


=== EPOCH 71/139 ===
Learning Rate = 0.000069

TRAIN Stats
Total Loss |Smoke Loss|Fire Loss |    _______|Accuracy |Precision|Recall   |F1       |
-----------|----------|----------|    Smoke  |0.8939   |0.9004   |0.8811   |0.8906   |
20.64      |14.44     |6.21      |    Fire   |0.9636   |0.9378   |0.9284   |0.9331   |

VAL Stats
Total Loss |Smoke Loss|Fire Loss |    _______|Accuracy |Precision|Recall   |F1       |
-----------|----------|----------|    Smoke  |0.9067   |0.9311   |0.8706   |0.8998   |
21.33      |13.11     |8.22      |    Fire   |0.9534   |0.9426   |0.8730   |0.9065   |


=== EPOCH 72/139 ===
Learning Rate = 0.000069

TRAIN Stats
Total Loss |Smoke Loss|Fire Loss |    _______|Accuracy |Precision|Recall   |F1       |
-----------|----------|----------|    Smoke  |0.8929   |0.8991   |0.8805   |0.8897   |
20.53      |14.50     |6.04      |    Fire   |0.9649   |0.9414   |0.9292   |0.9353   |

VAL Stats
Total Loss |Smoke Loss|Fire Loss |    _______|Accuracy |Precision|Recall   |F1       |
-----------|----------|----------|    Smoke  |0.9076   |0.9294   |0.8745   |0.9011   |
21.06      |13.25     |7.81      |    Fire   |0.9550   |0.9447   |0.8775   |0.9099   |


=== EPOCH 73/139 ===
Learning Rate = 0.000055

TRAIN Stats
Total Loss |Smoke Loss|Fire Loss |    _______|Accuracy |Precision|Recall   |F1       |
-----------|----------|----------|    Smoke  |0.8950   |0.9057   |0.8773   |0.8913   |
20.09      |14.09     |6.00      |    Fire   |0.9660   |0.9404   |0.9350   |0.9377   |

VAL Stats
Total Loss |Smoke Loss|Fire Loss |    _______|Accuracy |Precision|Recall   |F1       |
-----------|----------|----------|    Smoke  |0.9090   |0.9270   |0.8803   |0.9030   |
20.96      |13.15     |7.81      |    Fire   |0.9552   |0.9413   |0.8820   |0.9107   |


=== EPOCH 74/139 ===
Learning Rate = 0.000055

TRAIN Stats
Total Loss |Smoke Loss|Fire Loss |    _______|Accuracy |Precision|Recall   |F1       |
-----------|----------|----------|    Smoke  |0.8918   |0.9019   |0.8746   |0.8880   |
20.60      |14.72     |5.88      |    Fire   |0.9661   |0.9419   |0.9337   |0.9378   |

VAL Stats
Total Loss |Smoke Loss|Fire Loss |    _______|Accuracy |Precision|Recall   |F1       |
-----------|----------|----------|    Smoke  |0.9086   |0.9167   |0.8909   |0.9036   |
20.90      |13.08     |7.82      |    Fire   |0.9550   |0.9379   |0.8847   |0.9105   |


=== EPOCH 75/139 ===
Learning Rate = 0.000055

TRAIN Stats
Total Loss |Smoke Loss|Fire Loss |    _______|Accuracy |Precision|Recall   |F1       |
-----------|----------|----------|    Smoke  |0.8953   |0.9033   |0.8807   |0.8919   |
20.35      |14.33     |6.02      |    Fire   |0.9645   |0.9391   |0.9303   |0.9347   |

VAL Stats
Total Loss |Smoke Loss|Fire Loss |    _______|Accuracy |Precision|Recall   |F1       |
-----------|----------|----------|    Smoke  |0.9125   |0.9315   |0.8832   |0.9067   |
20.91      |12.86     |8.05      |    Fire   |0.9536   |0.9409   |0.8757   |0.9071   |


=== EPOCH 76/139 ===
Learning Rate = 0.000044

TRAIN Stats
Total Loss |Smoke Loss|Fire Loss |    _______|Accuracy |Precision|Recall   |F1       |
-----------|----------|----------|    Smoke  |0.8947   |0.9008   |0.8824   |0.8915   |
20.19      |14.18     |6.02      |    Fire   |0.9641   |0.9407   |0.9271   |0.9339   |

VAL Stats
Total Loss |Smoke Loss|Fire Loss |    _______|Accuracy |Precision|Recall   |F1       |
-----------|----------|----------|    Smoke  |0.9118   |0.9270   |0.8866   |0.9063   |
20.62      |12.74     |7.88      |    Fire   |0.9557   |0.9475   |0.8775   |0.9111   |

Saving model with new best validation loss: 20.620

=== EPOCH 77/139 ===
Learning Rate = 0.000044

TRAIN Stats
Total Loss |Smoke Loss|Fire Loss |    _______|Accuracy |Precision|Recall   |F1       |
-----------|----------|----------|    Smoke  |0.8977   |0.9062   |0.8827   |0.8943   |
19.98      |14.07     |5.91      |    Fire   |0.9655   |0.9412   |0.9320   |0.9366   |

VAL Stats
Total Loss |Smoke Loss|Fire Loss |    _______|Accuracy |Precision|Recall   |F1       |
-----------|----------|----------|    Smoke  |0.9114   |0.9282   |0.8841   |0.9057   |
20.47      |12.59     |7.88      |    Fire   |0.9538   |0.9419   |0.8757   |0.9076   |

Saving model with new best validation loss: 20.471

=== EPOCH 78/139 ===
Learning Rate = 0.000044

TRAIN Stats
Total Loss |Smoke Loss|Fire Loss |    _______|Accuracy |Precision|Recall   |F1       |
-----------|----------|----------|    Smoke  |0.8971   |0.9055   |0.8823   |0.8937   |
19.91      |14.07     |5.84      |    Fire   |0.9661   |0.9425   |0.9328   |0.9376   |

VAL Stats
Total Loss |Smoke Loss|Fire Loss |    _______|Accuracy |Precision|Recall   |F1       |
-----------|----------|----------|    Smoke  |0.9132   |0.9251   |0.8919   |0.9082   |
20.91      |12.74     |8.17      |    Fire   |0.9527   |0.9442   |0.8685   |0.9047   |


=== EPOCH 79/139 ===
Learning Rate = 0.000044

TRAIN Stats
Total Loss |Smoke Loss|Fire Loss |    _______|Accuracy |Precision|Recall   |F1       |
-----------|----------|----------|    Smoke  |0.8945   |0.9044   |0.8776   |0.8908   |
19.96      |14.26     |5.70      |    Fire   |0.9669   |0.9443   |0.9339   |0.9391   |

VAL Stats
Total Loss |Smoke Loss|Fire Loss |    _______|Accuracy |Precision|Recall   |F1       |
-----------|----------|----------|    Smoke  |0.9114   |0.9291   |0.8832   |0.9056   |
21.06      |13.02     |8.04      |    Fire   |0.9550   |0.9491   |0.8730   |0.9094   |


=== EPOCH 80/139 ===
Learning Rate = 0.000044

TRAIN Stats
Total Loss |Smoke Loss|Fire Loss |    _______|Accuracy |Precision|Recall   |F1       |
-----------|----------|----------|    Smoke  |0.8995   |0.9093   |0.8830   |0.8960   |
19.95      |14.04     |5.91      |    Fire   |0.9663   |0.9469   |0.9286   |0.9376   |

VAL Stats
Total Loss |Smoke Loss|Fire Loss |    _______|Accuracy |Precision|Recall   |F1       |
-----------|----------|----------|    Smoke  |0.9095   |0.9346   |0.8730   |0.9028   |
21.18      |13.17     |8.01      |    Fire   |0.9534   |0.9383   |0.8775   |0.9069   |


=== EPOCH 81/139 ===
Learning Rate = 0.000035

TRAIN Stats
Total Loss |Smoke Loss|Fire Loss |    _______|Accuracy |Precision|Recall   |F1       |
-----------|----------|----------|    Smoke  |0.8970   |0.9082   |0.8788   |0.8933   |
19.89      |14.04     |5.85      |    Fire   |0.9661   |0.9425   |0.9329   |0.9376   |

VAL Stats
Total Loss |Smoke Loss|Fire Loss |    _______|Accuracy |Precision|Recall   |F1       |
-----------|----------|----------|    Smoke  |0.9118   |0.9296   |0.8837   |0.9061   |
21.16      |12.97     |8.20      |    Fire   |0.9550   |0.9482   |0.8739   |0.9095   |


=== EPOCH 82/139 ===
Learning Rate = 0.000035

TRAIN Stats
Total Loss |Smoke Loss|Fire Loss |    _______|Accuracy |Precision|Recall   |F1       |
-----------|----------|----------|    Smoke  |0.9016   |0.9088   |0.8885   |0.8985   |
19.83      |13.81     |6.03      |    Fire   |0.9654   |0.9412   |0.9316   |0.9364   |

VAL Stats
Total Loss |Smoke Loss|Fire Loss |    _______|Accuracy |Precision|Recall   |F1       |
-----------|----------|----------|    Smoke  |0.9109   |0.9260   |0.8856   |0.9054   |
20.82      |12.78     |8.03      |    Fire   |0.9517   |0.9413   |0.8676   |0.9030   |


=== EPOCH 83/139 ===
Learning Rate = 0.000035

TRAIN Stats
Total Loss |Smoke Loss|Fire Loss |    _______|Accuracy |Precision|Recall   |F1       |
-----------|----------|----------|    Smoke  |0.8971   |0.9067   |0.8807   |0.8935   |
19.45      |13.86     |5.59      |    Fire   |0.9675   |0.9433   |0.9375   |0.9404   |

VAL Stats
Total Loss |Smoke Loss|Fire Loss |    _______|Accuracy |Precision|Recall   |F1       |
-----------|----------|----------|    Smoke  |0.9046   |0.9281   |0.8691   |0.8976   |
21.51      |13.10     |8.41      |    Fire   |0.9520   |0.9458   |0.8640   |0.9030   |


=== EPOCH 84/139 ===
Learning Rate = 0.000028

TRAIN Stats
Total Loss |Smoke Loss|Fire Loss |    _______|Accuracy |Precision|Recall   |F1       |
-----------|----------|----------|    Smoke  |0.9002   |0.9103   |0.8834   |0.8967   |
19.71      |13.69     |6.03      |    Fire   |0.9646   |0.9420   |0.9275   |0.9347   |

VAL Stats
Total Loss |Smoke Loss|Fire Loss |    _______|Accuracy |Precision|Recall   |F1       |
-----------|----------|----------|    Smoke  |0.9137   |0.9243   |0.8938   |0.9088   |
20.65      |12.71     |7.94      |    Fire   |0.9557   |0.9348   |0.8910   |0.9124   |


=== EPOCH 85/139 ===
Learning Rate = 0.000028

TRAIN Stats
Total Loss |Smoke Loss|Fire Loss |    _______|Accuracy |Precision|Recall   |F1       |
-----------|----------|----------|    Smoke  |0.9031   |0.9121   |0.8878   |0.8998   |
19.53      |13.63     |5.90      |    Fire   |0.9656   |0.9433   |0.9301   |0.9367   |

VAL Stats
Total Loss |Smoke Loss|Fire Loss |    _______|Accuracy |Precision|Recall   |F1       |
-----------|----------|----------|    Smoke  |0.9102   |0.9320   |0.8774   |0.9039   |
20.99      |13.01     |7.97      |    Fire   |0.9552   |0.9422   |0.8811   |0.9106   |


=== EPOCH 86/139 ===
Learning Rate = 0.000028

TRAIN Stats
Total Loss |Smoke Loss|Fire Loss |    _______|Accuracy |Precision|Recall   |F1       |
-----------|----------|----------|    Smoke  |0.8978   |0.9055   |0.8839   |0.8946   |
19.62      |13.84     |5.79      |    Fire   |0.9677   |0.9436   |0.9379   |0.9407   |

VAL Stats
Total Loss |Smoke Loss|Fire Loss |    _______|Accuracy |Precision|Recall   |F1       |
-----------|----------|----------|    Smoke  |0.9079   |0.9348   |0.8691   |0.9008   |
21.29      |13.39     |7.90      |    Fire   |0.9545   |0.9403   |0.8802   |0.9093   |


=== EPOCH 87/139 ===
Learning Rate = 0.000023

TRAIN Stats
Total Loss |Smoke Loss|Fire Loss |    _______|Accuracy |Precision|Recall   |F1       |
-----------|----------|----------|    Smoke  |0.8991   |0.9072   |0.8847   |0.8958   |
19.45      |13.66     |5.78      |    Fire   |0.9665   |0.9441   |0.9328   |0.9384   |

VAL Stats
Total Loss |Smoke Loss|Fire Loss |    _______|Accuracy |Precision|Recall   |F1       |
-----------|----------|----------|    Smoke  |0.9139   |0.9291   |0.8890   |0.9086   |
20.26      |12.54     |7.72      |    Fire   |0.9564   |0.9399   |0.8883   |0.9134   |

Saving model with new best validation loss: 20.258

=== EPOCH 88/139 ===
Learning Rate = 0.000023

TRAIN Stats
Total Loss |Smoke Loss|Fire Loss |    _______|Accuracy |Precision|Recall   |F1       |
-----------|----------|----------|    Smoke  |0.9000   |0.9099   |0.8837   |0.8966   |
19.34      |13.83     |5.50      |    Fire   |0.9678   |0.9430   |0.9388   |0.9409   |

VAL Stats
Total Loss |Smoke Loss|Fire Loss |    _______|Accuracy |Precision|Recall   |F1       |
-----------|----------|----------|    Smoke  |0.9116   |0.9278   |0.8851   |0.9060   |
20.81      |12.76     |8.05      |    Fire   |0.9531   |0.9383   |0.8766   |0.9064   |


=== EPOCH 89/139 ===
Learning Rate = 0.000023

TRAIN Stats
Total Loss |Smoke Loss|Fire Loss |    _______|Accuracy |Precision|Recall   |F1       |
-----------|----------|----------|    Smoke  |0.8970   |0.9054   |0.8820   |0.8935   |
19.64      |13.85     |5.79      |    Fire   |0.9648   |0.9407   |0.9299   |0.9353   |

VAL Stats
Total Loss |Smoke Loss|Fire Loss |    _______|Accuracy |Precision|Recall   |F1       |
-----------|----------|----------|    Smoke  |0.9114   |0.9252   |0.8875   |0.9060   |
21.11      |12.64     |8.47      |    Fire   |0.9520   |0.9493   |0.8604   |0.9026   |


=== EPOCH 90/139 ===
Learning Rate = 0.000023

TRAIN Stats
Total Loss |Smoke Loss|Fire Loss |    _______|Accuracy |Precision|Recall   |F1       |
-----------|----------|----------|    Smoke  |0.9001   |0.9089   |0.8850   |0.8968   |
19.12      |13.46     |5.66      |    Fire   |0.9669   |0.9467   |0.9316   |0.9391   |

VAL Stats
Total Loss |Smoke Loss|Fire Loss |    _______|Accuracy |Precision|Recall   |F1       |
-----------|----------|----------|    Smoke  |0.9081   |0.9322   |0.8725   |0.9014   |
21.11      |13.07     |8.04      |    Fire   |0.9557   |0.9449   |0.8802   |0.9114   |


=== EPOCH 91/139 ===
Learning Rate = 0.000018

TRAIN Stats
Total Loss |Smoke Loss|Fire Loss |    _______|Accuracy |Precision|Recall   |F1       |
-----------|----------|----------|    Smoke  |0.9020   |0.9111   |0.8866   |0.8987   |
19.15      |13.56     |5.59      |    Fire   |0.9669   |0.9421   |0.9367   |0.9394   |

VAL Stats
Total Loss |Smoke Loss|Fire Loss |    _______|Accuracy |Precision|Recall   |F1       |
-----------|----------|----------|    Smoke  |0.9102   |0.9289   |0.8808   |0.9042   |
21.07      |12.96     |8.11      |    Fire   |0.9536   |0.9409   |0.8757   |0.9071   |


=== EPOCH 92/139 ===
Learning Rate = 0.000018

TRAIN Stats
Total Loss |Smoke Loss|Fire Loss |    _______|Accuracy |Precision|Recall   |F1       |
-----------|----------|----------|    Smoke  |0.9027   |0.9085   |0.8914   |0.8999   |
19.14      |13.38     |5.75      |    Fire   |0.9668   |0.9415   |0.9369   |0.9392   |

VAL Stats
Total Loss |Smoke Loss|Fire Loss |    _______|Accuracy |Precision|Recall   |F1       |
-----------|----------|----------|    Smoke  |0.9135   |0.9303   |0.8866   |0.9079   |
20.86      |12.74     |8.12      |    Fire   |0.9536   |0.9444   |0.8721   |0.9068   |


=== EPOCH 93/139 ===
Learning Rate = 0.000018

TRAIN Stats
Total Loss |Smoke Loss|Fire Loss |    _______|Accuracy |Precision|Recall   |F1       |
-----------|----------|----------|    Smoke  |0.9056   |0.9158   |0.8892   |0.9023   |
18.63      |13.14     |5.49      |    Fire   |0.9676   |0.9449   |0.9360   |0.9404   |

VAL Stats
Total Loss |Smoke Loss|Fire Loss |    _______|Accuracy |Precision|Recall   |F1       |
-----------|----------|----------|    Smoke  |0.9121   |0.9288   |0.8851   |0.9064   |
20.71      |12.73     |7.98      |    Fire   |0.9529   |0.9374   |0.8766   |0.9060   |


=== EPOCH 94/139 ===
Learning Rate = 0.000014

TRAIN Stats
Total Loss |Smoke Loss|Fire Loss |    _______|Accuracy |Precision|Recall   |F1       |
-----------|----------|----------|    Smoke  |0.9051   |0.9148   |0.8892   |0.9018   |
18.81      |13.19     |5.62      |    Fire   |0.9676   |0.9466   |0.9341   |0.9403   |

VAL Stats
Total Loss |Smoke Loss|Fire Loss |    _______|Accuracy |Precision|Recall   |F1       |
-----------|----------|----------|    Smoke  |0.9118   |0.9323   |0.8808   |0.9058   |
21.08      |12.82     |8.26      |    Fire   |0.9534   |0.9470   |0.8685   |0.9060   |


=== EPOCH 95/139 ===
Learning Rate = 0.000014

TRAIN Stats
Total Loss |Smoke Loss|Fire Loss |    _______|Accuracy |Precision|Recall   |F1       |
-----------|----------|----------|    Smoke  |0.9028   |0.9107   |0.8889   |0.8997   |
19.02      |13.28     |5.74      |    Fire   |0.9665   |0.9435   |0.9333   |0.9384   |

VAL Stats
Total Loss |Smoke Loss|Fire Loss |    _______|Accuracy |Precision|Recall   |F1       |
-----------|----------|----------|    Smoke  |0.9146   |0.9266   |0.8934   |0.9097   |
20.60      |12.61     |7.99      |    Fire   |0.9543   |0.9377   |0.8820   |0.9090   |


=== EPOCH 96/139 ===
Learning Rate = 0.000014

TRAIN Stats
Total Loss |Smoke Loss|Fire Loss |    _______|Accuracy |Precision|Recall   |F1       |
-----------|----------|----------|    Smoke  |0.9019   |0.9090   |0.8889   |0.8988   |
18.45      |13.24     |5.21      |    Fire   |0.9699   |0.9490   |0.9403   |0.9446   |

VAL Stats
Total Loss |Smoke Loss|Fire Loss |    _______|Accuracy |Precision|Recall   |F1       |
-----------|----------|----------|    Smoke  |0.9114   |0.9296   |0.8827   |0.9055   |
20.93      |12.73     |8.20      |    Fire   |0.9531   |0.9434   |0.8712   |0.9059   |


=== EPOCH 97/139 ===
Learning Rate = 0.000012

TRAIN Stats
Total Loss |Smoke Loss|Fire Loss |    _______|Accuracy |Precision|Recall   |F1       |
-----------|----------|----------|    Smoke  |0.9021   |0.9137   |0.8838   |0.8985   |
18.93      |13.50     |5.43      |    Fire   |0.9680   |0.9480   |0.9341   |0.9410   |

VAL Stats
Total Loss |Smoke Loss|Fire Loss |    _______|Accuracy |Precision|Recall   |F1       |
-----------|----------|----------|    Smoke  |0.9114   |0.9274   |0.8851   |0.9058   |
20.60      |12.66     |7.93      |    Fire   |0.9559   |0.9398   |0.8865   |0.9124   |


=== EPOCH 98/139 ===
Learning Rate = 0.000012

TRAIN Stats
Total Loss |Smoke Loss|Fire Loss |    _______|Accuracy |Precision|Recall   |F1       |
-----------|----------|----------|    Smoke  |0.9017   |0.9108   |0.8863   |0.8984   |
19.11      |13.29     |5.82      |    Fire   |0.9675   |0.9456   |0.9348   |0.9402   |

VAL Stats
Total Loss |Smoke Loss|Fire Loss |    _______|Accuracy |Precision|Recall   |F1       |
-----------|----------|----------|    Smoke  |0.9158   |0.9268   |0.8958   |0.9110   |
20.45      |12.44     |8.00      |    Fire   |0.9543   |0.9446   |0.8748   |0.9083   |


=== EPOCH 99/139 ===
Learning Rate = 0.000012

TRAIN Stats
Total Loss |Smoke Loss|Fire Loss |    _______|Accuracy |Precision|Recall   |F1       |
-----------|----------|----------|    Smoke  |0.9008   |0.9094   |0.8860   |0.8976   |
19.18      |13.40     |5.77      |    Fire   |0.9657   |0.9407   |0.9333   |0.9369   |

VAL Stats
Total Loss |Smoke Loss|Fire Loss |    _______|Accuracy |Precision|Recall   |F1       |
-----------|----------|----------|    Smoke  |0.9121   |0.9275   |0.8866   |0.9066   |
20.87      |12.67     |8.21      |    Fire   |0.9531   |0.9443   |0.8703   |0.9058   |


=== EPOCH 100/139 ===
Learning Rate = 0.000009

TRAIN Stats
Total Loss |Smoke Loss|Fire Loss |    _______|Accuracy |Precision|Recall   |F1       |
-----------|----------|----------|    Smoke  |0.9079   |0.9188   |0.8910   |0.9047   |
18.13      |12.66     |5.47      |    Fire   |0.9675   |0.9474   |0.9331   |0.9402   |

VAL Stats
Total Loss |Smoke Loss|Fire Loss |    _______|Accuracy |Precision|Recall   |F1       |
-----------|----------|----------|    Smoke  |0.9137   |0.9260   |0.8919   |0.9086   |
20.68      |12.60     |8.08      |    Fire   |0.9548   |0.9438   |0.8775   |0.9094   |


=== EPOCH 101/139 ===
Learning Rate = 0.000009

TRAIN Stats
Total Loss |Smoke Loss|Fire Loss |    _______|Accuracy |Precision|Recall   |F1       |
-----------|----------|----------|    Smoke  |0.9026   |0.9115   |0.8876   |0.8994   |
18.96      |13.40     |5.56      |    Fire   |0.9674   |0.9435   |0.9366   |0.9400   |

VAL Stats
Total Loss |Smoke Loss|Fire Loss |    _______|Accuracy |Precision|Recall   |F1       |
-----------|----------|----------|    Smoke  |0.9114   |0.9300   |0.8822   |0.9055   |
21.16      |12.95     |8.22      |    Fire   |0.9538   |0.9444   |0.8730   |0.9073   |


=== EPOCH 102/139 ===
Learning Rate = 0.000009

TRAIN Stats
Total Loss |Smoke Loss|Fire Loss |    _______|Accuracy |Precision|Recall   |F1       |
-----------|----------|----------|    Smoke  |0.9021   |0.9117   |0.8863   |0.8988   |
19.05      |13.50     |5.55      |    Fire   |0.9688   |0.9468   |0.9386   |0.9427   |

VAL Stats
Total Loss |Smoke Loss|Fire Loss |    _______|Accuracy |Precision|Recall   |F1       |
-----------|----------|----------|    Smoke  |0.9174   |0.9228   |0.9040   |0.9133   |
20.37      |12.42     |7.95      |    Fire   |0.9564   |0.9442   |0.8838   |0.9130   |


=== EPOCH 103/139 ===
Learning Rate = 0.000007

TRAIN Stats
Total Loss |Smoke Loss|Fire Loss |    _______|Accuracy |Precision|Recall   |F1       |
-----------|----------|----------|    Smoke  |0.9035   |0.9136   |0.8870   |0.9001   |
18.92      |13.22     |5.70      |    Fire   |0.9668   |0.9468   |0.9307   |0.9387   |

VAL Stats
Total Loss |Smoke Loss|Fire Loss |    _______|Accuracy |Precision|Recall   |F1       |
-----------|----------|----------|    Smoke  |0.9100   |0.9342   |0.8745   |0.9034   |
21.04      |13.03     |8.01      |    Fire   |0.9541   |0.9419   |0.8766   |0.9081   |


=== EPOCH 104/139 ===
Learning Rate = 0.000007

TRAIN Stats
Total Loss |Smoke Loss|Fire Loss |    _______|Accuracy |Precision|Recall   |F1       |
-----------|----------|----------|    Smoke  |0.9044   |0.9125   |0.8905   |0.9014   |
18.52      |13.13     |5.39      |    Fire   |0.9672   |0.9429   |0.9367   |0.9398   |

VAL Stats
Total Loss |Smoke Loss|Fire Loss |    _______|Accuracy |Precision|Recall   |F1       |
-----------|----------|----------|    Smoke  |0.9125   |0.9293   |0.8856   |0.9069   |
20.82      |12.71     |8.11      |    Fire   |0.9538   |0.9427   |0.8748   |0.9075   |


=== EPOCH 105/139 ===
Learning Rate = 0.000007

TRAIN Stats
Total Loss |Smoke Loss|Fire Loss |    _______|Accuracy |Precision|Recall   |F1       |
-----------|----------|----------|    Smoke  |0.9056   |0.9144   |0.8909   |0.9025   |
18.71      |13.05     |5.66      |    Fire   |0.9681   |0.9454   |0.9375   |0.9414   |

VAL Stats
Total Loss |Smoke Loss|Fire Loss |    _______|Accuracy |Precision|Recall   |F1       |
-----------|----------|----------|    Smoke  |0.9160   |0.9260   |0.8972   |0.9114   |
20.39      |12.52     |7.86      |    Fire   |0.9557   |0.9381   |0.8874   |0.9120   |


=== EPOCH 106/139 ===
Learning Rate = 0.000006

TRAIN Stats
Total Loss |Smoke Loss|Fire Loss |    _______|Accuracy |Precision|Recall   |F1       |
-----------|----------|----------|    Smoke  |0.9065   |0.9168   |0.8900   |0.9032   |
18.77      |13.17     |5.60      |    Fire   |0.9678   |0.9445   |0.9371   |0.9408   |

VAL Stats
Total Loss |Smoke Loss|Fire Loss |    _______|Accuracy |Precision|Recall   |F1       |
-----------|----------|----------|    Smoke  |0.9135   |0.9251   |0.8924   |0.9085   |
20.52      |12.58     |7.94      |    Fire   |0.9562   |0.9433   |0.8838   |0.9126   |


=== EPOCH 107/139 ===
Learning Rate = 0.000006

TRAIN Stats
Total Loss |Smoke Loss|Fire Loss |    _______|Accuracy |Precision|Recall   |F1       |
-----------|----------|----------|    Smoke  |0.9061   |0.9129   |0.8939   |0.9033   |
18.72      |12.97     |5.75      |    Fire   |0.9674   |0.9441   |0.9360   |0.9400   |

VAL Stats
Total Loss |Smoke Loss|Fire Loss |    _______|Accuracy |Precision|Recall   |F1       |
-----------|----------|----------|    Smoke  |0.9146   |0.9249   |0.8953   |0.9099   |
20.57      |12.48     |8.09      |    Fire   |0.9534   |0.9443   |0.8712   |0.9063   |


=== EPOCH 108/139 ===
Learning Rate = 0.000006

TRAIN Stats
Total Loss |Smoke Loss|Fire Loss |    _______|Accuracy |Precision|Recall   |F1       |
-----------|----------|----------|    Smoke  |0.9061   |0.9127   |0.8940   |0.9032   |
18.53      |12.96     |5.57      |    Fire   |0.9663   |0.9438   |0.9320   |0.9379   |

VAL Stats
Total Loss |Smoke Loss|Fire Loss |    _______|Accuracy |Precision|Recall   |F1       |
-----------|----------|----------|    Smoke  |0.9130   |0.9238   |0.8929   |0.9081   |
20.84      |12.63     |8.20      |    Fire   |0.9527   |0.9424   |0.8703   |0.9049   |


=== EPOCH 109/139 ===
Learning Rate = 0.000005

TRAIN Stats
Total Loss |Smoke Loss|Fire Loss |    _______|Accuracy |Precision|Recall   |F1       |
-----------|----------|----------|    Smoke  |0.9045   |0.9102   |0.8934   |0.9017   |
18.54      |13.00     |5.54      |    Fire   |0.9679   |0.9459   |0.9360   |0.9409   |

VAL Stats
Total Loss |Smoke Loss|Fire Loss |    _______|Accuracy |Precision|Recall   |F1       |
-----------|----------|----------|    Smoke  |0.9118   |0.9266   |0.8871   |0.9064   |
20.78      |12.68     |8.10      |    Fire   |0.9536   |0.9418   |0.8748   |0.9071   |


=== EPOCH 110/139 ===
Learning Rate = 0.000005

TRAIN Stats
Total Loss |Smoke Loss|Fire Loss |    _______|Accuracy |Precision|Recall   |F1       |
-----------|----------|----------|    Smoke  |0.9041   |0.9122   |0.8901   |0.9010   |
18.80      |13.33     |5.46      |    Fire   |0.9687   |0.9489   |0.9358   |0.9423   |

VAL Stats
Total Loss |Smoke Loss|Fire Loss |    _______|Accuracy |Precision|Recall   |F1       |
-----------|----------|----------|    Smoke  |0.9137   |0.9269   |0.8909   |0.9086   |
20.74      |12.64     |8.10      |    Fire   |0.9536   |0.9470   |0.8694   |0.9065   |


=== EPOCH 111/139 ===
Learning Rate = 0.000005

TRAIN Stats
Total Loss |Smoke Loss|Fire Loss |    _______|Accuracy |Precision|Recall   |F1       |
-----------|----------|----------|    Smoke  |0.9100   |0.9208   |0.8933   |0.9068   |
18.19      |12.76     |5.43      |    Fire   |0.9676   |0.9447   |0.9365   |0.9405   |

VAL Stats
Total Loss |Smoke Loss|Fire Loss |    _______|Accuracy |Precision|Recall   |F1       |
-----------|----------|----------|    Smoke  |0.9130   |0.9281   |0.8880   |0.9076   |
20.56      |12.65     |7.91      |    Fire   |0.9559   |0.9424   |0.8838   |0.9121   |


=== EPOCH 112/139 ===
Learning Rate = 0.000004

TRAIN Stats
Total Loss |Smoke Loss|Fire Loss |    _______|Accuracy |Precision|Recall   |F1       |
-----------|----------|----------|    Smoke  |0.9072   |0.9191   |0.8890   |0.9038   |
18.62      |12.96     |5.65      |    Fire   |0.9658   |0.9430   |0.9312   |0.9370   |

VAL Stats
Total Loss |Smoke Loss|Fire Loss |    _______|Accuracy |Precision|Recall   |F1       |
-----------|----------|----------|    Smoke  |0.9123   |0.9310   |0.8832   |0.9065   |
20.76      |12.73     |8.03      |    Fire   |0.9538   |0.9410   |0.8766   |0.9076   |


=== EPOCH 113/139 ===
Learning Rate = 0.000004

TRAIN Stats
Total Loss |Smoke Loss|Fire Loss |    _______|Accuracy |Precision|Recall   |F1       |
-----------|----------|----------|    Smoke  |0.9060   |0.9129   |0.8935   |0.9031   |
18.40      |13.01     |5.38      |    Fire   |0.9698   |0.9505   |0.9384   |0.9444   |

VAL Stats
Total Loss |Smoke Loss|Fire Loss |    _______|Accuracy |Precision|Recall   |F1       |
-----------|----------|----------|    Smoke  |0.9146   |0.9253   |0.8948   |0.9098   |
20.46      |12.51     |7.95      |    Fire   |0.9550   |0.9421   |0.8802   |0.9101   |


=== EPOCH 114/139 ===
Learning Rate = 0.000004

TRAIN Stats
Total Loss |Smoke Loss|Fire Loss |    _______|Accuracy |Precision|Recall   |F1       |
-----------|----------|----------|    Smoke  |0.9064   |0.9130   |0.8942   |0.9035   |
18.11      |12.75     |5.36      |    Fire   |0.9693   |0.9518   |0.9350   |0.9433   |

VAL Stats
Total Loss |Smoke Loss|Fire Loss |    _______|Accuracy |Precision|Recall   |F1       |
-----------|----------|----------|    Smoke  |0.9123   |0.9297   |0.8846   |0.9066   |
20.45      |12.64     |7.81      |    Fire   |0.9562   |0.9407   |0.8865   |0.9128   |


=== EPOCH 115/139 ===
Learning Rate = 0.000003

TRAIN Stats
Total Loss |Smoke Loss|Fire Loss |    _______|Accuracy |Precision|Recall   |F1       |
-----------|----------|----------|    Smoke  |0.9064   |0.9134   |0.8937   |0.9035   |
18.52      |12.95     |5.57      |    Fire   |0.9675   |0.9452   |0.9352   |0.9402   |

VAL Stats
Total Loss |Smoke Loss|Fire Loss |    _______|Accuracy |Precision|Recall   |F1       |
-----------|----------|----------|    Smoke  |0.9111   |0.9295   |0.8822   |0.9052   |
20.80      |12.76     |8.04      |    Fire   |0.9545   |0.9420   |0.8784   |0.9091   |


=== EPOCH 116/139 ===
Learning Rate = 0.000003

TRAIN Stats
Total Loss |Smoke Loss|Fire Loss |    _______|Accuracy |Precision|Recall   |F1       |
-----------|----------|----------|    Smoke  |0.9044   |0.9148   |0.8878   |0.9011   |
18.65      |13.23     |5.42      |    Fire   |0.9680   |0.9478   |0.9343   |0.9410   |

VAL Stats
Total Loss |Smoke Loss|Fire Loss |    _______|Accuracy |Precision|Recall   |F1       |
-----------|----------|----------|    Smoke  |0.9111   |0.9300   |0.8817   |0.9052   |
20.97      |12.82     |8.16      |    Fire   |0.9543   |0.9454   |0.8739   |0.9082   |


=== EPOCH 117/139 ===
Learning Rate = 0.000003

TRAIN Stats
Total Loss |Smoke Loss|Fire Loss |    _______|Accuracy |Precision|Recall   |F1       |
-----------|----------|----------|    Smoke  |0.9031   |0.9085   |0.8921   |0.9002   |
18.65      |13.26     |5.39      |    Fire   |0.9686   |0.9464   |0.9381   |0.9422   |

VAL Stats
Total Loss |Smoke Loss|Fire Loss |    _______|Accuracy |Precision|Recall   |F1       |
-----------|----------|----------|    Smoke  |0.9130   |0.9289   |0.8871   |0.9075   |
20.58      |12.64     |7.93      |    Fire   |0.9557   |0.9432   |0.8820   |0.9115   |


=== EPOCH 118/139 ===
Learning Rate = 0.000002

TRAIN Stats
Total Loss |Smoke Loss|Fire Loss |    _______|Accuracy |Precision|Recall   |F1       |
-----------|----------|----------|    Smoke  |0.9075   |0.9122   |0.8976   |0.9049   |
18.43      |13.03     |5.40      |    Fire   |0.9697   |0.9478   |0.9409   |0.9443   |

VAL Stats
Total Loss |Smoke Loss|Fire Loss |    _______|Accuracy |Precision|Recall   |F1       |
-----------|----------|----------|    Smoke  |0.9111   |0.9308   |0.8808   |0.9051   |
20.86      |12.72     |8.14      |    Fire   |0.9524   |0.9398   |0.8721   |0.9047   |


=== EPOCH 119/139 ===
Learning Rate = 0.000002

TRAIN Stats
Total Loss |Smoke Loss|Fire Loss |    _______|Accuracy |Precision|Recall   |F1       |
-----------|----------|----------|    Smoke  |0.9048   |0.9127   |0.8910   |0.9017   |
18.70      |13.21     |5.49      |    Fire   |0.9679   |0.9459   |0.9360   |0.9409   |

VAL Stats
Total Loss |Smoke Loss|Fire Loss |    _______|Accuracy |Precision|Recall   |F1       |
-----------|----------|----------|    Smoke  |0.9128   |0.9276   |0.8880   |0.9074   |
20.67      |12.66     |8.01      |    Fire   |0.9543   |0.9420   |0.8775   |0.9086   |


=== EPOCH 120/139 ===
Learning Rate = 0.000002

TRAIN Stats
Total Loss |Smoke Loss|Fire Loss |    _______|Accuracy |Precision|Recall   |F1       |
-----------|----------|----------|    Smoke  |0.9051   |0.9138   |0.8905   |0.9020   |
18.68      |13.11     |5.57      |    Fire   |0.9684   |0.9487   |0.9350   |0.9418   |

VAL Stats
Total Loss |Smoke Loss|Fire Loss |    _______|Accuracy |Precision|Recall   |F1       |
-----------|----------|----------|    Smoke  |0.9123   |0.9306   |0.8837   |0.9065   |
20.88      |12.78     |8.09      |    Fire   |0.9529   |0.9408   |0.8730   |0.9056   |


=== EPOCH 121/139 ===
Learning Rate = 0.000002

TRAIN Stats
Total Loss |Smoke Loss|Fire Loss |    _______|Accuracy |Precision|Recall   |F1       |
-----------|----------|----------|    Smoke  |0.9069   |0.9163   |0.8917   |0.9038   |
18.59      |13.15     |5.44      |    Fire   |0.9681   |0.9461   |0.9364   |0.9412   |

VAL Stats
Total Loss |Smoke Loss|Fire Loss |    _______|Accuracy |Precision|Recall   |F1       |
-----------|----------|----------|    Smoke  |0.9107   |0.9361   |0.8740   |0.9040   |
21.35      |13.14     |8.21      |    Fire   |0.9531   |0.9434   |0.8712   |0.9059   |


=== EPOCH 122/139 ===
Learning Rate = 0.000002

TRAIN Stats
Total Loss |Smoke Loss|Fire Loss |    _______|Accuracy |Precision|Recall   |F1       |
-----------|----------|----------|    Smoke  |0.9060   |0.9129   |0.8936   |0.9031   |
18.54      |13.11     |5.43      |    Fire   |0.9695   |0.9489   |0.9390   |0.9439   |

VAL Stats
Total Loss |Smoke Loss|Fire Loss |    _______|Accuracy |Precision|Recall   |F1       |
-----------|----------|----------|    Smoke  |0.9146   |0.9279   |0.8919   |0.9095   |
20.76      |12.62     |8.13      |    Fire   |0.9534   |0.9417   |0.8739   |0.9065   |


=== EPOCH 123/139 ===
Learning Rate = 0.000002

TRAIN Stats
Total Loss |Smoke Loss|Fire Loss |    _______|Accuracy |Precision|Recall   |F1       |
-----------|----------|----------|    Smoke  |0.9064   |0.9139   |0.8933   |0.9035   |
18.51      |13.08     |5.43      |    Fire   |0.9689   |0.9488   |0.9369   |0.9428   |

VAL Stats
Total Loss |Smoke Loss|Fire Loss |    _______|Accuracy |Precision|Recall   |F1       |
-----------|----------|----------|    Smoke  |0.9100   |0.9320   |0.8769   |0.9036   |
20.89      |12.83     |8.06      |    Fire   |0.9545   |0.9403   |0.8802   |0.9093   |


=== EPOCH 124/139 ===
Learning Rate = 0.000002

TRAIN Stats
Total Loss |Smoke Loss|Fire Loss |    _______|Accuracy |Precision|Recall   |F1       |
-----------|----------|----------|    Smoke  |0.9050   |0.9117   |0.8927   |0.9021   |
18.76      |13.14     |5.62      |    Fire   |0.9673   |0.9467   |0.9329   |0.9398   |

VAL Stats
Total Loss |Smoke Loss|Fire Loss |    _______|Accuracy |Precision|Recall   |F1       |
-----------|----------|----------|    Smoke  |0.9130   |0.9268   |0.8895   |0.9077   |
20.55      |12.68     |7.87      |    Fire   |0.9564   |0.9408   |0.8874   |0.9133   |


=== EPOCH 125/139 ===
Learning Rate = 0.000002

TRAIN Stats
Total Loss |Smoke Loss|Fire Loss |    _______|Accuracy |Precision|Recall   |F1       |
-----------|----------|----------|    Smoke  |0.9038   |0.9119   |0.8896   |0.9006   |
18.43      |13.07     |5.35      |    Fire   |0.9702   |0.9507   |0.9396   |0.9452   |

VAL Stats
Total Loss |Smoke Loss|Fire Loss |    _______|Accuracy |Precision|Recall   |F1       |
-----------|----------|----------|    Smoke  |0.9132   |0.9272   |0.8895   |0.9080   |
20.78      |12.73     |8.04      |    Fire   |0.9543   |0.9428   |0.8766   |0.9085   |


=== EPOCH 126/139 ===
Learning Rate = 0.000002

TRAIN Stats
Total Loss |Smoke Loss|Fire Loss |    _______|Accuracy |Precision|Recall   |F1       |
-----------|----------|----------|    Smoke  |0.9086   |0.9148   |0.8971   |0.9059   |
18.33      |12.94     |5.39      |    Fire   |0.9677   |0.9458   |0.9354   |0.9406   |

VAL Stats
Total Loss |Smoke Loss|Fire Loss |    _______|Accuracy |Precision|Recall   |F1       |
-----------|----------|----------|    Smoke  |0.9128   |0.9289   |0.8866   |0.9072   |
20.81      |12.72     |8.09      |    Fire   |0.9543   |0.9428   |0.8766   |0.9085   |


=== EPOCH 127/139 ===
Learning Rate = 0.000001

TRAIN Stats
Total Loss |Smoke Loss|Fire Loss |    _______|Accuracy |Precision|Recall   |F1       |
-----------|----------|----------|    Smoke  |0.9021   |0.9118   |0.8859   |0.8987   |
18.76      |13.40     |5.37      |    Fire   |0.9703   |0.9486   |0.9422   |0.9454   |

VAL Stats
Total Loss |Smoke Loss|Fire Loss |    _______|Accuracy |Precision|Recall   |F1       |
-----------|----------|----------|    Smoke  |0.9116   |0.9300   |0.8827   |0.9057   |
21.14      |12.77     |8.36      |    Fire   |0.9534   |0.9505   |0.8649   |0.9057   |


=== EPOCH 128/139 ===
Learning Rate = 0.000001

TRAIN Stats
Total Loss |Smoke Loss|Fire Loss |    _______|Accuracy |Precision|Recall   |F1       |
-----------|----------|----------|    Smoke  |0.9045   |0.9147   |0.8880   |0.9012   |
18.39      |13.07     |5.32      |    Fire   |0.9696   |0.9534   |0.9345   |0.9439   |

VAL Stats
Total Loss |Smoke Loss|Fire Loss |    _______|Accuracy |Precision|Recall   |F1       |
-----------|----------|----------|    Smoke  |0.9125   |0.9324   |0.8822   |0.9066   |
20.92      |12.83     |8.09      |    Fire   |0.9548   |0.9464   |0.8748   |0.9092   |


=== EPOCH 129/139 ===
Learning Rate = 0.000001

TRAIN Stats
Total Loss |Smoke Loss|Fire Loss |    _______|Accuracy |Precision|Recall   |F1       |
-----------|----------|----------|    Smoke  |0.9077   |0.9149   |0.8950   |0.9049   |
18.44      |12.95     |5.49      |    Fire   |0.9692   |0.9486   |0.9379   |0.9433   |

VAL Stats
Total Loss |Smoke Loss|Fire Loss |    _______|Accuracy |Precision|Recall   |F1       |
-----------|----------|----------|    Smoke  |0.9104   |0.9321   |0.8778   |0.9041   |
20.99      |12.87     |8.12      |    Fire   |0.9538   |0.9436   |0.8739   |0.9074   |


=== EPOCH 130/139 ===
Learning Rate = 0.000001

TRAIN Stats
Total Loss |Smoke Loss|Fire Loss |    _______|Accuracy |Precision|Recall   |F1       |
-----------|----------|----------|    Smoke  |0.9046   |0.9112   |0.8925   |0.9017   |
18.85      |13.28     |5.57      |    Fire   |0.9678   |0.9480   |0.9333   |0.9406   |

VAL Stats
Total Loss |Smoke Loss|Fire Loss |    _______|Accuracy |Precision|Recall   |F1       |
-----------|----------|----------|    Smoke  |0.9146   |0.9301   |0.8895   |0.9093   |
20.83      |12.69     |8.13      |    Fire   |0.9531   |0.9417   |0.8730   |0.9060   |


=== EPOCH 131/139 ===
Learning Rate = 0.000001

TRAIN Stats
Total Loss |Smoke Loss|Fire Loss |    _______|Accuracy |Precision|Recall   |F1       |
-----------|----------|----------|    Smoke  |0.9049   |0.9147   |0.8889   |0.9016   |
18.42      |13.07     |5.35      |    Fire   |0.9690   |0.9463   |0.9401   |0.9432   |

VAL Stats
Total Loss |Smoke Loss|Fire Loss |    _______|Accuracy |Precision|Recall   |F1       |
-----------|----------|----------|    Smoke  |0.9111   |0.9291   |0.8827   |0.9053   |
20.90      |12.75     |8.15      |    Fire   |0.9534   |0.9409   |0.8748   |0.9066   |


=== EPOCH 132/139 ===
Learning Rate = 0.000001

TRAIN Stats
Total Loss |Smoke Loss|Fire Loss |    _______|Accuracy |Precision|Recall   |F1       |
-----------|----------|----------|    Smoke  |0.9053   |0.9145   |0.8900   |0.9021   |
18.59      |12.97     |5.63      |    Fire   |0.9683   |0.9473   |0.9360   |0.9416   |

VAL Stats
Total Loss |Smoke Loss|Fire Loss |    _______|Accuracy |Precision|Recall   |F1       |
-----------|----------|----------|    Smoke  |0.9139   |0.9295   |0.8885   |0.9086   |
20.74      |12.71     |8.03      |    Fire   |0.9550   |0.9456   |0.8766   |0.9098   |


=== EPOCH 133/139 ===
Learning Rate = 0.000001

TRAIN Stats
Total Loss |Smoke Loss|Fire Loss |    _______|Accuracy |Precision|Recall   |F1       |
-----------|----------|----------|    Smoke  |0.9076   |0.9161   |0.8934   |0.9046   |
18.35      |12.90     |5.45      |    Fire   |0.9683   |0.9471   |0.9365   |0.9418   |

VAL Stats
Total Loss |Smoke Loss|Fire Loss |    _______|Accuracy |Precision|Recall   |F1       |
-----------|----------|----------|    Smoke  |0.9123   |0.9306   |0.8837   |0.9065   |
21.08      |12.78     |8.30      |    Fire   |0.9536   |0.9497   |0.8667   |0.9063   |


=== EPOCH 134/139 ===
Learning Rate = 0.000001

TRAIN Stats
Total Loss |Smoke Loss|Fire Loss |    _______|Accuracy |Precision|Recall   |F1       |
-----------|----------|----------|    Smoke  |0.9032   |0.9110   |0.8893   |0.9001   |
19.01      |13.37     |5.64      |    Fire   |0.9676   |0.9419   |0.9397   |0.9408   |

VAL Stats
Total Loss |Smoke Loss|Fire Loss |    _______|Accuracy |Precision|Recall   |F1       |
-----------|----------|----------|    Smoke  |0.9123   |0.9297   |0.8846   |0.9066   |
21.12      |12.78     |8.33      |    Fire   |0.9522   |0.9432   |0.8676   |0.9038   |


=== EPOCH 135/139 ===
Learning Rate = 0.000001

TRAIN Stats
Total Loss |Smoke Loss|Fire Loss |    _______|Accuracy |Precision|Recall   |F1       |
-----------|----------|----------|    Smoke  |0.9086   |0.9164   |0.8953   |0.9057   |
18.46      |12.89     |5.57      |    Fire   |0.9669   |0.9457   |0.9324   |0.9390   |

VAL Stats
Total Loss |Smoke Loss|Fire Loss |    _______|Accuracy |Precision|Recall   |F1       |
-----------|----------|----------|    Smoke  |0.9130   |0.9316   |0.8841   |0.9072   |
20.88      |12.83     |8.05      |    Fire   |0.9541   |0.9394   |0.8793   |0.9083   |


=== EPOCH 136/139 ===
Learning Rate = 0.000001

TRAIN Stats
Total Loss |Smoke Loss|Fire Loss |    _______|Accuracy |Precision|Recall   |F1       |
-----------|----------|----------|    Smoke  |0.9030   |0.9120   |0.8878   |0.8997   |
18.49      |13.01     |5.47      |    Fire   |0.9682   |0.9463   |0.9367   |0.9415   |

VAL Stats
Total Loss |Smoke Loss|Fire Loss |    _______|Accuracy |Precision|Recall   |F1       |
-----------|----------|----------|    Smoke  |0.9160   |0.9255   |0.8977   |0.9114   |
20.49      |12.59     |7.90      |    Fire   |0.9566   |0.9392   |0.8901   |0.9140   |


=== EPOCH 137/139 ===
Learning Rate = 0.000001

TRAIN Stats
Total Loss |Smoke Loss|Fire Loss |    _______|Accuracy |Precision|Recall   |F1       |
-----------|----------|----------|    Smoke  |0.9065   |0.9140   |0.8934   |0.9036   |
18.26      |12.94     |5.32      |    Fire   |0.9668   |0.9443   |0.9337   |0.9390   |

VAL Stats
Total Loss |Smoke Loss|Fire Loss |    _______|Accuracy |Precision|Recall   |F1       |
-----------|----------|----------|    Smoke  |0.9132   |0.9268   |0.8900   |0.9080   |
20.65      |12.62     |8.03      |    Fire   |0.9545   |0.9420   |0.8784   |0.9091   |


=== EPOCH 138/139 ===
Learning Rate = 0.000001

TRAIN Stats
Total Loss |Smoke Loss|Fire Loss |    _______|Accuracy |Precision|Recall   |F1       |
-----------|----------|----------|    Smoke  |0.9042   |0.9107   |0.8921   |0.9013   |
18.65      |13.22     |5.43      |    Fire   |0.9696   |0.9472   |0.9413   |0.9442   |

VAL Stats
Total Loss |Smoke Loss|Fire Loss |    _______|Accuracy |Precision|Recall   |F1       |
-----------|----------|----------|    Smoke  |0.9079   |0.9389   |0.8648   |0.9003   |
21.54      |13.24     |8.30      |    Fire   |0.9541   |0.9480   |0.8703   |0.9075   |


=== EPOCH 139/139 ===
Learning Rate = 0.000001

TRAIN Stats
Total Loss |Smoke Loss|Fire Loss |    _______|Accuracy |Precision|Recall   |F1       |
-----------|----------|----------|    Smoke  |0.9064   |0.9137   |0.8934   |0.9035   |
18.72      |13.02     |5.70      |    Fire   |0.9667   |0.9439   |0.9337   |0.9388   |

VAL Stats
Total Loss |Smoke Loss|Fire Loss |    _______|Accuracy |Precision|Recall   |F1       |
-----------|----------|----------|    Smoke  |0.9142   |0.9300   |0.8885   |0.9088   |
20.44      |12.57     |7.87      |    Fire   |0.9557   |0.9348   |0.8910   |0.9124   |

Saving last model

***Script finished: 18:28:52

Time elapsed: 1:01:56.084045
