Simple BED Detector.
	No Sigmoid. No Softmax. Permute out of the model.
	DFire and FASDD UAV and CV.
	Max Obj = 10.
	IOU Threshold = 0.5.
	NMS IOU Threshold = 0.5.
	NMS IOU Threshold does not change too much, so it is not tested.

Brevitas Config:
	Fixed Point: True
	Weights Bit Width: 5
	Big Layers Weights Bit Width: 4
	Head Weights Bit Width: 8
	Bias Bit Width: 5
	Activations Bit Width: 8

Weights file: ./experiments/test_451_aimet_brevitas_fixed_point_w5W4H8a8b5_more_train/weights/BED_detector__best_mAP=0.6167__epoch=49.pt


DFire Aladdin Metrics:

mAP @0.50   0.3763
Average Precision
- Smoke     0.4168
- Fire      0.3357
Class Precision
- Smoke     0.5265
- Fire      0.4361
Class Recall
- Smoke     0.5387
- Fire      0.4302

DFire Torchmetrics: 
{'mAP': tensor(0.3795), 'AP': [0.417603075504303, 0.34137436747550964], 'AR': [0.5387396812438965, 0.4302397072315216]}


FASDD UAV Aladdin Metrics:

mAP @0.50   0.5687
Average Precision
- Smoke     0.6195
- Fire      0.5178
Class Precision
- Smoke     0.7597
- Fire      0.7977
Class Recall
- Smoke     0.6486
- Fire      0.5311

FASDD UAV Torchmetrics: 
{'mAP': tensor(0.5701), 'AP': [0.6193053722381592, 0.5209529995918274], 'AR': [0.6495685577392578, 0.5310609936714172]}


FASDD CV Aladdin Metrics:

mAP @0.50   0.6761
Average Precision
- Smoke     0.6561
- Fire      0.6961
Class Precision
- Smoke     0.6968
- Fire      0.6352
Class Recall
- Smoke     0.7245
- Fire      0.7529

FASDD CV Torchmetrics: 
{'mAP': tensor(0.6760), 'AP': [0.6554327607154846, 0.6966149806976318], 'AR': [0.7241334915161133, 0.7530078887939453]}


Full Dataset Aladdin Metrics:

mAP @0.50   0.6153
Average Precision
- Smoke     0.6167
- Fire      0.6139
Class Precision
- Smoke     0.6778
- Fire      0.6244
Class Recall
- Smoke     0.6805
- Fire      0.6657

Full Dataset Torchmetrics: 
{'mAP': tensor(0.6167), 'AP': [0.6197510361671448, 0.6136800646781921], 'AR': [0.6803808212280273, 0.66579270362854]}
