Simple BED Detector.
	No Sigmoid. No Softmax. Permute out of the model.
	DFire and FASDD UAV and CV.
	Max Obj = 10.
	IOU Threshold = 0.5.
	NMS IOU Threshold = 0.5.
	NMS IOU Threshold does not change too much, so it is not tested.

Brevitas Config:
	Fixed Point: True
	Weights Bit Width: 8
	Big Layers Weights Bit Width: 8
	Head Weights Bit Width: 8
	Bias Bit Width: 8
	Activations Bit Width: 8

Weights file: ./experiments/test_42_aimet_brevitas_fixed_point_w8a8b8/weights/BED_detector__best_mAP=0.6293__epoch=94.pt


DFire Aladdin Metrics:

mAP @0.50   0.3929
Average Precision
- Smoke     0.4525
- Fire      0.3332
Class Precision
- Smoke     0.5137
- Fire      0.4372
Class Recall
- Smoke     0.5702
- Fire      0.4321

DFire Torchmetrics: 
{'mAP': tensor(0.3966), 'AP': [0.4570681154727936, 0.33618149161338806], 'AR': [0.5702479481697083, 0.4314689636230469]}


FASDD UAV Aladdin Metrics:

mAP @0.50   0.5959
Average Precision
- Smoke     0.6595
- Fire      0.5322
Class Precision
- Smoke     0.7590
- Fire      0.8586
Class Recall
- Smoke     0.6841
- Fire      0.5476

FASDD UAV Torchmetrics: 
{'mAP': tensor(0.5953), 'AP': [0.6587560772895813, 0.5317667722702026], 'AR': [0.6840843558311462, 0.5481033325195312]}


FASDD CV Aladdin Metrics:

mAP @0.50   0.6912
Average Precision
- Smoke     0.6887
- Fire      0.6937
Class Precision
- Smoke     0.7126
- Fire      0.6342
Class Recall
- Smoke     0.7483
- Fire      0.7531

FASDD CV Torchmetrics: 
{'mAP': tensor(0.6888), 'AP': [0.6836625337600708, 0.6939880847930908], 'AR': [0.7476720213890076, 0.7530078887939453]}


Full Dataset Aladdin Metrics:

mAP @0.50   0.6325
Average Precision
- Smoke     0.6506
- Fire      0.6143
Class Precision
- Smoke     0.6846
- Fire      0.6290
Class Recall
- Smoke     0.7076
- Fire      0.6690

Full Dataset Torchmetrics: 
{'mAP': tensor(0.6293), 'AP': [0.6468010544776917, 0.6118011474609375], 'AR': [0.7071574330329895, 0.6688828468322754]}
