BED Classifier XS Tiny. One Head. 255 Normalization. Weighted for Precision. Modules. Losses and Metrics Loggers.


TRAIN DFIRE dataset
Train dataset len: 17221

TEST DFire dataset
Test dataset len: 4306
Using BED Classifier
Model shape is tensor([[ 0.0010, -0.1684],
        [-0.1129, -0.2109],
        [ 0.0107, -0.1977],
        [ 0.0215, -0.2422]], device='cuda:0', grad_fn=<AddmmBackward0>)
BED Model Arquitecture
BED_CLASSIFIER(
  (model): Sequential(
    (0): Conv2d(3, 32, kernel_size=(3, 3), stride=(1, 1), padding=(1, 1), bias=False)
    (1): BatchNorm2d(32, eps=1e-05, momentum=0.1, affine=False, track_running_stats=True)
    (2): ReLU()
    (3): Dropout2d(p=0.3, inplace=False)
    (4): MaxPool2d(kernel_size=2, stride=2, padding=0, dilation=1, ceil_mode=False)
    (5): Conv2d(32, 16, kernel_size=(3, 3), stride=(1, 1), padding=(1, 1), bias=False)
    (6): BatchNorm2d(16, eps=1e-05, momentum=0.1, affine=False, track_running_stats=True)
    (7): ReLU()
    (8): Dropout2d(p=0.3, inplace=False)
    (9): MaxPool2d(kernel_size=2, stride=2, padding=0, dilation=1, ceil_mode=False)
    (10): Conv2d(16, 16, kernel_size=(1, 1), stride=(1, 1), bias=False)
    (11): BatchNorm2d(16, eps=1e-05, momentum=0.1, affine=False, track_running_stats=True)
    (12): ReLU()
    (13): Conv2d(16, 32, kernel_size=(3, 3), stride=(1, 1), padding=(1, 1), bias=False)
    (14): BatchNorm2d(32, eps=1e-05, momentum=0.1, affine=False, track_running_stats=True)
    (15): ReLU()
    (16): Conv2d(32, 32, kernel_size=(1, 1), stride=(1, 1), bias=False)
    (17): BatchNorm2d(32, eps=1e-05, momentum=0.1, affine=False, track_running_stats=True)
    (18): ReLU()
    (19): Conv2d(32, 64, kernel_size=(3, 3), stride=(1, 1), padding=(1, 1), bias=False)
    (20): BatchNorm2d(64, eps=1e-05, momentum=0.1, affine=False, track_running_stats=True)
    (21): ReLU()
    (22): MaxPool2d(kernel_size=2, stride=2, padding=0, dilation=1, ceil_mode=False)
    (23): Conv2d(64, 32, kernel_size=(1, 1), stride=(1, 1), bias=False)
    (24): BatchNorm2d(32, eps=1e-05, momentum=0.1, affine=False, track_running_stats=True)
    (25): ReLU()
    (26): Conv2d(32, 64, kernel_size=(3, 3), stride=(1, 1), padding=(1, 1), bias=False)
    (27): BatchNorm2d(64, eps=1e-05, momentum=0.1, affine=False, track_running_stats=True)
    (28): ReLU()
    (29): Conv2d(64, 32, kernel_size=(1, 1), stride=(1, 1), bias=False)
    (30): BatchNorm2d(32, eps=1e-05, momentum=0.1, affine=False, track_running_stats=True)
    (31): ReLU()
    (32): Conv2d(32, 64, kernel_size=(3, 3), stride=(1, 1), padding=(1, 1), bias=False)
    (33): BatchNorm2d(64, eps=1e-05, momentum=0.1, affine=False, track_running_stats=True)
    (34): ReLU()
    (35): Conv2d(64, 32, kernel_size=(1, 1), stride=(1, 1), bias=False)
    (36): BatchNorm2d(32, eps=1e-05, momentum=0.1, affine=False, track_running_stats=True)
    (37): ReLU()
    (38): Conv2d(32, 64, kernel_size=(3, 3), stride=(1, 1), padding=(1, 1), bias=False)
    (39): BatchNorm2d(64, eps=1e-05, momentum=0.1, affine=False, track_running_stats=True)
    (40): ReLU()
    (41): AdaptiveAvgPool2d(output_size=(1, 1))
    (42): Flatten(start_dim=1, end_dim=-1)
    (43): Dropout(p=0.2, inplace=False)
    (44): Linear(in_features=64, out_features=16, bias=True)
    (45): ReLU()
    (46): Linear(in_features=16, out_features=2, bias=True)
  )
)

Trainable parameters = 92306
Total parameters = 92306

==========================================================================================
Layer (type:depth-idx)                   Output Shape              Param #
==========================================================================================
BED_CLASSIFIER                           [64, 2]                   --
├─Sequential: 1-1                        [64, 2]                   --
│    └─Conv2d: 2-1                       [64, 32, 224, 224]        864
│    └─BatchNorm2d: 2-2                  [64, 32, 224, 224]        --
│    └─ReLU: 2-3                         [64, 32, 224, 224]        --
│    └─Dropout2d: 2-4                    [64, 32, 224, 224]        --
│    └─MaxPool2d: 2-5                    [64, 32, 112, 112]        --
│    └─Conv2d: 2-6                       [64, 16, 112, 112]        4,608
│    └─BatchNorm2d: 2-7                  [64, 16, 112, 112]        --
│    └─ReLU: 2-8                         [64, 16, 112, 112]        --
│    └─Dropout2d: 2-9                    [64, 16, 112, 112]        --
│    └─MaxPool2d: 2-10                   [64, 16, 56, 56]          --
│    └─Conv2d: 2-11                      [64, 16, 56, 56]          256
│    └─BatchNorm2d: 2-12                 [64, 16, 56, 56]          --
│    └─ReLU: 2-13                        [64, 16, 56, 56]          --
│    └─Conv2d: 2-14                      [64, 32, 56, 56]          4,608
│    └─BatchNorm2d: 2-15                 [64, 32, 56, 56]          --
│    └─ReLU: 2-16                        [64, 32, 56, 56]          --
│    └─Conv2d: 2-17                      [64, 32, 56, 56]          1,024
│    └─BatchNorm2d: 2-18                 [64, 32, 56, 56]          --
│    └─ReLU: 2-19                        [64, 32, 56, 56]          --
│    └─Conv2d: 2-20                      [64, 64, 56, 56]          18,432
│    └─BatchNorm2d: 2-21                 [64, 64, 56, 56]          --
│    └─ReLU: 2-22                        [64, 64, 56, 56]          --
│    └─MaxPool2d: 2-23                   [64, 64, 28, 28]          --
│    └─Conv2d: 2-24                      [64, 32, 28, 28]          2,048
│    └─BatchNorm2d: 2-25                 [64, 32, 28, 28]          --
│    └─ReLU: 2-26                        [64, 32, 28, 28]          --
│    └─Conv2d: 2-27                      [64, 64, 28, 28]          18,432
│    └─BatchNorm2d: 2-28                 [64, 64, 28, 28]          --
│    └─ReLU: 2-29                        [64, 64, 28, 28]          --
│    └─Conv2d: 2-30                      [64, 32, 28, 28]          2,048
│    └─BatchNorm2d: 2-31                 [64, 32, 28, 28]          --
│    └─ReLU: 2-32                        [64, 32, 28, 28]          --
│    └─Conv2d: 2-33                      [64, 64, 28, 28]          18,432
│    └─BatchNorm2d: 2-34                 [64, 64, 28, 28]          --
│    └─ReLU: 2-35                        [64, 64, 28, 28]          --
│    └─Conv2d: 2-36                      [64, 32, 28, 28]          2,048
│    └─BatchNorm2d: 2-37                 [64, 32, 28, 28]          --
│    └─ReLU: 2-38                        [64, 32, 28, 28]          --
│    └─Conv2d: 2-39                      [64, 64, 28, 28]          18,432
│    └─BatchNorm2d: 2-40                 [64, 64, 28, 28]          --
│    └─ReLU: 2-41                        [64, 64, 28, 28]          --
│    └─AdaptiveAvgPool2d: 2-42           [64, 64, 1, 1]            --
│    └─Flatten: 2-43                     [64, 64]                  --
│    └─Dropout: 2-44                     [64, 64]                  --
│    └─Linear: 2-45                      [64, 16]                  1,040
│    └─ReLU: 2-46                        [64, 16]                  --
│    └─Linear: 2-47                      [64, 2]                   34
==========================================================================================
Total params: 92,306
Trainable params: 92,306
Non-trainable params: 0
Total mult-adds (G): 14.44
==========================================================================================
Input size (MB): 38.54
Forward/backward pass size (MB): 1271.67
Params size (MB): 0.37
Estimated Total Size (MB): 1310.57
==========================================================================================
Device: cuda
Learning Rate: 0.001
Weight Decay: 0.001
Batch Size: 64
W: 224
H: 224
Loss Function: BCE
Smoke Precision Weight: 0.7
Starting script


***Start Training: 18:50:40

Initializing Weights

=== EPOCH 0/124 ===
Learning Rate = 0.001

TRAIN Stats
Total Loss |Smoke Loss|Fire Loss |    _______|Accuracy |Precision|Recall   |F1       |
-----------|----------|----------|    Smoke  |0.5095   |0.2000   |0.0002   |0.0005   |
67.15      |36.49     |30.66     |    Fire   |0.7364   |0.7196   |0.0578   |0.1070   |

VAL Stats
Total Loss |Smoke Loss|Fire Loss |    _______|Accuracy |Precision|Recall   |F1       |
-----------|----------|----------|    Smoke  |0.5189   |0.0000   |0.0000   |0.0000   |
60.82      |36.12     |24.70     |    Fire   |0.8179   |0.7504   |0.4441   |0.5580   |


Saving model with new best validation loss: 60.822

=== EPOCH 1/124 ===
Learning Rate = 0.001

TRAIN Stats
Total Loss |Smoke Loss|Fire Loss |    _______|Accuracy |Precision|Recall   |F1       |
-----------|----------|----------|    Smoke  |0.5150   |0.5983   |0.0339   |0.0641   |
62.11      |35.93     |26.18     |    Fire   |0.8180   |0.7358   |0.5218   |0.6106   |

VAL Stats
Total Loss |Smoke Loss|Fire Loss |    _______|Accuracy |Precision|Recall   |F1       |
-----------|----------|----------|    Smoke  |0.5543   |0.5934   |0.2341   |0.3358   |
58.21      |35.57     |22.64     |    Fire   |0.8482   |0.7547   |0.6126   |0.6763   |


Saving model with new best validation loss: 58.211

=== EPOCH 2/124 ===
Learning Rate = 0.001

TRAIN Stats
Total Loss |Smoke Loss|Fire Loss |    _______|Accuracy |Precision|Recall   |F1       |
-----------|----------|----------|    Smoke  |0.5574   |0.6160   |0.2579   |0.3636   |
60.18      |35.52     |24.66     |    Fire   |0.8335   |0.7442   |0.5953   |0.6615   |

VAL Stats
Total Loss |Smoke Loss|Fire Loss |    _______|Accuracy |Precision|Recall   |F1       |
-----------|----------|----------|    Smoke  |0.5744   |0.6423   |0.2603   |0.3705   |
57.52      |35.20     |22.31     |    Fire   |0.8519   |0.7733   |0.6054   |0.6791   |


Saving model with new best validation loss: 57.519

=== EPOCH 3/124 ===
Learning Rate = 0.001

TRAIN Stats
Total Loss |Smoke Loss|Fire Loss |    _______|Accuracy |Precision|Recall   |F1       |
-----------|----------|----------|    Smoke  |0.5764   |0.6439   |0.3050   |0.4139   |
58.83      |35.21     |23.62     |    Fire   |0.8422   |0.7553   |0.6251   |0.6840   |

VAL Stats
Total Loss |Smoke Loss|Fire Loss |    _______|Accuracy |Precision|Recall   |F1       |
-----------|----------|----------|    Smoke  |0.6052   |0.6735   |0.3480   |0.4589   |
55.89      |34.78     |21.10     |    Fire   |0.8652   |0.7725   |0.6793   |0.7229   |


Saving model with new best validation loss: 55.887

=== EPOCH 4/124 ===
Learning Rate = 0.001

TRAIN Stats
Total Loss |Smoke Loss|Fire Loss |    _______|Accuracy |Precision|Recall   |F1       |
-----------|----------|----------|    Smoke  |0.5872   |0.6579   |0.3295   |0.4391   |
57.49      |34.87     |22.62     |    Fire   |0.8516   |0.7745   |0.6451   |0.7039   |

VAL Stats
Total Loss |Smoke Loss|Fire Loss |    _______|Accuracy |Precision|Recall   |F1       |
-----------|----------|----------|    Smoke  |0.6381   |0.6967   |0.4387   |0.5384   |
55.15      |34.07     |21.07     |    Fire   |0.8645   |0.7306   |0.7550   |0.7426   |


Saving model with new best validation loss: 55.146

=== EPOCH 5/124 ===
Learning Rate = 0.001

TRAIN Stats
Total Loss |Smoke Loss|Fire Loss |    _______|Accuracy |Precision|Recall   |F1       |
-----------|----------|----------|    Smoke  |0.6064   |0.6823   |0.3695   |0.4794   |
56.36      |34.59     |21.77     |    Fire   |0.8561   |0.7762   |0.6654   |0.7165   |

VAL Stats
Total Loss |Smoke Loss|Fire Loss |    _______|Accuracy |Precision|Recall   |F1       |
-----------|----------|----------|    Smoke  |0.6180   |0.6752   |0.3970   |0.5000   |
52.64      |33.95     |18.69     |    Fire   |0.8771   |0.7672   |0.7541   |0.7606   |


Saving model with new best validation loss: 52.640

=== EPOCH 6/124 ===
Learning Rate = 0.001

TRAIN Stats
Total Loss |Smoke Loss|Fire Loss |    _______|Accuracy |Precision|Recall   |F1       |
-----------|----------|----------|    Smoke  |0.6144   |0.6842   |0.3968   |0.5023   |
55.33      |34.34     |20.99     |    Fire   |0.8648   |0.7823   |0.7004   |0.7391   |

VAL Stats
Total Loss |Smoke Loss|Fire Loss |    _______|Accuracy |Precision|Recall   |F1       |
-----------|----------|----------|    Smoke  |0.6383   |0.7009   |0.4329   |0.5352   |
52.30      |33.77     |18.53     |    Fire   |0.8827   |0.8002   |0.7288   |0.7628   |


Saving model with new best validation loss: 52.300

=== EPOCH 7/124 ===
Learning Rate = 0.001

TRAIN Stats
Total Loss |Smoke Loss|Fire Loss |    _______|Accuracy |Precision|Recall   |F1       |
-----------|----------|----------|    Smoke  |0.6271   |0.6986   |0.4215   |0.5257   |
54.19      |33.81     |20.38     |    Fire   |0.8695   |0.7947   |0.7048   |0.7471   |

VAL Stats
Total Loss |Smoke Loss|Fire Loss |    _______|Accuracy |Precision|Recall   |F1       |
-----------|----------|----------|    Smoke  |0.6332   |0.6989   |0.4174   |0.5226   |
49.98      |33.06     |16.93     |    Fire   |0.8925   |0.8030   |0.7748   |0.7886   |


Saving model with new best validation loss: 49.984

=== EPOCH 8/124 ===
Learning Rate = 0.001

TRAIN Stats
Total Loss |Smoke Loss|Fire Loss |    _______|Accuracy |Precision|Recall   |F1       |
-----------|----------|----------|    Smoke  |0.6319   |0.7048   |0.4288   |0.5332   |
53.28      |33.59     |19.70     |    Fire   |0.8727   |0.8026   |0.7085   |0.7526   |

VAL Stats
Total Loss |Smoke Loss|Fire Loss |    _______|Accuracy |Precision|Recall   |F1       |
-----------|----------|----------|    Smoke  |0.6719   |0.7204   |0.5196   |0.6038   |
50.23      |32.44     |17.79     |    Fire   |0.8930   |0.7653   |0.8459   |0.8036   |


=== EPOCH 9/124 ===
Learning Rate = 0.001

TRAIN Stats
Total Loss |Smoke Loss|Fire Loss |    _______|Accuracy |Precision|Recall   |F1       |
-----------|----------|----------|    Smoke  |0.6403   |0.7137   |0.4448   |0.5480   |
52.54      |33.38     |19.16     |    Fire   |0.8759   |0.8032   |0.7233   |0.7612   |

VAL Stats
Total Loss |Smoke Loss|Fire Loss |    _______|Accuracy |Precision|Recall   |F1       |
-----------|----------|----------|    Smoke  |0.6507   |0.7255   |0.4406   |0.5483   |
48.01      |31.94     |16.08     |    Fire   |0.9062   |0.8498   |0.7748   |0.8106   |


Saving model with new best validation loss: 48.014

=== EPOCH 10/124 ===
Learning Rate = 0.001

TRAIN Stats
Total Loss |Smoke Loss|Fire Loss |    _______|Accuracy |Precision|Recall   |F1       |
-----------|----------|----------|    Smoke  |0.6429   |0.7114   |0.4569   |0.5564   |
52.09      |33.12     |18.96     |    Fire   |0.8789   |0.8064   |0.7330   |0.7680   |

VAL Stats
Total Loss |Smoke Loss|Fire Loss |    _______|Accuracy |Precision|Recall   |F1       |
-----------|----------|----------|    Smoke  |0.6581   |0.7193   |0.4746   |0.5718   |
47.64      |31.80     |15.84     |    Fire   |0.9032   |0.8019   |0.8315   |0.8165   |


Saving model with new best validation loss: 47.645

=== EPOCH 11/124 ===
Learning Rate = 0.001

TRAIN Stats
Total Loss |Smoke Loss|Fire Loss |    _______|Accuracy |Precision|Recall   |F1       |
-----------|----------|----------|    Smoke  |0.6488   |0.7235   |0.4594   |0.5619   |
51.09      |32.75     |18.34     |    Fire   |0.8868   |0.8230   |0.7465   |0.7829   |

VAL Stats
Total Loss |Smoke Loss|Fire Loss |    _______|Accuracy |Precision|Recall   |F1       |
-----------|----------|----------|    Smoke  |0.6472   |0.7354   |0.4164   |0.5317   |
47.71      |31.69     |16.02     |    Fire   |0.9016   |0.8606   |0.7396   |0.7955   |


=== EPOCH 12/124 ===
Learning Rate = 0.001

TRAIN Stats
Total Loss |Smoke Loss|Fire Loss |    _______|Accuracy |Precision|Recall   |F1       |
-----------|----------|----------|    Smoke  |0.6524   |0.7268   |0.4667   |0.5684   |
50.10      |32.44     |17.66     |    Fire   |0.8903   |0.8316   |0.7510   |0.7892   |

VAL Stats
Total Loss |Smoke Loss|Fire Loss |    _______|Accuracy |Precision|Recall   |F1       |
-----------|----------|----------|    Smoke  |0.6805   |0.7385   |0.5201   |0.6104   |
46.14      |30.82     |15.32     |    Fire   |0.9069   |0.8020   |0.8505   |0.8255   |


Saving model with new best validation loss: 46.143

=== EPOCH 13/124 ===
Learning Rate = 0.001

TRAIN Stats
Total Loss |Smoke Loss|Fire Loss |    _______|Accuracy |Precision|Recall   |F1       |
-----------|----------|----------|    Smoke  |0.6630   |0.7361   |0.4875   |0.5866   |
49.82      |32.24     |17.58     |    Fire   |0.8939   |0.8325   |0.7658   |0.7977   |

VAL Stats
Total Loss |Smoke Loss|Fire Loss |    _______|Accuracy |Precision|Recall   |F1       |
-----------|----------|----------|    Smoke  |0.6644   |0.7617   |0.4401   |0.5579   |
46.58      |30.74     |15.84     |    Fire   |0.9051   |0.8972   |0.7153   |0.7960   |


=== EPOCH 14/124 ===
Learning Rate = 0.001

TRAIN Stats
Total Loss |Smoke Loss|Fire Loss |    _______|Accuracy |Precision|Recall   |F1       |
-----------|----------|----------|    Smoke  |0.6735   |0.7462   |0.5065   |0.6034   |
48.40      |31.40     |17.00     |    Fire   |0.8940   |0.8349   |0.7630   |0.7973   |

VAL Stats
Total Loss |Smoke Loss|Fire Loss |    _______|Accuracy |Precision|Recall   |F1       |
-----------|----------|----------|    Smoke  |0.7292   |0.7164   |0.7237   |0.7200   |
47.32      |30.64     |16.68     |    Fire   |0.8965   |0.7474   |0.9063   |0.8192   |


=== EPOCH 15/124 ===
Learning Rate = 0.001

TRAIN Stats
Total Loss |Smoke Loss|Fire Loss |    _______|Accuracy |Precision|Recall   |F1       |
-----------|----------|----------|    Smoke  |0.6890   |0.7539   |0.5429   |0.6312   |
47.55      |30.73     |16.82     |    Fire   |0.8957   |0.8354   |0.7702   |0.8015   |

VAL Stats
Total Loss |Smoke Loss|Fire Loss |    _______|Accuracy |Precision|Recall   |F1       |
-----------|----------|----------|    Smoke  |0.7418   |0.7656   |0.6680   |0.7134   |
42.14      |28.22     |13.92     |    Fire   |0.9195   |0.8532   |0.8324   |0.8427   |


Saving model with new best validation loss: 42.142

=== EPOCH 16/124 ===
Learning Rate = 0.001

TRAIN Stats
Total Loss |Smoke Loss|Fire Loss |    _______|Accuracy |Precision|Recall   |F1       |
-----------|----------|----------|    Smoke  |0.6986   |0.7622   |0.5601   |0.6457   |
46.14      |29.89     |16.25     |    Fire   |0.9008   |0.8416   |0.7849   |0.8123   |

VAL Stats
Total Loss |Smoke Loss|Fire Loss |    _______|Accuracy |Precision|Recall   |F1       |
-----------|----------|----------|    Smoke  |0.7582   |0.8120   |0.6471   |0.7203   |
40.69      |26.59     |14.10     |    Fire   |0.9198   |0.8224   |0.8802   |0.8503   |


Saving model with new best validation loss: 40.692

=== EPOCH 17/124 ===
Learning Rate = 0.001

TRAIN Stats
Total Loss |Smoke Loss|Fire Loss |    _______|Accuracy |Precision|Recall   |F1       |
-----------|----------|----------|    Smoke  |0.7099   |0.7620   |0.5939   |0.6676   |
45.76      |29.49     |16.27     |    Fire   |0.8991   |0.8358   |0.7852   |0.8097   |

VAL Stats
Total Loss |Smoke Loss|Fire Loss |    _______|Accuracy |Precision|Recall   |F1       |
-----------|----------|----------|    Smoke  |0.7160   |0.8506   |0.4968   |0.6273   |
41.96      |28.16     |13.80     |    Fire   |0.9221   |0.9154   |0.7703   |0.8366   |


=== EPOCH 18/124 ===
Learning Rate = 0.001

TRAIN Stats
Total Loss |Smoke Loss|Fire Loss |    _______|Accuracy |Precision|Recall   |F1       |
-----------|----------|----------|    Smoke  |0.7186   |0.7697   |0.6081   |0.6794   |
44.83      |29.01     |15.82     |    Fire   |0.9047   |0.8474   |0.7942   |0.8199   |

VAL Stats
Total Loss |Smoke Loss|Fire Loss |    _______|Accuracy |Precision|Recall   |F1       |
-----------|----------|----------|    Smoke  |0.7470   |0.8590   |0.5671   |0.6832   |
40.06      |25.81     |14.25     |    Fire   |0.9186   |0.9096   |0.7613   |0.8288   |


Saving model with new best validation loss: 40.061

=== EPOCH 19/124 ===
Learning Rate = 0.001

TRAIN Stats
Total Loss |Smoke Loss|Fire Loss |    _______|Accuracy |Precision|Recall   |F1       |
-----------|----------|----------|    Smoke  |0.7271   |0.7736   |0.6267   |0.6925   |
44.06      |28.51     |15.55     |    Fire   |0.9055   |0.8489   |0.7957   |0.8215   |

VAL Stats
Total Loss |Smoke Loss|Fire Loss |    _______|Accuracy |Precision|Recall   |F1       |
-----------|----------|----------|    Smoke  |0.7526   |0.8652   |0.5754   |0.6911   |
37.72      |24.75     |12.97     |    Fire   |0.9219   |0.8545   |0.8414   |0.8479   |


Saving model with new best validation loss: 37.718

=== EPOCH 20/124 ===
Learning Rate = 0.001

TRAIN Stats
Total Loss |Smoke Loss|Fire Loss |    _______|Accuracy |Precision|Recall   |F1       |
-----------|----------|----------|    Smoke  |0.7257   |0.7701   |0.6279   |0.6918   |
43.81      |28.31     |15.50     |    Fire   |0.9047   |0.8455   |0.7969   |0.8205   |

VAL Stats
Total Loss |Smoke Loss|Fire Loss |    _______|Accuracy |Precision|Recall   |F1       |
-----------|----------|----------|    Smoke  |0.7598   |0.8450   |0.6132   |0.7107   |
36.96      |24.76     |12.21     |    Fire   |0.9324   |0.8803   |0.8550   |0.8675   |


Saving model with new best validation loss: 36.963

=== EPOCH 21/124 ===
Learning Rate = 0.001

TRAIN Stats
Total Loss |Smoke Loss|Fire Loss |    _______|Accuracy |Precision|Recall   |F1       |
-----------|----------|----------|    Smoke  |0.7361   |0.7794   |0.6439   |0.7052   |
43.09      |27.90     |15.19     |    Fire   |0.9044   |0.8468   |0.7935   |0.8193   |

VAL Stats
Total Loss |Smoke Loss|Fire Loss |    _______|Accuracy |Precision|Recall   |F1       |
-----------|----------|----------|    Smoke  |0.7472   |0.8489   |0.5773   |0.6872   |
37.89      |24.80     |13.09     |    Fire   |0.9237   |0.9091   |0.7838   |0.8418   |


=== EPOCH 22/124 ===
Learning Rate = 0.001

TRAIN Stats
Total Loss |Smoke Loss|Fire Loss |    _______|Accuracy |Precision|Recall   |F1       |
-----------|----------|----------|    Smoke  |0.7401   |0.7825   |0.6509   |0.7106   |
42.07      |27.29     |14.77     |    Fire   |0.9125   |0.8623   |0.8091   |0.8349   |

VAL Stats
Total Loss |Smoke Loss|Fire Loss |    _______|Accuracy |Precision|Recall   |F1       |
-----------|----------|----------|    Smoke  |0.8008   |0.8042   |0.7746   |0.7891   |
35.88      |23.72     |12.16     |    Fire   |0.9307   |0.9110   |0.8117   |0.8585   |


Saving model with new best validation loss: 35.884

=== EPOCH 23/124 ===
Learning Rate = 0.001

TRAIN Stats
Total Loss |Smoke Loss|Fire Loss |    _______|Accuracy |Precision|Recall   |F1       |
-----------|----------|----------|    Smoke  |0.7409   |0.7783   |0.6593   |0.7139   |
42.29      |27.43     |14.86     |    Fire   |0.9092   |0.8566   |0.8022   |0.8285   |

VAL Stats
Total Loss |Smoke Loss|Fire Loss |    _______|Accuracy |Precision|Recall   |F1       |
-----------|----------|----------|    Smoke  |0.7948   |0.8600   |0.6849   |0.7625   |
35.35      |23.19     |12.16     |    Fire   |0.9319   |0.9098   |0.8180   |0.8615   |


Saving model with new best validation loss: 35.351

=== EPOCH 24/124 ===
Learning Rate = 0.001

TRAIN Stats
Total Loss |Smoke Loss|Fire Loss |    _______|Accuracy |Precision|Recall   |F1       |
-----------|----------|----------|    Smoke  |0.7459   |0.7873   |0.6601   |0.7181   |
41.86      |27.20     |14.65     |    Fire   |0.9107   |0.8552   |0.8106   |0.8323   |

VAL Stats
Total Loss |Smoke Loss|Fire Loss |    _______|Accuracy |Precision|Recall   |F1       |
-----------|----------|----------|    Smoke  |0.7694   |0.8552   |0.6268   |0.7234   |
35.53      |23.63     |11.90     |    Fire   |0.9331   |0.9178   |0.8144   |0.8630   |


=== EPOCH 25/124 ===
Learning Rate = 0.001

TRAIN Stats
Total Loss |Smoke Loss|Fire Loss |    _______|Accuracy |Precision|Recall   |F1       |
-----------|----------|----------|    Smoke  |0.7509   |0.7877   |0.6732   |0.7260   |
41.41      |26.64     |14.77     |    Fire   |0.9093   |0.8578   |0.8011   |0.8285   |

VAL Stats
Total Loss |Smoke Loss|Fire Loss |    _______|Accuracy |Precision|Recall   |F1       |
-----------|----------|----------|    Smoke  |0.7743   |0.8581   |0.6360   |0.7305   |
35.35      |23.38     |11.97     |    Fire   |0.9275   |0.8349   |0.8973   |0.8650   |


=== EPOCH 26/124 ===
Learning Rate = 0.001

TRAIN Stats
Total Loss |Smoke Loss|Fire Loss |    _______|Accuracy |Precision|Recall   |F1       |
-----------|----------|----------|    Smoke  |0.7537   |0.7898   |0.6783   |0.7298   |
40.90      |26.41     |14.49     |    Fire   |0.9114   |0.8573   |0.8107   |0.8334   |

VAL Stats
Total Loss |Smoke Loss|Fire Loss |    _______|Accuracy |Precision|Recall   |F1       |
-----------|----------|----------|    Smoke  |0.7799   |0.8851   |0.6234   |0.7315   |
35.28      |23.71     |11.57     |    Fire   |0.9328   |0.9135   |0.8180   |0.8631   |


Saving model with new best validation loss: 35.282

=== EPOCH 27/124 ===
Learning Rate = 0.001

TRAIN Stats
Total Loss |Smoke Loss|Fire Loss |    _______|Accuracy |Precision|Recall   |F1       |
-----------|----------|----------|    Smoke  |0.7537   |0.7868   |0.6828   |0.7311   |
40.57      |26.45     |14.12     |    Fire   |0.9124   |0.8608   |0.8107   |0.8350   |

VAL Stats
Total Loss |Smoke Loss|Fire Loss |    _______|Accuracy |Precision|Recall   |F1       |
-----------|----------|----------|    Smoke  |0.7812   |0.8768   |0.6345   |0.7362   |
35.03      |22.78     |12.25     |    Fire   |0.9279   |0.9283   |0.7820   |0.8489   |


Saving model with new best validation loss: 35.031

=== EPOCH 28/124 ===
Learning Rate = 0.001

TRAIN Stats
Total Loss |Smoke Loss|Fire Loss |    _______|Accuracy |Precision|Recall   |F1       |
-----------|----------|----------|    Smoke  |0.7584   |0.7933   |0.6862   |0.7359   |
40.47      |26.23     |14.24     |    Fire   |0.9124   |0.8616   |0.8096   |0.8348   |

VAL Stats
Total Loss |Smoke Loss|Fire Loss |    _______|Accuracy |Precision|Recall   |F1       |
-----------|----------|----------|    Smoke  |0.8253   |0.8532   |0.7693   |0.8091   |
32.40      |21.33     |11.07     |    Fire   |0.9375   |0.8927   |0.8622   |0.8772   |


Saving model with new best validation loss: 32.399

=== EPOCH 29/124 ===
Learning Rate = 0.001

TRAIN Stats
Total Loss |Smoke Loss|Fire Loss |    _______|Accuracy |Precision|Recall   |F1       |
-----------|----------|----------|    Smoke  |0.7585   |0.7928   |0.6869   |0.7361   |
40.11      |26.00     |14.11     |    Fire   |0.9149   |0.8642   |0.8170   |0.8399   |

VAL Stats
Total Loss |Smoke Loss|Fire Loss |    _______|Accuracy |Precision|Recall   |F1       |
-----------|----------|----------|    Smoke  |0.8048   |0.8593   |0.7106   |0.7779   |
33.60      |21.90     |11.70     |    Fire   |0.9298   |0.9317   |0.7865   |0.8530   |


=== EPOCH 30/124 ===
Learning Rate = 0.001

TRAIN Stats
Total Loss |Smoke Loss|Fire Loss |    _______|Accuracy |Precision|Recall   |F1       |
-----------|----------|----------|    Smoke  |0.7633   |0.7974   |0.6934   |0.7418   |
39.50      |25.71     |13.79     |    Fire   |0.9164   |0.8631   |0.8251   |0.8436   |

VAL Stats
Total Loss |Smoke Loss|Fire Loss |    _______|Accuracy |Precision|Recall   |F1       |
-----------|----------|----------|    Smoke  |0.8188   |0.7848   |0.8589   |0.8202   |
33.28      |22.33     |10.95     |    Fire   |0.9373   |0.9192   |0.8306   |0.8727   |


=== EPOCH 31/124 ===
Learning Rate = 0.001

TRAIN Stats
Total Loss |Smoke Loss|Fire Loss |    _______|Accuracy |Precision|Recall   |F1       |
-----------|----------|----------|    Smoke  |0.7682   |0.8013   |0.7012   |0.7479   |
39.09      |25.31     |13.78     |    Fire   |0.9148   |0.8622   |0.8192   |0.8401   |

VAL Stats
Total Loss |Smoke Loss|Fire Loss |    _______|Accuracy |Precision|Recall   |F1       |
-----------|----------|----------|    Smoke  |0.8351   |0.8062   |0.8652   |0.8347   |
32.21      |21.55     |10.65     |    Fire   |0.9377   |0.9057   |0.8477   |0.8758   |


Saving model with new best validation loss: 32.205

=== EPOCH 32/124 ===
Learning Rate = 0.001

TRAIN Stats
Total Loss |Smoke Loss|Fire Loss |    _______|Accuracy |Precision|Recall   |F1       |
-----------|----------|----------|    Smoke  |0.7706   |0.8010   |0.7082   |0.7517   |
38.66      |25.10     |13.57     |    Fire   |0.9171   |0.8659   |0.8245   |0.8447   |

VAL Stats
Total Loss |Smoke Loss|Fire Loss |    _______|Accuracy |Precision|Recall   |F1       |
-----------|----------|----------|    Smoke  |0.8267   |0.7986   |0.8556   |0.8261   |
33.65      |22.08     |11.57     |    Fire   |0.9345   |0.9174   |0.8207   |0.8664   |


=== EPOCH 33/124 ===
Learning Rate = 0.001

TRAIN Stats
Total Loss |Smoke Loss|Fire Loss |    _______|Accuracy |Precision|Recall   |F1       |
-----------|----------|----------|    Smoke  |0.7692   |0.7983   |0.7083   |0.7506   |
38.57      |24.95     |13.62     |    Fire   |0.9165   |0.8619   |0.8272   |0.8442   |

VAL Stats
Total Loss |Smoke Loss|Fire Loss |    _______|Accuracy |Precision|Recall   |F1       |
-----------|----------|----------|    Smoke  |0.8244   |0.8342   |0.7925   |0.8128   |
32.07      |21.30     |10.76     |    Fire   |0.9391   |0.8842   |0.8802   |0.8822   |


Saving model with new best validation loss: 32.067

=== EPOCH 34/124 ===
Learning Rate = 0.001

TRAIN Stats
Total Loss |Smoke Loss|Fire Loss |    _______|Accuracy |Precision|Recall   |F1       |
-----------|----------|----------|    Smoke  |0.7764   |0.8053   |0.7173   |0.7588   |
38.29      |24.87     |13.42     |    Fire   |0.9193   |0.8641   |0.8364   |0.8500   |

VAL Stats
Total Loss |Smoke Loss|Fire Loss |    _______|Accuracy |Precision|Recall   |F1       |
-----------|----------|----------|    Smoke  |0.8379   |0.8285   |0.8362   |0.8323   |
31.50      |20.70     |10.80     |    Fire   |0.9370   |0.9294   |0.8189   |0.8707   |


Saving model with new best validation loss: 31.496

=== EPOCH 35/124 ===
Learning Rate = 0.001

TRAIN Stats
Total Loss |Smoke Loss|Fire Loss |    _______|Accuracy |Precision|Recall   |F1       |
-----------|----------|----------|    Smoke  |0.7738   |0.8038   |0.7126   |0.7554   |
38.47      |24.90     |13.57     |    Fire   |0.9192   |0.8697   |0.8285   |0.8486   |

VAL Stats
Total Loss |Smoke Loss|Fire Loss |    _______|Accuracy |Precision|Recall   |F1       |
-----------|----------|----------|    Smoke  |0.8134   |0.8611   |0.7300   |0.7901   |
31.78      |20.89     |10.90     |    Fire   |0.9335   |0.8680   |0.8766   |0.8723   |


=== EPOCH 36/124 ===
Learning Rate = 0.001

TRAIN Stats
Total Loss |Smoke Loss|Fire Loss |    _______|Accuracy |Precision|Recall   |F1       |
-----------|----------|----------|    Smoke  |0.7826   |0.8124   |0.7240   |0.7657   |
37.22      |24.30     |12.92     |    Fire   |0.9208   |0.8686   |0.8370   |0.8525   |

VAL Stats
Total Loss |Smoke Loss|Fire Loss |    _______|Accuracy |Precision|Recall   |F1       |
-----------|----------|----------|    Smoke  |0.8496   |0.8261   |0.8706   |0.8478   |
30.37      |19.92     |10.45     |    Fire   |0.9387   |0.9037   |0.8541   |0.8782   |


Saving model with new best validation loss: 30.366

=== EPOCH 37/124 ===
Learning Rate = 0.001

TRAIN Stats
Total Loss |Smoke Loss|Fire Loss |    _______|Accuracy |Precision|Recall   |F1       |
-----------|----------|----------|    Smoke  |0.7817   |0.8097   |0.7253   |0.7652   |
37.60      |24.26     |13.34     |    Fire   |0.9175   |0.8644   |0.8279   |0.8458   |

VAL Stats
Total Loss |Smoke Loss|Fire Loss |    _______|Accuracy |Precision|Recall   |F1       |
-----------|----------|----------|    Smoke  |0.8165   |0.8825   |0.7135   |0.7891   |
30.90      |20.46     |10.44     |    Fire   |0.9370   |0.9150   |0.8342   |0.8728   |


=== EPOCH 38/124 ===
Learning Rate = 0.001

TRAIN Stats
Total Loss |Smoke Loss|Fire Loss |    _______|Accuracy |Precision|Recall   |F1       |
-----------|----------|----------|    Smoke  |0.7849   |0.8151   |0.7259   |0.7679   |
37.13      |24.14     |12.99     |    Fire   |0.9226   |0.8695   |0.8436   |0.8563   |

VAL Stats
Total Loss |Smoke Loss|Fire Loss |    _______|Accuracy |Precision|Recall   |F1       |
-----------|----------|----------|    Smoke  |0.8377   |0.8618   |0.7891   |0.8239   |
30.65      |20.52     |10.13     |    Fire   |0.9429   |0.8900   |0.8892   |0.8896   |


=== EPOCH 39/124 ===
Learning Rate = 0.001

TRAIN Stats
Total Loss |Smoke Loss|Fire Loss |    _______|Accuracy |Precision|Recall   |F1       |
-----------|----------|----------|    Smoke  |0.7854   |0.8146   |0.7281   |0.7690   |
37.01      |24.03     |12.98     |    Fire   |0.9215   |0.8699   |0.8383   |0.8538   |

VAL Stats
Total Loss |Smoke Loss|Fire Loss |    _______|Accuracy |Precision|Recall   |F1       |
-----------|----------|----------|    Smoke  |0.7906   |0.9206   |0.6180   |0.7396   |
32.53      |22.37     |10.15     |    Fire   |0.9394   |0.8741   |0.8946   |0.8842   |


=== EPOCH 40/124 ===
Learning Rate = 0.0008

TRAIN Stats
Total Loss |Smoke Loss|Fire Loss |    _______|Accuracy |Precision|Recall   |F1       |
-----------|----------|----------|    Smoke  |0.7856   |0.8142   |0.7291   |0.7693   |
36.29      |23.68     |12.62     |    Fire   |0.9251   |0.8715   |0.8517   |0.8615   |

VAL Stats
Total Loss |Smoke Loss|Fire Loss |    _______|Accuracy |Precision|Recall   |F1       |
-----------|----------|----------|    Smoke  |0.8169   |0.8940   |0.7029   |0.7870   |
30.25      |20.65     |9.61      |    Fire   |0.9429   |0.8986   |0.8784   |0.8884   |


Saving model with new best validation loss: 30.254

=== EPOCH 41/124 ===
Learning Rate = 0.0008

TRAIN Stats
Total Loss |Smoke Loss|Fire Loss |    _______|Accuracy |Precision|Recall   |F1       |
-----------|----------|----------|    Smoke  |0.7891   |0.8184   |0.7324   |0.7730   |
36.13      |23.53     |12.60     |    Fire   |0.9255   |0.8780   |0.8446   |0.8610   |

VAL Stats
Total Loss |Smoke Loss|Fire Loss |    _______|Accuracy |Precision|Recall   |F1       |
-----------|----------|----------|    Smoke  |0.8438   |0.8804   |0.7814   |0.8279   |
29.48      |18.87     |10.61     |    Fire   |0.9412   |0.9316   |0.8342   |0.8802   |


Saving model with new best validation loss: 29.477

=== EPOCH 42/124 ===
Learning Rate = 0.0008

TRAIN Stats
Total Loss |Smoke Loss|Fire Loss |    _______|Accuracy |Precision|Recall   |F1       |
-----------|----------|----------|    Smoke  |0.7889   |0.8186   |0.7314   |0.7726   |
36.38      |23.53     |12.85     |    Fire   |0.9232   |0.8745   |0.8394   |0.8566   |

VAL Stats
Total Loss |Smoke Loss|Fire Loss |    _______|Accuracy |Precision|Recall   |F1       |
-----------|----------|----------|    Smoke  |0.8598   |0.8320   |0.8880   |0.8591   |
29.21      |19.37     |9.83      |    Fire   |0.9419   |0.8773   |0.9018   |0.8894   |


Saving model with new best validation loss: 29.208

=== EPOCH 43/124 ===
Learning Rate = 0.0008

TRAIN Stats
Total Loss |Smoke Loss|Fire Loss |    _______|Accuracy |Precision|Recall   |F1       |
-----------|----------|----------|    Smoke  |0.7958   |0.8261   |0.7391   |0.7802   |
35.45      |23.00     |12.45     |    Fire   |0.9245   |0.8748   |0.8446   |0.8594   |

VAL Stats
Total Loss |Smoke Loss|Fire Loss |    _______|Accuracy |Precision|Recall   |F1       |
-----------|----------|----------|    Smoke  |0.8484   |0.8581   |0.8206   |0.8389   |
31.23      |19.01     |12.21     |    Fire   |0.9184   |0.7832   |0.9468   |0.8573   |


=== EPOCH 44/124 ===
Learning Rate = 0.0008

TRAIN Stats
Total Loss |Smoke Loss|Fire Loss |    _______|Accuracy |Precision|Recall   |F1       |
-----------|----------|----------|    Smoke  |0.7988   |0.8249   |0.7487   |0.7850   |
35.31      |22.97     |12.34     |    Fire   |0.9266   |0.8759   |0.8523   |0.8639   |

VAL Stats
Total Loss |Smoke Loss|Fire Loss |    _______|Accuracy |Precision|Recall   |F1       |
-----------|----------|----------|    Smoke  |0.8647   |0.8486   |0.8749   |0.8616   |
27.49      |18.33     |9.16      |    Fire   |0.9459   |0.9095   |0.8784   |0.8937   |


Saving model with new best validation loss: 27.491

=== EPOCH 45/124 ===
Learning Rate = 0.0008

TRAIN Stats
Total Loss |Smoke Loss|Fire Loss |    _______|Accuracy |Precision|Recall   |F1       |
-----------|----------|----------|    Smoke  |0.8002   |0.8260   |0.7507   |0.7865   |
34.85      |22.61     |12.23     |    Fire   |0.9276   |0.8778   |0.8538   |0.8656   |

VAL Stats
Total Loss |Smoke Loss|Fire Loss |    _______|Accuracy |Precision|Recall   |F1       |
-----------|----------|----------|    Smoke  |0.8431   |0.8844   |0.7751   |0.8261   |
29.54      |18.71     |10.83     |    Fire   |0.9335   |0.8287   |0.9369   |0.8795   |


=== EPOCH 46/124 ===
Learning Rate = 0.0008

TRAIN Stats
Total Loss |Smoke Loss|Fire Loss |    _______|Accuracy |Precision|Recall   |F1       |
-----------|----------|----------|    Smoke  |0.8044   |0.8315   |0.7539   |0.7908   |
34.78      |22.55     |12.24     |    Fire   |0.9258   |0.8744   |0.8508   |0.8624   |

VAL Stats
Total Loss |Smoke Loss|Fire Loss |    _______|Accuracy |Precision|Recall   |F1       |
-----------|----------|----------|    Smoke  |0.8582   |0.8360   |0.8774   |0.8562   |
28.12      |18.76     |9.36      |    Fire   |0.9513   |0.9019   |0.9108   |0.9063   |


=== EPOCH 47/124 ===
Learning Rate = 0.0008

TRAIN Stats
Total Loss |Smoke Loss|Fire Loss |    _______|Accuracy |Precision|Recall   |F1       |
-----------|----------|----------|    Smoke  |0.7994   |0.8258   |0.7487   |0.7854   |
34.95      |22.66     |12.29     |    Fire   |0.9266   |0.8784   |0.8491   |0.8635   |

VAL Stats
Total Loss |Smoke Loss|Fire Loss |    _______|Accuracy |Precision|Recall   |F1       |
-----------|----------|----------|    Smoke  |0.8354   |0.8961   |0.7441   |0.8130   |
28.13      |18.67     |9.46      |    Fire   |0.9459   |0.9364   |0.8486   |0.8904   |


=== EPOCH 48/124 ===
Learning Rate = 0.00064

TRAIN Stats
Total Loss |Smoke Loss|Fire Loss |    _______|Accuracy |Precision|Recall   |F1       |
-----------|----------|----------|    Smoke  |0.8011   |0.8277   |0.7507   |0.7873   |
34.58      |22.36     |12.22     |    Fire   |0.9260   |0.8762   |0.8490   |0.8624   |

VAL Stats
Total Loss |Smoke Loss|Fire Loss |    _______|Accuracy |Precision|Recall   |F1       |
-----------|----------|----------|    Smoke  |0.8535   |0.8893   |0.7945   |0.8392   |
27.13      |17.46     |9.67      |    Fire   |0.9438   |0.8636   |0.9297   |0.8954   |


Saving model with new best validation loss: 27.129

=== EPOCH 49/124 ===
Learning Rate = 0.00064

TRAIN Stats
Total Loss |Smoke Loss|Fire Loss |    _______|Accuracy |Precision|Recall   |F1       |
-----------|----------|----------|    Smoke  |0.8029   |0.8265   |0.7569   |0.7902   |
33.87      |22.18     |11.69     |    Fire   |0.9301   |0.8821   |0.8589   |0.8704   |

VAL Stats
Total Loss |Smoke Loss|Fire Loss |    _______|Accuracy |Precision|Recall   |F1       |
-----------|----------|----------|    Smoke  |0.8382   |0.9057   |0.7407   |0.8149   |
28.49      |18.57     |9.92      |    Fire   |0.9403   |0.8925   |0.8748   |0.8835   |


=== EPOCH 50/124 ===
Learning Rate = 0.00064

TRAIN Stats
Total Loss |Smoke Loss|Fire Loss |    _______|Accuracy |Precision|Recall   |F1       |
-----------|----------|----------|    Smoke  |0.8082   |0.8361   |0.7573   |0.7947   |
33.57      |21.88     |11.69     |    Fire   |0.9301   |0.8853   |0.8550   |0.8699   |

VAL Stats
Total Loss |Smoke Loss|Fire Loss |    _______|Accuracy |Precision|Recall   |F1       |
-----------|----------|----------|    Smoke  |0.8498   |0.9075   |0.7659   |0.8307   |
27.12      |17.70     |9.42      |    Fire   |0.9454   |0.8782   |0.9162   |0.8968   |


Saving model with new best validation loss: 27.125

=== EPOCH 51/124 ===
Learning Rate = 0.00064

TRAIN Stats
Total Loss |Smoke Loss|Fire Loss |    _______|Accuracy |Precision|Recall   |F1       |
-----------|----------|----------|    Smoke  |0.8117   |0.8349   |0.7679   |0.8000   |
33.41      |21.70     |11.72     |    Fire   |0.9293   |0.8785   |0.8602   |0.8692   |

VAL Stats
Total Loss |Smoke Loss|Fire Loss |    _______|Accuracy |Precision|Recall   |F1       |
-----------|----------|----------|    Smoke  |0.8575   |0.8937   |0.7988   |0.8436   |
26.46      |17.16     |9.29      |    Fire   |0.9464   |0.9391   |0.8477   |0.8911   |


Saving model with new best validation loss: 26.458

=== EPOCH 52/124 ===
Learning Rate = 0.00064

TRAIN Stats
Total Loss |Smoke Loss|Fire Loss |    _______|Accuracy |Precision|Recall   |F1       |
-----------|----------|----------|    Smoke  |0.8135   |0.8396   |0.7659   |0.8010   |
33.27      |21.59     |11.68     |    Fire   |0.9291   |0.8832   |0.8535   |0.8681   |

VAL Stats
Total Loss |Smoke Loss|Fire Loss |    _______|Accuracy |Precision|Recall   |F1       |
-----------|----------|----------|    Smoke  |0.8671   |0.8705   |0.8502   |0.8602   |
28.60      |17.36     |11.24     |    Fire   |0.9319   |0.9606   |0.7685   |0.8539   |


=== EPOCH 53/124 ===
Learning Rate = 0.00064

TRAIN Stats
Total Loss |Smoke Loss|Fire Loss |    _______|Accuracy |Precision|Recall   |F1       |
-----------|----------|----------|    Smoke  |0.8105   |0.8352   |0.7644   |0.7982   |
33.10      |21.59     |11.51     |    Fire   |0.9324   |0.8880   |0.8614   |0.8745   |

VAL Stats
Total Loss |Smoke Loss|Fire Loss |    _______|Accuracy |Precision|Recall   |F1       |
-----------|----------|----------|    Smoke  |0.8661   |0.8325   |0.9035   |0.8666   |
27.11      |17.89     |9.22      |    Fire   |0.9466   |0.9472   |0.8405   |0.8907   |


=== EPOCH 54/124 ===
Learning Rate = 0.00064

TRAIN Stats
Total Loss |Smoke Loss|Fire Loss |    _______|Accuracy |Precision|Recall   |F1       |
-----------|----------|----------|    Smoke  |0.8116   |0.8353   |0.7669   |0.7996   |
33.11      |21.48     |11.62     |    Fire   |0.9312   |0.8839   |0.8612   |0.8724   |

VAL Stats
Total Loss |Smoke Loss|Fire Loss |    _______|Accuracy |Precision|Recall   |F1       |
-----------|----------|----------|    Smoke  |0.8608   |0.8903   |0.8105   |0.8485   |
27.09      |16.80     |10.29     |    Fire   |0.9426   |0.9426   |0.8288   |0.8821   |


=== EPOCH 55/124 ===
Learning Rate = 0.0005120000000000001

TRAIN Stats
Total Loss |Smoke Loss|Fire Loss |    _______|Accuracy |Precision|Recall   |F1       |
-----------|----------|----------|    Smoke  |0.8225   |0.8469   |0.7789   |0.8115   |
32.14      |20.93     |11.20     |    Fire   |0.9324   |0.8900   |0.8586   |0.8741   |

VAL Stats
Total Loss |Smoke Loss|Fire Loss |    _______|Accuracy |Precision|Recall   |F1       |
-----------|----------|----------|    Smoke  |0.8591   |0.9006   |0.7950   |0.8445   |
25.96      |16.81     |9.15      |    Fire   |0.9492   |0.9322   |0.8667   |0.8982   |


Saving model with new best validation loss: 25.958

=== EPOCH 56/124 ===
Learning Rate = 0.0005120000000000001

TRAIN Stats
Total Loss |Smoke Loss|Fire Loss |    _______|Accuracy |Precision|Recall   |F1       |
-----------|----------|----------|    Smoke  |0.8231   |0.8469   |0.7803   |0.8122   |
32.25      |20.93     |11.33     |    Fire   |0.9333   |0.8884   |0.8645   |0.8763   |

VAL Stats
Total Loss |Smoke Loss|Fire Loss |    _______|Accuracy |Precision|Recall   |F1       |
-----------|----------|----------|    Smoke  |0.8780   |0.8858   |0.8570   |0.8712   |
24.85      |15.87     |8.98      |    Fire   |0.9480   |0.8846   |0.9189   |0.9015   |


Saving model with new best validation loss: 24.847

=== EPOCH 57/124 ===
Learning Rate = 0.0005120000000000001

TRAIN Stats
Total Loss |Smoke Loss|Fire Loss |    _______|Accuracy |Precision|Recall   |F1       |
-----------|----------|----------|    Smoke  |0.8224   |0.8426   |0.7846   |0.8125   |
31.82      |20.64     |11.17     |    Fire   |0.9331   |0.8875   |0.8649   |0.8760   |

VAL Stats
Total Loss |Smoke Loss|Fire Loss |    _______|Accuracy |Precision|Recall   |F1       |
-----------|----------|----------|    Smoke  |0.8785   |0.8728   |0.8749   |0.8739   |
24.69      |15.86     |8.83      |    Fire   |0.9508   |0.8926   |0.9207   |0.9064   |


Saving model with new best validation loss: 24.693

=== EPOCH 58/124 ===
Learning Rate = 0.0005120000000000001

TRAIN Stats
Total Loss |Smoke Loss|Fire Loss |    _______|Accuracy |Precision|Recall   |F1       |
-----------|----------|----------|    Smoke  |0.8221   |0.8438   |0.7820   |0.8118   |
32.19      |21.03     |11.16     |    Fire   |0.9336   |0.8865   |0.8680   |0.8771   |

VAL Stats
Total Loss |Smoke Loss|Fire Loss |    _______|Accuracy |Precision|Recall   |F1       |
-----------|----------|----------|    Smoke  |0.8659   |0.8867   |0.8270   |0.8558   |
25.54      |16.38     |9.16      |    Fire   |0.9482   |0.9336   |0.8613   |0.8960   |


=== EPOCH 59/124 ===
Learning Rate = 0.0005120000000000001

TRAIN Stats
Total Loss |Smoke Loss|Fire Loss |    _______|Accuracy |Precision|Recall   |F1       |
-----------|----------|----------|    Smoke  |0.8207   |0.8427   |0.7800   |0.8102   |
32.22      |20.85     |11.37     |    Fire   |0.9323   |0.8871   |0.8619   |0.8743   |

VAL Stats
Total Loss |Smoke Loss|Fire Loss |    _______|Accuracy |Precision|Recall   |F1       |
-----------|----------|----------|    Smoke  |0.8715   |0.8987   |0.8260   |0.8608   |
25.09      |16.19     |8.90      |    Fire   |0.9501   |0.9350   |0.8676   |0.9000   |


=== EPOCH 60/124 ===
Learning Rate = 0.0005120000000000001

TRAIN Stats
Total Loss |Smoke Loss|Fire Loss |    _______|Accuracy |Precision|Recall   |F1       |
-----------|----------|----------|    Smoke  |0.8242   |0.8477   |0.7820   |0.8135   |
31.83      |20.66     |11.17     |    Fire   |0.9340   |0.8919   |0.8629   |0.8772   |

VAL Stats
Total Loss |Smoke Loss|Fire Loss |    _______|Accuracy |Precision|Recall   |F1       |
-----------|----------|----------|    Smoke  |0.8612   |0.8998   |0.8008   |0.8474   |
25.58      |16.93     |8.65      |    Fire   |0.9496   |0.9249   |0.8766   |0.9001   |


=== EPOCH 61/124 ===
Learning Rate = 0.0004096000000000001

TRAIN Stats
Total Loss |Smoke Loss|Fire Loss |    _______|Accuracy |Precision|Recall   |F1       |
-----------|----------|----------|    Smoke  |0.8306   |0.8544   |0.7889   |0.8203   |
31.18      |20.08     |11.11     |    Fire   |0.9338   |0.8883   |0.8668   |0.8774   |

VAL Stats
Total Loss |Smoke Loss|Fire Loss |    _______|Accuracy |Precision|Recall   |F1       |
-----------|----------|----------|    Smoke  |0.8561   |0.9170   |0.7707   |0.8375   |
25.78      |16.86     |8.92      |    Fire   |0.9501   |0.9418   |0.8604   |0.8992   |


=== EPOCH 62/124 ===
Learning Rate = 0.0004096000000000001

TRAIN Stats
Total Loss |Smoke Loss|Fire Loss |    _______|Accuracy |Precision|Recall   |F1       |
-----------|----------|----------|    Smoke  |0.8320   |0.8538   |0.7932   |0.8224   |
30.90      |20.16     |10.74     |    Fire   |0.9372   |0.8965   |0.8708   |0.8835   |

VAL Stats
Total Loss |Smoke Loss|Fire Loss |    _______|Accuracy |Precision|Recall   |F1       |
-----------|----------|----------|    Smoke  |0.8750   |0.8995   |0.8333   |0.8651   |
24.27      |15.93     |8.34      |    Fire   |0.9522   |0.9171   |0.8964   |0.9066   |


Saving model with new best validation loss: 24.269

=== EPOCH 63/124 ===
Learning Rate = 0.0004096000000000001

TRAIN Stats
Total Loss |Smoke Loss|Fire Loss |    _______|Accuracy |Precision|Recall   |F1       |
-----------|----------|----------|    Smoke  |0.8318   |0.8514   |0.7959   |0.8227   |
30.56      |19.95     |10.60     |    Fire   |0.9376   |0.8942   |0.8752   |0.8846   |

VAL Stats
Total Loss |Smoke Loss|Fire Loss |    _______|Accuracy |Precision|Recall   |F1       |
-----------|----------|----------|    Smoke  |0.8435   |0.9286   |0.7310   |0.8180   |
26.27      |17.84     |8.43      |    Fire   |0.9527   |0.9180   |0.8973   |0.9075   |


=== EPOCH 64/124 ===
Learning Rate = 0.0004096000000000001

TRAIN Stats
Total Loss |Smoke Loss|Fire Loss |    _______|Accuracy |Precision|Recall   |F1       |
-----------|----------|----------|    Smoke  |0.8286   |0.8494   |0.7905   |0.8189   |
30.90      |20.15     |10.75     |    Fire   |0.9366   |0.8940   |0.8713   |0.8825   |

VAL Stats
Total Loss |Smoke Loss|Fire Loss |    _______|Accuracy |Precision|Recall   |F1       |
-----------|----------|----------|    Smoke  |0.8846   |0.8960   |0.8599   |0.8776   |
24.39      |15.16     |9.23      |    Fire   |0.9492   |0.9355   |0.8631   |0.8978   |


=== EPOCH 65/124 ===
Learning Rate = 0.0004096000000000001

TRAIN Stats
Total Loss |Smoke Loss|Fire Loss |    _______|Accuracy |Precision|Recall   |F1       |
-----------|----------|----------|    Smoke  |0.8342   |0.8544   |0.7978   |0.8251   |
30.19      |19.67     |10.51     |    Fire   |0.9367   |0.8938   |0.8721   |0.8828   |

VAL Stats
Total Loss |Smoke Loss|Fire Loss |    _______|Accuracy |Precision|Recall   |F1       |
-----------|----------|----------|    Smoke  |0.8727   |0.8957   |0.8323   |0.8628   |
26.79      |16.14     |10.65     |    Fire   |0.9431   |0.9587   |0.8153   |0.8812   |


=== EPOCH 66/124 ===
Learning Rate = 0.0003276800000000001

TRAIN Stats
Total Loss |Smoke Loss|Fire Loss |    _______|Accuracy |Precision|Recall   |F1       |
-----------|----------|----------|    Smoke  |0.8335   |0.8545   |0.7960   |0.8242   |
30.23      |19.66     |10.57     |    Fire   |0.9383   |0.8973   |0.8744   |0.8857   |

VAL Stats
Total Loss |Smoke Loss|Fire Loss |    _______|Accuracy |Precision|Recall   |F1       |
-----------|----------|----------|    Smoke  |0.8839   |0.8621   |0.9031   |0.8821   |
23.97      |15.66     |8.30      |    Fire   |0.9531   |0.9166   |0.9009   |0.9087   |


Saving model with new best validation loss: 23.968

=== EPOCH 67/124 ===
Learning Rate = 0.0003276800000000001

TRAIN Stats
Total Loss |Smoke Loss|Fire Loss |    _______|Accuracy |Precision|Recall   |F1       |
-----------|----------|----------|    Smoke  |0.8334   |0.8544   |0.7959   |0.8241   |
30.11      |19.56     |10.55     |    Fire   |0.9369   |0.8955   |0.8708   |0.8830   |

VAL Stats
Total Loss |Smoke Loss|Fire Loss |    _______|Accuracy |Precision|Recall   |F1       |
-----------|----------|----------|    Smoke  |0.8923   |0.8796   |0.8992   |0.8893   |
23.65      |14.82     |8.84      |    Fire   |0.9541   |0.9597   |0.8586   |0.9063   |


Saving model with new best validation loss: 23.652

=== EPOCH 68/124 ===
Learning Rate = 0.0003276800000000001

TRAIN Stats
Total Loss |Smoke Loss|Fire Loss |    _______|Accuracy |Precision|Recall   |F1       |
-----------|----------|----------|    Smoke  |0.8407   |0.8630   |0.8025   |0.8317   |
29.71      |19.27     |10.44     |    Fire   |0.9402   |0.9011   |0.8773   |0.8891   |

VAL Stats
Total Loss |Smoke Loss|Fire Loss |    _______|Accuracy |Precision|Recall   |F1       |
-----------|----------|----------|    Smoke  |0.8834   |0.8941   |0.8594   |0.8764   |
22.97      |14.99     |7.97      |    Fire   |0.9566   |0.9132   |0.9198   |0.9165   |


Saving model with new best validation loss: 22.965

=== EPOCH 69/124 ===
Learning Rate = 0.0003276800000000001

TRAIN Stats
Total Loss |Smoke Loss|Fire Loss |    _______|Accuracy |Precision|Recall   |F1       |
-----------|----------|----------|    Smoke  |0.8364   |0.8542   |0.8036   |0.8281   |
29.56      |19.27     |10.29     |    Fire   |0.9406   |0.9011   |0.8791   |0.8900   |

VAL Stats
Total Loss |Smoke Loss|Fire Loss |    _______|Accuracy |Precision|Recall   |F1       |
-----------|----------|----------|    Smoke  |0.8701   |0.9079   |0.8124   |0.8575   |
23.49      |15.42     |8.07      |    Fire   |0.9520   |0.9065   |0.9081   |0.9073   |


=== EPOCH 70/124 ===
Learning Rate = 0.0003276800000000001

TRAIN Stats
Total Loss |Smoke Loss|Fire Loss |    _______|Accuracy |Precision|Recall   |F1       |
-----------|----------|----------|    Smoke  |0.8404   |0.8600   |0.8057   |0.8320   |
29.64      |19.24     |10.40     |    Fire   |0.9385   |0.8939   |0.8795   |0.8867   |

VAL Stats
Total Loss |Smoke Loss|Fire Loss |    _______|Accuracy |Precision|Recall   |F1       |
-----------|----------|----------|    Smoke  |0.8790   |0.8975   |0.8449   |0.8704   |
23.51      |15.32     |8.19      |    Fire   |0.9541   |0.9184   |0.9027   |0.9105   |


=== EPOCH 71/124 ===
Learning Rate = 0.0003276800000000001

TRAIN Stats
Total Loss |Smoke Loss|Fire Loss |    _______|Accuracy |Precision|Recall   |F1       |
-----------|----------|----------|    Smoke  |0.8386   |0.8589   |0.8027   |0.8298   |
29.62      |19.21     |10.41     |    Fire   |0.9374   |0.8965   |0.8719   |0.8840   |

VAL Stats
Total Loss |Smoke Loss|Fire Loss |    _______|Accuracy |Precision|Recall   |F1       |
-----------|----------|----------|    Smoke  |0.8743   |0.9281   |0.8008   |0.8597   |
25.67      |15.47     |10.19     |    Fire   |0.9438   |0.9617   |0.8153   |0.8825   |


=== EPOCH 72/124 ===
Learning Rate = 0.0002621440000000001

TRAIN Stats
Total Loss |Smoke Loss|Fire Loss |    _______|Accuracy |Precision|Recall   |F1       |
-----------|----------|----------|    Smoke  |0.8439   |0.8614   |0.8124   |0.8362   |
28.93      |18.85     |10.08     |    Fire   |0.9392   |0.8949   |0.8812   |0.8880   |

VAL Stats
Total Loss |Smoke Loss|Fire Loss |    _______|Accuracy |Precision|Recall   |F1       |
-----------|----------|----------|    Smoke  |0.8906   |0.8659   |0.9142   |0.8894   |
23.22      |15.22     |8.00      |    Fire   |0.9562   |0.9300   |0.8982   |0.9138   |


=== EPOCH 73/124 ===
Learning Rate = 0.0002621440000000001

TRAIN Stats
Total Loss |Smoke Loss|Fire Loss |    _______|Accuracy |Precision|Recall   |F1       |
-----------|----------|----------|    Smoke  |0.8426   |0.8668   |0.8021   |0.8332   |
28.94      |18.75     |10.19     |    Fire   |0.9414   |0.9002   |0.8835   |0.8917   |

VAL Stats
Total Loss |Smoke Loss|Fire Loss |    _______|Accuracy |Precision|Recall   |F1       |
-----------|----------|----------|    Smoke  |0.8808   |0.9231   |0.8206   |0.8689   |
22.92      |14.68     |8.24      |    Fire   |0.9543   |0.9344   |0.8856   |0.9093   |


Saving model with new best validation loss: 22.915

=== EPOCH 74/124 ===
Learning Rate = 0.0002621440000000001

TRAIN Stats
Total Loss |Smoke Loss|Fire Loss |    _______|Accuracy |Precision|Recall   |F1       |
-----------|----------|----------|    Smoke  |0.8435   |0.8615   |0.8112   |0.8356   |
28.68      |18.93     |9.75      |    Fire   |0.9440   |0.9067   |0.8863   |0.8964   |

VAL Stats
Total Loss |Smoke Loss|Fire Loss |    _______|Accuracy |Precision|Recall   |F1       |
-----------|----------|----------|    Smoke  |0.8897   |0.8901   |0.8793   |0.8847   |
22.51      |14.61     |7.90      |    Fire   |0.9562   |0.9168   |0.9135   |0.9152   |


Saving model with new best validation loss: 22.509

=== EPOCH 75/124 ===
Learning Rate = 0.0002621440000000001

TRAIN Stats
Total Loss |Smoke Loss|Fire Loss |    _______|Accuracy |Precision|Recall   |F1       |
-----------|----------|----------|    Smoke  |0.8481   |0.8705   |0.8108   |0.8396   |
28.37      |18.26     |10.11     |    Fire   |0.9393   |0.8956   |0.8805   |0.8880   |

VAL Stats
Total Loss |Smoke Loss|Fire Loss |    _______|Accuracy |Precision|Recall   |F1       |
-----------|----------|----------|    Smoke  |0.8874   |0.8982   |0.8638   |0.8807   |
22.30      |14.36     |7.95      |    Fire   |0.9541   |0.9161   |0.9054   |0.9107   |


Saving model with new best validation loss: 22.303

=== EPOCH 76/124 ===
Learning Rate = 0.0002621440000000001

TRAIN Stats
Total Loss |Smoke Loss|Fire Loss |    _______|Accuracy |Precision|Recall   |F1       |
-----------|----------|----------|    Smoke  |0.8466   |0.8655   |0.8135   |0.8387   |
28.61      |18.47     |10.14     |    Fire   |0.9391   |0.8991   |0.8755   |0.8871   |

VAL Stats
Total Loss |Smoke Loss|Fire Loss |    _______|Accuracy |Precision|Recall   |F1       |
-----------|----------|----------|    Smoke  |0.8841   |0.8884   |0.8682   |0.8782   |
23.09      |15.01     |8.07      |    Fire   |0.9555   |0.9227   |0.9036   |0.9131   |


=== EPOCH 77/124 ===
Learning Rate = 0.0002621440000000001

TRAIN Stats
Total Loss |Smoke Loss|Fire Loss |    _______|Accuracy |Precision|Recall   |F1       |
-----------|----------|----------|    Smoke  |0.8459   |0.8669   |0.8101   |0.8375   |
28.80      |18.60     |10.20     |    Fire   |0.9398   |0.8956   |0.8825   |0.8890   |

VAL Stats
Total Loss |Smoke Loss|Fire Loss |    _______|Accuracy |Precision|Recall   |F1       |
-----------|----------|----------|    Smoke  |0.8850   |0.8993   |0.8570   |0.8776   |
22.38      |14.41     |7.98      |    Fire   |0.9555   |0.9136   |0.9144   |0.9140   |


=== EPOCH 78/124 ===
Learning Rate = 0.0002621440000000001

TRAIN Stats
Total Loss |Smoke Loss|Fire Loss |    _______|Accuracy |Precision|Recall   |F1       |
-----------|----------|----------|    Smoke  |0.8442   |0.8666   |0.8063   |0.8353   |
28.71      |18.75     |9.96      |    Fire   |0.9418   |0.8990   |0.8867   |0.8928   |

VAL Stats
Total Loss |Smoke Loss|Fire Loss |    _______|Accuracy |Precision|Recall   |F1       |
-----------|----------|----------|    Smoke  |0.8848   |0.9042   |0.8507   |0.8766   |
22.59      |14.46     |8.14      |    Fire   |0.9548   |0.9264   |0.8964   |0.9112   |


=== EPOCH 79/124 ===
Learning Rate = 0.00020971520000000012

TRAIN Stats
Total Loss |Smoke Loss|Fire Loss |    _______|Accuracy |Precision|Recall   |F1       |
-----------|----------|----------|    Smoke  |0.8519   |0.8693   |0.8216   |0.8448   |
28.17      |18.17     |10.00     |    Fire   |0.9408   |0.9010   |0.8799   |0.8903   |

VAL Stats
Total Loss |Smoke Loss|Fire Loss |    _______|Accuracy |Precision|Recall   |F1       |
-----------|----------|----------|    Smoke  |0.8848   |0.9114   |0.8425   |0.8756   |
22.77      |14.29     |8.48      |    Fire   |0.9517   |0.9321   |0.8775   |0.9039   |


=== EPOCH 80/124 ===
Learning Rate = 0.00020971520000000012

TRAIN Stats
Total Loss |Smoke Loss|Fire Loss |    _______|Accuracy |Precision|Recall   |F1       |
-----------|----------|----------|    Smoke  |0.8508   |0.8717   |0.8159   |0.8429   |
27.76      |18.17     |9.59      |    Fire   |0.9437   |0.9042   |0.8880   |0.8960   |

VAL Stats
Total Loss |Smoke Loss|Fire Loss |    _______|Accuracy |Precision|Recall   |F1       |
-----------|----------|----------|    Smoke  |0.8895   |0.8971   |0.8701   |0.8834   |
22.30      |14.29     |8.02      |    Fire   |0.9538   |0.9071   |0.9153   |0.9112   |


=== EPOCH 81/124 ===
Learning Rate = 0.00020971520000000012

TRAIN Stats
Total Loss |Smoke Loss|Fire Loss |    _______|Accuracy |Precision|Recall   |F1       |
-----------|----------|----------|    Smoke  |0.8519   |0.8701   |0.8204   |0.8445   |
27.74      |17.91     |9.83      |    Fire   |0.9413   |0.9008   |0.8823   |0.8915   |

VAL Stats
Total Loss |Smoke Loss|Fire Loss |    _______|Accuracy |Precision|Recall   |F1       |
-----------|----------|----------|    Smoke  |0.8897   |0.9111   |0.8541   |0.8817   |
22.84      |14.33     |8.51      |    Fire   |0.9543   |0.9489   |0.8703   |0.9079   |


=== EPOCH 82/124 ===
Learning Rate = 0.0001677721600000001

TRAIN Stats
Total Loss |Smoke Loss|Fire Loss |    _______|Accuracy |Precision|Recall   |F1       |
-----------|----------|----------|    Smoke  |0.8526   |0.8695   |0.8227   |0.8455   |
27.56      |18.00     |9.57      |    Fire   |0.9434   |0.9054   |0.8854   |0.8953   |

VAL Stats
Total Loss |Smoke Loss|Fire Loss |    _______|Accuracy |Precision|Recall   |F1       |
-----------|----------|----------|    Smoke  |0.8913   |0.9227   |0.8449   |0.8821   |
22.35      |13.98     |8.37      |    Fire   |0.9559   |0.9493   |0.8766   |0.9115   |


=== EPOCH 83/124 ===
Learning Rate = 0.0001677721600000001

TRAIN Stats
Total Loss |Smoke Loss|Fire Loss |    _______|Accuracy |Precision|Recall   |F1       |
-----------|----------|----------|    Smoke  |0.8491   |0.8680   |0.8164   |0.8414   |
27.84      |18.11     |9.73      |    Fire   |0.9427   |0.9033   |0.8851   |0.8941   |

VAL Stats
Total Loss |Smoke Loss|Fire Loss |    _______|Accuracy |Precision|Recall   |F1       |
-----------|----------|----------|    Smoke  |0.8969   |0.9100   |0.8720   |0.8906   |
21.38      |13.65     |7.72      |    Fire   |0.9559   |0.9229   |0.9054   |0.9141   |


Saving model with new best validation loss: 21.375

=== EPOCH 84/124 ===
Learning Rate = 0.0001677721600000001

TRAIN Stats
Total Loss |Smoke Loss|Fire Loss |    _______|Accuracy |Precision|Recall   |F1       |
-----------|----------|----------|    Smoke  |0.8526   |0.8734   |0.8178   |0.8447   |
27.49      |18.01     |9.48      |    Fire   |0.9462   |0.9103   |0.8907   |0.9004   |

VAL Stats
Total Loss |Smoke Loss|Fire Loss |    _______|Accuracy |Precision|Recall   |F1       |
-----------|----------|----------|    Smoke  |0.8857   |0.9217   |0.8333   |0.8753   |
22.36      |14.09     |8.28      |    Fire   |0.9541   |0.9377   |0.8811   |0.9085   |


=== EPOCH 85/124 ===
Learning Rate = 0.0001677721600000001

TRAIN Stats
Total Loss |Smoke Loss|Fire Loss |    _______|Accuracy |Precision|Recall   |F1       |
-----------|----------|----------|    Smoke  |0.8531   |0.8709   |0.8223   |0.8459   |
27.43      |17.83     |9.60      |    Fire   |0.9451   |0.9091   |0.8880   |0.8984   |

VAL Stats
Total Loss |Smoke Loss|Fire Loss |    _______|Accuracy |Precision|Recall   |F1       |
-----------|----------|----------|    Smoke  |0.8960   |0.9183   |0.8604   |0.8884   |
22.09      |13.70     |8.39      |    Fire   |0.9489   |0.8831   |0.9252   |0.9037   |


=== EPOCH 86/124 ===
Learning Rate = 0.0001677721600000001

TRAIN Stats
Total Loss |Smoke Loss|Fire Loss |    _______|Accuracy |Precision|Recall   |F1       |
-----------|----------|----------|    Smoke  |0.8529   |0.8706   |0.8222   |0.8457   |
27.47      |17.98     |9.49      |    Fire   |0.9443   |0.9052   |0.8893   |0.8972   |

VAL Stats
Total Loss |Smoke Loss|Fire Loss |    _______|Accuracy |Precision|Recall   |F1       |
-----------|----------|----------|    Smoke  |0.8671   |0.9399   |0.7731   |0.8484   |
23.47      |15.51     |7.96      |    Fire   |0.9564   |0.9383   |0.8901   |0.9135   |


=== EPOCH 87/124 ===
Learning Rate = 0.00013421772800000008

TRAIN Stats
Total Loss |Smoke Loss|Fire Loss |    _______|Accuracy |Precision|Recall   |F1       |
-----------|----------|----------|    Smoke  |0.8533   |0.8733   |0.8197   |0.8456   |
26.98      |17.67     |9.31      |    Fire   |0.9466   |0.9099   |0.8931   |0.9014   |

VAL Stats
Total Loss |Smoke Loss|Fire Loss |    _______|Accuracy |Precision|Recall   |F1       |
-----------|----------|----------|    Smoke  |0.8927   |0.9134   |0.8585   |0.8851   |
21.40      |13.50     |7.90      |    Fire   |0.9559   |0.9190   |0.9099   |0.9144   |


=== EPOCH 88/124 ===
Learning Rate = 0.00013421772800000008

TRAIN Stats
Total Loss |Smoke Loss|Fire Loss |    _______|Accuracy |Precision|Recall   |F1       |
-----------|----------|----------|    Smoke  |0.8534   |0.8721   |0.8215   |0.8461   |
27.12      |17.58     |9.54      |    Fire   |0.9441   |0.9050   |0.8889   |0.8969   |

VAL Stats
Total Loss |Smoke Loss|Fire Loss |    _______|Accuracy |Precision|Recall   |F1       |
-----------|----------|----------|    Smoke  |0.8997   |0.8931   |0.8992   |0.8961   |
21.41      |13.61     |7.80      |    Fire   |0.9555   |0.9331   |0.8919   |0.9120   |


=== EPOCH 89/124 ===
Learning Rate = 0.00013421772800000008

TRAIN Stats
Total Loss |Smoke Loss|Fire Loss |    _______|Accuracy |Precision|Recall   |F1       |
-----------|----------|----------|    Smoke  |0.8555   |0.8738   |0.8243   |0.8483   |
26.83      |17.57     |9.26      |    Fire   |0.9454   |0.9061   |0.8927   |0.8994   |

VAL Stats
Total Loss |Smoke Loss|Fire Loss |    _______|Accuracy |Precision|Recall   |F1       |
-----------|----------|----------|    Smoke  |0.8976   |0.9130   |0.8701   |0.8910   |
21.05      |13.28     |7.77      |    Fire   |0.9564   |0.9176   |0.9135   |0.9156   |


Saving model with new best validation loss: 21.054

=== EPOCH 90/124 ===
Learning Rate = 0.00013421772800000008

TRAIN Stats
Total Loss |Smoke Loss|Fire Loss |    _______|Accuracy |Precision|Recall   |F1       |
-----------|----------|----------|    Smoke  |0.8588   |0.8762   |0.8292   |0.8520   |
26.73      |17.29     |9.43      |    Fire   |0.9442   |0.9044   |0.8900   |0.8971   |

VAL Stats
Total Loss |Smoke Loss|Fire Loss |    _______|Accuracy |Precision|Recall   |F1       |
-----------|----------|----------|    Smoke  |0.9014   |0.9059   |0.8871   |0.8964   |
20.99      |13.32     |7.66      |    Fire   |0.9573   |0.9312   |0.9018   |0.9162   |


Saving model with new best validation loss: 20.988

=== EPOCH 91/124 ===
Learning Rate = 0.00013421772800000008

TRAIN Stats
Total Loss |Smoke Loss|Fire Loss |    _______|Accuracy |Precision|Recall   |F1       |
-----------|----------|----------|    Smoke  |0.8583   |0.8794   |0.8241   |0.8509   |
26.63      |17.30     |9.33      |    Fire   |0.9455   |0.9085   |0.8901   |0.8992   |

VAL Stats
Total Loss |Smoke Loss|Fire Loss |    _______|Accuracy |Precision|Recall   |F1       |
-----------|----------|----------|    Smoke  |0.8967   |0.9150   |0.8657   |0.8897   |
21.18      |13.52     |7.67      |    Fire   |0.9576   |0.9211   |0.9144   |0.9177   |


=== EPOCH 92/124 ===
Learning Rate = 0.00013421772800000008

TRAIN Stats
Total Loss |Smoke Loss|Fire Loss |    _______|Accuracy |Precision|Recall   |F1       |
-----------|----------|----------|    Smoke  |0.8571   |0.8755   |0.8260   |0.8500   |
26.57      |17.36     |9.21      |    Fire   |0.9467   |0.9116   |0.8916   |0.9015   |

VAL Stats
Total Loss |Smoke Loss|Fire Loss |    _______|Accuracy |Precision|Recall   |F1       |
-----------|----------|----------|    Smoke  |0.9021   |0.8955   |0.9016   |0.8986   |
21.33      |13.36     |7.98      |    Fire   |0.9585   |0.9481   |0.8883   |0.9172   |


=== EPOCH 93/124 ===
Learning Rate = 0.00013421772800000008

TRAIN Stats
Total Loss |Smoke Loss|Fire Loss |    _______|Accuracy |Precision|Recall   |F1       |
-----------|----------|----------|    Smoke  |0.8531   |0.8697   |0.8239   |0.8462   |
27.16      |17.68     |9.48      |    Fire   |0.9448   |0.9072   |0.8889   |0.8979   |

VAL Stats
Total Loss |Smoke Loss|Fire Loss |    _______|Accuracy |Precision|Recall   |F1       |
-----------|----------|----------|    Smoke  |0.8981   |0.9165   |0.8672   |0.8912   |
20.93      |13.17     |7.77      |    Fire   |0.9557   |0.9299   |0.8964   |0.9128   |


Saving model with new best validation loss: 20.934

=== EPOCH 94/124 ===
Learning Rate = 0.00013421772800000008

TRAIN Stats
Total Loss |Smoke Loss|Fire Loss |    _______|Accuracy |Precision|Recall   |F1       |
-----------|----------|----------|    Smoke  |0.8579   |0.8752   |0.8282   |0.8511   |
26.57      |17.36     |9.21      |    Fire   |0.9475   |0.9099   |0.8969   |0.9034   |

VAL Stats
Total Loss |Smoke Loss|Fire Loss |    _______|Accuracy |Precision|Recall   |F1       |
-----------|----------|----------|    Smoke  |0.9011   |0.8838   |0.9147   |0.8990   |
21.30      |13.73     |7.57      |    Fire   |0.9571   |0.9217   |0.9117   |0.9167   |


=== EPOCH 95/124 ===
Learning Rate = 0.00013421772800000008

TRAIN Stats
Total Loss |Smoke Loss|Fire Loss |    _______|Accuracy |Precision|Recall   |F1       |
-----------|----------|----------|    Smoke  |0.8554   |0.8756   |0.8220   |0.8479   |
26.96      |17.56     |9.40      |    Fire   |0.9462   |0.9089   |0.8925   |0.9006   |

VAL Stats
Total Loss |Smoke Loss|Fire Loss |    _______|Accuracy |Precision|Recall   |F1       |
-----------|----------|----------|    Smoke  |0.9000   |0.9211   |0.8662   |0.8928   |
21.31      |13.14     |8.17      |    Fire   |0.9559   |0.9475   |0.8784   |0.9116   |


=== EPOCH 96/124 ===
Learning Rate = 0.00013421772800000008

TRAIN Stats
Total Loss |Smoke Loss|Fire Loss |    _______|Accuracy |Precision|Recall   |F1       |
-----------|----------|----------|    Smoke  |0.8590   |0.8763   |0.8295   |0.8523   |
26.66      |17.31     |9.35      |    Fire   |0.9453   |0.9068   |0.8914   |0.8990   |

VAL Stats
Total Loss |Smoke Loss|Fire Loss |    _______|Accuracy |Precision|Recall   |F1       |
-----------|----------|----------|    Smoke  |0.8941   |0.9179   |0.8565   |0.8862   |
21.22      |13.30     |7.92      |    Fire   |0.9545   |0.9328   |0.8883   |0.9100   |


=== EPOCH 97/124 ===
Learning Rate = 0.00010737418240000007

TRAIN Stats
Total Loss |Smoke Loss|Fire Loss |    _______|Accuracy |Precision|Recall   |F1       |
-----------|----------|----------|    Smoke  |0.8591   |0.8763   |0.8299   |0.8524   |
26.30      |17.26     |9.04      |    Fire   |0.9481   |0.9129   |0.8957   |0.9042   |

VAL Stats
Total Loss |Smoke Loss|Fire Loss |    _______|Accuracy |Precision|Recall   |F1       |
-----------|----------|----------|    Smoke  |0.8986   |0.9022   |0.8851   |0.8936   |
21.23      |13.38     |7.85      |    Fire   |0.9585   |0.9405   |0.8964   |0.9179   |


=== EPOCH 98/124 ===
Learning Rate = 0.00010737418240000007

TRAIN Stats
Total Loss |Smoke Loss|Fire Loss |    _______|Accuracy |Precision|Recall   |F1       |
-----------|----------|----------|    Smoke  |0.8575   |0.8775   |0.8246   |0.8502   |
26.58      |17.27     |9.31      |    Fire   |0.9458   |0.9088   |0.8912   |0.8999   |

VAL Stats
Total Loss |Smoke Loss|Fire Loss |    _______|Accuracy |Precision|Recall   |F1       |
-----------|----------|----------|    Smoke  |0.9062   |0.9057   |0.8987   |0.9022   |
20.97      |13.05     |7.92      |    Fire   |0.9562   |0.9276   |0.9009   |0.9141   |


Saving model with new best smoke precision: 0.906

=== EPOCH 99/124 ===
Learning Rate = 0.00010737418240000007

TRAIN Stats
Total Loss |Smoke Loss|Fire Loss |    _______|Accuracy |Precision|Recall   |F1       |
-----------|----------|----------|    Smoke  |0.8591   |0.8778   |0.8279   |0.8521   |
26.77      |17.39     |9.37      |    Fire   |0.9459   |0.9104   |0.8897   |0.9000   |

VAL Stats
Total Loss |Smoke Loss|Fire Loss |    _______|Accuracy |Precision|Recall   |F1       |
-----------|----------|----------|    Smoke  |0.8993   |0.8968   |0.8934   |0.8951   |
20.91      |13.17     |7.74      |    Fire   |0.9552   |0.9040   |0.9252   |0.9145   |


Saving model with new best validation loss: 20.909

=== EPOCH 100/124 ===
Learning Rate = 0.00010737418240000007

TRAIN Stats
Total Loss |Smoke Loss|Fire Loss |    _______|Accuracy |Precision|Recall   |F1       |
-----------|----------|----------|    Smoke  |0.8591   |0.8763   |0.8299   |0.8524   |
26.39      |17.14     |9.25      |    Fire   |0.9466   |0.9073   |0.8963   |0.9017   |

VAL Stats
Total Loss |Smoke Loss|Fire Loss |    _______|Accuracy |Precision|Recall   |F1       |
-----------|----------|----------|    Smoke  |0.8953   |0.9186   |0.8585   |0.8875   |
21.24      |13.41     |7.83      |    Fire   |0.9571   |0.9327   |0.8991   |0.9156   |


=== EPOCH 101/124 ===
Learning Rate = 0.00010737418240000007

TRAIN Stats
Total Loss |Smoke Loss|Fire Loss |    _______|Accuracy |Precision|Recall   |F1       |
-----------|----------|----------|    Smoke  |0.8603   |0.8800   |0.8280   |0.8532   |
26.63      |17.27     |9.36      |    Fire   |0.9455   |0.9106   |0.8878   |0.8991   |

VAL Stats
Total Loss |Smoke Loss|Fire Loss |    _______|Accuracy |Precision|Recall   |F1       |
-----------|----------|----------|    Smoke  |0.8988   |0.9132   |0.8725   |0.8924   |
20.53      |12.90     |7.63      |    Fire   |0.9585   |0.9339   |0.9036   |0.9185   |


Saving model with new best validation loss: 20.526

=== EPOCH 102/124 ===
Learning Rate = 0.00010737418240000007

TRAIN Stats
Total Loss |Smoke Loss|Fire Loss |    _______|Accuracy |Precision|Recall   |F1       |
-----------|----------|----------|    Smoke  |0.8625   |0.8768   |0.8372   |0.8565   |
26.51      |17.21     |9.30      |    Fire   |0.9453   |0.9075   |0.8907   |0.8990   |

VAL Stats
Total Loss |Smoke Loss|Fire Loss |    _______|Accuracy |Precision|Recall   |F1       |
-----------|----------|----------|    Smoke  |0.9009   |0.9174   |0.8725   |0.8944   |
20.84      |12.90     |7.94      |    Fire   |0.9573   |0.9496   |0.8820   |0.9145   |


=== EPOCH 103/124 ===
Learning Rate = 0.00010737418240000007

TRAIN Stats
Total Loss |Smoke Loss|Fire Loss |    _______|Accuracy |Precision|Recall   |F1       |
-----------|----------|----------|    Smoke  |0.8640   |0.8842   |0.8314   |0.8570   |
25.96      |16.73     |9.23      |    Fire   |0.9455   |0.9092   |0.8895   |0.8992   |

VAL Stats
Total Loss |Smoke Loss|Fire Loss |    _______|Accuracy |Precision|Recall   |F1       |
-----------|----------|----------|    Smoke  |0.9014   |0.9116   |0.8803   |0.8957   |
20.74      |13.04     |7.71      |    Fire   |0.9590   |0.9340   |0.9054   |0.9195   |


=== EPOCH 104/124 ===
Learning Rate = 0.00010737418240000007

TRAIN Stats
Total Loss |Smoke Loss|Fire Loss |    _______|Accuracy |Precision|Recall   |F1       |
-----------|----------|----------|    Smoke  |0.8622   |0.8803   |0.8321   |0.8555   |
26.15      |16.93     |9.22      |    Fire   |0.9459   |0.9090   |0.8914   |0.9001   |

VAL Stats
Total Loss |Smoke Loss|Fire Loss |    _______|Accuracy |Precision|Recall   |F1       |
-----------|----------|----------|    Smoke  |0.8974   |0.9117   |0.8711   |0.8909   |
20.92      |13.12     |7.80      |    Fire   |0.9562   |0.9229   |0.9063   |0.9145   |


=== EPOCH 105/124 ===
Learning Rate = 8.589934592000007e-05

TRAIN Stats
Total Loss |Smoke Loss|Fire Loss |    _______|Accuracy |Precision|Recall   |F1       |
-----------|----------|----------|    Smoke  |0.8619   |0.8788   |0.8332   |0.8554   |
26.29      |17.01     |9.28      |    Fire   |0.9452   |0.9071   |0.8905   |0.8987   |

VAL Stats
Total Loss |Smoke Loss|Fire Loss |    _______|Accuracy |Precision|Recall   |F1       |
-----------|----------|----------|    Smoke  |0.8955   |0.9109   |0.8677   |0.8888   |
21.20      |13.29     |7.91      |    Fire   |0.9583   |0.9396   |0.8964   |0.9175   |


=== EPOCH 106/124 ===
Learning Rate = 8.589934592000007e-05

TRAIN Stats
Total Loss |Smoke Loss|Fire Loss |    _______|Accuracy |Precision|Recall   |F1       |
-----------|----------|----------|    Smoke  |0.8612   |0.8766   |0.8345   |0.8550   |
26.21      |17.06     |9.15      |    Fire   |0.9467   |0.9098   |0.8935   |0.9016   |

VAL Stats
Total Loss |Smoke Loss|Fire Loss |    _______|Accuracy |Precision|Recall   |F1       |
-----------|----------|----------|    Smoke  |0.9021   |0.9013   |0.8943   |0.8978   |
20.58      |13.01     |7.57      |    Fire   |0.9587   |0.9268   |0.9126   |0.9197   |


=== EPOCH 107/124 ===
Learning Rate = 8.589934592000007e-05

TRAIN Stats
Total Loss |Smoke Loss|Fire Loss |    _______|Accuracy |Precision|Recall   |F1       |
-----------|----------|----------|    Smoke  |0.8616   |0.8785   |0.8330   |0.8551   |
26.20      |17.08     |9.12      |    Fire   |0.9470   |0.9107   |0.8935   |0.9020   |

VAL Stats
Total Loss |Smoke Loss|Fire Loss |    _______|Accuracy |Precision|Recall   |F1       |
-----------|----------|----------|    Smoke  |0.9021   |0.9021   |0.8934   |0.8977   |
20.63      |13.06     |7.57      |    Fire   |0.9566   |0.9215   |0.9099   |0.9157   |


=== EPOCH 108/124 ===
Learning Rate = 6.871947673600006e-05

TRAIN Stats
Total Loss |Smoke Loss|Fire Loss |    _______|Accuracy |Precision|Recall   |F1       |
-----------|----------|----------|    Smoke  |0.8636   |0.8813   |0.8340   |0.8570   |
26.03      |16.87     |9.16      |    Fire   |0.9469   |0.9116   |0.8922   |0.9018   |

VAL Stats
Total Loss |Smoke Loss|Fire Loss |    _______|Accuracy |Precision|Recall   |F1       |
-----------|----------|----------|    Smoke  |0.9051   |0.9079   |0.8934   |0.9006   |
20.55      |12.89     |7.66      |    Fire   |0.9578   |0.9305   |0.9045   |0.9173   |


Saving model with new best smoke precision: 0.908

=== EPOCH 109/124 ===
Learning Rate = 6.871947673600006e-05

TRAIN Stats
Total Loss |Smoke Loss|Fire Loss |    _______|Accuracy |Precision|Recall   |F1       |
-----------|----------|----------|    Smoke  |0.8637   |0.8823   |0.8331   |0.8570   |
25.23      |16.63     |8.61      |    Fire   |0.9497   |0.9167   |0.8976   |0.9070   |

VAL Stats
Total Loss |Smoke Loss|Fire Loss |    _______|Accuracy |Precision|Recall   |F1       |
-----------|----------|----------|    Smoke  |0.8955   |0.9173   |0.8604   |0.8879   |
20.64      |13.09     |7.55      |    Fire   |0.9592   |0.9357   |0.9045   |0.9198   |


=== EPOCH 110/124 ===
Learning Rate = 6.871947673600006e-05

TRAIN Stats
Total Loss |Smoke Loss|Fire Loss |    _______|Accuracy |Precision|Recall   |F1       |
-----------|----------|----------|    Smoke  |0.8657   |0.8809   |0.8396   |0.8597   |
25.39      |16.42     |8.97      |    Fire   |0.9464   |0.9104   |0.8918   |0.9010   |

VAL Stats
Total Loss |Smoke Loss|Fire Loss |    _______|Accuracy |Precision|Recall   |F1       |
-----------|----------|----------|    Smoke  |0.9069   |0.9094   |0.8958   |0.9026   |
20.45      |12.79     |7.66      |    Fire   |0.9573   |0.9296   |0.9036   |0.9164   |


Saving model with new best validation loss: 20.453

Saving model with new best smoke precision: 0.909

=== EPOCH 111/124 ===
Learning Rate = 6.871947673600006e-05

TRAIN Stats
Total Loss |Smoke Loss|Fire Loss |    _______|Accuracy |Precision|Recall   |F1       |
-----------|----------|----------|    Smoke  |0.8618   |0.8788   |0.8329   |0.8552   |
25.68      |16.89     |8.80      |    Fire   |0.9492   |0.9150   |0.8973   |0.9061   |

VAL Stats
Total Loss |Smoke Loss|Fire Loss |    _______|Accuracy |Precision|Recall   |F1       |
-----------|----------|----------|    Smoke  |0.9042   |0.9045   |0.8953   |0.8999   |
20.32      |12.77     |7.55      |    Fire   |0.9573   |0.9320   |0.9009   |0.9162   |


Saving model with new best validation loss: 20.321

=== EPOCH 112/124 ===
Learning Rate = 6.871947673600006e-05

TRAIN Stats
Total Loss |Smoke Loss|Fire Loss |    _______|Accuracy |Precision|Recall   |F1       |
-----------|----------|----------|    Smoke  |0.8659   |0.8850   |0.8350   |0.8592   |
25.58      |16.52     |9.06      |    Fire   |0.9476   |0.9140   |0.8922   |0.9029   |

VAL Stats
Total Loss |Smoke Loss|Fire Loss |    _______|Accuracy |Precision|Recall   |F1       |
-----------|----------|----------|    Smoke  |0.9028   |0.9127   |0.8822   |0.8972   |
20.68      |12.86     |7.82      |    Fire   |0.9599   |0.9458   |0.8964   |0.9204   |


=== EPOCH 113/124 ===
Learning Rate = 6.871947673600006e-05

TRAIN Stats
Total Loss |Smoke Loss|Fire Loss |    _______|Accuracy |Precision|Recall   |F1       |
-----------|----------|----------|    Smoke  |0.8649   |0.8828   |0.8353   |0.8584   |
25.94      |16.72     |9.22      |    Fire   |0.9451   |0.9086   |0.8887   |0.8985   |

VAL Stats
Total Loss |Smoke Loss|Fire Loss |    _______|Accuracy |Precision|Recall   |F1       |
-----------|----------|----------|    Smoke  |0.9028   |0.8945   |0.9045   |0.8995   |
20.58      |13.05     |7.53      |    Fire   |0.9592   |0.9231   |0.9189   |0.9210   |


=== EPOCH 114/124 ===
Learning Rate = 6.871947673600006e-05

TRAIN Stats
Total Loss |Smoke Loss|Fire Loss |    _______|Accuracy |Precision|Recall   |F1       |
-----------|----------|----------|    Smoke  |0.8649   |0.8826   |0.8357   |0.8585   |
25.70      |16.66     |9.04      |    Fire   |0.9470   |0.9087   |0.8963   |0.9024   |

VAL Stats
Total Loss |Smoke Loss|Fire Loss |    _______|Accuracy |Precision|Recall   |F1       |
-----------|----------|----------|    Smoke  |0.9090   |0.9063   |0.9045   |0.9054   |
20.58      |12.99     |7.60      |    Fire   |0.9592   |0.9285   |0.9126   |0.9205   |


=== EPOCH 115/124 ===
Learning Rate = 5.497558138880005e-05

TRAIN Stats
Total Loss |Smoke Loss|Fire Loss |    _______|Accuracy |Precision|Recall   |F1       |
-----------|----------|----------|    Smoke  |0.8683   |0.8850   |0.8406   |0.8622   |
25.15      |16.40     |8.76      |    Fire   |0.9481   |0.9143   |0.8937   |0.9039   |

VAL Stats
Total Loss |Smoke Loss|Fire Loss |    _______|Accuracy |Precision|Recall   |F1       |
-----------|----------|----------|    Smoke  |0.9060   |0.9150   |0.8871   |0.9008   |
20.32      |12.70     |7.63      |    Fire   |0.9571   |0.9141   |0.9207   |0.9174   |


Saving model with new best smoke precision: 0.915

=== EPOCH 116/124 ===
Learning Rate = 5.497558138880005e-05

TRAIN Stats
Total Loss |Smoke Loss|Fire Loss |    _______|Accuracy |Precision|Recall   |F1       |
-----------|----------|----------|    Smoke  |0.8672   |0.8835   |0.8399   |0.8612   |
25.53      |16.52     |9.01      |    Fire   |0.9473   |0.9098   |0.8961   |0.9029   |

VAL Stats
Total Loss |Smoke Loss|Fire Loss |    _______|Accuracy |Precision|Recall   |F1       |
-----------|----------|----------|    Smoke  |0.9002   |0.9182   |0.8701   |0.8935   |
20.69      |12.84     |7.85      |    Fire   |0.9597   |0.9466   |0.8946   |0.9199   |


=== EPOCH 117/124 ===
Learning Rate = 5.497558138880005e-05

TRAIN Stats
Total Loss |Smoke Loss|Fire Loss |    _______|Accuracy |Precision|Recall   |F1       |
-----------|----------|----------|    Smoke  |0.8666   |0.8829   |0.8394   |0.8606   |
25.39      |16.45     |8.94      |    Fire   |0.9483   |0.9130   |0.8963   |0.9046   |

VAL Stats
Total Loss |Smoke Loss|Fire Loss |    _______|Accuracy |Precision|Recall   |F1       |
-----------|----------|----------|    Smoke  |0.9016   |0.9138   |0.8783   |0.8957   |
20.59      |12.91     |7.68      |    Fire   |0.9585   |0.9315   |0.9063   |0.9187   |


=== EPOCH 118/124 ===
Learning Rate = 4.3980465111040044e-05

TRAIN Stats
Total Loss |Smoke Loss|Fire Loss |    _______|Accuracy |Precision|Recall   |F1       |
-----------|----------|----------|    Smoke  |0.8673   |0.8808   |0.8437   |0.8618   |
25.17      |16.53     |8.64      |    Fire   |0.9495   |0.9159   |0.8978   |0.9067   |

VAL Stats
Total Loss |Smoke Loss|Fire Loss |    _______|Accuracy |Precision|Recall   |F1       |
-----------|----------|----------|    Smoke  |0.9007   |0.9157   |0.8740   |0.8943   |
20.67      |12.97     |7.70      |    Fire   |0.9587   |0.9405   |0.8973   |0.9184   |


=== EPOCH 119/124 ===
Learning Rate = 4.3980465111040044e-05

TRAIN Stats
Total Loss |Smoke Loss|Fire Loss |    _______|Accuracy |Precision|Recall   |F1       |
-----------|----------|----------|    Smoke  |0.8683   |0.8843   |0.8414   |0.8623   |
25.44      |16.55     |8.89      |    Fire   |0.9485   |0.9137   |0.8961   |0.9048   |

VAL Stats
Total Loss |Smoke Loss|Fire Loss |    _______|Accuracy |Precision|Recall   |F1       |
-----------|----------|----------|    Smoke  |0.9058   |0.9113   |0.8909   |0.9010   |
20.39      |12.79     |7.60      |    Fire   |0.9578   |0.9242   |0.9117   |0.9179   |


=== EPOCH 120/124 ===
Learning Rate = 4.3980465111040044e-05

TRAIN Stats
Total Loss |Smoke Loss|Fire Loss |    _______|Accuracy |Precision|Recall   |F1       |
-----------|----------|----------|    Smoke  |0.8643   |0.8824   |0.8345   |0.8578   |
25.46      |16.60     |8.86      |    Fire   |0.9468   |0.9114   |0.8921   |0.9017   |

VAL Stats
Total Loss |Smoke Loss|Fire Loss |    _______|Accuracy |Precision|Recall   |F1       |
-----------|----------|----------|    Smoke  |0.8990   |0.9162   |0.8696   |0.8923   |
20.65      |13.01     |7.64      |    Fire   |0.9587   |0.9292   |0.9099   |0.9194   |


=== EPOCH 121/124 ===
Learning Rate = 3.5184372088832036e-05

TRAIN Stats
Total Loss |Smoke Loss|Fire Loss |    _______|Accuracy |Precision|Recall   |F1       |
-----------|----------|----------|    Smoke  |0.8654   |0.8849   |0.8338   |0.8586   |
25.52      |16.57     |8.94      |    Fire   |0.9470   |0.9095   |0.8952   |0.9023   |

VAL Stats
Total Loss |Smoke Loss|Fire Loss |    _______|Accuracy |Precision|Recall   |F1       |
-----------|----------|----------|    Smoke  |0.9037   |0.9044   |0.8943   |0.8993   |
20.44      |12.71     |7.73      |    Fire   |0.9576   |0.9345   |0.8991   |0.9164   |


=== EPOCH 122/124 ===
Learning Rate = 3.5184372088832036e-05

TRAIN Stats
Total Loss |Smoke Loss|Fire Loss |    _______|Accuracy |Precision|Recall   |F1       |
-----------|----------|----------|    Smoke  |0.8711   |0.8892   |0.8420   |0.8649   |
25.02      |16.27     |8.75      |    Fire   |0.9480   |0.9131   |0.8948   |0.9038   |

VAL Stats
Total Loss |Smoke Loss|Fire Loss |    _______|Accuracy |Precision|Recall   |F1       |
-----------|----------|----------|    Smoke  |0.9009   |0.9187   |0.8711   |0.8943   |
20.61      |12.72     |7.89      |    Fire   |0.9590   |0.9373   |0.9018   |0.9192   |


=== EPOCH 123/124 ===
Learning Rate = 3.5184372088832036e-05

TRAIN Stats
Total Loss |Smoke Loss|Fire Loss |    _______|Accuracy |Precision|Recall   |F1       |
-----------|----------|----------|    Smoke  |0.8684   |0.8830   |0.8435   |0.8628   |
25.18      |16.32     |8.87      |    Fire   |0.9499   |0.9189   |0.8956   |0.9071   |

VAL Stats
Total Loss |Smoke Loss|Fire Loss |    _______|Accuracy |Precision|Recall   |F1       |
-----------|----------|----------|    Smoke  |0.8941   |0.9205   |0.8536   |0.8858   |
20.91      |13.08     |7.83      |    Fire   |0.9566   |0.9318   |0.8982   |0.9147   |


=== EPOCH 124/124 ===
Learning Rate = 2.814749767106563e-05

TRAIN Stats
Total Loss |Smoke Loss|Fire Loss |    _______|Accuracy |Precision|Recall   |F1       |
-----------|----------|----------|    Smoke  |0.8671   |0.8825   |0.8409   |0.8612   |
25.21      |16.43     |8.78      |    Fire   |0.9471   |0.9080   |0.8974   |0.9026   |

VAL Stats
Total Loss |Smoke Loss|Fire Loss |    _______|Accuracy |Precision|Recall   |F1       |
-----------|----------|----------|    Smoke  |0.9014   |0.9197   |0.8711   |0.8947   |
20.50      |12.73     |7.77      |    Fire   |0.9573   |0.9336   |0.8991   |0.9160   |

Saving last model

***Script finished: 19:39:24

Time elapsed: 0:48:44.766140
