BED Classifier XS Tiny. 255 Normalization. Weighted for Precision.
DFire Removed wrong images: 0
DFire empty images: 31
DFire only smoke images: 17
DFire only fire images: 2
DFire smoke and fire images: 14

TRAIN DFIRE dataset
DFire Removed wrong images: 0
DFire empty images: 7833
DFire only smoke images: 4681
DFire only fire images: 944
DFire smoke and fire images: 3763
Train dataset len: 17221

TEST DFire dataset
DFire Removed wrong images: 0
DFire empty images: 2005
DFire only smoke images: 1186
DFire only fire images: 220
DFire smoke and fire images: 895
Test dataset len: 4306
Using BED Classifier
Model shape is tensor([[-0.0276, -0.3064],
        [ 0.0101, -0.3364],
        [-0.0943, -0.3105],
        [ 0.0306, -0.3534]], device='cuda:0', grad_fn=<CatBackward0>)
BED Model Arquitecture
BED_CLASSIFIER(
  (model): Sequential(
    (0): Conv2d(3, 64, kernel_size=(3, 3), stride=(1, 1), padding=(1, 1), bias=False)
    (1): BatchNorm2d(64, eps=1e-05, momentum=0.1, affine=False, track_running_stats=True)
    (2): ReLU()
    (3): Dropout2d(p=0.3, inplace=False)
    (4): MaxPool2d(kernel_size=2, stride=2, padding=0, dilation=1, ceil_mode=False)
    (5): Conv2d(64, 24, kernel_size=(3, 3), stride=(1, 1), padding=(1, 1), bias=False)
    (6): BatchNorm2d(24, eps=1e-05, momentum=0.1, affine=False, track_running_stats=True)
    (7): ReLU()
    (8): Dropout2d(p=0.3, inplace=False)
    (9): MaxPool2d(kernel_size=2, stride=2, padding=0, dilation=1, ceil_mode=False)
    (10): Conv2d(24, 16, kernel_size=(1, 1), stride=(1, 1), bias=False)
    (11): BatchNorm2d(16, eps=1e-05, momentum=0.1, affine=False, track_running_stats=True)
    (12): ReLU()
    (13): Conv2d(16, 32, kernel_size=(3, 3), stride=(1, 1), padding=(1, 1), bias=False)
    (14): BatchNorm2d(32, eps=1e-05, momentum=0.1, affine=False, track_running_stats=True)
    (15): ReLU()
    (16): Conv2d(32, 32, kernel_size=(1, 1), stride=(1, 1), bias=False)
    (17): BatchNorm2d(32, eps=1e-05, momentum=0.1, affine=False, track_running_stats=True)
    (18): ReLU()
    (19): Conv2d(32, 64, kernel_size=(3, 3), stride=(1, 1), padding=(1, 1), bias=False)
    (20): BatchNorm2d(64, eps=1e-05, momentum=0.1, affine=False, track_running_stats=True)
    (21): ReLU()
    (22): MaxPool2d(kernel_size=2, stride=2, padding=0, dilation=1, ceil_mode=False)
    (23): Conv2d(64, 32, kernel_size=(1, 1), stride=(1, 1), bias=False)
    (24): BatchNorm2d(32, eps=1e-05, momentum=0.1, affine=False, track_running_stats=True)
    (25): ReLU()
    (26): Conv2d(32, 64, kernel_size=(3, 3), stride=(1, 1), padding=(1, 1), bias=False)
    (27): BatchNorm2d(64, eps=1e-05, momentum=0.1, affine=False, track_running_stats=True)
    (28): ReLU()
    (29): Conv2d(64, 32, kernel_size=(1, 1), stride=(1, 1), bias=False)
    (30): BatchNorm2d(32, eps=1e-05, momentum=0.1, affine=False, track_running_stats=True)
    (31): ReLU()
    (32): Conv2d(32, 64, kernel_size=(3, 3), stride=(1, 1), padding=(1, 1), bias=False)
    (33): BatchNorm2d(64, eps=1e-05, momentum=0.1, affine=False, track_running_stats=True)
    (34): ReLU()
    (35): Conv2d(64, 32, kernel_size=(1, 1), stride=(1, 1), bias=False)
    (36): BatchNorm2d(32, eps=1e-05, momentum=0.1, affine=False, track_running_stats=True)
    (37): ReLU()
    (38): Conv2d(32, 64, kernel_size=(3, 3), stride=(1, 1), padding=(1, 1), bias=False)
    (39): BatchNorm2d(64, eps=1e-05, momentum=0.1, affine=False, track_running_stats=True)
    (40): ReLU()
  )
  (pool): AdaptiveAvgPool2d(output_size=(1, 1))
  (smoke): Sequential(
    (0): Dropout(p=0.2, inplace=False)
    (1): Linear(in_features=64, out_features=16, bias=True)
    (2): ReLU()
    (3): Linear(in_features=16, out_features=1, bias=True)
  )
  (fire): Sequential(
    (0): Dropout(p=0.2, inplace=False)
    (1): Linear(in_features=64, out_features=16, bias=True)
    (2): ReLU()
    (3): Linear(in_features=16, out_features=1, bias=True)
  )
)

Trainable parameters = 103554
Total parameters = 103554

Starting script

Device: cuda
Learning Rate: 0.001
Weight Decay: 0.0001
Batch Size: 64
IMG DIMS: (224, 224)
W: 224
H: 224
Loss Function: BCE
Smoke Precision Weight: 0.7

***Start Training: 13:44:27

Initializing Weights

=== EPOCH 0/74 ===
Learning Rate = 0.001

TRAIN losses
Total Loss  |Smoke Loss  |Fire Loss   
------------ ------------ ------------
67.656      |36.641      |31.016      


VAL losses
Total Loss  |Smoke Loss  |Fire Loss   
------------ ------------ ------------
61.378      |36.190      |25.189      

VAL Metrics
SMOKE -> Precision: 0.000 - Recall: 0.000 - Accuracy: 0.519 - F1: 0.000
FIRE -> Precision: 0.763 - Recall: 0.477 - Accuracy: 0.826 - F1: 0.587

Saving model with new best validation loss: 61.378

=== EPOCH 1/74 ===
Learning Rate = 0.001

TRAIN losses
Total Loss  |Smoke Loss  |Fire Loss   
------------ ------------ ------------
62.285      |35.927      |26.358      


VAL losses
Total Loss  |Smoke Loss  |Fire Loss   
------------ ------------ ------------
58.511      |35.265      |23.246      

VAL Metrics
SMOKE -> Precision: 0.000 - Recall: 0.000 - Accuracy: 0.519 - F1: 0.000
FIRE -> Precision: 0.771 - Recall: 0.603 - Accuracy: 0.851 - F1: 0.676

Saving model with new best validation loss: 58.511

=== EPOCH 2/74 ===
Learning Rate = 0.001

TRAIN losses
Total Loss  |Smoke Loss  |Fire Loss   
------------ ------------ ------------
59.635      |35.077      |24.558      


VAL losses
Total Loss  |Smoke Loss  |Fire Loss   
------------ ------------ ------------
55.591      |34.174      |21.416      

VAL Metrics
SMOKE -> Precision: 0.760 - Recall: 0.152 - Accuracy: 0.569 - F1: 0.254
FIRE -> Precision: 0.750 - Recall: 0.661 - Accuracy: 0.855 - F1: 0.703

Saving model with new best validation loss: 55.591

=== EPOCH 3/74 ===
Learning Rate = 0.001

TRAIN losses
Total Loss  |Smoke Loss  |Fire Loss   
------------ ------------ ------------
57.555      |34.245      |23.310      


VAL losses
Total Loss  |Smoke Loss  |Fire Loss   
------------ ------------ ------------
54.459      |33.994      |20.465      

VAL Metrics
SMOKE -> Precision: 0.675 - Recall: 0.385 - Accuracy: 0.615 - F1: 0.490
FIRE -> Precision: 0.798 - Recall: 0.669 - Accuracy: 0.871 - F1: 0.728

Saving model with new best validation loss: 54.459

=== EPOCH 4/74 ===
Learning Rate = 0.001

TRAIN losses
Total Loss  |Smoke Loss  |Fire Loss   
------------ ------------ ------------
55.713      |33.521      |22.192      


VAL losses
Total Loss  |Smoke Loss  |Fire Loss   
------------ ------------ ------------
51.111      |31.998      |19.113      

VAL Metrics
SMOKE -> Precision: 0.764 - Recall: 0.495 - Accuracy: 0.684 - F1: 0.601
FIRE -> Precision: 0.788 - Recall: 0.715 - Accuracy: 0.876 - F1: 0.750

Saving model with new best validation loss: 51.111

=== EPOCH 5/74 ===
Learning Rate = 0.001

TRAIN losses
Total Loss  |Smoke Loss  |Fire Loss   
------------ ------------ ------------
54.112      |32.886      |21.226      


VAL losses
Total Loss  |Smoke Loss  |Fire Loss   
------------ ------------ ------------
50.464      |31.189      |19.274      

VAL Metrics
SMOKE -> Precision: 0.809 - Recall: 0.408 - Accuracy: 0.669 - F1: 0.542
FIRE -> Precision: 0.796 - Recall: 0.673 - Accuracy: 0.871 - F1: 0.729

Saving model with new best validation loss: 50.464

=== EPOCH 6/74 ===
Learning Rate = 0.001

TRAIN losses
Total Loss  |Smoke Loss  |Fire Loss   
------------ ------------ ------------
52.415      |32.079      |20.336      


VAL losses
Total Loss  |Smoke Loss  |Fire Loss   
------------ ------------ ------------
47.677      |30.172      |17.505      

VAL Metrics
SMOKE -> Precision: 0.829 - Recall: 0.435 - Accuracy: 0.685 - F1: 0.571
FIRE -> Precision: 0.827 - Recall: 0.742 - Accuracy: 0.893 - F1: 0.783

Saving model with new best validation loss: 47.677

=== EPOCH 7/74 ===
Learning Rate = 0.001

TRAIN losses
Total Loss  |Smoke Loss  |Fire Loss   
------------ ------------ ------------
50.873      |31.452      |19.421      


VAL losses
Total Loss  |Smoke Loss  |Fire Loss   
------------ ------------ ------------
45.695      |29.257      |16.438      

VAL Metrics
SMOKE -> Precision: 0.793 - Recall: 0.495 - Accuracy: 0.695 - F1: 0.610
FIRE -> Precision: 0.805 - Recall: 0.804 - Accuracy: 0.899 - F1: 0.804

Saving model with new best validation loss: 45.695

=== EPOCH 8/74 ===
Learning Rate = 0.001

TRAIN losses
Total Loss  |Smoke Loss  |Fire Loss   
------------ ------------ ------------
49.375      |30.803      |18.572      


VAL losses
Total Loss  |Smoke Loss  |Fire Loss   
------------ ------------ ------------
44.017      |27.969      |16.048      

VAL Metrics
SMOKE -> Precision: 0.830 - Recall: 0.460 - Accuracy: 0.695 - F1: 0.592
FIRE -> Precision: 0.827 - Recall: 0.784 - Accuracy: 0.902 - F1: 0.805

Saving model with new best validation loss: 44.017

=== EPOCH 9/74 ===
Learning Rate = 0.001

TRAIN losses
Total Loss  |Smoke Loss  |Fire Loss   
------------ ------------ ------------
47.934      |30.175      |17.759      


VAL losses
Total Loss  |Smoke Loss  |Fire Loss   
------------ ------------ ------------
43.935      |28.329      |15.606      

VAL Metrics
SMOKE -> Precision: 0.750 - Recall: 0.759 - Accuracy: 0.762 - F1: 0.754
FIRE -> Precision: 0.818 - Recall: 0.840 - Accuracy: 0.910 - F1: 0.829

Saving model with new best validation loss: 43.935

=== EPOCH 10/74 ===
Learning Rate = 0.001

TRAIN losses
Total Loss  |Smoke Loss  |Fire Loss   
------------ ------------ ------------
46.796      |29.618      |17.178      


VAL losses
Total Loss  |Smoke Loss  |Fire Loss   
------------ ------------ ------------
41.521      |26.402      |15.119      

VAL Metrics
SMOKE -> Precision: 0.848 - Recall: 0.539 - Accuracy: 0.732 - F1: 0.659
FIRE -> Precision: 0.876 - Recall: 0.783 - Accuracy: 0.915 - F1: 0.827

Saving model with new best validation loss: 41.521

=== EPOCH 11/74 ===
Learning Rate = 0.001

TRAIN losses
Total Loss  |Smoke Loss  |Fire Loss   
------------ ------------ ------------
45.794      |28.935      |16.858      


VAL losses
Total Loss  |Smoke Loss  |Fire Loss   
------------ ------------ ------------
41.050      |26.184      |14.866      

VAL Metrics
SMOKE -> Precision: 0.794 - Recall: 0.704 - Accuracy: 0.770 - F1: 0.746
FIRE -> Precision: 0.865 - Recall: 0.771 - Accuracy: 0.910 - F1: 0.815

Saving model with new best validation loss: 41.050

=== EPOCH 12/74 ===
Learning Rate = 0.001

TRAIN losses
Total Loss  |Smoke Loss  |Fire Loss   
------------ ------------ ------------
45.237      |28.680      |16.557      


VAL losses
Total Loss  |Smoke Loss  |Fire Loss   
------------ ------------ ------------
39.832      |25.923      |13.909      

VAL Metrics
SMOKE -> Precision: 0.788 - Recall: 0.757 - Accuracy: 0.785 - F1: 0.772
FIRE -> Precision: 0.890 - Recall: 0.795 - Accuracy: 0.922 - F1: 0.840

Saving model with new best validation loss: 39.832

=== EPOCH 13/74 ===
Learning Rate = 0.001

TRAIN losses
Total Loss  |Smoke Loss  |Fire Loss   
------------ ------------ ------------
44.604      |28.430      |16.174      


VAL losses
Total Loss  |Smoke Loss  |Fire Loss   
------------ ------------ ------------
37.979      |24.746      |13.233      

VAL Metrics
SMOKE -> Precision: 0.789 - Recall: 0.768 - Accuracy: 0.790 - F1: 0.779
FIRE -> Precision: 0.864 - Recall: 0.845 - Accuracy: 0.925 - F1: 0.854

Saving model with new best validation loss: 37.979

=== EPOCH 14/74 ===
Learning Rate = 0.001

TRAIN losses
Total Loss  |Smoke Loss  |Fire Loss   
------------ ------------ ------------
43.495      |27.827      |15.668      


VAL losses
Total Loss  |Smoke Loss  |Fire Loss   
------------ ------------ ------------
38.150      |24.832      |13.318      

VAL Metrics
SMOKE -> Precision: 0.840 - Recall: 0.615 - Accuracy: 0.758 - F1: 0.710
FIRE -> Precision: 0.866 - Recall: 0.831 - Accuracy: 0.923 - F1: 0.848

=== EPOCH 15/74 ===
Learning Rate = 0.001

TRAIN losses
Total Loss  |Smoke Loss  |Fire Loss   
------------ ------------ ------------
43.221      |27.579      |15.641      


VAL losses
Total Loss  |Smoke Loss  |Fire Loss   
------------ ------------ ------------
38.469      |25.347      |13.122      

VAL Metrics
SMOKE -> Precision: 0.763 - Recall: 0.840 - Accuracy: 0.797 - F1: 0.800
FIRE -> Precision: 0.906 - Recall: 0.805 - Accuracy: 0.928 - F1: 0.852

=== EPOCH 16/74 ===
Learning Rate = 0.001

TRAIN losses
Total Loss  |Smoke Loss  |Fire Loss   
------------ ------------ ------------
42.619      |27.279      |15.341      


VAL losses
Total Loss  |Smoke Loss  |Fire Loss   
------------ ------------ ------------
35.408      |23.287      |12.121      

VAL Metrics
SMOKE -> Precision: 0.816 - Recall: 0.769 - Accuracy: 0.806 - F1: 0.792
FIRE -> Precision: 0.893 - Recall: 0.829 - Accuracy: 0.930 - F1: 0.860

Saving model with new best validation loss: 35.408

=== EPOCH 17/74 ===
Learning Rate = 0.001

TRAIN losses
Total Loss  |Smoke Loss  |Fire Loss   
------------ ------------ ------------
41.709      |26.830      |14.879      


VAL losses
Total Loss  |Smoke Loss  |Fire Loss   
------------ ------------ ------------
37.129      |24.267      |12.863      

VAL Metrics
SMOKE -> Precision: 0.783 - Recall: 0.803 - Accuracy: 0.798 - F1: 0.793
FIRE -> Precision: 0.906 - Recall: 0.799 - Accuracy: 0.927 - F1: 0.849

=== EPOCH 18/74 ===
Learning Rate = 0.001

TRAIN losses
Total Loss  |Smoke Loss  |Fire Loss   
------------ ------------ ------------
41.628      |26.575      |15.053      


VAL losses
Total Loss  |Smoke Loss  |Fire Loss   
------------ ------------ ------------
36.049      |24.281      |11.768      

VAL Metrics
SMOKE -> Precision: 0.878 - Recall: 0.556 - Accuracy: 0.749 - F1: 0.681
FIRE -> Precision: 0.888 - Recall: 0.856 - Accuracy: 0.935 - F1: 0.872

=== EPOCH 19/74 ===
Learning Rate = 0.001

TRAIN losses
Total Loss  |Smoke Loss  |Fire Loss   
------------ ------------ ------------
40.761      |26.332      |14.429      


VAL losses
Total Loss  |Smoke Loss  |Fire Loss   
------------ ------------ ------------
35.192      |22.662      |12.530      

VAL Metrics
SMOKE -> Precision: 0.808 - Recall: 0.810 - Accuracy: 0.816 - F1: 0.809
FIRE -> Precision: 0.841 - Recall: 0.877 - Accuracy: 0.925 - F1: 0.859

Saving model with new best validation loss: 35.192

=== EPOCH 20/74 ===
Learning Rate = 0.001

TRAIN losses
Total Loss  |Smoke Loss  |Fire Loss   
------------ ------------ ------------
40.160      |25.759      |14.401      


VAL losses
Total Loss  |Smoke Loss  |Fire Loss   
------------ ------------ ------------
33.631      |21.735      |11.897      

VAL Metrics
SMOKE -> Precision: 0.840 - Recall: 0.782 - Accuracy: 0.824 - F1: 0.810
FIRE -> Precision: 0.909 - Recall: 0.822 - Accuracy: 0.933 - F1: 0.863

Saving model with new best validation loss: 33.631

=== EPOCH 21/74 ===
Learning Rate = 0.001

TRAIN losses
Total Loss  |Smoke Loss  |Fire Loss   
------------ ------------ ------------
39.887      |25.845      |14.042      


VAL losses
Total Loss  |Smoke Loss  |Fire Loss   
------------ ------------ ------------
34.020      |22.149      |11.871      

VAL Metrics
SMOKE -> Precision: 0.850 - Recall: 0.707 - Accuracy: 0.799 - F1: 0.772
FIRE -> Precision: 0.912 - Recall: 0.833 - Accuracy: 0.936 - F1: 0.871

=== EPOCH 22/74 ===
Learning Rate = 0.001

TRAIN losses
Total Loss  |Smoke Loss  |Fire Loss   
------------ ------------ ------------
39.410      |25.683      |13.728      


VAL losses
Total Loss  |Smoke Loss  |Fire Loss   
------------ ------------ ------------
33.512      |21.456      |12.056      

VAL Metrics
SMOKE -> Precision: 0.830 - Recall: 0.774 - Accuracy: 0.815 - F1: 0.801
FIRE -> Precision: 0.810 - Recall: 0.932 - Accuracy: 0.926 - F1: 0.867

Saving model with new best validation loss: 33.512

=== EPOCH 23/74 ===
Learning Rate = 0.001

TRAIN losses
Total Loss  |Smoke Loss  |Fire Loss   
------------ ------------ ------------
39.643      |25.617      |14.026      


VAL losses
Total Loss  |Smoke Loss  |Fire Loss   
------------ ------------ ------------
33.535      |22.177      |11.358      

VAL Metrics
SMOKE -> Precision: 0.804 - Recall: 0.841 - Accuracy: 0.825 - F1: 0.822
FIRE -> Precision: 0.855 - Recall: 0.905 - Accuracy: 0.936 - F1: 0.879

=== EPOCH 24/74 ===
Learning Rate = 0.001

TRAIN losses
Total Loss  |Smoke Loss  |Fire Loss   
------------ ------------ ------------
38.772      |25.368      |13.403      


VAL losses
Total Loss  |Smoke Loss  |Fire Loss   
------------ ------------ ------------
32.812      |21.861      |10.951      

VAL Metrics
SMOKE -> Precision: 0.858 - Recall: 0.744 - Accuracy: 0.817 - F1: 0.797
FIRE -> Precision: 0.909 - Recall: 0.848 - Accuracy: 0.939 - F1: 0.877

Saving model with new best validation loss: 32.812

=== EPOCH 25/74 ===
Learning Rate = 0.001

TRAIN losses
Total Loss  |Smoke Loss  |Fire Loss   
------------ ------------ ------------
38.314      |24.939      |13.375      


VAL losses
Total Loss  |Smoke Loss  |Fire Loss   
------------ ------------ ------------
32.484      |21.316      |11.168      

VAL Metrics
SMOKE -> Precision: 0.828 - Recall: 0.810 - Accuracy: 0.828 - F1: 0.819
FIRE -> Precision: 0.842 - Recall: 0.924 - Accuracy: 0.935 - F1: 0.881

Saving model with new best validation loss: 32.484

=== EPOCH 26/74 ===
Learning Rate = 0.001

TRAIN losses
Total Loss  |Smoke Loss  |Fire Loss   
------------ ------------ ------------
37.858      |24.768      |13.090      


VAL losses
Total Loss  |Smoke Loss  |Fire Loss   
------------ ------------ ------------
31.545      |21.254      |10.291      

VAL Metrics
SMOKE -> Precision: 0.817 - Recall: 0.848 - Accuracy: 0.835 - F1: 0.832
FIRE -> Precision: 0.921 - Recall: 0.856 - Accuracy: 0.944 - F1: 0.887

Saving model with new best validation loss: 31.545

=== EPOCH 27/74 ===
Learning Rate = 0.001

TRAIN losses
Total Loss  |Smoke Loss  |Fire Loss   
------------ ------------ ------------
36.599      |23.834      |12.766      


VAL losses
Total Loss  |Smoke Loss  |Fire Loss   
------------ ------------ ------------
30.377      |20.238      |10.139      

VAL Metrics
SMOKE -> Precision: 0.860 - Recall: 0.793 - Accuracy: 0.838 - F1: 0.825
FIRE -> Precision: 0.879 - Recall: 0.900 - Accuracy: 0.942 - F1: 0.890

Saving model with new best validation loss: 30.377

=== EPOCH 28/74 ===
Learning Rate = 0.001

TRAIN losses
Total Loss  |Smoke Loss  |Fire Loss   
------------ ------------ ------------
36.931      |24.293      |12.638      


VAL losses
Total Loss  |Smoke Loss  |Fire Loss   
------------ ------------ ------------
32.728      |20.940      |11.788      

VAL Metrics
SMOKE -> Precision: 0.870 - Recall: 0.694 - Accuracy: 0.803 - F1: 0.772
FIRE -> Precision: 0.951 - Recall: 0.775 - Accuracy: 0.931 - F1: 0.854

=== EPOCH 29/74 ===
Learning Rate = 0.001

TRAIN losses
Total Loss  |Smoke Loss  |Fire Loss   
------------ ------------ ------------
37.037      |24.220      |12.817      


VAL losses
Total Loss  |Smoke Loss  |Fire Loss   
------------ ------------ ------------
30.890      |20.984      |9.906       

VAL Metrics
SMOKE -> Precision: 0.870 - Recall: 0.709 - Accuracy: 0.809 - F1: 0.781
FIRE -> Precision: 0.879 - Recall: 0.919 - Accuracy: 0.946 - F1: 0.899

=== EPOCH 30/74 ===
Learning Rate = 0.001

TRAIN losses
Total Loss  |Smoke Loss  |Fire Loss   
------------ ------------ ------------
36.402      |23.773      |12.629      


VAL losses
Total Loss  |Smoke Loss  |Fire Loss   
------------ ------------ ------------
29.711      |20.185      |9.526       

VAL Metrics
SMOKE -> Precision: 0.850 - Recall: 0.784 - Accuracy: 0.830 - F1: 0.816
FIRE -> Precision: 0.891 - Recall: 0.909 - Accuracy: 0.948 - F1: 0.900

Saving model with new best validation loss: 29.711

=== EPOCH 31/74 ===
Learning Rate = 0.001

TRAIN losses
Total Loss  |Smoke Loss  |Fire Loss   
------------ ------------ ------------
36.354      |23.835      |12.519      


VAL losses
Total Loss  |Smoke Loss  |Fire Loss   
------------ ------------ ------------
28.623      |19.699      |8.923       

VAL Metrics
SMOKE -> Precision: 0.883 - Recall: 0.736 - Accuracy: 0.826 - F1: 0.803
FIRE -> Precision: 0.925 - Recall: 0.873 - Accuracy: 0.949 - F1: 0.898

Saving model with new best validation loss: 28.623

=== EPOCH 32/74 ===
Learning Rate = 0.001

TRAIN losses
Total Loss  |Smoke Loss  |Fire Loss   
------------ ------------ ------------
36.066      |23.910      |12.156      


VAL losses
Total Loss  |Smoke Loss  |Fire Loss   
------------ ------------ ------------
29.113      |19.281      |9.832       

VAL Metrics
SMOKE -> Precision: 0.870 - Recall: 0.778 - Accuracy: 0.837 - F1: 0.821
FIRE -> Precision: 0.942 - Recall: 0.833 - Accuracy: 0.944 - F1: 0.884

=== EPOCH 33/74 ===
Learning Rate = 0.001

TRAIN losses
Total Loss  |Smoke Loss  |Fire Loss   
------------ ------------ ------------
35.324      |23.252      |12.073      


VAL losses
Total Loss  |Smoke Loss  |Fire Loss   
------------ ------------ ------------
29.999      |20.755      |9.244       

VAL Metrics
SMOKE -> Precision: 0.867 - Recall: 0.749 - Accuracy: 0.824 - F1: 0.803
FIRE -> Precision: 0.920 - Recall: 0.879 - Accuracy: 0.949 - F1: 0.899

=== EPOCH 34/74 ===
Learning Rate = 0.001

TRAIN losses
Total Loss  |Smoke Loss  |Fire Loss   
------------ ------------ ------------
35.392      |23.437      |11.955      


VAL losses
Total Loss  |Smoke Loss  |Fire Loss   
------------ ------------ ------------
29.206      |18.953      |10.254      

VAL Metrics
SMOKE -> Precision: 0.850 - Recall: 0.827 - Accuracy: 0.847 - F1: 0.838
FIRE -> Precision: 0.940 - Recall: 0.836 - Accuracy: 0.944 - F1: 0.885

=== EPOCH 35/74 ===
Learning Rate = 0.0008

TRAIN losses
Total Loss  |Smoke Loss  |Fire Loss   
------------ ------------ ------------
34.535      |22.645      |11.890      


VAL losses
Total Loss  |Smoke Loss  |Fire Loss   
------------ ------------ ------------
28.004      |18.864      |9.140       

VAL Metrics
SMOKE -> Precision: 0.841 - Recall: 0.872 - Accuracy: 0.859 - F1: 0.856
FIRE -> Precision: 0.933 - Recall: 0.877 - Accuracy: 0.952 - F1: 0.904

Saving model with new best validation loss: 28.004

=== EPOCH 36/74 ===
Learning Rate = 0.0008

TRAIN losses
Total Loss  |Smoke Loss  |Fire Loss   
------------ ------------ ------------
33.872      |22.581      |11.291      


VAL losses
Total Loss  |Smoke Loss  |Fire Loss   
------------ ------------ ------------
27.463      |18.337      |9.125       

VAL Metrics
SMOKE -> Precision: 0.885 - Recall: 0.779 - Accuracy: 0.845 - F1: 0.829
FIRE -> Precision: 0.895 - Recall: 0.918 - Accuracy: 0.951 - F1: 0.906

Saving model with new best validation loss: 27.463

=== EPOCH 37/74 ===
Learning Rate = 0.0008

TRAIN losses
Total Loss  |Smoke Loss  |Fire Loss   
------------ ------------ ------------
33.681      |22.218      |11.463      


VAL losses
Total Loss  |Smoke Loss  |Fire Loss   
------------ ------------ ------------
28.347      |18.822      |9.525       

VAL Metrics
SMOKE -> Precision: 0.867 - Recall: 0.790 - Accuracy: 0.841 - F1: 0.827
FIRE -> Precision: 0.947 - Recall: 0.852 - Accuracy: 0.949 - F1: 0.897

=== EPOCH 38/74 ===
Learning Rate = 0.0008

TRAIN losses
Total Loss  |Smoke Loss  |Fire Loss   
------------ ------------ ------------
33.985      |22.424      |11.561      


VAL losses
Total Loss  |Smoke Loss  |Fire Loss   
------------ ------------ ------------
27.330      |18.257      |9.074       

VAL Metrics
SMOKE -> Precision: 0.858 - Recall: 0.843 - Accuracy: 0.857 - F1: 0.850
FIRE -> Precision: 0.878 - Recall: 0.931 - Accuracy: 0.949 - F1: 0.904

Saving model with new best validation loss: 27.330

=== EPOCH 39/74 ===
Learning Rate = 0.0008

TRAIN losses
Total Loss  |Smoke Loss  |Fire Loss   
------------ ------------ ------------
33.054      |22.011      |11.043      


VAL losses
Total Loss  |Smoke Loss  |Fire Loss   
------------ ------------ ------------
26.892      |18.022      |8.871       

VAL Metrics
SMOKE -> Precision: 0.878 - Recall: 0.790 - Accuracy: 0.846 - F1: 0.831
FIRE -> Precision: 0.950 - Recall: 0.860 - Accuracy: 0.952 - F1: 0.903

Saving model with new best validation loss: 26.892

=== EPOCH 40/74 ===
Learning Rate = 0.0008

TRAIN losses
Total Loss  |Smoke Loss  |Fire Loss   
------------ ------------ ------------
33.206      |22.018      |11.188      


VAL losses
Total Loss  |Smoke Loss  |Fire Loss   
------------ ------------ ------------
26.796      |18.011      |8.785       

VAL Metrics
SMOKE -> Precision: 0.849 - Recall: 0.889 - Accuracy: 0.870 - F1: 0.868
FIRE -> Precision: 0.932 - Recall: 0.883 - Accuracy: 0.953 - F1: 0.907

Saving model with new best validation loss: 26.796

=== EPOCH 41/74 ===
Learning Rate = 0.0008

TRAIN losses
Total Loss  |Smoke Loss  |Fire Loss   
------------ ------------ ------------
32.796      |21.738      |11.058      


VAL losses
Total Loss  |Smoke Loss  |Fire Loss   
------------ ------------ ------------
25.803      |17.241      |8.563       

VAL Metrics
SMOKE -> Precision: 0.873 - Recall: 0.831 - Accuracy: 0.860 - F1: 0.851
FIRE -> Precision: 0.905 - Recall: 0.910 - Accuracy: 0.952 - F1: 0.907

Saving model with new best validation loss: 25.803

=== EPOCH 42/74 ===
Learning Rate = 0.0008

TRAIN losses
Total Loss  |Smoke Loss  |Fire Loss   
------------ ------------ ------------
32.449      |21.617      |10.832      


VAL losses
Total Loss  |Smoke Loss  |Fire Loss   
------------ ------------ ------------
26.113      |17.278      |8.835       

VAL Metrics
SMOKE -> Precision: 0.877 - Recall: 0.848 - Accuracy: 0.870 - F1: 0.862
FIRE -> Precision: 0.943 - Recall: 0.878 - Accuracy: 0.955 - F1: 0.910

=== EPOCH 43/74 ===
Learning Rate = 0.0008

TRAIN losses
Total Loss  |Smoke Loss  |Fire Loss   
------------ ------------ ------------
32.849      |21.761      |11.088      


VAL losses
Total Loss  |Smoke Loss  |Fire Loss   
------------ ------------ ------------
25.657      |16.961      |8.696       

VAL Metrics
SMOKE -> Precision: 0.876 - Recall: 0.852 - Accuracy: 0.871 - F1: 0.864
FIRE -> Precision: 0.931 - Recall: 0.891 - Accuracy: 0.955 - F1: 0.911

Saving model with new best validation loss: 25.657

=== EPOCH 44/74 ===
Learning Rate = 0.0008

TRAIN losses
Total Loss  |Smoke Loss  |Fire Loss   
------------ ------------ ------------
32.388      |21.700      |10.688      


VAL losses
Total Loss  |Smoke Loss  |Fire Loss   
------------ ------------ ------------
25.247      |16.888      |8.358       

VAL Metrics
SMOKE -> Precision: 0.889 - Recall: 0.828 - Accuracy: 0.868 - F1: 0.858
FIRE -> Precision: 0.915 - Recall: 0.902 - Accuracy: 0.953 - F1: 0.908

Saving model with new best validation loss: 25.247

=== EPOCH 45/74 ===
Learning Rate = 0.0008

TRAIN losses
Total Loss  |Smoke Loss  |Fire Loss   
------------ ------------ ------------
32.035      |21.109      |10.926      


VAL losses
Total Loss  |Smoke Loss  |Fire Loss   
------------ ------------ ------------
28.852      |19.969      |8.883       

VAL Metrics
SMOKE -> Precision: 0.907 - Recall: 0.694 - Accuracy: 0.819 - F1: 0.786
FIRE -> Precision: 0.893 - Recall: 0.929 - Accuracy: 0.953 - F1: 0.911

=== EPOCH 46/74 ===
Learning Rate = 0.0008

TRAIN losses
Total Loss  |Smoke Loss  |Fire Loss   
------------ ------------ ------------
31.614      |21.054      |10.560      


VAL losses
Total Loss  |Smoke Loss  |Fire Loss   
------------ ------------ ------------
27.955      |18.424      |9.531       

VAL Metrics
SMOKE -> Precision: 0.826 - Recall: 0.933 - Accuracy: 0.873 - F1: 0.876
FIRE -> Precision: 0.848 - Recall: 0.949 - Accuracy: 0.943 - F1: 0.895

=== EPOCH 47/74 ===
Learning Rate = 0.0008

TRAIN losses
Total Loss  |Smoke Loss  |Fire Loss   
------------ ------------ ------------
31.845      |21.229      |10.616      


VAL losses
Total Loss  |Smoke Loss  |Fire Loss   
------------ ------------ ------------
26.875      |18.458      |8.417       

VAL Metrics
SMOKE -> Precision: 0.827 - Recall: 0.929 - Accuracy: 0.872 - F1: 0.875
FIRE -> Precision: 0.893 - Recall: 0.937 - Accuracy: 0.955 - F1: 0.915

=== EPOCH 48/74 ===
Learning Rate = 0.00064

TRAIN losses
Total Loss  |Smoke Loss  |Fire Loss   
------------ ------------ ------------
31.093      |20.615      |10.478      


VAL losses
Total Loss  |Smoke Loss  |Fire Loss   
------------ ------------ ------------
25.163      |16.599      |8.564       

VAL Metrics
SMOKE -> Precision: 0.901 - Recall: 0.815 - Accuracy: 0.868 - F1: 0.856
FIRE -> Precision: 0.956 - Recall: 0.877 - Accuracy: 0.958 - F1: 0.915

Saving model with new best validation loss: 25.163

=== EPOCH 49/74 ===
Learning Rate = 0.00064

TRAIN losses
Total Loss  |Smoke Loss  |Fire Loss   
------------ ------------ ------------
30.812      |20.523      |10.288      


VAL losses
Total Loss  |Smoke Loss  |Fire Loss   
------------ ------------ ------------
24.058      |16.225      |7.833       

VAL Metrics
SMOKE -> Precision: 0.885 - Recall: 0.851 - Accuracy: 0.875 - F1: 0.868
FIRE -> Precision: 0.935 - Recall: 0.905 - Accuracy: 0.959 - F1: 0.919

Saving model with new best validation loss: 24.058

=== EPOCH 50/74 ===
Learning Rate = 0.00064

TRAIN losses
Total Loss  |Smoke Loss  |Fire Loss   
------------ ------------ ------------
30.335      |20.242      |10.092      


VAL losses
Total Loss  |Smoke Loss  |Fire Loss   
------------ ------------ ------------
24.271      |16.289      |7.982       

VAL Metrics
SMOKE -> Precision: 0.875 - Recall: 0.871 - Accuracy: 0.878 - F1: 0.873
FIRE -> Precision: 0.919 - Recall: 0.924 - Accuracy: 0.959 - F1: 0.922

=== EPOCH 51/74 ===
Learning Rate = 0.00064

TRAIN losses
Total Loss  |Smoke Loss  |Fire Loss   
------------ ------------ ------------
30.728      |20.409      |10.319      


VAL losses
Total Loss  |Smoke Loss  |Fire Loss   
------------ ------------ ------------
24.565      |16.351      |8.213       

VAL Metrics
SMOKE -> Precision: 0.871 - Recall: 0.877 - Accuracy: 0.878 - F1: 0.874
FIRE -> Precision: 0.929 - Recall: 0.902 - Accuracy: 0.957 - F1: 0.915

=== EPOCH 52/74 ===
Learning Rate = 0.00064

TRAIN losses
Total Loss  |Smoke Loss  |Fire Loss   
------------ ------------ ------------
30.509      |20.321      |10.187      


VAL losses
Total Loss  |Smoke Loss  |Fire Loss   
------------ ------------ ------------
25.927      |17.100      |8.827       

VAL Metrics
SMOKE -> Precision: 0.836 - Recall: 0.925 - Accuracy: 0.877 - F1: 0.878
FIRE -> Precision: 0.860 - Recall: 0.952 - Accuracy: 0.948 - F1: 0.904

=== EPOCH 53/74 ===
Learning Rate = 0.0005120000000000001

TRAIN losses
Total Loss  |Smoke Loss  |Fire Loss   
------------ ------------ ------------
30.121      |20.034      |10.088      


VAL losses
Total Loss  |Smoke Loss  |Fire Loss   
------------ ------------ ------------
23.463      |15.528      |7.935       

VAL Metrics
SMOKE -> Precision: 0.882 - Recall: 0.881 - Accuracy: 0.886 - F1: 0.881
FIRE -> Precision: 0.930 - Recall: 0.910 - Accuracy: 0.959 - F1: 0.920

Saving model with new best validation loss: 23.463

=== EPOCH 54/74 ===
Learning Rate = 0.0005120000000000001

TRAIN losses
Total Loss  |Smoke Loss  |Fire Loss   
------------ ------------ ------------
29.882      |19.822      |10.060      


VAL losses
Total Loss  |Smoke Loss  |Fire Loss   
------------ ------------ ------------
24.310      |16.009      |8.301       

VAL Metrics
SMOKE -> Precision: 0.880 - Recall: 0.870 - Accuracy: 0.880 - F1: 0.875
FIRE -> Precision: 0.939 - Recall: 0.897 - Accuracy: 0.958 - F1: 0.918

=== EPOCH 55/74 ===
Learning Rate = 0.0005120000000000001

TRAIN losses
Total Loss  |Smoke Loss  |Fire Loss   
------------ ------------ ------------
29.410      |19.559      |9.851       


VAL losses
Total Loss  |Smoke Loss  |Fire Loss   
------------ ------------ ------------
23.445      |15.691      |7.754       

VAL Metrics
SMOKE -> Precision: 0.894 - Recall: 0.839 - Accuracy: 0.875 - F1: 0.865
FIRE -> Precision: 0.932 - Recall: 0.917 - Accuracy: 0.961 - F1: 0.925

Saving model with new best validation loss: 23.445

=== EPOCH 56/74 ===
Learning Rate = 0.0005120000000000001

TRAIN losses
Total Loss  |Smoke Loss  |Fire Loss   
------------ ------------ ------------
28.883      |19.315      |9.568       


VAL losses
Total Loss  |Smoke Loss  |Fire Loss   
------------ ------------ ------------
22.977      |15.426      |7.551       

VAL Metrics
SMOKE -> Precision: 0.878 - Recall: 0.882 - Accuracy: 0.884 - F1: 0.880
FIRE -> Precision: 0.929 - Recall: 0.925 - Accuracy: 0.962 - F1: 0.927

Saving model with new best validation loss: 22.977

=== EPOCH 57/74 ===
Learning Rate = 0.0005120000000000001

TRAIN losses
Total Loss  |Smoke Loss  |Fire Loss   
------------ ------------ ------------
29.313      |19.501      |9.813       


VAL losses
Total Loss  |Smoke Loss  |Fire Loss   
------------ ------------ ------------
23.801      |16.067      |7.735       

VAL Metrics
SMOKE -> Precision: 0.923 - Recall: 0.786 - Accuracy: 0.865 - F1: 0.849
FIRE -> Precision: 0.911 - Recall: 0.934 - Accuracy: 0.959 - F1: 0.923

=== EPOCH 58/74 ===
Learning Rate = 0.0005120000000000001

TRAIN losses
Total Loss  |Smoke Loss  |Fire Loss   
------------ ------------ ------------
28.934      |19.215      |9.720       


VAL losses
Total Loss  |Smoke Loss  |Fire Loss   
------------ ------------ ------------
23.519      |15.312      |8.207       

VAL Metrics
SMOKE -> Precision: 0.876 - Recall: 0.898 - Accuracy: 0.890 - F1: 0.887
FIRE -> Precision: 0.898 - Recall: 0.932 - Accuracy: 0.955 - F1: 0.915

=== EPOCH 59/74 ===
Learning Rate = 0.0005120000000000001

TRAIN losses
Total Loss  |Smoke Loss  |Fire Loss   
------------ ------------ ------------
28.902      |19.242      |9.660       


VAL losses
Total Loss  |Smoke Loss  |Fire Loss   
------------ ------------ ------------
23.229      |14.859      |8.370       

VAL Metrics
SMOKE -> Precision: 0.893 - Recall: 0.864 - Accuracy: 0.885 - F1: 0.878
FIRE -> Precision: 0.876 - Recall: 0.949 - Accuracy: 0.952 - F1: 0.911

=== EPOCH 60/74 ===
Learning Rate = 0.0004096000000000001

TRAIN losses
Total Loss  |Smoke Loss  |Fire Loss   
------------ ------------ ------------
28.623      |19.143      |9.480       


VAL losses
Total Loss  |Smoke Loss  |Fire Loss   
------------ ------------ ------------
22.794      |14.929      |7.865       

VAL Metrics
SMOKE -> Precision: 0.914 - Recall: 0.828 - Accuracy: 0.880 - F1: 0.869
FIRE -> Precision: 0.898 - Recall: 0.941 - Accuracy: 0.957 - F1: 0.919

Saving model with new best validation loss: 22.794

=== EPOCH 61/74 ===
Learning Rate = 0.0004096000000000001

TRAIN losses
Total Loss  |Smoke Loss  |Fire Loss   
------------ ------------ ------------
28.406      |18.926      |9.480       


VAL losses
Total Loss  |Smoke Loss  |Fire Loss   
------------ ------------ ------------
22.901      |15.386      |7.515       

VAL Metrics
SMOKE -> Precision: 0.913 - Recall: 0.815 - Accuracy: 0.874 - F1: 0.861
FIRE -> Precision: 0.942 - Recall: 0.911 - Accuracy: 0.962 - F1: 0.926

=== EPOCH 62/74 ===
Learning Rate = 0.0004096000000000001

TRAIN losses
Total Loss  |Smoke Loss  |Fire Loss   
------------ ------------ ------------
28.184      |18.665      |9.519       


VAL losses
Total Loss  |Smoke Loss  |Fire Loss   
------------ ------------ ------------
22.060      |14.484      |7.576       

VAL Metrics
SMOKE -> Precision: 0.883 - Recall: 0.902 - Accuracy: 0.895 - F1: 0.892
FIRE -> Precision: 0.914 - Recall: 0.941 - Accuracy: 0.962 - F1: 0.927

Saving model with new best validation loss: 22.060

=== EPOCH 63/74 ===
Learning Rate = 0.0004096000000000001

TRAIN losses
Total Loss  |Smoke Loss  |Fire Loss   
------------ ------------ ------------
28.041      |18.686      |9.356       


VAL losses
Total Loss  |Smoke Loss  |Fire Loss   
------------ ------------ ------------
23.251      |15.242      |8.009       

VAL Metrics
SMOKE -> Precision: 0.927 - Recall: 0.790 - Accuracy: 0.869 - F1: 0.853
FIRE -> Precision: 0.938 - Recall: 0.902 - Accuracy: 0.959 - F1: 0.920

=== EPOCH 64/74 ===
Learning Rate = 0.0004096000000000001

TRAIN losses
Total Loss  |Smoke Loss  |Fire Loss   
------------ ------------ ------------
28.006      |18.384      |9.623       


VAL losses
Total Loss  |Smoke Loss  |Fire Loss   
------------ ------------ ------------
21.854      |14.246      |7.608       

VAL Metrics
SMOKE -> Precision: 0.902 - Recall: 0.873 - Accuracy: 0.893 - F1: 0.887
FIRE -> Precision: 0.946 - Recall: 0.906 - Accuracy: 0.962 - F1: 0.926

Saving model with new best validation loss: 21.854

=== EPOCH 65/74 ===
Learning Rate = 0.0004096000000000001

TRAIN losses
Total Loss  |Smoke Loss  |Fire Loss   
------------ ------------ ------------
27.629      |18.668      |8.960       


VAL losses
Total Loss  |Smoke Loss  |Fire Loss   
------------ ------------ ------------
22.574      |14.822      |7.752       

VAL Metrics
SMOKE -> Precision: 0.886 - Recall: 0.883 - Accuracy: 0.889 - F1: 0.884
FIRE -> Precision: 0.897 - Recall: 0.936 - Accuracy: 0.956 - F1: 0.916

=== EPOCH 66/74 ===
Learning Rate = 0.0004096000000000001

TRAIN losses
Total Loss  |Smoke Loss  |Fire Loss   
------------ ------------ ------------
27.021      |17.962      |9.059       


VAL losses
Total Loss  |Smoke Loss  |Fire Loss   
------------ ------------ ------------
23.335      |15.638      |7.697       

VAL Metrics
SMOKE -> Precision: 0.928 - Recall: 0.788 - Accuracy: 0.868 - F1: 0.852
FIRE -> Precision: 0.931 - Recall: 0.920 - Accuracy: 0.962 - F1: 0.925

=== EPOCH 67/74 ===
Learning Rate = 0.0004096000000000001

TRAIN losses
Total Loss  |Smoke Loss  |Fire Loss   
------------ ------------ ------------
27.643      |18.202      |9.441       


VAL losses
Total Loss  |Smoke Loss  |Fire Loss   
------------ ------------ ------------
22.047      |14.585      |7.462       

VAL Metrics
SMOKE -> Precision: 0.915 - Recall: 0.840 - Accuracy: 0.885 - F1: 0.876
FIRE -> Precision: 0.925 - Recall: 0.928 - Accuracy: 0.962 - F1: 0.926

=== EPOCH 68/74 ===
Learning Rate = 0.0003276800000000001

TRAIN losses
Total Loss  |Smoke Loss  |Fire Loss   
------------ ------------ ------------
27.703      |18.278      |9.425       


VAL losses
Total Loss  |Smoke Loss  |Fire Loss   
------------ ------------ ------------
21.284      |13.812      |7.471       

VAL Metrics
SMOKE -> Precision: 0.914 - Recall: 0.867 - Accuracy: 0.896 - F1: 0.890
FIRE -> Precision: 0.930 - Recall: 0.924 - Accuracy: 0.962 - F1: 0.927

Saving model with new best validation loss: 21.284

=== EPOCH 69/74 ===
Learning Rate = 0.0003276800000000001

TRAIN losses
Total Loss  |Smoke Loss  |Fire Loss   
------------ ------------ ------------
27.371      |18.331      |9.040       


VAL losses
Total Loss  |Smoke Loss  |Fire Loss   
------------ ------------ ------------
21.142      |13.722      |7.420       

VAL Metrics
SMOKE -> Precision: 0.897 - Recall: 0.900 - Accuracy: 0.902 - F1: 0.898
FIRE -> Precision: 0.911 - Recall: 0.932 - Accuracy: 0.959 - F1: 0.921

Saving model with new best validation loss: 21.142

=== EPOCH 70/74 ===
Learning Rate = 0.0003276800000000001

TRAIN losses
Total Loss  |Smoke Loss  |Fire Loss   
------------ ------------ ------------
26.879      |17.693      |9.186       


VAL losses
Total Loss  |Smoke Loss  |Fire Loss   
------------ ------------ ------------
21.345      |14.026      |7.320       

VAL Metrics
SMOKE -> Precision: 0.916 - Recall: 0.857 - Accuracy: 0.893 - F1: 0.886
FIRE -> Precision: 0.921 - Recall: 0.931 - Accuracy: 0.962 - F1: 0.926

=== EPOCH 71/74 ===
Learning Rate = 0.0003276800000000001

TRAIN losses
Total Loss  |Smoke Loss  |Fire Loss   
------------ ------------ ------------
27.416      |18.021      |9.394       


VAL losses
Total Loss  |Smoke Loss  |Fire Loss   
------------ ------------ ------------
21.932      |14.197      |7.735       

VAL Metrics
SMOKE -> Precision: 0.888 - Recall: 0.908 - Accuracy: 0.901 - F1: 0.898
FIRE -> Precision: 0.913 - Recall: 0.931 - Accuracy: 0.959 - F1: 0.921

=== EPOCH 72/74 ===
Learning Rate = 0.0003276800000000001

TRAIN losses
Total Loss  |Smoke Loss  |Fire Loss   
------------ ------------ ------------
27.115      |18.113      |9.003       


VAL losses
Total Loss  |Smoke Loss  |Fire Loss   
------------ ------------ ------------
21.313      |13.726      |7.587       

VAL Metrics
SMOKE -> Precision: 0.903 - Recall: 0.889 - Accuracy: 0.901 - F1: 0.896
FIRE -> Precision: 0.905 - Recall: 0.932 - Accuracy: 0.957 - F1: 0.918

=== EPOCH 73/74 ===
Learning Rate = 0.0002621440000000001

TRAIN losses
Total Loss  |Smoke Loss  |Fire Loss   
------------ ------------ ------------
26.153      |17.362      |8.791       


VAL losses
Total Loss  |Smoke Loss  |Fire Loss   
------------ ------------ ------------
21.027      |13.734      |7.293       

VAL Metrics
SMOKE -> Precision: 0.909 - Recall: 0.874 - Accuracy: 0.897 - F1: 0.891
FIRE -> Precision: 0.925 - Recall: 0.927 - Accuracy: 0.962 - F1: 0.926

Saving model with new best validation loss: 21.027

=== EPOCH 74/74 ===
Learning Rate = 0.0002621440000000001

TRAIN losses
Total Loss  |Smoke Loss  |Fire Loss   
------------ ------------ ------------
26.734      |17.540      |9.194       


VAL losses
Total Loss  |Smoke Loss  |Fire Loss   
------------ ------------ ------------
20.845      |13.468      |7.376       

VAL Metrics
SMOKE -> Precision: 0.906 - Recall: 0.893 - Accuracy: 0.904 - F1: 0.900
FIRE -> Precision: 0.913 - Recall: 0.937 - Accuracy: 0.961 - F1: 0.925

Saving model with new best validation loss: 20.845
Saving last model

***Script finished: 14:38:34

Time elapsed: 0:54:07.326344
BED Classifier XS Tiny. 255 Normalization. Weighted for Precision.
DFire Removed wrong images: 0
DFire empty images: 31
DFire only smoke images: 17
DFire only fire images: 2
DFire smoke and fire images: 14

TRAIN DFIRE dataset
DFire Removed wrong images: 0
DFire empty images: 7833
DFire only smoke images: 4681
DFire only fire images: 944
DFire smoke and fire images: 3763
Train dataset len: 17221

TEST DFire dataset
DFire Removed wrong images: 0
DFire empty images: 2005
DFire only smoke images: 1186
DFire only fire images: 220
DFire smoke and fire images: 895
Test dataset len: 4306
Using BED Classifier
Model shape is tensor([[ 0.1213, -0.5306],
        [ 0.1191, -0.3626],
        [ 0.1145, -0.3514],
        [ 0.1637, -0.3868]], device='cuda:0', grad_fn=<CatBackward0>)
BED Model Arquitecture
BED_CLASSIFIER(
  (model): Sequential(
    (0): Conv2d(3, 64, kernel_size=(3, 3), stride=(1, 1), padding=(1, 1), bias=False)
    (1): BatchNorm2d(64, eps=1e-05, momentum=0.1, affine=False, track_running_stats=True)
    (2): ReLU()
    (3): Dropout2d(p=0.3, inplace=False)
    (4): MaxPool2d(kernel_size=2, stride=2, padding=0, dilation=1, ceil_mode=False)
    (5): Conv2d(64, 24, kernel_size=(3, 3), stride=(1, 1), padding=(1, 1), bias=False)
    (6): BatchNorm2d(24, eps=1e-05, momentum=0.1, affine=False, track_running_stats=True)
    (7): ReLU()
    (8): Dropout2d(p=0.3, inplace=False)
    (9): MaxPool2d(kernel_size=2, stride=2, padding=0, dilation=1, ceil_mode=False)
    (10): Conv2d(24, 16, kernel_size=(1, 1), stride=(1, 1), bias=False)
    (11): BatchNorm2d(16, eps=1e-05, momentum=0.1, affine=False, track_running_stats=True)
    (12): ReLU()
    (13): Conv2d(16, 32, kernel_size=(3, 3), stride=(1, 1), padding=(1, 1), bias=False)
    (14): BatchNorm2d(32, eps=1e-05, momentum=0.1, affine=False, track_running_stats=True)
    (15): ReLU()
    (16): Conv2d(32, 32, kernel_size=(1, 1), stride=(1, 1), bias=False)
    (17): BatchNorm2d(32, eps=1e-05, momentum=0.1, affine=False, track_running_stats=True)
    (18): ReLU()
    (19): Conv2d(32, 64, kernel_size=(3, 3), stride=(1, 1), padding=(1, 1), bias=False)
    (20): BatchNorm2d(64, eps=1e-05, momentum=0.1, affine=False, track_running_stats=True)
    (21): ReLU()
    (22): MaxPool2d(kernel_size=2, stride=2, padding=0, dilation=1, ceil_mode=False)
    (23): Conv2d(64, 32, kernel_size=(1, 1), stride=(1, 1), bias=False)
    (24): BatchNorm2d(32, eps=1e-05, momentum=0.1, affine=False, track_running_stats=True)
    (25): ReLU()
    (26): Conv2d(32, 64, kernel_size=(3, 3), stride=(1, 1), padding=(1, 1), bias=False)
    (27): BatchNorm2d(64, eps=1e-05, momentum=0.1, affine=False, track_running_stats=True)
    (28): ReLU()
    (29): Conv2d(64, 32, kernel_size=(1, 1), stride=(1, 1), bias=False)
    (30): BatchNorm2d(32, eps=1e-05, momentum=0.1, affine=False, track_running_stats=True)
    (31): ReLU()
    (32): Conv2d(32, 64, kernel_size=(3, 3), stride=(1, 1), padding=(1, 1), bias=False)
    (33): BatchNorm2d(64, eps=1e-05, momentum=0.1, affine=False, track_running_stats=True)
    (34): ReLU()
    (35): Conv2d(64, 32, kernel_size=(1, 1), stride=(1, 1), bias=False)
    (36): BatchNorm2d(32, eps=1e-05, momentum=0.1, affine=False, track_running_stats=True)
    (37): ReLU()
    (38): Conv2d(32, 64, kernel_size=(3, 3), stride=(1, 1), padding=(1, 1), bias=False)
    (39): BatchNorm2d(64, eps=1e-05, momentum=0.1, affine=False, track_running_stats=True)
    (40): ReLU()
  )
  (pool): AdaptiveAvgPool2d(output_size=(1, 1))
  (smoke): Sequential(
    (0): Dropout(p=0.2, inplace=False)
    (1): Linear(in_features=64, out_features=16, bias=True)
    (2): ReLU()
    (3): Linear(in_features=16, out_features=1, bias=True)
  )
  (fire): Sequential(
    (0): Dropout(p=0.2, inplace=False)
    (1): Linear(in_features=64, out_features=16, bias=True)
    (2): ReLU()
    (3): Linear(in_features=16, out_features=1, bias=True)
  )
)

Trainable parameters = 103554
Total parameters = 103554

Starting script

Device: cuda
Learning Rate: 0.001
Weight Decay: 0.0001
Batch Size: 64
IMG DIMS: (224, 224)
W: 224
H: 224
Loss Function: BCE
Smoke Precision Weight: 0.7

***Start Training: 14:55:39

Initializing Weights

=== EPOCH 0/99 ===
Learning Rate = 0.001

TRAIN losses
Total Loss  |Smoke Loss  |Fire Loss   
------------ ------------ ------------
68.198      |36.491      |31.707      


VAL losses
Total Loss  |Smoke Loss  |Fire Loss   
------------ ------------ ------------
60.441      |35.650      |24.791      

VAL Metrics
SMOKE -> Precision: 0.000 - Recall: 0.000 - Accuracy: 0.519 - F1: 0.000
FIRE -> Precision: 0.747 - Recall: 0.492 - Accuracy: 0.825 - F1: 0.593

Saving model with new best validation loss: 60.441

=== EPOCH 1/99 ===
Learning Rate = 0.001

TRAIN losses
Total Loss  |Smoke Loss  |Fire Loss   
------------ ------------ ------------
61.585      |35.369      |26.215      


VAL losses
Total Loss  |Smoke Loss  |Fire Loss   
------------ ------------ ------------
57.426      |34.605      |22.820      

VAL Metrics
SMOKE -> Precision: 0.610 - Recall: 0.185 - Accuracy: 0.551 - F1: 0.284
FIRE -> Precision: 0.792 - Recall: 0.592 - Accuracy: 0.854 - F1: 0.677

Saving model with new best validation loss: 57.426

=== EPOCH 2/99 ===
Learning Rate = 0.001

TRAIN losses
Total Loss  |Smoke Loss  |Fire Loss   
------------ ------------ ------------
58.742      |34.613      |24.129      


VAL losses
Total Loss  |Smoke Loss  |Fire Loss   
------------ ------------ ------------
53.787      |33.395      |20.393      

VAL Metrics
SMOKE -> Precision: 0.769 - Recall: 0.145 - Accuracy: 0.568 - F1: 0.244
FIRE -> Precision: 0.774 - Recall: 0.674 - Accuracy: 0.865 - F1: 0.721

Saving model with new best validation loss: 53.787

=== EPOCH 3/99 ===
Learning Rate = 0.001

TRAIN losses
Total Loss  |Smoke Loss  |Fire Loss   
------------ ------------ ------------
55.932      |34.020      |21.912      


VAL losses
Total Loss  |Smoke Loss  |Fire Loss   
------------ ------------ ------------
52.470      |32.566      |19.903      

VAL Metrics
SMOKE -> Precision: 0.775 - Recall: 0.383 - Accuracy: 0.650 - F1: 0.513
FIRE -> Precision: 0.747 - Recall: 0.762 - Accuracy: 0.872 - F1: 0.754

Saving model with new best validation loss: 52.470

=== EPOCH 4/99 ===
Learning Rate = 0.001

TRAIN losses
Total Loss  |Smoke Loss  |Fire Loss   
------------ ------------ ------------
53.617      |33.133      |20.483      


VAL losses
Total Loss  |Smoke Loss  |Fire Loss   
------------ ------------ ------------
49.939      |32.056      |17.883      

VAL Metrics
SMOKE -> Precision: 0.769 - Recall: 0.484 - Accuracy: 0.682 - F1: 0.594
FIRE -> Precision: 0.734 - Recall: 0.823 - Accuracy: 0.877 - F1: 0.776

Saving model with new best validation loss: 49.939

=== EPOCH 5/99 ===
Learning Rate = 0.001

TRAIN losses
Total Loss  |Smoke Loss  |Fire Loss   
------------ ------------ ------------
51.582      |32.441      |19.142      


VAL losses
Total Loss  |Smoke Loss  |Fire Loss   
------------ ------------ ------------
45.533      |30.286      |15.246      

VAL Metrics
SMOKE -> Precision: 0.760 - Recall: 0.510 - Accuracy: 0.687 - F1: 0.611
FIRE -> Precision: 0.794 - Recall: 0.841 - Accuracy: 0.902 - F1: 0.817

Saving model with new best validation loss: 45.533

=== EPOCH 6/99 ===
Learning Rate = 0.001

TRAIN losses
Total Loss  |Smoke Loss  |Fire Loss   
------------ ------------ ------------
49.795      |31.821      |17.974      


VAL losses
Total Loss  |Smoke Loss  |Fire Loss   
------------ ------------ ------------
45.303      |29.761      |15.542      

VAL Metrics
SMOKE -> Precision: 0.824 - Recall: 0.411 - Accuracy: 0.674 - F1: 0.549
FIRE -> Precision: 0.842 - Recall: 0.795 - Accuracy: 0.908 - F1: 0.818

Saving model with new best validation loss: 45.303

=== EPOCH 7/99 ===
Learning Rate = 0.001

TRAIN losses
Total Loss  |Smoke Loss  |Fire Loss   
------------ ------------ ------------
48.543      |31.064      |17.479      


VAL losses
Total Loss  |Smoke Loss  |Fire Loss   
------------ ------------ ------------
44.503      |29.242      |15.261      

VAL Metrics
SMOKE -> Precision: 0.765 - Recall: 0.608 - Accuracy: 0.722 - F1: 0.678
FIRE -> Precision: 0.815 - Recall: 0.799 - Accuracy: 0.901 - F1: 0.807

Saving model with new best validation loss: 44.503

=== EPOCH 8/99 ===
Learning Rate = 0.001

TRAIN losses
Total Loss  |Smoke Loss  |Fire Loss   
------------ ------------ ------------
47.648      |30.627      |17.021      


VAL losses
Total Loss  |Smoke Loss  |Fire Loss   
------------ ------------ ------------
41.522      |27.886      |13.636      

VAL Metrics
SMOKE -> Precision: 0.785 - Recall: 0.585 - Accuracy: 0.723 - F1: 0.671
FIRE -> Precision: 0.827 - Recall: 0.863 - Accuracy: 0.918 - F1: 0.845

Saving model with new best validation loss: 41.522

=== EPOCH 9/99 ===
Learning Rate = 0.001

TRAIN losses
Total Loss  |Smoke Loss  |Fire Loss   
------------ ------------ ------------
46.657      |30.103      |16.553      


VAL losses
Total Loss  |Smoke Loss  |Fire Loss   
------------ ------------ ------------
40.625      |27.033      |13.591      

VAL Metrics
SMOKE -> Precision: 0.810 - Recall: 0.610 - Accuracy: 0.744 - F1: 0.696
FIRE -> Precision: 0.829 - Recall: 0.850 - Accuracy: 0.916 - F1: 0.839

Saving model with new best validation loss: 40.625

=== EPOCH 10/99 ===
Learning Rate = 0.001

TRAIN losses
Total Loss  |Smoke Loss  |Fire Loss   
------------ ------------ ------------
45.736      |29.705      |16.031      


VAL losses
Total Loss  |Smoke Loss  |Fire Loss   
------------ ------------ ------------
39.328      |26.496      |12.832      

VAL Metrics
SMOKE -> Precision: 0.835 - Recall: 0.563 - Accuracy: 0.736 - F1: 0.673
FIRE -> Precision: 0.860 - Recall: 0.846 - Accuracy: 0.924 - F1: 0.853

Saving model with new best validation loss: 39.328

=== EPOCH 11/99 ===
Learning Rate = 0.001

TRAIN losses
Total Loss  |Smoke Loss  |Fire Loss   
------------ ------------ ------------
45.118      |29.220      |15.897      


VAL losses
Total Loss  |Smoke Loss  |Fire Loss   
------------ ------------ ------------
37.967      |25.608      |12.359      

VAL Metrics
SMOKE -> Precision: 0.808 - Recall: 0.694 - Accuracy: 0.773 - F1: 0.747
FIRE -> Precision: 0.871 - Recall: 0.844 - Accuracy: 0.927 - F1: 0.857

Saving model with new best validation loss: 37.967

=== EPOCH 12/99 ===
Learning Rate = 0.001

TRAIN losses
Total Loss  |Smoke Loss  |Fire Loss   
------------ ------------ ------------
43.882      |28.472      |15.410      


VAL losses
Total Loss  |Smoke Loss  |Fire Loss   
------------ ------------ ------------
37.357      |25.214      |12.143      

VAL Metrics
SMOKE -> Precision: 0.809 - Recall: 0.709 - Accuracy: 0.779 - F1: 0.756
FIRE -> Precision: 0.882 - Recall: 0.835 - Accuracy: 0.928 - F1: 0.858

Saving model with new best validation loss: 37.357

=== EPOCH 13/99 ===
Learning Rate = 0.001

TRAIN losses
Total Loss  |Smoke Loss  |Fire Loss   
------------ ------------ ------------
43.728      |28.584      |15.144      


VAL losses
Total Loss  |Smoke Loss  |Fire Loss   
------------ ------------ ------------
38.039      |25.467      |12.573      

VAL Metrics
SMOKE -> Precision: 0.775 - Recall: 0.779 - Accuracy: 0.785 - F1: 0.777
FIRE -> Precision: 0.822 - Recall: 0.882 - Accuracy: 0.920 - F1: 0.851

=== EPOCH 14/99 ===
Learning Rate = 0.001

TRAIN losses
Total Loss  |Smoke Loss  |Fire Loss   
------------ ------------ ------------
42.467      |27.751      |14.716      


VAL losses
Total Loss  |Smoke Loss  |Fire Loss   
------------ ------------ ------------
35.951      |24.379      |11.572      

VAL Metrics
SMOKE -> Precision: 0.853 - Recall: 0.603 - Accuracy: 0.759 - F1: 0.707
FIRE -> Precision: 0.901 - Recall: 0.832 - Accuracy: 0.933 - F1: 0.866

Saving model with new best validation loss: 35.951

=== EPOCH 15/99 ===
Learning Rate = 0.001

TRAIN losses
Total Loss  |Smoke Loss  |Fire Loss   
------------ ------------ ------------
41.834      |27.303      |14.530      


VAL losses
Total Loss  |Smoke Loss  |Fire Loss   
------------ ------------ ------------
36.619      |23.575      |13.043      

VAL Metrics
SMOKE -> Precision: 0.811 - Recall: 0.730 - Accuracy: 0.788 - F1: 0.768
FIRE -> Precision: 0.810 - Recall: 0.923 - Accuracy: 0.924 - F1: 0.863

=== EPOCH 16/99 ===
Learning Rate = 0.001

TRAIN losses
Total Loss  |Smoke Loss  |Fire Loss   
------------ ------------ ------------
41.464      |27.038      |14.426      


VAL losses
Total Loss  |Smoke Loss  |Fire Loss   
------------ ------------ ------------
35.544      |24.063      |11.481      

VAL Metrics
SMOKE -> Precision: 0.871 - Recall: 0.575 - Accuracy: 0.754 - F1: 0.693
FIRE -> Precision: 0.913 - Recall: 0.826 - Accuracy: 0.935 - F1: 0.868

Saving model with new best validation loss: 35.544

=== EPOCH 17/99 ===
Learning Rate = 0.001

TRAIN losses
Total Loss  |Smoke Loss  |Fire Loss   
------------ ------------ ------------
40.814      |26.595      |14.219      


VAL losses
Total Loss  |Smoke Loss  |Fire Loss   
------------ ------------ ------------
34.429      |23.531      |10.897      

VAL Metrics
SMOKE -> Precision: 0.865 - Recall: 0.585 - Accuracy: 0.756 - F1: 0.698
FIRE -> Precision: 0.931 - Recall: 0.828 - Accuracy: 0.940 - F1: 0.876

Saving model with new best validation loss: 34.429

=== EPOCH 18/99 ===
Learning Rate = 0.001

TRAIN losses
Total Loss  |Smoke Loss  |Fire Loss   
------------ ------------ ------------
40.296      |26.378      |13.918      


VAL losses
Total Loss  |Smoke Loss  |Fire Loss   
------------ ------------ ------------
32.942      |22.507      |10.434      

VAL Metrics
SMOKE -> Precision: 0.818 - Recall: 0.763 - Accuracy: 0.804 - F1: 0.790
FIRE -> Precision: 0.883 - Recall: 0.873 - Accuracy: 0.937 - F1: 0.878

Saving model with new best validation loss: 32.942

=== EPOCH 19/99 ===
Learning Rate = 0.001

TRAIN losses
Total Loss  |Smoke Loss  |Fire Loss   
------------ ------------ ------------
40.331      |26.422      |13.910      


VAL losses
Total Loss  |Smoke Loss  |Fire Loss   
------------ ------------ ------------
33.466      |22.626      |10.841      

VAL Metrics
SMOKE -> Precision: 0.809 - Recall: 0.794 - Accuracy: 0.811 - F1: 0.802
FIRE -> Precision: 0.847 - Recall: 0.904 - Accuracy: 0.933 - F1: 0.874

=== EPOCH 20/99 ===
Learning Rate = 0.001

TRAIN losses
Total Loss  |Smoke Loss  |Fire Loss   
------------ ------------ ------------
39.487      |25.961      |13.526      


VAL losses
Total Loss  |Smoke Loss  |Fire Loss   
------------ ------------ ------------
34.426      |23.559      |10.867      

VAL Metrics
SMOKE -> Precision: 0.898 - Recall: 0.570 - Accuracy: 0.762 - F1: 0.697
FIRE -> Precision: 0.926 - Recall: 0.834 - Accuracy: 0.940 - F1: 0.878

=== EPOCH 21/99 ===
Learning Rate = 0.001

TRAIN losses
Total Loss  |Smoke Loss  |Fire Loss   
------------ ------------ ------------
39.537      |25.849      |13.688      


VAL losses
Total Loss  |Smoke Loss  |Fire Loss   
------------ ------------ ------------
31.922      |21.553      |10.369      

VAL Metrics
SMOKE -> Precision: 0.825 - Recall: 0.799 - Accuracy: 0.822 - F1: 0.812
FIRE -> Precision: 0.863 - Recall: 0.917 - Accuracy: 0.941 - F1: 0.889

Saving model with new best validation loss: 31.922

=== EPOCH 22/99 ===
Learning Rate = 0.001

TRAIN losses
Total Loss  |Smoke Loss  |Fire Loss   
------------ ------------ ------------
38.673      |25.393      |13.281      


VAL losses
Total Loss  |Smoke Loss  |Fire Loss   
------------ ------------ ------------
31.696      |21.249      |10.447      

VAL Metrics
SMOKE -> Precision: 0.882 - Recall: 0.677 - Accuracy: 0.801 - F1: 0.766
FIRE -> Precision: 0.874 - Recall: 0.902 - Accuracy: 0.941 - F1: 0.888

Saving model with new best validation loss: 31.696

=== EPOCH 23/99 ===
Learning Rate = 0.001

TRAIN losses
Total Loss  |Smoke Loss  |Fire Loss   
------------ ------------ ------------
38.042      |25.054      |12.988      


VAL losses
Total Loss  |Smoke Loss  |Fire Loss   
------------ ------------ ------------
30.507      |20.419      |10.088      

VAL Metrics
SMOKE -> Precision: 0.834 - Recall: 0.806 - Accuracy: 0.829 - F1: 0.819
FIRE -> Precision: 0.864 - Recall: 0.915 - Accuracy: 0.941 - F1: 0.889

Saving model with new best validation loss: 30.507

=== EPOCH 24/99 ===
Learning Rate = 0.001

TRAIN losses
Total Loss  |Smoke Loss  |Fire Loss   
------------ ------------ ------------
38.246      |25.142      |13.105      


VAL losses
Total Loss  |Smoke Loss  |Fire Loss   
------------ ------------ ------------
32.543      |21.865      |10.678      

VAL Metrics
SMOKE -> Precision: 0.828 - Recall: 0.782 - Accuracy: 0.817 - F1: 0.804
FIRE -> Precision: 0.844 - Recall: 0.919 - Accuracy: 0.935 - F1: 0.880

=== EPOCH 25/99 ===
Learning Rate = 0.001

TRAIN losses
Total Loss  |Smoke Loss  |Fire Loss   
------------ ------------ ------------
37.538      |24.742      |12.796      


VAL losses
Total Loss  |Smoke Loss  |Fire Loss   
------------ ------------ ------------
30.497      |21.012      |9.484       

VAL Metrics
SMOKE -> Precision: 0.860 - Recall: 0.756 - Accuracy: 0.823 - F1: 0.805
FIRE -> Precision: 0.902 - Recall: 0.895 - Accuracy: 0.948 - F1: 0.898

Saving model with new best validation loss: 30.497

=== EPOCH 26/99 ===
Learning Rate = 0.001

TRAIN losses
Total Loss  |Smoke Loss  |Fire Loss   
------------ ------------ ------------
36.833      |24.402      |12.431      


VAL losses
Total Loss  |Smoke Loss  |Fire Loss   
------------ ------------ ------------
31.622      |21.262      |10.359      

VAL Metrics
SMOKE -> Precision: 0.884 - Recall: 0.664 - Accuracy: 0.796 - F1: 0.758
FIRE -> Precision: 0.936 - Recall: 0.830 - Accuracy: 0.941 - F1: 0.880

=== EPOCH 27/99 ===
Learning Rate = 0.001

TRAIN losses
Total Loss  |Smoke Loss  |Fire Loss   
------------ ------------ ------------
36.845      |24.443      |12.401      


VAL losses
Total Loss  |Smoke Loss  |Fire Loss   
------------ ------------ ------------
31.004      |21.273      |9.731       

VAL Metrics
SMOKE -> Precision: 0.825 - Recall: 0.821 - Accuracy: 0.830 - F1: 0.823
FIRE -> Precision: 0.873 - Recall: 0.919 - Accuracy: 0.944 - F1: 0.896

=== EPOCH 28/99 ===
Learning Rate = 0.001

TRAIN losses
Total Loss  |Smoke Loss  |Fire Loss   
------------ ------------ ------------
36.808      |24.240      |12.568      


VAL losses
Total Loss  |Smoke Loss  |Fire Loss   
------------ ------------ ------------
31.083      |21.848      |9.235       

VAL Metrics
SMOKE -> Precision: 0.781 - Recall: 0.914 - Accuracy: 0.835 - F1: 0.842
FIRE -> Precision: 0.894 - Recall: 0.898 - Accuracy: 0.946 - F1: 0.896

=== EPOCH 29/99 ===
Learning Rate = 0.0008

TRAIN losses
Total Loss  |Smoke Loss  |Fire Loss   
------------ ------------ ------------
35.477      |23.606      |11.871      


VAL losses
Total Loss  |Smoke Loss  |Fire Loss   
------------ ------------ ------------
29.164      |19.449      |9.716       

VAL Metrics
SMOKE -> Precision: 0.849 - Recall: 0.823 - Accuracy: 0.844 - F1: 0.836
FIRE -> Precision: 0.937 - Recall: 0.850 - Accuracy: 0.946 - F1: 0.891

Saving model with new best validation loss: 29.164

=== EPOCH 30/99 ===
Learning Rate = 0.0008

TRAIN losses
Total Loss  |Smoke Loss  |Fire Loss   
------------ ------------ ------------
35.326      |23.572      |11.754      


VAL losses
Total Loss  |Smoke Loss  |Fire Loss   
------------ ------------ ------------
28.888      |19.853      |9.035       

VAL Metrics
SMOKE -> Precision: 0.837 - Recall: 0.837 - Accuracy: 0.843 - F1: 0.837
FIRE -> Precision: 0.899 - Recall: 0.919 - Accuracy: 0.952 - F1: 0.909

Saving model with new best validation loss: 28.888

=== EPOCH 31/99 ===
Learning Rate = 0.0008

TRAIN losses
Total Loss  |Smoke Loss  |Fire Loss   
------------ ------------ ------------
35.145      |23.339      |11.806      


VAL losses
Total Loss  |Smoke Loss  |Fire Loss   
------------ ------------ ------------
27.669      |18.948      |8.720       

VAL Metrics
SMOKE -> Precision: 0.873 - Recall: 0.805 - Accuracy: 0.850 - F1: 0.838
FIRE -> Precision: 0.902 - Recall: 0.915 - Accuracy: 0.952 - F1: 0.909

Saving model with new best validation loss: 27.669

=== EPOCH 32/99 ===
Learning Rate = 0.0008

TRAIN losses
Total Loss  |Smoke Loss  |Fire Loss   
------------ ------------ ------------
34.740      |23.015      |11.725      


VAL losses
Total Loss  |Smoke Loss  |Fire Loss   
------------ ------------ ------------
27.709      |18.843      |8.865       

VAL Metrics
SMOKE -> Precision: 0.839 - Recall: 0.873 - Accuracy: 0.858 - F1: 0.856
FIRE -> Precision: 0.924 - Recall: 0.886 - Accuracy: 0.951 - F1: 0.904

=== EPOCH 33/99 ===
Learning Rate = 0.0008

TRAIN losses
Total Loss  |Smoke Loss  |Fire Loss   
------------ ------------ ------------
34.893      |23.190      |11.703      


VAL losses
Total Loss  |Smoke Loss  |Fire Loss   
------------ ------------ ------------
27.967      |19.328      |8.640       

VAL Metrics
SMOKE -> Precision: 0.823 - Recall: 0.867 - Accuracy: 0.847 - F1: 0.845
FIRE -> Precision: 0.916 - Recall: 0.913 - Accuracy: 0.956 - F1: 0.914

=== EPOCH 34/99 ===
Learning Rate = 0.0008

TRAIN losses
Total Loss  |Smoke Loss  |Fire Loss   
------------ ------------ ------------
34.225      |22.799      |11.426      


VAL losses
Total Loss  |Smoke Loss  |Fire Loss   
------------ ------------ ------------
26.593      |17.900      |8.693       

VAL Metrics
SMOKE -> Precision: 0.865 - Recall: 0.841 - Accuracy: 0.861 - F1: 0.853
FIRE -> Precision: 0.917 - Recall: 0.900 - Accuracy: 0.953 - F1: 0.909

Saving model with new best validation loss: 26.593

=== EPOCH 35/99 ===
Learning Rate = 0.0008

TRAIN losses
Total Loss  |Smoke Loss  |Fire Loss   
------------ ------------ ------------
33.958      |22.528      |11.429      


VAL losses
Total Loss  |Smoke Loss  |Fire Loss   
------------ ------------ ------------
27.708      |18.708      |9.001       

VAL Metrics
SMOKE -> Precision: 0.843 - Recall: 0.864 - Accuracy: 0.857 - F1: 0.854
FIRE -> Precision: 0.943 - Recall: 0.865 - Accuracy: 0.951 - F1: 0.902

=== EPOCH 36/99 ===
Learning Rate = 0.0008

TRAIN losses
Total Loss  |Smoke Loss  |Fire Loss   
------------ ------------ ------------
33.763      |22.506      |11.257      


VAL losses
Total Loss  |Smoke Loss  |Fire Loss   
------------ ------------ ------------
26.315      |18.048      |8.268       

VAL Metrics
SMOKE -> Precision: 0.861 - Recall: 0.824 - Accuracy: 0.851 - F1: 0.842
FIRE -> Precision: 0.916 - Recall: 0.918 - Accuracy: 0.957 - F1: 0.917

Saving model with new best validation loss: 26.315

=== EPOCH 37/99 ===
Learning Rate = 0.0008

TRAIN losses
Total Loss  |Smoke Loss  |Fire Loss   
------------ ------------ ------------
33.658      |22.412      |11.246      


VAL losses
Total Loss  |Smoke Loss  |Fire Loss   
------------ ------------ ------------
26.959      |18.153      |8.806       

VAL Metrics
SMOKE -> Precision: 0.842 - Recall: 0.856 - Accuracy: 0.853 - F1: 0.849
FIRE -> Precision: 0.920 - Recall: 0.903 - Accuracy: 0.955 - F1: 0.911

=== EPOCH 38/99 ===
Learning Rate = 0.0008

TRAIN losses
Total Loss  |Smoke Loss  |Fire Loss   
------------ ------------ ------------
33.268      |22.087      |11.180      


VAL losses
Total Loss  |Smoke Loss  |Fire Loss   
------------ ------------ ------------
27.951      |19.080      |8.871       

VAL Metrics
SMOKE -> Precision: 0.927 - Recall: 0.694 - Accuracy: 0.826 - F1: 0.793
FIRE -> Precision: 0.925 - Recall: 0.888 - Accuracy: 0.952 - F1: 0.906

=== EPOCH 39/99 ===
Learning Rate = 0.0008

TRAIN losses
Total Loss  |Smoke Loss  |Fire Loss   
------------ ------------ ------------
32.773      |21.935      |10.838      


VAL losses
Total Loss  |Smoke Loss  |Fire Loss   
------------ ------------ ------------
26.611      |17.858      |8.754       

VAL Metrics
SMOKE -> Precision: 0.894 - Recall: 0.782 - Accuracy: 0.851 - F1: 0.834
FIRE -> Precision: 0.936 - Recall: 0.886 - Accuracy: 0.955 - F1: 0.910

=== EPOCH 40/99 ===
Learning Rate = 0.00064

TRAIN losses
Total Loss  |Smoke Loss  |Fire Loss   
------------ ------------ ------------
32.376      |21.495      |10.882      


VAL losses
Total Loss  |Smoke Loss  |Fire Loss   
------------ ------------ ------------
26.166      |17.691      |8.475       

VAL Metrics
SMOKE -> Precision: 0.911 - Recall: 0.773 - Accuracy: 0.854 - F1: 0.836
FIRE -> Precision: 0.945 - Recall: 0.891 - Accuracy: 0.958 - F1: 0.917

Saving model with new best validation loss: 26.166

=== EPOCH 41/99 ===
Learning Rate = 0.00064

TRAIN losses
Total Loss  |Smoke Loss  |Fire Loss   
------------ ------------ ------------
32.143      |21.312      |10.831      


VAL losses
Total Loss  |Smoke Loss  |Fire Loss   
------------ ------------ ------------
25.517      |16.842      |8.675       

VAL Metrics
SMOKE -> Precision: 0.891 - Recall: 0.829 - Accuracy: 0.869 - F1: 0.859
FIRE -> Precision: 0.889 - Recall: 0.933 - Accuracy: 0.952 - F1: 0.910

Saving model with new best validation loss: 25.517

=== EPOCH 42/99 ===
Learning Rate = 0.00064

TRAIN losses
Total Loss  |Smoke Loss  |Fire Loss   
------------ ------------ ------------
32.314      |21.524      |10.790      


VAL losses
Total Loss  |Smoke Loss  |Fire Loss   
------------ ------------ ------------
25.379      |17.216      |8.163       

VAL Metrics
SMOKE -> Precision: 0.885 - Recall: 0.807 - Accuracy: 0.857 - F1: 0.844
FIRE -> Precision: 0.929 - Recall: 0.902 - Accuracy: 0.957 - F1: 0.915

Saving model with new best validation loss: 25.379

=== EPOCH 43/99 ===
Learning Rate = 0.00064

TRAIN losses
Total Loss  |Smoke Loss  |Fire Loss   
------------ ------------ ------------
31.514      |20.882      |10.633      


VAL losses
Total Loss  |Smoke Loss  |Fire Loss   
------------ ------------ ------------
25.609      |17.015      |8.593       

VAL Metrics
SMOKE -> Precision: 0.893 - Recall: 0.807 - Accuracy: 0.861 - F1: 0.848
FIRE -> Precision: 0.897 - Recall: 0.929 - Accuracy: 0.954 - F1: 0.912

=== EPOCH 44/99 ===
Learning Rate = 0.00064

TRAIN losses
Total Loss  |Smoke Loss  |Fire Loss   
------------ ------------ ------------
31.538      |20.911      |10.627      


VAL losses
Total Loss  |Smoke Loss  |Fire Loss   
------------ ------------ ------------
25.558      |17.375      |8.183       

VAL Metrics
SMOKE -> Precision: 0.910 - Recall: 0.785 - Accuracy: 0.859 - F1: 0.843
FIRE -> Precision: 0.939 - Recall: 0.887 - Accuracy: 0.956 - F1: 0.912

=== EPOCH 45/99 ===
Learning Rate = 0.00064

TRAIN losses
Total Loss  |Smoke Loss  |Fire Loss   
------------ ------------ ------------
31.354      |20.954      |10.400      


VAL losses
Total Loss  |Smoke Loss  |Fire Loss   
------------ ------------ ------------
25.095      |16.760      |8.335       

VAL Metrics
SMOKE -> Precision: 0.853 - Recall: 0.887 - Accuracy: 0.872 - F1: 0.870
FIRE -> Precision: 0.900 - Recall: 0.918 - Accuracy: 0.952 - F1: 0.909

Saving model with new best validation loss: 25.095

=== EPOCH 46/99 ===
Learning Rate = 0.00064

TRAIN losses
Total Loss  |Smoke Loss  |Fire Loss   
------------ ------------ ------------
31.114      |20.593      |10.521      


VAL losses
Total Loss  |Smoke Loss  |Fire Loss   
------------ ------------ ------------
25.057      |16.545      |8.512       

VAL Metrics
SMOKE -> Precision: 0.854 - Recall: 0.882 - Accuracy: 0.871 - F1: 0.868
FIRE -> Precision: 0.896 - Recall: 0.931 - Accuracy: 0.954 - F1: 0.913

Saving model with new best validation loss: 25.057

=== EPOCH 47/99 ===
Learning Rate = 0.00064

TRAIN losses
Total Loss  |Smoke Loss  |Fire Loss   
------------ ------------ ------------
30.647      |20.417      |10.230      


VAL losses
Total Loss  |Smoke Loss  |Fire Loss   
------------ ------------ ------------
24.228      |15.947      |8.281       

VAL Metrics
SMOKE -> Precision: 0.907 - Recall: 0.833 - Accuracy: 0.878 - F1: 0.868
FIRE -> Precision: 0.949 - Recall: 0.886 - Accuracy: 0.958 - F1: 0.917

Saving model with new best validation loss: 24.228

=== EPOCH 48/99 ===
Learning Rate = 0.00064

TRAIN losses
Total Loss  |Smoke Loss  |Fire Loss   
------------ ------------ ------------
30.831      |20.496      |10.335      


VAL losses
Total Loss  |Smoke Loss  |Fire Loss   
------------ ------------ ------------
26.641      |17.613      |9.028       

VAL Metrics
SMOKE -> Precision: 0.923 - Recall: 0.735 - Accuracy: 0.843 - F1: 0.818
FIRE -> Precision: 0.947 - Recall: 0.871 - Accuracy: 0.954 - F1: 0.908

=== EPOCH 49/99 ===
Learning Rate = 0.00064

TRAIN losses
Total Loss  |Smoke Loss  |Fire Loss   
------------ ------------ ------------
31.024      |20.622      |10.402      


VAL losses
Total Loss  |Smoke Loss  |Fire Loss   
------------ ------------ ------------
23.911      |16.073      |7.838       

VAL Metrics
SMOKE -> Precision: 0.908 - Recall: 0.818 - Accuracy: 0.872 - F1: 0.861
FIRE -> Precision: 0.947 - Recall: 0.895 - Accuracy: 0.960 - F1: 0.920

Saving model with new best validation loss: 23.911

=== EPOCH 50/99 ===
Learning Rate = 0.00064

TRAIN losses
Total Loss  |Smoke Loss  |Fire Loss   
------------ ------------ ------------
30.583      |20.418      |10.164      


VAL losses
Total Loss  |Smoke Loss  |Fire Loss   
------------ ------------ ------------
23.379      |15.506      |7.873       

VAL Metrics
SMOKE -> Precision: 0.892 - Recall: 0.861 - Accuracy: 0.883 - F1: 0.876
FIRE -> Precision: 0.931 - Recall: 0.914 - Accuracy: 0.960 - F1: 0.922

Saving model with new best validation loss: 23.379

=== EPOCH 51/99 ===
Learning Rate = 0.00064

TRAIN losses
Total Loss  |Smoke Loss  |Fire Loss   
------------ ------------ ------------
30.282      |20.364      |9.917       


VAL losses
Total Loss  |Smoke Loss  |Fire Loss   
------------ ------------ ------------
24.115      |15.448      |8.667       

VAL Metrics
SMOKE -> Precision: 0.898 - Recall: 0.850 - Accuracy: 0.881 - F1: 0.873
FIRE -> Precision: 0.883 - Recall: 0.938 - Accuracy: 0.952 - F1: 0.910

=== EPOCH 52/99 ===
Learning Rate = 0.00064

TRAIN losses
Total Loss  |Smoke Loss  |Fire Loss   
------------ ------------ ------------
30.404      |20.181      |10.222      


VAL losses
Total Loss  |Smoke Loss  |Fire Loss   
------------ ------------ ------------
23.998      |15.832      |8.167       

VAL Metrics
SMOKE -> Precision: 0.873 - Recall: 0.879 - Accuracy: 0.880 - F1: 0.876
FIRE -> Precision: 0.907 - Recall: 0.918 - Accuracy: 0.955 - F1: 0.913

=== EPOCH 53/99 ===
Learning Rate = 0.00064

TRAIN losses
Total Loss  |Smoke Loss  |Fire Loss   
------------ ------------ ------------
30.292      |20.272      |10.020      


VAL losses
Total Loss  |Smoke Loss  |Fire Loss   
------------ ------------ ------------
25.198      |17.024      |8.175       

VAL Metrics
SMOKE -> Precision: 0.839 - Recall: 0.917 - Accuracy: 0.876 - F1: 0.877
FIRE -> Precision: 0.902 - Recall: 0.932 - Accuracy: 0.956 - F1: 0.917

=== EPOCH 54/99 ===
Learning Rate = 0.0005120000000000001

TRAIN losses
Total Loss  |Smoke Loss  |Fire Loss   
------------ ------------ ------------
30.077      |20.233      |9.845       


VAL losses
Total Loss  |Smoke Loss  |Fire Loss   
------------ ------------ ------------
23.368      |15.136      |8.232       

VAL Metrics
SMOKE -> Precision: 0.899 - Recall: 0.852 - Accuracy: 0.883 - F1: 0.875
FIRE -> Precision: 0.893 - Recall: 0.938 - Accuracy: 0.955 - F1: 0.915

Saving model with new best validation loss: 23.368

=== EPOCH 55/99 ===
Learning Rate = 0.0005120000000000001

TRAIN losses
Total Loss  |Smoke Loss  |Fire Loss   
------------ ------------ ------------
29.766      |19.614      |10.152      


VAL losses
Total Loss  |Smoke Loss  |Fire Loss   
------------ ------------ ------------
23.875      |15.411      |8.464       

VAL Metrics
SMOKE -> Precision: 0.903 - Recall: 0.838 - Accuracy: 0.879 - F1: 0.869
FIRE -> Precision: 0.884 - Recall: 0.946 - Accuracy: 0.954 - F1: 0.914

=== EPOCH 56/99 ===
Learning Rate = 0.0005120000000000001

TRAIN losses
Total Loss  |Smoke Loss  |Fire Loss   
------------ ------------ ------------
29.278      |19.598      |9.680       


VAL losses
Total Loss  |Smoke Loss  |Fire Loss   
------------ ------------ ------------
23.931      |15.490      |8.441       

VAL Metrics
SMOKE -> Precision: 0.931 - Recall: 0.803 - Accuracy: 0.877 - F1: 0.863
FIRE -> Precision: 0.962 - Recall: 0.864 - Accuracy: 0.956 - F1: 0.910

=== EPOCH 57/99 ===
Learning Rate = 0.0005120000000000001

TRAIN losses
Total Loss  |Smoke Loss  |Fire Loss   
------------ ------------ ------------
28.744      |19.125      |9.619       


VAL losses
Total Loss  |Smoke Loss  |Fire Loss   
------------ ------------ ------------
23.169      |15.243      |7.926       

VAL Metrics
SMOKE -> Precision: 0.869 - Recall: 0.892 - Accuracy: 0.884 - F1: 0.881
FIRE -> Precision: 0.917 - Recall: 0.933 - Accuracy: 0.961 - F1: 0.925

Saving model with new best validation loss: 23.169

=== EPOCH 58/99 ===
Learning Rate = 0.0005120000000000001

TRAIN losses
Total Loss  |Smoke Loss  |Fire Loss   
------------ ------------ ------------
29.350      |19.528      |9.822       


VAL losses
Total Loss  |Smoke Loss  |Fire Loss   
------------ ------------ ------------
22.564      |14.924      |7.640       

VAL Metrics
SMOKE -> Precision: 0.914 - Recall: 0.840 - Accuracy: 0.885 - F1: 0.875
FIRE -> Precision: 0.935 - Recall: 0.911 - Accuracy: 0.961 - F1: 0.923

Saving model with new best validation loss: 22.564

=== EPOCH 59/99 ===
Learning Rate = 0.0005120000000000001

TRAIN losses
Total Loss  |Smoke Loss  |Fire Loss   
------------ ------------ ------------
28.615      |19.340      |9.275       


VAL losses
Total Loss  |Smoke Loss  |Fire Loss   
------------ ------------ ------------
22.230      |14.429      |7.801       

VAL Metrics
SMOKE -> Precision: 0.916 - Recall: 0.840 - Accuracy: 0.886 - F1: 0.876
FIRE -> Precision: 0.898 - Recall: 0.932 - Accuracy: 0.955 - F1: 0.915

Saving model with new best validation loss: 22.230

=== EPOCH 60/99 ===
Learning Rate = 0.0005120000000000001

TRAIN losses
Total Loss  |Smoke Loss  |Fire Loss   
------------ ------------ ------------
28.476      |19.015      |9.461       


VAL losses
Total Loss  |Smoke Loss  |Fire Loss   
------------ ------------ ------------
22.510      |14.909      |7.601       

VAL Metrics
SMOKE -> Precision: 0.901 - Recall: 0.856 - Accuracy: 0.885 - F1: 0.878
FIRE -> Precision: 0.927 - Recall: 0.921 - Accuracy: 0.961 - F1: 0.924

=== EPOCH 61/99 ===
Learning Rate = 0.0005120000000000001

TRAIN losses
Total Loss  |Smoke Loss  |Fire Loss   
------------ ------------ ------------
28.608      |19.163      |9.445       


VAL losses
Total Loss  |Smoke Loss  |Fire Loss   
------------ ------------ ------------
23.473      |15.545      |7.928       

VAL Metrics
SMOKE -> Precision: 0.873 - Recall: 0.887 - Accuracy: 0.883 - F1: 0.880
FIRE -> Precision: 0.917 - Recall: 0.926 - Accuracy: 0.959 - F1: 0.922

=== EPOCH 62/99 ===
Learning Rate = 0.0005120000000000001

TRAIN losses
Total Loss  |Smoke Loss  |Fire Loss   
------------ ------------ ------------
28.317      |19.005      |9.312       


VAL losses
Total Loss  |Smoke Loss  |Fire Loss   
------------ ------------ ------------
22.583      |15.106      |7.477       

VAL Metrics
SMOKE -> Precision: 0.878 - Recall: 0.906 - Accuracy: 0.894 - F1: 0.892
FIRE -> Precision: 0.933 - Recall: 0.923 - Accuracy: 0.963 - F1: 0.928

=== EPOCH 63/99 ===
Learning Rate = 0.0004096000000000001

TRAIN losses
Total Loss  |Smoke Loss  |Fire Loss   
------------ ------------ ------------
27.892      |18.794      |9.098       


VAL losses
Total Loss  |Smoke Loss  |Fire Loss   
------------ ------------ ------------
22.674      |15.018      |7.656       

VAL Metrics
SMOKE -> Precision: 0.869 - Recall: 0.925 - Accuracy: 0.897 - F1: 0.896
FIRE -> Precision: 0.917 - Recall: 0.934 - Accuracy: 0.961 - F1: 0.925

=== EPOCH 64/99 ===
Learning Rate = 0.0004096000000000001

TRAIN losses
Total Loss  |Smoke Loss  |Fire Loss   
------------ ------------ ------------
28.208      |18.718      |9.491       


VAL losses
Total Loss  |Smoke Loss  |Fire Loss   
------------ ------------ ------------
22.228      |14.714      |7.514       

VAL Metrics
SMOKE -> Precision: 0.899 - Recall: 0.865 - Accuracy: 0.889 - F1: 0.882
FIRE -> Precision: 0.941 - Recall: 0.914 - Accuracy: 0.963 - F1: 0.927

Saving model with new best validation loss: 22.228

=== EPOCH 65/99 ===
Learning Rate = 0.0004096000000000001

TRAIN losses
Total Loss  |Smoke Loss  |Fire Loss   
------------ ------------ ------------
27.627      |18.433      |9.194       


VAL losses
Total Loss  |Smoke Loss  |Fire Loss   
------------ ------------ ------------
22.417      |14.744      |7.673       

VAL Metrics
SMOKE -> Precision: 0.923 - Recall: 0.826 - Accuracy: 0.883 - F1: 0.872
FIRE -> Precision: 0.948 - Recall: 0.903 - Accuracy: 0.962 - F1: 0.925

=== EPOCH 66/99 ===
Learning Rate = 0.0004096000000000001

TRAIN losses
Total Loss  |Smoke Loss  |Fire Loss   
------------ ------------ ------------
27.929      |18.530      |9.400       


VAL losses
Total Loss  |Smoke Loss  |Fire Loss   
------------ ------------ ------------
23.718      |15.771      |7.947       

VAL Metrics
SMOKE -> Precision: 0.946 - Recall: 0.775 - Accuracy: 0.870 - F1: 0.852
FIRE -> Precision: 0.950 - Recall: 0.890 - Accuracy: 0.959 - F1: 0.919

=== EPOCH 67/99 ===
Learning Rate = 0.0004096000000000001

TRAIN losses
Total Loss  |Smoke Loss  |Fire Loss   
------------ ------------ ------------
27.307      |18.272      |9.035       


VAL losses
Total Loss  |Smoke Loss  |Fire Loss   
------------ ------------ ------------
22.132      |14.704      |7.428       

VAL Metrics
SMOKE -> Precision: 0.931 - Recall: 0.815 - Accuracy: 0.882 - F1: 0.869
FIRE -> Precision: 0.937 - Recall: 0.922 - Accuracy: 0.964 - F1: 0.929

Saving model with new best validation loss: 22.132

=== EPOCH 68/99 ===
Learning Rate = 0.0004096000000000001

TRAIN losses
Total Loss  |Smoke Loss  |Fire Loss   
------------ ------------ ------------
27.188      |17.971      |9.218       


VAL losses
Total Loss  |Smoke Loss  |Fire Loss   
------------ ------------ ------------
22.319      |14.843      |7.475       

VAL Metrics
SMOKE -> Precision: 0.921 - Recall: 0.826 - Accuracy: 0.882 - F1: 0.871
FIRE -> Precision: 0.953 - Recall: 0.905 - Accuracy: 0.964 - F1: 0.928

=== EPOCH 69/99 ===
Learning Rate = 0.0004096000000000001

TRAIN losses
Total Loss  |Smoke Loss  |Fire Loss   
------------ ------------ ------------
27.128      |18.128      |9.000       


VAL losses
Total Loss  |Smoke Loss  |Fire Loss   
------------ ------------ ------------
21.232      |13.931      |7.301       

VAL Metrics
SMOKE -> Precision: 0.905 - Recall: 0.877 - Accuracy: 0.897 - F1: 0.891
FIRE -> Precision: 0.952 - Recall: 0.905 - Accuracy: 0.964 - F1: 0.928

Saving model with new best validation loss: 21.232

=== EPOCH 70/99 ===
Learning Rate = 0.0004096000000000001

TRAIN losses
Total Loss  |Smoke Loss  |Fire Loss   
------------ ------------ ------------
27.277      |18.361      |8.915       


VAL losses
Total Loss  |Smoke Loss  |Fire Loss   
------------ ------------ ------------
21.466      |13.739      |7.727       

VAL Metrics
SMOKE -> Precision: 0.913 - Recall: 0.869 - Accuracy: 0.897 - F1: 0.890
FIRE -> Precision: 0.909 - Recall: 0.936 - Accuracy: 0.959 - F1: 0.922

=== EPOCH 71/99 ===
Learning Rate = 0.0004096000000000001

TRAIN losses
Total Loss  |Smoke Loss  |Fire Loss   
------------ ------------ ------------
27.146      |18.192      |8.953       


VAL losses
Total Loss  |Smoke Loss  |Fire Loss   
------------ ------------ ------------
22.213      |14.631      |7.582       

VAL Metrics
SMOKE -> Precision: 0.929 - Recall: 0.814 - Accuracy: 0.881 - F1: 0.868
FIRE -> Precision: 0.941 - Recall: 0.911 - Accuracy: 0.962 - F1: 0.926

=== EPOCH 72/99 ===
Learning Rate = 0.0004096000000000001

TRAIN losses
Total Loss  |Smoke Loss  |Fire Loss   
------------ ------------ ------------
27.115      |18.065      |9.050       


VAL losses
Total Loss  |Smoke Loss  |Fire Loss   
------------ ------------ ------------
21.810      |14.232      |7.578       

VAL Metrics
SMOKE -> Precision: 0.928 - Recall: 0.834 - Accuracy: 0.889 - F1: 0.878
FIRE -> Precision: 0.919 - Recall: 0.931 - Accuracy: 0.961 - F1: 0.925

=== EPOCH 73/99 ===
Learning Rate = 0.0003276800000000001

TRAIN losses
Total Loss  |Smoke Loss  |Fire Loss   
------------ ------------ ------------
26.701      |17.795      |8.906       


VAL losses
Total Loss  |Smoke Loss  |Fire Loss   
------------ ------------ ------------
21.151      |13.814      |7.337       

VAL Metrics
SMOKE -> Precision: 0.905 - Recall: 0.881 - Accuracy: 0.898 - F1: 0.893
FIRE -> Precision: 0.922 - Recall: 0.929 - Accuracy: 0.961 - F1: 0.925

Saving model with new best validation loss: 21.151

=== EPOCH 74/99 ===
Learning Rate = 0.0003276800000000001

TRAIN losses
Total Loss  |Smoke Loss  |Fire Loss   
------------ ------------ ------------
26.693      |17.943      |8.749       


VAL losses
Total Loss  |Smoke Loss  |Fire Loss   
------------ ------------ ------------
21.009      |13.807      |7.202       

VAL Metrics
SMOKE -> Precision: 0.898 - Recall: 0.892 - Accuracy: 0.899 - F1: 0.895
FIRE -> Precision: 0.929 - Recall: 0.932 - Accuracy: 0.964 - F1: 0.930

Saving model with new best validation loss: 21.009

=== EPOCH 75/99 ===
Learning Rate = 0.0003276800000000001

TRAIN losses
Total Loss  |Smoke Loss  |Fire Loss   
------------ ------------ ------------
26.574      |17.593      |8.981       


VAL losses
Total Loss  |Smoke Loss  |Fire Loss   
------------ ------------ ------------
21.280      |13.666      |7.615       

VAL Metrics
SMOKE -> Precision: 0.922 - Recall: 0.858 - Accuracy: 0.897 - F1: 0.889
FIRE -> Precision: 0.938 - Recall: 0.911 - Accuracy: 0.961 - F1: 0.924

=== EPOCH 76/99 ===
Learning Rate = 0.0003276800000000001

TRAIN losses
Total Loss  |Smoke Loss  |Fire Loss   
------------ ------------ ------------
26.858      |17.948      |8.910       


VAL losses
Total Loss  |Smoke Loss  |Fire Loss   
------------ ------------ ------------
21.113      |13.523      |7.590       

VAL Metrics
SMOKE -> Precision: 0.933 - Recall: 0.850 - Accuracy: 0.898 - F1: 0.889
FIRE -> Precision: 0.959 - Recall: 0.886 - Accuracy: 0.961 - F1: 0.921

=== EPOCH 77/99 ===
Learning Rate = 0.0003276800000000001

TRAIN losses
Total Loss  |Smoke Loss  |Fire Loss   
------------ ------------ ------------
26.215      |17.498      |8.717       


VAL losses
Total Loss  |Smoke Loss  |Fire Loss   
------------ ------------ ------------
22.019      |14.721      |7.298       

VAL Metrics
SMOKE -> Precision: 0.874 - Recall: 0.917 - Accuracy: 0.896 - F1: 0.895
FIRE -> Precision: 0.922 - Recall: 0.933 - Accuracy: 0.962 - F1: 0.927

=== EPOCH 78/99 ===
Learning Rate = 0.0002621440000000001

TRAIN losses
Total Loss  |Smoke Loss  |Fire Loss   
------------ ------------ ------------
26.410      |17.670      |8.740       


VAL losses
Total Loss  |Smoke Loss  |Fire Loss   
------------ ------------ ------------
20.259      |13.203      |7.056       

VAL Metrics
SMOKE -> Precision: 0.914 - Recall: 0.877 - Accuracy: 0.901 - F1: 0.895
FIRE -> Precision: 0.940 - Recall: 0.922 - Accuracy: 0.965 - F1: 0.931

Saving model with new best validation loss: 20.259

=== EPOCH 79/99 ===
Learning Rate = 0.0002621440000000001

TRAIN losses
Total Loss  |Smoke Loss  |Fire Loss   
------------ ------------ ------------
25.800      |17.213      |8.587       


VAL losses
Total Loss  |Smoke Loss  |Fire Loss   
------------ ------------ ------------
20.338      |13.103      |7.235       

VAL Metrics
SMOKE -> Precision: 0.922 - Recall: 0.879 - Accuracy: 0.906 - F1: 0.900
FIRE -> Precision: 0.938 - Recall: 0.917 - Accuracy: 0.963 - F1: 0.928

=== EPOCH 80/99 ===
Learning Rate = 0.0002621440000000001

TRAIN losses
Total Loss  |Smoke Loss  |Fire Loss   
------------ ------------ ------------
25.788      |17.253      |8.535       


VAL losses
Total Loss  |Smoke Loss  |Fire Loss   
------------ ------------ ------------
20.632      |13.273      |7.359       

VAL Metrics
SMOKE -> Precision: 0.924 - Recall: 0.869 - Accuracy: 0.903 - F1: 0.896
FIRE -> Precision: 0.935 - Recall: 0.926 - Accuracy: 0.964 - F1: 0.930

=== EPOCH 81/99 ===
Learning Rate = 0.0002621440000000001

TRAIN losses
Total Loss  |Smoke Loss  |Fire Loss   
------------ ------------ ------------
25.794      |17.347      |8.448       


VAL losses
Total Loss  |Smoke Loss  |Fire Loss   
------------ ------------ ------------
22.449      |14.417      |8.031       

VAL Metrics
SMOKE -> Precision: 0.869 - Recall: 0.928 - Accuracy: 0.898 - F1: 0.898
FIRE -> Precision: 0.896 - Recall: 0.951 - Accuracy: 0.959 - F1: 0.923

=== EPOCH 82/99 ===
Learning Rate = 0.00020971520000000012

TRAIN losses
Total Loss  |Smoke Loss  |Fire Loss   
------------ ------------ ------------
25.640      |17.202      |8.438       


VAL losses
Total Loss  |Smoke Loss  |Fire Loss   
------------ ------------ ------------
20.600      |13.496      |7.103       

VAL Metrics
SMOKE -> Precision: 0.927 - Recall: 0.852 - Accuracy: 0.896 - F1: 0.888
FIRE -> Precision: 0.940 - Recall: 0.923 - Accuracy: 0.965 - F1: 0.932

=== EPOCH 83/99 ===
Learning Rate = 0.00020971520000000012

TRAIN losses
Total Loss  |Smoke Loss  |Fire Loss   
------------ ------------ ------------
25.467      |17.119      |8.348       


VAL losses
Total Loss  |Smoke Loss  |Fire Loss   
------------ ------------ ------------
20.403      |13.043      |7.360       

VAL Metrics
SMOKE -> Precision: 0.920 - Recall: 0.880 - Accuracy: 0.906 - F1: 0.900
FIRE -> Precision: 0.953 - Recall: 0.901 - Accuracy: 0.963 - F1: 0.926

=== EPOCH 84/99 ===
Learning Rate = 0.00020971520000000012

TRAIN losses
Total Loss  |Smoke Loss  |Fire Loss   
------------ ------------ ------------
25.639      |17.070      |8.569       


VAL losses
Total Loss  |Smoke Loss  |Fire Loss   
------------ ------------ ------------
20.246      |13.315      |6.931       

VAL Metrics
SMOKE -> Precision: 0.918 - Recall: 0.868 - Accuracy: 0.899 - F1: 0.892
FIRE -> Precision: 0.937 - Recall: 0.924 - Accuracy: 0.964 - F1: 0.931

Saving model with new best validation loss: 20.246

=== EPOCH 85/99 ===
Learning Rate = 0.00020971520000000012

TRAIN losses
Total Loss  |Smoke Loss  |Fire Loss   
------------ ------------ ------------
25.105      |16.726      |8.379       


VAL losses
Total Loss  |Smoke Loss  |Fire Loss   
------------ ------------ ------------
19.922      |12.871      |7.051       

VAL Metrics
SMOKE -> Precision: 0.921 - Recall: 0.888 - Accuracy: 0.909 - F1: 0.904
FIRE -> Precision: 0.936 - Recall: 0.925 - Accuracy: 0.964 - F1: 0.931

Saving model with new best validation loss: 19.922

Saving model with new best smoke precision: 0.921

=== EPOCH 86/99 ===
Learning Rate = 0.00020971520000000012

TRAIN losses
Total Loss  |Smoke Loss  |Fire Loss   
------------ ------------ ------------
25.289      |17.010      |8.279       


VAL losses
Total Loss  |Smoke Loss  |Fire Loss   
------------ ------------ ------------
19.838      |12.839      |6.999       

VAL Metrics
SMOKE -> Precision: 0.913 - Recall: 0.896 - Accuracy: 0.909 - F1: 0.904
FIRE -> Precision: 0.934 - Recall: 0.931 - Accuracy: 0.965 - F1: 0.932

Saving model with new best validation loss: 19.838

=== EPOCH 87/99 ===
Learning Rate = 0.00020971520000000012

TRAIN losses
Total Loss  |Smoke Loss  |Fire Loss   
------------ ------------ ------------
25.844      |17.247      |8.597       


VAL losses
Total Loss  |Smoke Loss  |Fire Loss   
------------ ------------ ------------
19.955      |13.004      |6.952       

VAL Metrics
SMOKE -> Precision: 0.921 - Recall: 0.876 - Accuracy: 0.904 - F1: 0.898
FIRE -> Precision: 0.927 - Recall: 0.933 - Accuracy: 0.964 - F1: 0.930

=== EPOCH 88/99 ===
Learning Rate = 0.00020971520000000012

TRAIN losses
Total Loss  |Smoke Loss  |Fire Loss   
------------ ------------ ------------
25.275      |16.705      |8.570       


VAL losses
Total Loss  |Smoke Loss  |Fire Loss   
------------ ------------ ------------
20.189      |13.021      |7.168       

VAL Metrics
SMOKE -> Precision: 0.912 - Recall: 0.890 - Accuracy: 0.906 - F1: 0.901
FIRE -> Precision: 0.936 - Recall: 0.925 - Accuracy: 0.964 - F1: 0.931

=== EPOCH 89/99 ===
Learning Rate = 0.00020971520000000012

TRAIN losses
Total Loss  |Smoke Loss  |Fire Loss   
------------ ------------ ------------
25.109      |16.800      |8.309       


VAL losses
Total Loss  |Smoke Loss  |Fire Loss   
------------ ------------ ------------
20.213      |13.175      |7.038       

VAL Metrics
SMOKE -> Precision: 0.920 - Recall: 0.874 - Accuracy: 0.903 - F1: 0.897
FIRE -> Precision: 0.935 - Recall: 0.932 - Accuracy: 0.965 - F1: 0.933

=== EPOCH 90/99 ===
Learning Rate = 0.0001677721600000001

TRAIN losses
Total Loss  |Smoke Loss  |Fire Loss   
------------ ------------ ------------
24.791      |16.769      |8.022       


VAL losses
Total Loss  |Smoke Loss  |Fire Loss   
------------ ------------ ------------
19.753      |12.662      |7.092       

VAL Metrics
SMOKE -> Precision: 0.928 - Recall: 0.880 - Accuracy: 0.910 - F1: 0.903
FIRE -> Precision: 0.938 - Recall: 0.923 - Accuracy: 0.964 - F1: 0.930

Saving model with new best validation loss: 19.753

Saving model with new best smoke precision: 0.928

=== EPOCH 91/99 ===
Learning Rate = 0.0001677721600000001

TRAIN losses
Total Loss  |Smoke Loss  |Fire Loss   
------------ ------------ ------------
24.910      |16.780      |8.130       


VAL losses
Total Loss  |Smoke Loss  |Fire Loss   
------------ ------------ ------------
19.813      |12.710      |7.103       

VAL Metrics
SMOKE -> Precision: 0.907 - Recall: 0.907 - Accuracy: 0.911 - F1: 0.907
FIRE -> Precision: 0.927 - Recall: 0.936 - Accuracy: 0.964 - F1: 0.931

=== EPOCH 92/99 ===
Learning Rate = 0.0001677721600000001

TRAIN losses
Total Loss  |Smoke Loss  |Fire Loss   
------------ ------------ ------------
24.511      |16.370      |8.141       


VAL losses
Total Loss  |Smoke Loss  |Fire Loss   
------------ ------------ ------------
19.556      |12.668      |6.888       

VAL Metrics
SMOKE -> Precision: 0.910 - Recall: 0.895 - Accuracy: 0.907 - F1: 0.902
FIRE -> Precision: 0.934 - Recall: 0.927 - Accuracy: 0.964 - F1: 0.930

Saving model with new best validation loss: 19.556

=== EPOCH 93/99 ===
Learning Rate = 0.0001677721600000001

TRAIN losses
Total Loss  |Smoke Loss  |Fire Loss   
------------ ------------ ------------
24.580      |16.579      |8.001       


VAL losses
Total Loss  |Smoke Loss  |Fire Loss   
------------ ------------ ------------
19.718      |12.666      |7.052       

VAL Metrics
SMOKE -> Precision: 0.914 - Recall: 0.892 - Accuracy: 0.908 - F1: 0.903
FIRE -> Precision: 0.935 - Recall: 0.933 - Accuracy: 0.966 - F1: 0.934

=== EPOCH 94/99 ===
Learning Rate = 0.0001677721600000001

TRAIN losses
Total Loss  |Smoke Loss  |Fire Loss   
------------ ------------ ------------
24.522      |16.610      |7.912       


VAL losses
Total Loss  |Smoke Loss  |Fire Loss   
------------ ------------ ------------
19.725      |12.821      |6.904       

VAL Metrics
SMOKE -> Precision: 0.926 - Recall: 0.872 - Accuracy: 0.905 - F1: 0.898
FIRE -> Precision: 0.950 - Recall: 0.914 - Accuracy: 0.965 - F1: 0.932

=== EPOCH 95/99 ===
Learning Rate = 0.0001677721600000001

TRAIN losses
Total Loss  |Smoke Loss  |Fire Loss   
------------ ------------ ------------
24.843      |16.492      |8.351       


VAL losses
Total Loss  |Smoke Loss  |Fire Loss   
------------ ------------ ------------
19.243      |12.469      |6.774       

VAL Metrics
SMOKE -> Precision: 0.929 - Recall: 0.882 - Accuracy: 0.910 - F1: 0.905
FIRE -> Precision: 0.936 - Recall: 0.928 - Accuracy: 0.965 - F1: 0.932

Saving model with new best validation loss: 19.243

Saving model with new best smoke precision: 0.929

=== EPOCH 96/99 ===
Learning Rate = 0.0001677721600000001

TRAIN losses
Total Loss  |Smoke Loss  |Fire Loss   
------------ ------------ ------------
24.764      |16.525      |8.238       


VAL losses
Total Loss  |Smoke Loss  |Fire Loss   
------------ ------------ ------------
19.999      |12.928      |7.071       

VAL Metrics
SMOKE -> Precision: 0.927 - Recall: 0.871 - Accuracy: 0.905 - F1: 0.898
FIRE -> Precision: 0.930 - Recall: 0.933 - Accuracy: 0.965 - F1: 0.932

=== EPOCH 97/99 ===
Learning Rate = 0.0001677721600000001

TRAIN losses
Total Loss  |Smoke Loss  |Fire Loss   
------------ ------------ ------------
24.719      |16.473      |8.246       


VAL losses
Total Loss  |Smoke Loss  |Fire Loss   
------------ ------------ ------------
19.697      |12.744      |6.953       

VAL Metrics
SMOKE -> Precision: 0.928 - Recall: 0.866 - Accuracy: 0.903 - F1: 0.896
FIRE -> Precision: 0.944 - Recall: 0.923 - Accuracy: 0.966 - F1: 0.933

=== EPOCH 98/99 ===
Learning Rate = 0.0001677721600000001

TRAIN losses
Total Loss  |Smoke Loss  |Fire Loss   
------------ ------------ ------------
24.783      |16.714      |8.068       


VAL losses
Total Loss  |Smoke Loss  |Fire Loss   
------------ ------------ ------------
19.396      |12.618      |6.778       

VAL Metrics
SMOKE -> Precision: 0.911 - Recall: 0.908 - Accuracy: 0.913 - F1: 0.909
FIRE -> Precision: 0.940 - Recall: 0.925 - Accuracy: 0.965 - F1: 0.932

=== EPOCH 99/99 ===
Learning Rate = 0.00013421772800000008

TRAIN losses
Total Loss  |Smoke Loss  |Fire Loss   
------------ ------------ ------------
24.300      |16.211      |8.089       


VAL losses
Total Loss  |Smoke Loss  |Fire Loss   
------------ ------------ ------------
19.001      |12.233      |6.769       

VAL Metrics
SMOKE -> Precision: 0.926 - Recall: 0.885 - Accuracy: 0.911 - F1: 0.905
FIRE -> Precision: 0.930 - Recall: 0.926 - Accuracy: 0.963 - F1: 0.928

Saving model with new best validation loss: 19.001
Saving last model

***Script finished: 16:00:06

Time elapsed: 1:04:27.171547
