BED Detector.
	DFire and FASDD UAV and CV.
	Max Obj = 5.
	IOU Threshold = 0.35.
	NMS IOU Threshold does not change too much, so it is not tested.


Weights file: ./experiments/test_03_dfire_&_fasdd_uav_cv_+epochs_maxobj10/weights/BED_detector__best_mAP=0.6224__epoch=119.pt


DFire Aladdin Metrics:

mAP @0.50   0.5293
Average Precision
- Smoke     0.5776
- Fire      0.4811
Class Precision
- Smoke     0.6195
- Fire      0.6240
Class Recall
- Smoke     0.6516
- Fire      0.5290

DFire Torchmetrics: 
{'mAP': tensor(-1.), 'AP': [0.5796296000480652, 0.4797586500644684], 'AR': [0.6515641808509827, 0.5290127992630005]}


FASDD UAV Aladdin Metrics:

mAP @0.50   0.6867
Average Precision
- Smoke     0.7276
- Fire      0.6459
Class Precision
- Smoke     0.8520
- Fire      0.9330
Class Recall
- Smoke     0.7372
- Fire      0.6483

FASDD UAV Torchmetrics: 
{'mAP': tensor(-1.), 'AP': [0.7236683964729309, 0.6414661407470703], 'AR': [0.7372182607650757, 0.6482919454574585]}


FASDD CV Aladdin Metrics:

mAP @0.50   0.8075
Average Precision
- Smoke     0.8052
- Fire      0.8098
Class Precision
- Smoke     0.7710
- Fire      0.7714
Class Recall
- Smoke     0.8349
- Fire      0.8359

FASDD CV Torchmetrics: 
{'mAP': tensor(-1.), 'AP': [0.8024535179138184, 0.80642169713974], 'AR': [0.8348968029022217, 0.8358685970306396]}


Full Dataset Aladdin Metrics:

mAP @0.50   0.7492
Average Precision
- Smoke     0.7576
- Fire      0.7409
Class Precision
- Smoke     0.7566
- Fire      0.7692
Class Recall
- Smoke     0.7880
- Fire      0.7649

Full Dataset Torchmetrics: 
{'mAP': tensor(-1.), 'AP': [0.7529520392417908, 0.738872766494751], 'AR': [0.788025438785553, 0.7648595571517944]}
