BED Classifier XS Tiny. Trying to reduce it: v1. 255 Normalization. Weighted for Precision.
DFire Removed wrong images: 0
DFire empty images: 31
DFire only smoke images: 17
DFire only fire images: 2
DFire smoke and fire images: 14

TRAIN DFIRE dataset
DFire Removed wrong images: 0
DFire empty images: 7833
DFire only smoke images: 4681
DFire only fire images: 944
DFire smoke and fire images: 3763
Train dataset len: 17221

TEST DFire dataset
DFire Removed wrong images: 0
DFire empty images: 2005
DFire only smoke images: 1186
DFire only fire images: 220
DFire smoke and fire images: 895
Test dataset len: 4306
Using BED Classifier
Model shape is tensor([[-0.0280,  0.0150],
        [ 0.0933, -0.0303],
        [-0.0212, -0.1215],
        [ 0.1785,  0.0264]], device='cuda:0', grad_fn=<CatBackward0>)
BED Model Arquitecture
BED_CLASSIFIER(
  (model): Sequential(
    (0): Conv2d(3, 64, kernel_size=(3, 3), stride=(1, 1), padding=(1, 1), bias=False)
    (1): BatchNorm2d(64, eps=1e-05, momentum=0.1, affine=False, track_running_stats=True)
    (2): ReLU()
    (3): Dropout2d(p=0.3, inplace=False)
    (4): MaxPool2d(kernel_size=2, stride=2, padding=0, dilation=1, ceil_mode=False)
    (5): Conv2d(64, 32, kernel_size=(3, 3), stride=(1, 1), padding=(1, 1), bias=False)
    (6): BatchNorm2d(32, eps=1e-05, momentum=0.1, affine=False, track_running_stats=True)
    (7): ReLU()
    (8): Dropout2d(p=0.3, inplace=False)
    (9): MaxPool2d(kernel_size=2, stride=2, padding=0, dilation=1, ceil_mode=False)
    (10): Conv2d(32, 16, kernel_size=(1, 1), stride=(1, 1), bias=False)
    (11): BatchNorm2d(16, eps=1e-05, momentum=0.1, affine=False, track_running_stats=True)
    (12): ReLU()
    (13): Conv2d(16, 32, kernel_size=(3, 3), stride=(1, 1), padding=(1, 1), bias=False)
    (14): BatchNorm2d(32, eps=1e-05, momentum=0.1, affine=False, track_running_stats=True)
    (15): ReLU()
    (16): Conv2d(32, 16, kernel_size=(1, 1), stride=(1, 1), bias=False)
    (17): BatchNorm2d(16, eps=1e-05, momentum=0.1, affine=False, track_running_stats=True)
    (18): ReLU()
    (19): Conv2d(16, 32, kernel_size=(3, 3), stride=(1, 1), padding=(1, 1), bias=False)
    (20): BatchNorm2d(32, eps=1e-05, momentum=0.1, affine=False, track_running_stats=True)
    (21): ReLU()
    (22): MaxPool2d(kernel_size=2, stride=2, padding=0, dilation=1, ceil_mode=False)
    (23): Conv2d(32, 16, kernel_size=(1, 1), stride=(1, 1), bias=False)
    (24): BatchNorm2d(16, eps=1e-05, momentum=0.1, affine=False, track_running_stats=True)
    (25): ReLU()
    (26): Conv2d(16, 32, kernel_size=(3, 3), stride=(1, 1), padding=(1, 1), bias=False)
    (27): BatchNorm2d(32, eps=1e-05, momentum=0.1, affine=False, track_running_stats=True)
    (28): ReLU()
    (29): Conv2d(32, 32, kernel_size=(1, 1), stride=(1, 1), bias=False)
    (30): BatchNorm2d(32, eps=1e-05, momentum=0.1, affine=False, track_running_stats=True)
    (31): ReLU()
    (32): Conv2d(32, 64, kernel_size=(3, 3), stride=(1, 1), padding=(1, 1), bias=False)
    (33): BatchNorm2d(64, eps=1e-05, momentum=0.1, affine=False, track_running_stats=True)
    (34): ReLU()
    (35): Conv2d(64, 32, kernel_size=(1, 1), stride=(1, 1), bias=False)
    (36): BatchNorm2d(32, eps=1e-05, momentum=0.1, affine=False, track_running_stats=True)
    (37): ReLU()
    (38): Conv2d(32, 64, kernel_size=(3, 3), stride=(1, 1), padding=(1, 1), bias=False)
    (39): BatchNorm2d(64, eps=1e-05, momentum=0.1, affine=False, track_running_stats=True)
    (40): ReLU()
  )
  (pool): AdaptiveAvgPool2d(output_size=(1, 1))
  (smoke): Sequential(
    (0): Dropout(p=0.2, inplace=False)
    (1): Linear(in_features=64, out_features=16, bias=True)
    (2): ReLU()
    (3): Linear(in_features=16, out_features=1, bias=True)
  )
  (fire): Sequential(
    (0): Dropout(p=0.2, inplace=False)
    (1): Linear(in_features=64, out_features=16, bias=True)
    (2): ReLU()
    (3): Linear(in_features=16, out_features=1, bias=True)
  )
)

Trainable parameters = 77570
Total parameters = 77570

Starting script

Device: cuda
Learning Rate: 0.001
Weight Decay: 0.0001
Batch Size: 64
IMG DIMS: (224, 224)
W: 224
H: 224
Loss Function: BCE
Smoke Precision Weight: 0.7

***Start Training: 10:47:11

Initializing Weights

=== EPOCH 0/124 ===
Learning Rate = 0.001

TRAIN losses
Total Loss  |Smoke Loss  |Fire Loss   
------------ ------------ ------------
68.393      |36.594      |31.799      


VAL losses
Total Loss  |Smoke Loss  |Fire Loss   
------------ ------------ ------------
60.971      |36.066      |24.905      

VAL Metrics
SMOKE -> Precision: 0.000 - Recall: 0.000 - Accuracy: 0.519 - F1: 0.000
FIRE -> Precision: 0.718 - Recall: 0.401 - Accuracy: 0.804 - F1: 0.514

Saving model with new best validation loss: 60.971

=== EPOCH 1/124 ===
Learning Rate = 0.001

TRAIN losses
Total Loss  |Smoke Loss  |Fire Loss   
------------ ------------ ------------
61.722      |35.620      |26.101      


VAL losses
Total Loss  |Smoke Loss  |Fire Loss   
------------ ------------ ------------
55.976      |34.840      |21.136      

VAL Metrics
SMOKE -> Precision: 0.725 - Recall: 0.083 - Accuracy: 0.544 - F1: 0.149
FIRE -> Precision: 0.724 - Recall: 0.672 - Accuracy: 0.849 - F1: 0.697

Saving model with new best validation loss: 55.976

=== EPOCH 2/124 ===
Learning Rate = 0.001

TRAIN losses
Total Loss  |Smoke Loss  |Fire Loss   
------------ ------------ ------------
58.990      |35.030      |23.960      


VAL losses
Total Loss  |Smoke Loss  |Fire Loss   
------------ ------------ ------------
55.563      |34.254      |21.309      

VAL Metrics
SMOKE -> Precision: 0.747 - Recall: 0.210 - Accuracy: 0.586 - F1: 0.328
FIRE -> Precision: 0.721 - Recall: 0.702 - Accuracy: 0.853 - F1: 0.711

Saving model with new best validation loss: 55.563

=== EPOCH 3/124 ===
Learning Rate = 0.001

TRAIN losses
Total Loss  |Smoke Loss  |Fire Loss   
------------ ------------ ------------
56.938      |34.679      |22.259      


VAL losses
Total Loss  |Smoke Loss  |Fire Loss   
------------ ------------ ------------
51.780      |33.402      |18.378      

VAL Metrics
SMOKE -> Precision: 0.756 - Recall: 0.219 - Accuracy: 0.590 - F1: 0.340
FIRE -> Precision: 0.782 - Recall: 0.708 - Accuracy: 0.873 - F1: 0.743

Saving model with new best validation loss: 51.780

=== EPOCH 4/124 ===
Learning Rate = 0.001

TRAIN losses
Total Loss  |Smoke Loss  |Fire Loss   
------------ ------------ ------------
54.646      |33.895      |20.751      


VAL losses
Total Loss  |Smoke Loss  |Fire Loss   
------------ ------------ ------------
49.695      |32.548      |17.148      

VAL Metrics
SMOKE -> Precision: 0.794 - Recall: 0.324 - Accuracy: 0.634 - F1: 0.460
FIRE -> Precision: 0.801 - Recall: 0.738 - Accuracy: 0.885 - F1: 0.768

Saving model with new best validation loss: 49.695

=== EPOCH 5/124 ===
Learning Rate = 0.001

TRAIN losses
Total Loss  |Smoke Loss  |Fire Loss   
------------ ------------ ------------
53.016      |33.296      |19.721      


VAL losses
Total Loss  |Smoke Loss  |Fire Loss   
------------ ------------ ------------
48.953      |31.710      |17.243      

VAL Metrics
SMOKE -> Precision: 0.792 - Recall: 0.414 - Accuracy: 0.666 - F1: 0.544
FIRE -> Precision: 0.865 - Recall: 0.701 - Accuracy: 0.894 - F1: 0.775

Saving model with new best validation loss: 48.953

=== EPOCH 6/124 ===
Learning Rate = 0.001

TRAIN losses
Total Loss  |Smoke Loss  |Fire Loss   
------------ ------------ ------------
51.111      |32.392      |18.719      


VAL losses
Total Loss  |Smoke Loss  |Fire Loss   
------------ ------------ ------------
46.027      |30.172      |15.854      

VAL Metrics
SMOKE -> Precision: 0.795 - Recall: 0.425 - Accuracy: 0.670 - F1: 0.554
FIRE -> Precision: 0.777 - Recall: 0.852 - Accuracy: 0.899 - F1: 0.813

Saving model with new best validation loss: 46.027

=== EPOCH 7/124 ===
Learning Rate = 0.001

TRAIN losses
Total Loss  |Smoke Loss  |Fire Loss   
------------ ------------ ------------
49.213      |31.346      |17.868      


VAL losses
Total Loss  |Smoke Loss  |Fire Loss   
------------ ------------ ------------
42.888      |28.431      |14.458      

VAL Metrics
SMOKE -> Precision: 0.771 - Recall: 0.603 - Accuracy: 0.723 - F1: 0.677
FIRE -> Precision: 0.827 - Recall: 0.833 - Accuracy: 0.912 - F1: 0.830

Saving model with new best validation loss: 42.888

=== EPOCH 8/124 ===
Learning Rate = 0.001

TRAIN losses
Total Loss  |Smoke Loss  |Fire Loss   
------------ ------------ ------------
48.262      |30.821      |17.440      


VAL losses
Total Loss  |Smoke Loss  |Fire Loss   
------------ ------------ ------------
41.235      |27.699      |13.536      

VAL Metrics
SMOKE -> Precision: 0.802 - Recall: 0.588 - Accuracy: 0.732 - F1: 0.679
FIRE -> Precision: 0.867 - Recall: 0.823 - Accuracy: 0.921 - F1: 0.844

Saving model with new best validation loss: 41.235

=== EPOCH 9/124 ===
Learning Rate = 0.001

TRAIN losses
Total Loss  |Smoke Loss  |Fire Loss   
------------ ------------ ------------
47.316      |30.381      |16.935      


VAL losses
Total Loss  |Smoke Loss  |Fire Loss   
------------ ------------ ------------
40.248      |27.056      |13.191      

VAL Metrics
SMOKE -> Precision: 0.828 - Recall: 0.514 - Accuracy: 0.715 - F1: 0.634
FIRE -> Precision: 0.826 - Recall: 0.850 - Accuracy: 0.915 - F1: 0.838

Saving model with new best validation loss: 40.248

=== EPOCH 10/124 ===
Learning Rate = 0.001

TRAIN losses
Total Loss  |Smoke Loss  |Fire Loss   
------------ ------------ ------------
46.369      |29.849      |16.520      


VAL losses
Total Loss  |Smoke Loss  |Fire Loss   
------------ ------------ ------------
39.681      |26.460      |13.221      

VAL Metrics
SMOKE -> Precision: 0.832 - Recall: 0.535 - Accuracy: 0.724 - F1: 0.651
FIRE -> Precision: 0.858 - Recall: 0.819 - Accuracy: 0.918 - F1: 0.838

Saving model with new best validation loss: 39.681

=== EPOCH 11/124 ===
Learning Rate = 0.001

TRAIN losses
Total Loss  |Smoke Loss  |Fire Loss   
------------ ------------ ------------
45.588      |29.475      |16.113      


VAL losses
Total Loss  |Smoke Loss  |Fire Loss   
------------ ------------ ------------
39.484      |26.394      |13.091      

VAL Metrics
SMOKE -> Precision: 0.804 - Recall: 0.630 - Accuracy: 0.748 - F1: 0.706
FIRE -> Precision: 0.873 - Recall: 0.802 - Accuracy: 0.918 - F1: 0.836

Saving model with new best validation loss: 39.484

=== EPOCH 12/124 ===
Learning Rate = 0.001

TRAIN losses
Total Loss  |Smoke Loss  |Fire Loss   
------------ ------------ ------------
45.104      |29.168      |15.937      


VAL losses
Total Loss  |Smoke Loss  |Fire Loss   
------------ ------------ ------------
38.090      |25.943      |12.147      

VAL Metrics
SMOKE -> Precision: 0.790 - Recall: 0.673 - Accuracy: 0.757 - F1: 0.727
FIRE -> Precision: 0.892 - Recall: 0.823 - Accuracy: 0.928 - F1: 0.856

Saving model with new best validation loss: 38.090

=== EPOCH 13/124 ===
Learning Rate = 0.001

TRAIN losses
Total Loss  |Smoke Loss  |Fire Loss   
------------ ------------ ------------
44.476      |28.926      |15.550      


VAL losses
Total Loss  |Smoke Loss  |Fire Loss   
------------ ------------ ------------
38.014      |25.600      |12.415      

VAL Metrics
SMOKE -> Precision: 0.821 - Recall: 0.658 - Accuracy: 0.766 - F1: 0.731
FIRE -> Precision: 0.908 - Recall: 0.801 - Accuracy: 0.927 - F1: 0.851

Saving model with new best validation loss: 38.014

=== EPOCH 14/124 ===
Learning Rate = 0.001

TRAIN losses
Total Loss  |Smoke Loss  |Fire Loss   
------------ ------------ ------------
43.880      |28.373      |15.506      


VAL losses
Total Loss  |Smoke Loss  |Fire Loss   
------------ ------------ ------------
38.561      |25.724      |12.837      

VAL Metrics
SMOKE -> Precision: 0.876 - Recall: 0.528 - Accuracy: 0.737 - F1: 0.659
FIRE -> Precision: 0.910 - Recall: 0.780 - Accuracy: 0.923 - F1: 0.840

=== EPOCH 15/124 ===
Learning Rate = 0.001

TRAIN losses
Total Loss  |Smoke Loss  |Fire Loss   
------------ ------------ ------------
43.204      |28.004      |15.200      


VAL losses
Total Loss  |Smoke Loss  |Fire Loss   
------------ ------------ ------------
36.663      |24.527      |12.136      

VAL Metrics
SMOKE -> Precision: 0.811 - Recall: 0.665 - Accuracy: 0.764 - F1: 0.730
FIRE -> Precision: 0.910 - Recall: 0.815 - Accuracy: 0.931 - F1: 0.860

Saving model with new best validation loss: 36.663

=== EPOCH 16/124 ===
Learning Rate = 0.001

TRAIN losses
Total Loss  |Smoke Loss  |Fire Loss   
------------ ------------ ------------
42.539      |27.869      |14.670      


VAL losses
Total Loss  |Smoke Loss  |Fire Loss   
------------ ------------ ------------
40.412      |28.149      |12.263      

VAL Metrics
SMOKE -> Precision: 0.892 - Recall: 0.450 - Accuracy: 0.709 - F1: 0.598
FIRE -> Precision: 0.909 - Recall: 0.810 - Accuracy: 0.930 - F1: 0.857

=== EPOCH 17/124 ===
Learning Rate = 0.001

TRAIN losses
Total Loss  |Smoke Loss  |Fire Loss   
------------ ------------ ------------
42.563      |27.689      |14.874      


VAL losses
Total Loss  |Smoke Loss  |Fire Loss   
------------ ------------ ------------
35.124      |23.768      |11.355      

VAL Metrics
SMOKE -> Precision: 0.836 - Recall: 0.669 - Accuracy: 0.778 - F1: 0.744
FIRE -> Precision: 0.913 - Recall: 0.832 - Accuracy: 0.936 - F1: 0.871

Saving model with new best validation loss: 35.124

=== EPOCH 18/124 ===
Learning Rate = 0.001

TRAIN losses
Total Loss  |Smoke Loss  |Fire Loss   
------------ ------------ ------------
41.999      |27.286      |14.713      


VAL losses
Total Loss  |Smoke Loss  |Fire Loss   
------------ ------------ ------------
35.394      |24.273      |11.121      

VAL Metrics
SMOKE -> Precision: 0.797 - Recall: 0.747 - Accuracy: 0.787 - F1: 0.771
FIRE -> Precision: 0.866 - Recall: 0.876 - Accuracy: 0.933 - F1: 0.871

=== EPOCH 19/124 ===
Learning Rate = 0.001

TRAIN losses
Total Loss  |Smoke Loss  |Fire Loss   
------------ ------------ ------------
41.482      |27.068      |14.414      


VAL losses
Total Loss  |Smoke Loss  |Fire Loss   
------------ ------------ ------------
36.028      |24.656      |11.372      

VAL Metrics
SMOKE -> Precision: 0.891 - Recall: 0.510 - Accuracy: 0.734 - F1: 0.649
FIRE -> Precision: 0.910 - Recall: 0.825 - Accuracy: 0.934 - F1: 0.865

=== EPOCH 20/124 ===
Learning Rate = 0.001

TRAIN losses
Total Loss  |Smoke Loss  |Fire Loss   
------------ ------------ ------------
41.313      |27.125      |14.189      


VAL losses
Total Loss  |Smoke Loss  |Fire Loss   
------------ ------------ ------------
34.091      |23.014      |11.077      

VAL Metrics
SMOKE -> Precision: 0.807 - Recall: 0.764 - Accuracy: 0.799 - F1: 0.785
FIRE -> Precision: 0.879 - Recall: 0.880 - Accuracy: 0.938 - F1: 0.880

Saving model with new best validation loss: 34.091

=== EPOCH 21/124 ===
Learning Rate = 0.001

TRAIN losses
Total Loss  |Smoke Loss  |Fire Loss   
------------ ------------ ------------
40.802      |26.602      |14.200      


VAL losses
Total Loss  |Smoke Loss  |Fire Loss   
------------ ------------ ------------
34.535      |22.790      |11.745      

VAL Metrics
SMOKE -> Precision: 0.872 - Recall: 0.638 - Accuracy: 0.781 - F1: 0.737
FIRE -> Precision: 0.932 - Recall: 0.807 - Accuracy: 0.935 - F1: 0.865

=== EPOCH 22/124 ===
Learning Rate = 0.001

TRAIN losses
Total Loss  |Smoke Loss  |Fire Loss   
------------ ------------ ------------
40.103      |26.397      |13.705      


VAL losses
Total Loss  |Smoke Loss  |Fire Loss   
------------ ------------ ------------
34.331      |23.124      |11.207      

VAL Metrics
SMOKE -> Precision: 0.845 - Recall: 0.649 - Accuracy: 0.774 - F1: 0.734
FIRE -> Precision: 0.914 - Recall: 0.832 - Accuracy: 0.936 - F1: 0.871

=== EPOCH 23/124 ===
Learning Rate = 0.001

TRAIN losses
Total Loss  |Smoke Loss  |Fire Loss   
------------ ------------ ------------
39.688      |25.895      |13.793      


VAL losses
Total Loss  |Smoke Loss  |Fire Loss   
------------ ------------ ------------
32.960      |22.306      |10.654      

VAL Metrics
SMOKE -> Precision: 0.845 - Recall: 0.682 - Accuracy: 0.787 - F1: 0.755
FIRE -> Precision: 0.916 - Recall: 0.838 - Accuracy: 0.938 - F1: 0.875

Saving model with new best validation loss: 32.960

=== EPOCH 24/124 ===
Learning Rate = 0.001

TRAIN losses
Total Loss  |Smoke Loss  |Fire Loss   
------------ ------------ ------------
39.347      |25.934      |13.413      


VAL losses
Total Loss  |Smoke Loss  |Fire Loss   
------------ ------------ ------------
35.529      |24.389      |11.139      

VAL Metrics
SMOKE -> Precision: 0.865 - Recall: 0.589 - Accuracy: 0.758 - F1: 0.701
FIRE -> Precision: 0.934 - Recall: 0.812 - Accuracy: 0.936 - F1: 0.868

=== EPOCH 25/124 ===
Learning Rate = 0.001

TRAIN losses
Total Loss  |Smoke Loss  |Fire Loss   
------------ ------------ ------------
39.096      |25.588      |13.508      


VAL losses
Total Loss  |Smoke Loss  |Fire Loss   
------------ ------------ ------------
32.962      |21.948      |11.013      

VAL Metrics
SMOKE -> Precision: 0.831 - Recall: 0.786 - Accuracy: 0.820 - F1: 0.808
FIRE -> Precision: 0.848 - Recall: 0.908 - Accuracy: 0.934 - F1: 0.877

=== EPOCH 26/124 ===
Learning Rate = 0.001

TRAIN losses
Total Loss  |Smoke Loss  |Fire Loss   
------------ ------------ ------------
39.393      |25.871      |13.523      


VAL losses
Total Loss  |Smoke Loss  |Fire Loss   
------------ ------------ ------------
31.965      |21.769      |10.196      

VAL Metrics
SMOKE -> Precision: 0.881 - Recall: 0.658 - Accuracy: 0.793 - F1: 0.753
FIRE -> Precision: 0.896 - Recall: 0.868 - Accuracy: 0.940 - F1: 0.882

Saving model with new best validation loss: 31.965

=== EPOCH 27/124 ===
Learning Rate = 0.001

TRAIN losses
Total Loss  |Smoke Loss  |Fire Loss   
------------ ------------ ------------
38.192      |25.190      |13.002      


VAL losses
Total Loss  |Smoke Loss  |Fire Loss   
------------ ------------ ------------
32.097      |21.452      |10.645      

VAL Metrics
SMOKE -> Precision: 0.830 - Recall: 0.777 - Accuracy: 0.816 - F1: 0.803
FIRE -> Precision: 0.931 - Recall: 0.824 - Accuracy: 0.939 - F1: 0.874

=== EPOCH 28/124 ===
Learning Rate = 0.001

TRAIN losses
Total Loss  |Smoke Loss  |Fire Loss   
------------ ------------ ------------
38.390      |25.252      |13.138      


VAL losses
Total Loss  |Smoke Loss  |Fire Loss   
------------ ------------ ------------
30.975      |21.020      |9.956       

VAL Metrics
SMOKE -> Precision: 0.835 - Recall: 0.775 - Accuracy: 0.818 - F1: 0.804
FIRE -> Precision: 0.937 - Recall: 0.853 - Accuracy: 0.947 - F1: 0.893

Saving model with new best validation loss: 30.975

=== EPOCH 29/124 ===
Learning Rate = 0.001

TRAIN losses
Total Loss  |Smoke Loss  |Fire Loss   
------------ ------------ ------------
38.240      |24.975      |13.266      


VAL losses
Total Loss  |Smoke Loss  |Fire Loss   
------------ ------------ ------------
32.697      |21.125      |11.572      

VAL Metrics
SMOKE -> Precision: 0.847 - Recall: 0.762 - Accuracy: 0.819 - F1: 0.802
FIRE -> Precision: 0.945 - Recall: 0.786 - Accuracy: 0.933 - F1: 0.858

=== EPOCH 30/124 ===
Learning Rate = 0.001

TRAIN losses
Total Loss  |Smoke Loss  |Fire Loss   
------------ ------------ ------------
37.689      |24.845      |12.844      


VAL losses
Total Loss  |Smoke Loss  |Fire Loss   
------------ ------------ ------------
31.669      |21.547      |10.122      

VAL Metrics
SMOKE -> Precision: 0.843 - Recall: 0.754 - Accuracy: 0.814 - F1: 0.796
FIRE -> Precision: 0.933 - Recall: 0.859 - Accuracy: 0.948 - F1: 0.895

=== EPOCH 31/124 ===
Learning Rate = 0.001

TRAIN losses
Total Loss  |Smoke Loss  |Fire Loss   
------------ ------------ ------------
37.554      |24.840      |12.713      


VAL losses
Total Loss  |Smoke Loss  |Fire Loss   
------------ ------------ ------------
31.088      |21.272      |9.816       

VAL Metrics
SMOKE -> Precision: 0.873 - Recall: 0.695 - Accuracy: 0.804 - F1: 0.774
FIRE -> Precision: 0.912 - Recall: 0.877 - Accuracy: 0.946 - F1: 0.894

=== EPOCH 32/124 ===
Learning Rate = 0.0008

TRAIN losses
Total Loss  |Smoke Loss  |Fire Loss   
------------ ------------ ------------
37.099      |24.394      |12.705      


VAL losses
Total Loss  |Smoke Loss  |Fire Loss   
------------ ------------ ------------
29.881      |20.360      |9.521       

VAL Metrics
SMOKE -> Precision: 0.857 - Recall: 0.772 - Accuracy: 0.828 - F1: 0.812
FIRE -> Precision: 0.907 - Recall: 0.884 - Accuracy: 0.947 - F1: 0.895

Saving model with new best validation loss: 29.881

=== EPOCH 33/124 ===
Learning Rate = 0.0008

TRAIN losses
Total Loss  |Smoke Loss  |Fire Loss   
------------ ------------ ------------
37.086      |24.434      |12.653      


VAL losses
Total Loss  |Smoke Loss  |Fire Loss   
------------ ------------ ------------
31.229      |21.154      |10.075      

VAL Metrics
SMOKE -> Precision: 0.825 - Recall: 0.796 - Accuracy: 0.821 - F1: 0.810
FIRE -> Precision: 0.867 - Recall: 0.918 - Accuracy: 0.942 - F1: 0.892

=== EPOCH 34/124 ===
Learning Rate = 0.0008

TRAIN losses
Total Loss  |Smoke Loss  |Fire Loss   
------------ ------------ ------------
36.455      |24.037      |12.418      


VAL losses
Total Loss  |Smoke Loss  |Fire Loss   
------------ ------------ ------------
29.732      |20.134      |9.598       

VAL Metrics
SMOKE -> Precision: 0.862 - Recall: 0.739 - Accuracy: 0.817 - F1: 0.795
FIRE -> Precision: 0.912 - Recall: 0.878 - Accuracy: 0.947 - F1: 0.895

Saving model with new best validation loss: 29.732

=== EPOCH 35/124 ===
Learning Rate = 0.0008

TRAIN losses
Total Loss  |Smoke Loss  |Fire Loss   
------------ ------------ ------------
36.073      |23.948      |12.124      


VAL losses
Total Loss  |Smoke Loss  |Fire Loss   
------------ ------------ ------------
31.429      |21.375      |10.054      

VAL Metrics
SMOKE -> Precision: 0.806 - Recall: 0.853 - Accuracy: 0.830 - F1: 0.829
FIRE -> Precision: 0.860 - Recall: 0.932 - Accuracy: 0.943 - F1: 0.894

=== EPOCH 36/124 ===
Learning Rate = 0.0008

TRAIN losses
Total Loss  |Smoke Loss  |Fire Loss   
------------ ------------ ------------
35.917      |23.736      |12.181      


VAL losses
Total Loss  |Smoke Loss  |Fire Loss   
------------ ------------ ------------
29.562      |20.245      |9.317       

VAL Metrics
SMOKE -> Precision: 0.838 - Recall: 0.821 - Accuracy: 0.837 - F1: 0.829
FIRE -> Precision: 0.906 - Recall: 0.905 - Accuracy: 0.951 - F1: 0.905

Saving model with new best validation loss: 29.562

=== EPOCH 37/124 ===
Learning Rate = 0.0008

TRAIN losses
Total Loss  |Smoke Loss  |Fire Loss   
------------ ------------ ------------
36.436      |23.970      |12.466      


VAL losses
Total Loss  |Smoke Loss  |Fire Loss   
------------ ------------ ------------
28.958      |19.742      |9.215       

VAL Metrics
SMOKE -> Precision: 0.849 - Recall: 0.828 - Accuracy: 0.847 - F1: 0.839
FIRE -> Precision: 0.921 - Recall: 0.890 - Accuracy: 0.952 - F1: 0.905

Saving model with new best validation loss: 28.958

=== EPOCH 38/124 ===
Learning Rate = 0.0008

TRAIN losses
Total Loss  |Smoke Loss  |Fire Loss   
------------ ------------ ------------
36.133      |23.816      |12.317      


VAL losses
Total Loss  |Smoke Loss  |Fire Loss   
------------ ------------ ------------
29.606      |20.081      |9.525       

VAL Metrics
SMOKE -> Precision: 0.880 - Recall: 0.727 - Accuracy: 0.821 - F1: 0.796
FIRE -> Precision: 0.927 - Recall: 0.869 - Accuracy: 0.948 - F1: 0.897

=== EPOCH 39/124 ===
Learning Rate = 0.0008

TRAIN losses
Total Loss  |Smoke Loss  |Fire Loss   
------------ ------------ ------------
35.688      |23.442      |12.245      


VAL losses
Total Loss  |Smoke Loss  |Fire Loss   
------------ ------------ ------------
29.092      |19.720      |9.373       

VAL Metrics
SMOKE -> Precision: 0.853 - Recall: 0.788 - Accuracy: 0.832 - F1: 0.819
FIRE -> Precision: 0.901 - Recall: 0.890 - Accuracy: 0.946 - F1: 0.895

=== EPOCH 40/124 ===
Learning Rate = 0.0008

TRAIN losses
Total Loss  |Smoke Loss  |Fire Loss   
------------ ------------ ------------
35.371      |23.470      |11.902      


VAL losses
Total Loss  |Smoke Loss  |Fire Loss   
------------ ------------ ------------
29.292      |19.426      |9.866       

VAL Metrics
SMOKE -> Precision: 0.850 - Recall: 0.820 - Accuracy: 0.844 - F1: 0.835
FIRE -> Precision: 0.932 - Recall: 0.860 - Accuracy: 0.948 - F1: 0.895

=== EPOCH 41/124 ===
Learning Rate = 0.00064

TRAIN losses
Total Loss  |Smoke Loss  |Fire Loss   
------------ ------------ ------------
34.599      |22.874      |11.725      


VAL losses
Total Loss  |Smoke Loss  |Fire Loss   
------------ ------------ ------------
27.934      |18.750      |9.185       

VAL Metrics
SMOKE -> Precision: 0.862 - Recall: 0.802 - Accuracy: 0.843 - F1: 0.831
FIRE -> Precision: 0.886 - Recall: 0.914 - Accuracy: 0.947 - F1: 0.900

Saving model with new best validation loss: 27.934

=== EPOCH 42/124 ===
Learning Rate = 0.00064

TRAIN losses
Total Loss  |Smoke Loss  |Fire Loss   
------------ ------------ ------------
34.269      |22.555      |11.714      


VAL losses
Total Loss  |Smoke Loss  |Fire Loss   
------------ ------------ ------------
28.705      |19.232      |9.473       

VAL Metrics
SMOKE -> Precision: 0.846 - Recall: 0.819 - Accuracy: 0.841 - F1: 0.833
FIRE -> Precision: 0.878 - Recall: 0.919 - Accuracy: 0.946 - F1: 0.898

=== EPOCH 43/124 ===
Learning Rate = 0.00064

TRAIN losses
Total Loss  |Smoke Loss  |Fire Loss   
------------ ------------ ------------
34.568      |22.854      |11.715      


VAL losses
Total Loss  |Smoke Loss  |Fire Loss   
------------ ------------ ------------
27.510      |18.552      |8.958       

VAL Metrics
SMOKE -> Precision: 0.859 - Recall: 0.839 - Accuracy: 0.856 - F1: 0.849
FIRE -> Precision: 0.914 - Recall: 0.903 - Accuracy: 0.953 - F1: 0.908

Saving model with new best validation loss: 27.510

=== EPOCH 44/124 ===
Learning Rate = 0.00064

TRAIN losses
Total Loss  |Smoke Loss  |Fire Loss   
------------ ------------ ------------
34.108      |22.660      |11.448      


VAL losses
Total Loss  |Smoke Loss  |Fire Loss   
------------ ------------ ------------
27.993      |19.248      |8.745       

VAL Metrics
SMOKE -> Precision: 0.887 - Recall: 0.750 - Accuracy: 0.834 - F1: 0.813
FIRE -> Precision: 0.919 - Recall: 0.904 - Accuracy: 0.955 - F1: 0.911

=== EPOCH 45/124 ===
Learning Rate = 0.00064

TRAIN losses
Total Loss  |Smoke Loss  |Fire Loss   
------------ ------------ ------------
34.299      |22.516      |11.783      


VAL losses
Total Loss  |Smoke Loss  |Fire Loss   
------------ ------------ ------------
26.867      |18.189      |8.678       

VAL Metrics
SMOKE -> Precision: 0.886 - Recall: 0.797 - Accuracy: 0.853 - F1: 0.839
FIRE -> Precision: 0.926 - Recall: 0.892 - Accuracy: 0.954 - F1: 0.909

Saving model with new best validation loss: 26.867

=== EPOCH 46/124 ===
Learning Rate = 0.00064

TRAIN losses
Total Loss  |Smoke Loss  |Fire Loss   
------------ ------------ ------------
34.512      |22.610      |11.901      


VAL losses
Total Loss  |Smoke Loss  |Fire Loss   
------------ ------------ ------------
27.272      |18.377      |8.895       

VAL Metrics
SMOKE -> Precision: 0.854 - Recall: 0.853 - Accuracy: 0.859 - F1: 0.853
FIRE -> Precision: 0.904 - Recall: 0.906 - Accuracy: 0.951 - F1: 0.905

=== EPOCH 47/124 ===
Learning Rate = 0.00064

TRAIN losses
Total Loss  |Smoke Loss  |Fire Loss   
------------ ------------ ------------
33.534      |22.005      |11.529      


VAL losses
Total Loss  |Smoke Loss  |Fire Loss   
------------ ------------ ------------
28.697      |19.232      |9.465       

VAL Metrics
SMOKE -> Precision: 0.815 - Recall: 0.883 - Accuracy: 0.847 - F1: 0.848
FIRE -> Precision: 0.874 - Recall: 0.923 - Accuracy: 0.945 - F1: 0.897

=== EPOCH 48/124 ===
Learning Rate = 0.00064

TRAIN losses
Total Loss  |Smoke Loss  |Fire Loss   
------------ ------------ ------------
34.146      |22.259      |11.887      


VAL losses
Total Loss  |Smoke Loss  |Fire Loss   
------------ ------------ ------------
27.359      |18.617      |8.742       

VAL Metrics
SMOKE -> Precision: 0.911 - Recall: 0.707 - Accuracy: 0.826 - F1: 0.796
FIRE -> Precision: 0.935 - Recall: 0.882 - Accuracy: 0.954 - F1: 0.908

=== EPOCH 49/124 ===
Learning Rate = 0.0005120000000000001

TRAIN losses
Total Loss  |Smoke Loss  |Fire Loss   
------------ ------------ ------------
33.158      |21.816      |11.342      


VAL losses
Total Loss  |Smoke Loss  |Fire Loss   
------------ ------------ ------------
25.601      |17.186      |8.416       

VAL Metrics
SMOKE -> Precision: 0.875 - Recall: 0.845 - Accuracy: 0.868 - F1: 0.860
FIRE -> Precision: 0.923 - Recall: 0.901 - Accuracy: 0.955 - F1: 0.912

Saving model with new best validation loss: 25.601

=== EPOCH 50/124 ===
Learning Rate = 0.0005120000000000001

TRAIN losses
Total Loss  |Smoke Loss  |Fire Loss   
------------ ------------ ------------
33.041      |21.867      |11.175      


VAL losses
Total Loss  |Smoke Loss  |Fire Loss   
------------ ------------ ------------
27.727      |18.527      |9.200       

VAL Metrics
SMOKE -> Precision: 0.856 - Recall: 0.834 - Accuracy: 0.852 - F1: 0.845
FIRE -> Precision: 0.904 - Recall: 0.904 - Accuracy: 0.950 - F1: 0.904

=== EPOCH 51/124 ===
Learning Rate = 0.0005120000000000001

TRAIN losses
Total Loss  |Smoke Loss  |Fire Loss   
------------ ------------ ------------
33.098      |21.551      |11.547      


VAL losses
Total Loss  |Smoke Loss  |Fire Loss   
------------ ------------ ------------
26.676      |17.910      |8.766       

VAL Metrics
SMOKE -> Precision: 0.883 - Recall: 0.808 - Accuracy: 0.856 - F1: 0.844
FIRE -> Precision: 0.905 - Recall: 0.910 - Accuracy: 0.952 - F1: 0.907

=== EPOCH 52/124 ===
Learning Rate = 0.0005120000000000001

TRAIN losses
Total Loss  |Smoke Loss  |Fire Loss   
------------ ------------ ------------
32.784      |21.391      |11.394      


VAL losses
Total Loss  |Smoke Loss  |Fire Loss   
------------ ------------ ------------
26.482      |17.834      |8.648       

VAL Metrics
SMOKE -> Precision: 0.914 - Recall: 0.754 - Accuracy: 0.847 - F1: 0.826
FIRE -> Precision: 0.926 - Recall: 0.897 - Accuracy: 0.955 - F1: 0.911

=== EPOCH 53/124 ===
Learning Rate = 0.0004096000000000001

TRAIN losses
Total Loss  |Smoke Loss  |Fire Loss   
------------ ------------ ------------
32.238      |21.137      |11.101      


VAL losses
Total Loss  |Smoke Loss  |Fire Loss   
------------ ------------ ------------
26.476      |18.005      |8.470       

VAL Metrics
SMOKE -> Precision: 0.889 - Recall: 0.792 - Accuracy: 0.852 - F1: 0.838
FIRE -> Precision: 0.921 - Recall: 0.899 - Accuracy: 0.954 - F1: 0.910

=== EPOCH 54/124 ===
Learning Rate = 0.0004096000000000001

TRAIN losses
Total Loss  |Smoke Loss  |Fire Loss   
------------ ------------ ------------
32.382      |21.424      |10.958      


VAL losses
Total Loss  |Smoke Loss  |Fire Loss   
------------ ------------ ------------
26.320      |17.229      |9.091       

VAL Metrics
SMOKE -> Precision: 0.860 - Recall: 0.859 - Accuracy: 0.865 - F1: 0.860
FIRE -> Precision: 0.884 - Recall: 0.926 - Accuracy: 0.949 - F1: 0.905

=== EPOCH 55/124 ===
Learning Rate = 0.0004096000000000001

TRAIN losses
Total Loss  |Smoke Loss  |Fire Loss   
------------ ------------ ------------
32.116      |21.207      |10.909      


VAL losses
Total Loss  |Smoke Loss  |Fire Loss   
------------ ------------ ------------
25.514      |17.136      |8.378       

VAL Metrics
SMOKE -> Precision: 0.860 - Recall: 0.864 - Accuracy: 0.867 - F1: 0.862
FIRE -> Precision: 0.911 - Recall: 0.913 - Accuracy: 0.954 - F1: 0.912

Saving model with new best validation loss: 25.514

=== EPOCH 56/124 ===
Learning Rate = 0.0004096000000000001

TRAIN losses
Total Loss  |Smoke Loss  |Fire Loss   
------------ ------------ ------------
31.994      |21.070      |10.924      


VAL losses
Total Loss  |Smoke Loss  |Fire Loss   
------------ ------------ ------------
25.264      |16.617      |8.647       

VAL Metrics
SMOKE -> Precision: 0.888 - Recall: 0.840 - Accuracy: 0.872 - F1: 0.863
FIRE -> Precision: 0.905 - Recall: 0.914 - Accuracy: 0.953 - F1: 0.909

Saving model with new best validation loss: 25.264

=== EPOCH 57/124 ===
Learning Rate = 0.0004096000000000001

TRAIN losses
Total Loss  |Smoke Loss  |Fire Loss   
------------ ------------ ------------
32.146      |21.169      |10.977      


VAL losses
Total Loss  |Smoke Loss  |Fire Loss   
------------ ------------ ------------
26.801      |17.964      |8.837       

VAL Metrics
SMOKE -> Precision: 0.907 - Recall: 0.768 - Accuracy: 0.851 - F1: 0.832
FIRE -> Precision: 0.916 - Recall: 0.904 - Accuracy: 0.954 - F1: 0.910

=== EPOCH 58/124 ===
Learning Rate = 0.0004096000000000001

TRAIN losses
Total Loss  |Smoke Loss  |Fire Loss   
------------ ------------ ------------
32.076      |21.160      |10.916      


VAL losses
Total Loss  |Smoke Loss  |Fire Loss   
------------ ------------ ------------
25.283      |16.864      |8.418       

VAL Metrics
SMOKE -> Precision: 0.878 - Recall: 0.839 - Accuracy: 0.867 - F1: 0.858
FIRE -> Precision: 0.896 - Recall: 0.925 - Accuracy: 0.953 - F1: 0.910

=== EPOCH 59/124 ===
Learning Rate = 0.0004096000000000001

TRAIN losses
Total Loss  |Smoke Loss  |Fire Loss   
------------ ------------ ------------
31.795      |21.042      |10.754      


VAL losses
Total Loss  |Smoke Loss  |Fire Loss   
------------ ------------ ------------
25.548      |17.050      |8.499       

VAL Metrics
SMOKE -> Precision: 0.890 - Recall: 0.813 - Accuracy: 0.862 - F1: 0.850
FIRE -> Precision: 0.905 - Recall: 0.918 - Accuracy: 0.954 - F1: 0.911

=== EPOCH 60/124 ===
Learning Rate = 0.0003276800000000001

TRAIN losses
Total Loss  |Smoke Loss  |Fire Loss   
------------ ------------ ------------
31.352      |20.528      |10.824      


VAL losses
Total Loss  |Smoke Loss  |Fire Loss   
------------ ------------ ------------
25.747      |17.054      |8.694       

VAL Metrics
SMOKE -> Precision: 0.886 - Recall: 0.817 - Accuracy: 0.861 - F1: 0.850
FIRE -> Precision: 0.888 - Recall: 0.932 - Accuracy: 0.952 - F1: 0.909

=== EPOCH 61/124 ===
Learning Rate = 0.0003276800000000001

TRAIN losses
Total Loss  |Smoke Loss  |Fire Loss   
------------ ------------ ------------
31.413      |20.629      |10.784      


VAL losses
Total Loss  |Smoke Loss  |Fire Loss   
------------ ------------ ------------
25.010      |16.595      |8.415       

VAL Metrics
SMOKE -> Precision: 0.910 - Recall: 0.802 - Accuracy: 0.867 - F1: 0.853
FIRE -> Precision: 0.922 - Recall: 0.908 - Accuracy: 0.956 - F1: 0.915

Saving model with new best validation loss: 25.010

=== EPOCH 62/124 ===
Learning Rate = 0.0003276800000000001

TRAIN losses
Total Loss  |Smoke Loss  |Fire Loss   
------------ ------------ ------------
31.290      |20.799      |10.491      


VAL losses
Total Loss  |Smoke Loss  |Fire Loss   
------------ ------------ ------------
24.707      |16.377      |8.329       

VAL Metrics
SMOKE -> Precision: 0.867 - Recall: 0.888 - Accuracy: 0.880 - F1: 0.877
FIRE -> Precision: 0.903 - Recall: 0.919 - Accuracy: 0.954 - F1: 0.911

Saving model with new best validation loss: 24.707

=== EPOCH 63/124 ===
Learning Rate = 0.0003276800000000001

TRAIN losses
Total Loss  |Smoke Loss  |Fire Loss   
------------ ------------ ------------
31.167      |20.638      |10.529      


VAL losses
Total Loss  |Smoke Loss  |Fire Loss   
------------ ------------ ------------
24.680      |16.493      |8.187       

VAL Metrics
SMOKE -> Precision: 0.865 - Recall: 0.869 - Accuracy: 0.872 - F1: 0.867
FIRE -> Precision: 0.923 - Recall: 0.904 - Accuracy: 0.955 - F1: 0.913

Saving model with new best validation loss: 24.680

=== EPOCH 64/124 ===
Learning Rate = 0.0003276800000000001

TRAIN losses
Total Loss  |Smoke Loss  |Fire Loss   
------------ ------------ ------------
31.505      |20.835      |10.670      


VAL losses
Total Loss  |Smoke Loss  |Fire Loss   
------------ ------------ ------------
25.184      |16.758      |8.426       

VAL Metrics
SMOKE -> Precision: 0.895 - Recall: 0.818 - Accuracy: 0.866 - F1: 0.855
FIRE -> Precision: 0.904 - Recall: 0.923 - Accuracy: 0.955 - F1: 0.914

=== EPOCH 65/124 ===
Learning Rate = 0.0003276800000000001

TRAIN losses
Total Loss  |Smoke Loss  |Fire Loss   
------------ ------------ ------------
31.106      |20.510      |10.596      


VAL losses
Total Loss  |Smoke Loss  |Fire Loss   
------------ ------------ ------------
25.703      |17.356      |8.347       

VAL Metrics
SMOKE -> Precision: 0.914 - Recall: 0.748 - Accuracy: 0.845 - F1: 0.823
FIRE -> Precision: 0.934 - Recall: 0.900 - Accuracy: 0.958 - F1: 0.917

=== EPOCH 66/124 ===
Learning Rate = 0.0003276800000000001

TRAIN losses
Total Loss  |Smoke Loss  |Fire Loss   
------------ ------------ ------------
31.087      |20.649      |10.438      


VAL losses
Total Loss  |Smoke Loss  |Fire Loss   
------------ ------------ ------------
24.599      |16.376      |8.223       

VAL Metrics
SMOKE -> Precision: 0.877 - Recall: 0.854 - Accuracy: 0.872 - F1: 0.865
FIRE -> Precision: 0.913 - Recall: 0.916 - Accuracy: 0.956 - F1: 0.915

Saving model with new best validation loss: 24.599

=== EPOCH 67/124 ===
Learning Rate = 0.0003276800000000001

TRAIN losses
Total Loss  |Smoke Loss  |Fire Loss   
------------ ------------ ------------
31.109      |20.476      |10.633      


VAL losses
Total Loss  |Smoke Loss  |Fire Loss   
------------ ------------ ------------
24.169      |15.992      |8.177       

VAL Metrics
SMOKE -> Precision: 0.890 - Recall: 0.846 - Accuracy: 0.876 - F1: 0.868
FIRE -> Precision: 0.924 - Recall: 0.905 - Accuracy: 0.956 - F1: 0.914

Saving model with new best validation loss: 24.169

=== EPOCH 68/124 ===
Learning Rate = 0.0003276800000000001

TRAIN losses
Total Loss  |Smoke Loss  |Fire Loss   
------------ ------------ ------------
30.802      |20.234      |10.567      


VAL losses
Total Loss  |Smoke Loss  |Fire Loss   
------------ ------------ ------------
24.191      |16.044      |8.146       

VAL Metrics
SMOKE -> Precision: 0.892 - Recall: 0.841 - Accuracy: 0.874 - F1: 0.865
FIRE -> Precision: 0.909 - Recall: 0.917 - Accuracy: 0.955 - F1: 0.913

=== EPOCH 69/124 ===
Learning Rate = 0.0003276800000000001

TRAIN losses
Total Loss  |Smoke Loss  |Fire Loss   
------------ ------------ ------------
30.704      |20.326      |10.379      


VAL losses
Total Loss  |Smoke Loss  |Fire Loss   
------------ ------------ ------------
24.549      |16.493      |8.055       

VAL Metrics
SMOKE -> Precision: 0.851 - Recall: 0.899 - Accuracy: 0.875 - F1: 0.874
FIRE -> Precision: 0.920 - Recall: 0.916 - Accuracy: 0.958 - F1: 0.918

=== EPOCH 70/124 ===
Learning Rate = 0.0003276800000000001

TRAIN losses
Total Loss  |Smoke Loss  |Fire Loss   
------------ ------------ ------------
30.547      |20.153      |10.394      


VAL losses
Total Loss  |Smoke Loss  |Fire Loss   
------------ ------------ ------------
24.452      |16.040      |8.412       

VAL Metrics
SMOKE -> Precision: 0.886 - Recall: 0.858 - Accuracy: 0.879 - F1: 0.872
FIRE -> Precision: 0.905 - Recall: 0.916 - Accuracy: 0.953 - F1: 0.910

=== EPOCH 71/124 ===
Learning Rate = 0.0002621440000000001

TRAIN losses
Total Loss  |Smoke Loss  |Fire Loss   
------------ ------------ ------------
30.731      |20.215      |10.516      


VAL losses
Total Loss  |Smoke Loss  |Fire Loss   
------------ ------------ ------------
24.184      |15.797      |8.387       

VAL Metrics
SMOKE -> Precision: 0.872 - Recall: 0.881 - Accuracy: 0.880 - F1: 0.876
FIRE -> Precision: 0.891 - Recall: 0.930 - Accuracy: 0.952 - F1: 0.910

=== EPOCH 72/124 ===
Learning Rate = 0.0002621440000000001

TRAIN losses
Total Loss  |Smoke Loss  |Fire Loss   
------------ ------------ ------------
30.454      |19.877      |10.577      


VAL losses
Total Loss  |Smoke Loss  |Fire Loss   
------------ ------------ ------------
24.195      |15.947      |8.248       

VAL Metrics
SMOKE -> Precision: 0.872 - Recall: 0.883 - Accuracy: 0.881 - F1: 0.877
FIRE -> Precision: 0.900 - Recall: 0.929 - Accuracy: 0.955 - F1: 0.914

=== EPOCH 73/124 ===
Learning Rate = 0.0002621440000000001

TRAIN losses
Total Loss  |Smoke Loss  |Fire Loss   
------------ ------------ ------------
30.383      |20.069      |10.314      


VAL losses
Total Loss  |Smoke Loss  |Fire Loss   
------------ ------------ ------------
24.441      |16.340      |8.101       

VAL Metrics
SMOKE -> Precision: 0.878 - Recall: 0.862 - Accuracy: 0.876 - F1: 0.870
FIRE -> Precision: 0.934 - Recall: 0.895 - Accuracy: 0.957 - F1: 0.914

=== EPOCH 74/124 ===
Learning Rate = 0.00020971520000000012

TRAIN losses
Total Loss  |Smoke Loss  |Fire Loss   
------------ ------------ ------------
30.032      |19.791      |10.241      


VAL losses
Total Loss  |Smoke Loss  |Fire Loss   
------------ ------------ ------------
24.322      |16.232      |8.090       

VAL Metrics
SMOKE -> Precision: 0.908 - Recall: 0.811 - Accuracy: 0.869 - F1: 0.857
FIRE -> Precision: 0.907 - Recall: 0.923 - Accuracy: 0.956 - F1: 0.915

=== EPOCH 75/124 ===
Learning Rate = 0.00020971520000000012

TRAIN losses
Total Loss  |Smoke Loss  |Fire Loss   
------------ ------------ ------------
30.107      |19.738      |10.370      


VAL losses
Total Loss  |Smoke Loss  |Fire Loss   
------------ ------------ ------------
24.292      |16.025      |8.267       

VAL Metrics
SMOKE -> Precision: 0.877 - Recall: 0.875 - Accuracy: 0.881 - F1: 0.876
FIRE -> Precision: 0.893 - Recall: 0.930 - Accuracy: 0.953 - F1: 0.911

=== EPOCH 76/124 ===
Learning Rate = 0.00020971520000000012

TRAIN losses
Total Loss  |Smoke Loss  |Fire Loss   
------------ ------------ ------------
29.334      |19.501      |9.833       


VAL losses
Total Loss  |Smoke Loss  |Fire Loss   
------------ ------------ ------------
24.093      |15.947      |8.146       

VAL Metrics
SMOKE -> Precision: 0.911 - Recall: 0.815 - Accuracy: 0.873 - F1: 0.861
FIRE -> Precision: 0.927 - Recall: 0.905 - Accuracy: 0.957 - F1: 0.916

Saving model with new best validation loss: 24.093

=== EPOCH 77/124 ===
Learning Rate = 0.00020971520000000012

TRAIN losses
Total Loss  |Smoke Loss  |Fire Loss   
------------ ------------ ------------
29.778      |19.547      |10.231      


VAL losses
Total Loss  |Smoke Loss  |Fire Loss   
------------ ------------ ------------
23.990      |15.719      |8.272       

VAL Metrics
SMOKE -> Precision: 0.901 - Recall: 0.833 - Accuracy: 0.876 - F1: 0.866
FIRE -> Precision: 0.905 - Recall: 0.922 - Accuracy: 0.955 - F1: 0.913

Saving model with new best validation loss: 23.990

=== EPOCH 78/124 ===
Learning Rate = 0.00020971520000000012

TRAIN losses
Total Loss  |Smoke Loss  |Fire Loss   
------------ ------------ ------------
29.825      |19.725      |10.099      


VAL losses
Total Loss  |Smoke Loss  |Fire Loss   
------------ ------------ ------------
23.496      |15.534      |7.962       

VAL Metrics
SMOKE -> Precision: 0.891 - Recall: 0.857 - Accuracy: 0.880 - F1: 0.873
FIRE -> Precision: 0.922 - Recall: 0.920 - Accuracy: 0.959 - F1: 0.921

Saving model with new best validation loss: 23.496

=== EPOCH 79/124 ===
Learning Rate = 0.00020971520000000012

TRAIN losses
Total Loss  |Smoke Loss  |Fire Loss   
------------ ------------ ------------
29.671      |19.504      |10.167      


VAL losses
Total Loss  |Smoke Loss  |Fire Loss   
------------ ------------ ------------
23.359      |15.483      |7.877       

VAL Metrics
SMOKE -> Precision: 0.872 - Recall: 0.886 - Accuracy: 0.882 - F1: 0.879
FIRE -> Precision: 0.926 - Recall: 0.910 - Accuracy: 0.958 - F1: 0.918

Saving model with new best validation loss: 23.359

=== EPOCH 80/124 ===
Learning Rate = 0.00020971520000000012

TRAIN losses
Total Loss  |Smoke Loss  |Fire Loss   
------------ ------------ ------------
30.095      |19.803      |10.292      


VAL losses
Total Loss  |Smoke Loss  |Fire Loss   
------------ ------------ ------------
23.538      |15.375      |8.163       

VAL Metrics
SMOKE -> Precision: 0.888 - Recall: 0.857 - Accuracy: 0.879 - F1: 0.873
FIRE -> Precision: 0.908 - Recall: 0.926 - Accuracy: 0.957 - F1: 0.917

=== EPOCH 81/124 ===
Learning Rate = 0.00020971520000000012

TRAIN losses
Total Loss  |Smoke Loss  |Fire Loss   
------------ ------------ ------------
29.751      |19.641      |10.110      


VAL losses
Total Loss  |Smoke Loss  |Fire Loss   
------------ ------------ ------------
23.778      |15.690      |8.088       

VAL Metrics
SMOKE -> Precision: 0.893 - Recall: 0.842 - Accuracy: 0.876 - F1: 0.867
FIRE -> Precision: 0.911 - Recall: 0.920 - Accuracy: 0.956 - F1: 0.915

=== EPOCH 82/124 ===
Learning Rate = 0.00020971520000000012

TRAIN losses
Total Loss  |Smoke Loss  |Fire Loss   
------------ ------------ ------------
29.365      |19.463      |9.902       


VAL losses
Total Loss  |Smoke Loss  |Fire Loss   
------------ ------------ ------------
23.868      |15.660      |8.209       

VAL Metrics
SMOKE -> Precision: 0.881 - Recall: 0.867 - Accuracy: 0.879 - F1: 0.874
FIRE -> Precision: 0.910 - Recall: 0.924 - Accuracy: 0.957 - F1: 0.917

=== EPOCH 83/124 ===
Learning Rate = 0.0001677721600000001

TRAIN losses
Total Loss  |Smoke Loss  |Fire Loss   
------------ ------------ ------------
29.633      |19.445      |10.188      


VAL losses
Total Loss  |Smoke Loss  |Fire Loss   
------------ ------------ ------------
23.419      |15.315      |8.104       

VAL Metrics
SMOKE -> Precision: 0.898 - Recall: 0.855 - Accuracy: 0.883 - F1: 0.876
FIRE -> Precision: 0.930 - Recall: 0.908 - Accuracy: 0.958 - F1: 0.919

=== EPOCH 84/124 ===
Learning Rate = 0.0001677721600000001

TRAIN losses
Total Loss  |Smoke Loss  |Fire Loss   
------------ ------------ ------------
29.875      |19.603      |10.272      


VAL losses
Total Loss  |Smoke Loss  |Fire Loss   
------------ ------------ ------------
23.325      |15.392      |7.933       

VAL Metrics
SMOKE -> Precision: 0.885 - Recall: 0.866 - Accuracy: 0.881 - F1: 0.875
FIRE -> Precision: 0.916 - Recall: 0.921 - Accuracy: 0.958 - F1: 0.918

Saving model with new best validation loss: 23.325

=== EPOCH 85/124 ===
Learning Rate = 0.0001677721600000001

TRAIN losses
Total Loss  |Smoke Loss  |Fire Loss   
------------ ------------ ------------
29.500      |19.482      |10.018      


VAL losses
Total Loss  |Smoke Loss  |Fire Loss   
------------ ------------ ------------
23.380      |15.386      |7.993       

VAL Metrics
SMOKE -> Precision: 0.891 - Recall: 0.850 - Accuracy: 0.878 - F1: 0.870
FIRE -> Precision: 0.919 - Recall: 0.917 - Accuracy: 0.958 - F1: 0.918

=== EPOCH 86/124 ===
Learning Rate = 0.0001677721600000001

TRAIN losses
Total Loss  |Smoke Loss  |Fire Loss   
------------ ------------ ------------
29.698      |19.704      |9.994       


VAL losses
Total Loss  |Smoke Loss  |Fire Loss   
------------ ------------ ------------
23.640      |15.611      |8.029       

VAL Metrics
SMOKE -> Precision: 0.905 - Recall: 0.830 - Accuracy: 0.877 - F1: 0.866
FIRE -> Precision: 0.941 - Recall: 0.900 - Accuracy: 0.959 - F1: 0.920

=== EPOCH 87/124 ===
Learning Rate = 0.0001677721600000001

TRAIN losses
Total Loss  |Smoke Loss  |Fire Loss   
------------ ------------ ------------
29.506      |19.421      |10.085      


VAL losses
Total Loss  |Smoke Loss  |Fire Loss   
------------ ------------ ------------
22.815      |15.013      |7.802       

VAL Metrics
SMOKE -> Precision: 0.889 - Recall: 0.873 - Accuracy: 0.887 - F1: 0.881
FIRE -> Precision: 0.913 - Recall: 0.925 - Accuracy: 0.958 - F1: 0.919

Saving model with new best validation loss: 22.815

=== EPOCH 88/124 ===
Learning Rate = 0.0001677721600000001

TRAIN losses
Total Loss  |Smoke Loss  |Fire Loss   
------------ ------------ ------------
29.615      |19.546      |10.069      


VAL losses
Total Loss  |Smoke Loss  |Fire Loss   
------------ ------------ ------------
23.540      |15.517      |8.023       

VAL Metrics
SMOKE -> Precision: 0.902 - Recall: 0.828 - Accuracy: 0.874 - F1: 0.864
FIRE -> Precision: 0.945 - Recall: 0.895 - Accuracy: 0.959 - F1: 0.919

=== EPOCH 89/124 ===
Learning Rate = 0.0001677721600000001

TRAIN losses
Total Loss  |Smoke Loss  |Fire Loss   
------------ ------------ ------------
29.521      |19.398      |10.124      


VAL losses
Total Loss  |Smoke Loss  |Fire Loss   
------------ ------------ ------------
23.160      |15.270      |7.890       

VAL Metrics
SMOKE -> Precision: 0.891 - Recall: 0.864 - Accuracy: 0.884 - F1: 0.877
FIRE -> Precision: 0.921 - Recall: 0.917 - Accuracy: 0.958 - F1: 0.919

=== EPOCH 90/124 ===
Learning Rate = 0.0001677721600000001

TRAIN losses
Total Loss  |Smoke Loss  |Fire Loss   
------------ ------------ ------------
29.216      |19.271      |9.945       


VAL losses
Total Loss  |Smoke Loss  |Fire Loss   
------------ ------------ ------------
23.174      |15.267      |7.907       

VAL Metrics
SMOKE -> Precision: 0.915 - Recall: 0.825 - Accuracy: 0.879 - F1: 0.867
FIRE -> Precision: 0.915 - Recall: 0.919 - Accuracy: 0.957 - F1: 0.917

=== EPOCH 91/124 ===
Learning Rate = 0.00013421772800000008

TRAIN losses
Total Loss  |Smoke Loss  |Fire Loss   
------------ ------------ ------------
29.575      |19.401      |10.174      


VAL losses
Total Loss  |Smoke Loss  |Fire Loss   
------------ ------------ ------------
23.154      |15.219      |7.935       

VAL Metrics
SMOKE -> Precision: 0.892 - Recall: 0.848 - Accuracy: 0.878 - F1: 0.870
FIRE -> Precision: 0.915 - Recall: 0.919 - Accuracy: 0.957 - F1: 0.917

=== EPOCH 92/124 ===
Learning Rate = 0.00013421772800000008

TRAIN losses
Total Loss  |Smoke Loss  |Fire Loss   
------------ ------------ ------------
29.314      |19.314      |10.000      


VAL losses
Total Loss  |Smoke Loss  |Fire Loss   
------------ ------------ ------------
23.134      |15.111      |8.022       

VAL Metrics
SMOKE -> Precision: 0.883 - Recall: 0.871 - Accuracy: 0.882 - F1: 0.877
FIRE -> Precision: 0.907 - Recall: 0.928 - Accuracy: 0.957 - F1: 0.917

=== EPOCH 93/124 ===
Learning Rate = 0.00013421772800000008

TRAIN losses
Total Loss  |Smoke Loss  |Fire Loss   
------------ ------------ ------------
29.458      |19.461      |9.998       


VAL losses
Total Loss  |Smoke Loss  |Fire Loss   
------------ ------------ ------------
22.880      |15.008      |7.872       

VAL Metrics
SMOKE -> Precision: 0.896 - Recall: 0.850 - Accuracy: 0.881 - F1: 0.873
FIRE -> Precision: 0.920 - Recall: 0.924 - Accuracy: 0.960 - F1: 0.922

=== EPOCH 94/124 ===
Learning Rate = 0.00010737418240000007

TRAIN losses
Total Loss  |Smoke Loss  |Fire Loss   
------------ ------------ ------------
29.081      |19.098      |9.984       


VAL losses
Total Loss  |Smoke Loss  |Fire Loss   
------------ ------------ ------------
23.002      |15.154      |7.848       

VAL Metrics
SMOKE -> Precision: 0.895 - Recall: 0.854 - Accuracy: 0.881 - F1: 0.874
FIRE -> Precision: 0.920 - Recall: 0.917 - Accuracy: 0.958 - F1: 0.918

=== EPOCH 95/124 ===
Learning Rate = 0.00010737418240000007

TRAIN losses
Total Loss  |Smoke Loss  |Fire Loss   
------------ ------------ ------------
28.889      |18.986      |9.903       


VAL losses
Total Loss  |Smoke Loss  |Fire Loss   
------------ ------------ ------------
22.860      |14.880      |7.980       

VAL Metrics
SMOKE -> Precision: 0.899 - Recall: 0.850 - Accuracy: 0.882 - F1: 0.874
FIRE -> Precision: 0.921 - Recall: 0.911 - Accuracy: 0.957 - F1: 0.916

=== EPOCH 96/124 ===
Learning Rate = 0.00010737418240000007

TRAIN losses
Total Loss  |Smoke Loss  |Fire Loss   
------------ ------------ ------------
29.162      |19.017      |10.145      


VAL losses
Total Loss  |Smoke Loss  |Fire Loss   
------------ ------------ ------------
22.808      |14.921      |7.887       

VAL Metrics
SMOKE -> Precision: 0.890 - Recall: 0.870 - Accuracy: 0.886 - F1: 0.880
FIRE -> Precision: 0.905 - Recall: 0.932 - Accuracy: 0.957 - F1: 0.918

Saving model with new best validation loss: 22.808

=== EPOCH 97/124 ===
Learning Rate = 0.00010737418240000007

TRAIN losses
Total Loss  |Smoke Loss  |Fire Loss   
------------ ------------ ------------
28.790      |18.867      |9.923       


VAL losses
Total Loss  |Smoke Loss  |Fire Loss   
------------ ------------ ------------
22.779      |14.955      |7.824       

VAL Metrics
SMOKE -> Precision: 0.898 - Recall: 0.850 - Accuracy: 0.882 - F1: 0.874
FIRE -> Precision: 0.913 - Recall: 0.928 - Accuracy: 0.958 - F1: 0.920

Saving model with new best validation loss: 22.779

=== EPOCH 98/124 ===
Learning Rate = 0.00010737418240000007

TRAIN losses
Total Loss  |Smoke Loss  |Fire Loss   
------------ ------------ ------------
28.803      |18.871      |9.932       


VAL losses
Total Loss  |Smoke Loss  |Fire Loss   
------------ ------------ ------------
22.392      |14.592      |7.799       

VAL Metrics
SMOKE -> Precision: 0.894 - Recall: 0.865 - Accuracy: 0.885 - F1: 0.879
FIRE -> Precision: 0.910 - Recall: 0.926 - Accuracy: 0.957 - F1: 0.918

Saving model with new best validation loss: 22.392

=== EPOCH 99/124 ===
Learning Rate = 0.00010737418240000007

TRAIN losses
Total Loss  |Smoke Loss  |Fire Loss   
------------ ------------ ------------
29.086      |19.097      |9.989       


VAL losses
Total Loss  |Smoke Loss  |Fire Loss   
------------ ------------ ------------
22.814      |15.038      |7.776       

VAL Metrics
SMOKE -> Precision: 0.884 - Recall: 0.866 - Accuracy: 0.881 - F1: 0.875
FIRE -> Precision: 0.923 - Recall: 0.922 - Accuracy: 0.960 - F1: 0.922

=== EPOCH 100/124 ===
Learning Rate = 0.00010737418240000007

TRAIN losses
Total Loss  |Smoke Loss  |Fire Loss   
------------ ------------ ------------
29.041      |19.217      |9.824       


VAL losses
Total Loss  |Smoke Loss  |Fire Loss   
------------ ------------ ------------
22.798      |14.920      |7.879       

VAL Metrics
SMOKE -> Precision: 0.888 - Recall: 0.869 - Accuracy: 0.884 - F1: 0.878
FIRE -> Precision: 0.918 - Recall: 0.923 - Accuracy: 0.959 - F1: 0.920

=== EPOCH 101/124 ===
Learning Rate = 0.00010737418240000007

TRAIN losses
Total Loss  |Smoke Loss  |Fire Loss   
------------ ------------ ------------
28.656      |18.830      |9.826       


VAL losses
Total Loss  |Smoke Loss  |Fire Loss   
------------ ------------ ------------
22.752      |14.990      |7.763       

VAL Metrics
SMOKE -> Precision: 0.908 - Recall: 0.844 - Accuracy: 0.884 - F1: 0.875
FIRE -> Precision: 0.914 - Recall: 0.923 - Accuracy: 0.958 - F1: 0.918

=== EPOCH 102/124 ===
Learning Rate = 8.589934592000007e-05

TRAIN losses
Total Loss  |Smoke Loss  |Fire Loss   
------------ ------------ ------------
28.826      |19.022      |9.805       


VAL losses
Total Loss  |Smoke Loss  |Fire Loss   
------------ ------------ ------------
22.525      |14.811      |7.715       

VAL Metrics
SMOKE -> Precision: 0.898 - Recall: 0.853 - Accuracy: 0.882 - F1: 0.875
FIRE -> Precision: 0.927 - Recall: 0.916 - Accuracy: 0.960 - F1: 0.922

=== EPOCH 103/124 ===
Learning Rate = 8.589934592000007e-05

TRAIN losses
Total Loss  |Smoke Loss  |Fire Loss   
------------ ------------ ------------
28.671      |19.035      |9.636       


VAL losses
Total Loss  |Smoke Loss  |Fire Loss   
------------ ------------ ------------
22.641      |14.781      |7.860       

VAL Metrics
SMOKE -> Precision: 0.901 - Recall: 0.852 - Accuracy: 0.884 - F1: 0.876
FIRE -> Precision: 0.920 - Recall: 0.918 - Accuracy: 0.958 - F1: 0.919

=== EPOCH 104/124 ===
Learning Rate = 8.589934592000007e-05

TRAIN losses
Total Loss  |Smoke Loss  |Fire Loss   
------------ ------------ ------------
28.937      |19.102      |9.835       


VAL losses
Total Loss  |Smoke Loss  |Fire Loss   
------------ ------------ ------------
22.726      |14.925      |7.801       

VAL Metrics
SMOKE -> Precision: 0.902 - Recall: 0.847 - Accuracy: 0.882 - F1: 0.874
FIRE -> Precision: 0.919 - Recall: 0.925 - Accuracy: 0.960 - F1: 0.922

=== EPOCH 105/124 ===
Learning Rate = 6.871947673600006e-05

TRAIN losses
Total Loss  |Smoke Loss  |Fire Loss   
------------ ------------ ------------
28.118      |18.745      |9.373       


VAL losses
Total Loss  |Smoke Loss  |Fire Loss   
------------ ------------ ------------
22.579      |14.694      |7.885       

VAL Metrics
SMOKE -> Precision: 0.886 - Recall: 0.878 - Accuracy: 0.887 - F1: 0.882
FIRE -> Precision: 0.908 - Recall: 0.929 - Accuracy: 0.957 - F1: 0.918

=== EPOCH 106/124 ===
Learning Rate = 6.871947673600006e-05

TRAIN losses
Total Loss  |Smoke Loss  |Fire Loss   
------------ ------------ ------------
28.469      |18.834      |9.635       


VAL losses
Total Loss  |Smoke Loss  |Fire Loss   
------------ ------------ ------------
22.650      |14.863      |7.787       

VAL Metrics
SMOKE -> Precision: 0.888 - Recall: 0.868 - Accuracy: 0.884 - F1: 0.878
FIRE -> Precision: 0.915 - Recall: 0.927 - Accuracy: 0.959 - F1: 0.921

=== EPOCH 107/124 ===
Learning Rate = 6.871947673600006e-05

TRAIN losses
Total Loss  |Smoke Loss  |Fire Loss   
------------ ------------ ------------
28.346      |18.799      |9.547       


VAL losses
Total Loss  |Smoke Loss  |Fire Loss   
------------ ------------ ------------
22.560      |14.724      |7.836       

VAL Metrics
SMOKE -> Precision: 0.890 - Recall: 0.878 - Accuracy: 0.889 - F1: 0.884
FIRE -> Precision: 0.911 - Recall: 0.929 - Accuracy: 0.958 - F1: 0.920

=== EPOCH 108/124 ===
Learning Rate = 5.497558138880005e-05

TRAIN losses
Total Loss  |Smoke Loss  |Fire Loss   
------------ ------------ ------------
28.232      |18.710      |9.522       


VAL losses
Total Loss  |Smoke Loss  |Fire Loss   
------------ ------------ ------------
22.670      |14.914      |7.757       

VAL Metrics
SMOKE -> Precision: 0.908 - Recall: 0.836 - Accuracy: 0.881 - F1: 0.871
FIRE -> Precision: 0.933 - Recall: 0.915 - Accuracy: 0.961 - F1: 0.924

=== EPOCH 109/124 ===
Learning Rate = 5.497558138880005e-05

TRAIN losses
Total Loss  |Smoke Loss  |Fire Loss   
------------ ------------ ------------
28.598      |18.989      |9.608       


VAL losses
Total Loss  |Smoke Loss  |Fire Loss   
------------ ------------ ------------
22.350      |14.570      |7.780       

VAL Metrics
SMOKE -> Precision: 0.899 - Recall: 0.865 - Accuracy: 0.888 - F1: 0.881
FIRE -> Precision: 0.930 - Recall: 0.916 - Accuracy: 0.961 - F1: 0.923

Saving model with new best validation loss: 22.350

=== EPOCH 110/124 ===
Learning Rate = 5.497558138880005e-05

TRAIN losses
Total Loss  |Smoke Loss  |Fire Loss   
------------ ------------ ------------
28.354      |18.710      |9.645       


VAL losses
Total Loss  |Smoke Loss  |Fire Loss   
------------ ------------ ------------
22.471      |14.532      |7.939       

VAL Metrics
SMOKE -> Precision: 0.888 - Recall: 0.881 - Accuracy: 0.889 - F1: 0.884
FIRE -> Precision: 0.903 - Recall: 0.932 - Accuracy: 0.957 - F1: 0.918

=== EPOCH 111/124 ===
Learning Rate = 5.497558138880005e-05

TRAIN losses
Total Loss  |Smoke Loss  |Fire Loss   
------------ ------------ ------------
28.718      |18.778      |9.940       


VAL losses
Total Loss  |Smoke Loss  |Fire Loss   
------------ ------------ ------------
22.510      |14.664      |7.847       

VAL Metrics
SMOKE -> Precision: 0.894 - Recall: 0.860 - Accuracy: 0.884 - F1: 0.877
FIRE -> Precision: 0.909 - Recall: 0.930 - Accuracy: 0.958 - F1: 0.919

=== EPOCH 112/124 ===
Learning Rate = 5.497558138880005e-05

TRAIN losses
Total Loss  |Smoke Loss  |Fire Loss   
------------ ------------ ------------
28.189      |18.536      |9.652       


VAL losses
Total Loss  |Smoke Loss  |Fire Loss   
------------ ------------ ------------
22.297      |14.551      |7.746       

VAL Metrics
SMOKE -> Precision: 0.904 - Recall: 0.852 - Accuracy: 0.885 - F1: 0.877
FIRE -> Precision: 0.934 - Recall: 0.911 - Accuracy: 0.960 - F1: 0.922

Saving model with new best validation loss: 22.297

=== EPOCH 113/124 ===
Learning Rate = 5.497558138880005e-05

TRAIN losses
Total Loss  |Smoke Loss  |Fire Loss   
------------ ------------ ------------
28.397      |18.658      |9.739       


VAL losses
Total Loss  |Smoke Loss  |Fire Loss   
------------ ------------ ------------
22.294      |14.547      |7.748       

VAL Metrics
SMOKE -> Precision: 0.894 - Recall: 0.866 - Accuracy: 0.886 - F1: 0.880
FIRE -> Precision: 0.924 - Recall: 0.922 - Accuracy: 0.960 - F1: 0.923

Saving model with new best validation loss: 22.294

=== EPOCH 114/124 ===
Learning Rate = 5.497558138880005e-05

TRAIN losses
Total Loss  |Smoke Loss  |Fire Loss   
------------ ------------ ------------
28.153      |18.604      |9.550       


VAL losses
Total Loss  |Smoke Loss  |Fire Loss   
------------ ------------ ------------
22.294      |14.453      |7.841       

VAL Metrics
SMOKE -> Precision: 0.892 - Recall: 0.880 - Accuracy: 0.891 - F1: 0.886
FIRE -> Precision: 0.906 - Recall: 0.934 - Accuracy: 0.958 - F1: 0.920

=== EPOCH 115/124 ===
Learning Rate = 5.497558138880005e-05

TRAIN losses
Total Loss  |Smoke Loss  |Fire Loss   
------------ ------------ ------------
28.285      |18.608      |9.676       


VAL losses
Total Loss  |Smoke Loss  |Fire Loss   
------------ ------------ ------------
22.224      |14.448      |7.776       

VAL Metrics
SMOKE -> Precision: 0.897 - Recall: 0.866 - Accuracy: 0.888 - F1: 0.881
FIRE -> Precision: 0.921 - Recall: 0.926 - Accuracy: 0.960 - F1: 0.924

Saving model with new best validation loss: 22.224

=== EPOCH 116/124 ===
Learning Rate = 5.497558138880005e-05

TRAIN losses
Total Loss  |Smoke Loss  |Fire Loss   
------------ ------------ ------------
27.957      |18.449      |9.508       


VAL losses
Total Loss  |Smoke Loss  |Fire Loss   
------------ ------------ ------------
22.210      |14.428      |7.782       

VAL Metrics
SMOKE -> Precision: 0.901 - Recall: 0.861 - Accuracy: 0.888 - F1: 0.881
FIRE -> Precision: 0.918 - Recall: 0.932 - Accuracy: 0.961 - F1: 0.925

Saving model with new best validation loss: 22.210

=== EPOCH 117/124 ===
Learning Rate = 5.497558138880005e-05

TRAIN losses
Total Loss  |Smoke Loss  |Fire Loss   
------------ ------------ ------------
28.616      |18.803      |9.812       


VAL losses
Total Loss  |Smoke Loss  |Fire Loss   
------------ ------------ ------------
22.556      |14.706      |7.850       

VAL Metrics
SMOKE -> Precision: 0.895 - Recall: 0.859 - Accuracy: 0.884 - F1: 0.877
FIRE -> Precision: 0.906 - Recall: 0.932 - Accuracy: 0.958 - F1: 0.919

=== EPOCH 118/124 ===
Learning Rate = 5.497558138880005e-05

TRAIN losses
Total Loss  |Smoke Loss  |Fire Loss   
------------ ------------ ------------
28.148      |18.624      |9.524       


VAL losses
Total Loss  |Smoke Loss  |Fire Loss   
------------ ------------ ------------
22.207      |14.486      |7.720       

VAL Metrics
SMOKE -> Precision: 0.907 - Recall: 0.856 - Accuracy: 0.889 - F1: 0.881
FIRE -> Precision: 0.928 - Recall: 0.914 - Accuracy: 0.959 - F1: 0.921

Saving model with new best validation loss: 22.207

=== EPOCH 119/124 ===
Learning Rate = 5.497558138880005e-05

TRAIN losses
Total Loss  |Smoke Loss  |Fire Loss   
------------ ------------ ------------
28.522      |18.779      |9.743       


VAL losses
Total Loss  |Smoke Loss  |Fire Loss   
------------ ------------ ------------
22.229      |14.458      |7.771       

VAL Metrics
SMOKE -> Precision: 0.898 - Recall: 0.875 - Accuracy: 0.892 - F1: 0.886
FIRE -> Precision: 0.911 - Recall: 0.930 - Accuracy: 0.958 - F1: 0.920

=== EPOCH 120/124 ===
Learning Rate = 5.497558138880005e-05

TRAIN losses
Total Loss  |Smoke Loss  |Fire Loss   
------------ ------------ ------------
28.271      |18.597      |9.674       


VAL losses
Total Loss  |Smoke Loss  |Fire Loss   
------------ ------------ ------------
22.367      |14.638      |7.729       

VAL Metrics
SMOKE -> Precision: 0.891 - Recall: 0.873 - Accuracy: 0.888 - F1: 0.882
FIRE -> Precision: 0.915 - Recall: 0.927 - Accuracy: 0.959 - F1: 0.921

=== EPOCH 121/124 ===
Learning Rate = 5.497558138880005e-05

TRAIN losses
Total Loss  |Smoke Loss  |Fire Loss   
------------ ------------ ------------
27.843      |18.196      |9.647       


VAL losses
Total Loss  |Smoke Loss  |Fire Loss   
------------ ------------ ------------
22.140      |14.379      |7.761       

VAL Metrics
SMOKE -> Precision: 0.907 - Recall: 0.853 - Accuracy: 0.887 - F1: 0.879
FIRE -> Precision: 0.915 - Recall: 0.928 - Accuracy: 0.959 - F1: 0.921

Saving model with new best validation loss: 22.140

=== EPOCH 122/124 ===
Learning Rate = 5.497558138880005e-05

TRAIN losses
Total Loss  |Smoke Loss  |Fire Loss   
------------ ------------ ------------
28.057      |18.596      |9.461       


VAL losses
Total Loss  |Smoke Loss  |Fire Loss   
------------ ------------ ------------
22.458      |14.720      |7.737       

VAL Metrics
SMOKE -> Precision: 0.894 - Recall: 0.865 - Accuracy: 0.886 - F1: 0.879
FIRE -> Precision: 0.928 - Recall: 0.918 - Accuracy: 0.960 - F1: 0.923

=== EPOCH 123/124 ===
Learning Rate = 5.497558138880005e-05

TRAIN losses
Total Loss  |Smoke Loss  |Fire Loss   
------------ ------------ ------------
28.389      |18.782      |9.607       


VAL losses
Total Loss  |Smoke Loss  |Fire Loss   
------------ ------------ ------------
22.360      |14.497      |7.863       

VAL Metrics
SMOKE -> Precision: 0.895 - Recall: 0.872 - Accuracy: 0.889 - F1: 0.883
FIRE -> Precision: 0.908 - Recall: 0.933 - Accuracy: 0.958 - F1: 0.920

=== EPOCH 124/124 ===
Learning Rate = 5.497558138880005e-05

TRAIN losses
Total Loss  |Smoke Loss  |Fire Loss   
------------ ------------ ------------
28.068      |18.665      |9.402       


VAL losses
Total Loss  |Smoke Loss  |Fire Loss   
------------ ------------ ------------
22.291      |14.560      |7.731       

VAL Metrics
SMOKE -> Precision: 0.909 - Recall: 0.845 - Accuracy: 0.885 - F1: 0.876
FIRE -> Precision: 0.928 - Recall: 0.920 - Accuracy: 0.961 - F1: 0.924
Saving last model

***Script finished: 11:44:15

Time elapsed: 0:57:03.914285
