BED Classifier XS Ultra Tiny. Weighted for Precision.
DFire Removed wrong images: 0
DFire empty images: 31
DFire only smoke images: 17
DFire only fire images: 2
DFire smoke and fire images: 14

TRAIN DFIRE dataset
DFire Removed wrong images: 0
DFire empty images: 7833
DFire only smoke images: 4681
DFire only fire images: 944
DFire smoke and fire images: 3763
Train dataset len: 17221

TEST DFire dataset
DFire Removed wrong images: 0
DFire empty images: 2005
DFire only smoke images: 1186
DFire only fire images: 220
DFire smoke and fire images: 895
Test dataset len: 4306
Using BED Classifier
Model shape is tensor([[-0.3136, -0.0678],
        [-0.2673, -0.0634],
        [-0.2378, -0.0481],
        [-0.2775,  0.0337]], device='cuda:0', grad_fn=<CatBackward0>)
BED Model Arquitecture
BED_CLASSIFIER(
  (model): Sequential(
    (0): Conv2d(3, 64, kernel_size=(3, 3), stride=(1, 1), padding=(1, 1), bias=False)
    (1): BatchNorm2d(64, eps=1e-05, momentum=0.1, affine=False, track_running_stats=True)
    (2): ReLU()
    (3): Dropout2d(p=0.3, inplace=False)
    (4): MaxPool2d(kernel_size=2, stride=2, padding=0, dilation=1, ceil_mode=False)
    (5): Conv2d(64, 24, kernel_size=(3, 3), stride=(1, 1), padding=(1, 1), bias=False)
    (6): BatchNorm2d(24, eps=1e-05, momentum=0.1, affine=False, track_running_stats=True)
    (7): ReLU()
    (8): Dropout2d(p=0.3, inplace=False)
    (9): MaxPool2d(kernel_size=2, stride=2, padding=0, dilation=1, ceil_mode=False)
    (10): Conv2d(24, 16, kernel_size=(1, 1), stride=(1, 1), bias=False)
    (11): BatchNorm2d(16, eps=1e-05, momentum=0.1, affine=False, track_running_stats=True)
    (12): ReLU()
    (13): Conv2d(16, 32, kernel_size=(3, 3), stride=(1, 1), padding=(1, 1), bias=False)
    (14): BatchNorm2d(32, eps=1e-05, momentum=0.1, affine=False, track_running_stats=True)
    (15): ReLU()
    (16): Conv2d(32, 32, kernel_size=(1, 1), stride=(1, 1), bias=False)
    (17): BatchNorm2d(32, eps=1e-05, momentum=0.1, affine=False, track_running_stats=True)
    (18): ReLU()
    (19): Conv2d(32, 64, kernel_size=(3, 3), stride=(1, 1), padding=(1, 1), bias=False)
    (20): BatchNorm2d(64, eps=1e-05, momentum=0.1, affine=False, track_running_stats=True)
    (21): ReLU()
    (22): MaxPool2d(kernel_size=2, stride=2, padding=0, dilation=1, ceil_mode=False)
    (23): Conv2d(64, 32, kernel_size=(1, 1), stride=(1, 1), bias=False)
    (24): BatchNorm2d(32, eps=1e-05, momentum=0.1, affine=False, track_running_stats=True)
    (25): ReLU()
    (26): Conv2d(32, 64, kernel_size=(3, 3), stride=(1, 1), padding=(1, 1), bias=False)
    (27): BatchNorm2d(64, eps=1e-05, momentum=0.1, affine=False, track_running_stats=True)
    (28): ReLU()
    (29): Conv2d(64, 32, kernel_size=(1, 1), stride=(1, 1), bias=False)
    (30): BatchNorm2d(32, eps=1e-05, momentum=0.1, affine=False, track_running_stats=True)
    (31): ReLU()
    (32): Conv2d(32, 64, kernel_size=(3, 3), stride=(1, 1), padding=(1, 1), bias=False)
    (33): BatchNorm2d(64, eps=1e-05, momentum=0.1, affine=False, track_running_stats=True)
    (34): ReLU()
    (35): Conv2d(64, 32, kernel_size=(1, 1), stride=(1, 1), bias=False)
    (36): BatchNorm2d(32, eps=1e-05, momentum=0.1, affine=False, track_running_stats=True)
    (37): ReLU()
    (38): Conv2d(32, 64, kernel_size=(3, 3), stride=(1, 1), padding=(1, 1), bias=False)
    (39): BatchNorm2d(64, eps=1e-05, momentum=0.1, affine=False, track_running_stats=True)
    (40): ReLU()
  )
  (pool): AdaptiveAvgPool2d(output_size=(1, 1))
  (smoke): Sequential(
    (0): Dropout(p=0.2, inplace=False)
    (1): Linear(in_features=64, out_features=16, bias=True)
    (2): ReLU()
    (3): Linear(in_features=16, out_features=1, bias=True)
  )
  (fire): Sequential(
    (0): Dropout(p=0.2, inplace=False)
    (1): Linear(in_features=64, out_features=16, bias=True)
    (2): ReLU()
    (3): Linear(in_features=16, out_features=1, bias=True)
  )
)

Trainable parameters = 103554
Total parameters = 103554

Starting script

Device: cuda
Learning Rate: 0.001
Weight Decay: 0.0001
Batch Size: 64
IMG DIMS: (224, 224)
W: 224
H: 224
Loss Function: BCE

***Start Training: 16:10:26

Initializing Weights

=== EPOCH 0/74 ===
Learning Rate = 0.001

TRAIN losses
Total Loss  |Smoke Loss  |Fire Loss   
------------ ------------ ------------
71.244      |39.290      |31.953      


VAL losses
Total Loss  |Smoke Loss  |Fire Loss   
------------ ------------ ------------
63.512      |38.803      |24.709      

VAL Metrics
SMOKE -> Precision: 0.000 - Recall: 0.000 - Accuracy: 0.519 - F1: 0.000
FIRE -> Precision: 0.765 - Recall: 0.428 - Accuracy: 0.818 - F1: 0.549

Saving model with new best validation loss: 63.512

=== EPOCH 1/74 ===
Learning Rate = 0.001

TRAIN losses
Total Loss  |Smoke Loss  |Fire Loss   
------------ ------------ ------------
65.103      |38.535      |26.568      


VAL losses
Total Loss  |Smoke Loss  |Fire Loss   
------------ ------------ ------------
60.806      |37.854      |22.952      

VAL Metrics
SMOKE -> Precision: 0.601 - Recall: 0.356 - Accuracy: 0.576 - F1: 0.447
FIRE -> Precision: 0.713 - Recall: 0.630 - Accuracy: 0.839 - F1: 0.669

Saving model with new best validation loss: 60.806

=== EPOCH 2/74 ===
Learning Rate = 0.001

TRAIN losses
Total Loss  |Smoke Loss  |Fire Loss   
------------ ------------ ------------
62.224      |37.586      |24.638      


VAL losses
Total Loss  |Smoke Loss  |Fire Loss   
------------ ------------ ------------
57.703      |36.114      |21.589      

VAL Metrics
SMOKE -> Precision: 0.761 - Recall: 0.301 - Accuracy: 0.618 - F1: 0.431
FIRE -> Precision: 0.804 - Recall: 0.602 - Accuracy: 0.859 - F1: 0.688

Saving model with new best validation loss: 57.703

=== EPOCH 3/74 ===
Learning Rate = 0.001

TRAIN losses
Total Loss  |Smoke Loss  |Fire Loss   
------------ ------------ ------------
59.746      |36.541      |23.206      


VAL losses
Total Loss  |Smoke Loss  |Fire Loss   
------------ ------------ ------------
54.833      |34.693      |20.140      

VAL Metrics
SMOKE -> Precision: 0.722 - Recall: 0.585 - Accuracy: 0.692 - F1: 0.646
FIRE -> Precision: 0.794 - Recall: 0.723 - Accuracy: 0.880 - F1: 0.757

Saving model with new best validation loss: 54.833

=== EPOCH 4/74 ===
Learning Rate = 0.001

TRAIN losses
Total Loss  |Smoke Loss  |Fire Loss   
------------ ------------ ------------
57.851      |35.643      |22.208      


VAL losses
Total Loss  |Smoke Loss  |Fire Loss   
------------ ------------ ------------
52.067      |33.224      |18.843      

VAL Metrics
SMOKE -> Precision: 0.734 - Recall: 0.615 - Accuracy: 0.707 - F1: 0.669
FIRE -> Precision: 0.812 - Recall: 0.690 - Accuracy: 0.878 - F1: 0.746

Saving model with new best validation loss: 52.067

=== EPOCH 5/74 ===
Learning Rate = 0.001

TRAIN losses
Total Loss  |Smoke Loss  |Fire Loss   
------------ ------------ ------------
55.443      |34.776      |20.667      


VAL losses
Total Loss  |Smoke Loss  |Fire Loss   
------------ ------------ ------------
51.985      |34.887      |17.098      

VAL Metrics
SMOKE -> Precision: 0.829 - Recall: 0.361 - Accuracy: 0.657 - F1: 0.503
FIRE -> Precision: 0.810 - Recall: 0.740 - Accuracy: 0.888 - F1: 0.773

Saving model with new best validation loss: 51.985

=== EPOCH 6/74 ===
Learning Rate = 0.001

TRAIN losses
Total Loss  |Smoke Loss  |Fire Loss   
------------ ------------ ------------
53.363      |33.915      |19.448      


VAL losses
Total Loss  |Smoke Loss  |Fire Loss   
------------ ------------ ------------
46.941      |31.243      |15.697      

VAL Metrics
SMOKE -> Precision: 0.778 - Recall: 0.564 - Accuracy: 0.713 - F1: 0.654
FIRE -> Precision: 0.783 - Recall: 0.830 - Accuracy: 0.896 - F1: 0.806

Saving model with new best validation loss: 46.941

=== EPOCH 7/74 ===
Learning Rate = 0.001

TRAIN losses
Total Loss  |Smoke Loss  |Fire Loss   
------------ ------------ ------------
51.075      |32.990      |18.084      


VAL losses
Total Loss  |Smoke Loss  |Fire Loss   
------------ ------------ ------------
44.222      |29.813      |14.409      

VAL Metrics
SMOKE -> Precision: 0.794 - Recall: 0.617 - Accuracy: 0.739 - F1: 0.694
FIRE -> Precision: 0.848 - Recall: 0.806 - Accuracy: 0.913 - F1: 0.827

Saving model with new best validation loss: 44.222

=== EPOCH 8/74 ===
Learning Rate = 0.001

TRAIN losses
Total Loss  |Smoke Loss  |Fire Loss   
------------ ------------ ------------
49.862      |32.443      |17.419      


VAL losses
Total Loss  |Smoke Loss  |Fire Loss   
------------ ------------ ------------
42.371      |28.711      |13.660      

VAL Metrics
SMOKE -> Precision: 0.809 - Recall: 0.618 - Accuracy: 0.746 - F1: 0.701
FIRE -> Precision: 0.841 - Recall: 0.819 - Accuracy: 0.913 - F1: 0.830

Saving model with new best validation loss: 42.371

=== EPOCH 9/74 ===
Learning Rate = 0.001

TRAIN losses
Total Loss  |Smoke Loss  |Fire Loss   
------------ ------------ ------------
48.781      |31.828      |16.953      


VAL losses
Total Loss  |Smoke Loss  |Fire Loss   
------------ ------------ ------------
42.093      |29.222      |12.871      

VAL Metrics
SMOKE -> Precision: 0.822 - Recall: 0.563 - Accuracy: 0.731 - F1: 0.669
FIRE -> Precision: 0.821 - Recall: 0.861 - Accuracy: 0.916 - F1: 0.841

Saving model with new best validation loss: 42.093

=== EPOCH 10/74 ===
Learning Rate = 0.001

TRAIN losses
Total Loss  |Smoke Loss  |Fire Loss   
------------ ------------ ------------
47.707      |31.399      |16.309      


VAL losses
Total Loss  |Smoke Loss  |Fire Loss   
------------ ------------ ------------
42.254      |29.341      |12.913      

VAL Metrics
SMOKE -> Precision: 0.832 - Recall: 0.548 - Accuracy: 0.729 - F1: 0.661
FIRE -> Precision: 0.905 - Recall: 0.780 - Accuracy: 0.922 - F1: 0.838

=== EPOCH 11/74 ===
Learning Rate = 0.001

TRAIN losses
Total Loss  |Smoke Loss  |Fire Loss   
------------ ------------ ------------
46.549      |30.788      |15.761      


VAL losses
Total Loss  |Smoke Loss  |Fire Loss   
------------ ------------ ------------
38.281      |26.759      |11.522      

VAL Metrics
SMOKE -> Precision: 0.802 - Recall: 0.682 - Accuracy: 0.766 - F1: 0.737
FIRE -> Precision: 0.868 - Recall: 0.844 - Accuracy: 0.927 - F1: 0.856

Saving model with new best validation loss: 38.281

=== EPOCH 12/74 ===
Learning Rate = 0.001

TRAIN losses
Total Loss  |Smoke Loss  |Fire Loss   
------------ ------------ ------------
45.834      |30.383      |15.451      


VAL losses
Total Loss  |Smoke Loss  |Fire Loss   
------------ ------------ ------------
40.497      |28.267      |12.230      

VAL Metrics
SMOKE -> Precision: 0.849 - Recall: 0.594 - Accuracy: 0.754 - F1: 0.699
FIRE -> Precision: 0.905 - Recall: 0.800 - Accuracy: 0.927 - F1: 0.849

=== EPOCH 13/74 ===
Learning Rate = 0.001

TRAIN losses
Total Loss  |Smoke Loss  |Fire Loss   
------------ ------------ ------------
44.858      |29.737      |15.121      


VAL losses
Total Loss  |Smoke Loss  |Fire Loss   
------------ ------------ ------------
40.016      |26.592      |13.424      

VAL Metrics
SMOKE -> Precision: 0.864 - Recall: 0.596 - Accuracy: 0.761 - F1: 0.706
FIRE -> Precision: 0.899 - Recall: 0.754 - Accuracy: 0.914 - F1: 0.820

=== EPOCH 14/74 ===
Learning Rate = 0.001

TRAIN losses
Total Loss  |Smoke Loss  |Fire Loss   
------------ ------------ ------------
44.443      |29.485      |14.958      


VAL losses
Total Loss  |Smoke Loss  |Fire Loss   
------------ ------------ ------------
36.439      |25.316      |11.123      

VAL Metrics
SMOKE -> Precision: 0.800 - Recall: 0.817 - Accuracy: 0.814 - F1: 0.809
FIRE -> Precision: 0.874 - Recall: 0.868 - Accuracy: 0.934 - F1: 0.871

Saving model with new best validation loss: 36.439

=== EPOCH 15/74 ===
Learning Rate = 0.001

TRAIN losses
Total Loss  |Smoke Loss  |Fire Loss   
------------ ------------ ------------
43.938      |29.273      |14.666      


VAL losses
Total Loss  |Smoke Loss  |Fire Loss   
------------ ------------ ------------
36.123      |24.828      |11.294      

VAL Metrics
SMOKE -> Precision: 0.829 - Recall: 0.774 - Accuracy: 0.815 - F1: 0.801
FIRE -> Precision: 0.899 - Recall: 0.838 - Accuracy: 0.934 - F1: 0.867

Saving model with new best validation loss: 36.123

=== EPOCH 16/74 ===
Learning Rate = 0.001

TRAIN losses
Total Loss  |Smoke Loss  |Fire Loss   
------------ ------------ ------------
43.571      |28.915      |14.656      


VAL losses
Total Loss  |Smoke Loss  |Fire Loss   
------------ ------------ ------------
37.150      |25.005      |12.145      

VAL Metrics
SMOKE -> Precision: 0.804 - Recall: 0.816 - Accuracy: 0.816 - F1: 0.810
FIRE -> Precision: 0.917 - Recall: 0.777 - Accuracy: 0.924 - F1: 0.842

=== EPOCH 17/74 ===
Learning Rate = 0.001

TRAIN losses
Total Loss  |Smoke Loss  |Fire Loss   
------------ ------------ ------------
42.540      |28.346      |14.194      


VAL losses
Total Loss  |Smoke Loss  |Fire Loss   
------------ ------------ ------------
34.409      |23.897      |10.512      

VAL Metrics
SMOKE -> Precision: 0.811 - Recall: 0.820 - Accuracy: 0.822 - F1: 0.816
FIRE -> Precision: 0.884 - Recall: 0.875 - Accuracy: 0.938 - F1: 0.880

Saving model with new best validation loss: 34.409

=== EPOCH 18/74 ===
Learning Rate = 0.001

TRAIN losses
Total Loss  |Smoke Loss  |Fire Loss   
------------ ------------ ------------
41.715      |28.122      |13.592      


VAL losses
Total Loss  |Smoke Loss  |Fire Loss   
------------ ------------ ------------
34.234      |23.553      |10.681      

VAL Metrics
SMOKE -> Precision: 0.811 - Recall: 0.826 - Accuracy: 0.824 - F1: 0.818
FIRE -> Precision: 0.892 - Recall: 0.844 - Accuracy: 0.933 - F1: 0.868

Saving model with new best validation loss: 34.234

=== EPOCH 19/74 ===
Learning Rate = 0.001

TRAIN losses
Total Loss  |Smoke Loss  |Fire Loss   
------------ ------------ ------------
41.919      |27.956      |13.963      


VAL losses
Total Loss  |Smoke Loss  |Fire Loss   
------------ ------------ ------------
34.770      |23.238      |11.531      

VAL Metrics
SMOKE -> Precision: 0.866 - Recall: 0.712 - Accuracy: 0.808 - F1: 0.781
FIRE -> Precision: 0.938 - Recall: 0.791 - Accuracy: 0.932 - F1: 0.858

=== EPOCH 20/74 ===
Learning Rate = 0.001

TRAIN losses
Total Loss  |Smoke Loss  |Fire Loss   
------------ ------------ ------------
41.021      |27.535      |13.486      


VAL losses
Total Loss  |Smoke Loss  |Fire Loss   
------------ ------------ ------------
33.019      |22.875      |10.144      

VAL Metrics
SMOKE -> Precision: 0.817 - Recall: 0.843 - Accuracy: 0.834 - F1: 0.830
FIRE -> Precision: 0.910 - Recall: 0.831 - Accuracy: 0.935 - F1: 0.869

Saving model with new best validation loss: 33.019

=== EPOCH 21/74 ===
Learning Rate = 0.001

TRAIN losses
Total Loss  |Smoke Loss  |Fire Loss   
------------ ------------ ------------
40.963      |27.306      |13.657      


VAL losses
Total Loss  |Smoke Loss  |Fire Loss   
------------ ------------ ------------
34.655      |22.568      |12.087      

VAL Metrics
SMOKE -> Precision: 0.856 - Recall: 0.787 - Accuracy: 0.834 - F1: 0.820
FIRE -> Precision: 0.952 - Recall: 0.747 - Accuracy: 0.925 - F1: 0.837

=== EPOCH 22/74 ===
Learning Rate = 0.001

TRAIN losses
Total Loss  |Smoke Loss  |Fire Loss   
------------ ------------ ------------
40.516      |27.129      |13.387      


VAL losses
Total Loss  |Smoke Loss  |Fire Loss   
------------ ------------ ------------
33.601      |23.349      |10.252      

VAL Metrics
SMOKE -> Precision: 0.822 - Recall: 0.790 - Accuracy: 0.817 - F1: 0.806
FIRE -> Precision: 0.917 - Recall: 0.836 - Accuracy: 0.938 - F1: 0.875

=== EPOCH 23/74 ===
Learning Rate = 0.001

TRAIN losses
Total Loss  |Smoke Loss  |Fire Loss   
------------ ------------ ------------
39.782      |26.649      |13.133      


VAL losses
Total Loss  |Smoke Loss  |Fire Loss   
------------ ------------ ------------
33.434      |21.860      |11.574      

VAL Metrics
SMOKE -> Precision: 0.838 - Recall: 0.833 - Accuracy: 0.842 - F1: 0.835
FIRE -> Precision: 0.928 - Recall: 0.798 - Accuracy: 0.932 - F1: 0.858

=== EPOCH 24/74 ===
Learning Rate = 0.0008

TRAIN losses
Total Loss  |Smoke Loss  |Fire Loss   
------------ ------------ ------------
39.271      |26.270      |13.000      


VAL losses
Total Loss  |Smoke Loss  |Fire Loss   
------------ ------------ ------------
30.963      |21.380      |9.582       

VAL Metrics
SMOKE -> Precision: 0.835 - Recall: 0.845 - Accuracy: 0.845 - F1: 0.840
FIRE -> Precision: 0.894 - Recall: 0.890 - Accuracy: 0.944 - F1: 0.892

Saving model with new best validation loss: 30.963

=== EPOCH 25/74 ===
Learning Rate = 0.0008

TRAIN losses
Total Loss  |Smoke Loss  |Fire Loss   
------------ ------------ ------------
38.484      |25.582      |12.902      


VAL losses
Total Loss  |Smoke Loss  |Fire Loss   
------------ ------------ ------------
30.994      |21.320      |9.674       

VAL Metrics
SMOKE -> Precision: 0.860 - Recall: 0.781 - Accuracy: 0.833 - F1: 0.819
FIRE -> Precision: 0.903 - Recall: 0.876 - Accuracy: 0.944 - F1: 0.889

=== EPOCH 26/74 ===
Learning Rate = 0.0008

TRAIN losses
Total Loss  |Smoke Loss  |Fire Loss   
------------ ------------ ------------
37.956      |25.424      |12.532      


VAL losses
Total Loss  |Smoke Loss  |Fire Loss   
------------ ------------ ------------
32.629      |22.170      |10.459      

VAL Metrics
SMOKE -> Precision: 0.793 - Recall: 0.887 - Accuracy: 0.834 - F1: 0.837
FIRE -> Precision: 0.926 - Recall: 0.824 - Accuracy: 0.938 - F1: 0.872

=== EPOCH 27/74 ===
Learning Rate = 0.0008

TRAIN losses
Total Loss  |Smoke Loss  |Fire Loss   
------------ ------------ ------------
37.681      |25.036      |12.645      


VAL losses
Total Loss  |Smoke Loss  |Fire Loss   
------------ ------------ ------------
29.471      |20.160      |9.311       

VAL Metrics
SMOKE -> Precision: 0.839 - Recall: 0.856 - Accuracy: 0.852 - F1: 0.847
FIRE -> Precision: 0.909 - Recall: 0.886 - Accuracy: 0.948 - F1: 0.897

Saving model with new best validation loss: 29.471

=== EPOCH 28/74 ===
Learning Rate = 0.0008

TRAIN losses
Total Loss  |Smoke Loss  |Fire Loss   
------------ ------------ ------------
37.504      |25.041      |12.463      


VAL losses
Total Loss  |Smoke Loss  |Fire Loss   
------------ ------------ ------------
29.320      |19.983      |9.337       

VAL Metrics
SMOKE -> Precision: 0.865 - Recall: 0.803 - Accuracy: 0.845 - F1: 0.833
FIRE -> Precision: 0.929 - Recall: 0.843 - Accuracy: 0.943 - F1: 0.884

Saving model with new best validation loss: 29.320

=== EPOCH 29/74 ===
Learning Rate = 0.0008

TRAIN losses
Total Loss  |Smoke Loss  |Fire Loss   
------------ ------------ ------------
36.873      |24.708      |12.165      


VAL losses
Total Loss  |Smoke Loss  |Fire Loss   
------------ ------------ ------------
29.872      |20.342      |9.530       

VAL Metrics
SMOKE -> Precision: 0.836 - Recall: 0.859 - Accuracy: 0.851 - F1: 0.848
FIRE -> Precision: 0.920 - Recall: 0.859 - Accuracy: 0.944 - F1: 0.889

=== EPOCH 30/74 ===
Learning Rate = 0.0008

TRAIN losses
Total Loss  |Smoke Loss  |Fire Loss   
------------ ------------ ------------
36.435      |24.665      |11.770      


VAL losses
Total Loss  |Smoke Loss  |Fire Loss   
------------ ------------ ------------
29.254      |20.224      |9.030       

VAL Metrics
SMOKE -> Precision: 0.836 - Recall: 0.880 - Accuracy: 0.859 - F1: 0.857
FIRE -> Precision: 0.907 - Recall: 0.899 - Accuracy: 0.950 - F1: 0.903

Saving model with new best validation loss: 29.254

=== EPOCH 31/74 ===
Learning Rate = 0.0008

TRAIN losses
Total Loss  |Smoke Loss  |Fire Loss   
------------ ------------ ------------
36.189      |24.297      |11.893      


VAL losses
Total Loss  |Smoke Loss  |Fire Loss   
------------ ------------ ------------
29.615      |19.765      |9.850       

VAL Metrics
SMOKE -> Precision: 0.845 - Recall: 0.849 - Accuracy: 0.852 - F1: 0.847
FIRE -> Precision: 0.862 - Recall: 0.905 - Accuracy: 0.938 - F1: 0.883

=== EPOCH 32/74 ===
Learning Rate = 0.0008

TRAIN losses
Total Loss  |Smoke Loss  |Fire Loss   
------------ ------------ ------------
36.290      |24.361      |11.929      


VAL losses
Total Loss  |Smoke Loss  |Fire Loss   
------------ ------------ ------------
28.717      |19.950      |8.767       

VAL Metrics
SMOKE -> Precision: 0.894 - Recall: 0.769 - Accuracy: 0.845 - F1: 0.827
FIRE -> Precision: 0.916 - Recall: 0.886 - Accuracy: 0.950 - F1: 0.901

Saving model with new best validation loss: 28.717

=== EPOCH 33/74 ===
Learning Rate = 0.0008

TRAIN losses
Total Loss  |Smoke Loss  |Fire Loss   
------------ ------------ ------------
35.230      |23.650      |11.580      


VAL losses
Total Loss  |Smoke Loss  |Fire Loss   
------------ ------------ ------------
27.171      |18.484      |8.686       

VAL Metrics
SMOKE -> Precision: 0.856 - Recall: 0.882 - Accuracy: 0.872 - F1: 0.868
FIRE -> Precision: 0.931 - Recall: 0.873 - Accuracy: 0.950 - F1: 0.901

Saving model with new best validation loss: 27.171

=== EPOCH 34/74 ===
Learning Rate = 0.0008

TRAIN losses
Total Loss  |Smoke Loss  |Fire Loss   
------------ ------------ ------------
35.557      |23.753      |11.804      


VAL losses
Total Loss  |Smoke Loss  |Fire Loss   
------------ ------------ ------------
29.456      |19.285      |10.171      

VAL Metrics
SMOKE -> Precision: 0.886 - Recall: 0.812 - Accuracy: 0.859 - F1: 0.848
FIRE -> Precision: 0.956 - Recall: 0.810 - Accuracy: 0.941 - F1: 0.877

=== EPOCH 35/74 ===
Learning Rate = 0.0008

TRAIN losses
Total Loss  |Smoke Loss  |Fire Loss   
------------ ------------ ------------
35.716      |23.697      |12.019      


VAL losses
Total Loss  |Smoke Loss  |Fire Loss   
------------ ------------ ------------
29.253      |20.382      |8.872       

VAL Metrics
SMOKE -> Precision: 0.812 - Recall: 0.914 - Accuracy: 0.857 - F1: 0.860
FIRE -> Precision: 0.938 - Recall: 0.854 - Accuracy: 0.948 - F1: 0.894

=== EPOCH 36/74 ===
Learning Rate = 0.0008

TRAIN losses
Total Loss  |Smoke Loss  |Fire Loss   
------------ ------------ ------------
34.862      |23.575      |11.287      


VAL losses
Total Loss  |Smoke Loss  |Fire Loss   
------------ ------------ ------------
27.010      |18.553      |8.458       

VAL Metrics
SMOKE -> Precision: 0.868 - Recall: 0.858 - Accuracy: 0.869 - F1: 0.863
FIRE -> Precision: 0.914 - Recall: 0.893 - Accuracy: 0.951 - F1: 0.903

Saving model with new best validation loss: 27.010

=== EPOCH 37/74 ===
Learning Rate = 0.0008

TRAIN losses
Total Loss  |Smoke Loss  |Fire Loss   
------------ ------------ ------------
34.683      |23.444      |11.239      


VAL losses
Total Loss  |Smoke Loss  |Fire Loss   
------------ ------------ ------------
28.494      |19.300      |9.195       

VAL Metrics
SMOKE -> Precision: 0.828 - Recall: 0.905 - Accuracy: 0.864 - F1: 0.865
FIRE -> Precision: 0.918 - Recall: 0.882 - Accuracy: 0.949 - F1: 0.899

=== EPOCH 38/74 ===
Learning Rate = 0.0008

TRAIN losses
Total Loss  |Smoke Loss  |Fire Loss   
------------ ------------ ------------
34.479      |23.201      |11.278      


VAL losses
Total Loss  |Smoke Loss  |Fire Loss   
------------ ------------ ------------
27.455      |18.801      |8.653       

VAL Metrics
SMOKE -> Precision: 0.883 - Recall: 0.796 - Accuracy: 0.851 - F1: 0.837
FIRE -> Precision: 0.900 - Recall: 0.905 - Accuracy: 0.949 - F1: 0.903

=== EPOCH 39/74 ===
Learning Rate = 0.0008

TRAIN losses
Total Loss  |Smoke Loss  |Fire Loss   
------------ ------------ ------------
34.363      |22.997      |11.367      


VAL losses
Total Loss  |Smoke Loss  |Fire Loss   
------------ ------------ ------------
27.374      |17.981      |9.393       

VAL Metrics
SMOKE -> Precision: 0.885 - Recall: 0.843 - Accuracy: 0.872 - F1: 0.864
FIRE -> Precision: 0.958 - Recall: 0.841 - Accuracy: 0.949 - F1: 0.896

=== EPOCH 40/74 ===
Learning Rate = 0.00064

TRAIN losses
Total Loss  |Smoke Loss  |Fire Loss   
------------ ------------ ------------
33.858      |22.596      |11.262      


VAL losses
Total Loss  |Smoke Loss  |Fire Loss   
------------ ------------ ------------
26.637      |18.236      |8.401       

VAL Metrics
SMOKE -> Precision: 0.849 - Recall: 0.872 - Accuracy: 0.864 - F1: 0.860
FIRE -> Precision: 0.915 - Recall: 0.908 - Accuracy: 0.954 - F1: 0.911

Saving model with new best validation loss: 26.637

=== EPOCH 41/74 ===
Learning Rate = 0.00064

TRAIN losses
Total Loss  |Smoke Loss  |Fire Loss   
------------ ------------ ------------
33.282      |22.397      |10.885      


VAL losses
Total Loss  |Smoke Loss  |Fire Loss   
------------ ------------ ------------
26.869      |18.519      |8.350       

VAL Metrics
SMOKE -> Precision: 0.825 - Recall: 0.926 - Accuracy: 0.870 - F1: 0.873
FIRE -> Precision: 0.916 - Recall: 0.900 - Accuracy: 0.953 - F1: 0.908

=== EPOCH 42/74 ===
Learning Rate = 0.00064

TRAIN losses
Total Loss  |Smoke Loss  |Fire Loss   
------------ ------------ ------------
33.312      |22.363      |10.949      


VAL losses
Total Loss  |Smoke Loss  |Fire Loss   
------------ ------------ ------------
25.874      |17.645      |8.228       

VAL Metrics
SMOKE -> Precision: 0.893 - Recall: 0.843 - Accuracy: 0.876 - F1: 0.867
FIRE -> Precision: 0.945 - Recall: 0.871 - Accuracy: 0.954 - F1: 0.907

Saving model with new best validation loss: 25.874

=== EPOCH 43/74 ===
Learning Rate = 0.00064

TRAIN losses
Total Loss  |Smoke Loss  |Fire Loss   
------------ ------------ ------------
32.820      |22.098      |10.722      


VAL losses
Total Loss  |Smoke Loss  |Fire Loss   
------------ ------------ ------------
26.082      |18.021      |8.061       

VAL Metrics
SMOKE -> Precision: 0.831 - Recall: 0.938 - Accuracy: 0.878 - F1: 0.881
FIRE -> Precision: 0.927 - Recall: 0.897 - Accuracy: 0.955 - F1: 0.912

=== EPOCH 44/74 ===
Learning Rate = 0.00064

TRAIN losses
Total Loss  |Smoke Loss  |Fire Loss   
------------ ------------ ------------
32.951      |21.918      |11.032      


VAL losses
Total Loss  |Smoke Loss  |Fire Loss   
------------ ------------ ------------
26.341      |18.510      |7.831       

VAL Metrics
SMOKE -> Precision: 0.916 - Recall: 0.780 - Accuracy: 0.860 - F1: 0.843
FIRE -> Precision: 0.935 - Recall: 0.898 - Accuracy: 0.958 - F1: 0.916

=== EPOCH 45/74 ===
Learning Rate = 0.00064

TRAIN losses
Total Loss  |Smoke Loss  |Fire Loss   
------------ ------------ ------------
32.299      |21.661      |10.638      


VAL losses
Total Loss  |Smoke Loss  |Fire Loss   
------------ ------------ ------------
27.164      |18.691      |8.473       

VAL Metrics
SMOKE -> Precision: 0.907 - Recall: 0.783 - Accuracy: 0.857 - F1: 0.840
FIRE -> Precision: 0.945 - Recall: 0.876 - Accuracy: 0.955 - F1: 0.909

=== EPOCH 46/74 ===
Learning Rate = 0.0005120000000000001

TRAIN losses
Total Loss  |Smoke Loss  |Fire Loss   
------------ ------------ ------------
31.538      |21.302      |10.236      


VAL losses
Total Loss  |Smoke Loss  |Fire Loss   
------------ ------------ ------------
26.317      |17.694      |8.622       

VAL Metrics
SMOKE -> Precision: 0.918 - Recall: 0.806 - Accuracy: 0.872 - F1: 0.858
FIRE -> Precision: 0.945 - Recall: 0.868 - Accuracy: 0.953 - F1: 0.905

=== EPOCH 47/74 ===
Learning Rate = 0.0005120000000000001

TRAIN losses
Total Loss  |Smoke Loss  |Fire Loss   
------------ ------------ ------------
31.647      |21.200      |10.447      


VAL losses
Total Loss  |Smoke Loss  |Fire Loss   
------------ ------------ ------------
24.747      |16.538      |8.209       

VAL Metrics
SMOKE -> Precision: 0.854 - Recall: 0.926 - Accuracy: 0.888 - F1: 0.889
FIRE -> Precision: 0.903 - Recall: 0.927 - Accuracy: 0.955 - F1: 0.915

Saving model with new best validation loss: 24.747

=== EPOCH 48/74 ===
Learning Rate = 0.0005120000000000001

TRAIN losses
Total Loss  |Smoke Loss  |Fire Loss   
------------ ------------ ------------
31.567      |21.113      |10.455      


VAL losses
Total Loss  |Smoke Loss  |Fire Loss   
------------ ------------ ------------
24.527      |16.542      |7.985       

VAL Metrics
SMOKE -> Precision: 0.903 - Recall: 0.850 - Accuracy: 0.884 - F1: 0.876
FIRE -> Precision: 0.932 - Recall: 0.893 - Accuracy: 0.955 - F1: 0.912

Saving model with new best validation loss: 24.527

=== EPOCH 49/74 ===
Learning Rate = 0.0005120000000000001

TRAIN losses
Total Loss  |Smoke Loss  |Fire Loss   
------------ ------------ ------------
30.988      |20.751      |10.237      


VAL losses
Total Loss  |Smoke Loss  |Fire Loss   
------------ ------------ ------------
24.456      |16.407      |8.050       

VAL Metrics
SMOKE -> Precision: 0.869 - Recall: 0.895 - Accuracy: 0.884 - F1: 0.882
FIRE -> Precision: 0.934 - Recall: 0.896 - Accuracy: 0.957 - F1: 0.915

Saving model with new best validation loss: 24.456

=== EPOCH 50/74 ===
Learning Rate = 0.0005120000000000001

TRAIN losses
Total Loss  |Smoke Loss  |Fire Loss   
------------ ------------ ------------
31.268      |20.918      |10.350      


VAL losses
Total Loss  |Smoke Loss  |Fire Loss   
------------ ------------ ------------
24.463      |16.480      |7.984       

VAL Metrics
SMOKE -> Precision: 0.855 - Recall: 0.928 - Accuracy: 0.890 - F1: 0.890
FIRE -> Precision: 0.924 - Recall: 0.904 - Accuracy: 0.956 - F1: 0.913

=== EPOCH 51/74 ===
Learning Rate = 0.0005120000000000001

TRAIN losses
Total Loss  |Smoke Loss  |Fire Loss   
------------ ------------ ------------
31.357      |20.870      |10.487      


VAL losses
Total Loss  |Smoke Loss  |Fire Loss   
------------ ------------ ------------
25.397      |16.876      |8.521       

VAL Metrics
SMOKE -> Precision: 0.914 - Recall: 0.810 - Accuracy: 0.872 - F1: 0.858
FIRE -> Precision: 0.955 - Recall: 0.864 - Accuracy: 0.954 - F1: 0.907

=== EPOCH 52/74 ===
Learning Rate = 0.0005120000000000001

TRAIN losses
Total Loss  |Smoke Loss  |Fire Loss   
------------ ------------ ------------
30.750      |20.797      |9.953       


VAL losses
Total Loss  |Smoke Loss  |Fire Loss   
------------ ------------ ------------
24.830      |16.662      |8.168       

VAL Metrics
SMOKE -> Precision: 0.863 - Recall: 0.918 - Accuracy: 0.891 - F1: 0.890
FIRE -> Precision: 0.956 - Recall: 0.867 - Accuracy: 0.955 - F1: 0.909

=== EPOCH 53/74 ===
Learning Rate = 0.0004096000000000001

TRAIN losses
Total Loss  |Smoke Loss  |Fire Loss   
------------ ------------ ------------
30.227      |20.422      |9.805       


VAL losses
Total Loss  |Smoke Loss  |Fire Loss   
------------ ------------ ------------
23.623      |15.871      |7.751       

VAL Metrics
SMOKE -> Precision: 0.885 - Recall: 0.872 - Accuracy: 0.884 - F1: 0.879
FIRE -> Precision: 0.918 - Recall: 0.906 - Accuracy: 0.955 - F1: 0.912

Saving model with new best validation loss: 23.623

=== EPOCH 54/74 ===
Learning Rate = 0.0004096000000000001

TRAIN losses
Total Loss  |Smoke Loss  |Fire Loss   
------------ ------------ ------------
30.309      |20.337      |9.972       


VAL losses
Total Loss  |Smoke Loss  |Fire Loss   
------------ ------------ ------------
23.093      |15.437      |7.656       

VAL Metrics
SMOKE -> Precision: 0.893 - Recall: 0.900 - Accuracy: 0.900 - F1: 0.897
FIRE -> Precision: 0.929 - Recall: 0.905 - Accuracy: 0.957 - F1: 0.916

Saving model with new best validation loss: 23.093

=== EPOCH 55/74 ===
Learning Rate = 0.0004096000000000001

TRAIN losses
Total Loss  |Smoke Loss  |Fire Loss   
------------ ------------ ------------
30.035      |20.288      |9.748       


VAL losses
Total Loss  |Smoke Loss  |Fire Loss   
------------ ------------ ------------
23.428      |15.510      |7.918       

VAL Metrics
SMOKE -> Precision: 0.900 - Recall: 0.878 - Accuracy: 0.894 - F1: 0.889
FIRE -> Precision: 0.944 - Recall: 0.881 - Accuracy: 0.956 - F1: 0.911

=== EPOCH 56/74 ===
Learning Rate = 0.0004096000000000001

TRAIN losses
Total Loss  |Smoke Loss  |Fire Loss   
------------ ------------ ------------
29.976      |19.895      |10.081      


VAL losses
Total Loss  |Smoke Loss  |Fire Loss   
------------ ------------ ------------
23.176      |15.373      |7.803       

VAL Metrics
SMOKE -> Precision: 0.891 - Recall: 0.887 - Accuracy: 0.893 - F1: 0.889
FIRE -> Precision: 0.934 - Recall: 0.894 - Accuracy: 0.956 - F1: 0.913

=== EPOCH 57/74 ===
Learning Rate = 0.0004096000000000001

TRAIN losses
Total Loss  |Smoke Loss  |Fire Loss   
------------ ------------ ------------
29.918      |19.986      |9.932       


VAL losses
Total Loss  |Smoke Loss  |Fire Loss   
------------ ------------ ------------
23.562      |15.573      |7.990       

VAL Metrics
SMOKE -> Precision: 0.909 - Recall: 0.852 - Accuracy: 0.888 - F1: 0.880
FIRE -> Precision: 0.953 - Recall: 0.877 - Accuracy: 0.957 - F1: 0.913

=== EPOCH 58/74 ===
Learning Rate = 0.0003276800000000001

TRAIN losses
Total Loss  |Smoke Loss  |Fire Loss   
------------ ------------ ------------
29.750      |19.817      |9.933       


VAL losses
Total Loss  |Smoke Loss  |Fire Loss   
------------ ------------ ------------
22.772      |15.236      |7.537       

VAL Metrics
SMOKE -> Precision: 0.874 - Recall: 0.923 - Accuracy: 0.899 - F1: 0.898
FIRE -> Precision: 0.915 - Recall: 0.914 - Accuracy: 0.956 - F1: 0.915

Saving model with new best validation loss: 22.772

=== EPOCH 59/74 ===
Learning Rate = 0.0003276800000000001

TRAIN losses
Total Loss  |Smoke Loss  |Fire Loss   
------------ ------------ ------------
28.634      |19.106      |9.528       


VAL losses
Total Loss  |Smoke Loss  |Fire Loss   
------------ ------------ ------------
22.582      |15.240      |7.342       

VAL Metrics
SMOKE -> Precision: 0.891 - Recall: 0.883 - Accuracy: 0.892 - F1: 0.887
FIRE -> Precision: 0.937 - Recall: 0.905 - Accuracy: 0.959 - F1: 0.920

Saving model with new best validation loss: 22.582

=== EPOCH 60/74 ===
Learning Rate = 0.0003276800000000001

TRAIN losses
Total Loss  |Smoke Loss  |Fire Loss   
------------ ------------ ------------
29.070      |19.438      |9.632       


VAL losses
Total Loss  |Smoke Loss  |Fire Loss   
------------ ------------ ------------
22.374      |14.746      |7.629       

VAL Metrics
SMOKE -> Precision: 0.898 - Recall: 0.893 - Accuracy: 0.900 - F1: 0.896
FIRE -> Precision: 0.938 - Recall: 0.881 - Accuracy: 0.954 - F1: 0.908

Saving model with new best validation loss: 22.374

=== EPOCH 61/74 ===
Learning Rate = 0.0003276800000000001

TRAIN losses
Total Loss  |Smoke Loss  |Fire Loss   
------------ ------------ ------------
29.011      |19.454      |9.557       


VAL losses
Total Loss  |Smoke Loss  |Fire Loss   
------------ ------------ ------------
22.219      |14.896      |7.323       

VAL Metrics
SMOKE -> Precision: 0.897 - Recall: 0.890 - Accuracy: 0.898 - F1: 0.894
FIRE -> Precision: 0.926 - Recall: 0.913 - Accuracy: 0.958 - F1: 0.919

Saving model with new best validation loss: 22.219

=== EPOCH 62/74 ===
Learning Rate = 0.0003276800000000001

TRAIN losses
Total Loss  |Smoke Loss  |Fire Loss   
------------ ------------ ------------
28.876      |19.309      |9.567       


VAL losses
Total Loss  |Smoke Loss  |Fire Loss   
------------ ------------ ------------
22.171      |14.600      |7.571       

VAL Metrics
SMOKE -> Precision: 0.901 - Recall: 0.886 - Accuracy: 0.899 - F1: 0.894
FIRE -> Precision: 0.911 - Recall: 0.923 - Accuracy: 0.957 - F1: 0.917

Saving model with new best validation loss: 22.171

=== EPOCH 63/74 ===
Learning Rate = 0.0003276800000000001

TRAIN losses
Total Loss  |Smoke Loss  |Fire Loss   
------------ ------------ ------------
28.868      |19.294      |9.574       


VAL losses
Total Loss  |Smoke Loss  |Fire Loss   
------------ ------------ ------------
22.483      |14.755      |7.728       

VAL Metrics
SMOKE -> Precision: 0.886 - Recall: 0.912 - Accuracy: 0.901 - F1: 0.899
FIRE -> Precision: 0.944 - Recall: 0.883 - Accuracy: 0.956 - F1: 0.912

=== EPOCH 64/74 ===
Learning Rate = 0.0003276800000000001

TRAIN losses
Total Loss  |Smoke Loss  |Fire Loss   
------------ ------------ ------------
28.241      |18.770      |9.471       


VAL losses
Total Loss  |Smoke Loss  |Fire Loss   
------------ ------------ ------------
22.102      |14.518      |7.583       

VAL Metrics
SMOKE -> Precision: 0.906 - Recall: 0.886 - Accuracy: 0.901 - F1: 0.896
FIRE -> Precision: 0.951 - Recall: 0.884 - Accuracy: 0.958 - F1: 0.916

Saving model with new best validation loss: 22.102

=== EPOCH 65/74 ===
Learning Rate = 0.0003276800000000001

TRAIN losses
Total Loss  |Smoke Loss  |Fire Loss   
------------ ------------ ------------
28.316      |18.973      |9.342       


VAL losses
Total Loss  |Smoke Loss  |Fire Loss   
------------ ------------ ------------
21.818      |14.487      |7.331       

VAL Metrics
SMOKE -> Precision: 0.895 - Recall: 0.897 - Accuracy: 0.900 - F1: 0.896
FIRE -> Precision: 0.935 - Recall: 0.909 - Accuracy: 0.960 - F1: 0.922

Saving model with new best validation loss: 21.818

=== EPOCH 66/74 ===
Learning Rate = 0.0003276800000000001

TRAIN losses
Total Loss  |Smoke Loss  |Fire Loss   
------------ ------------ ------------
28.269      |19.088      |9.181       


VAL losses
Total Loss  |Smoke Loss  |Fire Loss   
------------ ------------ ------------
22.483      |14.638      |7.844       

VAL Metrics
SMOKE -> Precision: 0.880 - Recall: 0.921 - Accuracy: 0.902 - F1: 0.900
FIRE -> Precision: 0.959 - Recall: 0.878 - Accuracy: 0.959 - F1: 0.917

=== EPOCH 67/74 ===
Learning Rate = 0.0003276800000000001

TRAIN losses
Total Loss  |Smoke Loss  |Fire Loss   
------------ ------------ ------------
28.275      |19.016      |9.259       


VAL losses
Total Loss  |Smoke Loss  |Fire Loss   
------------ ------------ ------------
21.615      |14.247      |7.368       

VAL Metrics
SMOKE -> Precision: 0.907 - Recall: 0.882 - Accuracy: 0.900 - F1: 0.894
FIRE -> Precision: 0.940 - Recall: 0.912 - Accuracy: 0.962 - F1: 0.925

Saving model with new best validation loss: 21.615

=== EPOCH 68/74 ===
Learning Rate = 0.0003276800000000001

TRAIN losses
Total Loss  |Smoke Loss  |Fire Loss   
------------ ------------ ------------
28.329      |18.774      |9.556       


VAL losses
Total Loss  |Smoke Loss  |Fire Loss   
------------ ------------ ------------
22.617      |15.007      |7.609       

VAL Metrics
SMOKE -> Precision: 0.869 - Recall: 0.939 - Accuracy: 0.903 - F1: 0.903
FIRE -> Precision: 0.956 - Recall: 0.877 - Accuracy: 0.958 - F1: 0.915

=== EPOCH 69/74 ===
Learning Rate = 0.0003276800000000001

TRAIN losses
Total Loss  |Smoke Loss  |Fire Loss   
------------ ------------ ------------
28.319      |18.672      |9.647       


VAL losses
Total Loss  |Smoke Loss  |Fire Loss   
------------ ------------ ------------
22.031      |14.540      |7.491       

VAL Metrics
SMOKE -> Precision: 0.919 - Recall: 0.865 - Accuracy: 0.899 - F1: 0.891
FIRE -> Precision: 0.934 - Recall: 0.906 - Accuracy: 0.959 - F1: 0.920

=== EPOCH 70/74 ===
Learning Rate = 0.0003276800000000001

TRAIN losses
Total Loss  |Smoke Loss  |Fire Loss   
------------ ------------ ------------
28.138      |18.682      |9.457       


VAL losses
Total Loss  |Smoke Loss  |Fire Loss   
------------ ------------ ------------
24.086      |16.559      |7.527       

VAL Metrics
SMOKE -> Precision: 0.930 - Recall: 0.799 - Accuracy: 0.875 - F1: 0.860
FIRE -> Precision: 0.933 - Recall: 0.905 - Accuracy: 0.959 - F1: 0.919

=== EPOCH 71/74 ===
Learning Rate = 0.0002621440000000001

TRAIN losses
Total Loss  |Smoke Loss  |Fire Loss   
------------ ------------ ------------
27.782      |18.426      |9.356       


VAL losses
Total Loss  |Smoke Loss  |Fire Loss   
------------ ------------ ------------
21.476      |13.929      |7.547       

VAL Metrics
SMOKE -> Precision: 0.901 - Recall: 0.912 - Accuracy: 0.909 - F1: 0.906
FIRE -> Precision: 0.943 - Recall: 0.904 - Accuracy: 0.961 - F1: 0.923

Saving model with new best validation loss: 21.476

=== EPOCH 72/74 ===
Learning Rate = 0.0002621440000000001

TRAIN losses
Total Loss  |Smoke Loss  |Fire Loss   
------------ ------------ ------------
27.626      |18.310      |9.316       


VAL losses
Total Loss  |Smoke Loss  |Fire Loss   
------------ ------------ ------------
21.247      |14.102      |7.145       

VAL Metrics
SMOKE -> Precision: 0.892 - Recall: 0.916 - Accuracy: 0.906 - F1: 0.904
FIRE -> Precision: 0.934 - Recall: 0.914 - Accuracy: 0.961 - F1: 0.924

Saving model with new best validation loss: 21.247

=== EPOCH 73/74 ===
Learning Rate = 0.0002621440000000001

TRAIN losses
Total Loss  |Smoke Loss  |Fire Loss   
------------ ------------ ------------
27.359      |18.266      |9.092       


VAL losses
Total Loss  |Smoke Loss  |Fire Loss   
------------ ------------ ------------
21.366      |14.235      |7.132       

VAL Metrics
SMOKE -> Precision: 0.891 - Recall: 0.923 - Accuracy: 0.908 - F1: 0.906
FIRE -> Precision: 0.947 - Recall: 0.911 - Accuracy: 0.964 - F1: 0.928

=== EPOCH 74/74 ===
Learning Rate = 0.0002621440000000001

TRAIN losses
Total Loss  |Smoke Loss  |Fire Loss   
------------ ------------ ------------
27.466      |18.342      |9.124       


VAL losses
Total Loss  |Smoke Loss  |Fire Loss   
------------ ------------ ------------
22.008      |14.432      |7.576       

VAL Metrics
SMOKE -> Precision: 0.879 - Recall: 0.930 - Accuracy: 0.904 - F1: 0.903
FIRE -> Precision: 0.946 - Recall: 0.895 - Accuracy: 0.959 - F1: 0.919
Saving last model

***Script finished: 16:44:13

Time elapsed: 0:33:46.775310
