BED Classifier XS Tiny. Trying to reduce it: v1. 255 Normalization. Weighted for Precision.
DFire Removed wrong images: 0
DFire empty images: 31
DFire only smoke images: 17
DFire only fire images: 2
DFire smoke and fire images: 14

TRAIN DFIRE dataset
DFire Removed wrong images: 0
DFire empty images: 7833
DFire only smoke images: 4681
DFire only fire images: 944
DFire smoke and fire images: 3763
Train dataset len: 17221

TEST DFire dataset
DFire Removed wrong images: 0
DFire empty images: 2005
DFire only smoke images: 1186
DFire only fire images: 220
DFire smoke and fire images: 895
Test dataset len: 4306
Using BED Classifier
Model shape is tensor([[-0.0545,  0.1296],
        [-0.0530,  0.2090],
        [-0.1275,  0.1290],
        [ 0.0358,  0.2256]], device='cuda:0', grad_fn=<CatBackward0>)
BED Model Arquitecture
BED_CLASSIFIER(
  (model): Sequential(
    (0): Conv2d(3, 32, kernel_size=(3, 3), stride=(1, 1), padding=(1, 1), bias=False)
    (1): BatchNorm2d(32, eps=1e-05, momentum=0.1, affine=False, track_running_stats=True)
    (2): ReLU()
    (3): Dropout2d(p=0.3, inplace=False)
    (4): MaxPool2d(kernel_size=2, stride=2, padding=0, dilation=1, ceil_mode=False)
    (5): Conv2d(32, 16, kernel_size=(3, 3), stride=(1, 1), padding=(1, 1), bias=False)
    (6): BatchNorm2d(16, eps=1e-05, momentum=0.1, affine=False, track_running_stats=True)
    (7): ReLU()
    (8): Dropout2d(p=0.3, inplace=False)
    (9): MaxPool2d(kernel_size=2, stride=2, padding=0, dilation=1, ceil_mode=False)
    (10): Conv2d(16, 16, kernel_size=(1, 1), stride=(1, 1), bias=False)
    (11): BatchNorm2d(16, eps=1e-05, momentum=0.1, affine=False, track_running_stats=True)
    (12): ReLU()
    (13): Conv2d(16, 32, kernel_size=(3, 3), stride=(1, 1), padding=(1, 1), bias=False)
    (14): BatchNorm2d(32, eps=1e-05, momentum=0.1, affine=False, track_running_stats=True)
    (15): ReLU()
    (16): Conv2d(32, 32, kernel_size=(1, 1), stride=(1, 1), bias=False)
    (17): BatchNorm2d(32, eps=1e-05, momentum=0.1, affine=False, track_running_stats=True)
    (18): ReLU()
    (19): Conv2d(32, 64, kernel_size=(3, 3), stride=(1, 1), padding=(1, 1), bias=False)
    (20): BatchNorm2d(64, eps=1e-05, momentum=0.1, affine=False, track_running_stats=True)
    (21): ReLU()
    (22): MaxPool2d(kernel_size=2, stride=2, padding=0, dilation=1, ceil_mode=False)
    (23): Conv2d(64, 32, kernel_size=(1, 1), stride=(1, 1), bias=False)
    (24): BatchNorm2d(32, eps=1e-05, momentum=0.1, affine=False, track_running_stats=True)
    (25): ReLU()
    (26): Conv2d(32, 64, kernel_size=(3, 3), stride=(1, 1), padding=(1, 1), bias=False)
    (27): BatchNorm2d(64, eps=1e-05, momentum=0.1, affine=False, track_running_stats=True)
    (28): ReLU()
    (29): Conv2d(64, 32, kernel_size=(1, 1), stride=(1, 1), bias=False)
    (30): BatchNorm2d(32, eps=1e-05, momentum=0.1, affine=False, track_running_stats=True)
    (31): ReLU()
    (32): Conv2d(32, 64, kernel_size=(3, 3), stride=(1, 1), padding=(1, 1), bias=False)
    (33): BatchNorm2d(64, eps=1e-05, momentum=0.1, affine=False, track_running_stats=True)
    (34): ReLU()
    (35): Conv2d(64, 32, kernel_size=(1, 1), stride=(1, 1), bias=False)
    (36): BatchNorm2d(32, eps=1e-05, momentum=0.1, affine=False, track_running_stats=True)
    (37): ReLU()
    (38): Conv2d(32, 64, kernel_size=(3, 3), stride=(1, 1), padding=(1, 1), bias=False)
    (39): BatchNorm2d(64, eps=1e-05, momentum=0.1, affine=False, track_running_stats=True)
    (40): ReLU()
  )
  (pool): AdaptiveAvgPool2d(output_size=(1, 1))
  (smoke): Sequential(
    (0): Dropout(p=0.2, inplace=False)
    (1): Linear(in_features=64, out_features=16, bias=True)
    (2): ReLU()
    (3): Linear(in_features=16, out_features=1, bias=True)
  )
  (fire): Sequential(
    (0): Dropout(p=0.2, inplace=False)
    (1): Linear(in_features=64, out_features=16, bias=True)
    (2): ReLU()
    (3): Linear(in_features=16, out_features=1, bias=True)
  )
)

Trainable parameters = 93346
Total parameters = 93346

Starting script

Device: cuda
Learning Rate: 0.001
Weight Decay: 0.001
Batch Size: 64
IMG DIMS: (224, 224)
W: 224
H: 224
Loss Function: BCE
Smoke Precision Weight: 0.7

***Start Training: 12:00:27

Initializing Weights

=== EPOCH 0/124 ===
Learning Rate = 0.001

TRAIN losses
Total Loss  |Smoke Loss  |Fire Loss   
------------ ------------ ------------
67.893      |36.563      |31.330      


VAL losses
Total Loss  |Smoke Loss  |Fire Loss   
------------ ------------ ------------
60.588      |35.906      |24.682      

VAL Metrics
SMOKE -> Precision: 0.000 - Recall: 0.000 - Accuracy: 0.519 - F1: 0.000
FIRE -> Precision: 0.740 - Recall: 0.527 - Accuracy: 0.830 - F1: 0.615

Saving model with new best validation loss: 60.588

=== EPOCH 1/124 ===
Learning Rate = 0.001

TRAIN losses
Total Loss  |Smoke Loss  |Fire Loss   
------------ ------------ ------------
62.629      |35.942      |26.687      


VAL losses
Total Loss  |Smoke Loss  |Fire Loss   
------------ ------------ ------------
59.026      |35.521      |23.505      

VAL Metrics
SMOKE -> Precision: 0.000 - Recall: 0.000 - Accuracy: 0.519 - F1: 0.000
FIRE -> Precision: 0.732 - Recall: 0.608 - Accuracy: 0.841 - F1: 0.664

Saving model with new best validation loss: 59.026

=== EPOCH 2/124 ===
Learning Rate = 0.001

TRAIN losses
Total Loss  |Smoke Loss  |Fire Loss   
------------ ------------ ------------
60.356      |35.356      |25.001      


VAL losses
Total Loss  |Smoke Loss  |Fire Loss   
------------ ------------ ------------
56.340      |34.412      |21.928      

VAL Metrics
SMOKE -> Precision: 0.737 - Recall: 0.155 - Accuracy: 0.567 - F1: 0.256
FIRE -> Precision: 0.722 - Recall: 0.662 - Accuracy: 0.847 - F1: 0.691

Saving model with new best validation loss: 56.340

=== EPOCH 3/124 ===
Learning Rate = 0.001

TRAIN losses
Total Loss  |Smoke Loss  |Fire Loss   
------------ ------------ ------------
57.897      |34.502      |23.395      


VAL losses
Total Loss  |Smoke Loss  |Fire Loss   
------------ ------------ ------------
53.298      |33.251      |20.047      

VAL Metrics
SMOKE -> Precision: 0.762 - Recall: 0.303 - Accuracy: 0.619 - F1: 0.434
FIRE -> Precision: 0.746 - Recall: 0.705 - Accuracy: 0.862 - F1: 0.725

Saving model with new best validation loss: 53.298

=== EPOCH 4/124 ===
Learning Rate = 0.001

TRAIN losses
Total Loss  |Smoke Loss  |Fire Loss   
------------ ------------ ------------
55.624      |33.836      |21.789      


VAL losses
Total Loss  |Smoke Loss  |Fire Loss   
------------ ------------ ------------
51.173      |31.562      |19.611      

VAL Metrics
SMOKE -> Precision: 0.804 - Recall: 0.335 - Accuracy: 0.641 - F1: 0.473
FIRE -> Precision: 0.806 - Recall: 0.656 - Accuracy: 0.870 - F1: 0.723

Saving model with new best validation loss: 51.173

=== EPOCH 5/124 ===
Learning Rate = 0.001

TRAIN losses
Total Loss  |Smoke Loss  |Fire Loss   
------------ ------------ ------------
52.475      |32.243      |20.231      


VAL losses
Total Loss  |Smoke Loss  |Fire Loss   
------------ ------------ ------------
45.194      |28.989      |16.205      

VAL Metrics
SMOKE -> Precision: 0.807 - Recall: 0.479 - Accuracy: 0.694 - F1: 0.601
FIRE -> Precision: 0.792 - Recall: 0.784 - Accuracy: 0.891 - F1: 0.788

Saving model with new best validation loss: 45.194

=== EPOCH 6/124 ===
Learning Rate = 0.001

TRAIN losses
Total Loss  |Smoke Loss  |Fire Loss   
------------ ------------ ------------
50.317      |31.132      |19.185      


VAL losses
Total Loss  |Smoke Loss  |Fire Loss   
------------ ------------ ------------
45.505      |28.703      |16.802      

VAL Metrics
SMOKE -> Precision: 0.812 - Recall: 0.517 - Accuracy: 0.710 - F1: 0.632
FIRE -> Precision: 0.747 - Recall: 0.844 - Accuracy: 0.886 - F1: 0.793

=== EPOCH 7/124 ===
Learning Rate = 0.001

TRAIN losses
Total Loss  |Smoke Loss  |Fire Loss   
------------ ------------ ------------
48.740      |30.476      |18.263      


VAL losses
Total Loss  |Smoke Loss  |Fire Loss   
------------ ------------ ------------
44.329      |28.001      |16.328      

VAL Metrics
SMOKE -> Precision: 0.798 - Recall: 0.516 - Accuracy: 0.704 - F1: 0.626
FIRE -> Precision: 0.897 - Recall: 0.696 - Accuracy: 0.901 - F1: 0.784

Saving model with new best validation loss: 44.329

=== EPOCH 8/124 ===
Learning Rate = 0.001

TRAIN losses
Total Loss  |Smoke Loss  |Fire Loss   
------------ ------------ ------------
47.283      |29.812      |17.471      


VAL losses
Total Loss  |Smoke Loss  |Fire Loss   
------------ ------------ ------------
40.959      |27.036      |13.923      

VAL Metrics
SMOKE -> Precision: 0.821 - Recall: 0.548 - Accuracy: 0.725 - F1: 0.657
FIRE -> Precision: 0.864 - Recall: 0.794 - Accuracy: 0.914 - F1: 0.827

Saving model with new best validation loss: 40.959

=== EPOCH 9/124 ===
Learning Rate = 0.001

TRAIN losses
Total Loss  |Smoke Loss  |Fire Loss   
------------ ------------ ------------
46.261      |29.304      |16.957      


VAL losses
Total Loss  |Smoke Loss  |Fire Loss   
------------ ------------ ------------
42.110      |27.341      |14.769      

VAL Metrics
SMOKE -> Precision: 0.778 - Recall: 0.616 - Accuracy: 0.731 - F1: 0.687
FIRE -> Precision: 0.779 - Recall: 0.909 - Accuracy: 0.910 - F1: 0.839

=== EPOCH 10/124 ===
Learning Rate = 0.001

TRAIN losses
Total Loss  |Smoke Loss  |Fire Loss   
------------ ------------ ------------
45.402      |29.091      |16.311      


VAL losses
Total Loss  |Smoke Loss  |Fire Loss   
------------ ------------ ------------
39.625      |26.238      |13.387      

VAL Metrics
SMOKE -> Precision: 0.776 - Recall: 0.710 - Accuracy: 0.762 - F1: 0.741
FIRE -> Precision: 0.842 - Recall: 0.871 - Accuracy: 0.924 - F1: 0.857

Saving model with new best validation loss: 39.625

=== EPOCH 11/124 ===
Learning Rate = 0.001

TRAIN losses
Total Loss  |Smoke Loss  |Fire Loss   
------------ ------------ ------------
44.850      |28.759      |16.091      


VAL losses
Total Loss  |Smoke Loss  |Fire Loss   
------------ ------------ ------------
37.883      |25.328      |12.555      

VAL Metrics
SMOKE -> Precision: 0.784 - Recall: 0.762 - Accuracy: 0.785 - F1: 0.773
FIRE -> Precision: 0.930 - Recall: 0.773 - Accuracy: 0.926 - F1: 0.844

Saving model with new best validation loss: 37.883

=== EPOCH 12/124 ===
Learning Rate = 0.001

TRAIN losses
Total Loss  |Smoke Loss  |Fire Loss   
------------ ------------ ------------
44.239      |28.269      |15.970      


VAL losses
Total Loss  |Smoke Loss  |Fire Loss   
------------ ------------ ------------
39.189      |25.612      |13.577      

VAL Metrics
SMOKE -> Precision: 0.884 - Recall: 0.494 - Accuracy: 0.725 - F1: 0.634
FIRE -> Precision: 0.906 - Recall: 0.758 - Accuracy: 0.917 - F1: 0.825

=== EPOCH 13/124 ===
Learning Rate = 0.001

TRAIN losses
Total Loss  |Smoke Loss  |Fire Loss   
------------ ------------ ------------
43.565      |27.942      |15.623      


VAL losses
Total Loss  |Smoke Loss  |Fire Loss   
------------ ------------ ------------
40.485      |25.864      |14.621      

VAL Metrics
SMOKE -> Precision: 0.908 - Recall: 0.456 - Accuracy: 0.716 - F1: 0.607
FIRE -> Precision: 0.937 - Recall: 0.675 - Accuracy: 0.904 - F1: 0.785

=== EPOCH 14/124 ===
Learning Rate = 0.001

TRAIN losses
Total Loss  |Smoke Loss  |Fire Loss   
------------ ------------ ------------
42.377      |27.469      |14.908      


VAL losses
Total Loss  |Smoke Loss  |Fire Loss   
------------ ------------ ------------
35.915      |24.510      |11.406      

VAL Metrics
SMOKE -> Precision: 0.872 - Recall: 0.545 - Accuracy: 0.743 - F1: 0.671
FIRE -> Precision: 0.867 - Recall: 0.871 - Accuracy: 0.932 - F1: 0.869

Saving model with new best validation loss: 35.915

=== EPOCH 15/124 ===
Learning Rate = 0.001

TRAIN losses
Total Loss  |Smoke Loss  |Fire Loss   
------------ ------------ ------------
42.357      |27.397      |14.960      


VAL losses
Total Loss  |Smoke Loss  |Fire Loss   
------------ ------------ ------------
37.929      |24.386      |13.543      

VAL Metrics
SMOKE -> Precision: 0.890 - Recall: 0.528 - Accuracy: 0.741 - F1: 0.663
FIRE -> Precision: 0.930 - Recall: 0.739 - Accuracy: 0.918 - F1: 0.823

=== EPOCH 16/124 ===
Learning Rate = 0.001

TRAIN losses
Total Loss  |Smoke Loss  |Fire Loss   
------------ ------------ ------------
42.137      |27.287      |14.850      


VAL losses
Total Loss  |Smoke Loss  |Fire Loss   
------------ ------------ ------------
37.409      |24.605      |12.804      

VAL Metrics
SMOKE -> Precision: 0.918 - Recall: 0.482 - Accuracy: 0.730 - F1: 0.632
FIRE -> Precision: 0.937 - Recall: 0.759 - Accuracy: 0.924 - F1: 0.838

=== EPOCH 17/124 ===
Learning Rate = 0.001

TRAIN losses
Total Loss  |Smoke Loss  |Fire Loss   
------------ ------------ ------------
40.900      |26.603      |14.297      


VAL losses
Total Loss  |Smoke Loss  |Fire Loss   
------------ ------------ ------------
35.179      |23.540      |11.639      

VAL Metrics
SMOKE -> Precision: 0.891 - Recall: 0.581 - Accuracy: 0.764 - F1: 0.703
FIRE -> Precision: 0.922 - Recall: 0.824 - Accuracy: 0.937 - F1: 0.871

Saving model with new best validation loss: 35.179

=== EPOCH 18/124 ===
Learning Rate = 0.001

TRAIN losses
Total Loss  |Smoke Loss  |Fire Loss   
------------ ------------ ------------
40.696      |26.302      |14.394      


VAL losses
Total Loss  |Smoke Loss  |Fire Loss   
------------ ------------ ------------
34.415      |23.317      |11.098      

VAL Metrics
SMOKE -> Precision: 0.883 - Recall: 0.609 - Accuracy: 0.773 - F1: 0.721
FIRE -> Precision: 0.912 - Recall: 0.831 - Accuracy: 0.935 - F1: 0.869

Saving model with new best validation loss: 34.415

=== EPOCH 19/124 ===
Learning Rate = 0.001

TRAIN losses
Total Loss  |Smoke Loss  |Fire Loss   
------------ ------------ ------------
40.597      |26.111      |14.486      


VAL losses
Total Loss  |Smoke Loss  |Fire Loss   
------------ ------------ ------------
33.795      |22.293      |11.501      

VAL Metrics
SMOKE -> Precision: 0.845 - Recall: 0.724 - Accuracy: 0.803 - F1: 0.780
FIRE -> Precision: 0.909 - Recall: 0.820 - Accuracy: 0.932 - F1: 0.862

Saving model with new best validation loss: 33.795

=== EPOCH 20/124 ===
Learning Rate = 0.001

TRAIN losses
Total Loss  |Smoke Loss  |Fire Loss   
------------ ------------ ------------
39.784      |25.911      |13.873      


VAL losses
Total Loss  |Smoke Loss  |Fire Loss   
------------ ------------ ------------
34.430      |22.947      |11.483      

VAL Metrics
SMOKE -> Precision: 0.791 - Recall: 0.826 - Accuracy: 0.812 - F1: 0.808
FIRE -> Precision: 0.929 - Recall: 0.809 - Accuracy: 0.934 - F1: 0.865

=== EPOCH 21/124 ===
Learning Rate = 0.001

TRAIN losses
Total Loss  |Smoke Loss  |Fire Loss   
------------ ------------ ------------
39.939      |25.749      |14.190      


VAL losses
Total Loss  |Smoke Loss  |Fire Loss   
------------ ------------ ------------
33.819      |22.057      |11.762      

VAL Metrics
SMOKE -> Precision: 0.828 - Recall: 0.776 - Accuracy: 0.814 - F1: 0.801
FIRE -> Precision: 0.935 - Recall: 0.786 - Accuracy: 0.930 - F1: 0.854

=== EPOCH 22/124 ===
Learning Rate = 0.001

TRAIN losses
Total Loss  |Smoke Loss  |Fire Loss   
------------ ------------ ------------
39.419      |25.557      |13.862      


VAL losses
Total Loss  |Smoke Loss  |Fire Loss   
------------ ------------ ------------
33.390      |21.440      |11.950      

VAL Metrics
SMOKE -> Precision: 0.891 - Recall: 0.680 - Accuracy: 0.806 - F1: 0.771
FIRE -> Precision: 0.947 - Recall: 0.771 - Accuracy: 0.930 - F1: 0.850

Saving model with new best validation loss: 33.390

=== EPOCH 23/124 ===
Learning Rate = 0.001

TRAIN losses
Total Loss  |Smoke Loss  |Fire Loss   
------------ ------------ ------------
38.576      |25.039      |13.537      


VAL losses
Total Loss  |Smoke Loss  |Fire Loss   
------------ ------------ ------------
31.505      |21.427      |10.078      

VAL Metrics
SMOKE -> Precision: 0.823 - Recall: 0.787 - Accuracy: 0.816 - F1: 0.805
FIRE -> Precision: 0.910 - Recall: 0.867 - Accuracy: 0.943 - F1: 0.888

Saving model with new best validation loss: 31.505

=== EPOCH 24/124 ===
Learning Rate = 0.001

TRAIN losses
Total Loss  |Smoke Loss  |Fire Loss   
------------ ------------ ------------
38.374      |25.045      |13.329      


VAL losses
Total Loss  |Smoke Loss  |Fire Loss   
------------ ------------ ------------
33.442      |22.021      |11.422      

VAL Metrics
SMOKE -> Precision: 0.842 - Recall: 0.725 - Accuracy: 0.802 - F1: 0.779
FIRE -> Precision: 0.944 - Recall: 0.786 - Accuracy: 0.933 - F1: 0.858

=== EPOCH 25/124 ===
Learning Rate = 0.001

TRAIN losses
Total Loss  |Smoke Loss  |Fire Loss   
------------ ------------ ------------
38.119      |25.023      |13.096      


VAL losses
Total Loss  |Smoke Loss  |Fire Loss   
------------ ------------ ------------
32.057      |21.463      |10.594      

VAL Metrics
SMOKE -> Precision: 0.816 - Recall: 0.848 - Accuracy: 0.835 - F1: 0.832
FIRE -> Precision: 0.922 - Recall: 0.841 - Accuracy: 0.941 - F1: 0.880

=== EPOCH 26/124 ===
Learning Rate = 0.001

TRAIN losses
Total Loss  |Smoke Loss  |Fire Loss   
------------ ------------ ------------
37.536      |24.464      |13.072      


VAL losses
Total Loss  |Smoke Loss  |Fire Loss   
------------ ------------ ------------
32.382      |20.320      |12.061      

VAL Metrics
SMOKE -> Precision: 0.885 - Recall: 0.724 - Accuracy: 0.822 - F1: 0.797
FIRE -> Precision: 0.942 - Recall: 0.780 - Accuracy: 0.931 - F1: 0.854

=== EPOCH 27/124 ===
Learning Rate = 0.0008

TRAIN losses
Total Loss  |Smoke Loss  |Fire Loss   
------------ ------------ ------------
37.174      |24.221      |12.952      


VAL losses
Total Loss  |Smoke Loss  |Fire Loss   
------------ ------------ ------------
29.435      |20.022      |9.414       

VAL Metrics
SMOKE -> Precision: 0.856 - Recall: 0.793 - Accuracy: 0.836 - F1: 0.823
FIRE -> Precision: 0.931 - Recall: 0.861 - Accuracy: 0.948 - F1: 0.895

Saving model with new best validation loss: 29.435

=== EPOCH 28/124 ===
Learning Rate = 0.0008

TRAIN losses
Total Loss  |Smoke Loss  |Fire Loss   
------------ ------------ ------------
35.951      |23.543      |12.407      


VAL losses
Total Loss  |Smoke Loss  |Fire Loss   
------------ ------------ ------------
30.795      |20.514      |10.280      

VAL Metrics
SMOKE -> Precision: 0.839 - Recall: 0.822 - Accuracy: 0.838 - F1: 0.830
FIRE -> Precision: 0.922 - Recall: 0.839 - Accuracy: 0.940 - F1: 0.878

=== EPOCH 29/124 ===
Learning Rate = 0.0008

TRAIN losses
Total Loss  |Smoke Loss  |Fire Loss   
------------ ------------ ------------
36.013      |23.801      |12.212      


VAL losses
Total Loss  |Smoke Loss  |Fire Loss   
------------ ------------ ------------
29.495      |19.484      |10.011      

VAL Metrics
SMOKE -> Precision: 0.869 - Recall: 0.778 - Accuracy: 0.837 - F1: 0.821
FIRE -> Precision: 0.939 - Recall: 0.839 - Accuracy: 0.944 - F1: 0.886

=== EPOCH 30/124 ===
Learning Rate = 0.0008

TRAIN losses
Total Loss  |Smoke Loss  |Fire Loss   
------------ ------------ ------------
36.096      |23.533      |12.563      


VAL losses
Total Loss  |Smoke Loss  |Fire Loss   
------------ ------------ ------------
28.985      |19.256      |9.729       

VAL Metrics
SMOKE -> Precision: 0.846 - Recall: 0.812 - Accuracy: 0.838 - F1: 0.829
FIRE -> Precision: 0.864 - Recall: 0.920 - Accuracy: 0.942 - F1: 0.891

Saving model with new best validation loss: 28.985

=== EPOCH 31/124 ===
Learning Rate = 0.0008

TRAIN losses
Total Loss  |Smoke Loss  |Fire Loss   
------------ ------------ ------------
35.653      |23.358      |12.295      


VAL losses
Total Loss  |Smoke Loss  |Fire Loss   
------------ ------------ ------------
28.252      |18.622      |9.629       

VAL Metrics
SMOKE -> Precision: 0.895 - Recall: 0.774 - Accuracy: 0.847 - F1: 0.830
FIRE -> Precision: 0.949 - Recall: 0.851 - Accuracy: 0.950 - F1: 0.897

Saving model with new best validation loss: 28.252

=== EPOCH 32/124 ===
Learning Rate = 0.0008

TRAIN losses
Total Loss  |Smoke Loss  |Fire Loss   
------------ ------------ ------------
35.213      |23.153      |12.061      


VAL losses
Total Loss  |Smoke Loss  |Fire Loss   
------------ ------------ ------------
31.129      |19.377      |11.752      

VAL Metrics
SMOKE -> Precision: 0.858 - Recall: 0.799 - Accuracy: 0.840 - F1: 0.827
FIRE -> Precision: 0.964 - Recall: 0.766 - Accuracy: 0.932 - F1: 0.853

=== EPOCH 33/124 ===
Learning Rate = 0.0008

TRAIN losses
Total Loss  |Smoke Loss  |Fire Loss   
------------ ------------ ------------
35.103      |23.052      |12.051      


VAL losses
Total Loss  |Smoke Loss  |Fire Loss   
------------ ------------ ------------
31.463      |19.568      |11.896      

VAL Metrics
SMOKE -> Precision: 0.843 - Recall: 0.833 - Accuracy: 0.845 - F1: 0.838
FIRE -> Precision: 0.967 - Recall: 0.755 - Accuracy: 0.930 - F1: 0.848

=== EPOCH 34/124 ===
Learning Rate = 0.0008

TRAIN losses
Total Loss  |Smoke Loss  |Fire Loss   
------------ ------------ ------------
35.086      |22.998      |12.089      


VAL losses
Total Loss  |Smoke Loss  |Fire Loss   
------------ ------------ ------------
29.329      |18.888      |10.442      

VAL Metrics
SMOKE -> Precision: 0.897 - Recall: 0.770 - Accuracy: 0.847 - F1: 0.829
FIRE -> Precision: 0.960 - Recall: 0.801 - Accuracy: 0.940 - F1: 0.873

=== EPOCH 35/124 ===
Learning Rate = 0.00064

TRAIN losses
Total Loss  |Smoke Loss  |Fire Loss   
------------ ------------ ------------
34.419      |22.646      |11.773      


VAL losses
Total Loss  |Smoke Loss  |Fire Loss   
------------ ------------ ------------
27.397      |18.149      |9.247       

VAL Metrics
SMOKE -> Precision: 0.889 - Recall: 0.766 - Accuracy: 0.841 - F1: 0.823
FIRE -> Precision: 0.927 - Recall: 0.877 - Accuracy: 0.950 - F1: 0.901

Saving model with new best validation loss: 27.397

=== EPOCH 36/124 ===
Learning Rate = 0.00064

TRAIN losses
Total Loss  |Smoke Loss  |Fire Loss   
------------ ------------ ------------
33.863      |22.210      |11.653      


VAL losses
Total Loss  |Smoke Loss  |Fire Loss   
------------ ------------ ------------
27.080      |18.248      |8.831       

VAL Metrics
SMOKE -> Precision: 0.861 - Recall: 0.840 - Accuracy: 0.858 - F1: 0.850
FIRE -> Precision: 0.912 - Recall: 0.896 - Accuracy: 0.951 - F1: 0.904

Saving model with new best validation loss: 27.080

=== EPOCH 37/124 ===
Learning Rate = 0.00064

TRAIN losses
Total Loss  |Smoke Loss  |Fire Loss   
------------ ------------ ------------
33.612      |22.183      |11.429      


VAL losses
Total Loss  |Smoke Loss  |Fire Loss   
------------ ------------ ------------
28.660      |19.221      |9.440       

VAL Metrics
SMOKE -> Precision: 0.812 - Recall: 0.893 - Accuracy: 0.849 - F1: 0.851
FIRE -> Precision: 0.874 - Recall: 0.923 - Accuracy: 0.946 - F1: 0.898

=== EPOCH 38/124 ===
Learning Rate = 0.00064

TRAIN losses
Total Loss  |Smoke Loss  |Fire Loss   
------------ ------------ ------------
33.058      |21.661      |11.397      


VAL losses
Total Loss  |Smoke Loss  |Fire Loss   
------------ ------------ ------------
28.832      |19.457      |9.375       

VAL Metrics
SMOKE -> Precision: 0.818 - Recall: 0.869 - Accuracy: 0.844 - F1: 0.843
FIRE -> Precision: 0.860 - Recall: 0.932 - Accuracy: 0.943 - F1: 0.895

=== EPOCH 39/124 ===
Learning Rate = 0.00064

TRAIN losses
Total Loss  |Smoke Loss  |Fire Loss   
------------ ------------ ------------
33.489      |21.911      |11.578      


VAL losses
Total Loss  |Smoke Loss  |Fire Loss   
------------ ------------ ------------
27.696      |17.819      |9.877       

VAL Metrics
SMOKE -> Precision: 0.902 - Recall: 0.756 - Accuracy: 0.843 - F1: 0.823
FIRE -> Precision: 0.952 - Recall: 0.823 - Accuracy: 0.944 - F1: 0.883

=== EPOCH 40/124 ===
Learning Rate = 0.0005120000000000001

TRAIN losses
Total Loss  |Smoke Loss  |Fire Loss   
------------ ------------ ------------
32.174      |21.318      |10.856      


VAL losses
Total Loss  |Smoke Loss  |Fire Loss   
------------ ------------ ------------
25.785      |16.762      |9.022       

VAL Metrics
SMOKE -> Precision: 0.901 - Recall: 0.808 - Accuracy: 0.865 - F1: 0.852
FIRE -> Precision: 0.948 - Recall: 0.855 - Accuracy: 0.950 - F1: 0.899

Saving model with new best validation loss: 25.785

=== EPOCH 41/124 ===
Learning Rate = 0.0005120000000000001

TRAIN losses
Total Loss  |Smoke Loss  |Fire Loss   
------------ ------------ ------------
32.367      |21.303      |11.064      


VAL losses
Total Loss  |Smoke Loss  |Fire Loss   
------------ ------------ ------------
28.204      |18.497      |9.707       

VAL Metrics
SMOKE -> Precision: 0.924 - Recall: 0.703 - Accuracy: 0.830 - F1: 0.799
FIRE -> Precision: 0.966 - Recall: 0.827 - Accuracy: 0.948 - F1: 0.891

=== EPOCH 42/124 ===
Learning Rate = 0.0005120000000000001

TRAIN losses
Total Loss  |Smoke Loss  |Fire Loss   
------------ ------------ ------------
32.243      |21.362      |10.881      


VAL losses
Total Loss  |Smoke Loss  |Fire Loss   
------------ ------------ ------------
26.616      |17.268      |9.349       

VAL Metrics
SMOKE -> Precision: 0.870 - Recall: 0.837 - Accuracy: 0.861 - F1: 0.853
FIRE -> Precision: 0.955 - Recall: 0.833 - Accuracy: 0.947 - F1: 0.890

=== EPOCH 43/124 ===
Learning Rate = 0.0005120000000000001

TRAIN losses
Total Loss  |Smoke Loss  |Fire Loss   
------------ ------------ ------------
31.600      |20.864      |10.736      


VAL losses
Total Loss  |Smoke Loss  |Fire Loss   
------------ ------------ ------------
26.677      |17.300      |9.377       

VAL Metrics
SMOKE -> Precision: 0.865 - Recall: 0.848 - Accuracy: 0.864 - F1: 0.857
FIRE -> Precision: 0.935 - Recall: 0.862 - Accuracy: 0.949 - F1: 0.897

=== EPOCH 44/124 ===
Learning Rate = 0.0004096000000000001

TRAIN losses
Total Loss  |Smoke Loss  |Fire Loss   
------------ ------------ ------------
31.147      |20.679      |10.468      


VAL losses
Total Loss  |Smoke Loss  |Fire Loss   
------------ ------------ ------------
24.705      |16.620      |8.085       

VAL Metrics
SMOKE -> Precision: 0.858 - Recall: 0.893 - Accuracy: 0.877 - F1: 0.875
FIRE -> Precision: 0.934 - Recall: 0.884 - Accuracy: 0.954 - F1: 0.908

Saving model with new best validation loss: 24.705

=== EPOCH 45/124 ===
Learning Rate = 0.0004096000000000001

TRAIN losses
Total Loss  |Smoke Loss  |Fire Loss   
------------ ------------ ------------
31.133      |20.522      |10.611      


VAL losses
Total Loss  |Smoke Loss  |Fire Loss   
------------ ------------ ------------
24.497      |16.121      |8.375       

VAL Metrics
SMOKE -> Precision: 0.877 - Recall: 0.861 - Accuracy: 0.875 - F1: 0.869
FIRE -> Precision: 0.902 - Recall: 0.909 - Accuracy: 0.951 - F1: 0.905

Saving model with new best validation loss: 24.497

=== EPOCH 46/124 ===
Learning Rate = 0.0004096000000000001

TRAIN losses
Total Loss  |Smoke Loss  |Fire Loss   
------------ ------------ ------------
31.003      |20.413      |10.590      


VAL losses
Total Loss  |Smoke Loss  |Fire Loss   
------------ ------------ ------------
25.903      |17.143      |8.760       

VAL Metrics
SMOKE -> Precision: 0.931 - Recall: 0.734 - Accuracy: 0.846 - F1: 0.821
FIRE -> Precision: 0.956 - Recall: 0.853 - Accuracy: 0.952 - F1: 0.901

=== EPOCH 47/124 ===
Learning Rate = 0.0004096000000000001

TRAIN losses
Total Loss  |Smoke Loss  |Fire Loss   
------------ ------------ ------------
30.874      |20.424      |10.450      


VAL losses
Total Loss  |Smoke Loss  |Fire Loss   
------------ ------------ ------------
24.165      |16.144      |8.021       

VAL Metrics
SMOKE -> Precision: 0.891 - Recall: 0.827 - Accuracy: 0.868 - F1: 0.858
FIRE -> Precision: 0.919 - Recall: 0.904 - Accuracy: 0.955 - F1: 0.911

Saving model with new best validation loss: 24.165

=== EPOCH 48/124 ===
Learning Rate = 0.0004096000000000001

TRAIN losses
Total Loss  |Smoke Loss  |Fire Loss   
------------ ------------ ------------
30.456      |20.037      |10.419      


VAL losses
Total Loss  |Smoke Loss  |Fire Loss   
------------ ------------ ------------
24.200      |15.961      |8.239       

VAL Metrics
SMOKE -> Precision: 0.882 - Recall: 0.873 - Accuracy: 0.883 - F1: 0.877
FIRE -> Precision: 0.940 - Recall: 0.886 - Accuracy: 0.956 - F1: 0.912

=== EPOCH 49/124 ===
Learning Rate = 0.0004096000000000001

TRAIN losses
Total Loss  |Smoke Loss  |Fire Loss   
------------ ------------ ------------
30.960      |20.477      |10.483      


VAL losses
Total Loss  |Smoke Loss  |Fire Loss   
------------ ------------ ------------
24.321      |15.670      |8.651       

VAL Metrics
SMOKE -> Precision: 0.888 - Recall: 0.848 - Accuracy: 0.875 - F1: 0.868
FIRE -> Precision: 0.952 - Recall: 0.869 - Accuracy: 0.955 - F1: 0.909

=== EPOCH 50/124 ===
Learning Rate = 0.0004096000000000001

TRAIN losses
Total Loss  |Smoke Loss  |Fire Loss   
------------ ------------ ------------
29.896      |19.763      |10.133      


VAL losses
Total Loss  |Smoke Loss  |Fire Loss   
------------ ------------ ------------
24.984      |16.193      |8.792       

VAL Metrics
SMOKE -> Precision: 0.911 - Recall: 0.809 - Accuracy: 0.870 - F1: 0.857
FIRE -> Precision: 0.956 - Recall: 0.852 - Accuracy: 0.951 - F1: 0.901

=== EPOCH 51/124 ===
Learning Rate = 0.0003276800000000001

TRAIN losses
Total Loss  |Smoke Loss  |Fire Loss   
------------ ------------ ------------
29.795      |19.757      |10.039      


VAL losses
Total Loss  |Smoke Loss  |Fire Loss   
------------ ------------ ------------
25.531      |15.816      |9.716       

VAL Metrics
SMOKE -> Precision: 0.908 - Recall: 0.823 - Accuracy: 0.875 - F1: 0.863
FIRE -> Precision: 0.935 - Recall: 0.841 - Accuracy: 0.944 - F1: 0.885

=== EPOCH 52/124 ===
Learning Rate = 0.0003276800000000001

TRAIN losses
Total Loss  |Smoke Loss  |Fire Loss   
------------ ------------ ------------
29.668      |19.502      |10.167      


VAL losses
Total Loss  |Smoke Loss  |Fire Loss   
------------ ------------ ------------
23.618      |15.344      |8.274       

VAL Metrics
SMOKE -> Precision: 0.882 - Recall: 0.888 - Accuracy: 0.889 - F1: 0.885
FIRE -> Precision: 0.951 - Recall: 0.878 - Accuracy: 0.957 - F1: 0.913

Saving model with new best validation loss: 23.618

=== EPOCH 53/124 ===
Learning Rate = 0.0003276800000000001

TRAIN losses
Total Loss  |Smoke Loss  |Fire Loss   
------------ ------------ ------------
29.298      |19.236      |10.061      


VAL losses
Total Loss  |Smoke Loss  |Fire Loss   
------------ ------------ ------------
23.206      |14.903      |8.304       

VAL Metrics
SMOKE -> Precision: 0.906 - Recall: 0.857 - Accuracy: 0.889 - F1: 0.881
FIRE -> Precision: 0.928 - Recall: 0.887 - Accuracy: 0.953 - F1: 0.907

Saving model with new best validation loss: 23.206

=== EPOCH 54/124 ===
Learning Rate = 0.0003276800000000001

TRAIN losses
Total Loss  |Smoke Loss  |Fire Loss   
------------ ------------ ------------
29.744      |19.617      |10.126      


VAL losses
Total Loss  |Smoke Loss  |Fire Loss   
------------ ------------ ------------
23.359      |15.083      |8.275       

VAL Metrics
SMOKE -> Precision: 0.881 - Recall: 0.890 - Accuracy: 0.889 - F1: 0.886
FIRE -> Precision: 0.949 - Recall: 0.873 - Accuracy: 0.955 - F1: 0.909

=== EPOCH 55/124 ===
Learning Rate = 0.0003276800000000001

TRAIN losses
Total Loss  |Smoke Loss  |Fire Loss   
------------ ------------ ------------
29.022      |19.013      |10.009      


VAL losses
Total Loss  |Smoke Loss  |Fire Loss   
------------ ------------ ------------
23.397      |15.171      |8.226       

VAL Metrics
SMOKE -> Precision: 0.914 - Recall: 0.835 - Accuracy: 0.883 - F1: 0.873
FIRE -> Precision: 0.957 - Recall: 0.872 - Accuracy: 0.957 - F1: 0.913

=== EPOCH 56/124 ===
Learning Rate = 0.0003276800000000001

TRAIN losses
Total Loss  |Smoke Loss  |Fire Loss   
------------ ------------ ------------
29.479      |19.306      |10.173      


VAL losses
Total Loss  |Smoke Loss  |Fire Loss   
------------ ------------ ------------
23.937      |15.312      |8.624       

VAL Metrics
SMOKE -> Precision: 0.925 - Recall: 0.810 - Accuracy: 0.877 - F1: 0.863
FIRE -> Precision: 0.961 - Recall: 0.852 - Accuracy: 0.953 - F1: 0.904

=== EPOCH 57/124 ===
Learning Rate = 0.0002621440000000001

TRAIN losses
Total Loss  |Smoke Loss  |Fire Loss   
------------ ------------ ------------
28.829      |18.885      |9.944       


VAL losses
Total Loss  |Smoke Loss  |Fire Loss   
------------ ------------ ------------
23.133      |14.525      |8.609       

VAL Metrics
SMOKE -> Precision: 0.914 - Recall: 0.843 - Accuracy: 0.886 - F1: 0.877
FIRE -> Precision: 0.961 - Recall: 0.850 - Accuracy: 0.952 - F1: 0.902

Saving model with new best validation loss: 23.133

=== EPOCH 58/124 ===
Learning Rate = 0.0002621440000000001

TRAIN losses
Total Loss  |Smoke Loss  |Fire Loss   
------------ ------------ ------------
28.815      |19.009      |9.806       


VAL losses
Total Loss  |Smoke Loss  |Fire Loss   
------------ ------------ ------------
22.849      |14.706      |8.142       

VAL Metrics
SMOKE -> Precision: 0.910 - Recall: 0.848 - Accuracy: 0.887 - F1: 0.878
FIRE -> Precision: 0.950 - Recall: 0.881 - Accuracy: 0.957 - F1: 0.914

Saving model with new best validation loss: 22.849

=== EPOCH 59/124 ===
Learning Rate = 0.0002621440000000001

TRAIN losses
Total Loss  |Smoke Loss  |Fire Loss   
------------ ------------ ------------
28.766      |18.834      |9.932       


VAL losses
Total Loss  |Smoke Loss  |Fire Loss   
------------ ------------ ------------
22.621      |14.939      |7.682       

VAL Metrics
SMOKE -> Precision: 0.924 - Recall: 0.815 - Accuracy: 0.879 - F1: 0.866
FIRE -> Precision: 0.950 - Recall: 0.891 - Accuracy: 0.960 - F1: 0.920

Saving model with new best validation loss: 22.621

=== EPOCH 60/124 ===
Learning Rate = 0.0002621440000000001

TRAIN losses
Total Loss  |Smoke Loss  |Fire Loss   
------------ ------------ ------------
28.831      |19.003      |9.827       


VAL losses
Total Loss  |Smoke Loss  |Fire Loss   
------------ ------------ ------------
22.790      |14.830      |7.961       

VAL Metrics
SMOKE -> Precision: 0.910 - Recall: 0.846 - Accuracy: 0.885 - F1: 0.877
FIRE -> Precision: 0.952 - Recall: 0.881 - Accuracy: 0.958 - F1: 0.915

=== EPOCH 61/124 ===
Learning Rate = 0.0002621440000000001

TRAIN losses
Total Loss  |Smoke Loss  |Fire Loss   
------------ ------------ ------------
28.897      |19.034      |9.863       


VAL losses
Total Loss  |Smoke Loss  |Fire Loss   
------------ ------------ ------------
23.986      |15.123      |8.863       

VAL Metrics
SMOKE -> Precision: 0.930 - Recall: 0.809 - Accuracy: 0.879 - F1: 0.865
FIRE -> Precision: 0.962 - Recall: 0.850 - Accuracy: 0.953 - F1: 0.903

=== EPOCH 62/124 ===
Learning Rate = 0.0002621440000000001

TRAIN losses
Total Loss  |Smoke Loss  |Fire Loss   
------------ ------------ ------------
28.183      |18.513      |9.670       


VAL losses
Total Loss  |Smoke Loss  |Fire Loss   
------------ ------------ ------------
23.040      |15.120      |7.920       

VAL Metrics
SMOKE -> Precision: 0.876 - Recall: 0.891 - Accuracy: 0.887 - F1: 0.884
FIRE -> Precision: 0.919 - Recall: 0.912 - Accuracy: 0.956 - F1: 0.915

=== EPOCH 63/124 ===
Learning Rate = 0.00020971520000000012

TRAIN losses
Total Loss  |Smoke Loss  |Fire Loss   
------------ ------------ ------------
28.396      |18.539      |9.857       


VAL losses
Total Loss  |Smoke Loss  |Fire Loss   
------------ ------------ ------------
22.014      |14.284      |7.730       

VAL Metrics
SMOKE -> Precision: 0.906 - Recall: 0.874 - Accuracy: 0.896 - F1: 0.890
FIRE -> Precision: 0.927 - Recall: 0.905 - Accuracy: 0.957 - F1: 0.916

Saving model with new best validation loss: 22.014

=== EPOCH 64/124 ===
Learning Rate = 0.00020971520000000012

TRAIN losses
Total Loss  |Smoke Loss  |Fire Loss   
------------ ------------ ------------
27.903      |18.262      |9.641       


VAL losses
Total Loss  |Smoke Loss  |Fire Loss   
------------ ------------ ------------
22.244      |14.515      |7.729       

VAL Metrics
SMOKE -> Precision: 0.919 - Recall: 0.833 - Accuracy: 0.885 - F1: 0.874
FIRE -> Precision: 0.947 - Recall: 0.890 - Accuracy: 0.959 - F1: 0.918

=== EPOCH 65/124 ===
Learning Rate = 0.00020971520000000012

TRAIN losses
Total Loss  |Smoke Loss  |Fire Loss   
------------ ------------ ------------
27.759      |18.083      |9.676       


VAL losses
Total Loss  |Smoke Loss  |Fire Loss   
------------ ------------ ------------
22.898      |14.580      |8.318       

VAL Metrics
SMOKE -> Precision: 0.913 - Recall: 0.835 - Accuracy: 0.882 - F1: 0.872
FIRE -> Precision: 0.954 - Recall: 0.866 - Accuracy: 0.955 - F1: 0.908

=== EPOCH 66/124 ===
Learning Rate = 0.00020971520000000012

TRAIN losses
Total Loss  |Smoke Loss  |Fire Loss   
------------ ------------ ------------
27.738      |18.274      |9.465       


VAL losses
Total Loss  |Smoke Loss  |Fire Loss   
------------ ------------ ------------
23.121      |14.565      |8.556       

VAL Metrics
SMOKE -> Precision: 0.930 - Recall: 0.819 - Accuracy: 0.883 - F1: 0.871
FIRE -> Precision: 0.964 - Recall: 0.855 - Accuracy: 0.954 - F1: 0.906

=== EPOCH 67/124 ===
Learning Rate = 0.0001677721600000001

TRAIN losses
Total Loss  |Smoke Loss  |Fire Loss   
------------ ------------ ------------
27.491      |18.099      |9.392       


VAL losses
Total Loss  |Smoke Loss  |Fire Loss   
------------ ------------ ------------
23.236      |14.503      |8.733       

VAL Metrics
SMOKE -> Precision: 0.928 - Recall: 0.821 - Accuracy: 0.883 - F1: 0.871
FIRE -> Precision: 0.963 - Recall: 0.854 - Accuracy: 0.954 - F1: 0.905

=== EPOCH 68/124 ===
Learning Rate = 0.0001677721600000001

TRAIN losses
Total Loss  |Smoke Loss  |Fire Loss   
------------ ------------ ------------
27.312      |18.012      |9.300       


VAL losses
Total Loss  |Smoke Loss  |Fire Loss   
------------ ------------ ------------
21.554      |14.044      |7.510       

VAL Metrics
SMOKE -> Precision: 0.921 - Recall: 0.859 - Accuracy: 0.897 - F1: 0.889
FIRE -> Precision: 0.940 - Recall: 0.895 - Accuracy: 0.958 - F1: 0.917

Saving model with new best validation loss: 21.554

=== EPOCH 69/124 ===
Learning Rate = 0.0001677721600000001

TRAIN losses
Total Loss  |Smoke Loss  |Fire Loss   
------------ ------------ ------------
27.425      |17.992      |9.433       


VAL losses
Total Loss  |Smoke Loss  |Fire Loss   
------------ ------------ ------------
21.768      |13.889      |7.879       

VAL Metrics
SMOKE -> Precision: 0.900 - Recall: 0.899 - Accuracy: 0.903 - F1: 0.899
FIRE -> Precision: 0.947 - Recall: 0.891 - Accuracy: 0.959 - F1: 0.918

=== EPOCH 70/124 ===
Learning Rate = 0.0001677721600000001

TRAIN losses
Total Loss  |Smoke Loss  |Fire Loss   
------------ ------------ ------------
27.377      |18.075      |9.302       


VAL losses
Total Loss  |Smoke Loss  |Fire Loss   
------------ ------------ ------------
21.299      |13.834      |7.465       

VAL Metrics
SMOKE -> Precision: 0.908 - Recall: 0.873 - Accuracy: 0.896 - F1: 0.890
FIRE -> Precision: 0.946 - Recall: 0.895 - Accuracy: 0.960 - F1: 0.920

Saving model with new best validation loss: 21.299

=== EPOCH 71/124 ===
Learning Rate = 0.0001677721600000001

TRAIN losses
Total Loss  |Smoke Loss  |Fire Loss   
------------ ------------ ------------
27.107      |17.833      |9.274       


VAL losses
Total Loss  |Smoke Loss  |Fire Loss   
------------ ------------ ------------
22.480      |14.522      |7.959       

VAL Metrics
SMOKE -> Precision: 0.927 - Recall: 0.820 - Accuracy: 0.882 - F1: 0.870
FIRE -> Precision: 0.954 - Recall: 0.885 - Accuracy: 0.959 - F1: 0.918

=== EPOCH 72/124 ===
Learning Rate = 0.0001677721600000001

TRAIN losses
Total Loss  |Smoke Loss  |Fire Loss   
------------ ------------ ------------
27.017      |17.878      |9.139       


VAL losses
Total Loss  |Smoke Loss  |Fire Loss   
------------ ------------ ------------
21.535      |13.912      |7.623       

VAL Metrics
SMOKE -> Precision: 0.901 - Recall: 0.889 - Accuracy: 0.900 - F1: 0.895
FIRE -> Precision: 0.952 - Recall: 0.887 - Accuracy: 0.959 - F1: 0.918

=== EPOCH 73/124 ===
Learning Rate = 0.0001677721600000001

TRAIN losses
Total Loss  |Smoke Loss  |Fire Loss   
------------ ------------ ------------
27.448      |17.957      |9.491       


VAL losses
Total Loss  |Smoke Loss  |Fire Loss   
------------ ------------ ------------
21.839      |14.172      |7.667       

VAL Metrics
SMOKE -> Precision: 0.917 - Recall: 0.842 - Accuracy: 0.887 - F1: 0.878
FIRE -> Precision: 0.932 - Recall: 0.892 - Accuracy: 0.955 - F1: 0.912

=== EPOCH 74/124 ===
Learning Rate = 0.00013421772800000008

TRAIN losses
Total Loss  |Smoke Loss  |Fire Loss   
------------ ------------ ------------
26.869      |17.761      |9.109       


VAL losses
Total Loss  |Smoke Loss  |Fire Loss   
------------ ------------ ------------
21.574      |14.160      |7.414       

VAL Metrics
SMOKE -> Precision: 0.928 - Recall: 0.827 - Accuracy: 0.886 - F1: 0.875
FIRE -> Precision: 0.947 - Recall: 0.896 - Accuracy: 0.960 - F1: 0.921

=== EPOCH 75/124 ===
Learning Rate = 0.00013421772800000008

TRAIN losses
Total Loss  |Smoke Loss  |Fire Loss   
------------ ------------ ------------
26.696      |17.485      |9.211       


VAL losses
Total Loss  |Smoke Loss  |Fire Loss   
------------ ------------ ------------
21.359      |13.858      |7.501       

VAL Metrics
SMOKE -> Precision: 0.900 - Recall: 0.896 - Accuracy: 0.902 - F1: 0.898
FIRE -> Precision: 0.952 - Recall: 0.890 - Accuracy: 0.960 - F1: 0.920

=== EPOCH 76/124 ===
Learning Rate = 0.00013421772800000008

TRAIN losses
Total Loss  |Smoke Loss  |Fire Loss   
------------ ------------ ------------
26.812      |17.531      |9.281       


VAL losses
Total Loss  |Smoke Loss  |Fire Loss   
------------ ------------ ------------
21.975      |14.356      |7.619       

VAL Metrics
SMOKE -> Precision: 0.927 - Recall: 0.820 - Accuracy: 0.882 - F1: 0.870
FIRE -> Precision: 0.949 - Recall: 0.892 - Accuracy: 0.960 - F1: 0.920

=== EPOCH 77/124 ===
Learning Rate = 0.00010737418240000007

TRAIN losses
Total Loss  |Smoke Loss  |Fire Loss   
------------ ------------ ------------
26.737      |17.613      |9.125       


VAL losses
Total Loss  |Smoke Loss  |Fire Loss   
------------ ------------ ------------
21.735      |13.917      |7.819       

VAL Metrics
SMOKE -> Precision: 0.931 - Recall: 0.833 - Accuracy: 0.890 - F1: 0.879
FIRE -> Precision: 0.954 - Recall: 0.882 - Accuracy: 0.958 - F1: 0.917

=== EPOCH 78/124 ===
Learning Rate = 0.00010737418240000007

TRAIN losses
Total Loss  |Smoke Loss  |Fire Loss   
------------ ------------ ------------
26.527      |17.308      |9.220       


VAL losses
Total Loss  |Smoke Loss  |Fire Loss   
------------ ------------ ------------
20.989      |13.407      |7.582       

VAL Metrics
SMOKE -> Precision: 0.911 - Recall: 0.882 - Accuracy: 0.902 - F1: 0.896
FIRE -> Precision: 0.935 - Recall: 0.897 - Accuracy: 0.957 - F1: 0.916

Saving model with new best validation loss: 20.989

=== EPOCH 79/124 ===
Learning Rate = 0.00010737418240000007

TRAIN losses
Total Loss  |Smoke Loss  |Fire Loss   
------------ ------------ ------------
26.313      |17.431      |8.882       


VAL losses
Total Loss  |Smoke Loss  |Fire Loss   
------------ ------------ ------------
20.928      |13.501      |7.427       

VAL Metrics
SMOKE -> Precision: 0.913 - Recall: 0.872 - Accuracy: 0.898 - F1: 0.892
FIRE -> Precision: 0.943 - Recall: 0.897 - Accuracy: 0.959 - F1: 0.920

Saving model with new best validation loss: 20.928

=== EPOCH 80/124 ===
Learning Rate = 0.00010737418240000007

TRAIN losses
Total Loss  |Smoke Loss  |Fire Loss   
------------ ------------ ------------
26.516      |17.302      |9.214       


VAL losses
Total Loss  |Smoke Loss  |Fire Loss   
------------ ------------ ------------
20.778      |13.424      |7.354       

VAL Metrics
SMOKE -> Precision: 0.915 - Recall: 0.871 - Accuracy: 0.899 - F1: 0.892
FIRE -> Precision: 0.937 - Recall: 0.905 - Accuracy: 0.960 - F1: 0.921

Saving model with new best validation loss: 20.778

=== EPOCH 81/124 ===
Learning Rate = 0.00010737418240000007

TRAIN losses
Total Loss  |Smoke Loss  |Fire Loss   
------------ ------------ ------------
26.139      |17.206      |8.933       


VAL losses
Total Loss  |Smoke Loss  |Fire Loss   
------------ ------------ ------------
20.611      |13.339      |7.272       

VAL Metrics
SMOKE -> Precision: 0.913 - Recall: 0.881 - Accuracy: 0.902 - F1: 0.897
FIRE -> Precision: 0.936 - Recall: 0.905 - Accuracy: 0.959 - F1: 0.920

Saving model with new best validation loss: 20.611

=== EPOCH 82/124 ===
Learning Rate = 0.00010737418240000007

TRAIN losses
Total Loss  |Smoke Loss  |Fire Loss   
------------ ------------ ------------
26.168      |17.133      |9.035       


VAL losses
Total Loss  |Smoke Loss  |Fire Loss   
------------ ------------ ------------
20.986      |13.483      |7.503       

VAL Metrics
SMOKE -> Precision: 0.926 - Recall: 0.850 - Accuracy: 0.895 - F1: 0.887
FIRE -> Precision: 0.941 - Recall: 0.896 - Accuracy: 0.959 - F1: 0.918

=== EPOCH 83/124 ===
Learning Rate = 0.00010737418240000007

TRAIN losses
Total Loss  |Smoke Loss  |Fire Loss   
------------ ------------ ------------
25.924      |17.111      |8.813       


VAL losses
Total Loss  |Smoke Loss  |Fire Loss   
------------ ------------ ------------
21.172      |13.656      |7.516       

VAL Metrics
SMOKE -> Precision: 0.918 - Recall: 0.857 - Accuracy: 0.894 - F1: 0.886
FIRE -> Precision: 0.941 - Recall: 0.895 - Accuracy: 0.958 - F1: 0.918

=== EPOCH 84/124 ===
Learning Rate = 0.00010737418240000007

TRAIN losses
Total Loss  |Smoke Loss  |Fire Loss   
------------ ------------ ------------
25.782      |17.012      |8.770       


VAL losses
Total Loss  |Smoke Loss  |Fire Loss   
------------ ------------ ------------
20.870      |13.504      |7.366       

VAL Metrics
SMOKE -> Precision: 0.916 - Recall: 0.870 - Accuracy: 0.899 - F1: 0.892
FIRE -> Precision: 0.942 - Recall: 0.899 - Accuracy: 0.960 - F1: 0.920

=== EPOCH 85/124 ===
Learning Rate = 8.589934592000007e-05

TRAIN losses
Total Loss  |Smoke Loss  |Fire Loss   
------------ ------------ ------------
25.945      |16.890      |9.055       


VAL losses
Total Loss  |Smoke Loss  |Fire Loss   
------------ ------------ ------------
20.836      |13.439      |7.397       

VAL Metrics
SMOKE -> Precision: 0.920 - Recall: 0.873 - Accuracy: 0.903 - F1: 0.896
FIRE -> Precision: 0.939 - Recall: 0.904 - Accuracy: 0.960 - F1: 0.921

=== EPOCH 86/124 ===
Learning Rate = 8.589934592000007e-05

TRAIN losses
Total Loss  |Smoke Loss  |Fire Loss   
------------ ------------ ------------
25.861      |17.178      |8.683       


VAL losses
Total Loss  |Smoke Loss  |Fire Loss   
------------ ------------ ------------
20.952      |13.477      |7.475       

VAL Metrics
SMOKE -> Precision: 0.916 - Recall: 0.873 - Accuracy: 0.900 - F1: 0.894
FIRE -> Precision: 0.944 - Recall: 0.889 - Accuracy: 0.958 - F1: 0.916

=== EPOCH 87/124 ===
Learning Rate = 8.589934592000007e-05

TRAIN losses
Total Loss  |Smoke Loss  |Fire Loss   
------------ ------------ ------------
26.256      |16.987      |9.268       


VAL losses
Total Loss  |Smoke Loss  |Fire Loss   
------------ ------------ ------------
20.779      |13.406      |7.373       

VAL Metrics
SMOKE -> Precision: 0.915 - Recall: 0.871 - Accuracy: 0.899 - F1: 0.892
FIRE -> Precision: 0.949 - Recall: 0.897 - Accuracy: 0.961 - F1: 0.922

=== EPOCH 88/124 ===
Learning Rate = 6.871947673600006e-05

TRAIN losses
Total Loss  |Smoke Loss  |Fire Loss   
------------ ------------ ------------
25.369      |16.769      |8.600       


VAL losses
Total Loss  |Smoke Loss  |Fire Loss   
------------ ------------ ------------
21.017      |13.577      |7.440       

VAL Metrics
SMOKE -> Precision: 0.926 - Recall: 0.851 - Accuracy: 0.896 - F1: 0.887
FIRE -> Precision: 0.950 - Recall: 0.895 - Accuracy: 0.961 - F1: 0.922

=== EPOCH 89/124 ===
Learning Rate = 6.871947673600006e-05

TRAIN losses
Total Loss  |Smoke Loss  |Fire Loss   
------------ ------------ ------------
25.690      |16.892      |8.797       


VAL losses
Total Loss  |Smoke Loss  |Fire Loss   
------------ ------------ ------------
21.146      |13.615      |7.531       

VAL Metrics
SMOKE -> Precision: 0.928 - Recall: 0.843 - Accuracy: 0.893 - F1: 0.884
FIRE -> Precision: 0.962 - Recall: 0.880 - Accuracy: 0.960 - F1: 0.919

=== EPOCH 90/124 ===
Learning Rate = 6.871947673600006e-05

TRAIN losses
Total Loss  |Smoke Loss  |Fire Loss   
------------ ------------ ------------
25.890      |16.986      |8.904       


VAL losses
Total Loss  |Smoke Loss  |Fire Loss   
------------ ------------ ------------
20.492      |13.171      |7.321       

VAL Metrics
SMOKE -> Precision: 0.919 - Recall: 0.883 - Accuracy: 0.906 - F1: 0.900
FIRE -> Precision: 0.954 - Recall: 0.895 - Accuracy: 0.962 - F1: 0.923

Saving model with new best validation loss: 20.492

Saving model with new best smoke precision: 0.919

=== EPOCH 91/124 ===
Learning Rate = 6.871947673600006e-05

TRAIN losses
Total Loss  |Smoke Loss  |Fire Loss   
------------ ------------ ------------
25.448      |16.756      |8.692       


VAL losses
Total Loss  |Smoke Loss  |Fire Loss   
------------ ------------ ------------
20.282      |13.157      |7.125       

VAL Metrics
SMOKE -> Precision: 0.908 - Recall: 0.898 - Accuracy: 0.907 - F1: 0.903
FIRE -> Precision: 0.943 - Recall: 0.906 - Accuracy: 0.962 - F1: 0.924

Saving model with new best validation loss: 20.282

=== EPOCH 92/124 ===
Learning Rate = 6.871947673600006e-05

TRAIN losses
Total Loss  |Smoke Loss  |Fire Loss   
------------ ------------ ------------
25.657      |16.808      |8.849       


VAL losses
Total Loss  |Smoke Loss  |Fire Loss   
------------ ------------ ------------
20.957      |13.407      |7.550       

VAL Metrics
SMOKE -> Precision: 0.930 - Recall: 0.851 - Accuracy: 0.897 - F1: 0.888
FIRE -> Precision: 0.962 - Recall: 0.878 - Accuracy: 0.960 - F1: 0.919

=== EPOCH 93/124 ===
Learning Rate = 6.871947673600006e-05

TRAIN losses
Total Loss  |Smoke Loss  |Fire Loss   
------------ ------------ ------------
25.607      |16.892      |8.715       


VAL losses
Total Loss  |Smoke Loss  |Fire Loss   
------------ ------------ ------------
20.399      |13.207      |7.192       

VAL Metrics
SMOKE -> Precision: 0.922 - Recall: 0.879 - Accuracy: 0.906 - F1: 0.900
FIRE -> Precision: 0.938 - Recall: 0.905 - Accuracy: 0.960 - F1: 0.921

=== EPOCH 94/124 ===
Learning Rate = 6.871947673600006e-05

TRAIN losses
Total Loss  |Smoke Loss  |Fire Loss   
------------ ------------ ------------
25.500      |16.784      |8.716       


VAL losses
Total Loss  |Smoke Loss  |Fire Loss   
------------ ------------ ------------
20.278      |12.981      |7.297       

VAL Metrics
SMOKE -> Precision: 0.919 - Recall: 0.882 - Accuracy: 0.906 - F1: 0.900
FIRE -> Precision: 0.957 - Recall: 0.891 - Accuracy: 0.962 - F1: 0.923

Saving model with new best validation loss: 20.278

Saving model with new best smoke precision: 0.919

=== EPOCH 95/124 ===
Learning Rate = 6.871947673600006e-05

TRAIN losses
Total Loss  |Smoke Loss  |Fire Loss   
------------ ------------ ------------
26.128      |17.187      |8.941       


VAL losses
Total Loss  |Smoke Loss  |Fire Loss   
------------ ------------ ------------
20.391      |13.151      |7.240       

VAL Metrics
SMOKE -> Precision: 0.924 - Recall: 0.876 - Accuracy: 0.906 - F1: 0.899
FIRE -> Precision: 0.943 - Recall: 0.899 - Accuracy: 0.960 - F1: 0.921

=== EPOCH 96/124 ===
Learning Rate = 6.871947673600006e-05

TRAIN losses
Total Loss  |Smoke Loss  |Fire Loss   
------------ ------------ ------------
25.641      |16.709      |8.932       


VAL losses
Total Loss  |Smoke Loss  |Fire Loss   
------------ ------------ ------------
20.138      |13.023      |7.115       

VAL Metrics
SMOKE -> Precision: 0.918 - Recall: 0.890 - Accuracy: 0.909 - F1: 0.904
FIRE -> Precision: 0.937 - Recall: 0.903 - Accuracy: 0.959 - F1: 0.920

Saving model with new best validation loss: 20.138

=== EPOCH 97/124 ===
Learning Rate = 6.871947673600006e-05

TRAIN losses
Total Loss  |Smoke Loss  |Fire Loss   
------------ ------------ ------------
25.588      |16.904      |8.684       


VAL losses
Total Loss  |Smoke Loss  |Fire Loss   
------------ ------------ ------------
20.154      |12.952      |7.202       

VAL Metrics
SMOKE -> Precision: 0.919 - Recall: 0.888 - Accuracy: 0.908 - F1: 0.903
FIRE -> Precision: 0.939 - Recall: 0.908 - Accuracy: 0.961 - F1: 0.923

=== EPOCH 98/124 ===
Learning Rate = 6.871947673600006e-05

TRAIN losses
Total Loss  |Smoke Loss  |Fire Loss   
------------ ------------ ------------
25.824      |16.801      |9.023       


VAL losses
Total Loss  |Smoke Loss  |Fire Loss   
------------ ------------ ------------
20.460      |13.184      |7.276       

VAL Metrics
SMOKE -> Precision: 0.908 - Recall: 0.902 - Accuracy: 0.909 - F1: 0.905
FIRE -> Precision: 0.940 - Recall: 0.905 - Accuracy: 0.961 - F1: 0.922

=== EPOCH 99/124 ===
Learning Rate = 6.871947673600006e-05

TRAIN losses
Total Loss  |Smoke Loss  |Fire Loss   
------------ ------------ ------------
25.654      |16.606      |9.048       


VAL losses
Total Loss  |Smoke Loss  |Fire Loss   
------------ ------------ ------------
20.049      |12.863      |7.186       

VAL Metrics
SMOKE -> Precision: 0.916 - Recall: 0.892 - Accuracy: 0.909 - F1: 0.904
FIRE -> Precision: 0.948 - Recall: 0.895 - Accuracy: 0.960 - F1: 0.921

Saving model with new best validation loss: 20.049

=== EPOCH 100/124 ===
Learning Rate = 6.871947673600006e-05

TRAIN losses
Total Loss  |Smoke Loss  |Fire Loss   
------------ ------------ ------------
25.346      |16.600      |8.746       


VAL losses
Total Loss  |Smoke Loss  |Fire Loss   
------------ ------------ ------------
20.380      |13.019      |7.362       

VAL Metrics
SMOKE -> Precision: 0.916 - Recall: 0.882 - Accuracy: 0.904 - F1: 0.899
FIRE -> Precision: 0.957 - Recall: 0.892 - Accuracy: 0.962 - F1: 0.923

=== EPOCH 101/124 ===
Learning Rate = 6.871947673600006e-05

TRAIN losses
Total Loss  |Smoke Loss  |Fire Loss   
------------ ------------ ------------
25.239      |16.593      |8.646       


VAL losses
Total Loss  |Smoke Loss  |Fire Loss   
------------ ------------ ------------
20.311      |12.980      |7.331       

VAL Metrics
SMOKE -> Precision: 0.916 - Recall: 0.888 - Accuracy: 0.907 - F1: 0.902
FIRE -> Precision: 0.951 - Recall: 0.894 - Accuracy: 0.961 - F1: 0.922

=== EPOCH 102/124 ===
Learning Rate = 6.871947673600006e-05

TRAIN losses
Total Loss  |Smoke Loss  |Fire Loss   
------------ ------------ ------------
25.610      |16.738      |8.872       


VAL losses
Total Loss  |Smoke Loss  |Fire Loss   
------------ ------------ ------------
20.327      |13.146      |7.181       

VAL Metrics
SMOKE -> Precision: 0.904 - Recall: 0.898 - Accuracy: 0.905 - F1: 0.901
FIRE -> Precision: 0.943 - Recall: 0.909 - Accuracy: 0.962 - F1: 0.926

=== EPOCH 103/124 ===
Learning Rate = 5.497558138880005e-05

TRAIN losses
Total Loss  |Smoke Loss  |Fire Loss   
------------ ------------ ------------
25.427      |16.385      |9.042       


VAL losses
Total Loss  |Smoke Loss  |Fire Loss   
------------ ------------ ------------
20.434      |13.110      |7.324       

VAL Metrics
SMOKE -> Precision: 0.919 - Recall: 0.884 - Accuracy: 0.907 - F1: 0.901
FIRE -> Precision: 0.956 - Recall: 0.891 - Accuracy: 0.961 - F1: 0.922

Saving model with new best smoke precision: 0.919

=== EPOCH 104/124 ===
Learning Rate = 5.497558138880005e-05

TRAIN losses
Total Loss  |Smoke Loss  |Fire Loss   
------------ ------------ ------------
24.825      |16.128      |8.697       


VAL losses
Total Loss  |Smoke Loss  |Fire Loss   
------------ ------------ ------------
20.021      |12.858      |7.163       

VAL Metrics
SMOKE -> Precision: 0.917 - Recall: 0.892 - Accuracy: 0.910 - F1: 0.905
FIRE -> Precision: 0.943 - Recall: 0.901 - Accuracy: 0.960 - F1: 0.922

Saving model with new best validation loss: 20.021

=== EPOCH 105/124 ===
Learning Rate = 5.497558138880005e-05

TRAIN losses
Total Loss  |Smoke Loss  |Fire Loss   
------------ ------------ ------------
25.320      |16.422      |8.898       


VAL losses
Total Loss  |Smoke Loss  |Fire Loss   
------------ ------------ ------------
20.290      |13.147      |7.144       

VAL Metrics
SMOKE -> Precision: 0.924 - Recall: 0.870 - Accuracy: 0.903 - F1: 0.896
FIRE -> Precision: 0.934 - Recall: 0.904 - Accuracy: 0.958 - F1: 0.918

=== EPOCH 106/124 ===
Learning Rate = 5.497558138880005e-05

TRAIN losses
Total Loss  |Smoke Loss  |Fire Loss   
------------ ------------ ------------
25.194      |16.522      |8.671       


VAL losses
Total Loss  |Smoke Loss  |Fire Loss   
------------ ------------ ------------
20.098      |12.883      |7.215       

VAL Metrics
SMOKE -> Precision: 0.913 - Recall: 0.896 - Accuracy: 0.909 - F1: 0.905
FIRE -> Precision: 0.955 - Recall: 0.888 - Accuracy: 0.960 - F1: 0.921

=== EPOCH 107/124 ===
Learning Rate = 5.497558138880005e-05

TRAIN losses
Total Loss  |Smoke Loss  |Fire Loss   
------------ ------------ ------------
25.457      |16.693      |8.764       


VAL losses
Total Loss  |Smoke Loss  |Fire Loss   
------------ ------------ ------------
20.162      |12.974      |7.189       

VAL Metrics
SMOKE -> Precision: 0.915 - Recall: 0.890 - Accuracy: 0.907 - F1: 0.902
FIRE -> Precision: 0.945 - Recall: 0.899 - Accuracy: 0.960 - F1: 0.922

=== EPOCH 108/124 ===
Learning Rate = 4.3980465111040044e-05

TRAIN losses
Total Loss  |Smoke Loss  |Fire Loss   
------------ ------------ ------------
25.201      |16.533      |8.668       


VAL losses
Total Loss  |Smoke Loss  |Fire Loss   
------------ ------------ ------------
20.106      |12.906      |7.200       

VAL Metrics
SMOKE -> Precision: 0.920 - Recall: 0.890 - Accuracy: 0.910 - F1: 0.905
FIRE -> Precision: 0.938 - Recall: 0.907 - Accuracy: 0.960 - F1: 0.922

Saving model with new best smoke precision: 0.920

=== EPOCH 109/124 ===
Learning Rate = 4.3980465111040044e-05

TRAIN losses
Total Loss  |Smoke Loss  |Fire Loss   
------------ ------------ ------------
24.796      |16.339      |8.456       


VAL losses
Total Loss  |Smoke Loss  |Fire Loss   
------------ ------------ ------------
20.144      |12.910      |7.234       

VAL Metrics
SMOKE -> Precision: 0.919 - Recall: 0.886 - Accuracy: 0.907 - F1: 0.902
FIRE -> Precision: 0.944 - Recall: 0.897 - Accuracy: 0.960 - F1: 0.920

=== EPOCH 110/124 ===
Learning Rate = 4.3980465111040044e-05

TRAIN losses
Total Loss  |Smoke Loss  |Fire Loss   
------------ ------------ ------------
25.493      |16.465      |9.029       


VAL losses
Total Loss  |Smoke Loss  |Fire Loss   
------------ ------------ ------------
20.179      |13.006      |7.173       

VAL Metrics
SMOKE -> Precision: 0.926 - Recall: 0.874 - Accuracy: 0.906 - F1: 0.899
FIRE -> Precision: 0.932 - Recall: 0.899 - Accuracy: 0.957 - F1: 0.915

=== EPOCH 111/124 ===
Learning Rate = 3.5184372088832036e-05

TRAIN losses
Total Loss  |Smoke Loss  |Fire Loss   
------------ ------------ ------------
24.635      |16.130      |8.505       


VAL losses
Total Loss  |Smoke Loss  |Fire Loss   
------------ ------------ ------------
20.268      |13.026      |7.241       

VAL Metrics
SMOKE -> Precision: 0.928 - Recall: 0.862 - Accuracy: 0.901 - F1: 0.894
FIRE -> Precision: 0.953 - Recall: 0.886 - Accuracy: 0.959 - F1: 0.919

=== EPOCH 112/124 ===
Learning Rate = 3.5184372088832036e-05

TRAIN losses
Total Loss  |Smoke Loss  |Fire Loss   
------------ ------------ ------------
24.971      |16.265      |8.706       


VAL losses
Total Loss  |Smoke Loss  |Fire Loss   
------------ ------------ ------------
20.181      |12.901      |7.280       

VAL Metrics
SMOKE -> Precision: 0.920 - Recall: 0.882 - Accuracy: 0.906 - F1: 0.901
FIRE -> Precision: 0.953 - Recall: 0.890 - Accuracy: 0.960 - F1: 0.920

=== EPOCH 113/124 ===
Learning Rate = 3.5184372088832036e-05

TRAIN losses
Total Loss  |Smoke Loss  |Fire Loss   
------------ ------------ ------------
24.914      |16.514      |8.400       


VAL losses
Total Loss  |Smoke Loss  |Fire Loss   
------------ ------------ ------------
20.080      |12.967      |7.114       

VAL Metrics
SMOKE -> Precision: 0.926 - Recall: 0.869 - Accuracy: 0.903 - F1: 0.896
FIRE -> Precision: 0.948 - Recall: 0.900 - Accuracy: 0.961 - F1: 0.923

=== EPOCH 114/124 ===
Learning Rate = 2.814749767106563e-05

TRAIN losses
Total Loss  |Smoke Loss  |Fire Loss   
------------ ------------ ------------
24.587      |16.203      |8.385       


VAL losses
Total Loss  |Smoke Loss  |Fire Loss   
------------ ------------ ------------
20.159      |12.894      |7.265       

VAL Metrics
SMOKE -> Precision: 0.926 - Recall: 0.867 - Accuracy: 0.903 - F1: 0.896
FIRE -> Precision: 0.958 - Recall: 0.890 - Accuracy: 0.962 - F1: 0.923

=== EPOCH 115/124 ===
Learning Rate = 2.814749767106563e-05

TRAIN losses
Total Loss  |Smoke Loss  |Fire Loss   
------------ ------------ ------------
24.571      |16.049      |8.522       


VAL losses
Total Loss  |Smoke Loss  |Fire Loss   
------------ ------------ ------------
20.236      |12.953      |7.283       

VAL Metrics
SMOKE -> Precision: 0.922 - Recall: 0.873 - Accuracy: 0.903 - F1: 0.897
FIRE -> Precision: 0.956 - Recall: 0.891 - Accuracy: 0.961 - F1: 0.923

=== EPOCH 116/124 ===
Learning Rate = 2.814749767106563e-05

TRAIN losses
Total Loss  |Smoke Loss  |Fire Loss   
------------ ------------ ------------
25.025      |16.398      |8.627       


VAL losses
Total Loss  |Smoke Loss  |Fire Loss   
------------ ------------ ------------
19.785      |12.773      |7.012       

VAL Metrics
SMOKE -> Precision: 0.923 - Recall: 0.877 - Accuracy: 0.906 - F1: 0.899
FIRE -> Precision: 0.935 - Recall: 0.914 - Accuracy: 0.961 - F1: 0.924

Saving model with new best validation loss: 19.785

=== EPOCH 117/124 ===
Learning Rate = 2.814749767106563e-05

TRAIN losses
Total Loss  |Smoke Loss  |Fire Loss   
------------ ------------ ------------
24.672      |16.149      |8.523       


VAL losses
Total Loss  |Smoke Loss  |Fire Loss   
------------ ------------ ------------
19.675      |12.633      |7.043       

VAL Metrics
SMOKE -> Precision: 0.911 - Recall: 0.907 - Accuracy: 0.913 - F1: 0.909
FIRE -> Precision: 0.942 - Recall: 0.908 - Accuracy: 0.962 - F1: 0.925

Saving model with new best validation loss: 19.675

=== EPOCH 118/124 ===
Learning Rate = 2.814749767106563e-05

TRAIN losses
Total Loss  |Smoke Loss  |Fire Loss   
------------ ------------ ------------
24.694      |16.173      |8.521       


VAL losses
Total Loss  |Smoke Loss  |Fire Loss   
------------ ------------ ------------
20.324      |13.000      |7.324       

VAL Metrics
SMOKE -> Precision: 0.929 - Recall: 0.858 - Accuracy: 0.900 - F1: 0.892
FIRE -> Precision: 0.954 - Recall: 0.891 - Accuracy: 0.961 - F1: 0.921

=== EPOCH 119/124 ===
Learning Rate = 2.814749767106563e-05

TRAIN losses
Total Loss  |Smoke Loss  |Fire Loss   
------------ ------------ ------------
24.553      |16.328      |8.225       


VAL losses
Total Loss  |Smoke Loss  |Fire Loss   
------------ ------------ ------------
20.258      |12.889      |7.369       

VAL Metrics
SMOKE -> Precision: 0.929 - Recall: 0.870 - Accuracy: 0.906 - F1: 0.899
FIRE -> Precision: 0.953 - Recall: 0.890 - Accuracy: 0.960 - F1: 0.920

=== EPOCH 120/124 ===
Learning Rate = 2.814749767106563e-05

TRAIN losses
Total Loss  |Smoke Loss  |Fire Loss   
------------ ------------ ------------
24.391      |15.992      |8.398       


VAL losses
Total Loss  |Smoke Loss  |Fire Loss   
------------ ------------ ------------
19.675      |12.599      |7.076       

VAL Metrics
SMOKE -> Precision: 0.916 - Recall: 0.898 - Accuracy: 0.911 - F1: 0.907
FIRE -> Precision: 0.946 - Recall: 0.901 - Accuracy: 0.961 - F1: 0.923

Saving model with new best validation loss: 19.675

=== EPOCH 121/124 ===
Learning Rate = 2.2517998136852506e-05

TRAIN losses
Total Loss  |Smoke Loss  |Fire Loss   
------------ ------------ ------------
24.594      |16.276      |8.319       


VAL losses
Total Loss  |Smoke Loss  |Fire Loss   
------------ ------------ ------------
20.194      |12.886      |7.308       

VAL Metrics
SMOKE -> Precision: 0.927 - Recall: 0.868 - Accuracy: 0.904 - F1: 0.897
FIRE -> Precision: 0.955 - Recall: 0.889 - Accuracy: 0.961 - F1: 0.921

=== EPOCH 122/124 ===
Learning Rate = 2.2517998136852506e-05

TRAIN losses
Total Loss  |Smoke Loss  |Fire Loss   
------------ ------------ ------------
24.504      |16.064      |8.441       


VAL losses
Total Loss  |Smoke Loss  |Fire Loss   
------------ ------------ ------------
19.794      |12.696      |7.098       

VAL Metrics
SMOKE -> Precision: 0.922 - Recall: 0.886 - Accuracy: 0.909 - F1: 0.904
FIRE -> Precision: 0.955 - Recall: 0.896 - Accuracy: 0.962 - F1: 0.925

Saving model with new best smoke precision: 0.922

=== EPOCH 123/124 ===
Learning Rate = 2.2517998136852506e-05

TRAIN losses
Total Loss  |Smoke Loss  |Fire Loss   
------------ ------------ ------------
24.632      |16.354      |8.278       


VAL losses
Total Loss  |Smoke Loss  |Fire Loss   
------------ ------------ ------------
20.136      |12.942      |7.194       

VAL Metrics
SMOKE -> Precision: 0.921 - Recall: 0.873 - Accuracy: 0.903 - F1: 0.896
FIRE -> Precision: 0.955 - Recall: 0.895 - Accuracy: 0.962 - F1: 0.924

=== EPOCH 124/124 ===
Learning Rate = 1.8014398509482006e-05

TRAIN losses
Total Loss  |Smoke Loss  |Fire Loss   
------------ ------------ ------------
24.395      |16.219      |8.176       


VAL losses
Total Loss  |Smoke Loss  |Fire Loss   
------------ ------------ ------------
20.102      |12.893      |7.210       

VAL Metrics
SMOKE -> Precision: 0.927 - Recall: 0.873 - Accuracy: 0.906 - F1: 0.899
FIRE -> Precision: 0.955 - Recall: 0.889 - Accuracy: 0.960 - F1: 0.921
Saving last model

***Script finished: 12:56:35

Time elapsed: 0:56:07.615486
