MOBILENET Classifier. First Test.
DFire Removed wrong images: 0
DFire empty images: 31
DFire only smoke images: 17
DFire only fire images: 2
DFire smoke and fire images: 14
Using MOBILENETV3 Classifier
Model Pretrained has 576 in features in last layer
Model Pretrained has 1024 in features in last layer
Using MOBILENETV3 Classifier
Model Pretrained has 576 in features in last layer
Model Pretrained has 1024 in features in last layer
Model shape is tensor([[-0.3554,  0.0205],
        [-0.2512, -0.0077],
        [-0.4028, -0.0724],
        [-0.3376, -0.1301]], device='cuda:0', grad_fn=<CatBackward0>)
BED Model Arquitecture
PRETRAINED_MOBILENET(
  (base_model): Sequential(
    (0): Sequential(
      (0): Conv2dNormActivation(
        (0): Conv2d(3, 16, kernel_size=(3, 3), stride=(2, 2), padding=(1, 1), bias=False)
        (1): BatchNorm2d(16, eps=0.001, momentum=0.01, affine=True, track_running_stats=True)
        (2): Hardswish()
      )
      (1): InvertedResidual(
        (block): Sequential(
          (0): Conv2dNormActivation(
            (0): Conv2d(16, 16, kernel_size=(3, 3), stride=(2, 2), padding=(1, 1), groups=16, bias=False)
            (1): BatchNorm2d(16, eps=0.001, momentum=0.01, affine=True, track_running_stats=True)
            (2): ReLU(inplace=True)
          )
          (1): SqueezeExcitation(
            (avgpool): AdaptiveAvgPool2d(output_size=1)
            (fc1): Conv2d(16, 8, kernel_size=(1, 1), stride=(1, 1))
            (fc2): Conv2d(8, 16, kernel_size=(1, 1), stride=(1, 1))
            (activation): ReLU()
            (scale_activation): Hardsigmoid()
          )
          (2): Conv2dNormActivation(
            (0): Conv2d(16, 16, kernel_size=(1, 1), stride=(1, 1), bias=False)
            (1): BatchNorm2d(16, eps=0.001, momentum=0.01, affine=True, track_running_stats=True)
          )
        )
      )
      (2): InvertedResidual(
        (block): Sequential(
          (0): Conv2dNormActivation(
            (0): Conv2d(16, 72, kernel_size=(1, 1), stride=(1, 1), bias=False)
            (1): BatchNorm2d(72, eps=0.001, momentum=0.01, affine=True, track_running_stats=True)
            (2): ReLU(inplace=True)
          )
          (1): Conv2dNormActivation(
            (0): Conv2d(72, 72, kernel_size=(3, 3), stride=(2, 2), padding=(1, 1), groups=72, bias=False)
            (1): BatchNorm2d(72, eps=0.001, momentum=0.01, affine=True, track_running_stats=True)
            (2): ReLU(inplace=True)
          )
          (2): Conv2dNormActivation(
            (0): Conv2d(72, 24, kernel_size=(1, 1), stride=(1, 1), bias=False)
            (1): BatchNorm2d(24, eps=0.001, momentum=0.01, affine=True, track_running_stats=True)
          )
        )
      )
      (3): InvertedResidual(
        (block): Sequential(
          (0): Conv2dNormActivation(
            (0): Conv2d(24, 88, kernel_size=(1, 1), stride=(1, 1), bias=False)
            (1): BatchNorm2d(88, eps=0.001, momentum=0.01, affine=True, track_running_stats=True)
            (2): ReLU(inplace=True)
          )
          (1): Conv2dNormActivation(
            (0): Conv2d(88, 88, kernel_size=(3, 3), stride=(1, 1), padding=(1, 1), groups=88, bias=False)
            (1): BatchNorm2d(88, eps=0.001, momentum=0.01, affine=True, track_running_stats=True)
            (2): ReLU(inplace=True)
          )
          (2): Conv2dNormActivation(
            (0): Conv2d(88, 24, kernel_size=(1, 1), stride=(1, 1), bias=False)
            (1): BatchNorm2d(24, eps=0.001, momentum=0.01, affine=True, track_running_stats=True)
          )
        )
      )
      (4): InvertedResidual(
        (block): Sequential(
          (0): Conv2dNormActivation(
            (0): Conv2d(24, 96, kernel_size=(1, 1), stride=(1, 1), bias=False)
            (1): BatchNorm2d(96, eps=0.001, momentum=0.01, affine=True, track_running_stats=True)
            (2): Hardswish()
          )
          (1): Conv2dNormActivation(
            (0): Conv2d(96, 96, kernel_size=(5, 5), stride=(2, 2), padding=(2, 2), groups=96, bias=False)
            (1): BatchNorm2d(96, eps=0.001, momentum=0.01, affine=True, track_running_stats=True)
            (2): Hardswish()
          )
          (2): SqueezeExcitation(
            (avgpool): AdaptiveAvgPool2d(output_size=1)
            (fc1): Conv2d(96, 24, kernel_size=(1, 1), stride=(1, 1))
            (fc2): Conv2d(24, 96, kernel_size=(1, 1), stride=(1, 1))
            (activation): ReLU()
            (scale_activation): Hardsigmoid()
          )
          (3): Conv2dNormActivation(
            (0): Conv2d(96, 40, kernel_size=(1, 1), stride=(1, 1), bias=False)
            (1): BatchNorm2d(40, eps=0.001, momentum=0.01, affine=True, track_running_stats=True)
          )
        )
      )
      (5): InvertedResidual(
        (block): Sequential(
          (0): Conv2dNormActivation(
            (0): Conv2d(40, 240, kernel_size=(1, 1), stride=(1, 1), bias=False)
            (1): BatchNorm2d(240, eps=0.001, momentum=0.01, affine=True, track_running_stats=True)
            (2): Hardswish()
          )
          (1): Conv2dNormActivation(
            (0): Conv2d(240, 240, kernel_size=(5, 5), stride=(1, 1), padding=(2, 2), groups=240, bias=False)
            (1): BatchNorm2d(240, eps=0.001, momentum=0.01, affine=True, track_running_stats=True)
            (2): Hardswish()
          )
          (2): SqueezeExcitation(
            (avgpool): AdaptiveAvgPool2d(output_size=1)
            (fc1): Conv2d(240, 64, kernel_size=(1, 1), stride=(1, 1))
            (fc2): Conv2d(64, 240, kernel_size=(1, 1), stride=(1, 1))
            (activation): ReLU()
            (scale_activation): Hardsigmoid()
          )
          (3): Conv2dNormActivation(
            (0): Conv2d(240, 40, kernel_size=(1, 1), stride=(1, 1), bias=False)
            (1): BatchNorm2d(40, eps=0.001, momentum=0.01, affine=True, track_running_stats=True)
          )
        )
      )
      (6): InvertedResidual(
        (block): Sequential(
          (0): Conv2dNormActivation(
            (0): Conv2d(40, 240, kernel_size=(1, 1), stride=(1, 1), bias=False)
            (1): BatchNorm2d(240, eps=0.001, momentum=0.01, affine=True, track_running_stats=True)
            (2): Hardswish()
          )
          (1): Conv2dNormActivation(
            (0): Conv2d(240, 240, kernel_size=(5, 5), stride=(1, 1), padding=(2, 2), groups=240, bias=False)
            (1): BatchNorm2d(240, eps=0.001, momentum=0.01, affine=True, track_running_stats=True)
            (2): Hardswish()
          )
          (2): SqueezeExcitation(
            (avgpool): AdaptiveAvgPool2d(output_size=1)
            (fc1): Conv2d(240, 64, kernel_size=(1, 1), stride=(1, 1))
            (fc2): Conv2d(64, 240, kernel_size=(1, 1), stride=(1, 1))
            (activation): ReLU()
            (scale_activation): Hardsigmoid()
          )
          (3): Conv2dNormActivation(
            (0): Conv2d(240, 40, kernel_size=(1, 1), stride=(1, 1), bias=False)
            (1): BatchNorm2d(40, eps=0.001, momentum=0.01, affine=True, track_running_stats=True)
          )
        )
      )
      (7): InvertedResidual(
        (block): Sequential(
          (0): Conv2dNormActivation(
            (0): Conv2d(40, 120, kernel_size=(1, 1), stride=(1, 1), bias=False)
            (1): BatchNorm2d(120, eps=0.001, momentum=0.01, affine=True, track_running_stats=True)
            (2): Hardswish()
          )
          (1): Conv2dNormActivation(
            (0): Conv2d(120, 120, kernel_size=(5, 5), stride=(1, 1), padding=(2, 2), groups=120, bias=False)
            (1): BatchNorm2d(120, eps=0.001, momentum=0.01, affine=True, track_running_stats=True)
            (2): Hardswish()
          )
          (2): SqueezeExcitation(
            (avgpool): AdaptiveAvgPool2d(output_size=1)
            (fc1): Conv2d(120, 32, kernel_size=(1, 1), stride=(1, 1))
            (fc2): Conv2d(32, 120, kernel_size=(1, 1), stride=(1, 1))
            (activation): ReLU()
            (scale_activation): Hardsigmoid()
          )
          (3): Conv2dNormActivation(
            (0): Conv2d(120, 48, kernel_size=(1, 1), stride=(1, 1), bias=False)
            (1): BatchNorm2d(48, eps=0.001, momentum=0.01, affine=True, track_running_stats=True)
          )
        )
      )
      (8): InvertedResidual(
        (block): Sequential(
          (0): Conv2dNormActivation(
            (0): Conv2d(48, 144, kernel_size=(1, 1), stride=(1, 1), bias=False)
            (1): BatchNorm2d(144, eps=0.001, momentum=0.01, affine=True, track_running_stats=True)
            (2): Hardswish()
          )
          (1): Conv2dNormActivation(
            (0): Conv2d(144, 144, kernel_size=(5, 5), stride=(1, 1), padding=(2, 2), groups=144, bias=False)
            (1): BatchNorm2d(144, eps=0.001, momentum=0.01, affine=True, track_running_stats=True)
            (2): Hardswish()
          )
          (2): SqueezeExcitation(
            (avgpool): AdaptiveAvgPool2d(output_size=1)
            (fc1): Conv2d(144, 40, kernel_size=(1, 1), stride=(1, 1))
            (fc2): Conv2d(40, 144, kernel_size=(1, 1), stride=(1, 1))
            (activation): ReLU()
            (scale_activation): Hardsigmoid()
          )
          (3): Conv2dNormActivation(
            (0): Conv2d(144, 48, kernel_size=(1, 1), stride=(1, 1), bias=False)
            (1): BatchNorm2d(48, eps=0.001, momentum=0.01, affine=True, track_running_stats=True)
          )
        )
      )
      (9): InvertedResidual(
        (block): Sequential(
          (0): Conv2dNormActivation(
            (0): Conv2d(48, 288, kernel_size=(1, 1), stride=(1, 1), bias=False)
            (1): BatchNorm2d(288, eps=0.001, momentum=0.01, affine=True, track_running_stats=True)
            (2): Hardswish()
          )
          (1): Conv2dNormActivation(
            (0): Conv2d(288, 288, kernel_size=(5, 5), stride=(2, 2), padding=(2, 2), groups=288, bias=False)
            (1): BatchNorm2d(288, eps=0.001, momentum=0.01, affine=True, track_running_stats=True)
            (2): Hardswish()
          )
          (2): SqueezeExcitation(
            (avgpool): AdaptiveAvgPool2d(output_size=1)
            (fc1): Conv2d(288, 72, kernel_size=(1, 1), stride=(1, 1))
            (fc2): Conv2d(72, 288, kernel_size=(1, 1), stride=(1, 1))
            (activation): ReLU()
            (scale_activation): Hardsigmoid()
          )
          (3): Conv2dNormActivation(
            (0): Conv2d(288, 96, kernel_size=(1, 1), stride=(1, 1), bias=False)
            (1): BatchNorm2d(96, eps=0.001, momentum=0.01, affine=True, track_running_stats=True)
          )
        )
      )
      (10): InvertedResidual(
        (block): Sequential(
          (0): Conv2dNormActivation(
            (0): Conv2d(96, 576, kernel_size=(1, 1), stride=(1, 1), bias=False)
            (1): BatchNorm2d(576, eps=0.001, momentum=0.01, affine=True, track_running_stats=True)
            (2): Hardswish()
          )
          (1): Conv2dNormActivation(
            (0): Conv2d(576, 576, kernel_size=(5, 5), stride=(1, 1), padding=(2, 2), groups=576, bias=False)
            (1): BatchNorm2d(576, eps=0.001, momentum=0.01, affine=True, track_running_stats=True)
            (2): Hardswish()
          )
          (2): SqueezeExcitation(
            (avgpool): AdaptiveAvgPool2d(output_size=1)
            (fc1): Conv2d(576, 144, kernel_size=(1, 1), stride=(1, 1))
            (fc2): Conv2d(144, 576, kernel_size=(1, 1), stride=(1, 1))
            (activation): ReLU()
            (scale_activation): Hardsigmoid()
          )
          (3): Conv2dNormActivation(
            (0): Conv2d(576, 96, kernel_size=(1, 1), stride=(1, 1), bias=False)
            (1): BatchNorm2d(96, eps=0.001, momentum=0.01, affine=True, track_running_stats=True)
          )
        )
      )
      (11): InvertedResidual(
        (block): Sequential(
          (0): Conv2dNormActivation(
            (0): Conv2d(96, 576, kernel_size=(1, 1), stride=(1, 1), bias=False)
            (1): BatchNorm2d(576, eps=0.001, momentum=0.01, affine=True, track_running_stats=True)
            (2): Hardswish()
          )
          (1): Conv2dNormActivation(
            (0): Conv2d(576, 576, kernel_size=(5, 5), stride=(1, 1), padding=(2, 2), groups=576, bias=False)
            (1): BatchNorm2d(576, eps=0.001, momentum=0.01, affine=True, track_running_stats=True)
            (2): Hardswish()
          )
          (2): SqueezeExcitation(
            (avgpool): AdaptiveAvgPool2d(output_size=1)
            (fc1): Conv2d(576, 144, kernel_size=(1, 1), stride=(1, 1))
            (fc2): Conv2d(144, 576, kernel_size=(1, 1), stride=(1, 1))
            (activation): ReLU()
            (scale_activation): Hardsigmoid()
          )
          (3): Conv2dNormActivation(
            (0): Conv2d(576, 96, kernel_size=(1, 1), stride=(1, 1), bias=False)
            (1): BatchNorm2d(96, eps=0.001, momentum=0.01, affine=True, track_running_stats=True)
          )
        )
      )
      (12): Conv2dNormActivation(
        (0): Conv2d(96, 576, kernel_size=(1, 1), stride=(1, 1), bias=False)
        (1): BatchNorm2d(576, eps=0.001, momentum=0.01, affine=True, track_running_stats=True)
        (2): Hardswish()
      )
    )
    (1): AdaptiveAvgPool2d(output_size=1)
  )
  (pool): AdaptiveAvgPool2d(output_size=(1, 1))
  (smoke): Sequential(
    (0): Dropout(p=0.2, inplace=False)
    (1): Linear(in_features=576, out_features=16, bias=True)
    (2): ReLU()
    (3): Linear(in_features=16, out_features=1, bias=True)
  )
  (fire): Sequential(
    (0): Dropout(p=0.2, inplace=False)
    (1): Linear(in_features=576, out_features=16, bias=True)
    (2): ReLU()
    (3): Linear(in_features=16, out_features=1, bias=True)
  )
)

Trainable parameters = 18498
Total parameters = 945506


TRAIN DFIRE dataset
DFire Removed wrong images: 0
DFire empty images: 7833
DFire only smoke images: 4681
DFire only fire images: 944
DFire smoke and fire images: 3763
Train dataset len: 17221

TEST DFire dataset
DFire Removed wrong images: 0
DFire empty images: 2005
DFire only smoke images: 1186
DFire only fire images: 220
DFire smoke and fire images: 895
Test dataset len: 4306
Device: cuda
Learning Rate: 0.001
Weight Decay: 0.001
Batch Size: 64
IMG DIMS: (224, 224)
W: 224
H: 224
Loss Function: BCE
Starting script


***Start Training: 18:57:02

Pretrained Weights

=== EPOCH 0/19 ===
Learning Rate = 0.001

TRAIN losses
Total Loss  |Smoke Loss  |Fire Loss   
------------ ------------ ------------
57.019      |36.251      |20.768      


VAL losses
Total Loss  |Smoke Loss  |Fire Loss   
------------ ------------ ------------
48.761      |33.784      |14.977      

VAL Metrics
SMOKE -> Precision: 0.646 - Recall: 0.848 - Accuracy: 0.703 - F1: 0.733
FIRE -> Precision: 0.833 - Recall: 0.803 - Accuracy: 0.907 - F1: 0.818

Saving model with new best validation loss: 48.761

=== EPOCH 1/19 ===
Learning Rate = 0.001

TRAIN losses
Total Loss  |Smoke Loss  |Fire Loss   
------------ ------------ ------------
49.106      |32.794      |16.313      


VAL losses
Total Loss  |Smoke Loss  |Fire Loss   
------------ ------------ ------------
43.271      |29.534      |13.737      

VAL Metrics
SMOKE -> Precision: 0.814 - Recall: 0.694 - Accuracy: 0.776 - F1: 0.749
FIRE -> Precision: 0.806 - Recall: 0.904 - Accuracy: 0.919 - F1: 0.852

Saving model with new best validation loss: 43.271

=== EPOCH 2/19 ===
Learning Rate = 0.001

TRAIN losses
Total Loss  |Smoke Loss  |Fire Loss   
------------ ------------ ------------
46.525      |31.136      |15.388      


VAL losses
Total Loss  |Smoke Loss  |Fire Loss   
------------ ------------ ------------
39.879      |27.851      |12.029      

VAL Metrics
SMOKE -> Precision: 0.786 - Recall: 0.769 - Accuracy: 0.788 - F1: 0.777
FIRE -> Precision: 0.873 - Recall: 0.827 - Accuracy: 0.924 - F1: 0.850

Saving model with new best validation loss: 39.879

=== EPOCH 3/19 ===
Learning Rate = 0.001

TRAIN losses
Total Loss  |Smoke Loss  |Fire Loss   
------------ ------------ ------------
45.265      |30.463      |14.802      


VAL losses
Total Loss  |Smoke Loss  |Fire Loss   
------------ ------------ ------------
38.068      |26.365      |11.703      

VAL Metrics
SMOKE -> Precision: 0.858 - Recall: 0.725 - Accuracy: 0.810 - F1: 0.786
FIRE -> Precision: 0.859 - Recall: 0.874 - Accuracy: 0.930 - F1: 0.866

Saving model with new best validation loss: 38.068

=== EPOCH 4/19 ===
Learning Rate = 0.001

TRAIN losses
Total Loss  |Smoke Loss  |Fire Loss   
------------ ------------ ------------
43.871      |29.362      |14.508      


VAL losses
Total Loss  |Smoke Loss  |Fire Loss   
------------ ------------ ------------
37.105      |25.161      |11.944      

VAL Metrics
SMOKE -> Precision: 0.855 - Recall: 0.747 - Accuracy: 0.818 - F1: 0.798
FIRE -> Precision: 0.917 - Recall: 0.795 - Accuracy: 0.928 - F1: 0.851

Saving model with new best validation loss: 37.105

=== EPOCH 5/19 ===
Learning Rate = 0.001

TRAIN losses
Total Loss  |Smoke Loss  |Fire Loss   
------------ ------------ ------------
42.154      |28.333      |13.821      


VAL losses
Total Loss  |Smoke Loss  |Fire Loss   
------------ ------------ ------------
36.254      |24.740      |11.514      

VAL Metrics
SMOKE -> Precision: 0.821 - Recall: 0.835 - Accuracy: 0.833 - F1: 0.828
FIRE -> Precision: 0.847 - Recall: 0.887 - Accuracy: 0.929 - F1: 0.867

Saving model with new best validation loss: 36.254

=== EPOCH 6/19 ===
Learning Rate = 0.001

TRAIN losses
Total Loss  |Smoke Loss  |Fire Loss   
------------ ------------ ------------
41.821      |27.859      |13.962      


VAL losses
Total Loss  |Smoke Loss  |Fire Loss   
------------ ------------ ------------
35.112      |24.018      |11.094      

VAL Metrics
SMOKE -> Precision: 0.873 - Recall: 0.743 - Accuracy: 0.824 - F1: 0.803
FIRE -> Precision: 0.895 - Recall: 0.848 - Accuracy: 0.935 - F1: 0.871

Saving model with new best validation loss: 35.112

=== EPOCH 7/19 ===
Learning Rate = 0.001

TRAIN losses
Total Loss  |Smoke Loss  |Fire Loss   
------------ ------------ ------------
41.269      |27.416      |13.853      


VAL losses
Total Loss  |Smoke Loss  |Fire Loss   
------------ ------------ ------------
33.930      |23.010      |10.920      

VAL Metrics
SMOKE -> Precision: 0.849 - Recall: 0.807 - Accuracy: 0.838 - F1: 0.828
FIRE -> Precision: 0.909 - Recall: 0.839 - Accuracy: 0.937 - F1: 0.873

Saving model with new best validation loss: 33.930

=== EPOCH 8/19 ===
Learning Rate = 0.001

TRAIN losses
Total Loss  |Smoke Loss  |Fire Loss   
------------ ------------ ------------
40.003      |26.262      |13.741      


VAL losses
Total Loss  |Smoke Loss  |Fire Loss   
------------ ------------ ------------
33.409      |22.633      |10.776      

VAL Metrics
SMOKE -> Precision: 0.812 - Recall: 0.891 - Accuracy: 0.848 - F1: 0.850
FIRE -> Precision: 0.871 - Recall: 0.882 - Accuracy: 0.936 - F1: 0.876

Saving model with new best validation loss: 33.409

=== EPOCH 9/19 ===
Learning Rate = 0.001

TRAIN losses
Total Loss  |Smoke Loss  |Fire Loss   
------------ ------------ ------------
39.400      |26.145      |13.256      


VAL losses
Total Loss  |Smoke Loss  |Fire Loss   
------------ ------------ ------------
33.050      |22.016      |11.034      

VAL Metrics
SMOKE -> Precision: 0.868 - Recall: 0.810 - Accuracy: 0.849 - F1: 0.838
FIRE -> Precision: 0.926 - Recall: 0.812 - Accuracy: 0.934 - F1: 0.865

Saving model with new best validation loss: 33.050

=== EPOCH 10/19 ===
Learning Rate = 0.001

TRAIN losses
Total Loss  |Smoke Loss  |Fire Loss   
------------ ------------ ------------
38.874      |25.539      |13.335      


VAL losses
Total Loss  |Smoke Loss  |Fire Loss   
------------ ------------ ------------
31.476      |21.150      |10.325      

VAL Metrics
SMOKE -> Precision: 0.849 - Recall: 0.867 - Accuracy: 0.861 - F1: 0.858
FIRE -> Precision: 0.893 - Recall: 0.871 - Accuracy: 0.940 - F1: 0.882

Saving model with new best validation loss: 31.476

=== EPOCH 11/19 ===
Learning Rate = 0.001

TRAIN losses
Total Loss  |Smoke Loss  |Fire Loss   
------------ ------------ ------------
38.544      |25.206      |13.338      


VAL losses
Total Loss  |Smoke Loss  |Fire Loss   
------------ ------------ ------------
31.548      |21.256      |10.293      

VAL Metrics
SMOKE -> Precision: 0.878 - Recall: 0.812 - Accuracy: 0.855 - F1: 0.844
FIRE -> Precision: 0.882 - Recall: 0.882 - Accuracy: 0.939 - F1: 0.882

=== EPOCH 12/19 ===
Learning Rate = 0.001

TRAIN losses
Total Loss  |Smoke Loss  |Fire Loss   
------------ ------------ ------------
37.310      |24.455      |12.855      


VAL losses
Total Loss  |Smoke Loss  |Fire Loss   
------------ ------------ ------------
30.685      |20.215      |10.471      

VAL Metrics
SMOKE -> Precision: 0.845 - Recall: 0.877 - Accuracy: 0.863 - F1: 0.861
FIRE -> Precision: 0.863 - Recall: 0.895 - Accuracy: 0.936 - F1: 0.879

Saving model with new best validation loss: 30.685

=== EPOCH 13/19 ===
Learning Rate = 0.001

TRAIN losses
Total Loss  |Smoke Loss  |Fire Loss   
------------ ------------ ------------
37.712      |24.604      |13.108      


VAL losses
Total Loss  |Smoke Loss  |Fire Loss   
------------ ------------ ------------
30.656      |20.094      |10.562      

VAL Metrics
SMOKE -> Precision: 0.852 - Recall: 0.874 - Accuracy: 0.866 - F1: 0.863
FIRE -> Precision: 0.860 - Recall: 0.906 - Accuracy: 0.938 - F1: 0.882

Saving model with new best validation loss: 30.656

=== EPOCH 14/19 ===
Learning Rate = 0.001

TRAIN losses
Total Loss  |Smoke Loss  |Fire Loss   
------------ ------------ ------------
37.063      |24.351      |12.712      


VAL losses
Total Loss  |Smoke Loss  |Fire Loss   
------------ ------------ ------------
30.181      |20.079      |10.102      

VAL Metrics
SMOKE -> Precision: 0.840 - Recall: 0.890 - Accuracy: 0.865 - F1: 0.864
FIRE -> Precision: 0.907 - Recall: 0.865 - Accuracy: 0.942 - F1: 0.885

Saving model with new best validation loss: 30.181

=== EPOCH 15/19 ===
Learning Rate = 0.001

TRAIN losses
Total Loss  |Smoke Loss  |Fire Loss   
------------ ------------ ------------
36.287      |23.818      |12.469      


VAL losses
Total Loss  |Smoke Loss  |Fire Loss   
------------ ------------ ------------
30.096      |19.475      |10.621      

VAL Metrics
SMOKE -> Precision: 0.860 - Recall: 0.876 - Accuracy: 0.872 - F1: 0.868
FIRE -> Precision: 0.936 - Recall: 0.806 - Accuracy: 0.936 - F1: 0.866

Saving model with new best validation loss: 30.096

=== EPOCH 16/19 ===
Learning Rate = 0.001

TRAIN losses
Total Loss  |Smoke Loss  |Fire Loss   
------------ ------------ ------------
36.400      |24.008      |12.393      


VAL losses
Total Loss  |Smoke Loss  |Fire Loss   
------------ ------------ ------------
29.263      |19.493      |9.770       

VAL Metrics
SMOKE -> Precision: 0.837 - Recall: 0.906 - Accuracy: 0.870 - F1: 0.870
FIRE -> Precision: 0.893 - Recall: 0.874 - Accuracy: 0.940 - F1: 0.883

Saving model with new best validation loss: 29.263

=== EPOCH 17/19 ===
Learning Rate = 0.001

TRAIN losses
Total Loss  |Smoke Loss  |Fire Loss   
------------ ------------ ------------
36.233      |23.723      |12.510      


VAL losses
Total Loss  |Smoke Loss  |Fire Loss   
------------ ------------ ------------
28.695      |18.920      |9.775       

VAL Metrics
SMOKE -> Precision: 0.855 - Recall: 0.898 - Accuracy: 0.878 - F1: 0.876
FIRE -> Precision: 0.893 - Recall: 0.871 - Accuracy: 0.940 - F1: 0.882

Saving model with new best validation loss: 28.695

=== EPOCH 18/19 ===
Learning Rate = 0.001

TRAIN losses
Total Loss  |Smoke Loss  |Fire Loss   
------------ ------------ ------------
35.514      |23.208      |12.305      


VAL losses
Total Loss  |Smoke Loss  |Fire Loss   
------------ ------------ ------------
28.985      |19.248      |9.737       

VAL Metrics
SMOKE -> Precision: 0.880 - Recall: 0.837 - Accuracy: 0.867 - F1: 0.858
FIRE -> Precision: 0.892 - Recall: 0.889 - Accuracy: 0.943 - F1: 0.890

=== EPOCH 19/19 ===
Learning Rate = 0.001

TRAIN losses
Total Loss  |Smoke Loss  |Fire Loss   
------------ ------------ ------------
35.437      |23.202      |12.235      


VAL losses
Total Loss  |Smoke Loss  |Fire Loss   
------------ ------------ ------------
29.179      |18.896      |10.283      

VAL Metrics
SMOKE -> Precision: 0.855 - Recall: 0.897 - Accuracy: 0.877 - F1: 0.875
FIRE -> Precision: 0.853 - Recall: 0.914 - Accuracy: 0.937 - F1: 0.882
Saving last model

***Script finished: 19:05:47

Time elapsed: 0:08:44.928700

Trainable parameters = 945506
Total parameters = 945506

Starting script


***Start Training: 19:05:48

Pretrained Weights

=== EPOCH 20/159 ===
Learning Rate = 1e-05

TRAIN losses
Total Loss  |Smoke Loss  |Fire Loss   
------------ ------------ ------------
33.875      |22.207      |11.669      


VAL losses
Total Loss  |Smoke Loss  |Fire Loss   
------------ ------------ ------------
26.634      |17.469      |9.165       

VAL Metrics
SMOKE -> Precision: 0.875 - Recall: 0.896 - Accuracy: 0.888 - F1: 0.885
FIRE -> Precision: 0.881 - Recall: 0.904 - Accuracy: 0.943 - F1: 0.892

Saving model with new best validation loss: 26.634

=== EPOCH 21/159 ===
Learning Rate = 1e-05

TRAIN losses
Total Loss  |Smoke Loss  |Fire Loss   
------------ ------------ ------------
31.744      |21.027      |10.717      


VAL losses
Total Loss  |Smoke Loss  |Fire Loss   
------------ ------------ ------------
25.383      |16.749      |8.634       

VAL Metrics
SMOKE -> Precision: 0.881 - Recall: 0.901 - Accuracy: 0.894 - F1: 0.891
FIRE -> Precision: 0.895 - Recall: 0.908 - Accuracy: 0.949 - F1: 0.902

Saving model with new best validation loss: 25.383

=== EPOCH 22/159 ===
Learning Rate = 1e-05

TRAIN losses
Total Loss  |Smoke Loss  |Fire Loss   
------------ ------------ ------------
30.204      |19.988      |10.216      


VAL losses
Total Loss  |Smoke Loss  |Fire Loss   
------------ ------------ ------------
24.601      |16.240      |8.361       

VAL Metrics
SMOKE -> Precision: 0.885 - Recall: 0.904 - Accuracy: 0.897 - F1: 0.894
FIRE -> Precision: 0.898 - Recall: 0.909 - Accuracy: 0.950 - F1: 0.904

Saving model with new best validation loss: 24.601

=== EPOCH 23/159 ===
Learning Rate = 1e-05

TRAIN losses
Total Loss  |Smoke Loss  |Fire Loss   
------------ ------------ ------------
29.298      |19.630      |9.668       


VAL losses
Total Loss  |Smoke Loss  |Fire Loss   
------------ ------------ ------------
23.863      |15.795      |8.068       

VAL Metrics
SMOKE -> Precision: 0.894 - Recall: 0.904 - Accuracy: 0.902 - F1: 0.899
FIRE -> Precision: 0.911 - Recall: 0.908 - Accuracy: 0.953 - F1: 0.909

Saving model with new best validation loss: 23.863

=== EPOCH 24/159 ===
Learning Rate = 1e-05

TRAIN losses
Total Loss  |Smoke Loss  |Fire Loss   
------------ ------------ ------------
28.315      |18.745      |9.570       


VAL losses
Total Loss  |Smoke Loss  |Fire Loss   
------------ ------------ ------------
23.252      |15.337      |7.915       

VAL Metrics
SMOKE -> Precision: 0.899 - Recall: 0.906 - Accuracy: 0.906 - F1: 0.902
FIRE -> Precision: 0.909 - Recall: 0.915 - Accuracy: 0.954 - F1: 0.912

Saving model with new best validation loss: 23.252

=== EPOCH 25/159 ===
Learning Rate = 1e-05

TRAIN losses
Total Loss  |Smoke Loss  |Fire Loss   
------------ ------------ ------------
27.403      |18.352      |9.051       


VAL losses
Total Loss  |Smoke Loss  |Fire Loss   
------------ ------------ ------------
22.815      |15.083      |7.732       

VAL Metrics
SMOKE -> Precision: 0.897 - Recall: 0.908 - Accuracy: 0.906 - F1: 0.902
FIRE -> Precision: 0.913 - Recall: 0.913 - Accuracy: 0.955 - F1: 0.913

Saving model with new best validation loss: 22.815

=== EPOCH 26/159 ===
Learning Rate = 1e-05

TRAIN losses
Total Loss  |Smoke Loss  |Fire Loss   
------------ ------------ ------------
26.638      |17.478      |9.160       


VAL losses
Total Loss  |Smoke Loss  |Fire Loss   
------------ ------------ ------------
22.274      |14.698      |7.576       

VAL Metrics
SMOKE -> Precision: 0.899 - Recall: 0.910 - Accuracy: 0.907 - F1: 0.904
FIRE -> Precision: 0.911 - Recall: 0.918 - Accuracy: 0.956 - F1: 0.915

Saving model with new best validation loss: 22.274

=== EPOCH 27/159 ===
Learning Rate = 1e-05

TRAIN losses
Total Loss  |Smoke Loss  |Fire Loss   
------------ ------------ ------------
26.070      |17.389      |8.681       


VAL losses
Total Loss  |Smoke Loss  |Fire Loss   
------------ ------------ ------------
21.812      |14.421      |7.392       

VAL Metrics
SMOKE -> Precision: 0.902 - Recall: 0.914 - Accuracy: 0.911 - F1: 0.908
FIRE -> Precision: 0.915 - Recall: 0.917 - Accuracy: 0.956 - F1: 0.916

Saving model with new best validation loss: 21.812

=== EPOCH 28/159 ===
Learning Rate = 1e-05

TRAIN losses
Total Loss  |Smoke Loss  |Fire Loss   
------------ ------------ ------------
25.498      |16.875      |8.622       


VAL losses
Total Loss  |Smoke Loss  |Fire Loss   
------------ ------------ ------------
21.501      |14.214      |7.287       

VAL Metrics
SMOKE -> Precision: 0.901 - Recall: 0.917 - Accuracy: 0.912 - F1: 0.909
FIRE -> Precision: 0.918 - Recall: 0.920 - Accuracy: 0.958 - F1: 0.919

Saving model with new best validation loss: 21.501

=== EPOCH 29/159 ===
Learning Rate = 1e-05

TRAIN losses
Total Loss  |Smoke Loss  |Fire Loss   
------------ ------------ ------------
24.878      |16.622      |8.256       


VAL losses
Total Loss  |Smoke Loss  |Fire Loss   
------------ ------------ ------------
21.059      |13.927      |7.132       

VAL Metrics
SMOKE -> Precision: 0.904 - Recall: 0.917 - Accuracy: 0.913 - F1: 0.910
FIRE -> Precision: 0.919 - Recall: 0.924 - Accuracy: 0.959 - F1: 0.921

Saving model with new best validation loss: 21.059

=== EPOCH 30/159 ===
Learning Rate = 1e-05

TRAIN losses
Total Loss  |Smoke Loss  |Fire Loss   
------------ ------------ ------------
24.411      |16.340      |8.071       


VAL losses
Total Loss  |Smoke Loss  |Fire Loss   
------------ ------------ ------------
20.718      |13.677      |7.040       

VAL Metrics
SMOKE -> Precision: 0.903 - Recall: 0.923 - Accuracy: 0.915 - F1: 0.913
FIRE -> Precision: 0.917 - Recall: 0.927 - Accuracy: 0.959 - F1: 0.922

Saving model with new best validation loss: 20.718

=== EPOCH 31/159 ===
Learning Rate = 1e-05

TRAIN losses
Total Loss  |Smoke Loss  |Fire Loss   
------------ ------------ ------------
23.886      |15.942      |7.944       


VAL losses
Total Loss  |Smoke Loss  |Fire Loss   
------------ ------------ ------------
20.397      |13.445      |6.952       

VAL Metrics
SMOKE -> Precision: 0.906 - Recall: 0.924 - Accuracy: 0.917 - F1: 0.915
FIRE -> Precision: 0.924 - Recall: 0.923 - Accuracy: 0.960 - F1: 0.923

Saving model with new best validation loss: 20.397

=== EPOCH 32/159 ===
Learning Rate = 1e-05

TRAIN losses
Total Loss  |Smoke Loss  |Fire Loss   
------------ ------------ ------------
23.343      |15.653      |7.690       


VAL losses
Total Loss  |Smoke Loss  |Fire Loss   
------------ ------------ ------------
20.250      |13.357      |6.893       

VAL Metrics
SMOKE -> Precision: 0.904 - Recall: 0.925 - Accuracy: 0.917 - F1: 0.914
FIRE -> Precision: 0.918 - Recall: 0.928 - Accuracy: 0.960 - F1: 0.923

Saving model with new best validation loss: 20.250

=== EPOCH 33/159 ===
Learning Rate = 1e-05

TRAIN losses
Total Loss  |Smoke Loss  |Fire Loss   
------------ ------------ ------------
23.209      |15.453      |7.756       


VAL losses
Total Loss  |Smoke Loss  |Fire Loss   
------------ ------------ ------------
19.663      |12.906      |6.758       

VAL Metrics
SMOKE -> Precision: 0.911 - Recall: 0.928 - Accuracy: 0.922 - F1: 0.920
FIRE -> Precision: 0.928 - Recall: 0.924 - Accuracy: 0.962 - F1: 0.926

Saving model with new best validation loss: 19.663

=== EPOCH 34/159 ===
Learning Rate = 1e-05

TRAIN losses
Total Loss  |Smoke Loss  |Fire Loss   
------------ ------------ ------------
22.402      |14.852      |7.550       


VAL losses
Total Loss  |Smoke Loss  |Fire Loss   
------------ ------------ ------------
19.408      |12.721      |6.687       

VAL Metrics
SMOKE -> Precision: 0.913 - Recall: 0.932 - Accuracy: 0.925 - F1: 0.923
FIRE -> Precision: 0.924 - Recall: 0.928 - Accuracy: 0.962 - F1: 0.926

Saving model with new best validation loss: 19.408

=== EPOCH 35/159 ===
Learning Rate = 1e-05

TRAIN losses
Total Loss  |Smoke Loss  |Fire Loss   
------------ ------------ ------------
22.386      |14.802      |7.584       


VAL losses
Total Loss  |Smoke Loss  |Fire Loss   
------------ ------------ ------------
19.045      |12.472      |6.574       

VAL Metrics
SMOKE -> Precision: 0.915 - Recall: 0.934 - Accuracy: 0.926 - F1: 0.924
FIRE -> Precision: 0.922 - Recall: 0.929 - Accuracy: 0.961 - F1: 0.925

Saving model with new best validation loss: 19.045

=== EPOCH 36/159 ===
Learning Rate = 1e-05

TRAIN losses
Total Loss  |Smoke Loss  |Fire Loss   
------------ ------------ ------------
21.500      |14.333      |7.166       


VAL losses
Total Loss  |Smoke Loss  |Fire Loss   
------------ ------------ ------------
18.835      |12.319      |6.517       

VAL Metrics
SMOKE -> Precision: 0.921 - Recall: 0.931 - Accuracy: 0.928 - F1: 0.926
FIRE -> Precision: 0.925 - Recall: 0.927 - Accuracy: 0.962 - F1: 0.926

Saving model with new best validation loss: 18.835

=== EPOCH 37/159 ===
Learning Rate = 1e-05

TRAIN losses
Total Loss  |Smoke Loss  |Fire Loss   
------------ ------------ ------------
21.372      |14.184      |7.188       


VAL losses
Total Loss  |Smoke Loss  |Fire Loss   
------------ ------------ ------------
18.576      |12.147      |6.429       

VAL Metrics
SMOKE -> Precision: 0.926 - Recall: 0.929 - Accuracy: 0.930 - F1: 0.927
FIRE -> Precision: 0.929 - Recall: 0.925 - Accuracy: 0.962 - F1: 0.927

Saving model with new best validation loss: 18.576

=== EPOCH 38/159 ===
Learning Rate = 1e-05

TRAIN losses
Total Loss  |Smoke Loss  |Fire Loss   
------------ ------------ ------------
21.302      |14.159      |7.143       


VAL losses
Total Loss  |Smoke Loss  |Fire Loss   
------------ ------------ ------------
18.235      |11.870      |6.365       

VAL Metrics
SMOKE -> Precision: 0.923 - Recall: 0.936 - Accuracy: 0.932 - F1: 0.930
FIRE -> Precision: 0.931 - Recall: 0.929 - Accuracy: 0.964 - F1: 0.930

Saving model with new best validation loss: 18.235

=== EPOCH 39/159 ===
Learning Rate = 1e-05

TRAIN losses
Total Loss  |Smoke Loss  |Fire Loss   
------------ ------------ ------------
21.077      |14.005      |7.072       


VAL losses
Total Loss  |Smoke Loss  |Fire Loss   
------------ ------------ ------------
18.059      |11.737      |6.322       

VAL Metrics
SMOKE -> Precision: 0.929 - Recall: 0.934 - Accuracy: 0.934 - F1: 0.931
FIRE -> Precision: 0.927 - Recall: 0.930 - Accuracy: 0.963 - F1: 0.928

Saving model with new best validation loss: 18.059

=== EPOCH 40/159 ===
Learning Rate = 1e-05

TRAIN losses
Total Loss  |Smoke Loss  |Fire Loss   
------------ ------------ ------------
20.121      |13.456      |6.666       


VAL losses
Total Loss  |Smoke Loss  |Fire Loss   
------------ ------------ ------------
17.915      |11.623      |6.292       

VAL Metrics
SMOKE -> Precision: 0.928 - Recall: 0.935 - Accuracy: 0.934 - F1: 0.931
FIRE -> Precision: 0.927 - Recall: 0.928 - Accuracy: 0.962 - F1: 0.928

Saving model with new best validation loss: 17.915

=== EPOCH 41/159 ===
Learning Rate = 1e-05

TRAIN losses
Total Loss  |Smoke Loss  |Fire Loss   
------------ ------------ ------------
20.302      |13.572      |6.730       


VAL losses
Total Loss  |Smoke Loss  |Fire Loss   
------------ ------------ ------------
17.697      |11.464      |6.233       

VAL Metrics
SMOKE -> Precision: 0.927 - Recall: 0.933 - Accuracy: 0.932 - F1: 0.930
FIRE -> Precision: 0.931 - Recall: 0.929 - Accuracy: 0.964 - F1: 0.930

Saving model with new best validation loss: 17.697

=== EPOCH 42/159 ===
Learning Rate = 1e-05

TRAIN losses
Total Loss  |Smoke Loss  |Fire Loss   
------------ ------------ ------------
19.759      |13.085      |6.674       


VAL losses
Total Loss  |Smoke Loss  |Fire Loss   
------------ ------------ ------------
17.435      |11.248      |6.187       

VAL Metrics
SMOKE -> Precision: 0.927 - Recall: 0.942 - Accuracy: 0.937 - F1: 0.935
FIRE -> Precision: 0.931 - Recall: 0.931 - Accuracy: 0.964 - F1: 0.931

Saving model with new best validation loss: 17.435

=== EPOCH 43/159 ===
Learning Rate = 1e-05

TRAIN losses
Total Loss  |Smoke Loss  |Fire Loss   
------------ ------------ ------------
19.395      |12.971      |6.424       


VAL losses
Total Loss  |Smoke Loss  |Fire Loss   
------------ ------------ ------------
17.293      |11.159      |6.134       

VAL Metrics
SMOKE -> Precision: 0.933 - Recall: 0.940 - Accuracy: 0.938 - F1: 0.936
FIRE -> Precision: 0.932 - Recall: 0.931 - Accuracy: 0.965 - F1: 0.931

Saving model with new best validation loss: 17.293

=== EPOCH 44/159 ===
Learning Rate = 1e-05

TRAIN losses
Total Loss  |Smoke Loss  |Fire Loss   
------------ ------------ ------------
18.870      |12.663      |6.206       


VAL losses
Total Loss  |Smoke Loss  |Fire Loss   
------------ ------------ ------------
17.044      |10.966      |6.077       

VAL Metrics
SMOKE -> Precision: 0.938 - Recall: 0.939 - Accuracy: 0.941 - F1: 0.939
FIRE -> Precision: 0.932 - Recall: 0.932 - Accuracy: 0.965 - F1: 0.932

Saving model with new best validation loss: 17.044

=== EPOCH 45/159 ===
Learning Rate = 1e-05

TRAIN losses
Total Loss  |Smoke Loss  |Fire Loss   
------------ ------------ ------------
19.173      |12.630      |6.543       


VAL losses
Total Loss  |Smoke Loss  |Fire Loss   
------------ ------------ ------------
17.018      |10.954      |6.065       

VAL Metrics
SMOKE -> Precision: 0.933 - Recall: 0.940 - Accuracy: 0.939 - F1: 0.937
FIRE -> Precision: 0.934 - Recall: 0.932 - Accuracy: 0.965 - F1: 0.933

Saving model with new best validation loss: 17.018

=== EPOCH 46/159 ===
Learning Rate = 1e-05

TRAIN losses
Total Loss  |Smoke Loss  |Fire Loss   
------------ ------------ ------------
18.729      |12.317      |6.412       


VAL losses
Total Loss  |Smoke Loss  |Fire Loss   
------------ ------------ ------------
16.909      |10.893      |6.017       

VAL Metrics
SMOKE -> Precision: 0.932 - Recall: 0.947 - Accuracy: 0.941 - F1: 0.939
FIRE -> Precision: 0.935 - Recall: 0.930 - Accuracy: 0.965 - F1: 0.932

Saving model with new best validation loss: 16.909

=== EPOCH 47/159 ===
Learning Rate = 1e-05

TRAIN losses
Total Loss  |Smoke Loss  |Fire Loss   
------------ ------------ ------------
18.296      |12.210      |6.086       


VAL losses
Total Loss  |Smoke Loss  |Fire Loss   
------------ ------------ ------------
16.687      |10.681      |6.006       

VAL Metrics
SMOKE -> Precision: 0.936 - Recall: 0.945 - Accuracy: 0.943 - F1: 0.941
FIRE -> Precision: 0.931 - Recall: 0.933 - Accuracy: 0.965 - F1: 0.932

Saving model with new best validation loss: 16.687

=== EPOCH 48/159 ===
Learning Rate = 1e-05

TRAIN losses
Total Loss  |Smoke Loss  |Fire Loss   
------------ ------------ ------------
18.116      |11.968      |6.147       


VAL losses
Total Loss  |Smoke Loss  |Fire Loss   
------------ ------------ ------------
16.493      |10.550      |5.943       

VAL Metrics
SMOKE -> Precision: 0.936 - Recall: 0.945 - Accuracy: 0.942 - F1: 0.940
FIRE -> Precision: 0.932 - Recall: 0.933 - Accuracy: 0.965 - F1: 0.932

Saving model with new best validation loss: 16.493

=== EPOCH 49/159 ===
Learning Rate = 1e-05

TRAIN losses
Total Loss  |Smoke Loss  |Fire Loss   
------------ ------------ ------------
17.650      |11.719      |5.931       


VAL losses
Total Loss  |Smoke Loss  |Fire Loss   
------------ ------------ ------------
16.476      |10.541      |5.935       

VAL Metrics
SMOKE -> Precision: 0.939 - Recall: 0.941 - Accuracy: 0.942 - F1: 0.940
FIRE -> Precision: 0.933 - Recall: 0.936 - Accuracy: 0.966 - F1: 0.934

Saving model with new best validation loss: 16.476

=== EPOCH 50/159 ===
Learning Rate = 1e-05

TRAIN losses
Total Loss  |Smoke Loss  |Fire Loss   
------------ ------------ ------------
17.617      |11.536      |6.081       


VAL losses
Total Loss  |Smoke Loss  |Fire Loss   
------------ ------------ ------------
16.210      |10.342      |5.868       

VAL Metrics
SMOKE -> Precision: 0.938 - Recall: 0.949 - Accuracy: 0.945 - F1: 0.943
FIRE -> Precision: 0.938 - Recall: 0.936 - Accuracy: 0.967 - F1: 0.937

Saving model with new best validation loss: 16.210

=== EPOCH 51/159 ===
Learning Rate = 1e-05

TRAIN losses
Total Loss  |Smoke Loss  |Fire Loss   
------------ ------------ ------------
17.396      |11.649      |5.747       


VAL losses
Total Loss  |Smoke Loss  |Fire Loss   
------------ ------------ ------------
16.129      |10.295      |5.833       

VAL Metrics
SMOKE -> Precision: 0.941 - Recall: 0.948 - Accuracy: 0.946 - F1: 0.944
FIRE -> Precision: 0.935 - Recall: 0.940 - Accuracy: 0.967 - F1: 0.937

Saving model with new best validation loss: 16.129

=== EPOCH 52/159 ===
Learning Rate = 1e-05

TRAIN losses
Total Loss  |Smoke Loss  |Fire Loss   
------------ ------------ ------------
17.120      |11.397      |5.723       


VAL losses
Total Loss  |Smoke Loss  |Fire Loss   
------------ ------------ ------------
16.001      |10.172      |5.828       

VAL Metrics
SMOKE -> Precision: 0.940 - Recall: 0.949 - Accuracy: 0.947 - F1: 0.945
FIRE -> Precision: 0.938 - Recall: 0.934 - Accuracy: 0.967 - F1: 0.936

Saving model with new best validation loss: 16.001

=== EPOCH 53/159 ===
Learning Rate = 1e-05

TRAIN losses
Total Loss  |Smoke Loss  |Fire Loss   
------------ ------------ ------------
16.921      |11.241      |5.680       


VAL losses
Total Loss  |Smoke Loss  |Fire Loss   
------------ ------------ ------------
16.110      |10.333      |5.777       

VAL Metrics
SMOKE -> Precision: 0.939 - Recall: 0.947 - Accuracy: 0.945 - F1: 0.943
FIRE -> Precision: 0.933 - Recall: 0.940 - Accuracy: 0.967 - F1: 0.936

=== EPOCH 54/159 ===
Learning Rate = 1e-05

TRAIN losses
Total Loss  |Smoke Loss  |Fire Loss   
------------ ------------ ------------
16.414      |10.873      |5.542       


VAL losses
Total Loss  |Smoke Loss  |Fire Loss   
------------ ------------ ------------
15.858      |10.103      |5.754       

VAL Metrics
SMOKE -> Precision: 0.940 - Recall: 0.951 - Accuracy: 0.947 - F1: 0.945
FIRE -> Precision: 0.935 - Recall: 0.940 - Accuracy: 0.967 - F1: 0.937

Saving model with new best validation loss: 15.858

=== EPOCH 55/159 ===
Learning Rate = 1e-05

TRAIN losses
Total Loss  |Smoke Loss  |Fire Loss   
------------ ------------ ------------
16.339      |11.019      |5.320       


VAL losses
Total Loss  |Smoke Loss  |Fire Loss   
------------ ------------ ------------
15.754      |10.003      |5.751       

VAL Metrics
SMOKE -> Precision: 0.943 - Recall: 0.949 - Accuracy: 0.948 - F1: 0.946
FIRE -> Precision: 0.937 - Recall: 0.939 - Accuracy: 0.968 - F1: 0.938

Saving model with new best validation loss: 15.754

=== EPOCH 56/159 ===
Learning Rate = 1e-05

TRAIN losses
Total Loss  |Smoke Loss  |Fire Loss   
------------ ------------ ------------
16.120      |10.596      |5.525       


VAL losses
Total Loss  |Smoke Loss  |Fire Loss   
------------ ------------ ------------
15.634      |9.913       |5.721       

VAL Metrics
SMOKE -> Precision: 0.939 - Recall: 0.954 - Accuracy: 0.948 - F1: 0.947
FIRE -> Precision: 0.939 - Recall: 0.936 - Accuracy: 0.968 - F1: 0.937

Saving model with new best validation loss: 15.634

=== EPOCH 57/159 ===
Learning Rate = 1e-05

TRAIN losses
Total Loss  |Smoke Loss  |Fire Loss   
------------ ------------ ------------
15.854      |10.306      |5.548       


VAL losses
Total Loss  |Smoke Loss  |Fire Loss   
------------ ------------ ------------
15.506      |9.826       |5.680       

VAL Metrics
SMOKE -> Precision: 0.940 - Recall: 0.950 - Accuracy: 0.947 - F1: 0.945
FIRE -> Precision: 0.941 - Recall: 0.936 - Accuracy: 0.968 - F1: 0.939

Saving model with new best validation loss: 15.506

=== EPOCH 58/159 ===
Learning Rate = 1e-05

TRAIN losses
Total Loss  |Smoke Loss  |Fire Loss   
------------ ------------ ------------
15.479      |10.281      |5.198       


VAL losses
Total Loss  |Smoke Loss  |Fire Loss   
------------ ------------ ------------
15.435      |9.772       |5.663       

VAL Metrics
SMOKE -> Precision: 0.939 - Recall: 0.954 - Accuracy: 0.948 - F1: 0.947
FIRE -> Precision: 0.940 - Recall: 0.941 - Accuracy: 0.969 - F1: 0.941

Saving model with new best validation loss: 15.435

=== EPOCH 59/159 ===
Learning Rate = 1e-05

TRAIN losses
Total Loss  |Smoke Loss  |Fire Loss   
------------ ------------ ------------
15.777      |10.463      |5.314       


VAL losses
Total Loss  |Smoke Loss  |Fire Loss   
------------ ------------ ------------
15.523      |9.857       |5.666       

VAL Metrics
SMOKE -> Precision: 0.941 - Recall: 0.948 - Accuracy: 0.946 - F1: 0.944
FIRE -> Precision: 0.940 - Recall: 0.940 - Accuracy: 0.969 - F1: 0.940

=== EPOCH 60/159 ===
Learning Rate = 1e-05

TRAIN losses
Total Loss  |Smoke Loss  |Fire Loss   
------------ ------------ ------------
15.344      |10.174      |5.170       


VAL losses
Total Loss  |Smoke Loss  |Fire Loss   
------------ ------------ ------------
15.342      |9.715       |5.627       

VAL Metrics
SMOKE -> Precision: 0.945 - Recall: 0.952 - Accuracy: 0.950 - F1: 0.948
FIRE -> Precision: 0.939 - Recall: 0.937 - Accuracy: 0.968 - F1: 0.938

Saving model with new best validation loss: 15.342

=== EPOCH 61/159 ===
Learning Rate = 1e-05

TRAIN losses
Total Loss  |Smoke Loss  |Fire Loss   
------------ ------------ ------------
14.987      |9.911       |5.076       


VAL losses
Total Loss  |Smoke Loss  |Fire Loss   
------------ ------------ ------------
15.251      |9.613       |5.638       

VAL Metrics
SMOKE -> Precision: 0.943 - Recall: 0.953 - Accuracy: 0.950 - F1: 0.948
FIRE -> Precision: 0.941 - Recall: 0.937 - Accuracy: 0.969 - F1: 0.939

Saving model with new best validation loss: 15.251

=== EPOCH 62/159 ===
Learning Rate = 1e-05

TRAIN losses
Total Loss  |Smoke Loss  |Fire Loss   
------------ ------------ ------------
15.215      |10.044      |5.171       


VAL losses
Total Loss  |Smoke Loss  |Fire Loss   
------------ ------------ ------------
15.085      |9.464       |5.622       

VAL Metrics
SMOKE -> Precision: 0.946 - Recall: 0.955 - Accuracy: 0.952 - F1: 0.951
FIRE -> Precision: 0.942 - Recall: 0.939 - Accuracy: 0.969 - F1: 0.940

Saving model with new best validation loss: 15.085

=== EPOCH 63/159 ===
Learning Rate = 1e-05

TRAIN losses
Total Loss  |Smoke Loss  |Fire Loss   
------------ ------------ ------------
14.581      |9.497       |5.083       


VAL losses
Total Loss  |Smoke Loss  |Fire Loss   
------------ ------------ ------------
15.163      |9.559       |5.604       

VAL Metrics
SMOKE -> Precision: 0.943 - Recall: 0.951 - Accuracy: 0.949 - F1: 0.947
FIRE -> Precision: 0.944 - Recall: 0.939 - Accuracy: 0.970 - F1: 0.941

=== EPOCH 64/159 ===
Learning Rate = 1e-05

TRAIN losses
Total Loss  |Smoke Loss  |Fire Loss   
------------ ------------ ------------
14.569      |9.695       |4.874       


VAL losses
Total Loss  |Smoke Loss  |Fire Loss   
------------ ------------ ------------
14.923      |9.367       |5.556       

VAL Metrics
SMOKE -> Precision: 0.945 - Recall: 0.955 - Accuracy: 0.952 - F1: 0.950
FIRE -> Precision: 0.942 - Recall: 0.939 - Accuracy: 0.969 - F1: 0.940

Saving model with new best validation loss: 14.923

=== EPOCH 65/159 ===
Learning Rate = 1e-05

TRAIN losses
Total Loss  |Smoke Loss  |Fire Loss   
------------ ------------ ------------
14.494      |9.548       |4.946       


VAL losses
Total Loss  |Smoke Loss  |Fire Loss   
------------ ------------ ------------
14.957      |9.375       |5.582       

VAL Metrics
SMOKE -> Precision: 0.942 - Recall: 0.954 - Accuracy: 0.950 - F1: 0.948
FIRE -> Precision: 0.940 - Recall: 0.940 - Accuracy: 0.969 - F1: 0.940

=== EPOCH 66/159 ===
Learning Rate = 1e-05

TRAIN losses
Total Loss  |Smoke Loss  |Fire Loss   
------------ ------------ ------------
14.213      |9.314       |4.900       


VAL losses
Total Loss  |Smoke Loss  |Fire Loss   
------------ ------------ ------------
14.838      |9.265       |5.573       

VAL Metrics
SMOKE -> Precision: 0.944 - Recall: 0.952 - Accuracy: 0.950 - F1: 0.948
FIRE -> Precision: 0.941 - Recall: 0.938 - Accuracy: 0.969 - F1: 0.940

Saving model with new best validation loss: 14.838

=== EPOCH 67/159 ===
Learning Rate = 1e-05

TRAIN losses
Total Loss  |Smoke Loss  |Fire Loss   
------------ ------------ ------------
14.213      |9.350       |4.863       


VAL losses
Total Loss  |Smoke Loss  |Fire Loss   
------------ ------------ ------------
14.853      |9.335       |5.517       

VAL Metrics
SMOKE -> Precision: 0.946 - Recall: 0.951 - Accuracy: 0.950 - F1: 0.948
FIRE -> Precision: 0.943 - Recall: 0.938 - Accuracy: 0.969 - F1: 0.940

=== EPOCH 68/159 ===
Learning Rate = 1e-05

TRAIN losses
Total Loss  |Smoke Loss  |Fire Loss   
------------ ------------ ------------
14.256      |9.381       |4.875       


VAL losses
Total Loss  |Smoke Loss  |Fire Loss   
------------ ------------ ------------
14.716      |9.186       |5.530       

VAL Metrics
SMOKE -> Precision: 0.946 - Recall: 0.956 - Accuracy: 0.952 - F1: 0.951
FIRE -> Precision: 0.941 - Recall: 0.941 - Accuracy: 0.969 - F1: 0.941

Saving model with new best validation loss: 14.716

=== EPOCH 69/159 ===
Learning Rate = 1e-05

TRAIN losses
Total Loss  |Smoke Loss  |Fire Loss   
------------ ------------ ------------
14.047      |9.218       |4.829       


VAL losses
Total Loss  |Smoke Loss  |Fire Loss   
------------ ------------ ------------
14.687      |9.215       |5.472       

VAL Metrics
SMOKE -> Precision: 0.945 - Recall: 0.956 - Accuracy: 0.952 - F1: 0.951
FIRE -> Precision: 0.942 - Recall: 0.939 - Accuracy: 0.969 - F1: 0.940

Saving model with new best validation loss: 14.687

=== EPOCH 70/159 ===
Learning Rate = 1e-05

TRAIN losses
Total Loss  |Smoke Loss  |Fire Loss   
------------ ------------ ------------
13.839      |9.156       |4.683       


VAL losses
Total Loss  |Smoke Loss  |Fire Loss   
------------ ------------ ------------
14.701      |9.185       |5.516       

VAL Metrics
SMOKE -> Precision: 0.942 - Recall: 0.954 - Accuracy: 0.949 - F1: 0.948
FIRE -> Precision: 0.944 - Recall: 0.940 - Accuracy: 0.970 - F1: 0.942

=== EPOCH 71/159 ===
Learning Rate = 1e-05

TRAIN losses
Total Loss  |Smoke Loss  |Fire Loss   
------------ ------------ ------------
13.439      |9.031       |4.409       


VAL losses
Total Loss  |Smoke Loss  |Fire Loss   
------------ ------------ ------------
14.628      |9.162       |5.466       

VAL Metrics
SMOKE -> Precision: 0.944 - Recall: 0.953 - Accuracy: 0.950 - F1: 0.948
FIRE -> Precision: 0.942 - Recall: 0.940 - Accuracy: 0.969 - F1: 0.941

Saving model with new best validation loss: 14.628

=== EPOCH 72/159 ===
Learning Rate = 1e-05

TRAIN losses
Total Loss  |Smoke Loss  |Fire Loss   
------------ ------------ ------------
13.267      |8.773       |4.494       


VAL losses
Total Loss  |Smoke Loss  |Fire Loss   
------------ ------------ ------------
14.515      |9.048       |5.466       

VAL Metrics
SMOKE -> Precision: 0.946 - Recall: 0.958 - Accuracy: 0.954 - F1: 0.952
FIRE -> Precision: 0.942 - Recall: 0.941 - Accuracy: 0.970 - F1: 0.942

Saving model with new best validation loss: 14.515

=== EPOCH 73/159 ===
Learning Rate = 1e-05

TRAIN losses
Total Loss  |Smoke Loss  |Fire Loss   
------------ ------------ ------------
13.484      |8.896       |4.588       


VAL losses
Total Loss  |Smoke Loss  |Fire Loss   
------------ ------------ ------------
14.403      |8.939       |5.464       

VAL Metrics
SMOKE -> Precision: 0.946 - Recall: 0.959 - Accuracy: 0.954 - F1: 0.952
FIRE -> Precision: 0.946 - Recall: 0.940 - Accuracy: 0.971 - F1: 0.943

Saving model with new best validation loss: 14.403

=== EPOCH 74/159 ===
Learning Rate = 1e-05

TRAIN losses
Total Loss  |Smoke Loss  |Fire Loss   
------------ ------------ ------------
13.036      |8.555       |4.482       


VAL losses
Total Loss  |Smoke Loss  |Fire Loss   
------------ ------------ ------------
14.425      |8.953       |5.473       

VAL Metrics
SMOKE -> Precision: 0.946 - Recall: 0.957 - Accuracy: 0.953 - F1: 0.952
FIRE -> Precision: 0.945 - Recall: 0.939 - Accuracy: 0.970 - F1: 0.942

=== EPOCH 75/159 ===
Learning Rate = 1e-05

TRAIN losses
Total Loss  |Smoke Loss  |Fire Loss   
------------ ------------ ------------
12.965      |8.615       |4.350       


VAL losses
Total Loss  |Smoke Loss  |Fire Loss   
------------ ------------ ------------
14.525      |8.992       |5.532       

VAL Metrics
SMOKE -> Precision: 0.944 - Recall: 0.957 - Accuracy: 0.952 - F1: 0.951
FIRE -> Precision: 0.944 - Recall: 0.938 - Accuracy: 0.969 - F1: 0.941

=== EPOCH 76/159 ===
Learning Rate = 1e-05

TRAIN losses
Total Loss  |Smoke Loss  |Fire Loss   
------------ ------------ ------------
12.667      |8.373       |4.294       


VAL losses
Total Loss  |Smoke Loss  |Fire Loss   
------------ ------------ ------------
14.387      |8.897       |5.490       

VAL Metrics
SMOKE -> Precision: 0.946 - Recall: 0.960 - Accuracy: 0.955 - F1: 0.953
FIRE -> Precision: 0.945 - Recall: 0.937 - Accuracy: 0.970 - F1: 0.941

Saving model with new best validation loss: 14.387

=== EPOCH 77/159 ===
Learning Rate = 1e-05

TRAIN losses
Total Loss  |Smoke Loss  |Fire Loss   
------------ ------------ ------------
12.811      |8.352       |4.459       


VAL losses
Total Loss  |Smoke Loss  |Fire Loss   
------------ ------------ ------------
14.414      |8.932       |5.482       

VAL Metrics
SMOKE -> Precision: 0.948 - Recall: 0.953 - Accuracy: 0.953 - F1: 0.951
FIRE -> Precision: 0.944 - Recall: 0.941 - Accuracy: 0.970 - F1: 0.943

=== EPOCH 78/159 ===
Learning Rate = 1e-05

TRAIN losses
Total Loss  |Smoke Loss  |Fire Loss   
------------ ------------ ------------
12.743      |8.356       |4.387       


VAL losses
Total Loss  |Smoke Loss  |Fire Loss   
------------ ------------ ------------
14.411      |8.938       |5.473       

VAL Metrics
SMOKE -> Precision: 0.946 - Recall: 0.955 - Accuracy: 0.952 - F1: 0.951
FIRE -> Precision: 0.944 - Recall: 0.942 - Accuracy: 0.971 - F1: 0.943

=== EPOCH 79/159 ===
Learning Rate = 1e-05

TRAIN losses
Total Loss  |Smoke Loss  |Fire Loss   
------------ ------------ ------------
12.457      |8.215       |4.242       


VAL losses
Total Loss  |Smoke Loss  |Fire Loss   
------------ ------------ ------------
14.220      |8.745       |5.475       

VAL Metrics
SMOKE -> Precision: 0.949 - Recall: 0.955 - Accuracy: 0.954 - F1: 0.952
FIRE -> Precision: 0.945 - Recall: 0.942 - Accuracy: 0.971 - F1: 0.944

Saving model with new best validation loss: 14.220

=== EPOCH 80/159 ===
Learning Rate = 1e-05

TRAIN losses
Total Loss  |Smoke Loss  |Fire Loss   
------------ ------------ ------------
12.401      |8.098       |4.303       


VAL losses
Total Loss  |Smoke Loss  |Fire Loss   
------------ ------------ ------------
14.095      |8.650       |5.444       

VAL Metrics
SMOKE -> Precision: 0.947 - Recall: 0.961 - Accuracy: 0.955 - F1: 0.954
FIRE -> Precision: 0.946 - Recall: 0.941 - Accuracy: 0.971 - F1: 0.943

Saving model with new best validation loss: 14.095

=== EPOCH 81/159 ===
Learning Rate = 1e-05

TRAIN losses
Total Loss  |Smoke Loss  |Fire Loss   
------------ ------------ ------------
12.346      |8.173       |4.173       


VAL losses
Total Loss  |Smoke Loss  |Fire Loss   
------------ ------------ ------------
14.136      |8.705       |5.431       

VAL Metrics
SMOKE -> Precision: 0.948 - Recall: 0.958 - Accuracy: 0.955 - F1: 0.953
FIRE -> Precision: 0.942 - Recall: 0.940 - Accuracy: 0.969 - F1: 0.941

=== EPOCH 82/159 ===
Learning Rate = 1e-05

TRAIN losses
Total Loss  |Smoke Loss  |Fire Loss   
------------ ------------ ------------
12.389      |8.067       |4.322       


VAL losses
Total Loss  |Smoke Loss  |Fire Loss   
------------ ------------ ------------
14.179      |8.738       |5.441       

VAL Metrics
SMOKE -> Precision: 0.950 - Recall: 0.954 - Accuracy: 0.954 - F1: 0.952
FIRE -> Precision: 0.946 - Recall: 0.940 - Accuracy: 0.970 - F1: 0.943

=== EPOCH 83/159 ===
Learning Rate = 1e-05

TRAIN losses
Total Loss  |Smoke Loss  |Fire Loss   
------------ ------------ ------------
11.815      |7.708       |4.108       


VAL losses
Total Loss  |Smoke Loss  |Fire Loss   
------------ ------------ ------------
14.105      |8.699       |5.406       

VAL Metrics
SMOKE -> Precision: 0.948 - Recall: 0.953 - Accuracy: 0.952 - F1: 0.951
FIRE -> Precision: 0.948 - Recall: 0.941 - Accuracy: 0.972 - F1: 0.945

=== EPOCH 84/159 ===
Learning Rate = 8.000000000000001e-06

TRAIN losses
Total Loss  |Smoke Loss  |Fire Loss   
------------ ------------ ------------
11.697      |7.611       |4.087       


VAL losses
Total Loss  |Smoke Loss  |Fire Loss   
------------ ------------ ------------
14.092      |8.695       |5.397       

VAL Metrics
SMOKE -> Precision: 0.949 - Recall: 0.954 - Accuracy: 0.953 - F1: 0.951
FIRE -> Precision: 0.948 - Recall: 0.942 - Accuracy: 0.972 - F1: 0.945

Saving model with new best validation loss: 14.092

=== EPOCH 85/159 ===
Learning Rate = 8.000000000000001e-06

TRAIN losses
Total Loss  |Smoke Loss  |Fire Loss   
------------ ------------ ------------
11.608      |7.595       |4.014       


VAL losses
Total Loss  |Smoke Loss  |Fire Loss   
------------ ------------ ------------
13.997      |8.630       |5.368       

VAL Metrics
SMOKE -> Precision: 0.948 - Recall: 0.955 - Accuracy: 0.953 - F1: 0.951
FIRE -> Precision: 0.948 - Recall: 0.941 - Accuracy: 0.972 - F1: 0.945

Saving model with new best validation loss: 13.997

=== EPOCH 86/159 ===
Learning Rate = 8.000000000000001e-06

TRAIN losses
Total Loss  |Smoke Loss  |Fire Loss   
------------ ------------ ------------
11.277      |7.344       |3.933       


VAL losses
Total Loss  |Smoke Loss  |Fire Loss   
------------ ------------ ------------
14.059      |8.650       |5.409       

VAL Metrics
SMOKE -> Precision: 0.948 - Recall: 0.954 - Accuracy: 0.953 - F1: 0.951
FIRE -> Precision: 0.943 - Recall: 0.945 - Accuracy: 0.971 - F1: 0.944

=== EPOCH 87/159 ===
Learning Rate = 8.000000000000001e-06

TRAIN losses
Total Loss  |Smoke Loss  |Fire Loss   
------------ ------------ ------------
11.517      |7.480       |4.037       


VAL losses
Total Loss  |Smoke Loss  |Fire Loss   
------------ ------------ ------------
13.908      |8.507       |5.401       

VAL Metrics
SMOKE -> Precision: 0.951 - Recall: 0.959 - Accuracy: 0.956 - F1: 0.955
FIRE -> Precision: 0.947 - Recall: 0.942 - Accuracy: 0.971 - F1: 0.944

Saving model with new best validation loss: 13.908

=== EPOCH 88/159 ===
Learning Rate = 8.000000000000001e-06

TRAIN losses
Total Loss  |Smoke Loss  |Fire Loss   
------------ ------------ ------------
11.557      |7.538       |4.019       


VAL losses
Total Loss  |Smoke Loss  |Fire Loss   
------------ ------------ ------------
13.902      |8.532       |5.370       

VAL Metrics
SMOKE -> Precision: 0.950 - Recall: 0.959 - Accuracy: 0.956 - F1: 0.954
FIRE -> Precision: 0.947 - Recall: 0.942 - Accuracy: 0.972 - F1: 0.945

Saving model with new best validation loss: 13.902

=== EPOCH 89/159 ===
Learning Rate = 8.000000000000001e-06

TRAIN losses
Total Loss  |Smoke Loss  |Fire Loss   
------------ ------------ ------------
11.289      |7.529       |3.760       


VAL losses
Total Loss  |Smoke Loss  |Fire Loss   
------------ ------------ ------------
13.913      |8.525       |5.388       

VAL Metrics
SMOKE -> Precision: 0.950 - Recall: 0.956 - Accuracy: 0.955 - F1: 0.953
FIRE -> Precision: 0.947 - Recall: 0.941 - Accuracy: 0.971 - F1: 0.944

=== EPOCH 90/159 ===
Learning Rate = 8.000000000000001e-06

TRAIN losses
Total Loss  |Smoke Loss  |Fire Loss   
------------ ------------ ------------
11.283      |7.488       |3.795       


VAL losses
Total Loss  |Smoke Loss  |Fire Loss   
------------ ------------ ------------
13.998      |8.593       |5.405       

VAL Metrics
SMOKE -> Precision: 0.950 - Recall: 0.955 - Accuracy: 0.954 - F1: 0.953
FIRE -> Precision: 0.946 - Recall: 0.944 - Accuracy: 0.972 - F1: 0.945

=== EPOCH 91/159 ===
Learning Rate = 8.000000000000001e-06

TRAIN losses
Total Loss  |Smoke Loss  |Fire Loss   
------------ ------------ ------------
11.381      |7.414       |3.967       


VAL losses
Total Loss  |Smoke Loss  |Fire Loss   
------------ ------------ ------------
13.898      |8.494       |5.404       

VAL Metrics
SMOKE -> Precision: 0.951 - Recall: 0.957 - Accuracy: 0.956 - F1: 0.954
FIRE -> Precision: 0.949 - Recall: 0.942 - Accuracy: 0.972 - F1: 0.946

Saving model with new best validation loss: 13.898

=== EPOCH 92/159 ===
Learning Rate = 8.000000000000001e-06

TRAIN losses
Total Loss  |Smoke Loss  |Fire Loss   
------------ ------------ ------------
11.007      |7.259       |3.748       


VAL losses
Total Loss  |Smoke Loss  |Fire Loss   
------------ ------------ ------------
13.947      |8.562       |5.385       

VAL Metrics
SMOKE -> Precision: 0.950 - Recall: 0.956 - Accuracy: 0.955 - F1: 0.953
FIRE -> Precision: 0.948 - Recall: 0.944 - Accuracy: 0.972 - F1: 0.946

=== EPOCH 93/159 ===
Learning Rate = 8.000000000000001e-06

TRAIN losses
Total Loss  |Smoke Loss  |Fire Loss   
------------ ------------ ------------
11.002      |7.215       |3.787       


VAL losses
Total Loss  |Smoke Loss  |Fire Loss   
------------ ------------ ------------
13.770      |8.380       |5.390       

VAL Metrics
SMOKE -> Precision: 0.951 - Recall: 0.960 - Accuracy: 0.957 - F1: 0.955
FIRE -> Precision: 0.949 - Recall: 0.946 - Accuracy: 0.973 - F1: 0.947

Saving model with new best validation loss: 13.770

=== EPOCH 94/159 ===
Learning Rate = 8.000000000000001e-06

TRAIN losses
Total Loss  |Smoke Loss  |Fire Loss   
------------ ------------ ------------
10.513      |6.934       |3.579       


VAL losses
Total Loss  |Smoke Loss  |Fire Loss   
------------ ------------ ------------
13.856      |8.471       |5.385       

VAL Metrics
SMOKE -> Precision: 0.952 - Recall: 0.956 - Accuracy: 0.955 - F1: 0.954
FIRE -> Precision: 0.951 - Recall: 0.944 - Accuracy: 0.973 - F1: 0.948

=== EPOCH 95/159 ===
Learning Rate = 8.000000000000001e-06

TRAIN losses
Total Loss  |Smoke Loss  |Fire Loss   
------------ ------------ ------------
10.575      |6.832       |3.743       


VAL losses
Total Loss  |Smoke Loss  |Fire Loss   
------------ ------------ ------------
13.846      |8.443       |5.402       

VAL Metrics
SMOKE -> Precision: 0.952 - Recall: 0.957 - Accuracy: 0.956 - F1: 0.954
FIRE -> Precision: 0.949 - Recall: 0.944 - Accuracy: 0.972 - F1: 0.947

=== EPOCH 96/159 ===
Learning Rate = 8.000000000000001e-06

TRAIN losses
Total Loss  |Smoke Loss  |Fire Loss   
------------ ------------ ------------
10.710      |6.995       |3.716       


VAL losses
Total Loss  |Smoke Loss  |Fire Loss   
------------ ------------ ------------
13.802      |8.411       |5.391       

VAL Metrics
SMOKE -> Precision: 0.949 - Recall: 0.957 - Accuracy: 0.955 - F1: 0.953
FIRE -> Precision: 0.950 - Recall: 0.942 - Accuracy: 0.972 - F1: 0.946

=== EPOCH 97/159 ===
Learning Rate = 6.400000000000001e-06

TRAIN losses
Total Loss  |Smoke Loss  |Fire Loss   
------------ ------------ ------------
10.520      |6.914       |3.606       


VAL losses
Total Loss  |Smoke Loss  |Fire Loss   
------------ ------------ ------------
13.875      |8.483       |5.392       

VAL Metrics
SMOKE -> Precision: 0.952 - Recall: 0.957 - Accuracy: 0.956 - F1: 0.955
FIRE -> Precision: 0.950 - Recall: 0.941 - Accuracy: 0.972 - F1: 0.945

=== EPOCH 98/159 ===
Learning Rate = 6.400000000000001e-06

TRAIN losses
Total Loss  |Smoke Loss  |Fire Loss   
------------ ------------ ------------
10.475      |6.907       |3.568       


VAL losses
Total Loss  |Smoke Loss  |Fire Loss   
------------ ------------ ------------
13.837      |8.481       |5.356       

VAL Metrics
SMOKE -> Precision: 0.951 - Recall: 0.956 - Accuracy: 0.955 - F1: 0.954
FIRE -> Precision: 0.948 - Recall: 0.945 - Accuracy: 0.972 - F1: 0.947

=== EPOCH 99/159 ===
Learning Rate = 6.400000000000001e-06

TRAIN losses
Total Loss  |Smoke Loss  |Fire Loss   
------------ ------------ ------------
10.380      |6.867       |3.513       


VAL losses
Total Loss  |Smoke Loss  |Fire Loss   
------------ ------------ ------------
13.832      |8.461       |5.371       

VAL Metrics
SMOKE -> Precision: 0.951 - Recall: 0.955 - Accuracy: 0.955 - F1: 0.953
FIRE -> Precision: 0.949 - Recall: 0.945 - Accuracy: 0.973 - F1: 0.947

=== EPOCH 100/159 ===
Learning Rate = 5.120000000000002e-06

TRAIN losses
Total Loss  |Smoke Loss  |Fire Loss   
------------ ------------ ------------
10.481      |6.784       |3.697       


VAL losses
Total Loss  |Smoke Loss  |Fire Loss   
------------ ------------ ------------
13.833      |8.471       |5.362       

VAL Metrics
SMOKE -> Precision: 0.951 - Recall: 0.959 - Accuracy: 0.956 - F1: 0.955
FIRE -> Precision: 0.950 - Recall: 0.943 - Accuracy: 0.972 - F1: 0.947

=== EPOCH 101/159 ===
Learning Rate = 5.120000000000002e-06

TRAIN losses
Total Loss  |Smoke Loss  |Fire Loss   
------------ ------------ ------------
10.320      |6.754       |3.567       


VAL losses
Total Loss  |Smoke Loss  |Fire Loss   
------------ ------------ ------------
13.777      |8.420       |5.356       

VAL Metrics
SMOKE -> Precision: 0.953 - Recall: 0.957 - Accuracy: 0.956 - F1: 0.955
FIRE -> Precision: 0.950 - Recall: 0.942 - Accuracy: 0.972 - F1: 0.946

=== EPOCH 102/159 ===
Learning Rate = 5.120000000000002e-06

TRAIN losses
Total Loss  |Smoke Loss  |Fire Loss   
------------ ------------ ------------
10.301      |6.699       |3.603       


VAL losses
Total Loss  |Smoke Loss  |Fire Loss   
------------ ------------ ------------
13.763      |8.408       |5.356       

VAL Metrics
SMOKE -> Precision: 0.950 - Recall: 0.958 - Accuracy: 0.955 - F1: 0.954
FIRE -> Precision: 0.949 - Recall: 0.944 - Accuracy: 0.972 - F1: 0.947

Saving model with new best validation loss: 13.763

=== EPOCH 103/159 ===
Learning Rate = 5.120000000000002e-06

TRAIN losses
Total Loss  |Smoke Loss  |Fire Loss   
------------ ------------ ------------
10.154      |6.715       |3.439       


VAL losses
Total Loss  |Smoke Loss  |Fire Loss   
------------ ------------ ------------
13.718      |8.348       |5.369       

VAL Metrics
SMOKE -> Precision: 0.950 - Recall: 0.960 - Accuracy: 0.957 - F1: 0.955
FIRE -> Precision: 0.949 - Recall: 0.944 - Accuracy: 0.972 - F1: 0.947

Saving model with new best validation loss: 13.718

=== EPOCH 104/159 ===
Learning Rate = 5.120000000000002e-06

TRAIN losses
Total Loss  |Smoke Loss  |Fire Loss   
------------ ------------ ------------
10.194      |6.565       |3.629       


VAL losses
Total Loss  |Smoke Loss  |Fire Loss   
------------ ------------ ------------
13.856      |8.451       |5.405       

VAL Metrics
SMOKE -> Precision: 0.951 - Recall: 0.956 - Accuracy: 0.955 - F1: 0.953
FIRE -> Precision: 0.949 - Recall: 0.946 - Accuracy: 0.973 - F1: 0.947

=== EPOCH 105/159 ===
Learning Rate = 5.120000000000002e-06

TRAIN losses
Total Loss  |Smoke Loss  |Fire Loss   
------------ ------------ ------------
10.349      |6.729       |3.620       


VAL losses
Total Loss  |Smoke Loss  |Fire Loss   
------------ ------------ ------------
13.714      |8.330       |5.384       

VAL Metrics
SMOKE -> Precision: 0.951 - Recall: 0.958 - Accuracy: 0.956 - F1: 0.955
FIRE -> Precision: 0.949 - Recall: 0.943 - Accuracy: 0.972 - F1: 0.946

Saving model with new best validation loss: 13.714

=== EPOCH 106/159 ===
Learning Rate = 5.120000000000002e-06

TRAIN losses
Total Loss  |Smoke Loss  |Fire Loss   
------------ ------------ ------------
10.284      |6.605       |3.679       


VAL losses
Total Loss  |Smoke Loss  |Fire Loss   
------------ ------------ ------------
13.774      |8.389       |5.384       

VAL Metrics
SMOKE -> Precision: 0.950 - Recall: 0.959 - Accuracy: 0.956 - F1: 0.954
FIRE -> Precision: 0.950 - Recall: 0.943 - Accuracy: 0.972 - F1: 0.947

=== EPOCH 107/159 ===
Learning Rate = 5.120000000000002e-06

TRAIN losses
Total Loss  |Smoke Loss  |Fire Loss   
------------ ------------ ------------
9.951       |6.498       |3.452       


VAL losses
Total Loss  |Smoke Loss  |Fire Loss   
------------ ------------ ------------
13.684      |8.292       |5.391       

VAL Metrics
SMOKE -> Precision: 0.951 - Recall: 0.959 - Accuracy: 0.956 - F1: 0.955
FIRE -> Precision: 0.949 - Recall: 0.945 - Accuracy: 0.973 - F1: 0.947

Saving model with new best validation loss: 13.684

=== EPOCH 108/159 ===
Learning Rate = 5.120000000000002e-06

TRAIN losses
Total Loss  |Smoke Loss  |Fire Loss   
------------ ------------ ------------
10.059      |6.530       |3.530       


VAL losses
Total Loss  |Smoke Loss  |Fire Loss   
------------ ------------ ------------
13.660      |8.277       |5.383       

VAL Metrics
SMOKE -> Precision: 0.951 - Recall: 0.959 - Accuracy: 0.957 - F1: 0.955
FIRE -> Precision: 0.948 - Recall: 0.943 - Accuracy: 0.972 - F1: 0.946

Saving model with new best validation loss: 13.660

=== EPOCH 109/159 ===
Learning Rate = 5.120000000000002e-06

TRAIN losses
Total Loss  |Smoke Loss  |Fire Loss   
------------ ------------ ------------
10.268      |6.728       |3.539       


VAL losses
Total Loss  |Smoke Loss  |Fire Loss   
------------ ------------ ------------
13.792      |8.399       |5.393       

VAL Metrics
SMOKE -> Precision: 0.950 - Recall: 0.958 - Accuracy: 0.955 - F1: 0.954
FIRE -> Precision: 0.949 - Recall: 0.944 - Accuracy: 0.972 - F1: 0.947

=== EPOCH 110/159 ===
Learning Rate = 5.120000000000002e-06

TRAIN losses
Total Loss  |Smoke Loss  |Fire Loss   
------------ ------------ ------------
9.922       |6.526       |3.396       


VAL losses
Total Loss  |Smoke Loss  |Fire Loss   
------------ ------------ ------------
13.792      |8.389       |5.403       

VAL Metrics
SMOKE -> Precision: 0.950 - Recall: 0.961 - Accuracy: 0.957 - F1: 0.955
FIRE -> Precision: 0.949 - Recall: 0.943 - Accuracy: 0.972 - F1: 0.946

=== EPOCH 111/159 ===
Learning Rate = 5.120000000000002e-06

TRAIN losses
Total Loss  |Smoke Loss  |Fire Loss   
------------ ------------ ------------
9.873       |6.519       |3.354       


VAL losses
Total Loss  |Smoke Loss  |Fire Loss   
------------ ------------ ------------
13.759      |8.358       |5.400       

VAL Metrics
SMOKE -> Precision: 0.951 - Recall: 0.959 - Accuracy: 0.957 - F1: 0.955
FIRE -> Precision: 0.949 - Recall: 0.943 - Accuracy: 0.972 - F1: 0.946

=== EPOCH 112/159 ===
Learning Rate = 4.096000000000002e-06

TRAIN losses
Total Loss  |Smoke Loss  |Fire Loss   
------------ ------------ ------------
9.729       |6.393       |3.336       


VAL losses
Total Loss  |Smoke Loss  |Fire Loss   
------------ ------------ ------------
13.750      |8.363       |5.388       

VAL Metrics
SMOKE -> Precision: 0.949 - Recall: 0.959 - Accuracy: 0.955 - F1: 0.954
FIRE -> Precision: 0.948 - Recall: 0.945 - Accuracy: 0.972 - F1: 0.947

=== EPOCH 113/159 ===
Learning Rate = 4.096000000000002e-06

TRAIN losses
Total Loss  |Smoke Loss  |Fire Loss   
------------ ------------ ------------
9.440       |6.164       |3.276       


VAL losses
Total Loss  |Smoke Loss  |Fire Loss   
------------ ------------ ------------
13.814      |8.385       |5.429       

VAL Metrics
SMOKE -> Precision: 0.950 - Recall: 0.958 - Accuracy: 0.955 - F1: 0.954
FIRE -> Precision: 0.950 - Recall: 0.945 - Accuracy: 0.973 - F1: 0.948

=== EPOCH 114/159 ===
Learning Rate = 4.096000000000002e-06

TRAIN losses
Total Loss  |Smoke Loss  |Fire Loss   
------------ ------------ ------------
9.464       |6.205       |3.259       


VAL losses
Total Loss  |Smoke Loss  |Fire Loss   
------------ ------------ ------------
13.818      |8.385       |5.432       

VAL Metrics
SMOKE -> Precision: 0.950 - Recall: 0.955 - Accuracy: 0.955 - F1: 0.953
FIRE -> Precision: 0.948 - Recall: 0.944 - Accuracy: 0.972 - F1: 0.946

=== EPOCH 115/159 ===
Learning Rate = 3.276800000000002e-06

TRAIN losses
Total Loss  |Smoke Loss  |Fire Loss   
------------ ------------ ------------
9.565       |6.189       |3.376       


VAL losses
Total Loss  |Smoke Loss  |Fire Loss   
------------ ------------ ------------
13.788      |8.360       |5.428       

VAL Metrics
SMOKE -> Precision: 0.949 - Recall: 0.957 - Accuracy: 0.955 - F1: 0.953
FIRE -> Precision: 0.949 - Recall: 0.944 - Accuracy: 0.972 - F1: 0.947

=== EPOCH 116/159 ===
Learning Rate = 3.276800000000002e-06

TRAIN losses
Total Loss  |Smoke Loss  |Fire Loss   
------------ ------------ ------------
9.794       |6.430       |3.364       


VAL losses
Total Loss  |Smoke Loss  |Fire Loss   
------------ ------------ ------------
13.738      |8.313       |5.424       

VAL Metrics
SMOKE -> Precision: 0.951 - Recall: 0.958 - Accuracy: 0.956 - F1: 0.954
FIRE -> Precision: 0.949 - Recall: 0.944 - Accuracy: 0.972 - F1: 0.947

=== EPOCH 117/159 ===
Learning Rate = 3.276800000000002e-06

TRAIN losses
Total Loss  |Smoke Loss  |Fire Loss   
------------ ------------ ------------
9.730       |6.437       |3.292       


VAL losses
Total Loss  |Smoke Loss  |Fire Loss   
------------ ------------ ------------
13.758      |8.331       |5.428       

VAL Metrics
SMOKE -> Precision: 0.952 - Recall: 0.957 - Accuracy: 0.956 - F1: 0.955
FIRE -> Precision: 0.948 - Recall: 0.945 - Accuracy: 0.972 - F1: 0.947

=== EPOCH 118/159 ===
Learning Rate = 2.6214400000000015e-06

TRAIN losses
Total Loss  |Smoke Loss  |Fire Loss   
------------ ------------ ------------
9.403       |6.272       |3.132       


VAL losses
Total Loss  |Smoke Loss  |Fire Loss   
------------ ------------ ------------
13.759      |8.335       |5.424       

VAL Metrics
SMOKE -> Precision: 0.951 - Recall: 0.958 - Accuracy: 0.956 - F1: 0.955
FIRE -> Precision: 0.949 - Recall: 0.945 - Accuracy: 0.973 - F1: 0.947

=== EPOCH 119/159 ===
Learning Rate = 2.6214400000000015e-06

TRAIN losses
Total Loss  |Smoke Loss  |Fire Loss   
------------ ------------ ------------
9.283       |6.068       |3.215       


VAL losses
Total Loss  |Smoke Loss  |Fire Loss   
------------ ------------ ------------
13.825      |8.395       |5.430       

VAL Metrics
SMOKE -> Precision: 0.951 - Recall: 0.958 - Accuracy: 0.956 - F1: 0.954
FIRE -> Precision: 0.949 - Recall: 0.945 - Accuracy: 0.973 - F1: 0.947

=== EPOCH 120/159 ===
Learning Rate = 2.6214400000000015e-06

TRAIN losses
Total Loss  |Smoke Loss  |Fire Loss   
------------ ------------ ------------
9.346       |6.148       |3.197       


VAL losses
Total Loss  |Smoke Loss  |Fire Loss   
------------ ------------ ------------
13.804      |8.372       |5.432       

VAL Metrics
SMOKE -> Precision: 0.950 - Recall: 0.958 - Accuracy: 0.956 - F1: 0.954
FIRE -> Precision: 0.949 - Recall: 0.945 - Accuracy: 0.973 - F1: 0.947

=== EPOCH 121/159 ===
Learning Rate = 2.0971520000000012e-06

TRAIN losses
Total Loss  |Smoke Loss  |Fire Loss   
------------ ------------ ------------
9.431       |6.200       |3.231       


VAL losses
Total Loss  |Smoke Loss  |Fire Loss   
------------ ------------ ------------
13.780      |8.346       |5.434       

VAL Metrics
SMOKE -> Precision: 0.951 - Recall: 0.959 - Accuracy: 0.956 - F1: 0.955
FIRE -> Precision: 0.950 - Recall: 0.944 - Accuracy: 0.973 - F1: 0.947

=== EPOCH 122/159 ===
Learning Rate = 2.0971520000000012e-06

TRAIN losses
Total Loss  |Smoke Loss  |Fire Loss   
------------ ------------ ------------
9.309       |6.080       |3.229       


VAL losses
Total Loss  |Smoke Loss  |Fire Loss   
------------ ------------ ------------
13.780      |8.336       |5.445       

VAL Metrics
SMOKE -> Precision: 0.951 - Recall: 0.958 - Accuracy: 0.956 - F1: 0.955
FIRE -> Precision: 0.949 - Recall: 0.945 - Accuracy: 0.973 - F1: 0.947

=== EPOCH 123/159 ===
Learning Rate = 2.0971520000000012e-06

TRAIN losses
Total Loss  |Smoke Loss  |Fire Loss   
------------ ------------ ------------
9.347       |6.138       |3.209       


VAL losses
Total Loss  |Smoke Loss  |Fire Loss   
------------ ------------ ------------
13.732      |8.300       |5.432       

VAL Metrics
SMOKE -> Precision: 0.952 - Recall: 0.958 - Accuracy: 0.957 - F1: 0.955
FIRE -> Precision: 0.949 - Recall: 0.946 - Accuracy: 0.973 - F1: 0.948

=== EPOCH 124/159 ===
Learning Rate = 1.6777216000000011e-06

TRAIN losses
Total Loss  |Smoke Loss  |Fire Loss   
------------ ------------ ------------
9.254       |6.024       |3.230       


VAL losses
Total Loss  |Smoke Loss  |Fire Loss   
------------ ------------ ------------
13.742      |8.301       |5.441       

VAL Metrics
SMOKE -> Precision: 0.952 - Recall: 0.958 - Accuracy: 0.957 - F1: 0.955
FIRE -> Precision: 0.949 - Recall: 0.947 - Accuracy: 0.973 - F1: 0.948

=== EPOCH 125/159 ===
Learning Rate = 1.6777216000000011e-06

TRAIN losses
Total Loss  |Smoke Loss  |Fire Loss   
------------ ------------ ------------
9.440       |6.295       |3.146       


VAL losses
Total Loss  |Smoke Loss  |Fire Loss   
------------ ------------ ------------
13.747      |8.295       |5.452       

VAL Metrics
SMOKE -> Precision: 0.952 - Recall: 0.958 - Accuracy: 0.957 - F1: 0.955
FIRE -> Precision: 0.949 - Recall: 0.946 - Accuracy: 0.973 - F1: 0.947

=== EPOCH 126/159 ===
Learning Rate = 1.6777216000000011e-06

TRAIN losses
Total Loss  |Smoke Loss  |Fire Loss   
------------ ------------ ------------
9.438       |6.174       |3.264       


VAL losses
Total Loss  |Smoke Loss  |Fire Loss   
------------ ------------ ------------
13.736      |8.304       |5.432       

VAL Metrics
SMOKE -> Precision: 0.951 - Recall: 0.958 - Accuracy: 0.956 - F1: 0.955
FIRE -> Precision: 0.951 - Recall: 0.945 - Accuracy: 0.973 - F1: 0.948

=== EPOCH 127/159 ===
Learning Rate = 1.342177280000001e-06

TRAIN losses
Total Loss  |Smoke Loss  |Fire Loss   
------------ ------------ ------------
9.217       |5.990       |3.226       


VAL losses
Total Loss  |Smoke Loss  |Fire Loss   
------------ ------------ ------------
13.721      |8.273       |5.448       

VAL Metrics
SMOKE -> Precision: 0.952 - Recall: 0.959 - Accuracy: 0.957 - F1: 0.956
FIRE -> Precision: 0.950 - Recall: 0.945 - Accuracy: 0.973 - F1: 0.948

=== EPOCH 128/159 ===
Learning Rate = 1.342177280000001e-06

TRAIN losses
Total Loss  |Smoke Loss  |Fire Loss   
------------ ------------ ------------
9.472       |6.115       |3.357       


VAL losses
Total Loss  |Smoke Loss  |Fire Loss   
------------ ------------ ------------
13.732      |8.294       |5.438       

VAL Metrics
SMOKE -> Precision: 0.951 - Recall: 0.958 - Accuracy: 0.956 - F1: 0.954
FIRE -> Precision: 0.950 - Recall: 0.945 - Accuracy: 0.973 - F1: 0.948

=== EPOCH 129/159 ===
Learning Rate = 1.342177280000001e-06

TRAIN losses
Total Loss  |Smoke Loss  |Fire Loss   
------------ ------------ ------------
8.971       |5.982       |2.989       


VAL losses
Total Loss  |Smoke Loss  |Fire Loss   
------------ ------------ ------------
13.752      |8.308       |5.445       

VAL Metrics
SMOKE -> Precision: 0.952 - Recall: 0.957 - Accuracy: 0.956 - F1: 0.955
FIRE -> Precision: 0.951 - Recall: 0.945 - Accuracy: 0.973 - F1: 0.948

=== EPOCH 130/159 ===
Learning Rate = 1.073741824000001e-06

TRAIN losses
Total Loss  |Smoke Loss  |Fire Loss   
------------ ------------ ------------
9.435       |6.126       |3.309       


VAL losses
Total Loss  |Smoke Loss  |Fire Loss   
------------ ------------ ------------
13.722      |8.292       |5.430       

VAL Metrics
SMOKE -> Precision: 0.952 - Recall: 0.958 - Accuracy: 0.957 - F1: 0.955
FIRE -> Precision: 0.950 - Recall: 0.944 - Accuracy: 0.973 - F1: 0.947

=== EPOCH 131/159 ===
Learning Rate = 1.073741824000001e-06

TRAIN losses
Total Loss  |Smoke Loss  |Fire Loss   
------------ ------------ ------------
9.102       |5.999       |3.103       


VAL losses
Total Loss  |Smoke Loss  |Fire Loss   
------------ ------------ ------------
13.727      |8.286       |5.442       

VAL Metrics
SMOKE -> Precision: 0.952 - Recall: 0.959 - Accuracy: 0.957 - F1: 0.956
FIRE -> Precision: 0.950 - Recall: 0.945 - Accuracy: 0.973 - F1: 0.948

=== EPOCH 132/159 ===
Learning Rate = 1.073741824000001e-06

TRAIN losses
Total Loss  |Smoke Loss  |Fire Loss   
------------ ------------ ------------
9.245       |6.097       |3.148       


VAL losses
Total Loss  |Smoke Loss  |Fire Loss   
------------ ------------ ------------
13.731      |8.282       |5.449       

VAL Metrics
SMOKE -> Precision: 0.952 - Recall: 0.958 - Accuracy: 0.957 - F1: 0.955
FIRE -> Precision: 0.950 - Recall: 0.945 - Accuracy: 0.973 - F1: 0.948

=== EPOCH 133/159 ===
Learning Rate = 8.589934592000008e-07

TRAIN losses
Total Loss  |Smoke Loss  |Fire Loss   
------------ ------------ ------------
9.460       |6.226       |3.234       


VAL losses
Total Loss  |Smoke Loss  |Fire Loss   
------------ ------------ ------------
13.744      |8.295       |5.450       

VAL Metrics
SMOKE -> Precision: 0.951 - Recall: 0.959 - Accuracy: 0.957 - F1: 0.955
FIRE -> Precision: 0.951 - Recall: 0.946 - Accuracy: 0.973 - F1: 0.949

=== EPOCH 134/159 ===
Learning Rate = 8.589934592000008e-07

TRAIN losses
Total Loss  |Smoke Loss  |Fire Loss   
------------ ------------ ------------
9.379       |6.118       |3.261       


VAL losses
Total Loss  |Smoke Loss  |Fire Loss   
------------ ------------ ------------
13.753      |8.296       |5.457       

VAL Metrics
SMOKE -> Precision: 0.952 - Recall: 0.958 - Accuracy: 0.957 - F1: 0.955
FIRE -> Precision: 0.951 - Recall: 0.945 - Accuracy: 0.973 - F1: 0.948

=== EPOCH 135/159 ===
Learning Rate = 8.589934592000008e-07

TRAIN losses
Total Loss  |Smoke Loss  |Fire Loss   
------------ ------------ ------------
9.187       |6.072       |3.116       


VAL losses
Total Loss  |Smoke Loss  |Fire Loss   
------------ ------------ ------------
13.726      |8.279       |5.447       

VAL Metrics
SMOKE -> Precision: 0.953 - Recall: 0.958 - Accuracy: 0.957 - F1: 0.955
FIRE -> Precision: 0.952 - Recall: 0.944 - Accuracy: 0.973 - F1: 0.948

=== EPOCH 136/159 ===
Learning Rate = 6.871947673600007e-07

TRAIN losses
Total Loss  |Smoke Loss  |Fire Loss   
------------ ------------ ------------
9.284       |6.137       |3.148       


VAL losses
Total Loss  |Smoke Loss  |Fire Loss   
------------ ------------ ------------
13.713      |8.260       |5.452       

VAL Metrics
SMOKE -> Precision: 0.953 - Recall: 0.959 - Accuracy: 0.957 - F1: 0.956
FIRE -> Precision: 0.951 - Recall: 0.945 - Accuracy: 0.973 - F1: 0.948

=== EPOCH 137/159 ===
Learning Rate = 6.871947673600007e-07

TRAIN losses
Total Loss  |Smoke Loss  |Fire Loss   
------------ ------------ ------------
9.084       |5.874       |3.210       


VAL losses
Total Loss  |Smoke Loss  |Fire Loss   
------------ ------------ ------------
13.722      |8.279       |5.443       

VAL Metrics
SMOKE -> Precision: 0.953 - Recall: 0.959 - Accuracy: 0.957 - F1: 0.956
FIRE -> Precision: 0.951 - Recall: 0.945 - Accuracy: 0.973 - F1: 0.948

=== EPOCH 138/159 ===
Learning Rate = 6.871947673600007e-07

TRAIN losses
Total Loss  |Smoke Loss  |Fire Loss   
------------ ------------ ------------
9.135       |5.874       |3.261       


VAL losses
Total Loss  |Smoke Loss  |Fire Loss   
------------ ------------ ------------
13.714      |8.275       |5.440       

VAL Metrics
SMOKE -> Precision: 0.953 - Recall: 0.959 - Accuracy: 0.957 - F1: 0.956
FIRE -> Precision: 0.951 - Recall: 0.945 - Accuracy: 0.973 - F1: 0.948

=== EPOCH 139/159 ===
Learning Rate = 5.497558138880006e-07

TRAIN losses
Total Loss  |Smoke Loss  |Fire Loss   
------------ ------------ ------------
9.090       |5.981       |3.108       


VAL losses
Total Loss  |Smoke Loss  |Fire Loss   
------------ ------------ ------------
13.718      |8.271       |5.447       

VAL Metrics
SMOKE -> Precision: 0.953 - Recall: 0.959 - Accuracy: 0.958 - F1: 0.956
FIRE -> Precision: 0.950 - Recall: 0.945 - Accuracy: 0.973 - F1: 0.948

=== EPOCH 140/159 ===
Learning Rate = 5.497558138880006e-07

TRAIN losses
Total Loss  |Smoke Loss  |Fire Loss   
------------ ------------ ------------
9.386       |6.110       |3.276       


VAL losses
Total Loss  |Smoke Loss  |Fire Loss   
------------ ------------ ------------
13.760      |8.310       |5.450       

VAL Metrics
SMOKE -> Precision: 0.953 - Recall: 0.959 - Accuracy: 0.957 - F1: 0.956
FIRE -> Precision: 0.951 - Recall: 0.945 - Accuracy: 0.973 - F1: 0.948

=== EPOCH 141/159 ===
Learning Rate = 5.497558138880006e-07

TRAIN losses
Total Loss  |Smoke Loss  |Fire Loss   
------------ ------------ ------------
9.236       |6.043       |3.192       


VAL losses
Total Loss  |Smoke Loss  |Fire Loss   
------------ ------------ ------------
13.726      |8.285       |5.441       

VAL Metrics
SMOKE -> Precision: 0.952 - Recall: 0.958 - Accuracy: 0.957 - F1: 0.955
FIRE -> Precision: 0.953 - Recall: 0.944 - Accuracy: 0.973 - F1: 0.948

=== EPOCH 142/159 ===
Learning Rate = 4.3980465111040047e-07

TRAIN losses
Total Loss  |Smoke Loss  |Fire Loss   
------------ ------------ ------------
9.056       |6.031       |3.026       


VAL losses
Total Loss  |Smoke Loss  |Fire Loss   
------------ ------------ ------------
13.724      |8.286       |5.438       

VAL Metrics
SMOKE -> Precision: 0.952 - Recall: 0.959 - Accuracy: 0.957 - F1: 0.956
FIRE -> Precision: 0.951 - Recall: 0.945 - Accuracy: 0.973 - F1: 0.948

=== EPOCH 143/159 ===
Learning Rate = 4.3980465111040047e-07

TRAIN losses
Total Loss  |Smoke Loss  |Fire Loss   
------------ ------------ ------------
9.372       |6.100       |3.272       


VAL losses
Total Loss  |Smoke Loss  |Fire Loss   
------------ ------------ ------------
13.715      |8.269       |5.446       

VAL Metrics
SMOKE -> Precision: 0.952 - Recall: 0.960 - Accuracy: 0.958 - F1: 0.956
FIRE -> Precision: 0.949 - Recall: 0.946 - Accuracy: 0.973 - F1: 0.948

=== EPOCH 144/159 ===
Learning Rate = 4.3980465111040047e-07

TRAIN losses
Total Loss  |Smoke Loss  |Fire Loss   
------------ ------------ ------------
8.916       |5.857       |3.059       


VAL losses
Total Loss  |Smoke Loss  |Fire Loss   
------------ ------------ ------------
13.729      |8.283       |5.447       

VAL Metrics
SMOKE -> Precision: 0.953 - Recall: 0.959 - Accuracy: 0.958 - F1: 0.956
FIRE -> Precision: 0.952 - Recall: 0.944 - Accuracy: 0.973 - F1: 0.948

=== EPOCH 145/159 ===
Learning Rate = 3.518437208883204e-07

TRAIN losses
Total Loss  |Smoke Loss  |Fire Loss   
------------ ------------ ------------
9.121       |6.039       |3.082       


VAL losses
Total Loss  |Smoke Loss  |Fire Loss   
------------ ------------ ------------
13.712      |8.267       |5.445       

VAL Metrics
SMOKE -> Precision: 0.952 - Recall: 0.959 - Accuracy: 0.957 - F1: 0.956
FIRE -> Precision: 0.951 - Recall: 0.944 - Accuracy: 0.973 - F1: 0.948

=== EPOCH 146/159 ===
Learning Rate = 3.518437208883204e-07

TRAIN losses
Total Loss  |Smoke Loss  |Fire Loss   
------------ ------------ ------------
8.732       |5.723       |3.009       


VAL losses
Total Loss  |Smoke Loss  |Fire Loss   
------------ ------------ ------------
13.716      |8.264       |5.452       

VAL Metrics
SMOKE -> Precision: 0.953 - Recall: 0.959 - Accuracy: 0.957 - F1: 0.956
FIRE -> Precision: 0.953 - Recall: 0.944 - Accuracy: 0.973 - F1: 0.948

=== EPOCH 147/159 ===
Learning Rate = 3.518437208883204e-07

TRAIN losses
Total Loss  |Smoke Loss  |Fire Loss   
------------ ------------ ------------
9.022       |5.853       |3.169       


VAL losses
Total Loss  |Smoke Loss  |Fire Loss   
------------ ------------ ------------
13.705      |8.260       |5.445       

VAL Metrics
SMOKE -> Precision: 0.953 - Recall: 0.959 - Accuracy: 0.958 - F1: 0.956
FIRE -> Precision: 0.951 - Recall: 0.944 - Accuracy: 0.973 - F1: 0.948

=== EPOCH 148/159 ===
Learning Rate = 2.8147497671065634e-07

TRAIN losses
Total Loss  |Smoke Loss  |Fire Loss   
------------ ------------ ------------
9.404       |6.226       |3.177       


VAL losses
Total Loss  |Smoke Loss  |Fire Loss   
------------ ------------ ------------
13.701      |8.259       |5.442       

VAL Metrics
SMOKE -> Precision: 0.952 - Recall: 0.959 - Accuracy: 0.957 - F1: 0.956
FIRE -> Precision: 0.951 - Recall: 0.946 - Accuracy: 0.973 - F1: 0.949

=== EPOCH 149/159 ===
Learning Rate = 2.8147497671065634e-07

TRAIN losses
Total Loss  |Smoke Loss  |Fire Loss   
------------ ------------ ------------
9.126       |5.967       |3.159       


VAL losses
Total Loss  |Smoke Loss  |Fire Loss   
------------ ------------ ------------
13.709      |8.265       |5.444       

VAL Metrics
SMOKE -> Precision: 0.953 - Recall: 0.959 - Accuracy: 0.957 - F1: 0.956
FIRE -> Precision: 0.951 - Recall: 0.945 - Accuracy: 0.973 - F1: 0.948

=== EPOCH 150/159 ===
Learning Rate = 2.8147497671065634e-07

TRAIN losses
Total Loss  |Smoke Loss  |Fire Loss   
------------ ------------ ------------
9.177       |5.992       |3.186       


VAL losses
Total Loss  |Smoke Loss  |Fire Loss   
------------ ------------ ------------
13.731      |8.280       |5.451       

VAL Metrics
SMOKE -> Precision: 0.953 - Recall: 0.958 - Accuracy: 0.957 - F1: 0.956
FIRE -> Precision: 0.952 - Recall: 0.945 - Accuracy: 0.973 - F1: 0.948

=== EPOCH 151/159 ===
Learning Rate = 2.2517998136852508e-07

TRAIN losses
Total Loss  |Smoke Loss  |Fire Loss   
------------ ------------ ------------
9.087       |5.887       |3.200       


VAL losses
Total Loss  |Smoke Loss  |Fire Loss   
------------ ------------ ------------
13.715      |8.270       |5.445       

VAL Metrics
SMOKE -> Precision: 0.953 - Recall: 0.958 - Accuracy: 0.957 - F1: 0.956
FIRE -> Precision: 0.951 - Recall: 0.944 - Accuracy: 0.973 - F1: 0.948

=== EPOCH 152/159 ===
Learning Rate = 2.2517998136852508e-07

TRAIN losses
Total Loss  |Smoke Loss  |Fire Loss   
------------ ------------ ------------
9.257       |5.997       |3.260       


VAL losses
Total Loss  |Smoke Loss  |Fire Loss   
------------ ------------ ------------
13.731      |8.282       |5.449       

VAL Metrics
SMOKE -> Precision: 0.952 - Recall: 0.958 - Accuracy: 0.957 - F1: 0.955
FIRE -> Precision: 0.953 - Recall: 0.944 - Accuracy: 0.973 - F1: 0.948

=== EPOCH 153/159 ===
Learning Rate = 2.2517998136852508e-07

TRAIN losses
Total Loss  |Smoke Loss  |Fire Loss   
------------ ------------ ------------
9.225       |6.114       |3.110       


VAL losses
Total Loss  |Smoke Loss  |Fire Loss   
------------ ------------ ------------
13.727      |8.282       |5.445       

VAL Metrics
SMOKE -> Precision: 0.953 - Recall: 0.959 - Accuracy: 0.957 - F1: 0.956
FIRE -> Precision: 0.951 - Recall: 0.945 - Accuracy: 0.973 - F1: 0.948

=== EPOCH 154/159 ===
Learning Rate = 1.8014398509482007e-07

TRAIN losses
Total Loss  |Smoke Loss  |Fire Loss   
------------ ------------ ------------
9.167       |6.100       |3.067       


VAL losses
Total Loss  |Smoke Loss  |Fire Loss   
------------ ------------ ------------
13.711      |8.274       |5.437       

VAL Metrics
SMOKE -> Precision: 0.953 - Recall: 0.958 - Accuracy: 0.957 - F1: 0.956
FIRE -> Precision: 0.952 - Recall: 0.945 - Accuracy: 0.973 - F1: 0.948

=== EPOCH 155/159 ===
Learning Rate = 1.8014398509482007e-07

TRAIN losses
Total Loss  |Smoke Loss  |Fire Loss   
------------ ------------ ------------
9.238       |5.999       |3.239       


VAL losses
Total Loss  |Smoke Loss  |Fire Loss   
------------ ------------ ------------
13.720      |8.269       |5.451       

VAL Metrics
SMOKE -> Precision: 0.953 - Recall: 0.959 - Accuracy: 0.957 - F1: 0.956
FIRE -> Precision: 0.950 - Recall: 0.945 - Accuracy: 0.973 - F1: 0.948

=== EPOCH 156/159 ===
Learning Rate = 1.8014398509482007e-07

TRAIN losses
Total Loss  |Smoke Loss  |Fire Loss   
------------ ------------ ------------
9.058       |5.987       |3.071       


VAL losses
Total Loss  |Smoke Loss  |Fire Loss   
------------ ------------ ------------
13.744      |8.288       |5.456       

VAL Metrics
SMOKE -> Precision: 0.953 - Recall: 0.957 - Accuracy: 0.957 - F1: 0.955
FIRE -> Precision: 0.950 - Recall: 0.945 - Accuracy: 0.973 - F1: 0.948

=== EPOCH 157/159 ===
Learning Rate = 1.4411518807585607e-07

TRAIN losses
Total Loss  |Smoke Loss  |Fire Loss   
------------ ------------ ------------
9.250       |6.176       |3.074       


VAL losses
Total Loss  |Smoke Loss  |Fire Loss   
------------ ------------ ------------
13.731      |8.282       |5.449       

VAL Metrics
SMOKE -> Precision: 0.953 - Recall: 0.959 - Accuracy: 0.957 - F1: 0.956
FIRE -> Precision: 0.951 - Recall: 0.945 - Accuracy: 0.973 - F1: 0.948

=== EPOCH 158/159 ===
Learning Rate = 1.4411518807585607e-07

TRAIN losses
Total Loss  |Smoke Loss  |Fire Loss   
------------ ------------ ------------
8.908       |5.842       |3.066       


VAL losses
Total Loss  |Smoke Loss  |Fire Loss   
------------ ------------ ------------
13.722      |8.267       |5.455       

VAL Metrics
SMOKE -> Precision: 0.953 - Recall: 0.958 - Accuracy: 0.957 - F1: 0.955
FIRE -> Precision: 0.951 - Recall: 0.944 - Accuracy: 0.973 - F1: 0.948

=== EPOCH 159/159 ===
Learning Rate = 1.4411518807585607e-07

TRAIN losses
Total Loss  |Smoke Loss  |Fire Loss   
------------ ------------ ------------
9.234       |6.023       |3.212       


VAL losses
Total Loss  |Smoke Loss  |Fire Loss   
------------ ------------ ------------
13.714      |8.265       |5.448       

VAL Metrics
SMOKE -> Precision: 0.953 - Recall: 0.959 - Accuracy: 0.957 - F1: 0.956
FIRE -> Precision: 0.950 - Recall: 0.946 - Accuracy: 0.973 - F1: 0.948
Saving last model

***Script finished: 20:08:26

Time elapsed: 1:02:37.876521
