BED Classifier XS Tiny. Only One Head. Weighted for Precision.
DFire Removed wrong images: 0
DFire empty images: 31
DFire only smoke images: 17
DFire only fire images: 2
DFire smoke and fire images: 14

TRAIN DFIRE dataset
DFire Removed wrong images: 0
DFire empty images: 7833
DFire only smoke images: 4681
DFire only fire images: 944
DFire smoke and fire images: 3763
Train dataset len: 17221

TEST DFire dataset
DFire Removed wrong images: 0
DFire empty images: 2005
DFire only smoke images: 1186
DFire only fire images: 220
DFire smoke and fire images: 895
Test dataset len: 4306
Using BED Classifier
Model shape is tensor([[-0.0074, -0.0635],
        [-0.0221, -0.1332],
        [-0.0753, -0.0047],
        [-0.0079, -0.1189]], device='cuda:0', grad_fn=<AddmmBackward0>)
BED Model Arquitecture
BED_CLASSIFIER(
  (model): Sequential(
    (0): Conv2d(3, 64, kernel_size=(3, 3), stride=(1, 1), padding=(1, 1), bias=False)
    (1): BatchNorm2d(64, eps=1e-05, momentum=0.1, affine=False, track_running_stats=True)
    (2): ReLU()
    (3): Dropout2d(p=0.3, inplace=False)
    (4): MaxPool2d(kernel_size=2, stride=2, padding=0, dilation=1, ceil_mode=False)
    (5): Conv2d(64, 24, kernel_size=(3, 3), stride=(1, 1), padding=(1, 1), bias=False)
    (6): BatchNorm2d(24, eps=1e-05, momentum=0.1, affine=False, track_running_stats=True)
    (7): ReLU()
    (8): Dropout2d(p=0.3, inplace=False)
    (9): MaxPool2d(kernel_size=2, stride=2, padding=0, dilation=1, ceil_mode=False)
    (10): Conv2d(24, 16, kernel_size=(1, 1), stride=(1, 1), bias=False)
    (11): BatchNorm2d(16, eps=1e-05, momentum=0.1, affine=False, track_running_stats=True)
    (12): ReLU()
    (13): Conv2d(16, 32, kernel_size=(3, 3), stride=(1, 1), padding=(1, 1), bias=False)
    (14): BatchNorm2d(32, eps=1e-05, momentum=0.1, affine=False, track_running_stats=True)
    (15): ReLU()
    (16): Conv2d(32, 32, kernel_size=(1, 1), stride=(1, 1), bias=False)
    (17): BatchNorm2d(32, eps=1e-05, momentum=0.1, affine=False, track_running_stats=True)
    (18): ReLU()
    (19): Conv2d(32, 64, kernel_size=(3, 3), stride=(1, 1), padding=(1, 1), bias=False)
    (20): BatchNorm2d(64, eps=1e-05, momentum=0.1, affine=False, track_running_stats=True)
    (21): ReLU()
    (22): MaxPool2d(kernel_size=2, stride=2, padding=0, dilation=1, ceil_mode=False)
    (23): Conv2d(64, 32, kernel_size=(1, 1), stride=(1, 1), bias=False)
    (24): BatchNorm2d(32, eps=1e-05, momentum=0.1, affine=False, track_running_stats=True)
    (25): ReLU()
    (26): Conv2d(32, 64, kernel_size=(3, 3), stride=(1, 1), padding=(1, 1), bias=False)
    (27): BatchNorm2d(64, eps=1e-05, momentum=0.1, affine=False, track_running_stats=True)
    (28): ReLU()
    (29): Conv2d(64, 32, kernel_size=(1, 1), stride=(1, 1), bias=False)
    (30): BatchNorm2d(32, eps=1e-05, momentum=0.1, affine=False, track_running_stats=True)
    (31): ReLU()
    (32): Conv2d(32, 64, kernel_size=(3, 3), stride=(1, 1), padding=(1, 1), bias=False)
    (33): BatchNorm2d(64, eps=1e-05, momentum=0.1, affine=False, track_running_stats=True)
    (34): ReLU()
    (35): Conv2d(64, 32, kernel_size=(1, 1), stride=(1, 1), bias=False)
    (36): BatchNorm2d(32, eps=1e-05, momentum=0.1, affine=False, track_running_stats=True)
    (37): ReLU()
    (38): Conv2d(32, 64, kernel_size=(3, 3), stride=(1, 1), padding=(1, 1), bias=False)
    (39): BatchNorm2d(64, eps=1e-05, momentum=0.1, affine=False, track_running_stats=True)
    (40): ReLU()
    (41): AdaptiveAvgPool2d(output_size=(1, 1))
    (42): Flatten(start_dim=1, end_dim=-1)
    (43): Dropout(p=0.2, inplace=False)
    (44): Linear(in_features=64, out_features=16, bias=True)
    (45): ReLU()
    (46): Linear(in_features=16, out_features=2, bias=True)
  )
)

Trainable parameters = 102514
Total parameters = 102514

Starting script

Device: cuda
Learning Rate: 0.001
Weight Decay: 0.0001
Batch Size: 64
IMG DIMS: (224, 224)
W: 224
H: 224
Loss Function: BCE
Smoke Precision Weight: 0.7

***Start Training: 13:46:04

Initializing Weights

=== EPOCH 0/74 ===
Learning Rate = 0.001

TRAIN losses
Total Loss  |Smoke Loss  |Fire Loss   
------------ ------------ ------------
67.334      |36.513      |30.820      


VAL losses
Total Loss  |Smoke Loss  |Fire Loss   
------------ ------------ ------------
60.484      |35.985      |24.499      

VAL Metrics
SMOKE -> Precision: 0.000 - Recall: 0.000 - Accuracy: 0.519 - F1: 0.000
FIRE -> Precision: 0.736 - Recall: 0.537 - Accuracy: 0.830 - F1: 0.621

Saving model with new best validation loss: 60.484

=== EPOCH 1/74 ===
Learning Rate = 0.001

TRAIN losses
Total Loss  |Smoke Loss  |Fire Loss   
------------ ------------ ------------
62.203      |35.816      |26.387      


VAL losses
Total Loss  |Smoke Loss  |Fire Loss   
------------ ------------ ------------
59.039      |36.057      |22.982      

VAL Metrics
SMOKE -> Precision: 0.589 - Recall: 0.203 - Accuracy: 0.548 - F1: 0.301
FIRE -> Precision: 0.782 - Recall: 0.568 - Accuracy: 0.847 - F1: 0.658

Saving model with new best validation loss: 59.039

Saving model with new best smoke precision: 0.589

=== EPOCH 2/74 ===
Learning Rate = 0.001

TRAIN losses
Total Loss  |Smoke Loss  |Fire Loss   
------------ ------------ ------------
60.241      |35.485      |24.756      


VAL losses
Total Loss  |Smoke Loss  |Fire Loss   
------------ ------------ ------------
57.957      |35.177      |22.781      

VAL Metrics
SMOKE -> Precision: 0.605 - Recall: 0.264 - Accuracy: 0.563 - F1: 0.368
FIRE -> Precision: 0.766 - Recall: 0.614 - Accuracy: 0.851 - F1: 0.681

Saving model with new best validation loss: 57.957

Saving model with new best smoke precision: 0.605

=== EPOCH 3/74 ===
Learning Rate = 0.001

TRAIN losses
Total Loss  |Smoke Loss  |Fire Loss   
------------ ------------ ------------
59.048      |35.192      |23.857      


VAL losses
Total Loss  |Smoke Loss  |Fire Loss   
------------ ------------ ------------
56.417      |35.230      |21.187      

VAL Metrics
SMOKE -> Precision: 0.653 - Recall: 0.286 - Accuracy: 0.583 - F1: 0.398
FIRE -> Precision: 0.796 - Recall: 0.634 - Accuracy: 0.863 - F1: 0.706

Saving model with new best validation loss: 56.417

Saving model with new best smoke precision: 0.653

=== EPOCH 4/74 ===
Learning Rate = 0.001

TRAIN losses
Total Loss  |Smoke Loss  |Fire Loss   
------------ ------------ ------------
57.588      |34.919      |22.669      


VAL losses
Total Loss  |Smoke Loss  |Fire Loss   
------------ ------------ ------------
54.439      |34.536      |19.903      

VAL Metrics
SMOKE -> Precision: 0.677 - Recall: 0.368 - Accuracy: 0.612 - F1: 0.477
FIRE -> Precision: 0.774 - Recall: 0.699 - Accuracy: 0.869 - F1: 0.735

Saving model with new best validation loss: 54.439

Saving model with new best smoke precision: 0.677

=== EPOCH 5/74 ===
Learning Rate = 0.001

TRAIN losses
Total Loss  |Smoke Loss  |Fire Loss   
------------ ------------ ------------
56.335      |34.600      |21.734      


VAL losses
Total Loss  |Smoke Loss  |Fire Loss   
------------ ------------ ------------
52.986      |34.025      |18.962      

VAL Metrics
SMOKE -> Precision: 0.693 - Recall: 0.343 - Accuracy: 0.611 - F1: 0.459
FIRE -> Precision: 0.822 - Recall: 0.672 - Accuracy: 0.877 - F1: 0.739

Saving model with new best validation loss: 52.986

Saving model with new best smoke precision: 0.693

=== EPOCH 6/74 ===
Learning Rate = 0.001

TRAIN losses
Total Loss  |Smoke Loss  |Fire Loss   
------------ ------------ ------------
55.228      |34.194      |21.034      


VAL losses
Total Loss  |Smoke Loss  |Fire Loss   
------------ ------------ ------------
52.410      |33.707      |18.703      

VAL Metrics
SMOKE -> Precision: 0.674 - Recall: 0.445 - Accuracy: 0.629 - F1: 0.536
FIRE -> Precision: 0.749 - Recall: 0.814 - Accuracy: 0.881 - F1: 0.780

Saving model with new best validation loss: 52.410

=== EPOCH 7/74 ===
Learning Rate = 0.001

TRAIN losses
Total Loss  |Smoke Loss  |Fire Loss   
------------ ------------ ------------
54.492      |33.953      |20.539      


VAL losses
Total Loss  |Smoke Loss  |Fire Loss   
------------ ------------ ------------
51.514      |33.803      |17.711      

VAL Metrics
SMOKE -> Precision: 0.692 - Recall: 0.382 - Accuracy: 0.621 - F1: 0.493
FIRE -> Precision: 0.820 - Recall: 0.743 - Accuracy: 0.891 - F1: 0.780

Saving model with new best validation loss: 51.514

=== EPOCH 8/74 ===
Learning Rate = 0.001

TRAIN losses
Total Loss  |Smoke Loss  |Fire Loss   
------------ ------------ ------------
53.197      |33.435      |19.762      


VAL losses
Total Loss  |Smoke Loss  |Fire Loss   
------------ ------------ ------------
51.610      |33.263      |18.348      

VAL Metrics
SMOKE -> Precision: 0.717 - Recall: 0.376 - Accuracy: 0.628 - F1: 0.493
FIRE -> Precision: 0.855 - Recall: 0.677 - Accuracy: 0.887 - F1: 0.756

Saving model with new best smoke precision: 0.717

=== EPOCH 9/74 ===
Learning Rate = 0.001

TRAIN losses
Total Loss  |Smoke Loss  |Fire Loss   
------------ ------------ ------------
52.772      |33.265      |19.507      


VAL losses
Total Loss  |Smoke Loss  |Fire Loss   
------------ ------------ ------------
47.902      |31.983      |15.919      

VAL Metrics
SMOKE -> Precision: 0.727 - Recall: 0.470 - Accuracy: 0.660 - F1: 0.571
FIRE -> Precision: 0.833 - Recall: 0.779 - Accuracy: 0.903 - F1: 0.805

Saving model with new best validation loss: 47.902

Saving model with new best smoke precision: 0.727

=== EPOCH 10/74 ===
Learning Rate = 0.001

TRAIN losses
Total Loss  |Smoke Loss  |Fire Loss   
------------ ------------ ------------
51.965      |33.078      |18.887      


VAL losses
Total Loss  |Smoke Loss  |Fire Loss   
------------ ------------ ------------
48.189      |32.044      |16.145      

VAL Metrics
SMOKE -> Precision: 0.711 - Recall: 0.470 - Accuracy: 0.653 - F1: 0.566
FIRE -> Precision: 0.794 - Recall: 0.832 - Accuracy: 0.900 - F1: 0.812

=== EPOCH 11/74 ===
Learning Rate = 0.001

TRAIN losses
Total Loss  |Smoke Loss  |Fire Loss   
------------ ------------ ------------
50.980      |32.494      |18.486      


VAL losses
Total Loss  |Smoke Loss  |Fire Loss   
------------ ------------ ------------
47.560      |31.864      |15.696      

VAL Metrics
SMOKE -> Precision: 0.713 - Recall: 0.466 - Accuracy: 0.653 - F1: 0.564
FIRE -> Precision: 0.816 - Recall: 0.821 - Accuracy: 0.906 - F1: 0.818

Saving model with new best validation loss: 47.560

=== EPOCH 12/74 ===
Learning Rate = 0.001

TRAIN losses
Total Loss  |Smoke Loss  |Fire Loss   
------------ ------------ ------------
49.586      |31.658      |17.928      


VAL losses
Total Loss  |Smoke Loss  |Fire Loss   
------------ ------------ ------------
43.599      |28.392      |15.207      

VAL Metrics
SMOKE -> Precision: 0.817 - Recall: 0.564 - Accuracy: 0.729 - F1: 0.667
FIRE -> Precision: 0.849 - Recall: 0.801 - Accuracy: 0.912 - F1: 0.824

Saving model with new best validation loss: 43.599

Saving model with new best smoke precision: 0.817

=== EPOCH 13/74 ===
Learning Rate = 0.001

TRAIN losses
Total Loss  |Smoke Loss  |Fire Loss   
------------ ------------ ------------
47.704      |30.551      |17.153      


VAL losses
Total Loss  |Smoke Loss  |Fire Loss   
------------ ------------ ------------
42.078      |27.261      |14.817      

VAL Metrics
SMOKE -> Precision: 0.803 - Recall: 0.611 - Accuracy: 0.741 - F1: 0.694
FIRE -> Precision: 0.879 - Recall: 0.775 - Accuracy: 0.914 - F1: 0.824

Saving model with new best validation loss: 42.078

=== EPOCH 14/74 ===
Learning Rate = 0.001

TRAIN losses
Total Loss  |Smoke Loss  |Fire Loss   
------------ ------------ ------------
46.798      |29.860      |16.938      


VAL losses
Total Loss  |Smoke Loss  |Fire Loss   
------------ ------------ ------------
41.602      |27.208      |14.395      

VAL Metrics
SMOKE -> Precision: 0.826 - Recall: 0.557 - Accuracy: 0.731 - F1: 0.666
FIRE -> Precision: 0.903 - Recall: 0.766 - Accuracy: 0.918 - F1: 0.829

Saving model with new best validation loss: 41.602

Saving model with new best smoke precision: 0.826

=== EPOCH 15/74 ===
Learning Rate = 0.001

TRAIN losses
Total Loss  |Smoke Loss  |Fire Loss   
------------ ------------ ------------
46.290      |29.470      |16.820      


VAL losses
Total Loss  |Smoke Loss  |Fire Loss   
------------ ------------ ------------
39.939      |26.068      |13.871      

VAL Metrics
SMOKE -> Precision: 0.827 - Recall: 0.623 - Accuracy: 0.756 - F1: 0.711
FIRE -> Precision: 0.871 - Recall: 0.808 - Accuracy: 0.919 - F1: 0.838

Saving model with new best validation loss: 39.939

Saving model with new best smoke precision: 0.827

=== EPOCH 16/74 ===
Learning Rate = 0.001

TRAIN losses
Total Loss  |Smoke Loss  |Fire Loss   
------------ ------------ ------------
45.155      |28.897      |16.257      


VAL losses
Total Loss  |Smoke Loss  |Fire Loss   
------------ ------------ ------------
39.614      |25.384      |14.230      

VAL Metrics
SMOKE -> Precision: 0.819 - Recall: 0.649 - Accuracy: 0.762 - F1: 0.724
FIRE -> Precision: 0.870 - Recall: 0.785 - Accuracy: 0.914 - F1: 0.825

Saving model with new best validation loss: 39.614

=== EPOCH 17/74 ===
Learning Rate = 0.001

TRAIN losses
Total Loss  |Smoke Loss  |Fire Loss   
------------ ------------ ------------
44.300      |28.327      |15.974      


VAL losses
Total Loss  |Smoke Loss  |Fire Loss   
------------ ------------ ------------
37.731      |24.396      |13.335      

VAL Metrics
SMOKE -> Precision: 0.803 - Recall: 0.757 - Accuracy: 0.794 - F1: 0.779
FIRE -> Precision: 0.842 - Recall: 0.862 - Accuracy: 0.923 - F1: 0.852

Saving model with new best validation loss: 37.731

=== EPOCH 18/74 ===
Learning Rate = 0.001

TRAIN losses
Total Loss  |Smoke Loss  |Fire Loss   
------------ ------------ ------------
43.531      |27.671      |15.860      


VAL losses
Total Loss  |Smoke Loss  |Fire Loss   
------------ ------------ ------------
38.007      |24.706      |13.301      

VAL Metrics
SMOKE -> Precision: 0.835 - Recall: 0.662 - Accuracy: 0.774 - F1: 0.738
FIRE -> Precision: 0.884 - Recall: 0.799 - Accuracy: 0.921 - F1: 0.840

Saving model with new best smoke precision: 0.835

=== EPOCH 19/74 ===
Learning Rate = 0.001

TRAIN losses
Total Loss  |Smoke Loss  |Fire Loss   
------------ ------------ ------------
43.005      |27.525      |15.480      


VAL losses
Total Loss  |Smoke Loss  |Fire Loss   
------------ ------------ ------------
36.617      |23.944      |12.673      

VAL Metrics
SMOKE -> Precision: 0.868 - Recall: 0.611 - Accuracy: 0.768 - F1: 0.717
FIRE -> Precision: 0.881 - Recall: 0.812 - Accuracy: 0.923 - F1: 0.845

Saving model with new best validation loss: 36.617

Saving model with new best smoke precision: 0.868

=== EPOCH 20/74 ===
Learning Rate = 0.001

TRAIN losses
Total Loss  |Smoke Loss  |Fire Loss   
------------ ------------ ------------
42.416      |27.035      |15.381      


VAL losses
Total Loss  |Smoke Loss  |Fire Loss   
------------ ------------ ------------
35.236      |22.839      |12.397      

VAL Metrics
SMOKE -> Precision: 0.819 - Recall: 0.802 - Accuracy: 0.819 - F1: 0.810
FIRE -> Precision: 0.834 - Recall: 0.877 - Accuracy: 0.923 - F1: 0.855

Saving model with new best validation loss: 35.236

=== EPOCH 21/74 ===
Learning Rate = 0.001

TRAIN losses
Total Loss  |Smoke Loss  |Fire Loss   
------------ ------------ ------------
41.332      |26.432      |14.900      


VAL losses
Total Loss  |Smoke Loss  |Fire Loss   
------------ ------------ ------------
36.436      |24.236      |12.200      

VAL Metrics
SMOKE -> Precision: 0.881 - Recall: 0.563 - Accuracy: 0.753 - F1: 0.687
FIRE -> Precision: 0.918 - Recall: 0.815 - Accuracy: 0.933 - F1: 0.864

Saving model with new best smoke precision: 0.881

=== EPOCH 22/74 ===
Learning Rate = 0.001

TRAIN losses
Total Loss  |Smoke Loss  |Fire Loss   
------------ ------------ ------------
40.951      |26.240      |14.711      


VAL losses
Total Loss  |Smoke Loss  |Fire Loss   
------------ ------------ ------------
39.100      |24.079      |15.020      

VAL Metrics
SMOKE -> Precision: 0.902 - Recall: 0.542 - Accuracy: 0.751 - F1: 0.677
FIRE -> Precision: 0.926 - Recall: 0.689 - Accuracy: 0.905 - F1: 0.790

Saving model with new best smoke precision: 0.902

=== EPOCH 23/74 ===
Learning Rate = 0.001

TRAIN losses
Total Loss  |Smoke Loss  |Fire Loss   
------------ ------------ ------------
40.152      |25.829      |14.322      


VAL losses
Total Loss  |Smoke Loss  |Fire Loss   
------------ ------------ ------------
33.791      |22.025      |11.767      

VAL Metrics
SMOKE -> Precision: 0.867 - Recall: 0.683 - Accuracy: 0.797 - F1: 0.764
FIRE -> Precision: 0.911 - Recall: 0.807 - Accuracy: 0.930 - F1: 0.856

Saving model with new best validation loss: 33.791

=== EPOCH 24/74 ===
Learning Rate = 0.001

TRAIN losses
Total Loss  |Smoke Loss  |Fire Loss   
------------ ------------ ------------
39.667      |25.416      |14.251      


VAL losses
Total Loss  |Smoke Loss  |Fire Loss   
------------ ------------ ------------
33.717      |22.312      |11.405      

VAL Metrics
SMOKE -> Precision: 0.825 - Recall: 0.754 - Accuracy: 0.805 - F1: 0.788
FIRE -> Precision: 0.895 - Recall: 0.832 - Accuracy: 0.931 - F1: 0.862

Saving model with new best validation loss: 33.717

=== EPOCH 25/74 ===
Learning Rate = 0.001

TRAIN losses
Total Loss  |Smoke Loss  |Fire Loss   
------------ ------------ ------------
39.176      |25.358      |13.817      


VAL losses
Total Loss  |Smoke Loss  |Fire Loss   
------------ ------------ ------------
33.023      |21.172      |11.851      

VAL Metrics
SMOKE -> Precision: 0.874 - Recall: 0.728 - Accuracy: 0.819 - F1: 0.794
FIRE -> Precision: 0.934 - Recall: 0.775 - Accuracy: 0.927 - F1: 0.847

Saving model with new best validation loss: 33.023

=== EPOCH 26/74 ===
Learning Rate = 0.001

TRAIN losses
Total Loss  |Smoke Loss  |Fire Loss   
------------ ------------ ------------
38.612      |24.928      |13.685      


VAL losses
Total Loss  |Smoke Loss  |Fire Loss   
------------ ------------ ------------
32.490      |20.826      |11.665      

VAL Metrics
SMOKE -> Precision: 0.840 - Recall: 0.804 - Accuracy: 0.832 - F1: 0.822
FIRE -> Precision: 0.920 - Recall: 0.791 - Accuracy: 0.928 - F1: 0.851

Saving model with new best validation loss: 32.490

=== EPOCH 27/74 ===
Learning Rate = 0.001

TRAIN losses
Total Loss  |Smoke Loss  |Fire Loss   
------------ ------------ ------------
38.796      |24.959      |13.838      


VAL losses
Total Loss  |Smoke Loss  |Fire Loss   
------------ ------------ ------------
32.175      |21.134      |11.041      

VAL Metrics
SMOKE -> Precision: 0.873 - Recall: 0.724 - Accuracy: 0.816 - F1: 0.792
FIRE -> Precision: 0.938 - Recall: 0.803 - Accuracy: 0.935 - F1: 0.865

Saving model with new best validation loss: 32.175

=== EPOCH 28/74 ===
Learning Rate = 0.001

TRAIN losses
Total Loss  |Smoke Loss  |Fire Loss   
------------ ------------ ------------
38.230      |24.713      |13.516      


VAL losses
Total Loss  |Smoke Loss  |Fire Loss   
------------ ------------ ------------
32.906      |21.856      |11.050      

VAL Metrics
SMOKE -> Precision: 0.920 - Recall: 0.595 - Accuracy: 0.780 - F1: 0.723
FIRE -> Precision: 0.935 - Recall: 0.802 - Accuracy: 0.934 - F1: 0.863

Saving model with new best smoke precision: 0.920

=== EPOCH 29/74 ===
Learning Rate = 0.001

TRAIN losses
Total Loss  |Smoke Loss  |Fire Loss   
------------ ------------ ------------
37.478      |24.204      |13.274      


VAL losses
Total Loss  |Smoke Loss  |Fire Loss   
------------ ------------ ------------
35.975      |23.366      |12.609      

VAL Metrics
SMOKE -> Precision: 0.895 - Recall: 0.601 - Accuracy: 0.774 - F1: 0.719
FIRE -> Precision: 0.929 - Recall: 0.773 - Accuracy: 0.926 - F1: 0.844

=== EPOCH 30/74 ===
Learning Rate = 0.001

TRAIN losses
Total Loss  |Smoke Loss  |Fire Loss   
------------ ------------ ------------
38.327      |24.822      |13.505      


VAL losses
Total Loss  |Smoke Loss  |Fire Loss   
------------ ------------ ------------
31.108      |20.903      |10.205      

VAL Metrics
SMOKE -> Precision: 0.895 - Recall: 0.683 - Accuracy: 0.809 - F1: 0.774
FIRE -> Precision: 0.911 - Recall: 0.871 - Accuracy: 0.944 - F1: 0.890

Saving model with new best validation loss: 31.108

=== EPOCH 31/74 ===
Learning Rate = 0.001

TRAIN losses
Total Loss  |Smoke Loss  |Fire Loss   
------------ ------------ ------------
37.336      |24.107      |13.229      


VAL losses
Total Loss  |Smoke Loss  |Fire Loss   
------------ ------------ ------------
30.876      |19.529      |11.347      

VAL Metrics
SMOKE -> Precision: 0.848 - Recall: 0.825 - Accuracy: 0.845 - F1: 0.836
FIRE -> Precision: 0.948 - Recall: 0.797 - Accuracy: 0.936 - F1: 0.866

Saving model with new best validation loss: 30.876

=== EPOCH 32/74 ===
Learning Rate = 0.001

TRAIN losses
Total Loss  |Smoke Loss  |Fire Loss   
------------ ------------ ------------
36.622      |23.909      |12.713      


VAL losses
Total Loss  |Smoke Loss  |Fire Loss   
------------ ------------ ------------
30.089      |19.905      |10.184      

VAL Metrics
SMOKE -> Precision: 0.898 - Recall: 0.737 - Accuracy: 0.833 - F1: 0.810
FIRE -> Precision: 0.917 - Recall: 0.851 - Accuracy: 0.942 - F1: 0.883

Saving model with new best validation loss: 30.089

=== EPOCH 33/74 ===
Learning Rate = 0.001

TRAIN losses
Total Loss  |Smoke Loss  |Fire Loss   
------------ ------------ ------------
36.410      |23.662      |12.749      


VAL losses
Total Loss  |Smoke Loss  |Fire Loss   
------------ ------------ ------------
28.734      |19.305      |9.429       

VAL Metrics
SMOKE -> Precision: 0.894 - Recall: 0.767 - Accuracy: 0.844 - F1: 0.826
FIRE -> Precision: 0.933 - Recall: 0.855 - Accuracy: 0.947 - F1: 0.892

Saving model with new best validation loss: 28.734

=== EPOCH 34/74 ===
Learning Rate = 0.001

TRAIN losses
Total Loss  |Smoke Loss  |Fire Loss   
------------ ------------ ------------
36.234      |23.440      |12.794      


VAL losses
Total Loss  |Smoke Loss  |Fire Loss   
------------ ------------ ------------
28.204      |18.660      |9.544       

VAL Metrics
SMOKE -> Precision: 0.859 - Recall: 0.814 - Accuracy: 0.846 - F1: 0.836
FIRE -> Precision: 0.924 - Recall: 0.874 - Accuracy: 0.949 - F1: 0.898

Saving model with new best validation loss: 28.204

=== EPOCH 35/74 ===
Learning Rate = 0.001

TRAIN losses
Total Loss  |Smoke Loss  |Fire Loss   
------------ ------------ ------------
36.080      |23.381      |12.699      


VAL losses
Total Loss  |Smoke Loss  |Fire Loss   
------------ ------------ ------------
29.156      |18.882      |10.275      

VAL Metrics
SMOKE -> Precision: 0.883 - Recall: 0.781 - Accuracy: 0.845 - F1: 0.829
FIRE -> Precision: 0.942 - Recall: 0.834 - Accuracy: 0.944 - F1: 0.885

=== EPOCH 36/74 ===
Learning Rate = 0.001

TRAIN losses
Total Loss  |Smoke Loss  |Fire Loss   
------------ ------------ ------------
36.065      |23.289      |12.776      


VAL losses
Total Loss  |Smoke Loss  |Fire Loss   
------------ ------------ ------------
28.453      |18.860      |9.594       

VAL Metrics
SMOKE -> Precision: 0.857 - Recall: 0.837 - Accuracy: 0.855 - F1: 0.847
FIRE -> Precision: 0.904 - Recall: 0.884 - Accuracy: 0.946 - F1: 0.894

=== EPOCH 37/74 ===
Learning Rate = 0.001

TRAIN losses
Total Loss  |Smoke Loss  |Fire Loss   
------------ ------------ ------------
35.312      |22.725      |12.587      


VAL losses
Total Loss  |Smoke Loss  |Fire Loss   
------------ ------------ ------------
28.945      |18.772      |10.174      

VAL Metrics
SMOKE -> Precision: 0.862 - Recall: 0.813 - Accuracy: 0.847 - F1: 0.837
FIRE -> Precision: 0.918 - Recall: 0.841 - Accuracy: 0.940 - F1: 0.878

=== EPOCH 38/74 ===
Learning Rate = 0.0008

TRAIN losses
Total Loss  |Smoke Loss  |Fire Loss   
------------ ------------ ------------
34.673      |22.516      |12.157      


VAL losses
Total Loss  |Smoke Loss  |Fire Loss   
------------ ------------ ------------
27.152      |18.024      |9.128       

VAL Metrics
SMOKE -> Precision: 0.900 - Recall: 0.791 - Accuracy: 0.857 - F1: 0.842
FIRE -> Precision: 0.925 - Recall: 0.874 - Accuracy: 0.949 - F1: 0.899

Saving model with new best validation loss: 27.152

=== EPOCH 39/74 ===
Learning Rate = 0.0008

TRAIN losses
Total Loss  |Smoke Loss  |Fire Loss   
------------ ------------ ------------
34.371      |22.386      |11.985      


VAL losses
Total Loss  |Smoke Loss  |Fire Loss   
------------ ------------ ------------
26.802      |17.579      |9.223       

VAL Metrics
SMOKE -> Precision: 0.890 - Recall: 0.799 - Accuracy: 0.856 - F1: 0.842
FIRE -> Precision: 0.901 - Recall: 0.890 - Accuracy: 0.946 - F1: 0.896

Saving model with new best validation loss: 26.802

=== EPOCH 40/74 ===
Learning Rate = 0.0008

TRAIN losses
Total Loss  |Smoke Loss  |Fire Loss   
------------ ------------ ------------
34.116      |22.036      |12.080      


VAL losses
Total Loss  |Smoke Loss  |Fire Loss   
------------ ------------ ------------
26.083      |16.957      |9.125       

VAL Metrics
SMOKE -> Precision: 0.882 - Recall: 0.844 - Accuracy: 0.871 - F1: 0.863
FIRE -> Precision: 0.938 - Recall: 0.865 - Accuracy: 0.950 - F1: 0.900

Saving model with new best validation loss: 26.083

=== EPOCH 41/74 ===
Learning Rate = 0.0008

TRAIN losses
Total Loss  |Smoke Loss  |Fire Loss   
------------ ------------ ------------
33.637      |22.039      |11.598      


VAL losses
Total Loss  |Smoke Loss  |Fire Loss   
------------ ------------ ------------
27.234      |17.344      |9.890       

VAL Metrics
SMOKE -> Precision: 0.885 - Recall: 0.821 - Accuracy: 0.863 - F1: 0.852
FIRE -> Precision: 0.951 - Recall: 0.839 - Accuracy: 0.947 - F1: 0.891

=== EPOCH 42/74 ===
Learning Rate = 0.0008

TRAIN losses
Total Loss  |Smoke Loss  |Fire Loss   
------------ ------------ ------------
33.510      |21.952      |11.558      


VAL losses
Total Loss  |Smoke Loss  |Fire Loss   
------------ ------------ ------------
26.747      |17.773      |8.974       

VAL Metrics
SMOKE -> Precision: 0.909 - Recall: 0.768 - Accuracy: 0.852 - F1: 0.833
FIRE -> Precision: 0.929 - Recall: 0.874 - Accuracy: 0.950 - F1: 0.901

=== EPOCH 43/74 ===
Learning Rate = 0.0008

TRAIN losses
Total Loss  |Smoke Loss  |Fire Loss   
------------ ------------ ------------
33.404      |21.718      |11.687      


VAL losses
Total Loss  |Smoke Loss  |Fire Loss   
------------ ------------ ------------
27.359      |17.891      |9.468       

VAL Metrics
SMOKE -> Precision: 0.868 - Recall: 0.848 - Accuracy: 0.865 - F1: 0.858
FIRE -> Precision: 0.941 - Recall: 0.855 - Accuracy: 0.949 - F1: 0.896

=== EPOCH 44/74 ===
Learning Rate = 0.00064

TRAIN losses
Total Loss  |Smoke Loss  |Fire Loss   
------------ ------------ ------------
32.956      |21.305      |11.651      


VAL losses
Total Loss  |Smoke Loss  |Fire Loss   
------------ ------------ ------------
26.346      |17.114      |9.232       

VAL Metrics
SMOKE -> Precision: 0.866 - Recall: 0.851 - Accuracy: 0.865 - F1: 0.858
FIRE -> Precision: 0.884 - Recall: 0.930 - Accuracy: 0.950 - F1: 0.906

=== EPOCH 45/74 ===
Learning Rate = 0.00064

TRAIN losses
Total Loss  |Smoke Loss  |Fire Loss   
------------ ------------ ------------
32.603      |21.286      |11.318      


VAL losses
Total Loss  |Smoke Loss  |Fire Loss   
------------ ------------ ------------
26.539      |17.280      |9.259       

VAL Metrics
SMOKE -> Precision: 0.889 - Recall: 0.799 - Accuracy: 0.856 - F1: 0.842
FIRE -> Precision: 0.950 - Recall: 0.858 - Accuracy: 0.951 - F1: 0.902

=== EPOCH 46/74 ===
Learning Rate = 0.00064

TRAIN losses
Total Loss  |Smoke Loss  |Fire Loss   
------------ ------------ ------------
32.305      |20.982      |11.323      


VAL losses
Total Loss  |Smoke Loss  |Fire Loss   
------------ ------------ ------------
25.412      |16.738      |8.674       

VAL Metrics
SMOKE -> Precision: 0.890 - Recall: 0.828 - Accuracy: 0.868 - F1: 0.858
FIRE -> Precision: 0.935 - Recall: 0.884 - Accuracy: 0.954 - F1: 0.909

Saving model with new best validation loss: 25.412

=== EPOCH 47/74 ===
Learning Rate = 0.00064

TRAIN losses
Total Loss  |Smoke Loss  |Fire Loss   
------------ ------------ ------------
32.288      |20.985      |11.303      


VAL losses
Total Loss  |Smoke Loss  |Fire Loss   
------------ ------------ ------------
24.798      |16.191      |8.607       

VAL Metrics
SMOKE -> Precision: 0.902 - Recall: 0.812 - Accuracy: 0.867 - F1: 0.854
FIRE -> Precision: 0.928 - Recall: 0.891 - Accuracy: 0.954 - F1: 0.909

Saving model with new best validation loss: 24.798

=== EPOCH 48/74 ===
Learning Rate = 0.00064

TRAIN losses
Total Loss  |Smoke Loss  |Fire Loss   
------------ ------------ ------------
32.294      |21.032      |11.262      


VAL losses
Total Loss  |Smoke Loss  |Fire Loss   
------------ ------------ ------------
25.231      |16.081      |9.150       

VAL Metrics
SMOKE -> Precision: 0.887 - Recall: 0.849 - Accuracy: 0.875 - F1: 0.868
FIRE -> Precision: 0.953 - Recall: 0.849 - Accuracy: 0.950 - F1: 0.898

=== EPOCH 49/74 ===
Learning Rate = 0.00064

TRAIN losses
Total Loss  |Smoke Loss  |Fire Loss   
------------ ------------ ------------
32.089      |20.910      |11.179      


VAL losses
Total Loss  |Smoke Loss  |Fire Loss   
------------ ------------ ------------
24.925      |16.375      |8.550       

VAL Metrics
SMOKE -> Precision: 0.877 - Recall: 0.852 - Accuracy: 0.872 - F1: 0.865
FIRE -> Precision: 0.921 - Recall: 0.897 - Accuracy: 0.953 - F1: 0.909

=== EPOCH 50/74 ===
Learning Rate = 0.00064

TRAIN losses
Total Loss  |Smoke Loss  |Fire Loss   
------------ ------------ ------------
31.976      |21.008      |10.968      


VAL losses
Total Loss  |Smoke Loss  |Fire Loss   
------------ ------------ ------------
25.133      |15.804      |9.329       

VAL Metrics
SMOKE -> Precision: 0.894 - Recall: 0.854 - Accuracy: 0.881 - F1: 0.874
FIRE -> Precision: 0.953 - Recall: 0.843 - Accuracy: 0.949 - F1: 0.895

=== EPOCH 51/74 ===
Learning Rate = 0.0005120000000000001

TRAIN losses
Total Loss  |Smoke Loss  |Fire Loss   
------------ ------------ ------------
31.043      |20.229      |10.814      


VAL losses
Total Loss  |Smoke Loss  |Fire Loss   
------------ ------------ ------------
24.108      |15.522      |8.586       

VAL Metrics
SMOKE -> Precision: 0.903 - Recall: 0.833 - Accuracy: 0.876 - F1: 0.866
FIRE -> Precision: 0.941 - Recall: 0.882 - Accuracy: 0.955 - F1: 0.911

Saving model with new best validation loss: 24.108

=== EPOCH 52/74 ===
Learning Rate = 0.0005120000000000001

TRAIN losses
Total Loss  |Smoke Loss  |Fire Loss   
------------ ------------ ------------
30.885      |20.060      |10.825      


VAL losses
Total Loss  |Smoke Loss  |Fire Loss   
------------ ------------ ------------
24.842      |15.515      |9.326       

VAL Metrics
SMOKE -> Precision: 0.907 - Recall: 0.837 - Accuracy: 0.880 - F1: 0.870
FIRE -> Precision: 0.969 - Recall: 0.832 - Accuracy: 0.950 - F1: 0.895

=== EPOCH 53/74 ===
Learning Rate = 0.0005120000000000001

TRAIN losses
Total Loss  |Smoke Loss  |Fire Loss   
------------ ------------ ------------
30.952      |20.080      |10.872      


VAL losses
Total Loss  |Smoke Loss  |Fire Loss   
------------ ------------ ------------
23.426      |14.874      |8.552       

VAL Metrics
SMOKE -> Precision: 0.902 - Recall: 0.858 - Accuracy: 0.887 - F1: 0.880
FIRE -> Precision: 0.915 - Recall: 0.910 - Accuracy: 0.955 - F1: 0.912

Saving model with new best validation loss: 23.426

=== EPOCH 54/74 ===
Learning Rate = 0.0005120000000000001

TRAIN losses
Total Loss  |Smoke Loss  |Fire Loss   
------------ ------------ ------------
30.737      |20.077      |10.660      


VAL losses
Total Loss  |Smoke Loss  |Fire Loss   
------------ ------------ ------------
24.671      |15.404      |9.266       

VAL Metrics
SMOKE -> Precision: 0.901 - Recall: 0.841 - Accuracy: 0.879 - F1: 0.870
FIRE -> Precision: 0.957 - Recall: 0.840 - Accuracy: 0.949 - F1: 0.894

=== EPOCH 55/74 ===
Learning Rate = 0.0005120000000000001

TRAIN losses
Total Loss  |Smoke Loss  |Fire Loss   
------------ ------------ ------------
30.728      |19.817      |10.911      


VAL losses
Total Loss  |Smoke Loss  |Fire Loss   
------------ ------------ ------------
25.694      |16.570      |9.123       

VAL Metrics
SMOKE -> Precision: 0.927 - Recall: 0.768 - Accuracy: 0.859 - F1: 0.840
FIRE -> Precision: 0.961 - Recall: 0.859 - Accuracy: 0.954 - F1: 0.907

Saving model with new best smoke precision: 0.927

=== EPOCH 56/74 ===
Learning Rate = 0.0005120000000000001

TRAIN losses
Total Loss  |Smoke Loss  |Fire Loss   
------------ ------------ ------------
30.947      |20.129      |10.819      


VAL losses
Total Loss  |Smoke Loss  |Fire Loss   
------------ ------------ ------------
24.773      |15.388      |9.385       

VAL Metrics
SMOKE -> Precision: 0.899 - Recall: 0.837 - Accuracy: 0.876 - F1: 0.867
FIRE -> Precision: 0.946 - Recall: 0.856 - Accuracy: 0.950 - F1: 0.899

=== EPOCH 57/74 ===
Learning Rate = 0.0004096000000000001

TRAIN losses
Total Loss  |Smoke Loss  |Fire Loss   
------------ ------------ ------------
30.130      |19.558      |10.573      


VAL losses
Total Loss  |Smoke Loss  |Fire Loss   
------------ ------------ ------------
23.019      |14.654      |8.365       

VAL Metrics
SMOKE -> Precision: 0.898 - Recall: 0.857 - Accuracy: 0.884 - F1: 0.877
FIRE -> Precision: 0.929 - Recall: 0.895 - Accuracy: 0.955 - F1: 0.912

Saving model with new best validation loss: 23.019

=== EPOCH 58/74 ===
Learning Rate = 0.0004096000000000001

TRAIN losses
Total Loss  |Smoke Loss  |Fire Loss   
------------ ------------ ------------
29.590      |19.265      |10.325      


VAL losses
Total Loss  |Smoke Loss  |Fire Loss   
------------ ------------ ------------
24.172      |14.920      |9.253       

VAL Metrics
SMOKE -> Precision: 0.901 - Recall: 0.841 - Accuracy: 0.879 - F1: 0.870
FIRE -> Precision: 0.949 - Recall: 0.852 - Accuracy: 0.950 - F1: 0.898

=== EPOCH 59/74 ===
Learning Rate = 0.0004096000000000001

TRAIN losses
Total Loss  |Smoke Loss  |Fire Loss   
------------ ------------ ------------
29.453      |19.294      |10.159      


VAL losses
Total Loss  |Smoke Loss  |Fire Loss   
------------ ------------ ------------
23.243      |14.819      |8.424       

VAL Metrics
SMOKE -> Precision: 0.919 - Recall: 0.826 - Accuracy: 0.881 - F1: 0.870
FIRE -> Precision: 0.944 - Recall: 0.873 - Accuracy: 0.954 - F1: 0.907

=== EPOCH 60/74 ===
Learning Rate = 0.0004096000000000001

TRAIN losses
Total Loss  |Smoke Loss  |Fire Loss   
------------ ------------ ------------
29.362      |19.016      |10.346      


VAL losses
Total Loss  |Smoke Loss  |Fire Loss   
------------ ------------ ------------
22.505      |14.471      |8.034       

VAL Metrics
SMOKE -> Precision: 0.887 - Recall: 0.887 - Accuracy: 0.891 - F1: 0.887
FIRE -> Precision: 0.938 - Recall: 0.906 - Accuracy: 0.960 - F1: 0.922

Saving model with new best validation loss: 22.505

=== EPOCH 61/74 ===
Learning Rate = 0.0004096000000000001

TRAIN losses
Total Loss  |Smoke Loss  |Fire Loss   
------------ ------------ ------------
29.319      |19.031      |10.289      


VAL losses
Total Loss  |Smoke Loss  |Fire Loss   
------------ ------------ ------------
24.562      |15.114      |9.447       

VAL Metrics
SMOKE -> Precision: 0.922 - Recall: 0.812 - Accuracy: 0.877 - F1: 0.864
FIRE -> Precision: 0.964 - Recall: 0.835 - Accuracy: 0.949 - F1: 0.895

=== EPOCH 62/74 ===
Learning Rate = 0.0004096000000000001

TRAIN losses
Total Loss  |Smoke Loss  |Fire Loss   
------------ ------------ ------------
29.303      |19.135      |10.168      


VAL losses
Total Loss  |Smoke Loss  |Fire Loss   
------------ ------------ ------------
23.926      |14.805      |9.121       

VAL Metrics
SMOKE -> Precision: 0.920 - Recall: 0.815 - Accuracy: 0.877 - F1: 0.865
FIRE -> Precision: 0.962 - Recall: 0.835 - Accuracy: 0.949 - F1: 0.894

=== EPOCH 63/74 ===
Learning Rate = 0.0004096000000000001

TRAIN losses
Total Loss  |Smoke Loss  |Fire Loss   
------------ ------------ ------------
29.604      |19.245      |10.360      


VAL losses
Total Loss  |Smoke Loss  |Fire Loss   
------------ ------------ ------------
23.509      |15.235      |8.274       

VAL Metrics
SMOKE -> Precision: 0.928 - Recall: 0.790 - Accuracy: 0.870 - F1: 0.854
FIRE -> Precision: 0.941 - Recall: 0.886 - Accuracy: 0.956 - F1: 0.912

Saving model with new best smoke precision: 0.928

=== EPOCH 64/74 ===
Learning Rate = 0.0003276800000000001

TRAIN losses
Total Loss  |Smoke Loss  |Fire Loss   
------------ ------------ ------------
29.111      |18.898      |10.213      


VAL losses
Total Loss  |Smoke Loss  |Fire Loss   
------------ ------------ ------------
22.715      |14.742      |7.974       

VAL Metrics
SMOKE -> Precision: 0.873 - Recall: 0.919 - Accuracy: 0.897 - F1: 0.896
FIRE -> Precision: 0.939 - Recall: 0.897 - Accuracy: 0.958 - F1: 0.918

=== EPOCH 65/74 ===
Learning Rate = 0.0003276800000000001

TRAIN losses
Total Loss  |Smoke Loss  |Fire Loss   
------------ ------------ ------------
28.706      |18.707      |9.999       


VAL losses
Total Loss  |Smoke Loss  |Fire Loss   
------------ ------------ ------------
22.966      |14.145      |8.821       

VAL Metrics
SMOKE -> Precision: 0.915 - Recall: 0.848 - Accuracy: 0.889 - F1: 0.880
FIRE -> Precision: 0.953 - Recall: 0.862 - Accuracy: 0.953 - F1: 0.905

=== EPOCH 66/74 ===
Learning Rate = 0.0003276800000000001

TRAIN losses
Total Loss  |Smoke Loss  |Fire Loss   
------------ ------------ ------------
28.725      |18.737      |9.988       


VAL losses
Total Loss  |Smoke Loss  |Fire Loss   
------------ ------------ ------------
22.758      |14.413      |8.345       

VAL Metrics
SMOKE -> Precision: 0.923 - Recall: 0.828 - Accuracy: 0.884 - F1: 0.873
FIRE -> Precision: 0.952 - Recall: 0.869 - Accuracy: 0.955 - F1: 0.909

=== EPOCH 67/74 ===
Learning Rate = 0.0002621440000000001

TRAIN losses
Total Loss  |Smoke Loss  |Fire Loss   
------------ ------------ ------------
28.014      |18.039      |9.975       


VAL losses
Total Loss  |Smoke Loss  |Fire Loss   
------------ ------------ ------------
21.483      |13.593      |7.890       

VAL Metrics
SMOKE -> Precision: 0.908 - Recall: 0.869 - Accuracy: 0.895 - F1: 0.888
FIRE -> Precision: 0.932 - Recall: 0.896 - Accuracy: 0.956 - F1: 0.914

Saving model with new best validation loss: 21.483

=== EPOCH 68/74 ===
Learning Rate = 0.0002621440000000001

TRAIN losses
Total Loss  |Smoke Loss  |Fire Loss   
------------ ------------ ------------
28.548      |18.331      |10.217      


VAL losses
Total Loss  |Smoke Loss  |Fire Loss   
------------ ------------ ------------
22.067      |13.843      |8.224       

VAL Metrics
SMOKE -> Precision: 0.914 - Recall: 0.854 - Accuracy: 0.891 - F1: 0.883
FIRE -> Precision: 0.942 - Recall: 0.879 - Accuracy: 0.955 - F1: 0.910

=== EPOCH 69/74 ===
Learning Rate = 0.0002621440000000001

TRAIN losses
Total Loss  |Smoke Loss  |Fire Loss   
------------ ------------ ------------
28.397      |18.348      |10.049      


VAL losses
Total Loss  |Smoke Loss  |Fire Loss   
------------ ------------ ------------
22.020      |13.902      |8.117       

VAL Metrics
SMOKE -> Precision: 0.913 - Recall: 0.858 - Accuracy: 0.892 - F1: 0.885
FIRE -> Precision: 0.948 - Recall: 0.881 - Accuracy: 0.957 - F1: 0.913

=== EPOCH 70/74 ===
Learning Rate = 0.0002621440000000001

TRAIN losses
Total Loss  |Smoke Loss  |Fire Loss   
------------ ------------ ------------
27.792      |18.263      |9.529       


VAL losses
Total Loss  |Smoke Loss  |Fire Loss   
------------ ------------ ------------
22.112      |13.979      |8.133       

VAL Metrics
SMOKE -> Precision: 0.918 - Recall: 0.840 - Accuracy: 0.887 - F1: 0.877
FIRE -> Precision: 0.949 - Recall: 0.874 - Accuracy: 0.955 - F1: 0.910

=== EPOCH 71/74 ===
Learning Rate = 0.00020971520000000012

TRAIN losses
Total Loss  |Smoke Loss  |Fire Loss   
------------ ------------ ------------
27.704      |17.800      |9.904       


VAL losses
Total Loss  |Smoke Loss  |Fire Loss   
------------ ------------ ------------
21.690      |13.402      |8.288       

VAL Metrics
SMOKE -> Precision: 0.919 - Recall: 0.873 - Accuracy: 0.902 - F1: 0.895
FIRE -> Precision: 0.946 - Recall: 0.868 - Accuracy: 0.953 - F1: 0.906

=== EPOCH 72/74 ===
Learning Rate = 0.00020971520000000012

TRAIN losses
Total Loss  |Smoke Loss  |Fire Loss   
------------ ------------ ------------
27.298      |17.862      |9.435       


VAL losses
Total Loss  |Smoke Loss  |Fire Loss   
------------ ------------ ------------
21.599      |13.343      |8.256       

VAL Metrics
SMOKE -> Precision: 0.895 - Recall: 0.900 - Accuracy: 0.901 - F1: 0.897
FIRE -> Precision: 0.942 - Recall: 0.876 - Accuracy: 0.954 - F1: 0.908

=== EPOCH 73/74 ===
Learning Rate = 0.00020971520000000012

TRAIN losses
Total Loss  |Smoke Loss  |Fire Loss   
------------ ------------ ------------
27.484      |17.832      |9.652       


VAL losses
Total Loss  |Smoke Loss  |Fire Loss   
------------ ------------ ------------
21.196      |13.524      |7.672       

VAL Metrics
SMOKE -> Precision: 0.923 - Recall: 0.849 - Accuracy: 0.893 - F1: 0.884
FIRE -> Precision: 0.915 - Recall: 0.914 - Accuracy: 0.956 - F1: 0.914

Saving model with new best validation loss: 21.196

=== EPOCH 74/74 ===
Learning Rate = 0.00020971520000000012

TRAIN losses
Total Loss  |Smoke Loss  |Fire Loss   
------------ ------------ ------------
27.891      |18.107      |9.783       


VAL losses
Total Loss  |Smoke Loss  |Fire Loss   
------------ ------------ ------------
21.762      |13.337      |8.424       

VAL Metrics
SMOKE -> Precision: 0.911 - Recall: 0.876 - Accuracy: 0.899 - F1: 0.893
FIRE -> Precision: 0.955 - Recall: 0.866 - Accuracy: 0.955 - F1: 0.908
Saving last model

***Script finished: 15:23:14

Time elapsed: 1:37:10.000417
