BED Classifier XS Tiny.
	One Head.
	255 Normalization.
	Weighted for Precision.
	Modules.
	Losses and Metrics Loggers.
	Brevitas with Conv2d and Linear Quant Layers defined in the Model.
	2 epochs.


TRAIN DFIRE dataset
Train dataset len: 17221

TEST DFire dataset
Test dataset len: 4306
Using BED Classifier

Trainable parameters = 93138
Total parameters = 93138

Model shape is tensor([[-0.0258,  0.2941],
        [ 0.0511,  0.3780],
        [ 0.0345,  0.3251],
        [ 0.0298,  0.3831]], device='cuda:0', grad_fn=<AddmmBackward0>)
BED Model Arquitecture
BED_CLASSIFIER(
  (model): Sequential(
    (conv1): Conv2d(3, 32, kernel_size=(3, 3), stride=(1, 1), padding=(1, 1), bias=False)
    (bn1): BatchNorm2d(32, eps=1e-05, momentum=0.1, affine=True, track_running_stats=True)
    (relu1): ReLU()
    (dropout1): Dropout2d(p=0.3, inplace=False)
    (maxpool2): MaxPool2d(kernel_size=2, stride=2, padding=0, dilation=1, ceil_mode=False)
    (conv2): Conv2d(32, 16, kernel_size=(3, 3), stride=(1, 1), padding=(1, 1), bias=False)
    (bn2): BatchNorm2d(16, eps=1e-05, momentum=0.1, affine=True, track_running_stats=True)
    (relu2): ReLU()
    (dropout2): Dropout2d(p=0.3, inplace=False)
    (maxpool3): MaxPool2d(kernel_size=2, stride=2, padding=0, dilation=1, ceil_mode=False)
    (conv31): Conv2d(16, 16, kernel_size=(1, 1), stride=(1, 1), bias=False)
    (bn31): BatchNorm2d(16, eps=1e-05, momentum=0.1, affine=True, track_running_stats=True)
    (relu31): ReLU()
    (conv32): Conv2d(16, 32, kernel_size=(3, 3), stride=(1, 1), padding=(1, 1), bias=False)
    (bn32): BatchNorm2d(32, eps=1e-05, momentum=0.1, affine=True, track_running_stats=True)
    (relu32): ReLU()
    (conv33): Conv2d(32, 32, kernel_size=(1, 1), stride=(1, 1), bias=False)
    (bn33): BatchNorm2d(32, eps=1e-05, momentum=0.1, affine=True, track_running_stats=True)
    (relu33): ReLU()
    (conv34): Conv2d(32, 64, kernel_size=(3, 3), stride=(1, 1), padding=(1, 1), bias=False)
    (bn34): BatchNorm2d(64, eps=1e-05, momentum=0.1, affine=True, track_running_stats=True)
    (relu34): ReLU()
    (maxpool4): MaxPool2d(kernel_size=2, stride=2, padding=0, dilation=1, ceil_mode=False)
    (conv41): Conv2d(64, 32, kernel_size=(1, 1), stride=(1, 1), bias=False)
    (bn41): BatchNorm2d(32, eps=1e-05, momentum=0.1, affine=True, track_running_stats=True)
    (relu41): ReLU()
    (conv42): Conv2d(32, 64, kernel_size=(3, 3), stride=(1, 1), padding=(1, 1), bias=False)
    (bn42): BatchNorm2d(64, eps=1e-05, momentum=0.1, affine=True, track_running_stats=True)
    (relu42): ReLU()
    (conv43): Conv2d(64, 32, kernel_size=(1, 1), stride=(1, 1), bias=False)
    (bn43): BatchNorm2d(32, eps=1e-05, momentum=0.1, affine=True, track_running_stats=True)
    (relu43): ReLU()
    (conv44): Conv2d(32, 64, kernel_size=(3, 3), stride=(1, 1), padding=(1, 1), bias=False)
    (bn44): BatchNorm2d(64, eps=1e-05, momentum=0.1, affine=True, track_running_stats=True)
    (relu44): ReLU()
    (conv45): Conv2d(64, 32, kernel_size=(1, 1), stride=(1, 1), bias=False)
    (bn45): BatchNorm2d(32, eps=1e-05, momentum=0.1, affine=True, track_running_stats=True)
    (relu45): ReLU()
    (conv46): Conv2d(32, 64, kernel_size=(3, 3), stride=(1, 1), padding=(1, 1), bias=False)
    (bn46): BatchNorm2d(64, eps=1e-05, momentum=0.1, affine=False, track_running_stats=True)
    (relu46): ReLU()
    (avgpool5): AdaptiveAvgPool2d(output_size=(1, 1))
    (flatten5): Flatten(start_dim=1, end_dim=-1)
    (dropout5): Dropout(p=0.2, inplace=False)
    (linear51): Linear(in_features=64, out_features=16, bias=True)
    (relu5): ReLU()
    (linear52): Linear(in_features=16, out_features=2, bias=True)
  )
)
==========================================================================================
Layer (type:depth-idx)                   Output Shape              Param #
==========================================================================================
BED_CLASSIFIER                           [64, 2]                   --
├─Sequential: 1-1                        [64, 2]                   --
│    └─Conv2d: 2-1                       [64, 32, 224, 224]        864
│    └─BatchNorm2d: 2-2                  [64, 32, 224, 224]        64
│    └─ReLU: 2-3                         [64, 32, 224, 224]        --
│    └─Dropout2d: 2-4                    [64, 32, 224, 224]        --
│    └─MaxPool2d: 2-5                    [64, 32, 112, 112]        --
│    └─Conv2d: 2-6                       [64, 16, 112, 112]        4,608
│    └─BatchNorm2d: 2-7                  [64, 16, 112, 112]        32
│    └─ReLU: 2-8                         [64, 16, 112, 112]        --
│    └─Dropout2d: 2-9                    [64, 16, 112, 112]        --
│    └─MaxPool2d: 2-10                   [64, 16, 56, 56]          --
│    └─Conv2d: 2-11                      [64, 16, 56, 56]          256
│    └─BatchNorm2d: 2-12                 [64, 16, 56, 56]          32
│    └─ReLU: 2-13                        [64, 16, 56, 56]          --
│    └─Conv2d: 2-14                      [64, 32, 56, 56]          4,608
│    └─BatchNorm2d: 2-15                 [64, 32, 56, 56]          64
│    └─ReLU: 2-16                        [64, 32, 56, 56]          --
│    └─Conv2d: 2-17                      [64, 32, 56, 56]          1,024
│    └─BatchNorm2d: 2-18                 [64, 32, 56, 56]          64
│    └─ReLU: 2-19                        [64, 32, 56, 56]          --
│    └─Conv2d: 2-20                      [64, 64, 56, 56]          18,432
│    └─BatchNorm2d: 2-21                 [64, 64, 56, 56]          128
│    └─ReLU: 2-22                        [64, 64, 56, 56]          --
│    └─MaxPool2d: 2-23                   [64, 64, 28, 28]          --
│    └─Conv2d: 2-24                      [64, 32, 28, 28]          2,048
│    └─BatchNorm2d: 2-25                 [64, 32, 28, 28]          64
│    └─ReLU: 2-26                        [64, 32, 28, 28]          --
│    └─Conv2d: 2-27                      [64, 64, 28, 28]          18,432
│    └─BatchNorm2d: 2-28                 [64, 64, 28, 28]          128
│    └─ReLU: 2-29                        [64, 64, 28, 28]          --
│    └─Conv2d: 2-30                      [64, 32, 28, 28]          2,048
│    └─BatchNorm2d: 2-31                 [64, 32, 28, 28]          64
│    └─ReLU: 2-32                        [64, 32, 28, 28]          --
│    └─Conv2d: 2-33                      [64, 64, 28, 28]          18,432
│    └─BatchNorm2d: 2-34                 [64, 64, 28, 28]          128
│    └─ReLU: 2-35                        [64, 64, 28, 28]          --
│    └─Conv2d: 2-36                      [64, 32, 28, 28]          2,048
│    └─BatchNorm2d: 2-37                 [64, 32, 28, 28]          64
│    └─ReLU: 2-38                        [64, 32, 28, 28]          --
│    └─Conv2d: 2-39                      [64, 64, 28, 28]          18,432
│    └─BatchNorm2d: 2-40                 [64, 64, 28, 28]          --
│    └─ReLU: 2-41                        [64, 64, 28, 28]          --
│    └─AdaptiveAvgPool2d: 2-42           [64, 64, 1, 1]            --
│    └─Flatten: 2-43                     [64, 64]                  --
│    └─Dropout: 2-44                     [64, 64]                  --
│    └─Linear: 2-45                      [64, 16]                  1,040
│    └─ReLU: 2-46                        [64, 16]                  --
│    └─Linear: 2-47                      [64, 2]                   34
==========================================================================================
Total params: 93,138
Trainable params: 93,138
Non-trainable params: 0
Total mult-adds (G): 14.44
==========================================================================================
Input size (MB): 38.54
Forward/backward pass size (MB): 2517.64
Params size (MB): 0.37
Estimated Total Size (MB): 2556.55
==========================================================================================

Device: cuda
Learning Rate: 0.001
Weight Decay: 0.001
Batch Size: 64
W: 224
H: 224
Loss Function: BCE
Smoke Precision Weight: 0.7
Starting script


***Start Training: 16:19:19


=== EPOCH 0/124 ===
Learning Rate = 0.001

TRAIN Stats
Total Loss |Smoke Loss|Fire Loss |    _______|Accuracy |Precision|Recall   |F1       |
-----------|----------|----------|    Smoke  |0.5375   |0.6814   |0.1062   |0.1837   |
65.55      |36.16     |29.40     |    Fire   |0.7904   |0.6372   |0.5413   |0.5854   |

VAL Stats
Total Loss |Smoke Loss|Fire Loss |    _______|Accuracy |Precision|Recall   |F1       |
-----------|----------|----------|    Smoke  |0.5632   |0.8065   |0.1212   |0.2107   |
57.85      |34.78     |23.08     |    Fire   |0.8533   |0.7806   |0.6027   |0.6802   |


Saving model with new best validation loss: 57.852

=== EPOCH 1/124 ===
Learning Rate = 0.001

TRAIN Stats
Total Loss |Smoke Loss|Fire Loss |    _______|Accuracy |Precision|Recall   |F1       |
-----------|----------|----------|    Smoke  |0.6018   |0.7282   |0.2999   |0.4249   |
58.22      |34.63     |23.59     |    Fire   |0.8438   |0.7313   |0.6776   |0.7034   |

VAL Stats
Total Loss |Smoke Loss|Fire Loss |    _______|Accuracy |Precision|Recall   |F1       |
-----------|----------|----------|    Smoke  |0.6222   |0.8005   |0.2860   |0.4214   |
54.46      |34.04     |20.42     |    Fire   |0.8703   |0.8064   |0.6568   |0.7239   |


Saving model with new best validation loss: 54.456

=== EPOCH 2/124 ===
Learning Rate = 0.001

TRAIN Stats
Total Loss |Smoke Loss|Fire Loss |    _______|Accuracy |Precision|Recall   |F1       |
-----------|----------|----------|    Smoke  |0.6251   |0.7294   |0.3742   |0.4946   |
55.35      |33.84     |21.51     |    Fire   |0.8605   |0.7514   |0.7320   |0.7416   |

VAL Stats
Total Loss |Smoke Loss|Fire Loss |    _______|Accuracy |Precision|Recall   |F1       |
-----------|----------|----------|    Smoke  |0.6294   |0.8177   |0.2957   |0.4343   |
53.28      |33.10     |20.18     |    Fire   |0.8717   |0.8271   |0.6378   |0.7202   |


Saving model with new best validation loss: 53.283

=== EPOCH 3/124 ===
Learning Rate = 0.001

TRAIN Stats
Total Loss |Smoke Loss|Fire Loss |    _______|Accuracy |Precision|Recall   |F1       |
-----------|----------|----------|    Smoke  |0.6420   |0.7454   |0.4100   |0.5290   |
53.53      |33.09     |20.44     |    Fire   |0.8651   |0.7578   |0.7443   |0.7510   |

VAL Stats
Total Loss |Smoke Loss|Fire Loss |    _______|Accuracy |Precision|Recall   |F1       |
-----------|----------|----------|    Smoke  |0.6628   |0.8082   |0.3921   |0.5281   |
49.03      |31.56     |17.47     |    Fire   |0.8883   |0.8164   |0.7333   |0.7727   |


Saving model with new best validation loss: 49.031

=== EPOCH 4/124 ===
Learning Rate = 0.001

TRAIN Stats
Total Loss |Smoke Loss|Fire Loss |    _______|Accuracy |Precision|Recall   |F1       |
-----------|----------|----------|    Smoke  |0.6539   |0.7583   |0.4318   |0.5503   |
51.90      |32.47     |19.43     |    Fire   |0.8742   |0.7763   |0.7584   |0.7672   |

VAL Stats
Total Loss |Smoke Loss|Fire Loss |    _______|Accuracy |Precision|Recall   |F1       |
-----------|----------|----------|    Smoke  |0.6768   |0.8074   |0.4309   |0.5619   |
48.08      |31.13     |16.96     |    Fire   |0.8939   |0.8488   |0.7180   |0.7779   |


Saving model with new best validation loss: 48.081

=== EPOCH 5/124 ===
Learning Rate = 0.001

TRAIN Stats
Total Loss |Smoke Loss|Fire Loss |    _______|Accuracy |Precision|Recall   |F1       |
-----------|----------|----------|    Smoke  |0.6606   |0.7625   |0.4469   |0.5635   |
50.39      |31.95     |18.44     |    Fire   |0.8814   |0.7931   |0.7655   |0.7791   |

VAL Stats
Total Loss |Smoke Loss|Fire Loss |    _______|Accuracy |Precision|Recall   |F1       |
-----------|----------|----------|    Smoke  |0.6882   |0.7827   |0.4872   |0.6005   |
45.10      |30.61     |14.49     |    Fire   |0.9123   |0.8318   |0.8288   |0.8303   |


Saving model with new best validation loss: 45.102

=== EPOCH 6/124 ===
Learning Rate = 0.001

TRAIN Stats
Total Loss |Smoke Loss|Fire Loss |    _______|Accuracy |Precision|Recall   |F1       |
-----------|----------|----------|    Smoke  |0.6683   |0.7682   |0.4636   |0.5782   |
49.14      |31.46     |17.67     |    Fire   |0.8905   |0.8089   |0.7845   |0.7965   |

VAL Stats
Total Loss |Smoke Loss|Fire Loss |    _______|Accuracy |Precision|Recall   |F1       |
-----------|----------|----------|    Smoke  |0.6609   |0.8655   |0.3495   |0.4979   |
46.95      |30.34     |16.61     |    Fire   |0.8941   |0.8850   |0.6793   |0.7686   |


=== EPOCH 7/124 ===
Learning Rate = 0.001

TRAIN Stats
Total Loss |Smoke Loss|Fire Loss |    _______|Accuracy |Precision|Recall   |F1       |
-----------|----------|----------|    Smoke  |0.6710   |0.7674   |0.4722   |0.5846   |
48.33      |31.11     |17.22     |    Fire   |0.8932   |0.8161   |0.7865   |0.8010   |

VAL Stats
Total Loss |Smoke Loss|Fire Loss |    _______|Accuracy |Precision|Recall   |F1       |
-----------|----------|----------|    Smoke  |0.6742   |0.7916   |0.4382   |0.5641   |
43.81      |30.15     |13.66     |    Fire   |0.9172   |0.8571   |0.8162   |0.8362   |


Saving model with new best validation loss: 43.805

=== EPOCH 8/124 ===
Learning Rate = 0.001

TRAIN Stats
Total Loss |Smoke Loss|Fire Loss |    _______|Accuracy |Precision|Recall   |F1       |
-----------|----------|----------|    Smoke  |0.6854   |0.7778   |0.5017   |0.6100   |
46.72      |30.31     |16.41     |    Fire   |0.8984   |0.8257   |0.7959   |0.8105   |

VAL Stats
Total Loss |Smoke Loss|Fire Loss |    _______|Accuracy |Precision|Recall   |F1       |
-----------|----------|----------|    Smoke  |0.6975   |0.8069   |0.4881   |0.6083   |
42.90      |29.31     |13.59     |    Fire   |0.9191   |0.8616   |0.8189   |0.8397   |


Saving model with new best validation loss: 42.898

=== EPOCH 9/124 ===
Learning Rate = 0.001

TRAIN Stats
Total Loss |Smoke Loss|Fire Loss |    _______|Accuracy |Precision|Recall   |F1       |
-----------|----------|----------|    Smoke  |0.6881   |0.7812   |0.5056   |0.6139   |
46.05      |30.03     |16.02     |    Fire   |0.9006   |0.8312   |0.7986   |0.8146   |

VAL Stats
Total Loss |Smoke Loss|Fire Loss |    _______|Accuracy |Precision|Recall   |F1       |
-----------|----------|----------|    Smoke  |0.6989   |0.8299   |0.4707   |0.6007   |
46.45      |29.18     |17.28     |    Fire   |0.8934   |0.9371   |0.6306   |0.7539   |


=== EPOCH 10/124 ===
Learning Rate = 0.001

TRAIN Stats
Total Loss |Smoke Loss|Fire Loss |    _______|Accuracy |Precision|Recall   |F1       |
-----------|----------|----------|    Smoke  |0.6929   |0.7922   |0.5064   |0.6179   |
45.05      |29.77     |15.29     |    Fire   |0.9074   |0.8476   |0.8062   |0.8264   |

VAL Stats
Total Loss |Smoke Loss|Fire Loss |    _______|Accuracy |Precision|Recall   |F1       |
-----------|----------|----------|    Smoke  |0.7036   |0.8362   |0.4775   |0.6078   |
40.90      |27.74     |13.16     |    Fire   |0.9216   |0.9216   |0.7622   |0.8343   |


Saving model with new best validation loss: 40.903

=== EPOCH 11/124 ===
Learning Rate = 0.001

TRAIN Stats
Total Loss |Smoke Loss|Fire Loss |    _______|Accuracy |Precision|Recall   |F1       |
-----------|----------|----------|    Smoke  |0.6967   |0.7815   |0.5296   |0.6313   |
44.47      |29.42     |15.05     |    Fire   |0.9060   |0.8429   |0.8062   |0.8242   |

VAL Stats
Total Loss |Smoke Loss|Fire Loss |    _______|Accuracy |Precision|Recall   |F1       |
-----------|----------|----------|    Smoke  |0.7069   |0.8090   |0.5114   |0.6267   |
43.96      |28.33     |15.63     |    Fire   |0.9030   |0.9035   |0.7000   |0.7888   |


=== EPOCH 12/124 ===
Learning Rate = 0.001

TRAIN Stats
Total Loss |Smoke Loss|Fire Loss |    _______|Accuracy |Precision|Recall   |F1       |
-----------|----------|----------|    Smoke  |0.6988   |0.7773   |0.5407   |0.6378   |
44.22      |29.36     |14.87     |    Fire   |0.9088   |0.8429   |0.8189   |0.8307   |

VAL Stats
Total Loss |Smoke Loss|Fire Loss |    _______|Accuracy |Precision|Recall   |F1       |
-----------|----------|----------|    Smoke  |0.7034   |0.8686   |0.4518   |0.5944   |
41.30      |27.83     |13.47     |    Fire   |0.9291   |0.9380   |0.7775   |0.8502   |


=== EPOCH 13/124 ===
Learning Rate = 0.001

TRAIN Stats
Total Loss |Smoke Loss|Fire Loss |    _______|Accuracy |Precision|Recall   |F1       |
-----------|----------|----------|    Smoke  |0.7072   |0.7924   |0.5459   |0.6465   |
43.85      |28.95     |14.89     |    Fire   |0.9097   |0.8507   |0.8124   |0.8311   |

VAL Stats
Total Loss |Smoke Loss|Fire Loss |    _______|Accuracy |Precision|Recall   |F1       |
-----------|----------|----------|    Smoke  |0.7167   |0.8719   |0.4818   |0.6207   |
38.24      |26.96     |11.28     |    Fire   |0.9408   |0.9188   |0.8459   |0.8809   |


Saving model with new best validation loss: 38.240

=== EPOCH 14/124 ===
Learning Rate = 0.001

TRAIN Stats
Total Loss |Smoke Loss|Fire Loss |    _______|Accuracy |Precision|Recall   |F1       |
-----------|----------|----------|    Smoke  |0.7095   |0.7899   |0.5551   |0.6520   |
42.87      |28.51     |14.36     |    Fire   |0.9131   |0.8543   |0.8223   |0.8380   |

VAL Stats
Total Loss |Smoke Loss|Fire Loss |    _______|Accuracy |Precision|Recall   |F1       |
-----------|----------|----------|    Smoke  |0.7120   |0.8651   |0.4755   |0.6137   |
39.11      |26.54     |12.57     |    Fire   |0.9277   |0.9237   |0.7856   |0.8491   |


=== EPOCH 15/124 ===
Learning Rate = 0.001

TRAIN Stats
Total Loss |Smoke Loss|Fire Loss |    _______|Accuracy |Precision|Recall   |F1       |
-----------|----------|----------|    Smoke  |0.7128   |0.7911   |0.5630   |0.6578   |
42.90      |28.33     |14.57     |    Fire   |0.9103   |0.8488   |0.8173   |0.8327   |

VAL Stats
Total Loss |Smoke Loss|Fire Loss |    _______|Accuracy |Precision|Recall   |F1       |
-----------|----------|----------|    Smoke  |0.7257   |0.8668   |0.5080   |0.6406   |
38.59      |26.79     |11.80     |    Fire   |0.9321   |0.9116   |0.8171   |0.8618   |


=== EPOCH 16/124 ===
Learning Rate = 0.001

TRAIN Stats
Total Loss |Smoke Loss|Fire Loss |    _______|Accuracy |Precision|Recall   |F1       |
-----------|----------|----------|    Smoke  |0.7168   |0.7938   |0.5708   |0.6641   |
42.05      |28.07     |13.98     |    Fire   |0.9142   |0.8538   |0.8278   |0.8406   |

VAL Stats
Total Loss |Smoke Loss|Fire Loss |    _______|Accuracy |Precision|Recall   |F1       |
-----------|----------|----------|    Smoke  |0.7493   |0.8676   |0.5652   |0.6845   |
36.76      |25.31     |11.44     |    Fire   |0.9380   |0.9280   |0.8243   |0.8731   |


Saving model with new best validation loss: 36.758

=== EPOCH 17/124 ===
Learning Rate = 0.001

TRAIN Stats
Total Loss |Smoke Loss|Fire Loss |    _______|Accuracy |Precision|Recall   |F1       |
-----------|----------|----------|    Smoke  |0.7243   |0.7968   |0.5876   |0.6764   |
41.44      |27.73     |13.71     |    Fire   |0.9151   |0.8609   |0.8223   |0.8412   |

VAL Stats
Total Loss |Smoke Loss|Fire Loss |    _______|Accuracy |Precision|Recall   |F1       |
-----------|----------|----------|    Smoke  |0.7281   |0.8518   |0.5264   |0.6507   |
36.79      |25.71     |11.08     |    Fire   |0.9424   |0.9260   |0.8450   |0.8837   |


=== EPOCH 18/124 ===
Learning Rate = 0.001

TRAIN Stats
Total Loss |Smoke Loss|Fire Loss |    _______|Accuracy |Precision|Recall   |F1       |
-----------|----------|----------|    Smoke  |0.7272   |0.7958   |0.5969   |0.6822   |
41.18      |27.48     |13.70     |    Fire   |0.9159   |0.8588   |0.8285   |0.8434   |

VAL Stats
Total Loss |Smoke Loss|Fire Loss |    _______|Accuracy |Precision|Recall   |F1       |
-----------|----------|----------|    Smoke  |0.7437   |0.8668   |0.5521   |0.6746   |
37.62      |25.82     |11.81     |    Fire   |0.9328   |0.9587   |0.7739   |0.8564   |


=== EPOCH 19/124 ===
Learning Rate = 0.001

TRAIN Stats
Total Loss |Smoke Loss|Fire Loss |    _______|Accuracy |Precision|Recall   |F1       |
-----------|----------|----------|    Smoke  |0.7383   |0.8021   |0.6193   |0.6989   |
40.28      |26.98     |13.30     |    Fire   |0.9196   |0.8629   |0.8394   |0.8510   |

VAL Stats
Total Loss |Smoke Loss|Fire Loss |    _______|Accuracy |Precision|Recall   |F1       |
-----------|----------|----------|    Smoke  |0.7369   |0.8342   |0.5657   |0.6742   |
36.34      |25.42     |10.92     |    Fire   |0.9408   |0.9263   |0.8378   |0.8798   |


Saving model with new best validation loss: 36.339

=== EPOCH 20/124 ===
Learning Rate = 0.001

TRAIN Stats
Total Loss |Smoke Loss|Fire Loss |    _______|Accuracy |Precision|Recall   |F1       |
-----------|----------|----------|    Smoke  |0.7329   |0.7960   |0.6123   |0.6922   |
40.97      |27.23     |13.74     |    Fire   |0.9155   |0.8562   |0.8304   |0.8431   |

VAL Stats
Total Loss |Smoke Loss|Fire Loss |    _______|Accuracy |Precision|Recall   |F1       |
-----------|----------|----------|    Smoke  |0.7502   |0.8421   |0.5919   |0.6951   |
34.93      |24.80     |10.13     |    Fire   |0.9501   |0.9392   |0.8631   |0.8995   |


Saving model with new best validation loss: 34.930

=== EPOCH 21/124 ===
Learning Rate = 0.001

TRAIN Stats
Total Loss |Smoke Loss|Fire Loss |    _______|Accuracy |Precision|Recall   |F1       |
-----------|----------|----------|    Smoke  |0.7363   |0.7994   |0.6170   |0.6965   |
40.15      |26.87     |13.29     |    Fire   |0.9209   |0.8685   |0.8377   |0.8528   |

VAL Stats
Total Loss |Smoke Loss|Fire Loss |    _______|Accuracy |Precision|Recall   |F1       |
-----------|----------|----------|    Smoke  |0.7232   |0.9018   |0.4765   |0.6235   |
35.35      |25.15     |10.19     |    Fire   |0.9471   |0.9393   |0.8505   |0.8927   |


=== EPOCH 22/124 ===
Learning Rate = 0.001

TRAIN Stats
Total Loss |Smoke Loss|Fire Loss |    _______|Accuracy |Precision|Recall   |F1       |
-----------|----------|----------|    Smoke  |0.7464   |0.8060   |0.6358   |0.7109   |
39.33      |26.34     |12.99     |    Fire   |0.9210   |0.8704   |0.8353   |0.8525   |

VAL Stats
Total Loss |Smoke Loss|Fire Loss |    _______|Accuracy |Precision|Recall   |F1       |
-----------|----------|----------|    Smoke  |0.7295   |0.8778   |0.5085   |0.6440   |
37.50      |25.98     |11.53     |    Fire   |0.9368   |0.9430   |0.8045   |0.8683   |


=== EPOCH 23/124 ===
Learning Rate = 0.001

TRAIN Stats
Total Loss |Smoke Loss|Fire Loss |    _______|Accuracy |Precision|Recall   |F1       |
-----------|----------|----------|    Smoke  |0.7456   |0.8013   |0.6399   |0.7115   |
39.63      |26.50     |13.13     |    Fire   |0.9222   |0.8686   |0.8428   |0.8555   |

VAL Stats
Total Loss |Smoke Loss|Fire Loss |    _______|Accuracy |Precision|Recall   |F1       |
-----------|----------|----------|    Smoke  |0.7563   |0.8816   |0.5700   |0.6924   |
35.97      |24.08     |11.89     |    Fire   |0.9335   |0.9568   |0.7784   |0.8584   |


=== EPOCH 24/124 ===
Learning Rate = 0.0008

TRAIN Stats
Total Loss |Smoke Loss|Fire Loss |    _______|Accuracy |Precision|Recall   |F1       |
-----------|----------|----------|    Smoke  |0.7541   |0.8128   |0.6477   |0.7209   |
38.24      |25.70     |12.55     |    Fire   |0.9250   |0.8773   |0.8434   |0.8601   |

VAL Stats
Total Loss |Smoke Loss|Fire Loss |    _______|Accuracy |Precision|Recall   |F1       |
-----------|----------|----------|    Smoke  |0.8015   |0.8367   |0.7300   |0.7797   |
32.50      |22.50     |10.00     |    Fire   |0.9464   |0.9409   |0.8459   |0.8909   |


Saving model with new best validation loss: 32.499

=== EPOCH 25/124 ===
Learning Rate = 0.0008

TRAIN Stats
Total Loss |Smoke Loss|Fire Loss |    _______|Accuracy |Precision|Recall   |F1       |
-----------|----------|----------|    Smoke  |0.7584   |0.8101   |0.6625   |0.7289   |
37.80      |25.52     |12.28     |    Fire   |0.9265   |0.8795   |0.8472   |0.8631   |

VAL Stats
Total Loss |Smoke Loss|Fire Loss |    _______|Accuracy |Precision|Recall   |F1       |
-----------|----------|----------|    Smoke  |0.7740   |0.9088   |0.5894   |0.7151   |
32.48      |22.35     |10.13     |    Fire   |0.9461   |0.9489   |0.8369   |0.8894   |


Saving model with new best validation loss: 32.477

=== EPOCH 26/124 ===
Learning Rate = 0.0008

TRAIN Stats
Total Loss |Smoke Loss|Fire Loss |    _______|Accuracy |Precision|Recall   |F1       |
-----------|----------|----------|    Smoke  |0.7645   |0.8149   |0.6725   |0.7369   |
37.27      |25.01     |12.26     |    Fire   |0.9262   |0.8752   |0.8514   |0.8632   |

VAL Stats
Total Loss |Smoke Loss|Fire Loss |    _______|Accuracy |Precision|Recall   |F1       |
-----------|----------|----------|    Smoke  |0.7743   |0.8450   |0.6500   |0.7348   |
33.45      |23.09     |10.36     |    Fire   |0.9443   |0.9257   |0.8532   |0.8880   |


=== EPOCH 27/124 ===
Learning Rate = 0.0008

TRAIN Stats
Total Loss |Smoke Loss|Fire Loss |    _______|Accuracy |Precision|Recall   |F1       |
-----------|----------|----------|    Smoke  |0.7655   |0.8134   |0.6771   |0.7390   |
37.46      |25.08     |12.39     |    Fire   |0.9250   |0.8745   |0.8470   |0.8605   |

VAL Stats
Total Loss |Smoke Loss|Fire Loss |    _______|Accuracy |Precision|Recall   |F1       |
-----------|----------|----------|    Smoke  |0.7973   |0.8447   |0.7092   |0.7710   |
31.95      |22.12     |9.84      |    Fire   |0.9450   |0.8780   |0.9144   |0.8959   |


Saving model with new best validation loss: 31.953

=== EPOCH 28/124 ===
Learning Rate = 0.0008

TRAIN Stats
Total Loss |Smoke Loss|Fire Loss |    _______|Accuracy |Precision|Recall   |F1       |
-----------|----------|----------|    Smoke  |0.7660   |0.8154   |0.6756   |0.7389   |
36.67      |24.79     |11.88     |    Fire   |0.9281   |0.8811   |0.8519   |0.8662   |

VAL Stats
Total Loss |Smoke Loss|Fire Loss |    _______|Accuracy |Precision|Recall   |F1       |
-----------|----------|----------|    Smoke  |0.8048   |0.8572   |0.7130   |0.7785   |
31.45      |21.31     |10.14     |    Fire   |0.9440   |0.9439   |0.8333   |0.8852   |


Saving model with new best validation loss: 31.446

=== EPOCH 29/124 ===
Learning Rate = 0.0008

TRAIN Stats
Total Loss |Smoke Loss|Fire Loss |    _______|Accuracy |Precision|Recall   |F1       |
-----------|----------|----------|    Smoke  |0.7736   |0.8197   |0.6903   |0.7494   |
36.20      |24.33     |11.87     |    Fire   |0.9286   |0.8815   |0.8536   |0.8673   |

VAL Stats
Total Loss |Smoke Loss|Fire Loss |    _______|Accuracy |Precision|Recall   |F1       |
-----------|----------|----------|    Smoke  |0.8232   |0.8480   |0.7707   |0.8075   |
29.88      |20.67     |9.21      |    Fire   |0.9529   |0.9332   |0.8811   |0.9064   |


Saving model with new best validation loss: 29.884

=== EPOCH 30/124 ===
Learning Rate = 0.0008

TRAIN Stats
Total Loss |Smoke Loss|Fire Loss |    _______|Accuracy |Precision|Recall   |F1       |
-----------|----------|----------|    Smoke  |0.7717   |0.8227   |0.6813   |0.7453   |
35.89      |24.43     |11.46     |    Fire   |0.9294   |0.8814   |0.8572   |0.8691   |

VAL Stats
Total Loss |Smoke Loss|Fire Loss |    _______|Accuracy |Precision|Recall   |F1       |
-----------|----------|----------|    Smoke  |0.7964   |0.8365   |0.7169   |0.7721   |
31.43      |22.15     |9.28      |    Fire   |0.9475   |0.8919   |0.9072   |0.8995   |


=== EPOCH 31/124 ===
Learning Rate = 0.0008

TRAIN Stats
Total Loss |Smoke Loss|Fire Loss |    _______|Accuracy |Precision|Recall   |F1       |
-----------|----------|----------|    Smoke  |0.7785   |0.8244   |0.6965   |0.7551   |
35.76      |24.11     |11.64     |    Fire   |0.9303   |0.8795   |0.8631   |0.8712   |

VAL Stats
Total Loss |Smoke Loss|Fire Loss |    _______|Accuracy |Precision|Recall   |F1       |
-----------|----------|----------|    Smoke  |0.8291   |0.8515   |0.7809   |0.8147   |
30.16      |20.96     |9.20      |    Fire   |0.9524   |0.9323   |0.8802   |0.9055   |


=== EPOCH 32/124 ===
Learning Rate = 0.0008

TRAIN Stats
Total Loss |Smoke Loss|Fire Loss |    _______|Accuracy |Precision|Recall   |F1       |
-----------|----------|----------|    Smoke  |0.7814   |0.8257   |0.7024   |0.7591   |
35.13      |23.83     |11.30     |    Fire   |0.9323   |0.8851   |0.8646   |0.8748   |

VAL Stats
Total Loss |Smoke Loss|Fire Loss |    _______|Accuracy |Precision|Recall   |F1       |
-----------|----------|----------|    Smoke  |0.8253   |0.8638   |0.7562   |0.8064   |
29.64      |20.34     |9.30      |    Fire   |0.9492   |0.9122   |0.8892   |0.9005   |


Saving model with new best validation loss: 29.642

=== EPOCH 33/124 ===
Learning Rate = 0.0008

TRAIN Stats
Total Loss |Smoke Loss|Fire Loss |    _______|Accuracy |Precision|Recall   |F1       |
-----------|----------|----------|    Smoke  |0.7758   |0.8193   |0.6962   |0.7528   |
35.53      |24.08     |11.45     |    Fire   |0.9310   |0.8856   |0.8584   |0.8718   |

VAL Stats
Total Loss |Smoke Loss|Fire Loss |    _______|Accuracy |Precision|Recall   |F1       |
-----------|----------|----------|    Smoke  |0.8197   |0.8690   |0.7363   |0.7972   |
29.18      |20.43     |8.75      |    Fire   |0.9545   |0.9437   |0.8766   |0.9089   |


Saving model with new best validation loss: 29.180

=== EPOCH 34/124 ===
Learning Rate = 0.0008

TRAIN Stats
Total Loss |Smoke Loss|Fire Loss |    _______|Accuracy |Precision|Recall   |F1       |
-----------|----------|----------|    Smoke  |0.7826   |0.8250   |0.7065   |0.7612   |
35.06      |23.58     |11.48     |    Fire   |0.9306   |0.8821   |0.8615   |0.8716   |

VAL Stats
Total Loss |Smoke Loss|Fire Loss |    _______|Accuracy |Precision|Recall   |F1       |
-----------|----------|----------|    Smoke  |0.8365   |0.8365   |0.8206   |0.8285   |
31.49      |20.79     |10.70     |    Fire   |0.9382   |0.9597   |0.7946   |0.8694   |


=== EPOCH 35/124 ===
Learning Rate = 0.0008

TRAIN Stats
Total Loss |Smoke Loss|Fire Loss |    _______|Accuracy |Precision|Recall   |F1       |
-----------|----------|----------|    Smoke  |0.7882   |0.8301   |0.7144   |0.7679   |
34.42      |23.14     |11.28     |    Fire   |0.9336   |0.8916   |0.8619   |0.8765   |

VAL Stats
Total Loss |Smoke Loss|Fire Loss |    _______|Accuracy |Precision|Recall   |F1       |
-----------|----------|----------|    Smoke  |0.8377   |0.8346   |0.8265   |0.8305   |
29.85      |20.33     |9.52      |    Fire   |0.9466   |0.9144   |0.8757   |0.8946   |


=== EPOCH 36/124 ===
Learning Rate = 0.0008

TRAIN Stats
Total Loss |Smoke Loss|Fire Loss |    _______|Accuracy |Precision|Recall   |F1       |
-----------|----------|----------|    Smoke  |0.7886   |0.8281   |0.7180   |0.7691   |
34.63      |23.40     |11.23     |    Fire   |0.9335   |0.8904   |0.8630   |0.8765   |

VAL Stats
Total Loss |Smoke Loss|Fire Loss |    _______|Accuracy |Precision|Recall   |F1       |
-----------|----------|----------|    Smoke  |0.8545   |0.8765   |0.8119   |0.8430   |
28.44      |19.50     |8.94      |    Fire   |0.9515   |0.9362   |0.8721   |0.9030   |


Saving model with new best validation loss: 28.436

=== EPOCH 37/124 ===
Learning Rate = 0.0008

TRAIN Stats
Total Loss |Smoke Loss|Fire Loss |    _______|Accuracy |Precision|Recall   |F1       |
-----------|----------|----------|    Smoke  |0.7927   |0.8372   |0.7165   |0.7722   |
34.29      |22.97     |11.31     |    Fire   |0.9331   |0.8882   |0.8640   |0.8759   |

VAL Stats
Total Loss |Smoke Loss|Fire Loss |    _______|Accuracy |Precision|Recall   |F1       |
-----------|----------|----------|    Smoke  |0.8202   |0.8963   |0.7082   |0.7912   |
28.16      |19.52     |8.64      |    Fire   |0.9517   |0.9396   |0.8694   |0.9031   |


Saving model with new best validation loss: 28.164

=== EPOCH 38/124 ===
Learning Rate = 0.0008

TRAIN Stats
Total Loss |Smoke Loss|Fire Loss |    _______|Accuracy |Precision|Recall   |F1       |
-----------|----------|----------|    Smoke  |0.7923   |0.8318   |0.7225   |0.7733   |
33.74      |22.97     |10.77     |    Fire   |0.9361   |0.8937   |0.8697   |0.8815   |

VAL Stats
Total Loss |Smoke Loss|Fire Loss |    _______|Accuracy |Precision|Recall   |F1       |
-----------|----------|----------|    Smoke  |0.7719   |0.9228   |0.5739   |0.7077   |
31.71      |22.14     |9.58      |    Fire   |0.9482   |0.9540   |0.8405   |0.8937   |


=== EPOCH 39/124 ===
Learning Rate = 0.0008

TRAIN Stats
Total Loss |Smoke Loss|Fire Loss |    _______|Accuracy |Precision|Recall   |F1       |
-----------|----------|----------|    Smoke  |0.7972   |0.8367   |0.7285   |0.7788   |
33.82      |22.75     |11.07     |    Fire   |0.9352   |0.8901   |0.8706   |0.8802   |

VAL Stats
Total Loss |Smoke Loss|Fire Loss |    _______|Accuracy |Precision|Recall   |F1       |
-----------|----------|----------|    Smoke  |0.8598   |0.8601   |0.8463   |0.8532   |
26.31      |18.04     |8.27      |    Fire   |0.9564   |0.9374   |0.8910   |0.9136   |


Saving model with new best validation loss: 26.313

=== EPOCH 40/124 ===
Learning Rate = 0.0008

TRAIN Stats
Total Loss |Smoke Loss|Fire Loss |    _______|Accuracy |Precision|Recall   |F1       |
-----------|----------|----------|    Smoke  |0.7995   |0.8386   |0.7321   |0.7817   |
33.26      |22.30     |10.97     |    Fire   |0.9335   |0.8883   |0.8655   |0.8767   |

VAL Stats
Total Loss |Smoke Loss|Fire Loss |    _______|Accuracy |Precision|Recall   |F1       |
-----------|----------|----------|    Smoke  |0.8393   |0.8754   |0.7765   |0.8230   |
27.57      |18.88     |8.69      |    Fire   |0.9562   |0.9441   |0.8829   |0.9125   |


=== EPOCH 41/124 ===
Learning Rate = 0.0008

TRAIN Stats
Total Loss |Smoke Loss|Fire Loss |    _______|Accuracy |Precision|Recall   |F1       |
-----------|----------|----------|    Smoke  |0.8018   |0.8383   |0.7381   |0.7850   |
33.25      |22.34     |10.91     |    Fire   |0.9346   |0.8876   |0.8710   |0.8792   |

VAL Stats
Total Loss |Smoke Loss|Fire Loss |    _______|Accuracy |Precision|Recall   |F1       |
-----------|----------|----------|    Smoke  |0.8279   |0.9107   |0.7121   |0.7992   |
27.74      |19.17     |8.57      |    Fire   |0.9550   |0.9338   |0.8892   |0.9109   |


=== EPOCH 42/124 ===
Learning Rate = 0.0008

TRAIN Stats
Total Loss |Smoke Loss|Fire Loss |    _______|Accuracy |Precision|Recall   |F1       |
-----------|----------|----------|    Smoke  |0.7993   |0.8364   |0.7344   |0.7821   |
33.03      |22.22     |10.81     |    Fire   |0.9345   |0.8925   |0.8646   |0.8783   |

VAL Stats
Total Loss |Smoke Loss|Fire Loss |    _______|Accuracy |Precision|Recall   |F1       |
-----------|----------|----------|    Smoke  |0.8377   |0.8829   |0.7639   |0.8191   |
27.00      |18.68     |8.32      |    Fire   |0.9559   |0.9357   |0.8910   |0.9128   |


=== EPOCH 43/124 ===
Learning Rate = 0.00064

TRAIN Stats
Total Loss |Smoke Loss|Fire Loss |    _______|Accuracy |Precision|Recall   |F1       |
-----------|----------|----------|    Smoke  |0.8138   |0.8507   |0.7524   |0.7985   |
31.74      |21.42     |10.33     |    Fire   |0.9401   |0.8995   |0.8789   |0.8891   |

VAL Stats
Total Loss |Smoke Loss|Fire Loss |    _______|Accuracy |Precision|Recall   |F1       |
-----------|----------|----------|    Smoke  |0.8225   |0.9074   |0.7029   |0.7921   |
27.11      |19.15     |7.96      |    Fire   |0.9557   |0.9331   |0.8928   |0.9125   |


=== EPOCH 44/124 ===
Learning Rate = 0.00064

TRAIN Stats
Total Loss |Smoke Loss|Fire Loss |    _______|Accuracy |Precision|Recall   |F1       |
-----------|----------|----------|    Smoke  |0.8117   |0.8451   |0.7542   |0.7971   |
31.56      |21.28     |10.28     |    Fire   |0.9381   |0.8957   |0.8755   |0.8855   |

VAL Stats
Total Loss |Smoke Loss|Fire Loss |    _______|Accuracy |Precision|Recall   |F1       |
-----------|----------|----------|    Smoke  |0.8512   |0.8816   |0.7979   |0.8377   |
25.97      |17.58     |8.39      |    Fire   |0.9550   |0.9195   |0.9054   |0.9124   |


Saving model with new best validation loss: 25.966

=== EPOCH 45/124 ===
Learning Rate = 0.00064

TRAIN Stats
Total Loss |Smoke Loss|Fire Loss |    _______|Accuracy |Precision|Recall   |F1       |
-----------|----------|----------|    Smoke  |0.8124   |0.8451   |0.7558   |0.7980   |
31.64      |21.46     |10.18     |    Fire   |0.9394   |0.8977   |0.8782   |0.8878   |

VAL Stats
Total Loss |Smoke Loss|Fire Loss |    _______|Accuracy |Precision|Recall   |F1       |
-----------|----------|----------|    Smoke  |0.8549   |0.8939   |0.7925   |0.8402   |
25.43      |17.52     |7.91      |    Fire   |0.9548   |0.9194   |0.9045   |0.9119   |


Saving model with new best validation loss: 25.427

=== EPOCH 46/124 ===
Learning Rate = 0.00064

TRAIN Stats
Total Loss |Smoke Loss|Fire Loss |    _______|Accuracy |Precision|Recall   |F1       |
-----------|----------|----------|    Smoke  |0.8144   |0.8473   |0.7579   |0.8001   |
31.15      |21.24     |9.91      |    Fire   |0.9417   |0.9005   |0.8844   |0.8924   |

VAL Stats
Total Loss |Smoke Loss|Fire Loss |    _______|Accuracy |Precision|Recall   |F1       |
-----------|----------|----------|    Smoke  |0.8440   |0.9034   |0.7567   |0.8235   |
26.22      |17.80     |8.43      |    Fire   |0.9534   |0.9244   |0.8928   |0.9083   |


=== EPOCH 47/124 ===
Learning Rate = 0.00064

TRAIN Stats
Total Loss |Smoke Loss|Fire Loss |    _______|Accuracy |Precision|Recall   |F1       |
-----------|----------|----------|    Smoke  |0.8192   |0.8494   |0.7673   |0.8063   |
31.00      |20.80     |10.20     |    Fire   |0.9399   |0.9005   |0.8771   |0.8886   |

VAL Stats
Total Loss |Smoke Loss|Fire Loss |    _______|Accuracy |Precision|Recall   |F1       |
-----------|----------|----------|    Smoke  |0.8694   |0.8904   |0.8308   |0.8596   |
25.02      |16.62     |8.39      |    Fire   |0.9529   |0.9235   |0.8919   |0.9074   |


Saving model with new best validation loss: 25.016

=== EPOCH 48/124 ===
Learning Rate = 0.00064

TRAIN Stats
Total Loss |Smoke Loss|Fire Loss |    _______|Accuracy |Precision|Recall   |F1       |
-----------|----------|----------|    Smoke  |0.8188   |0.8502   |0.7653   |0.8056   |
30.69      |20.66     |10.02     |    Fire   |0.9407   |0.8982   |0.8831   |0.8906   |

VAL Stats
Total Loss |Smoke Loss|Fire Loss |    _______|Accuracy |Precision|Recall   |F1       |
-----------|----------|----------|    Smoke  |0.8468   |0.9087   |0.7576   |0.8263   |
25.38      |17.36     |8.02      |    Fire   |0.9571   |0.9461   |0.8847   |0.9143   |


=== EPOCH 49/124 ===
Learning Rate = 0.00064

TRAIN Stats
Total Loss |Smoke Loss|Fire Loss |    _______|Accuracy |Precision|Recall   |F1       |
-----------|----------|----------|    Smoke  |0.8194   |0.8498   |0.7672   |0.8064   |
31.09      |20.74     |10.35     |    Fire   |0.9387   |0.8950   |0.8786   |0.8867   |

VAL Stats
Total Loss |Smoke Loss|Fire Loss |    _______|Accuracy |Precision|Recall   |F1       |
-----------|----------|----------|    Smoke  |0.8330   |0.8964   |0.7382   |0.8097   |
26.94      |18.82     |8.12      |    Fire   |0.9578   |0.9250   |0.9108   |0.9178   |


=== EPOCH 50/124 ===
Learning Rate = 0.00064

TRAIN Stats
Total Loss |Smoke Loss|Fire Loss |    _______|Accuracy |Precision|Recall   |F1       |
-----------|----------|----------|    Smoke  |0.8185   |0.8487   |0.7666   |0.8056   |
31.00      |20.72     |10.28     |    Fire   |0.9396   |0.8967   |0.8805   |0.8886   |

VAL Stats
Total Loss |Smoke Loss|Fire Loss |    _______|Accuracy |Precision|Recall   |F1       |
-----------|----------|----------|    Smoke  |0.8689   |0.8489   |0.8851   |0.8666   |
25.84      |17.47     |8.37      |    Fire   |0.9531   |0.8942   |0.9288   |0.9112   |


=== EPOCH 51/124 ===
Learning Rate = 0.0005120000000000001

TRAIN Stats
Total Loss |Smoke Loss|Fire Loss |    _______|Accuracy |Precision|Recall   |F1       |
-----------|----------|----------|    Smoke  |0.8284   |0.8592   |0.7775   |0.8163   |
29.86      |20.13     |9.73      |    Fire   |0.9425   |0.8996   |0.8889   |0.8942   |

VAL Stats
Total Loss |Smoke Loss|Fire Loss |    _______|Accuracy |Precision|Recall   |F1       |
-----------|----------|----------|    Smoke  |0.8421   |0.9246   |0.7315   |0.8168   |
26.03      |18.19     |7.84      |    Fire   |0.9580   |0.9282   |0.9081   |0.9180   |


=== EPOCH 52/124 ===
Learning Rate = 0.0005120000000000001

TRAIN Stats
Total Loss |Smoke Loss|Fire Loss |    _______|Accuracy |Precision|Recall   |F1       |
-----------|----------|----------|    Smoke  |0.8281   |0.8607   |0.7749   |0.8155   |
29.67      |19.94     |9.74      |    Fire   |0.9427   |0.9008   |0.8882   |0.8945   |

VAL Stats
Total Loss |Smoke Loss|Fire Loss |    _______|Accuracy |Precision|Recall   |F1       |
-----------|----------|----------|    Smoke  |0.8687   |0.8910   |0.8284   |0.8586   |
24.73      |16.51     |8.22      |    Fire   |0.9550   |0.9226   |0.9018   |0.9121   |


Saving model with new best validation loss: 24.732

=== EPOCH 53/124 ===
Learning Rate = 0.0005120000000000001

TRAIN Stats
Total Loss |Smoke Loss|Fire Loss |    _______|Accuracy |Precision|Recall   |F1       |
-----------|----------|----------|    Smoke  |0.8321   |0.8619   |0.7831   |0.8206   |
29.35      |19.86     |9.49      |    Fire   |0.9455   |0.9088   |0.8899   |0.8993   |

VAL Stats
Total Loss |Smoke Loss|Fire Loss |    _______|Accuracy |Precision|Recall   |F1       |
-----------|----------|----------|    Smoke  |0.8424   |0.9211   |0.7353   |0.8178   |
25.87      |17.44     |8.43      |    Fire   |0.9538   |0.9506   |0.8667   |0.9067   |


=== EPOCH 54/124 ===
Learning Rate = 0.0005120000000000001

TRAIN Stats
Total Loss |Smoke Loss|Fire Loss |    _______|Accuracy |Precision|Recall   |F1       |
-----------|----------|----------|    Smoke  |0.8271   |0.8591   |0.7744   |0.8146   |
29.24      |19.83     |9.41      |    Fire   |0.9445   |0.9031   |0.8929   |0.8980   |

VAL Stats
Total Loss |Smoke Loss|Fire Loss |    _______|Accuracy |Precision|Recall   |F1       |
-----------|----------|----------|    Smoke  |0.8804   |0.8814   |0.8682   |0.8747   |
23.25      |15.54     |7.71      |    Fire   |0.9585   |0.9331   |0.9045   |0.9186   |


Saving model with new best validation loss: 23.251

=== EPOCH 55/124 ===
Learning Rate = 0.0005120000000000001

TRAIN Stats
Total Loss |Smoke Loss|Fire Loss |    _______|Accuracy |Precision|Recall   |F1       |
-----------|----------|----------|    Smoke  |0.8346   |0.8616   |0.7893   |0.8239   |
28.77      |19.32     |9.45      |    Fire   |0.9451   |0.9057   |0.8918   |0.8987   |

VAL Stats
Total Loss |Smoke Loss|Fire Loss |    _______|Accuracy |Precision|Recall   |F1       |
-----------|----------|----------|    Smoke  |0.8703   |0.9062   |0.8148   |0.8581   |
23.29      |15.57     |7.72      |    Fire   |0.9604   |0.9442   |0.9000   |0.9216   |


=== EPOCH 56/124 ===
Learning Rate = 0.0005120000000000001

TRAIN Stats
Total Loss |Smoke Loss|Fire Loss |    _______|Accuracy |Precision|Recall   |F1       |
-----------|----------|----------|    Smoke  |0.8329   |0.8585   |0.7892   |0.8224   |
29.07      |19.56     |9.51      |    Fire   |0.9431   |0.9023   |0.8878   |0.8950   |

VAL Stats
Total Loss |Smoke Loss|Fire Loss |    _______|Accuracy |Precision|Recall   |F1       |
-----------|----------|----------|    Smoke  |0.8734   |0.8796   |0.8536   |0.8664   |
24.53      |16.64     |7.89      |    Fire   |0.9585   |0.9244   |0.9144   |0.9194   |


=== EPOCH 57/124 ===
Learning Rate = 0.0005120000000000001

TRAIN Stats
Total Loss |Smoke Loss|Fire Loss |    _______|Accuracy |Precision|Recall   |F1       |
-----------|----------|----------|    Smoke  |0.8351   |0.8653   |0.7860   |0.8237   |
28.53      |19.38     |9.15      |    Fire   |0.9460   |0.9088   |0.8918   |0.9003   |

VAL Stats
Total Loss |Smoke Loss|Fire Loss |    _______|Accuracy |Precision|Recall   |F1       |
-----------|----------|----------|    Smoke  |0.8743   |0.8806   |0.8546   |0.8674   |
24.51      |16.52     |7.99      |    Fire   |0.9555   |0.9006   |0.9306   |0.9154   |


=== EPOCH 58/124 ===
Learning Rate = 0.0004096000000000001

TRAIN Stats
Total Loss |Smoke Loss|Fire Loss |    _______|Accuracy |Precision|Recall   |F1       |
-----------|----------|----------|    Smoke  |0.8393   |0.8648   |0.7970   |0.8295   |
28.71      |19.23     |9.48      |    Fire   |0.9451   |0.9046   |0.8931   |0.8988   |

VAL Stats
Total Loss |Smoke Loss|Fire Loss |    _______|Accuracy |Precision|Recall   |F1       |
-----------|----------|----------|    Smoke  |0.8577   |0.9327   |0.7591   |0.8370   |
25.76      |16.54     |9.22      |    Fire   |0.9492   |0.9636   |0.8351   |0.8948   |


=== EPOCH 59/124 ===
Learning Rate = 0.0004096000000000001

TRAIN Stats
Total Loss |Smoke Loss|Fire Loss |    _______|Accuracy |Precision|Recall   |F1       |
-----------|----------|----------|    Smoke  |0.8432   |0.8687   |0.8013   |0.8337   |
27.85      |18.63     |9.22      |    Fire   |0.9464   |0.9077   |0.8950   |0.9013   |

VAL Stats
Total Loss |Smoke Loss|Fire Loss |    _______|Accuracy |Precision|Recall   |F1       |
-----------|----------|----------|    Smoke  |0.8766   |0.9028   |0.8333   |0.8666   |
23.14      |15.57     |7.57      |    Fire   |0.9585   |0.9371   |0.9000   |0.9182   |


Saving model with new best validation loss: 23.136

=== EPOCH 60/124 ===
Learning Rate = 0.0004096000000000001

TRAIN Stats
Total Loss |Smoke Loss|Fire Loss |    _______|Accuracy |Precision|Recall   |F1       |
-----------|----------|----------|    Smoke  |0.8419   |0.8704   |0.7960   |0.8315   |
27.90      |18.63     |9.27      |    Fire   |0.9467   |0.9064   |0.8975   |0.9019   |

VAL Stats
Total Loss |Smoke Loss|Fire Loss |    _______|Accuracy |Precision|Recall   |F1       |
-----------|----------|----------|    Smoke  |0.8736   |0.9073   |0.8211   |0.8621   |
22.95      |15.43     |7.52      |    Fire   |0.9606   |0.9313   |0.9153   |0.9232   |


Saving model with new best validation loss: 22.951

=== EPOCH 61/124 ===
Learning Rate = 0.0004096000000000001

TRAIN Stats
Total Loss |Smoke Loss|Fire Loss |    _______|Accuracy |Precision|Recall   |F1       |
-----------|----------|----------|    Smoke  |0.8421   |0.8672   |0.8006   |0.8326   |
28.02      |18.77     |9.25      |    Fire   |0.9440   |0.9017   |0.8925   |0.8970   |

VAL Stats
Total Loss |Smoke Loss|Fire Loss |    _______|Accuracy |Precision|Recall   |F1       |
-----------|----------|----------|    Smoke  |0.8720   |0.9173   |0.8066   |0.8584   |
23.96      |16.13     |7.83      |    Fire   |0.9580   |0.9379   |0.8973   |0.9171   |


=== EPOCH 62/124 ===
Learning Rate = 0.0004096000000000001

TRAIN Stats
Total Loss |Smoke Loss|Fire Loss |    _______|Accuracy |Precision|Recall   |F1       |
-----------|----------|----------|    Smoke  |0.8464   |0.8697   |0.8079   |0.8376   |
27.87      |18.43     |9.45      |    Fire   |0.9459   |0.9051   |0.8961   |0.9006   |

VAL Stats
Total Loss |Smoke Loss|Fire Loss |    _______|Accuracy |Precision|Recall   |F1       |
-----------|----------|----------|    Smoke  |0.8771   |0.9076   |0.8289   |0.8665   |
23.37      |15.49     |7.88      |    Fire   |0.9571   |0.9401   |0.8910   |0.9149   |


=== EPOCH 63/124 ===
Learning Rate = 0.0004096000000000001

TRAIN Stats
Total Loss |Smoke Loss|Fire Loss |    _______|Accuracy |Precision|Recall   |F1       |
-----------|----------|----------|    Smoke  |0.8457   |0.8709   |0.8047   |0.8365   |
27.17      |18.39     |8.78      |    Fire   |0.9459   |0.9067   |0.8942   |0.9004   |

VAL Stats
Total Loss |Smoke Loss|Fire Loss |    _______|Accuracy |Precision|Recall   |F1       |
-----------|----------|----------|    Smoke  |0.8715   |0.8942   |0.8313   |0.8616   |
23.61      |16.10     |7.51      |    Fire   |0.9587   |0.9184   |0.9225   |0.9204   |


=== EPOCH 64/124 ===
Learning Rate = 0.0003276800000000001

TRAIN Stats
Total Loss |Smoke Loss|Fire Loss |    _______|Accuracy |Precision|Recall   |F1       |
-----------|----------|----------|    Smoke  |0.8445   |0.8704   |0.8024   |0.8350   |
27.14      |18.33     |8.81      |    Fire   |0.9477   |0.9090   |0.8984   |0.9037   |

VAL Stats
Total Loss |Smoke Loss|Fire Loss |    _______|Accuracy |Precision|Recall   |F1       |
-----------|----------|----------|    Smoke  |0.8839   |0.9237   |0.8270   |0.8726   |
23.15      |15.10     |8.05      |    Fire   |0.9576   |0.9567   |0.8757   |0.9144   |


=== EPOCH 65/124 ===
Learning Rate = 0.0003276800000000001

TRAIN Stats
Total Loss |Smoke Loss|Fire Loss |    _______|Accuracy |Precision|Recall   |F1       |
-----------|----------|----------|    Smoke  |0.8526   |0.8772   |0.8133   |0.8441   |
26.67      |17.89     |8.78      |    Fire   |0.9488   |0.9119   |0.8997   |0.9058   |

VAL Stats
Total Loss |Smoke Loss|Fire Loss |    _______|Accuracy |Precision|Recall   |F1       |
-----------|----------|----------|    Smoke  |0.8738   |0.9109   |0.8177   |0.8618   |
22.76      |15.23     |7.53      |    Fire   |0.9578   |0.9305   |0.9045   |0.9173   |


Saving model with new best validation loss: 22.762

=== EPOCH 66/124 ===
Learning Rate = 0.0003276800000000001

TRAIN Stats
Total Loss |Smoke Loss|Fire Loss |    _______|Accuracy |Precision|Recall   |F1       |
-----------|----------|----------|    Smoke  |0.8553   |0.8788   |0.8177   |0.8471   |
26.45      |17.71     |8.74      |    Fire   |0.9477   |0.9099   |0.8974   |0.9036   |

VAL Stats
Total Loss |Smoke Loss|Fire Loss |    _______|Accuracy |Precision|Recall   |F1       |
-----------|----------|----------|    Smoke  |0.8862   |0.9151   |0.8415   |0.8768   |
21.73      |14.34     |7.38      |    Fire   |0.9611   |0.9354   |0.9126   |0.9238   |


Saving model with new best validation loss: 21.728

=== EPOCH 67/124 ===
Learning Rate = 0.0003276800000000001

TRAIN Stats
Total Loss |Smoke Loss|Fire Loss |    _______|Accuracy |Precision|Recall   |F1       |
-----------|----------|----------|    Smoke  |0.8508   |0.8749   |0.8118   |0.8422   |
26.44      |17.87     |8.57      |    Fire   |0.9502   |0.9131   |0.9038   |0.9084   |

VAL Stats
Total Loss |Smoke Loss|Fire Loss |    _______|Accuracy |Precision|Recall   |F1       |
-----------|----------|----------|    Smoke  |0.8855   |0.9119   |0.8434   |0.8764   |
22.53      |14.38     |8.15      |    Fire   |0.9550   |0.9636   |0.8586   |0.9081   |


=== EPOCH 68/124 ===
Learning Rate = 0.0003276800000000001

TRAIN Stats
Total Loss |Smoke Loss|Fire Loss |    _______|Accuracy |Precision|Recall   |F1       |
-----------|----------|----------|    Smoke  |0.8522   |0.8772   |0.8124   |0.8436   |
26.58      |18.00     |8.57      |    Fire   |0.9494   |0.9123   |0.9016   |0.9069   |

VAL Stats
Total Loss |Smoke Loss|Fire Loss |    _______|Accuracy |Precision|Recall   |F1       |
-----------|----------|----------|    Smoke  |0.8813   |0.9034   |0.8434   |0.8724   |
22.46      |14.95     |7.51      |    Fire   |0.9583   |0.9396   |0.8964   |0.9175   |


=== EPOCH 69/124 ===
Learning Rate = 0.0003276800000000001

TRAIN Stats
Total Loss |Smoke Loss|Fire Loss |    _______|Accuracy |Precision|Recall   |F1       |
-----------|----------|----------|    Smoke  |0.8486   |0.8723   |0.8097   |0.8398   |
26.49      |17.89     |8.60      |    Fire   |0.9495   |0.9104   |0.9044   |0.9073   |

VAL Stats
Total Loss |Smoke Loss|Fire Loss |    _______|Accuracy |Precision|Recall   |F1       |
-----------|----------|----------|    Smoke  |0.8801   |0.9207   |0.8216   |0.8683   |
21.92      |14.66     |7.27      |    Fire   |0.9597   |0.9318   |0.9108   |0.9212   |


=== EPOCH 70/124 ===
Learning Rate = 0.0002621440000000001

TRAIN Stats
Total Loss |Smoke Loss|Fire Loss |    _______|Accuracy |Precision|Recall   |F1       |
-----------|----------|----------|    Smoke  |0.8566   |0.8803   |0.8189   |0.8485   |
25.98      |17.38     |8.60      |    Fire   |0.9497   |0.9133   |0.9016   |0.9074   |

VAL Stats
Total Loss |Smoke Loss|Fire Loss |    _______|Accuracy |Precision|Recall   |F1       |
-----------|----------|----------|    Smoke  |0.8878   |0.9168   |0.8434   |0.8786   |
22.20      |14.61     |7.59      |    Fire   |0.9597   |0.9535   |0.8874   |0.9193   |


=== EPOCH 71/124 ===
Learning Rate = 0.0002621440000000001

TRAIN Stats
Total Loss |Smoke Loss|Fire Loss |    _______|Accuracy |Precision|Recall   |F1       |
-----------|----------|----------|    Smoke  |0.8574   |0.8840   |0.8163   |0.8488   |
25.58      |17.20     |8.39      |    Fire   |0.9521   |0.9162   |0.9080   |0.9121   |

VAL Stats
Total Loss |Smoke Loss|Fire Loss |    _______|Accuracy |Precision|Recall   |F1       |
-----------|----------|----------|    Smoke  |0.8741   |0.9224   |0.8061   |0.8603   |
22.46      |14.94     |7.52      |    Fire   |0.9601   |0.9384   |0.9054   |0.9216   |


=== EPOCH 72/124 ===
Learning Rate = 0.0002621440000000001

TRAIN Stats
Total Loss |Smoke Loss|Fire Loss |    _______|Accuracy |Precision|Recall   |F1       |
-----------|----------|----------|    Smoke  |0.8507   |0.8753   |0.8112   |0.8420   |
26.18      |17.56     |8.62      |    Fire   |0.9499   |0.9158   |0.8995   |0.9076   |

VAL Stats
Total Loss |Smoke Loss|Fire Loss |    _______|Accuracy |Precision|Recall   |F1       |
-----------|----------|----------|    Smoke  |0.8871   |0.9123   |0.8468   |0.8783   |
22.01      |14.64     |7.37      |    Fire   |0.9585   |0.9331   |0.9045   |0.9186   |


=== EPOCH 73/124 ===
Learning Rate = 0.00020971520000000012

TRAIN Stats
Total Loss |Smoke Loss|Fire Loss |    _______|Accuracy |Precision|Recall   |F1       |
-----------|----------|----------|    Smoke  |0.8529   |0.8753   |0.8164   |0.8448   |
25.87      |17.56     |8.32      |    Fire   |0.9521   |0.9178   |0.9059   |0.9118   |

VAL Stats
Total Loss |Smoke Loss|Fire Loss |    _______|Accuracy |Precision|Recall   |F1       |
-----------|----------|----------|    Smoke  |0.8918   |0.9140   |0.8556   |0.8838   |
21.16      |14.01     |7.16      |    Fire   |0.9599   |0.9383   |0.9045   |0.9211   |


Saving model with new best validation loss: 21.163

=== EPOCH 74/124 ===
Learning Rate = 0.00020971520000000012

TRAIN Stats
Total Loss |Smoke Loss|Fire Loss |    _______|Accuracy |Precision|Recall   |F1       |
-----------|----------|----------|    Smoke  |0.8577   |0.8794   |0.8227   |0.8501   |
25.40      |17.12     |8.29      |    Fire   |0.9531   |0.9199   |0.9074   |0.9136   |

VAL Stats
Total Loss |Smoke Loss|Fire Loss |    _______|Accuracy |Precision|Recall   |F1       |
-----------|----------|----------|    Smoke  |0.8876   |0.9248   |0.8342   |0.8772   |
21.34      |14.18     |7.16      |    Fire   |0.9597   |0.9407   |0.9009   |0.9204   |


=== EPOCH 75/124 ===
Learning Rate = 0.00020971520000000012

TRAIN Stats
Total Loss |Smoke Loss|Fire Loss |    _______|Accuracy |Precision|Recall   |F1       |
-----------|----------|----------|    Smoke  |0.8577   |0.8811   |0.8206   |0.8498   |
25.43      |17.07     |8.36      |    Fire   |0.9506   |0.9130   |0.9057   |0.9093   |

VAL Stats
Total Loss |Smoke Loss|Fire Loss |    _______|Accuracy |Precision|Recall   |F1       |
-----------|----------|----------|    Smoke  |0.8937   |0.9020   |0.8740   |0.8877   |
21.56      |14.15     |7.41      |    Fire   |0.9590   |0.9089   |0.9351   |0.9218   |


=== EPOCH 76/124 ===
Learning Rate = 0.00020971520000000012

TRAIN Stats
Total Loss |Smoke Loss|Fire Loss |    _______|Accuracy |Precision|Recall   |F1       |
-----------|----------|----------|    Smoke  |0.8600   |0.8833   |0.8231   |0.8521   |
24.97      |16.98     |7.99      |    Fire   |0.9542   |0.9218   |0.9095   |0.9156   |

VAL Stats
Total Loss |Smoke Loss|Fire Loss |    _______|Accuracy |Precision|Recall   |F1       |
-----------|----------|----------|    Smoke  |0.8916   |0.9039   |0.8667   |0.8849   |
21.26      |14.02     |7.23      |    Fire   |0.9585   |0.9275   |0.9108   |0.9191   |


=== EPOCH 77/124 ===
Learning Rate = 0.0001677721600000001

TRAIN Stats
Total Loss |Smoke Loss|Fire Loss |    _______|Accuracy |Precision|Recall   |F1       |
-----------|----------|----------|    Smoke  |0.8630   |0.8867   |0.8261   |0.8553   |
24.76      |16.55     |8.21      |    Fire   |0.9517   |0.9164   |0.9058   |0.9111   |

VAL Stats
Total Loss |Smoke Loss|Fire Loss |    _______|Accuracy |Precision|Recall   |F1       |
-----------|----------|----------|    Smoke  |0.8930   |0.8951   |0.8808   |0.8879   |
21.14      |13.92     |7.22      |    Fire   |0.9597   |0.9334   |0.9090   |0.9210   |


Saving model with new best validation loss: 21.142

=== EPOCH 78/124 ===
Learning Rate = 0.0001677721600000001

TRAIN Stats
Total Loss |Smoke Loss|Fire Loss |    _______|Accuracy |Precision|Recall   |F1       |
-----------|----------|----------|    Smoke  |0.8643   |0.8843   |0.8320   |0.8574   |
24.55      |16.46     |8.09      |    Fire   |0.9531   |0.9193   |0.9082   |0.9137   |

VAL Stats
Total Loss |Smoke Loss|Fire Loss |    _______|Accuracy |Precision|Recall   |F1       |
-----------|----------|----------|    Smoke  |0.9018   |0.9036   |0.8909   |0.8972   |
20.92      |13.76     |7.15      |    Fire   |0.9601   |0.9234   |0.9225   |0.9229   |


Saving model with new best validation loss: 20.918

=== EPOCH 79/124 ===
Learning Rate = 0.0001677721600000001

TRAIN Stats
Total Loss |Smoke Loss|Fire Loss |    _______|Accuracy |Precision|Recall   |F1       |
-----------|----------|----------|    Smoke  |0.8611   |0.8845   |0.8244   |0.8534   |
24.38      |16.55     |7.83      |    Fire   |0.9538   |0.9201   |0.9101   |0.9151   |

VAL Stats
Total Loss |Smoke Loss|Fire Loss |    _______|Accuracy |Precision|Recall   |F1       |
-----------|----------|----------|    Smoke  |0.8953   |0.9051   |0.8740   |0.8893   |
20.66      |13.62     |7.03      |    Fire   |0.9618   |0.9496   |0.9000   |0.9241   |


Saving model with new best validation loss: 20.656

=== EPOCH 80/124 ===
Learning Rate = 0.0001677721600000001

TRAIN Stats
Total Loss |Smoke Loss|Fire Loss |    _______|Accuracy |Precision|Recall   |F1       |
-----------|----------|----------|    Smoke  |0.8651   |0.8880   |0.8294   |0.8577   |
24.63      |16.58     |8.06      |    Fire   |0.9521   |0.9178   |0.9061   |0.9119   |

VAL Stats
Total Loss |Smoke Loss|Fire Loss |    _______|Accuracy |Precision|Recall   |F1       |
-----------|----------|----------|    Smoke  |0.8981   |0.9073   |0.8778   |0.8923   |
20.71      |13.71     |7.00      |    Fire   |0.9604   |0.9159   |0.9324   |0.9241   |


=== EPOCH 81/124 ===
Learning Rate = 0.0001677721600000001

TRAIN Stats
Total Loss |Smoke Loss|Fire Loss |    _______|Accuracy |Precision|Recall   |F1       |
-----------|----------|----------|    Smoke  |0.8633   |0.8862   |0.8275   |0.8559   |
24.73      |16.67     |8.06      |    Fire   |0.9535   |0.9216   |0.9069   |0.9142   |

VAL Stats
Total Loss |Smoke Loss|Fire Loss |    _______|Accuracy |Precision|Recall   |F1       |
-----------|----------|----------|    Smoke  |0.8997   |0.9068   |0.8822   |0.8943   |
20.50      |13.40     |7.10      |    Fire   |0.9608   |0.9305   |0.9171   |0.9238   |


Saving model with new best validation loss: 20.499

=== EPOCH 82/124 ===
Learning Rate = 0.0001677721600000001

TRAIN Stats
Total Loss |Smoke Loss|Fire Loss |    _______|Accuracy |Precision|Recall   |F1       |
-----------|----------|----------|    Smoke  |0.8659   |0.8855   |0.8342   |0.8591   |
24.09      |16.13     |7.95      |    Fire   |0.9553   |0.9234   |0.9120   |0.9177   |

VAL Stats
Total Loss |Smoke Loss|Fire Loss |    _______|Accuracy |Precision|Recall   |F1       |
-----------|----------|----------|    Smoke  |0.8932   |0.9126   |0.8604   |0.8857   |
20.80      |13.65     |7.15      |    Fire   |0.9580   |0.9330   |0.9027   |0.9176   |


=== EPOCH 83/124 ===
Learning Rate = 0.0001677721600000001

TRAIN Stats
Total Loss |Smoke Loss|Fire Loss |    _______|Accuracy |Precision|Recall   |F1       |
-----------|----------|----------|    Smoke  |0.8663   |0.8877   |0.8327   |0.8593   |
24.32      |16.45     |7.87      |    Fire   |0.9554   |0.9225   |0.9137   |0.9181   |

VAL Stats
Total Loss |Smoke Loss|Fire Loss |    _______|Accuracy |Precision|Recall   |F1       |
-----------|----------|----------|    Smoke  |0.8953   |0.8975   |0.8832   |0.8903   |
21.18      |14.21     |6.97      |    Fire   |0.9615   |0.9347   |0.9153   |0.9249   |


=== EPOCH 84/124 ===
Learning Rate = 0.0001677721600000001

TRAIN Stats
Total Loss |Smoke Loss|Fire Loss |    _______|Accuracy |Precision|Recall   |F1       |
-----------|----------|----------|    Smoke  |0.8643   |0.8850   |0.8312   |0.8572   |
24.44      |16.56     |7.87      |    Fire   |0.9548   |0.9240   |0.9095   |0.9167   |

VAL Stats
Total Loss |Smoke Loss|Fire Loss |    _______|Accuracy |Precision|Recall   |F1       |
-----------|----------|----------|    Smoke  |0.9018   |0.8982   |0.8977   |0.8979   |
20.80      |13.81     |6.99      |    Fire   |0.9606   |0.9266   |0.9207   |0.9236   |


=== EPOCH 85/124 ===
Learning Rate = 0.00013421772800000008

TRAIN Stats
Total Loss |Smoke Loss|Fire Loss |    _______|Accuracy |Precision|Recall   |F1       |
-----------|----------|----------|    Smoke  |0.8641   |0.8817   |0.8347   |0.8576   |
24.67      |16.63     |8.04      |    Fire   |0.9541   |0.9196   |0.9118   |0.9157   |

VAL Stats
Total Loss |Smoke Loss|Fire Loss |    _______|Accuracy |Precision|Recall   |F1       |
-----------|----------|----------|    Smoke  |0.9004   |0.9152   |0.8740   |0.8941   |
20.24      |13.33     |6.91      |    Fire   |0.9611   |0.9419   |0.9054   |0.9233   |


Saving model with new best validation loss: 20.244

=== EPOCH 86/124 ===
Learning Rate = 0.00013421772800000008

TRAIN Stats
Total Loss |Smoke Loss|Fire Loss |    _______|Accuracy |Precision|Recall   |F1       |
-----------|----------|----------|    Smoke  |0.8678   |0.8895   |0.8339   |0.8608   |
24.03      |16.26     |7.76      |    Fire   |0.9543   |0.9226   |0.9092   |0.9159   |

VAL Stats
Total Loss |Smoke Loss|Fire Loss |    _______|Accuracy |Precision|Recall   |F1       |
-----------|----------|----------|    Smoke  |0.8974   |0.9229   |0.8585   |0.8895   |
20.50      |13.47     |7.03      |    Fire   |0.9599   |0.9343   |0.9090   |0.9215   |


=== EPOCH 87/124 ===
Learning Rate = 0.00013421772800000008

TRAIN Stats
Total Loss |Smoke Loss|Fire Loss |    _______|Accuracy |Precision|Recall   |F1       |
-----------|----------|----------|    Smoke  |0.8688   |0.8915   |0.8340   |0.8618   |
23.85      |16.16     |7.69      |    Fire   |0.9548   |0.9196   |0.9143   |0.9170   |

VAL Stats
Total Loss |Smoke Loss|Fire Loss |    _______|Accuracy |Precision|Recall   |F1       |
-----------|----------|----------|    Smoke  |0.8885   |0.9218   |0.8396   |0.8787   |
20.71      |13.78     |6.93      |    Fire   |0.9627   |0.9464   |0.9072   |0.9264   |


=== EPOCH 88/124 ===
Learning Rate = 0.00013421772800000008

TRAIN Stats
Total Loss |Smoke Loss|Fire Loss |    _______|Accuracy |Precision|Recall   |F1       |
-----------|----------|----------|    Smoke  |0.8702   |0.8913   |0.8373   |0.8635   |
24.02      |16.26     |7.76      |    Fire   |0.9560   |0.9249   |0.9133   |0.9190   |

VAL Stats
Total Loss |Smoke Loss|Fire Loss |    _______|Accuracy |Precision|Recall   |F1       |
-----------|----------|----------|    Smoke  |0.9009   |0.9162   |0.8740   |0.8946   |
20.11      |13.28     |6.83      |    Fire   |0.9618   |0.9372   |0.9135   |0.9252   |


Saving model with new best validation loss: 20.107

=== EPOCH 89/124 ===
Learning Rate = 0.00013421772800000008

TRAIN Stats
Total Loss |Smoke Loss|Fire Loss |    _______|Accuracy |Precision|Recall   |F1       |
-----------|----------|----------|    Smoke  |0.8667   |0.8896   |0.8313   |0.8595   |
24.00      |16.25     |7.75      |    Fire   |0.9548   |0.9254   |0.9075   |0.9164   |

VAL Stats
Total Loss |Smoke Loss|Fire Loss |    _______|Accuracy |Precision|Recall   |F1       |
-----------|----------|----------|    Smoke  |0.8937   |0.9222   |0.8507   |0.8850   |
20.59      |13.60     |6.99      |    Fire   |0.9622   |0.9365   |0.9162   |0.9262   |


=== EPOCH 90/124 ===
Learning Rate = 0.00013421772800000008

TRAIN Stats
Total Loss |Smoke Loss|Fire Loss |    _______|Accuracy |Precision|Recall   |F1       |
-----------|----------|----------|    Smoke  |0.8699   |0.8933   |0.8343   |0.8628   |
23.57      |15.83     |7.74      |    Fire   |0.9559   |0.9240   |0.9139   |0.9189   |

VAL Stats
Total Loss |Smoke Loss|Fire Loss |    _______|Accuracy |Precision|Recall   |F1       |
-----------|----------|----------|    Smoke  |0.8874   |0.9162   |0.8429   |0.8781   |
20.99      |13.99     |7.00      |    Fire   |0.9622   |0.9397   |0.9126   |0.9260   |


=== EPOCH 91/124 ===
Learning Rate = 0.00013421772800000008

TRAIN Stats
Total Loss |Smoke Loss|Fire Loss |    _______|Accuracy |Precision|Recall   |F1       |
-----------|----------|----------|    Smoke  |0.8692   |0.8873   |0.8398   |0.8629   |
23.79      |16.07     |7.73      |    Fire   |0.9540   |0.9210   |0.9097   |0.9153   |

VAL Stats
Total Loss |Smoke Loss|Fire Loss |    _______|Accuracy |Precision|Recall   |F1       |
-----------|----------|----------|    Smoke  |0.9004   |0.9111   |0.8788   |0.8946   |
20.17      |13.27     |6.90      |    Fire   |0.9618   |0.9316   |0.9198   |0.9257   |


=== EPOCH 92/124 ===
Learning Rate = 0.00010737418240000007

TRAIN Stats
Total Loss |Smoke Loss|Fire Loss |    _______|Accuracy |Precision|Recall   |F1       |
-----------|----------|----------|    Smoke  |0.8705   |0.8906   |0.8390   |0.8640   |
24.04      |16.09     |7.95      |    Fire   |0.9541   |0.9223   |0.9086   |0.9154   |

VAL Stats
Total Loss |Smoke Loss|Fire Loss |    _______|Accuracy |Precision|Recall   |F1       |
-----------|----------|----------|    Smoke  |0.8995   |0.9185   |0.8682   |0.8926   |
20.52      |13.38     |7.14      |    Fire   |0.9611   |0.9469   |0.9000   |0.9229   |


=== EPOCH 93/124 ===
Learning Rate = 0.00010737418240000007

TRAIN Stats
Total Loss |Smoke Loss|Fire Loss |    _______|Accuracy |Precision|Recall   |F1       |
-----------|----------|----------|    Smoke  |0.8682   |0.8874   |0.8375   |0.8617   |
23.23      |15.72     |7.52      |    Fire   |0.9575   |0.9281   |0.9154   |0.9217   |

VAL Stats
Total Loss |Smoke Loss|Fire Loss |    _______|Accuracy |Precision|Recall   |F1       |
-----------|----------|----------|    Smoke  |0.9100   |0.9022   |0.9118   |0.9069   |
20.01      |13.13     |6.88      |    Fire   |0.9629   |0.9382   |0.9171   |0.9276   |


Saving model with new best validation loss: 20.011

Saving model with new best smoke precision: 0.902

=== EPOCH 94/124 ===
Learning Rate = 0.00010737418240000007

TRAIN Stats
Total Loss |Smoke Loss|Fire Loss |    _______|Accuracy |Precision|Recall   |F1       |
-----------|----------|----------|    Smoke  |0.8733   |0.8919   |0.8438   |0.8672   |
23.64      |15.83     |7.81      |    Fire   |0.9547   |0.9200   |0.9137   |0.9168   |

VAL Stats
Total Loss |Smoke Loss|Fire Loss |    _______|Accuracy |Precision|Recall   |F1       |
-----------|----------|----------|    Smoke  |0.8983   |0.9136   |0.8711   |0.8918   |
20.26      |13.43     |6.84      |    Fire   |0.9608   |0.9290   |0.9189   |0.9239   |


=== EPOCH 95/124 ===
Learning Rate = 0.00010737418240000007

TRAIN Stats
Total Loss |Smoke Loss|Fire Loss |    _______|Accuracy |Precision|Recall   |F1       |
-----------|----------|----------|    Smoke  |0.8717   |0.8916   |0.8406   |0.8653   |
23.47      |15.73     |7.74      |    Fire   |0.9542   |0.9218   |0.9097   |0.9157   |

VAL Stats
Total Loss |Smoke Loss|Fire Loss |    _______|Accuracy |Precision|Recall   |F1       |
-----------|----------|----------|    Smoke  |0.8990   |0.9023   |0.8861   |0.8941   |
20.36      |13.48     |6.87      |    Fire   |0.9627   |0.9439   |0.9099   |0.9266   |


=== EPOCH 96/124 ===
Learning Rate = 0.00010737418240000007

TRAIN Stats
Total Loss |Smoke Loss|Fire Loss |    _______|Accuracy |Precision|Recall   |F1       |
-----------|----------|----------|    Smoke  |0.8749   |0.8960   |0.8428   |0.8686   |
23.06      |15.72     |7.34      |    Fire   |0.9571   |0.9254   |0.9169   |0.9211   |

VAL Stats
Total Loss |Smoke Loss|Fire Loss |    _______|Accuracy |Precision|Recall   |F1       |
-----------|----------|----------|    Smoke  |0.9011   |0.9128   |0.8783   |0.8953   |
20.39      |13.37     |7.02      |    Fire   |0.9632   |0.9407   |0.9153   |0.9279   |


=== EPOCH 97/124 ===
Learning Rate = 8.589934592000007e-05

TRAIN Stats
Total Loss |Smoke Loss|Fire Loss |    _______|Accuracy |Precision|Recall   |F1       |
-----------|----------|----------|    Smoke  |0.8717   |0.8913   |0.8409   |0.8653   |
23.20      |15.67     |7.53      |    Fire   |0.9551   |0.9226   |0.9122   |0.9174   |

VAL Stats
Total Loss |Smoke Loss|Fire Loss |    _______|Accuracy |Precision|Recall   |F1       |
-----------|----------|----------|    Smoke  |0.8930   |0.9275   |0.8434   |0.8835   |
20.77      |13.54     |7.22      |    Fire   |0.9620   |0.9557   |0.8946   |0.9242   |


=== EPOCH 98/124 ===
Learning Rate = 8.589934592000007e-05

TRAIN Stats
Total Loss |Smoke Loss|Fire Loss |    _______|Accuracy |Precision|Recall   |F1       |
-----------|----------|----------|    Smoke  |0.8711   |0.8881   |0.8434   |0.8652   |
23.37      |15.78     |7.59      |    Fire   |0.9554   |0.9240   |0.9118   |0.9179   |

VAL Stats
Total Loss |Smoke Loss|Fire Loss |    _______|Accuracy |Precision|Recall   |F1       |
-----------|----------|----------|    Smoke  |0.8990   |0.9249   |0.8599   |0.8912   |
20.11      |13.21     |6.90      |    Fire   |0.9622   |0.9480   |0.9036   |0.9253   |


=== EPOCH 99/124 ===
Learning Rate = 8.589934592000007e-05

TRAIN Stats
Total Loss |Smoke Loss|Fire Loss |    _______|Accuracy |Precision|Recall   |F1       |
-----------|----------|----------|    Smoke  |0.8741   |0.8944   |0.8427   |0.8678   |
23.08      |15.55     |7.53      |    Fire   |0.9557   |0.9265   |0.9103   |0.9183   |

VAL Stats
Total Loss |Smoke Loss|Fire Loss |    _______|Accuracy |Precision|Recall   |F1       |
-----------|----------|----------|    Smoke  |0.9025   |0.9203   |0.8730   |0.8960   |
20.01      |13.09     |6.91      |    Fire   |0.9627   |0.9350   |0.9198   |0.9273   |


Saving model with new best validation loss: 20.005

=== EPOCH 100/124 ===
Learning Rate = 8.589934592000007e-05

TRAIN Stats
Total Loss |Smoke Loss|Fire Loss |    _______|Accuracy |Precision|Recall   |F1       |
-----------|----------|----------|    Smoke  |0.8735   |0.8935   |0.8424   |0.8672   |
23.09      |15.61     |7.48      |    Fire   |0.9560   |0.9254   |0.9127   |0.9190   |

VAL Stats
Total Loss |Smoke Loss|Fire Loss |    _______|Accuracy |Precision|Recall   |F1       |
-----------|----------|----------|    Smoke  |0.8988   |0.9166   |0.8686   |0.8920   |
20.20      |13.42     |6.78      |    Fire   |0.9641   |0.9369   |0.9234   |0.9301   |


=== EPOCH 101/124 ===
Learning Rate = 8.589934592000007e-05

TRAIN Stats
Total Loss |Smoke Loss|Fire Loss |    _______|Accuracy |Precision|Recall   |F1       |
-----------|----------|----------|    Smoke  |0.8740   |0.8942   |0.8428   |0.8677   |
23.22      |15.50     |7.72      |    Fire   |0.9545   |0.9237   |0.9084   |0.9160   |

VAL Stats
Total Loss |Smoke Loss|Fire Loss |    _______|Accuracy |Precision|Recall   |F1       |
-----------|----------|----------|    Smoke  |0.9035   |0.9092   |0.8880   |0.8985   |
19.99      |13.21     |6.77      |    Fire   |0.9632   |0.9416   |0.9144   |0.9278   |


Saving model with new best validation loss: 19.990

=== EPOCH 102/124 ===
Learning Rate = 8.589934592000007e-05

TRAIN Stats
Total Loss |Smoke Loss|Fire Loss |    _______|Accuracy |Precision|Recall   |F1       |
-----------|----------|----------|    Smoke  |0.8744   |0.8936   |0.8444   |0.8683   |
23.01      |15.58     |7.43      |    Fire   |0.9566   |0.9263   |0.9137   |0.9200   |

VAL Stats
Total Loss |Smoke Loss|Fire Loss |    _______|Accuracy |Precision|Recall   |F1       |
-----------|----------|----------|    Smoke  |0.9104   |0.9121   |0.9006   |0.9063   |
19.56      |12.76     |6.79      |    Fire   |0.9622   |0.9422   |0.9099   |0.9258   |


Saving model with new best validation loss: 19.555

Saving model with new best smoke precision: 0.912

=== EPOCH 103/124 ===
Learning Rate = 8.589934592000007e-05

TRAIN Stats
Total Loss |Smoke Loss|Fire Loss |    _______|Accuracy |Precision|Recall   |F1       |
-----------|----------|----------|    Smoke  |0.8780   |0.8960   |0.8498   |0.8723   |
22.90      |15.31     |7.59      |    Fire   |0.9568   |0.9264   |0.9148   |0.9205   |

VAL Stats
Total Loss |Smoke Loss|Fire Loss |    _______|Accuracy |Precision|Recall   |F1       |
-----------|----------|----------|    Smoke  |0.9044   |0.9210   |0.8764   |0.8982   |
19.58      |12.75     |6.83      |    Fire   |0.9632   |0.9449   |0.9108   |0.9275   |


=== EPOCH 104/124 ===
Learning Rate = 8.589934592000007e-05

TRAIN Stats
Total Loss |Smoke Loss|Fire Loss |    _______|Accuracy |Precision|Recall   |F1       |
-----------|----------|----------|    Smoke  |0.8739   |0.8928   |0.8442   |0.8678   |
23.07      |15.46     |7.61      |    Fire   |0.9568   |0.9264   |0.9146   |0.9204   |

VAL Stats
Total Loss |Smoke Loss|Fire Loss |    _______|Accuracy |Precision|Recall   |F1       |
-----------|----------|----------|    Smoke  |0.9069   |0.9228   |0.8803   |0.9010   |
19.58      |12.75     |6.83      |    Fire   |0.9629   |0.9440   |0.9108   |0.9271   |


Saving model with new best smoke precision: 0.923

=== EPOCH 105/124 ===
Learning Rate = 8.589934592000007e-05

TRAIN Stats
Total Loss |Smoke Loss|Fire Loss |    _______|Accuracy |Precision|Recall   |F1       |
-----------|----------|----------|    Smoke  |0.8751   |0.8945   |0.8448   |0.8689   |
22.93      |15.41     |7.52      |    Fire   |0.9561   |0.9247   |0.9139   |0.9193   |

VAL Stats
Total Loss |Smoke Loss|Fire Loss |    _______|Accuracy |Precision|Recall   |F1       |
-----------|----------|----------|    Smoke  |0.9100   |0.9178   |0.8929   |0.9052   |
19.18      |12.60     |6.58      |    Fire   |0.9655   |0.9413   |0.9243   |0.9327   |


Saving model with new best validation loss: 19.183

=== EPOCH 106/124 ===
Learning Rate = 8.589934592000007e-05

TRAIN Stats
Total Loss |Smoke Loss|Fire Loss |    _______|Accuracy |Precision|Recall   |F1       |
-----------|----------|----------|    Smoke  |0.8776   |0.8923   |0.8534   |0.8724   |
22.78      |15.34     |7.44      |    Fire   |0.9573   |0.9274   |0.9154   |0.9214   |

VAL Stats
Total Loss |Smoke Loss|Fire Loss |    _______|Accuracy |Precision|Recall   |F1       |
-----------|----------|----------|    Smoke  |0.9074   |0.9107   |0.8953   |0.9030   |
19.69      |12.77     |6.93      |    Fire   |0.9634   |0.9525   |0.9036   |0.9274   |


=== EPOCH 107/124 ===
Learning Rate = 8.589934592000007e-05

TRAIN Stats
Total Loss |Smoke Loss|Fire Loss |    _______|Accuracy |Precision|Recall   |F1       |
-----------|----------|----------|    Smoke  |0.8762   |0.8924   |0.8499   |0.8706   |
22.83      |15.46     |7.37      |    Fire   |0.9572   |0.9276   |0.9150   |0.9213   |

VAL Stats
Total Loss |Smoke Loss|Fire Loss |    _______|Accuracy |Precision|Recall   |F1       |
-----------|----------|----------|    Smoke  |0.9081   |0.9217   |0.8841   |0.9025   |
19.37      |12.74     |6.63      |    Fire   |0.9667   |0.9498   |0.9198   |0.9346   |


=== EPOCH 108/124 ===
Learning Rate = 8.589934592000007e-05

TRAIN Stats
Total Loss |Smoke Loss|Fire Loss |    _______|Accuracy |Precision|Recall   |F1       |
-----------|----------|----------|    Smoke  |0.8765   |0.8977   |0.8442   |0.8701   |
22.67      |15.33     |7.34      |    Fire   |0.9580   |0.9278   |0.9178   |0.9228   |

VAL Stats
Total Loss |Smoke Loss|Fire Loss |    _______|Accuracy |Precision|Recall   |F1       |
-----------|----------|----------|    Smoke  |0.9114   |0.9164   |0.8977   |0.9070   |
19.22      |12.41     |6.82      |    Fire   |0.9615   |0.9230   |0.9288   |0.9259   |


=== EPOCH 109/124 ===
Learning Rate = 6.871947673600006e-05

TRAIN Stats
Total Loss |Smoke Loss|Fire Loss |    _______|Accuracy |Precision|Recall   |F1       |
-----------|----------|----------|    Smoke  |0.8765   |0.8946   |0.8480   |0.8707   |
22.58      |15.25     |7.33      |    Fire   |0.9566   |0.9263   |0.9139   |0.9201   |

VAL Stats
Total Loss |Smoke Loss|Fire Loss |    _______|Accuracy |Precision|Recall   |F1       |
-----------|----------|----------|    Smoke  |0.9058   |0.9133   |0.8885   |0.9007   |
19.46      |12.69     |6.77      |    Fire   |0.9627   |0.9431   |0.9108   |0.9267   |


=== EPOCH 110/124 ===
Learning Rate = 6.871947673600006e-05

TRAIN Stats
Total Loss |Smoke Loss|Fire Loss |    _______|Accuracy |Precision|Recall   |F1       |
-----------|----------|----------|    Smoke  |0.8799   |0.8981   |0.8518   |0.8743   |
22.77      |15.30     |7.47      |    Fire   |0.9573   |0.9293   |0.9133   |0.9212   |

VAL Stats
Total Loss |Smoke Loss|Fire Loss |    _______|Accuracy |Precision|Recall   |F1       |
-----------|----------|----------|    Smoke  |0.9039   |0.9227   |0.8735   |0.8974   |
19.30      |12.66     |6.64      |    Fire   |0.9648   |0.9428   |0.9198   |0.9311   |


=== EPOCH 111/124 ===
Learning Rate = 6.871947673600006e-05

TRAIN Stats
Total Loss |Smoke Loss|Fire Loss |    _______|Accuracy |Precision|Recall   |F1       |
-----------|----------|----------|    Smoke  |0.8812   |0.9022   |0.8499   |0.8752   |
22.16      |14.87     |7.29      |    Fire   |0.9584   |0.9274   |0.9197   |0.9235   |

VAL Stats
Total Loss |Smoke Loss|Fire Loss |    _______|Accuracy |Precision|Recall   |F1       |
-----------|----------|----------|    Smoke  |0.9065   |0.9151   |0.8880   |0.9014   |
19.19      |12.54     |6.65      |    Fire   |0.9657   |0.9405   |0.9261   |0.9333   |


=== EPOCH 112/124 ===
Learning Rate = 5.497558138880005e-05

TRAIN Stats
Total Loss |Smoke Loss|Fire Loss |    _______|Accuracy |Precision|Recall   |F1       |
-----------|----------|----------|    Smoke  |0.8762   |0.8962   |0.8454   |0.8700   |
22.65      |15.32     |7.33      |    Fire   |0.9566   |0.9265   |0.9135   |0.9199   |

VAL Stats
Total Loss |Smoke Loss|Fire Loss |    _______|Accuracy |Precision|Recall   |F1       |
-----------|----------|----------|    Smoke  |0.9083   |0.9204   |0.8861   |0.9029   |
19.21      |12.60     |6.61      |    Fire   |0.9648   |0.9428   |0.9198   |0.9311   |


=== EPOCH 113/124 ===
Learning Rate = 5.497558138880005e-05

TRAIN Stats
Total Loss |Smoke Loss|Fire Loss |    _______|Accuracy |Precision|Recall   |F1       |
-----------|----------|----------|    Smoke  |0.8796   |0.8957   |0.8538   |0.8742   |
22.40      |15.04     |7.35      |    Fire   |0.9571   |0.9267   |0.9154   |0.9210   |

VAL Stats
Total Loss |Smoke Loss|Fire Loss |    _______|Accuracy |Precision|Recall   |F1       |
-----------|----------|----------|    Smoke  |0.9062   |0.9222   |0.8793   |0.9002   |
19.38      |12.65     |6.73      |    Fire   |0.9655   |0.9470   |0.9180   |0.9323   |


=== EPOCH 114/124 ===
Learning Rate = 5.497558138880005e-05

TRAIN Stats
Total Loss |Smoke Loss|Fire Loss |    _______|Accuracy |Precision|Recall   |F1       |
-----------|----------|----------|    Smoke  |0.8771   |0.8978   |0.8456   |0.8710   |
22.60      |15.10     |7.50      |    Fire   |0.9572   |0.9300   |0.9120   |0.9209   |

VAL Stats
Total Loss |Smoke Loss|Fire Loss |    _______|Accuracy |Precision|Recall   |F1       |
-----------|----------|----------|    Smoke  |0.9051   |0.9272   |0.8711   |0.8983   |
19.20      |12.51     |6.69      |    Fire   |0.9662   |0.9414   |0.9270   |0.9342   |


=== EPOCH 115/124 ===
Learning Rate = 4.3980465111040044e-05

TRAIN Stats
Total Loss |Smoke Loss|Fire Loss |    _______|Accuracy |Precision|Recall   |F1       |
-----------|----------|----------|    Smoke  |0.8818   |0.8999   |0.8539   |0.8763   |
21.77      |14.77     |7.00      |    Fire   |0.9592   |0.9298   |0.9203   |0.9250   |

VAL Stats
Total Loss |Smoke Loss|Fire Loss |    _______|Accuracy |Precision|Recall   |F1       |
-----------|----------|----------|    Smoke  |0.9093   |0.9193   |0.8895   |0.9042   |
19.23      |12.50     |6.73      |    Fire   |0.9641   |0.9476   |0.9117   |0.9293   |


=== EPOCH 116/124 ===
Learning Rate = 4.3980465111040044e-05

TRAIN Stats
Total Loss |Smoke Loss|Fire Loss |    _______|Accuracy |Precision|Recall   |F1       |
-----------|----------|----------|    Smoke  |0.8785   |0.8960   |0.8510   |0.8729   |
22.42      |15.12     |7.30      |    Fire   |0.9570   |0.9274   |0.9142   |0.9207   |

VAL Stats
Total Loss |Smoke Loss|Fire Loss |    _______|Accuracy |Precision|Recall   |F1       |
-----------|----------|----------|    Smoke  |0.9058   |0.9247   |0.8754   |0.8994   |
19.20      |12.53     |6.67      |    Fire   |0.9641   |0.9434   |0.9162   |0.9296   |


=== EPOCH 117/124 ===
Learning Rate = 4.3980465111040044e-05

TRAIN Stats
Total Loss |Smoke Loss|Fire Loss |    _______|Accuracy |Precision|Recall   |F1       |
-----------|----------|----------|    Smoke  |0.8821   |0.8991   |0.8557   |0.8768   |
22.03      |14.90     |7.13      |    Fire   |0.9588   |0.9323   |0.9156   |0.9239   |

VAL Stats
Total Loss |Smoke Loss|Fire Loss |    _______|Accuracy |Precision|Recall   |F1       |
-----------|----------|----------|    Smoke  |0.9076   |0.9263   |0.8778   |0.9014   |
19.25      |12.50     |6.75      |    Fire   |0.9650   |0.9494   |0.9135   |0.9311   |


Saving model with new best smoke precision: 0.926

=== EPOCH 118/124 ===
Learning Rate = 3.5184372088832036e-05

TRAIN Stats
Total Loss |Smoke Loss|Fire Loss |    _______|Accuracy |Precision|Recall   |F1       |
-----------|----------|----------|    Smoke  |0.8800   |0.8997   |0.8501   |0.8742   |
22.09      |14.87     |7.22      |    Fire   |0.9571   |0.9292   |0.9126   |0.9209   |

VAL Stats
Total Loss |Smoke Loss|Fire Loss |    _______|Accuracy |Precision|Recall   |F1       |
-----------|----------|----------|    Smoke  |0.9072   |0.9245   |0.8788   |0.9011   |
19.27      |12.50     |6.77      |    Fire   |0.9636   |0.9441   |0.9135   |0.9286   |


=== EPOCH 119/124 ===
Learning Rate = 3.5184372088832036e-05

TRAIN Stats
Total Loss |Smoke Loss|Fire Loss |    _______|Accuracy |Precision|Recall   |F1       |
-----------|----------|----------|    Smoke  |0.8767   |0.8955   |0.8474   |0.8708   |
22.23      |15.12     |7.11      |    Fire   |0.9603   |0.9330   |0.9209   |0.9269   |

VAL Stats
Total Loss |Smoke Loss|Fire Loss |    _______|Accuracy |Precision|Recall   |F1       |
-----------|----------|----------|    Smoke  |0.9065   |0.9310   |0.8701   |0.8995   |
19.25      |12.52     |6.74      |    Fire   |0.9627   |0.9456   |0.9081   |0.9265   |


=== EPOCH 120/124 ===
Learning Rate = 3.5184372088832036e-05

TRAIN Stats
Total Loss |Smoke Loss|Fire Loss |    _______|Accuracy |Precision|Recall   |F1       |
-----------|----------|----------|    Smoke  |0.8784   |0.9001   |0.8458   |0.8721   |
21.97      |14.88     |7.09      |    Fire   |0.9596   |0.9330   |0.9180   |0.9254   |

VAL Stats
Total Loss |Smoke Loss|Fire Loss |    _______|Accuracy |Precision|Recall   |F1       |
-----------|----------|----------|    Smoke  |0.9118   |0.9210   |0.8934   |0.9070   |
18.87      |12.24     |6.62      |    Fire   |0.9648   |0.9419   |0.9207   |0.9312   |


Saving model with new best validation loss: 18.869

=== EPOCH 121/124 ===
Learning Rate = 3.5184372088832036e-05

TRAIN Stats
Total Loss |Smoke Loss|Fire Loss |    _______|Accuracy |Precision|Recall   |F1       |
-----------|----------|----------|    Smoke  |0.8813   |0.8998   |0.8530   |0.8758   |
22.19      |14.84     |7.35      |    Fire   |0.9588   |0.9323   |0.9156   |0.9239   |

VAL Stats
Total Loss |Smoke Loss|Fire Loss |    _______|Accuracy |Precision|Recall   |F1       |
-----------|----------|----------|    Smoke  |0.9123   |0.9224   |0.8929   |0.9074   |
19.00      |12.38     |6.62      |    Fire   |0.9643   |0.9370   |0.9243   |0.9306   |


=== EPOCH 122/124 ===
Learning Rate = 3.5184372088832036e-05

TRAIN Stats
Total Loss |Smoke Loss|Fire Loss |    _______|Accuracy |Precision|Recall   |F1       |
-----------|----------|----------|    Smoke  |0.8809   |0.9018   |0.8496   |0.8749   |
21.99      |14.77     |7.23      |    Fire   |0.9585   |0.9251   |0.9231   |0.9241   |

VAL Stats
Total Loss |Smoke Loss|Fire Loss |    _______|Accuracy |Precision|Recall   |F1       |
-----------|----------|----------|    Smoke  |0.9144   |0.9181   |0.9026   |0.9103   |
18.97      |12.33     |6.65      |    Fire   |0.9639   |0.9401   |0.9189   |0.9294   |


=== EPOCH 123/124 ===
Learning Rate = 3.5184372088832036e-05

TRAIN Stats
Total Loss |Smoke Loss|Fire Loss |    _______|Accuracy |Precision|Recall   |F1       |
-----------|----------|----------|    Smoke  |0.8839   |0.9026   |0.8555   |0.8784   |
21.85      |14.63     |7.23      |    Fire   |0.9587   |0.9347   |0.9126   |0.9235   |

VAL Stats
Total Loss |Smoke Loss|Fire Loss |    _______|Accuracy |Precision|Recall   |F1       |
-----------|----------|----------|    Smoke  |0.9095   |0.9236   |0.8851   |0.9040   |
19.20      |12.45     |6.75      |    Fire   |0.9646   |0.9468   |0.9144   |0.9303   |


=== EPOCH 124/124 ===
Learning Rate = 2.814749767106563e-05

TRAIN Stats
Total Loss |Smoke Loss|Fire Loss |    _______|Accuracy |Precision|Recall   |F1       |
-----------|----------|----------|    Smoke  |0.8805   |0.8980   |0.8532   |0.8750   |
21.84      |14.80     |7.04      |    Fire   |0.9581   |0.9289   |0.9167   |0.9228   |

VAL Stats
Total Loss |Smoke Loss|Fire Loss |    _______|Accuracy |Precision|Recall   |F1       |
-----------|----------|----------|    Smoke  |0.9090   |0.9218   |0.8861   |0.9036   |
19.05      |12.30     |6.75      |    Fire   |0.9639   |0.9442   |0.9144   |0.9291   |

Saving last model

***Script finished: 17:09:50

Time elapsed: 0:50:31.005591
BED Classifier XS Tiny.
	One Head.
	255 Normalization.
	Weighted for Precision.
	Modules.
	Losses and Metrics Loggers.
	Brevitas with Conv2d and Linear Quant Layers defined in the Model.
	2 epochs.


TRAIN DFIRE dataset
Train dataset len: 17221

TEST DFire dataset
Test dataset len: 4306
Using BED Classifier

Trainable parameters = 93138
Total parameters = 93138

Model shape is tensor([[0.3172, 0.0931],
        [0.3373, 0.0157],
        [0.1627, 0.0721],
        [0.2521, 0.0854]], device='cuda:0', grad_fn=<AddmmBackward0>)
BED Model Arquitecture
BED_CLASSIFIER(
  (model): Sequential(
    (conv1): Conv2d(3, 32, kernel_size=(3, 3), stride=(1, 1), padding=(1, 1), bias=False)
    (bn1): BatchNorm2d(32, eps=1e-05, momentum=0.1, affine=True, track_running_stats=True)
    (relu1): ReLU()
    (dropout1): Dropout2d(p=0.3, inplace=False)
    (maxpool2): MaxPool2d(kernel_size=2, stride=2, padding=0, dilation=1, ceil_mode=False)
    (conv2): Conv2d(32, 16, kernel_size=(3, 3), stride=(1, 1), padding=(1, 1), bias=False)
    (bn2): BatchNorm2d(16, eps=1e-05, momentum=0.1, affine=True, track_running_stats=True)
    (relu2): ReLU()
    (dropout2): Dropout2d(p=0.3, inplace=False)
    (maxpool3): MaxPool2d(kernel_size=2, stride=2, padding=0, dilation=1, ceil_mode=False)
    (conv31): Conv2d(16, 16, kernel_size=(1, 1), stride=(1, 1), bias=False)
    (bn31): BatchNorm2d(16, eps=1e-05, momentum=0.1, affine=True, track_running_stats=True)
    (relu31): ReLU()
    (conv32): Conv2d(16, 32, kernel_size=(3, 3), stride=(1, 1), padding=(1, 1), bias=False)
    (bn32): BatchNorm2d(32, eps=1e-05, momentum=0.1, affine=True, track_running_stats=True)
    (relu32): ReLU()
    (conv33): Conv2d(32, 32, kernel_size=(1, 1), stride=(1, 1), bias=False)
    (bn33): BatchNorm2d(32, eps=1e-05, momentum=0.1, affine=True, track_running_stats=True)
    (relu33): ReLU()
    (conv34): Conv2d(32, 64, kernel_size=(3, 3), stride=(1, 1), padding=(1, 1), bias=False)
    (bn34): BatchNorm2d(64, eps=1e-05, momentum=0.1, affine=True, track_running_stats=True)
    (relu34): ReLU()
    (maxpool4): MaxPool2d(kernel_size=2, stride=2, padding=0, dilation=1, ceil_mode=False)
    (conv41): Conv2d(64, 32, kernel_size=(1, 1), stride=(1, 1), bias=False)
    (bn41): BatchNorm2d(32, eps=1e-05, momentum=0.1, affine=True, track_running_stats=True)
    (relu41): ReLU()
    (conv42): Conv2d(32, 64, kernel_size=(3, 3), stride=(1, 1), padding=(1, 1), bias=False)
    (bn42): BatchNorm2d(64, eps=1e-05, momentum=0.1, affine=True, track_running_stats=True)
    (relu42): ReLU()
    (conv43): Conv2d(64, 32, kernel_size=(1, 1), stride=(1, 1), bias=False)
    (bn43): BatchNorm2d(32, eps=1e-05, momentum=0.1, affine=True, track_running_stats=True)
    (relu43): ReLU()
    (conv44): Conv2d(32, 64, kernel_size=(3, 3), stride=(1, 1), padding=(1, 1), bias=False)
    (bn44): BatchNorm2d(64, eps=1e-05, momentum=0.1, affine=True, track_running_stats=True)
    (relu44): ReLU()
    (conv45): Conv2d(64, 32, kernel_size=(1, 1), stride=(1, 1), bias=False)
    (bn45): BatchNorm2d(32, eps=1e-05, momentum=0.1, affine=True, track_running_stats=True)
    (relu45): ReLU()
    (conv46): Conv2d(32, 64, kernel_size=(3, 3), stride=(1, 1), padding=(1, 1), bias=False)
    (bn46): BatchNorm2d(64, eps=1e-05, momentum=0.1, affine=False, track_running_stats=True)
    (relu46): ReLU()
    (avgpool5): AdaptiveAvgPool2d(output_size=(1, 1))
    (flatten5): Flatten(start_dim=1, end_dim=-1)
    (dropout5): Dropout(p=0.2, inplace=False)
    (linear51): Linear(in_features=64, out_features=16, bias=True)
    (relu5): ReLU()
    (linear52): Linear(in_features=16, out_features=2, bias=True)
  )
)
==========================================================================================
Layer (type:depth-idx)                   Output Shape              Param #
==========================================================================================
BED_CLASSIFIER                           [64, 2]                   --
├─Sequential: 1-1                        [64, 2]                   --
│    └─Conv2d: 2-1                       [64, 32, 224, 224]        864
│    └─BatchNorm2d: 2-2                  [64, 32, 224, 224]        64
│    └─ReLU: 2-3                         [64, 32, 224, 224]        --
│    └─Dropout2d: 2-4                    [64, 32, 224, 224]        --
│    └─MaxPool2d: 2-5                    [64, 32, 112, 112]        --
│    └─Conv2d: 2-6                       [64, 16, 112, 112]        4,608
│    └─BatchNorm2d: 2-7                  [64, 16, 112, 112]        32
│    └─ReLU: 2-8                         [64, 16, 112, 112]        --
│    └─Dropout2d: 2-9                    [64, 16, 112, 112]        --
│    └─MaxPool2d: 2-10                   [64, 16, 56, 56]          --
│    └─Conv2d: 2-11                      [64, 16, 56, 56]          256
│    └─BatchNorm2d: 2-12                 [64, 16, 56, 56]          32
│    └─ReLU: 2-13                        [64, 16, 56, 56]          --
│    └─Conv2d: 2-14                      [64, 32, 56, 56]          4,608
│    └─BatchNorm2d: 2-15                 [64, 32, 56, 56]          64
│    └─ReLU: 2-16                        [64, 32, 56, 56]          --
│    └─Conv2d: 2-17                      [64, 32, 56, 56]          1,024
│    └─BatchNorm2d: 2-18                 [64, 32, 56, 56]          64
│    └─ReLU: 2-19                        [64, 32, 56, 56]          --
│    └─Conv2d: 2-20                      [64, 64, 56, 56]          18,432
│    └─BatchNorm2d: 2-21                 [64, 64, 56, 56]          128
│    └─ReLU: 2-22                        [64, 64, 56, 56]          --
│    └─MaxPool2d: 2-23                   [64, 64, 28, 28]          --
│    └─Conv2d: 2-24                      [64, 32, 28, 28]          2,048
│    └─BatchNorm2d: 2-25                 [64, 32, 28, 28]          64
│    └─ReLU: 2-26                        [64, 32, 28, 28]          --
│    └─Conv2d: 2-27                      [64, 64, 28, 28]          18,432
│    └─BatchNorm2d: 2-28                 [64, 64, 28, 28]          128
│    └─ReLU: 2-29                        [64, 64, 28, 28]          --
│    └─Conv2d: 2-30                      [64, 32, 28, 28]          2,048
│    └─BatchNorm2d: 2-31                 [64, 32, 28, 28]          64
│    └─ReLU: 2-32                        [64, 32, 28, 28]          --
│    └─Conv2d: 2-33                      [64, 64, 28, 28]          18,432
│    └─BatchNorm2d: 2-34                 [64, 64, 28, 28]          128
│    └─ReLU: 2-35                        [64, 64, 28, 28]          --
│    └─Conv2d: 2-36                      [64, 32, 28, 28]          2,048
│    └─BatchNorm2d: 2-37                 [64, 32, 28, 28]          64
│    └─ReLU: 2-38                        [64, 32, 28, 28]          --
│    └─Conv2d: 2-39                      [64, 64, 28, 28]          18,432
│    └─BatchNorm2d: 2-40                 [64, 64, 28, 28]          --
│    └─ReLU: 2-41                        [64, 64, 28, 28]          --
│    └─AdaptiveAvgPool2d: 2-42           [64, 64, 1, 1]            --
│    └─Flatten: 2-43                     [64, 64]                  --
│    └─Dropout: 2-44                     [64, 64]                  --
│    └─Linear: 2-45                      [64, 16]                  1,040
│    └─ReLU: 2-46                        [64, 16]                  --
│    └─Linear: 2-47                      [64, 2]                   34
==========================================================================================
Total params: 93,138
Trainable params: 93,138
Non-trainable params: 0
Total mult-adds (G): 14.44
==========================================================================================
Input size (MB): 38.54
Forward/backward pass size (MB): 2517.64
Params size (MB): 0.37
Estimated Total Size (MB): 2556.55
==========================================================================================

Device: cuda
Learning Rate: 0.001
Weight Decay: 0.001
Batch Size: 64
W: 224
H: 224
Loss Function: BCE
Smoke Precision Weight: 0.7
Starting script


***Start Training: 17:23:38


=== EPOCH 0/124 ===
Learning Rate = 0.001

TRAIN Stats
Total Loss |Smoke Loss|Fire Loss |    _______|Accuracy |Precision|Recall   |F1       |
-----------|----------|----------|    Smoke  |0.5156   |0.5227   |0.1417   |0.2229   |
66.97      |36.68     |30.30     |    Fire   |0.7942   |0.6506   |0.5338   |0.5864   |

VAL Stats
Total Loss |Smoke Loss|Fire Loss |    _______|Accuracy |Precision|Recall   |F1       |
-----------|----------|----------|    Smoke  |0.5644   |0.5905   |0.3083   |0.4051   |
60.15      |36.07     |24.07     |    Fire   |0.8368   |0.6720   |0.7216   |0.6959   |


Saving model with new best validation loss: 60.149

Saving model with new best smoke precision: 0.591

=== EPOCH 1/124 ===
Learning Rate = 0.001

TRAIN Stats
Total Loss |Smoke Loss|Fire Loss |    _______|Accuracy |Precision|Recall   |F1       |
-----------|----------|----------|    Smoke  |0.5823   |0.7009   |0.2582   |0.3773   |
59.99      |35.13     |24.86     |    Fire   |0.8311   |0.7134   |0.6387   |0.6740   |

VAL Stats
Total Loss |Smoke Loss|Fire Loss |    _______|Accuracy |Precision|Recall   |F1       |
-----------|----------|----------|    Smoke  |0.6285   |0.7937   |0.3078   |0.4436   |
53.26      |33.51     |19.76     |    Fire   |0.8717   |0.7756   |0.7099   |0.7413   |


Saving model with new best validation loss: 53.264

Saving model with new best smoke precision: 0.794

=== EPOCH 2/124 ===
Learning Rate = 0.001

