SqueezeNet Classifier. First Test. No global clipnorm.
DFire Removed wrong images: 0
DFire empty images: 31
DFire only smoke images: 17
DFire only fire images: 2
DFire smoke and fire images: 14

TRAIN DFIRE dataset
DFire Removed wrong images: 0
DFire empty images: 7833
DFire only smoke images: 4681
DFire only fire images: 944
DFire smoke and fire images: 3763
Train dataset len: 17221

TEST DFire dataset
DFire Removed wrong images: 0
DFire empty images: 2005
DFire only smoke images: 1186
DFire only fire images: 220
DFire smoke and fire images: 895
Test dataset len: 4306
Using Squeeze Classifier
Model shape is tensor([[-0.9595,  0.6454],
        [-0.9576,  0.6454],
        [-0.9597,  0.6454],
        [-0.9585,  0.6454]], device='cuda:0', grad_fn=<CatBackward0>)
BED Model Arquitecture
SqueezeNet(
  (features): Sequential(
    (0): Conv2d(3, 64, kernel_size=(3, 3), stride=(2, 2))
    (1): ReLU()
    (2): MaxPool2d(kernel_size=3, stride=2, padding=0, dilation=1, ceil_mode=True)
    (3): Fire(
      (squeeze): Conv2d(64, 16, kernel_size=(1, 1), stride=(1, 1))
      (squeeze_activation): ReLU()
      (expand1x1): Conv2d(16, 64, kernel_size=(1, 1), stride=(1, 1))
      (expand1x1_activation): ReLU()
      (expand3x3): Conv2d(16, 64, kernel_size=(3, 3), stride=(1, 1), padding=(1, 1))
      (expand3x3_activation): ReLU()
    )
    (4): Fire(
      (squeeze): Conv2d(128, 16, kernel_size=(1, 1), stride=(1, 1))
      (squeeze_activation): ReLU()
      (expand1x1): Conv2d(16, 64, kernel_size=(1, 1), stride=(1, 1))
      (expand1x1_activation): ReLU()
      (expand3x3): Conv2d(16, 64, kernel_size=(3, 3), stride=(1, 1), padding=(1, 1))
      (expand3x3_activation): ReLU()
    )
    (5): MaxPool2d(kernel_size=3, stride=2, padding=0, dilation=1, ceil_mode=True)
    (6): Fire(
      (squeeze): Conv2d(128, 32, kernel_size=(1, 1), stride=(1, 1))
      (squeeze_activation): ReLU()
      (expand1x1): Conv2d(32, 128, kernel_size=(1, 1), stride=(1, 1))
      (expand1x1_activation): ReLU()
      (expand3x3): Conv2d(32, 128, kernel_size=(3, 3), stride=(1, 1), padding=(1, 1))
      (expand3x3_activation): ReLU()
    )
    (7): Fire(
      (squeeze): Conv2d(256, 32, kernel_size=(1, 1), stride=(1, 1))
      (squeeze_activation): ReLU()
      (expand1x1): Conv2d(32, 128, kernel_size=(1, 1), stride=(1, 1))
      (expand1x1_activation): ReLU()
      (expand3x3): Conv2d(32, 128, kernel_size=(3, 3), stride=(1, 1), padding=(1, 1))
      (expand3x3_activation): ReLU()
    )
    (8): MaxPool2d(kernel_size=3, stride=2, padding=0, dilation=1, ceil_mode=True)
    (9): Fire(
      (squeeze): Conv2d(256, 48, kernel_size=(1, 1), stride=(1, 1))
      (squeeze_activation): ReLU()
      (expand1x1): Conv2d(48, 192, kernel_size=(1, 1), stride=(1, 1))
      (expand1x1_activation): ReLU()
      (expand3x3): Conv2d(48, 192, kernel_size=(3, 3), stride=(1, 1), padding=(1, 1))
      (expand3x3_activation): ReLU()
    )
    (10): Fire(
      (squeeze): Conv2d(384, 48, kernel_size=(1, 1), stride=(1, 1))
      (squeeze_activation): ReLU()
      (expand1x1): Conv2d(48, 192, kernel_size=(1, 1), stride=(1, 1))
      (expand1x1_activation): ReLU()
      (expand3x3): Conv2d(48, 192, kernel_size=(3, 3), stride=(1, 1), padding=(1, 1))
      (expand3x3_activation): ReLU()
    )
    (11): Fire(
      (squeeze): Conv2d(384, 64, kernel_size=(1, 1), stride=(1, 1))
      (squeeze_activation): ReLU()
      (expand1x1): Conv2d(64, 256, kernel_size=(1, 1), stride=(1, 1))
      (expand1x1_activation): ReLU()
      (expand3x3): Conv2d(64, 256, kernel_size=(3, 3), stride=(1, 1), padding=(1, 1))
      (expand3x3_activation): ReLU()
    )
    (12): Fire(
      (squeeze): Conv2d(512, 64, kernel_size=(1, 1), stride=(1, 1))
      (squeeze_activation): ReLU()
      (expand1x1): Conv2d(64, 256, kernel_size=(1, 1), stride=(1, 1))
      (expand1x1_activation): ReLU()
      (expand3x3): Conv2d(64, 256, kernel_size=(3, 3), stride=(1, 1), padding=(1, 1))
      (expand3x3_activation): ReLU()
    )
  )
  (smoke): Sequential(
    (0): Dropout(p=0.5, inplace=False)
    (1): Conv2d(512, 1, kernel_size=(1, 1), stride=(1, 1))
    (2): ReLU()
    (3): AdaptiveAvgPool2d(output_size=(1, 1))
    (4): Flatten(start_dim=1, end_dim=-1)
    (5): Linear(in_features=1, out_features=1, bias=True)
  )
  (fire): Sequential(
    (0): Dropout(p=0.5, inplace=False)
    (1): Conv2d(512, 1, kernel_size=(1, 1), stride=(1, 1))
    (2): ReLU()
    (3): AdaptiveAvgPool2d(output_size=(1, 1))
    (4): Flatten(start_dim=1, end_dim=-1)
    (5): Linear(in_features=1, out_features=1, bias=True)
  )
)

Trainable parameters = 723526
Total parameters = 723526

Starting script

Device: cuda
Learning Rate: 0.001
Weight Decay: 0.0001
Batch Size: 64
IMG DIMS: (224, 224)
W: 224
H: 224
Loss Function: BCE

***Start Training: 18:41:06

Initializing Weights

=== EPOCH 0/74 ===
Learning Rate = 0.001

TRAIN losses
Total Loss  |Smoke Loss  |Fire Loss   
------------ ------------ ------------
87.104      |44.358      |42.746      


VAL losses
Total Loss  |Smoke Loss  |Fire Loss   
------------ ------------ ------------
85.447      |44.333      |41.114      

VAL Metrics
SMOKE -> Precision: 0.000 - Recall: 0.000 - Accuracy: 0.519 - F1: 0.000
FIRE -> Precision: 0.000 - Recall: 0.000 - Accuracy: 0.741 - F1: 0.000

Saving model with new best validation loss: 85.447

=== EPOCH 1/74 ===
Learning Rate = 0.001

TRAIN losses
Total Loss  |Smoke Loss  |Fire Loss   
------------ ------------ ------------
84.668      |44.351      |40.318      


VAL losses
Total Loss  |Smoke Loss  |Fire Loss   
------------ ------------ ------------
83.400      |44.327      |39.074      

VAL Metrics
SMOKE -> Precision: 0.000 - Recall: 0.000 - Accuracy: 0.519 - F1: 0.000
FIRE -> Precision: 0.000 - Recall: 0.000 - Accuracy: 0.741 - F1: 0.000

Saving model with new best validation loss: 83.400

=== EPOCH 2/74 ===
Learning Rate = 0.001
Using Squeeze Classifier
Model shape is tensor([[-0.9494, -0.3471],
        [-0.9494, -0.3473],
        [-0.9493, -0.3471],
        [-0.9493, -0.3471]], device='cuda:0', grad_fn=<CatBackward0>)
BED Model Arquitecture
SqueezeNet(
  (features): Sequential(
    (0): Conv2d(3, 64, kernel_size=(3, 3), stride=(2, 2))
    (1): ReLU()
    (2): MaxPool2d(kernel_size=3, stride=2, padding=0, dilation=1, ceil_mode=True)
    (3): Fire(
      (squeeze): Conv2d(64, 16, kernel_size=(1, 1), stride=(1, 1))
      (squeeze_activation): ReLU()
      (expand1x1): Conv2d(16, 64, kernel_size=(1, 1), stride=(1, 1))
      (expand1x1_activation): ReLU()
      (expand3x3): Conv2d(16, 64, kernel_size=(3, 3), stride=(1, 1), padding=(1, 1))
      (expand3x3_activation): ReLU()
    )
    (4): Fire(
      (squeeze): Conv2d(128, 16, kernel_size=(1, 1), stride=(1, 1))
      (squeeze_activation): ReLU()
      (expand1x1): Conv2d(16, 64, kernel_size=(1, 1), stride=(1, 1))
      (expand1x1_activation): ReLU()
      (expand3x3): Conv2d(16, 64, kernel_size=(3, 3), stride=(1, 1), padding=(1, 1))
      (expand3x3_activation): ReLU()
    )
    (5): MaxPool2d(kernel_size=3, stride=2, padding=0, dilation=1, ceil_mode=True)
    (6): Fire(
      (squeeze): Conv2d(128, 32, kernel_size=(1, 1), stride=(1, 1))
      (squeeze_activation): ReLU()
      (expand1x1): Conv2d(32, 128, kernel_size=(1, 1), stride=(1, 1))
      (expand1x1_activation): ReLU()
      (expand3x3): Conv2d(32, 128, kernel_size=(3, 3), stride=(1, 1), padding=(1, 1))
      (expand3x3_activation): ReLU()
    )
    (7): Fire(
      (squeeze): Conv2d(256, 32, kernel_size=(1, 1), stride=(1, 1))
      (squeeze_activation): ReLU()
      (expand1x1): Conv2d(32, 128, kernel_size=(1, 1), stride=(1, 1))
      (expand1x1_activation): ReLU()
      (expand3x3): Conv2d(32, 128, kernel_size=(3, 3), stride=(1, 1), padding=(1, 1))
      (expand3x3_activation): ReLU()
    )
    (8): MaxPool2d(kernel_size=3, stride=2, padding=0, dilation=1, ceil_mode=True)
    (9): Fire(
      (squeeze): Conv2d(256, 48, kernel_size=(1, 1), stride=(1, 1))
      (squeeze_activation): ReLU()
      (expand1x1): Conv2d(48, 192, kernel_size=(1, 1), stride=(1, 1))
      (expand1x1_activation): ReLU()
      (expand3x3): Conv2d(48, 192, kernel_size=(3, 3), stride=(1, 1), padding=(1, 1))
      (expand3x3_activation): ReLU()
    )
    (10): Fire(
      (squeeze): Conv2d(384, 48, kernel_size=(1, 1), stride=(1, 1))
      (squeeze_activation): ReLU()
      (expand1x1): Conv2d(48, 192, kernel_size=(1, 1), stride=(1, 1))
      (expand1x1_activation): ReLU()
      (expand3x3): Conv2d(48, 192, kernel_size=(3, 3), stride=(1, 1), padding=(1, 1))
      (expand3x3_activation): ReLU()
    )
    (11): Fire(
      (squeeze): Conv2d(384, 64, kernel_size=(1, 1), stride=(1, 1))
      (squeeze_activation): ReLU()
      (expand1x1): Conv2d(64, 256, kernel_size=(1, 1), stride=(1, 1))
      (expand1x1_activation): ReLU()
      (expand3x3): Conv2d(64, 256, kernel_size=(3, 3), stride=(1, 1), padding=(1, 1))
      (expand3x3_activation): ReLU()
    )
    (12): Fire(
      (squeeze): Conv2d(512, 64, kernel_size=(1, 1), stride=(1, 1))
      (squeeze_activation): ReLU()
      (expand1x1): Conv2d(64, 256, kernel_size=(1, 1), stride=(1, 1))
      (expand1x1_activation): ReLU()
      (expand3x3): Conv2d(64, 256, kernel_size=(3, 3), stride=(1, 1), padding=(1, 1))
      (expand3x3_activation): ReLU()
    )
  )
  (smoke): Sequential(
    (0): Dropout(p=0.5, inplace=False)
    (1): Conv2d(512, 1, kernel_size=(1, 1), stride=(1, 1))
    (2): ReLU()
    (3): AdaptiveAvgPool2d(output_size=(1, 1))
    (4): Flatten(start_dim=1, end_dim=-1)
    (5): Linear(in_features=1, out_features=1, bias=True)
  )
  (fire): Sequential(
    (0): Dropout(p=0.5, inplace=False)
    (1): Conv2d(512, 1, kernel_size=(1, 1), stride=(1, 1))
    (2): ReLU()
    (3): AdaptiveAvgPool2d(output_size=(1, 1))
    (4): Flatten(start_dim=1, end_dim=-1)
    (5): Linear(in_features=1, out_features=1, bias=True)
  )
)

Trainable parameters = 723526
Total parameters = 723526

Using Squeeze Classifier
Model shape is tensor([[ 0.1284, -0.7853],
        [ 0.1255, -0.7848],
        [ 0.1257, -0.7849],
        [ 0.1253, -0.7856]], device='cuda:0', grad_fn=<CatBackward0>)
BED Model Arquitecture
SqueezeNet(
  (features): Sequential(
    (0): Conv2d(3, 64, kernel_size=(3, 3), stride=(2, 2))
    (1): ReLU()
    (2): MaxPool2d(kernel_size=3, stride=2, padding=0, dilation=1, ceil_mode=True)
    (3): Fire(
      (squeeze): Conv2d(64, 16, kernel_size=(1, 1), stride=(1, 1))
      (squeeze_activation): ReLU()
      (expand1x1): Conv2d(16, 64, kernel_size=(1, 1), stride=(1, 1))
      (expand1x1_activation): ReLU()
      (expand3x3): Conv2d(16, 64, kernel_size=(3, 3), stride=(1, 1), padding=(1, 1))
      (expand3x3_activation): ReLU()
    )
    (4): Fire(
      (squeeze): Conv2d(128, 16, kernel_size=(1, 1), stride=(1, 1))
      (squeeze_activation): ReLU()
      (expand1x1): Conv2d(16, 64, kernel_size=(1, 1), stride=(1, 1))
      (expand1x1_activation): ReLU()
      (expand3x3): Conv2d(16, 64, kernel_size=(3, 3), stride=(1, 1), padding=(1, 1))
      (expand3x3_activation): ReLU()
    )
    (5): MaxPool2d(kernel_size=3, stride=2, padding=0, dilation=1, ceil_mode=True)
    (6): Fire(
      (squeeze): Conv2d(128, 32, kernel_size=(1, 1), stride=(1, 1))
      (squeeze_activation): ReLU()
      (expand1x1): Conv2d(32, 128, kernel_size=(1, 1), stride=(1, 1))
      (expand1x1_activation): ReLU()
      (expand3x3): Conv2d(32, 128, kernel_size=(3, 3), stride=(1, 1), padding=(1, 1))
      (expand3x3_activation): ReLU()
    )
    (7): Fire(
      (squeeze): Conv2d(256, 32, kernel_size=(1, 1), stride=(1, 1))
      (squeeze_activation): ReLU()
      (expand1x1): Conv2d(32, 128, kernel_size=(1, 1), stride=(1, 1))
      (expand1x1_activation): ReLU()
      (expand3x3): Conv2d(32, 128, kernel_size=(3, 3), stride=(1, 1), padding=(1, 1))
      (expand3x3_activation): ReLU()
    )
    (8): MaxPool2d(kernel_size=3, stride=2, padding=0, dilation=1, ceil_mode=True)
    (9): Fire(
      (squeeze): Conv2d(256, 48, kernel_size=(1, 1), stride=(1, 1))
      (squeeze_activation): ReLU()
      (expand1x1): Conv2d(48, 192, kernel_size=(1, 1), stride=(1, 1))
      (expand1x1_activation): ReLU()
      (expand3x3): Conv2d(48, 192, kernel_size=(3, 3), stride=(1, 1), padding=(1, 1))
      (expand3x3_activation): ReLU()
    )
    (10): Fire(
      (squeeze): Conv2d(384, 48, kernel_size=(1, 1), stride=(1, 1))
      (squeeze_activation): ReLU()
      (expand1x1): Conv2d(48, 192, kernel_size=(1, 1), stride=(1, 1))
      (expand1x1_activation): ReLU()
      (expand3x3): Conv2d(48, 192, kernel_size=(3, 3), stride=(1, 1), padding=(1, 1))
      (expand3x3_activation): ReLU()
    )
    (11): Fire(
      (squeeze): Conv2d(384, 64, kernel_size=(1, 1), stride=(1, 1))
      (squeeze_activation): ReLU()
      (expand1x1): Conv2d(64, 256, kernel_size=(1, 1), stride=(1, 1))
      (expand1x1_activation): ReLU()
      (expand3x3): Conv2d(64, 256, kernel_size=(3, 3), stride=(1, 1), padding=(1, 1))
      (expand3x3_activation): ReLU()
    )
    (12): Fire(
      (squeeze): Conv2d(512, 64, kernel_size=(1, 1), stride=(1, 1))
      (squeeze_activation): ReLU()
      (expand1x1): Conv2d(64, 256, kernel_size=(1, 1), stride=(1, 1))
      (expand1x1_activation): ReLU()
      (expand3x3): Conv2d(64, 256, kernel_size=(3, 3), stride=(1, 1), padding=(1, 1))
      (expand3x3_activation): ReLU()
    )
  )
  (smoke): Sequential(
    (0): Dropout(p=0.5, inplace=False)
    (1): Conv2d(512, 1, kernel_size=(1, 1), stride=(1, 1))
    (2): ReLU()
    (3): AdaptiveAvgPool2d(output_size=(1, 1))
    (4): Flatten(start_dim=1, end_dim=-1)
    (5): Linear(in_features=1, out_features=1, bias=True)
  )
  (fire): Sequential(
    (0): Dropout(p=0.5, inplace=False)
    (1): Conv2d(512, 1, kernel_size=(1, 1), stride=(1, 1))
    (2): ReLU()
    (3): AdaptiveAvgPool2d(output_size=(1, 1))
    (4): Flatten(start_dim=1, end_dim=-1)
    (5): Linear(in_features=1, out_features=1, bias=True)
  )
)

Trainable parameters = 723526
Total parameters = 723526

Starting script

Device: cuda
Learning Rate: 0.001
Weight Decay: 0.0001
Batch Size: 64
IMG DIMS: (224, 224)
W: 224
H: 224
Loss Function: BCE

***Start Training: 18:43:53

Initializing Weights

=== EPOCH 0/74 ===
Learning Rate = 0.001

TRAIN losses
Total Loss  |Smoke Loss  |Fire Loss   
------------ ------------ ------------
71.833      |44.070      |27.763      


VAL losses
Total Loss  |Smoke Loss  |Fire Loss   
------------ ------------ ------------
66.099      |43.152      |22.947      

VAL Metrics
SMOKE -> Precision: 0.610 - Recall: 0.437 - Accuracy: 0.595 - F1: 0.509
FIRE -> Precision: 0.722 - Recall: 0.668 - Accuracy: 0.847 - F1: 0.694

Saving model with new best validation loss: 66.099

=== EPOCH 1/74 ===
Learning Rate = 0.001

TRAIN losses
Total Loss  |Smoke Loss  |Fire Loss   
------------ ------------ ------------
66.618      |43.057      |23.561      


VAL losses
Total Loss  |Smoke Loss  |Fire Loss   
------------ ------------ ------------
66.515      |42.437      |24.078      

VAL Metrics
SMOKE -> Precision: 0.627 - Recall: 0.592 - Accuracy: 0.634 - F1: 0.609
FIRE -> Precision: 0.647 - Recall: 0.896 - Accuracy: 0.846 - F1: 0.751

=== EPOCH 2/74 ===
Learning Rate = 0.001

TRAIN losses
Total Loss  |Smoke Loss  |Fire Loss   
------------ ------------ ------------
64.689      |42.504      |22.185      


VAL losses
Total Loss  |Smoke Loss  |Fire Loss   
------------ ------------ ------------
62.924      |42.637      |20.287      

VAL Metrics
SMOKE -> Precision: 0.636 - Recall: 0.469 - Accuracy: 0.615 - F1: 0.540
FIRE -> Precision: 0.739 - Recall: 0.755 - Accuracy: 0.868 - F1: 0.747

Saving model with new best validation loss: 62.924

=== EPOCH 3/74 ===
Learning Rate = 0.001

TRAIN losses
Total Loss  |Smoke Loss  |Fire Loss   
------------ ------------ ------------
62.881      |41.528      |21.353      


VAL losses
Total Loss  |Smoke Loss  |Fire Loss   
------------ ------------ ------------
58.462      |40.137      |18.325      

VAL Metrics
SMOKE -> Precision: 0.636 - Recall: 0.670 - Accuracy: 0.657 - F1: 0.653
FIRE -> Precision: 0.749 - Recall: 0.814 - Accuracy: 0.881 - F1: 0.780

Saving model with new best validation loss: 58.462

=== EPOCH 4/74 ===
Learning Rate = 0.001

TRAIN losses
Total Loss  |Smoke Loss  |Fire Loss   
------------ ------------ ------------
60.232      |40.530      |19.702      


VAL losses
Total Loss  |Smoke Loss  |Fire Loss   
------------ ------------ ------------
56.308      |38.260      |18.048      

VAL Metrics
SMOKE -> Precision: 0.666 - Recall: 0.716 - Accuracy: 0.691 - F1: 0.690
FIRE -> Precision: 0.742 - Recall: 0.868 - Accuracy: 0.888 - F1: 0.800

Saving model with new best validation loss: 56.308

=== EPOCH 5/74 ===
Learning Rate = 0.001

TRAIN losses
Total Loss  |Smoke Loss  |Fire Loss   
------------ ------------ ------------
58.634      |39.328      |19.306      


VAL losses
Total Loss  |Smoke Loss  |Fire Loss   
------------ ------------ ------------
55.884      |38.085      |17.799      

VAL Metrics
SMOKE -> Precision: 0.698 - Recall: 0.555 - Accuracy: 0.670 - F1: 0.618
FIRE -> Precision: 0.723 - Recall: 0.900 - Accuracy: 0.885 - F1: 0.802

Saving model with new best validation loss: 55.884

=== EPOCH 6/74 ===
Learning Rate = 0.001

TRAIN losses
Total Loss  |Smoke Loss  |Fire Loss   
------------ ------------ ------------
57.004      |38.664      |18.340      


VAL losses
Total Loss  |Smoke Loss  |Fire Loss   
------------ ------------ ------------
53.642      |36.733      |16.910      

VAL Metrics
SMOKE -> Precision: 0.704 - Recall: 0.689 - Accuracy: 0.711 - F1: 0.697
FIRE -> Precision: 0.744 - Recall: 0.895 - Accuracy: 0.893 - F1: 0.812

Saving model with new best validation loss: 53.642

=== EPOCH 7/74 ===
Learning Rate = 0.001

TRAIN losses
Total Loss  |Smoke Loss  |Fire Loss   
------------ ------------ ------------
56.397      |38.078      |18.319      


VAL losses
Total Loss  |Smoke Loss  |Fire Loss   
------------ ------------ ------------
52.673      |36.037      |16.637      

VAL Metrics
SMOKE -> Precision: 0.684 - Recall: 0.762 - Accuracy: 0.716 - F1: 0.721
FIRE -> Precision: 0.745 - Recall: 0.889 - Accuracy: 0.893 - F1: 0.811

Saving model with new best validation loss: 52.673

=== EPOCH 8/74 ===
Learning Rate = 0.001

TRAIN losses
Total Loss  |Smoke Loss  |Fire Loss   
------------ ------------ ------------
56.037      |37.726      |18.311      


VAL losses
Total Loss  |Smoke Loss  |Fire Loss   
------------ ------------ ------------
54.986      |36.630      |18.356      

VAL Metrics
SMOKE -> Precision: 0.703 - Recall: 0.724 - Accuracy: 0.720 - F1: 0.713
FIRE -> Precision: 0.813 - Recall: 0.762 - Accuracy: 0.893 - F1: 0.787

=== EPOCH 9/74 ===
Learning Rate = 0.001

TRAIN losses
Total Loss  |Smoke Loss  |Fire Loss   
------------ ------------ ------------
54.714      |37.382      |17.332      


VAL losses
Total Loss  |Smoke Loss  |Fire Loss   
------------ ------------ ------------
50.620      |35.232      |15.388      

VAL Metrics
SMOKE -> Precision: 0.729 - Recall: 0.672 - Accuracy: 0.722 - F1: 0.699
FIRE -> Precision: 0.798 - Recall: 0.853 - Accuracy: 0.906 - F1: 0.825

Saving model with new best validation loss: 50.620

=== EPOCH 10/74 ===
Learning Rate = 0.001

TRAIN losses
Total Loss  |Smoke Loss  |Fire Loss   
------------ ------------ ------------
53.020      |36.170      |16.851      


VAL losses
Total Loss  |Smoke Loss  |Fire Loss   
------------ ------------ ------------
50.094      |34.375      |15.719      

VAL Metrics
SMOKE -> Precision: 0.716 - Recall: 0.723 - Accuracy: 0.729 - F1: 0.719
FIRE -> Precision: 0.827 - Recall: 0.839 - Accuracy: 0.913 - F1: 0.833

Saving model with new best validation loss: 50.094

=== EPOCH 11/74 ===
Learning Rate = 0.001

TRAIN losses
Total Loss  |Smoke Loss  |Fire Loss   
------------ ------------ ------------
52.251      |35.667      |16.585      


VAL losses
Total Loss  |Smoke Loss  |Fire Loss   
------------ ------------ ------------
47.819      |33.217      |14.602      

VAL Metrics
SMOKE -> Precision: 0.744 - Recall: 0.733 - Accuracy: 0.750 - F1: 0.739
FIRE -> Precision: 0.823 - Recall: 0.860 - Accuracy: 0.916 - F1: 0.841

Saving model with new best validation loss: 47.819

=== EPOCH 12/74 ===
Learning Rate = 0.001

TRAIN losses
Total Loss  |Smoke Loss  |Fire Loss   
------------ ------------ ------------
51.533      |35.450      |16.084      


VAL losses
Total Loss  |Smoke Loss  |Fire Loss   
------------ ------------ ------------
48.341      |33.296      |15.045      

VAL Metrics
SMOKE -> Precision: 0.715 - Recall: 0.791 - Accuracy: 0.748 - F1: 0.751
FIRE -> Precision: 0.833 - Recall: 0.811 - Accuracy: 0.909 - F1: 0.822

=== EPOCH 13/74 ===
Learning Rate = 0.001

TRAIN losses
Total Loss  |Smoke Loss  |Fire Loss   
------------ ------------ ------------
51.494      |35.484      |16.010      


VAL losses
Total Loss  |Smoke Loss  |Fire Loss   
------------ ------------ ------------
46.870      |33.153      |13.717      

VAL Metrics
SMOKE -> Precision: 0.710 - Recall: 0.800 - Accuracy: 0.747 - F1: 0.752
FIRE -> Precision: 0.862 - Recall: 0.830 - Accuracy: 0.922 - F1: 0.846

Saving model with new best validation loss: 46.870

=== EPOCH 14/74 ===
Learning Rate = 0.001

TRAIN losses
Total Loss  |Smoke Loss  |Fire Loss   
------------ ------------ ------------
49.845      |34.561      |15.284      


VAL losses
Total Loss  |Smoke Loss  |Fire Loss   
------------ ------------ ------------
46.151      |32.442      |13.709      

VAL Metrics
SMOKE -> Precision: 0.743 - Recall: 0.740 - Accuracy: 0.752 - F1: 0.742
FIRE -> Precision: 0.819 - Recall: 0.887 - Accuracy: 0.920 - F1: 0.852

Saving model with new best validation loss: 46.151

=== EPOCH 15/74 ===
Learning Rate = 0.001

TRAIN losses
Total Loss  |Smoke Loss  |Fire Loss   
------------ ------------ ------------
49.365      |34.165      |15.200      


VAL losses
Total Loss  |Smoke Loss  |Fire Loss   
------------ ------------ ------------
47.020      |33.293      |13.726      

VAL Metrics
SMOKE -> Precision: 0.670 - Recall: 0.893 - Accuracy: 0.737 - F1: 0.766
FIRE -> Precision: 0.804 - Recall: 0.896 - Accuracy: 0.917 - F1: 0.848

=== EPOCH 16/74 ===
Learning Rate = 0.001

TRAIN losses
Total Loss  |Smoke Loss  |Fire Loss   
------------ ------------ ------------
48.142      |33.452      |14.690      


VAL losses
Total Loss  |Smoke Loss  |Fire Loss   
------------ ------------ ------------
43.697      |30.657      |13.040      

VAL Metrics
SMOKE -> Precision: 0.751 - Recall: 0.798 - Accuracy: 0.776 - F1: 0.774
FIRE -> Precision: 0.855 - Recall: 0.852 - Accuracy: 0.924 - F1: 0.854

Saving model with new best validation loss: 43.697

=== EPOCH 17/74 ===
Learning Rate = 0.001

TRAIN losses
Total Loss  |Smoke Loss  |Fire Loss   
------------ ------------ ------------
47.477      |33.277      |14.200      


VAL losses
Total Loss  |Smoke Loss  |Fire Loss   
------------ ------------ ------------
45.238      |31.341      |13.897      

VAL Metrics
SMOKE -> Precision: 0.738 - Recall: 0.796 - Accuracy: 0.766 - F1: 0.766
FIRE -> Precision: 0.827 - Recall: 0.877 - Accuracy: 0.921 - F1: 0.851

=== EPOCH 18/74 ===
Learning Rate = 0.001

TRAIN losses
Total Loss  |Smoke Loss  |Fire Loss   
------------ ------------ ------------
47.129      |32.860      |14.269      


VAL losses
Total Loss  |Smoke Loss  |Fire Loss   
------------ ------------ ------------
43.804      |31.230      |12.574      

VAL Metrics
SMOKE -> Precision: 0.787 - Recall: 0.709 - Accuracy: 0.768 - F1: 0.746
FIRE -> Precision: 0.830 - Recall: 0.900 - Accuracy: 0.927 - F1: 0.864

=== EPOCH 19/74 ===
Learning Rate = 0.001

TRAIN losses
Total Loss  |Smoke Loss  |Fire Loss   
------------ ------------ ------------
46.337      |32.557      |13.781      


VAL losses
Total Loss  |Smoke Loss  |Fire Loss   
------------ ------------ ------------
42.829      |30.561      |12.269      

VAL Metrics
SMOKE -> Precision: 0.757 - Recall: 0.757 - Accuracy: 0.766 - F1: 0.757
FIRE -> Precision: 0.843 - Recall: 0.889 - Accuracy: 0.928 - F1: 0.865

Saving model with new best validation loss: 42.829

=== EPOCH 20/74 ===
Learning Rate = 0.001

TRAIN losses
Total Loss  |Smoke Loss  |Fire Loss   
------------ ------------ ------------
46.071      |32.421      |13.651      


VAL losses
Total Loss  |Smoke Loss  |Fire Loss   
------------ ------------ ------------
44.698      |31.275      |13.424      

VAL Metrics
SMOKE -> Precision: 0.736 - Recall: 0.794 - Accuracy: 0.764 - F1: 0.764
FIRE -> Precision: 0.795 - Recall: 0.913 - Accuracy: 0.917 - F1: 0.850

=== EPOCH 21/74 ===
Learning Rate = 0.001

TRAIN losses
Total Loss  |Smoke Loss  |Fire Loss   
------------ ------------ ------------
45.832      |32.443      |13.389      


VAL losses
Total Loss  |Smoke Loss  |Fire Loss   
------------ ------------ ------------
41.980      |30.225      |11.755      

VAL Metrics
SMOKE -> Precision: 0.715 - Recall: 0.905 - Accuracy: 0.781 - F1: 0.799
FIRE -> Precision: 0.837 - Recall: 0.905 - Accuracy: 0.930 - F1: 0.870

Saving model with new best validation loss: 41.980

=== EPOCH 22/74 ===
Learning Rate = 0.001

TRAIN losses
Total Loss  |Smoke Loss  |Fire Loss   
------------ ------------ ------------
44.764      |31.761      |13.003      


VAL losses
Total Loss  |Smoke Loss  |Fire Loss   
------------ ------------ ------------
42.706      |30.946      |11.760      

VAL Metrics
SMOKE -> Precision: 0.789 - Recall: 0.733 - Accuracy: 0.778 - F1: 0.760
FIRE -> Precision: 0.864 - Recall: 0.871 - Accuracy: 0.931 - F1: 0.868

=== EPOCH 23/74 ===
Learning Rate = 0.001

TRAIN losses
Total Loss  |Smoke Loss  |Fire Loss   
------------ ------------ ------------
44.193      |31.398      |12.795      


VAL losses
Total Loss  |Smoke Loss  |Fire Loss   
------------ ------------ ------------
40.410      |29.022      |11.388      

VAL Metrics
SMOKE -> Precision: 0.789 - Recall: 0.790 - Accuracy: 0.798 - F1: 0.790
FIRE -> Precision: 0.871 - Recall: 0.899 - Accuracy: 0.939 - F1: 0.885

Saving model with new best validation loss: 40.410

=== EPOCH 24/74 ===
Learning Rate = 0.001

TRAIN losses
Total Loss  |Smoke Loss  |Fire Loss   
------------ ------------ ------------
43.493      |31.026      |12.467      


VAL losses
Total Loss  |Smoke Loss  |Fire Loss   
------------ ------------ ------------
40.722      |29.624      |11.098      

VAL Metrics
SMOKE -> Precision: 0.813 - Recall: 0.688 - Accuracy: 0.774 - F1: 0.745
FIRE -> Precision: 0.891 - Recall: 0.873 - Accuracy: 0.940 - F1: 0.882

=== EPOCH 25/74 ===
Learning Rate = 0.001

TRAIN losses
Total Loss  |Smoke Loss  |Fire Loss   
------------ ------------ ------------
43.111      |30.701      |12.410      


VAL losses
Total Loss  |Smoke Loss  |Fire Loss   
------------ ------------ ------------
39.871      |28.853      |11.018      

VAL Metrics
SMOKE -> Precision: 0.743 - Recall: 0.878 - Accuracy: 0.795 - F1: 0.805
FIRE -> Precision: 0.868 - Recall: 0.905 - Accuracy: 0.940 - F1: 0.886

Saving model with new best validation loss: 39.871

=== EPOCH 26/74 ===
Learning Rate = 0.001

TRAIN losses
Total Loss  |Smoke Loss  |Fire Loss   
------------ ------------ ------------
42.522      |30.484      |12.038      


VAL losses
Total Loss  |Smoke Loss  |Fire Loss   
------------ ------------ ------------
39.475      |27.911      |11.564      

VAL Metrics
SMOKE -> Precision: 0.760 - Recall: 0.871 - Accuracy: 0.805 - F1: 0.811
FIRE -> Precision: 0.818 - Recall: 0.927 - Accuracy: 0.928 - F1: 0.869

Saving model with new best validation loss: 39.475

=== EPOCH 27/74 ===
Learning Rate = 0.001

TRAIN losses
Total Loss  |Smoke Loss  |Fire Loss   
------------ ------------ ------------
42.206      |30.369      |11.837      


VAL losses
Total Loss  |Smoke Loss  |Fire Loss   
------------ ------------ ------------
38.319      |28.087      |10.232      

VAL Metrics
SMOKE -> Precision: 0.742 - Recall: 0.912 - Accuracy: 0.805 - F1: 0.818
FIRE -> Precision: 0.870 - Recall: 0.907 - Accuracy: 0.941 - F1: 0.888

Saving model with new best validation loss: 38.319

=== EPOCH 28/74 ===
Learning Rate = 0.001

TRAIN losses
Total Loss  |Smoke Loss  |Fire Loss   
------------ ------------ ------------
42.031      |30.228      |11.802      


VAL losses
Total Loss  |Smoke Loss  |Fire Loss   
------------ ------------ ------------
38.369      |27.055      |11.315      

VAL Metrics
SMOKE -> Precision: 0.817 - Recall: 0.799 - Accuracy: 0.817 - F1: 0.808
FIRE -> Precision: 0.829 - Recall: 0.929 - Accuracy: 0.932 - F1: 0.876

=== EPOCH 29/74 ===
Learning Rate = 0.001

TRAIN losses
Total Loss  |Smoke Loss  |Fire Loss   
------------ ------------ ------------
41.386      |29.886      |11.500      


VAL losses
Total Loss  |Smoke Loss  |Fire Loss   
------------ ------------ ------------
38.308      |27.979      |10.329      

VAL Metrics
SMOKE -> Precision: 0.749 - Recall: 0.879 - Accuracy: 0.800 - F1: 0.809
FIRE -> Precision: 0.880 - Recall: 0.909 - Accuracy: 0.944 - F1: 0.894

Saving model with new best validation loss: 38.308

=== EPOCH 30/74 ===
Learning Rate = 0.001

TRAIN losses
Total Loss  |Smoke Loss  |Fire Loss   
------------ ------------ ------------
40.343      |29.177      |11.166      


VAL losses
Total Loss  |Smoke Loss  |Fire Loss   
------------ ------------ ------------
37.529      |27.364      |10.165      

VAL Metrics
SMOKE -> Precision: 0.805 - Recall: 0.777 - Accuracy: 0.802 - F1: 0.791
FIRE -> Precision: 0.900 - Recall: 0.877 - Accuracy: 0.943 - F1: 0.889

Saving model with new best validation loss: 37.529

=== EPOCH 31/74 ===
Learning Rate = 0.001

TRAIN losses
Total Loss  |Smoke Loss  |Fire Loss   
------------ ------------ ------------
40.609      |29.187      |11.423      


VAL losses
Total Loss  |Smoke Loss  |Fire Loss   
------------ ------------ ------------
36.844      |26.361      |10.482      

VAL Metrics
SMOKE -> Precision: 0.799 - Recall: 0.836 - Accuracy: 0.820 - F1: 0.817
FIRE -> Precision: 0.857 - Recall: 0.909 - Accuracy: 0.937 - F1: 0.882

Saving model with new best validation loss: 36.844

=== EPOCH 32/74 ===
Learning Rate = 0.001

TRAIN losses
Total Loss  |Smoke Loss  |Fire Loss   
------------ ------------ ------------
39.676      |28.548      |11.128      


VAL losses
Total Loss  |Smoke Loss  |Fire Loss   
------------ ------------ ------------
36.055      |26.198      |9.857       

VAL Metrics
SMOKE -> Precision: 0.792 - Recall: 0.858 - Accuracy: 0.823 - F1: 0.824
FIRE -> Precision: 0.897 - Recall: 0.886 - Accuracy: 0.944 - F1: 0.892

Saving model with new best validation loss: 36.055

=== EPOCH 33/74 ===
Learning Rate = 0.001

TRAIN losses
Total Loss  |Smoke Loss  |Fire Loss   
------------ ------------ ------------
40.069      |28.706      |11.362      


VAL losses
Total Loss  |Smoke Loss  |Fire Loss   
------------ ------------ ------------
36.317      |26.396      |9.921       

VAL Metrics
SMOKE -> Precision: 0.773 - Recall: 0.880 - Accuracy: 0.818 - F1: 0.823
FIRE -> Precision: 0.890 - Recall: 0.895 - Accuracy: 0.944 - F1: 0.893

=== EPOCH 34/74 ===
Learning Rate = 0.001

TRAIN losses
Total Loss  |Smoke Loss  |Fire Loss   
------------ ------------ ------------
39.448      |28.465      |10.983      


VAL losses
Total Loss  |Smoke Loss  |Fire Loss   
------------ ------------ ------------
35.215      |25.836      |9.379       

VAL Metrics
SMOKE -> Precision: 0.772 - Recall: 0.878 - Accuracy: 0.817 - F1: 0.822
FIRE -> Precision: 0.895 - Recall: 0.903 - Accuracy: 0.948 - F1: 0.899

Saving model with new best validation loss: 35.215

=== EPOCH 35/74 ===
Learning Rate = 0.001

TRAIN losses
Total Loss  |Smoke Loss  |Fire Loss   
------------ ------------ ------------
39.319      |28.339      |10.980      


VAL losses
Total Loss  |Smoke Loss  |Fire Loss   
------------ ------------ ------------
35.582      |26.248      |9.334       

VAL Metrics
SMOKE -> Precision: 0.820 - Recall: 0.818 - Accuracy: 0.826 - F1: 0.819
FIRE -> Precision: 0.911 - Recall: 0.892 - Accuracy: 0.949 - F1: 0.901

=== EPOCH 36/74 ===
Learning Rate = 0.001

TRAIN losses
Total Loss  |Smoke Loss  |Fire Loss   
------------ ------------ ------------
39.248      |28.137      |11.111      


VAL losses
Total Loss  |Smoke Loss  |Fire Loss   
------------ ------------ ------------
36.004      |25.595      |10.409      

VAL Metrics
SMOKE -> Precision: 0.820 - Recall: 0.839 - Accuracy: 0.834 - F1: 0.830
FIRE -> Precision: 0.856 - Recall: 0.932 - Accuracy: 0.942 - F1: 0.892

=== EPOCH 37/74 ===
Learning Rate = 0.001

TRAIN losses
Total Loss  |Smoke Loss  |Fire Loss   
------------ ------------ ------------
37.778      |27.534      |10.243      


VAL losses
Total Loss  |Smoke Loss  |Fire Loss   
------------ ------------ ------------
35.148      |25.497      |9.651       

VAL Metrics
SMOKE -> Precision: 0.797 - Recall: 0.865 - Accuracy: 0.829 - F1: 0.830
FIRE -> Precision: 0.867 - Recall: 0.920 - Accuracy: 0.943 - F1: 0.892

Saving model with new best validation loss: 35.148

=== EPOCH 38/74 ===
Learning Rate = 0.001

TRAIN losses
Total Loss  |Smoke Loss  |Fire Loss   
------------ ------------ ------------
37.988      |27.532      |10.456      


VAL losses
Total Loss  |Smoke Loss  |Fire Loss   
------------ ------------ ------------
35.683      |25.796      |9.888       

VAL Metrics
SMOKE -> Precision: 0.776 - Recall: 0.896 - Accuracy: 0.826 - F1: 0.832
FIRE -> Precision: 0.855 - Recall: 0.939 - Accuracy: 0.943 - F1: 0.895

=== EPOCH 39/74 ===
Learning Rate = 0.001

TRAIN losses
Total Loss  |Smoke Loss  |Fire Loss   
------------ ------------ ------------
37.468      |27.236      |10.232      


VAL losses
Total Loss  |Smoke Loss  |Fire Loss   
------------ ------------ ------------
33.577      |24.415      |9.161       

VAL Metrics
SMOKE -> Precision: 0.829 - Recall: 0.830 - Accuracy: 0.836 - F1: 0.829
FIRE -> Precision: 0.904 - Recall: 0.904 - Accuracy: 0.950 - F1: 0.904

Saving model with new best validation loss: 33.577

=== EPOCH 40/74 ===
Learning Rate = 0.001

TRAIN losses
Total Loss  |Smoke Loss  |Fire Loss   
------------ ------------ ------------
37.213      |26.994      |10.218      


VAL losses
Total Loss  |Smoke Loss  |Fire Loss   
------------ ------------ ------------
35.650      |26.112      |9.538       

VAL Metrics
SMOKE -> Precision: 0.804 - Recall: 0.833 - Accuracy: 0.822 - F1: 0.819
FIRE -> Precision: 0.888 - Recall: 0.912 - Accuracy: 0.948 - F1: 0.900

=== EPOCH 41/74 ===
Learning Rate = 0.001

TRAIN losses
Total Loss  |Smoke Loss  |Fire Loss   
------------ ------------ ------------
37.642      |27.501      |10.142      


VAL losses
Total Loss  |Smoke Loss  |Fire Loss   
------------ ------------ ------------
34.222      |24.302      |9.920       

VAL Metrics
SMOKE -> Precision: 0.827 - Recall: 0.836 - Accuracy: 0.837 - F1: 0.831
FIRE -> Precision: 0.852 - Recall: 0.944 - Accuracy: 0.943 - F1: 0.896

=== EPOCH 42/74 ===
Learning Rate = 0.001

TRAIN losses
Total Loss  |Smoke Loss  |Fire Loss   
------------ ------------ ------------
36.667      |26.690      |9.977       


VAL losses
Total Loss  |Smoke Loss  |Fire Loss   
------------ ------------ ------------
32.883      |23.701      |9.182       

VAL Metrics
SMOKE -> Precision: 0.798 - Recall: 0.899 - Accuracy: 0.842 - F1: 0.846
FIRE -> Precision: 0.894 - Recall: 0.903 - Accuracy: 0.947 - F1: 0.898

Saving model with new best validation loss: 32.883

=== EPOCH 43/74 ===
Learning Rate = 0.001

TRAIN losses
Total Loss  |Smoke Loss  |Fire Loss   
------------ ------------ ------------
36.420      |26.377      |10.043      


VAL losses
Total Loss  |Smoke Loss  |Fire Loss   
------------ ------------ ------------
33.290      |24.075      |9.215       

VAL Metrics
SMOKE -> Precision: 0.786 - Recall: 0.899 - Accuracy: 0.833 - F1: 0.839
FIRE -> Precision: 0.874 - Recall: 0.930 - Accuracy: 0.947 - F1: 0.901

=== EPOCH 44/74 ===
Learning Rate = 0.001

TRAIN losses
Total Loss  |Smoke Loss  |Fire Loss   
------------ ------------ ------------
35.516      |25.881      |9.634       


VAL losses
Total Loss  |Smoke Loss  |Fire Loss   
------------ ------------ ------------
32.333      |23.557      |8.777       

VAL Metrics
SMOKE -> Precision: 0.840 - Recall: 0.835 - Accuracy: 0.844 - F1: 0.837
FIRE -> Precision: 0.929 - Recall: 0.879 - Accuracy: 0.951 - F1: 0.903

Saving model with new best validation loss: 32.333

=== EPOCH 45/74 ===
Learning Rate = 0.001

TRAIN losses
Total Loss  |Smoke Loss  |Fire Loss   
------------ ------------ ------------
35.920      |26.237      |9.684       


VAL losses
Total Loss  |Smoke Loss  |Fire Loss   
------------ ------------ ------------
32.114      |23.069      |9.044       

VAL Metrics
SMOKE -> Precision: 0.824 - Recall: 0.863 - Accuracy: 0.845 - F1: 0.843
FIRE -> Precision: 0.898 - Recall: 0.922 - Accuracy: 0.953 - F1: 0.910

Saving model with new best validation loss: 32.114

=== EPOCH 46/74 ===
Learning Rate = 0.001

TRAIN losses
Total Loss  |Smoke Loss  |Fire Loss   
------------ ------------ ------------
35.468      |25.892      |9.576       


VAL losses
Total Loss  |Smoke Loss  |Fire Loss   
------------ ------------ ------------
31.302      |22.664      |8.638       

VAL Metrics
SMOKE -> Precision: 0.822 - Recall: 0.875 - Accuracy: 0.849 - F1: 0.848
FIRE -> Precision: 0.904 - Recall: 0.913 - Accuracy: 0.952 - F1: 0.908

Saving model with new best validation loss: 31.302

=== EPOCH 47/74 ===
Learning Rate = 0.001

TRAIN losses
Total Loss  |Smoke Loss  |Fire Loss   
------------ ------------ ------------
34.959      |25.431      |9.527       


VAL losses
Total Loss  |Smoke Loss  |Fire Loss   
------------ ------------ ------------
32.008      |23.198      |8.810       

VAL Metrics
SMOKE -> Precision: 0.793 - Recall: 0.925 - Accuracy: 0.848 - F1: 0.854
FIRE -> Precision: 0.897 - Recall: 0.918 - Accuracy: 0.951 - F1: 0.907

=== EPOCH 48/74 ===
Learning Rate = 0.001

TRAIN losses
Total Loss  |Smoke Loss  |Fire Loss   
------------ ------------ ------------
34.270      |25.015      |9.255       


VAL losses
Total Loss  |Smoke Loss  |Fire Loss   
------------ ------------ ------------
31.159      |22.582      |8.577       

VAL Metrics
SMOKE -> Precision: 0.848 - Recall: 0.843 - Accuracy: 0.852 - F1: 0.845
FIRE -> Precision: 0.894 - Recall: 0.923 - Accuracy: 0.951 - F1: 0.908

Saving model with new best validation loss: 31.159

=== EPOCH 49/74 ===
Learning Rate = 0.001

TRAIN losses
Total Loss  |Smoke Loss  |Fire Loss   
------------ ------------ ------------
34.301      |24.867      |9.434       


VAL losses
Total Loss  |Smoke Loss  |Fire Loss   
------------ ------------ ------------
30.967      |22.676      |8.291       

VAL Metrics
SMOKE -> Precision: 0.797 - Recall: 0.933 - Accuracy: 0.854 - F1: 0.860
FIRE -> Precision: 0.917 - Recall: 0.913 - Accuracy: 0.956 - F1: 0.915

Saving model with new best validation loss: 30.967

=== EPOCH 50/74 ===
Learning Rate = 0.001

TRAIN losses
Total Loss  |Smoke Loss  |Fire Loss   
------------ ------------ ------------
34.068      |24.825      |9.243       


VAL losses
Total Loss  |Smoke Loss  |Fire Loss   
------------ ------------ ------------
30.108      |21.696      |8.412       

VAL Metrics
SMOKE -> Precision: 0.826 - Recall: 0.898 - Accuracy: 0.860 - F1: 0.861
FIRE -> Precision: 0.890 - Recall: 0.927 - Accuracy: 0.951 - F1: 0.908

Saving model with new best validation loss: 30.108

=== EPOCH 51/74 ===
Learning Rate = 0.001

TRAIN losses
Total Loss  |Smoke Loss  |Fire Loss   
------------ ------------ ------------
34.375      |25.118      |9.256       


VAL losses
Total Loss  |Smoke Loss  |Fire Loss   
------------ ------------ ------------
29.864      |21.427      |8.437       

VAL Metrics
SMOKE -> Precision: 0.847 - Recall: 0.869 - Accuracy: 0.861 - F1: 0.858
FIRE -> Precision: 0.925 - Recall: 0.910 - Accuracy: 0.958 - F1: 0.917

Saving model with new best validation loss: 29.864

=== EPOCH 52/74 ===
Learning Rate = 0.001

TRAIN losses
Total Loss  |Smoke Loss  |Fire Loss   
------------ ------------ ------------
33.367      |24.446      |8.921       


VAL losses
Total Loss  |Smoke Loss  |Fire Loss   
------------ ------------ ------------
28.946      |20.898      |8.048       

VAL Metrics
SMOKE -> Precision: 0.831 - Recall: 0.905 - Accuracy: 0.866 - F1: 0.867
FIRE -> Precision: 0.919 - Recall: 0.910 - Accuracy: 0.956 - F1: 0.914

Saving model with new best validation loss: 28.946

=== EPOCH 53/74 ===
Learning Rate = 0.001

TRAIN losses
Total Loss  |Smoke Loss  |Fire Loss   
------------ ------------ ------------
33.192      |24.100      |9.092       


VAL losses
Total Loss  |Smoke Loss  |Fire Loss   
------------ ------------ ------------
30.701      |22.279      |8.423       

VAL Metrics
SMOKE -> Precision: 0.869 - Recall: 0.824 - Accuracy: 0.855 - F1: 0.846
FIRE -> Precision: 0.903 - Recall: 0.927 - Accuracy: 0.955 - F1: 0.915

=== EPOCH 54/74 ===
Learning Rate = 0.001

TRAIN losses
Total Loss  |Smoke Loss  |Fire Loss   
------------ ------------ ------------
33.644      |24.551      |9.093       


VAL losses
Total Loss  |Smoke Loss  |Fire Loss   
------------ ------------ ------------
29.371      |21.234      |8.137       

VAL Metrics
SMOKE -> Precision: 0.859 - Recall: 0.843 - Accuracy: 0.858 - F1: 0.851
FIRE -> Precision: 0.939 - Recall: 0.898 - Accuracy: 0.958 - F1: 0.918

=== EPOCH 55/74 ===
Learning Rate = 0.001

TRAIN losses
Total Loss  |Smoke Loss  |Fire Loss   
------------ ------------ ------------
32.644      |23.856      |8.787       


VAL losses
Total Loss  |Smoke Loss  |Fire Loss   
------------ ------------ ------------
29.566      |21.297      |8.268       

VAL Metrics
SMOKE -> Precision: 0.859 - Recall: 0.863 - Accuracy: 0.866 - F1: 0.861
FIRE -> Precision: 0.919 - Recall: 0.907 - Accuracy: 0.955 - F1: 0.913

=== EPOCH 56/74 ===
Learning Rate = 0.0008

TRAIN losses
Total Loss  |Smoke Loss  |Fire Loss   
------------ ------------ ------------
31.244      |22.769      |8.475       


VAL losses
Total Loss  |Smoke Loss  |Fire Loss   
------------ ------------ ------------
29.363      |21.575      |7.788       

VAL Metrics
SMOKE -> Precision: 0.853 - Recall: 0.856 - Accuracy: 0.860 - F1: 0.855
FIRE -> Precision: 0.916 - Recall: 0.919 - Accuracy: 0.957 - F1: 0.918

=== EPOCH 57/74 ===
Learning Rate = 0.0008

TRAIN losses
Total Loss  |Smoke Loss  |Fire Loss   
------------ ------------ ------------
31.011      |22.675      |8.336       


VAL losses
Total Loss  |Smoke Loss  |Fire Loss   
------------ ------------ ------------
27.269      |19.420      |7.850       

VAL Metrics
SMOKE -> Precision: 0.852 - Recall: 0.914 - Accuracy: 0.882 - F1: 0.882
FIRE -> Precision: 0.938 - Recall: 0.899 - Accuracy: 0.958 - F1: 0.918

Saving model with new best validation loss: 27.269

=== EPOCH 58/74 ===
Learning Rate = 0.0008

TRAIN losses
Total Loss  |Smoke Loss  |Fire Loss   
------------ ------------ ------------
31.028      |22.774      |8.254       


VAL losses
Total Loss  |Smoke Loss  |Fire Loss   
------------ ------------ ------------
28.585      |20.347      |8.238       

VAL Metrics
SMOKE -> Precision: 0.836 - Recall: 0.904 - Accuracy: 0.868 - F1: 0.869
FIRE -> Precision: 0.895 - Recall: 0.927 - Accuracy: 0.953 - F1: 0.911

=== EPOCH 59/74 ===
Learning Rate = 0.0008

TRAIN losses
Total Loss  |Smoke Loss  |Fire Loss   
------------ ------------ ------------
30.742      |22.579      |8.163       


VAL losses
Total Loss  |Smoke Loss  |Fire Loss   
------------ ------------ ------------
27.443      |19.594      |7.850       

VAL Metrics
SMOKE -> Precision: 0.843 - Recall: 0.913 - Accuracy: 0.877 - F1: 0.877
FIRE -> Precision: 0.892 - Recall: 0.948 - Accuracy: 0.957 - F1: 0.919

=== EPOCH 60/74 ===
Learning Rate = 0.0008

TRAIN losses
Total Loss  |Smoke Loss  |Fire Loss   
------------ ------------ ------------
30.295      |21.883      |8.411       


VAL losses
Total Loss  |Smoke Loss  |Fire Loss   
------------ ------------ ------------
28.114      |19.887      |8.227       

VAL Metrics
SMOKE -> Precision: 0.875 - Recall: 0.861 - Accuracy: 0.874 - F1: 0.868
FIRE -> Precision: 0.894 - Recall: 0.925 - Accuracy: 0.952 - F1: 0.909

=== EPOCH 61/74 ===
Learning Rate = 0.00064

TRAIN losses
Total Loss  |Smoke Loss  |Fire Loss   
------------ ------------ ------------
29.126      |21.269      |7.857       


VAL losses
Total Loss  |Smoke Loss  |Fire Loss   
------------ ------------ ------------
27.123      |19.049      |8.074       

VAL Metrics
SMOKE -> Precision: 0.846 - Recall: 0.908 - Accuracy: 0.876 - F1: 0.876
FIRE -> Precision: 0.902 - Recall: 0.916 - Accuracy: 0.952 - F1: 0.909

Saving model with new best validation loss: 27.123

=== EPOCH 62/74 ===
Learning Rate = 0.00064

TRAIN losses
Total Loss  |Smoke Loss  |Fire Loss   
------------ ------------ ------------
28.936      |21.229      |7.707       


VAL losses
Total Loss  |Smoke Loss  |Fire Loss   
------------ ------------ ------------
27.577      |18.949      |8.628       

VAL Metrics
SMOKE -> Precision: 0.845 - Recall: 0.911 - Accuracy: 0.877 - F1: 0.877
FIRE -> Precision: 0.876 - Recall: 0.950 - Accuracy: 0.952 - F1: 0.912

=== EPOCH 63/74 ===
Learning Rate = 0.00064

TRAIN losses
Total Loss  |Smoke Loss  |Fire Loss   
------------ ------------ ------------
28.954      |21.094      |7.859       


VAL losses
Total Loss  |Smoke Loss  |Fire Loss   
------------ ------------ ------------
26.192      |18.877      |7.315       

VAL Metrics
SMOKE -> Precision: 0.872 - Recall: 0.872 - Accuracy: 0.877 - F1: 0.872
FIRE -> Precision: 0.935 - Recall: 0.917 - Accuracy: 0.962 - F1: 0.926

Saving model with new best validation loss: 26.192

=== EPOCH 64/74 ===
Learning Rate = 0.00064

TRAIN losses
Total Loss  |Smoke Loss  |Fire Loss   
------------ ------------ ------------
28.536      |21.089      |7.446       


VAL losses
Total Loss  |Smoke Loss  |Fire Loss   
------------ ------------ ------------
27.154      |19.490      |7.663       

VAL Metrics
SMOKE -> Precision: 0.877 - Recall: 0.861 - Accuracy: 0.875 - F1: 0.869
FIRE -> Precision: 0.940 - Recall: 0.895 - Accuracy: 0.958 - F1: 0.917

=== EPOCH 65/74 ===
Learning Rate = 0.00064

TRAIN losses
Total Loss  |Smoke Loss  |Fire Loss   
------------ ------------ ------------
28.347      |20.958      |7.389       


VAL losses
Total Loss  |Smoke Loss  |Fire Loss   
------------ ------------ ------------
26.065      |18.517      |7.548       

VAL Metrics
SMOKE -> Precision: 0.875 - Recall: 0.885 - Accuracy: 0.884 - F1: 0.880
FIRE -> Precision: 0.917 - Recall: 0.923 - Accuracy: 0.958 - F1: 0.920

Saving model with new best validation loss: 26.065

=== EPOCH 66/74 ===
Learning Rate = 0.00064

TRAIN losses
Total Loss  |Smoke Loss  |Fire Loss   
------------ ------------ ------------
28.405      |20.924      |7.481       


VAL losses
Total Loss  |Smoke Loss  |Fire Loss   
------------ ------------ ------------
26.106      |18.531      |7.574       

VAL Metrics
SMOKE -> Precision: 0.872 - Recall: 0.906 - Accuracy: 0.891 - F1: 0.889
FIRE -> Precision: 0.936 - Recall: 0.904 - Accuracy: 0.959 - F1: 0.919

=== EPOCH 67/74 ===
Learning Rate = 0.00064

TRAIN losses
Total Loss  |Smoke Loss  |Fire Loss   
------------ ------------ ------------
27.371      |20.171      |7.200       


VAL losses
Total Loss  |Smoke Loss  |Fire Loss   
------------ ------------ ------------
28.309      |20.225      |8.083       

VAL Metrics
SMOKE -> Precision: 0.812 - Recall: 0.938 - Accuracy: 0.866 - F1: 0.870
FIRE -> Precision: 0.890 - Recall: 0.937 - Accuracy: 0.954 - F1: 0.913

=== EPOCH 68/74 ===
Learning Rate = 0.00064

TRAIN losses
Total Loss  |Smoke Loss  |Fire Loss   
------------ ------------ ------------
27.623      |20.339      |7.284       


VAL losses
Total Loss  |Smoke Loss  |Fire Loss   
------------ ------------ ------------
25.435      |17.877      |7.558       

VAL Metrics
SMOKE -> Precision: 0.887 - Recall: 0.883 - Accuracy: 0.890 - F1: 0.885
FIRE -> Precision: 0.922 - Recall: 0.911 - Accuracy: 0.957 - F1: 0.916

Saving model with new best validation loss: 25.435

=== EPOCH 69/74 ===
Learning Rate = 0.00064

TRAIN losses
Total Loss  |Smoke Loss  |Fire Loss   
------------ ------------ ------------
27.532      |20.104      |7.427       


VAL losses
Total Loss  |Smoke Loss  |Fire Loss   
------------ ------------ ------------
26.093      |18.496      |7.598       

VAL Metrics
SMOKE -> Precision: 0.886 - Recall: 0.873 - Accuracy: 0.885 - F1: 0.879
FIRE -> Precision: 0.891 - Recall: 0.944 - Accuracy: 0.956 - F1: 0.917

=== EPOCH 70/74 ===
Learning Rate = 0.00064

TRAIN losses
Total Loss  |Smoke Loss  |Fire Loss   
------------ ------------ ------------
26.912      |19.563      |7.349       


VAL losses
Total Loss  |Smoke Loss  |Fire Loss   
------------ ------------ ------------
25.138      |17.487      |7.651       

VAL Metrics
SMOKE -> Precision: 0.857 - Recall: 0.937 - Accuracy: 0.894 - F1: 0.895
FIRE -> Precision: 0.892 - Recall: 0.941 - Accuracy: 0.955 - F1: 0.915

Saving model with new best validation loss: 25.138

=== EPOCH 71/74 ===
Learning Rate = 0.00064

TRAIN losses
Total Loss  |Smoke Loss  |Fire Loss   
------------ ------------ ------------
27.289      |20.112      |7.177       


VAL losses
Total Loss  |Smoke Loss  |Fire Loss   
------------ ------------ ------------
26.570      |18.820      |7.751       

VAL Metrics
SMOKE -> Precision: 0.884 - Recall: 0.868 - Accuracy: 0.882 - F1: 0.876
FIRE -> Precision: 0.899 - Recall: 0.941 - Accuracy: 0.957 - F1: 0.919

=== EPOCH 72/74 ===
Learning Rate = 0.00064

TRAIN losses
Total Loss  |Smoke Loss  |Fire Loss   
------------ ------------ ------------
26.974      |19.886      |7.088       


VAL losses
Total Loss  |Smoke Loss  |Fire Loss   
------------ ------------ ------------
26.145      |17.976      |8.169       

VAL Metrics
SMOKE -> Precision: 0.863 - Recall: 0.902 - Accuracy: 0.884 - F1: 0.882
FIRE -> Precision: 0.890 - Recall: 0.941 - Accuracy: 0.955 - F1: 0.915

=== EPOCH 73/74 ===
Learning Rate = 0.00064

TRAIN losses
Total Loss  |Smoke Loss  |Fire Loss   
------------ ------------ ------------
27.241      |20.090      |7.151       


VAL losses
Total Loss  |Smoke Loss  |Fire Loss   
------------ ------------ ------------
25.592      |17.874      |7.718       

VAL Metrics
SMOKE -> Precision: 0.867 - Recall: 0.906 - Accuracy: 0.888 - F1: 0.886
FIRE -> Precision: 0.901 - Recall: 0.941 - Accuracy: 0.958 - F1: 0.921

=== EPOCH 74/74 ===
Learning Rate = 0.0005120000000000001

TRAIN losses
Total Loss  |Smoke Loss  |Fire Loss   
------------ ------------ ------------
25.678      |18.927      |6.751       


VAL losses
Total Loss  |Smoke Loss  |Fire Loss   
------------ ------------ ------------
24.399      |17.243      |7.156       

VAL Metrics
SMOKE -> Precision: 0.881 - Recall: 0.907 - Accuracy: 0.896 - F1: 0.894
FIRE -> Precision: 0.935 - Recall: 0.916 - Accuracy: 0.962 - F1: 0.925

Saving model with new best validation loss: 24.399
Saving last model

***Script finished: 19:54:07

Time elapsed: 1:10:13.944876
