BED Classifier XS Tiny. Trying to reduce it: v4, One Head. 255 Normalization. Weighted for Precision.
DFire Removed wrong images: 0
DFire empty images: 31
DFire only smoke images: 17
DFire only fire images: 2
DFire smoke and fire images: 14

TRAIN DFIRE dataset
DFire Removed wrong images: 0
DFire empty images: 7833
DFire only smoke images: 4681
DFire only fire images: 944
DFire smoke and fire images: 3763
Train dataset len: 17221

TEST DFire dataset
DFire Removed wrong images: 0
DFire empty images: 2005
DFire only smoke images: 1186
DFire only fire images: 220
DFire smoke and fire images: 895
Test dataset len: 4306
Using BED Classifier
Using BED Classifier
Model shape is tensor([[ 0.0694, -0.3250],
        [ 0.0864, -0.1948],
        [ 0.1135, -0.2290],
        [ 0.0837, -0.2255]], device='cuda:0', grad_fn=<AddmmBackward0>)
BED Model Arquitecture
BED_CLASSIFIER(
  (model): Sequential(
    (0): Conv2d(3, 32, kernel_size=(3, 3), stride=(1, 1), padding=(1, 1), bias=False)
    (1): BatchNorm2d(32, eps=1e-05, momentum=0.1, affine=False, track_running_stats=True)
    (2): ReLU()
    (3): Dropout2d(p=0.3, inplace=False)
    (4): MaxPool2d(kernel_size=2, stride=2, padding=0, dilation=1, ceil_mode=False)
    (5): Conv2d(32, 16, kernel_size=(3, 3), stride=(1, 1), padding=(1, 1), bias=False)
    (6): BatchNorm2d(16, eps=1e-05, momentum=0.1, affine=False, track_running_stats=True)
    (7): ReLU()
    (8): Dropout2d(p=0.3, inplace=False)
    (9): MaxPool2d(kernel_size=2, stride=2, padding=0, dilation=1, ceil_mode=False)
    (10): Conv2d(16, 16, kernel_size=(1, 1), stride=(1, 1), bias=False)
    (11): BatchNorm2d(16, eps=1e-05, momentum=0.1, affine=False, track_running_stats=True)
    (12): ReLU()
    (13): Conv2d(16, 32, kernel_size=(3, 3), stride=(1, 1), padding=(1, 1), bias=False)
    (14): BatchNorm2d(32, eps=1e-05, momentum=0.1, affine=False, track_running_stats=True)
    (15): ReLU()
    (16): Conv2d(32, 32, kernel_size=(1, 1), stride=(1, 1), bias=False)
    (17): BatchNorm2d(32, eps=1e-05, momentum=0.1, affine=False, track_running_stats=True)
    (18): ReLU()
    (19): Conv2d(32, 64, kernel_size=(3, 3), stride=(1, 1), padding=(1, 1), bias=False)
    (20): BatchNorm2d(64, eps=1e-05, momentum=0.1, affine=False, track_running_stats=True)
    (21): ReLU()
    (22): MaxPool2d(kernel_size=2, stride=2, padding=0, dilation=1, ceil_mode=False)
    (23): Conv2d(64, 32, kernel_size=(1, 1), stride=(1, 1), bias=False)
    (24): BatchNorm2d(32, eps=1e-05, momentum=0.1, affine=False, track_running_stats=True)
    (25): ReLU()
    (26): Conv2d(32, 64, kernel_size=(3, 3), stride=(1, 1), padding=(1, 1), bias=False)
    (27): BatchNorm2d(64, eps=1e-05, momentum=0.1, affine=False, track_running_stats=True)
    (28): ReLU()
    (29): Conv2d(64, 32, kernel_size=(1, 1), stride=(1, 1), bias=False)
    (30): BatchNorm2d(32, eps=1e-05, momentum=0.1, affine=False, track_running_stats=True)
    (31): ReLU()
    (32): Conv2d(32, 64, kernel_size=(3, 3), stride=(1, 1), padding=(1, 1), bias=False)
    (33): BatchNorm2d(64, eps=1e-05, momentum=0.1, affine=False, track_running_stats=True)
    (34): ReLU()
    (35): Conv2d(64, 32, kernel_size=(1, 1), stride=(1, 1), bias=False)
    (36): BatchNorm2d(32, eps=1e-05, momentum=0.1, affine=False, track_running_stats=True)
    (37): ReLU()
    (38): Conv2d(32, 64, kernel_size=(3, 3), stride=(1, 1), padding=(1, 1), bias=False)
    (39): BatchNorm2d(64, eps=1e-05, momentum=0.1, affine=False, track_running_stats=True)
    (40): ReLU()
    (41): AdaptiveAvgPool2d(output_size=(1, 1))
    (42): Flatten(start_dim=1, end_dim=-1)
    (43): Dropout(p=0.2, inplace=False)
    (44): Linear(in_features=64, out_features=16, bias=True)
    (45): ReLU()
    (46): Linear(in_features=16, out_features=2, bias=True)
  )
)

Trainable parameters = 92306
Total parameters = 92306

Starting script

Device: cuda
Learning Rate: 0.001
Weight Decay: 0.001
Batch Size: 64
IMG DIMS: (224, 224)
W: 224
H: 224
Loss Function: BCE
Smoke Precision Weight: 0.7

***Start Training: 10:07:30

Initializing Weights

=== EPOCH 0/124 ===
Learning Rate = 0.001

TRAIN losses
Total Loss  |Smoke Loss  |Fire Loss   
------------ ------------ ------------
68.778      |36.585      |32.192      


VAL losses
Total Loss  |Smoke Loss  |Fire Loss   
------------ ------------ ------------
61.650      |36.400      |25.250      

VAL Metrics
SMOKE -> Precision: 0.000 - Recall: 0.000 - Accuracy: 0.519 - F1: 0.000
FIRE -> Precision: 0.000 - Recall: 0.000 - Accuracy: 0.741 - F1: 0.000

Saving model with new best validation loss: 61.650

=== EPOCH 1/124 ===
Learning Rate = 0.001

TRAIN losses
Total Loss  |Smoke Loss  |Fire Loss   
------------ ------------ ------------
63.281      |36.069      |27.212      


VAL losses
Total Loss  |Smoke Loss  |Fire Loss   
------------ ------------ ------------
59.010      |35.604      |23.406      

VAL Metrics
SMOKE -> Precision: 0.000 - Recall: 0.000 - Accuracy: 0.519 - F1: 0.000
FIRE -> Precision: 0.741 - Recall: 0.623 - Accuracy: 0.846 - F1: 0.677

Saving model with new best validation loss: 59.010

=== EPOCH 2/124 ===
Learning Rate = 0.001

TRAIN losses
Total Loss  |Smoke Loss  |Fire Loss   
------------ ------------ ------------
61.549      |35.676      |25.872      


VAL losses
Total Loss  |Smoke Loss  |Fire Loss   
------------ ------------ ------------
57.525      |35.120      |22.404      

VAL Metrics
SMOKE -> Precision: 0.591 - Recall: 0.274 - Accuracy: 0.560 - F1: 0.375
FIRE -> Precision: 0.733 - Recall: 0.644 - Accuracy: 0.847 - F1: 0.686

Saving model with new best validation loss: 57.525

=== EPOCH 3/124 ===
Learning Rate = 0.001

TRAIN losses
Total Loss  |Smoke Loss  |Fire Loss   
------------ ------------ ------------
60.269      |35.458      |24.811      


VAL losses
Total Loss  |Smoke Loss  |Fire Loss   
------------ ------------ ------------
56.793      |34.871      |21.923      

VAL Metrics
SMOKE -> Precision: 0.638 - Recall: 0.280 - Accuracy: 0.577 - F1: 0.389
FIRE -> Precision: 0.789 - Recall: 0.632 - Accuracy: 0.861 - F1: 0.702

Saving model with new best validation loss: 56.793

=== EPOCH 4/124 ===
Learning Rate = 0.001

TRAIN losses
Total Loss  |Smoke Loss  |Fire Loss   
------------ ------------ ------------
59.218      |35.131      |24.087      


VAL losses
Total Loss  |Smoke Loss  |Fire Loss   
------------ ------------ ------------
56.835      |35.062      |21.772      

VAL Metrics
SMOKE -> Precision: 0.648 - Recall: 0.288 - Accuracy: 0.582 - F1: 0.399
FIRE -> Precision: 0.804 - Recall: 0.622 - Accuracy: 0.863 - F1: 0.701

=== EPOCH 5/124 ===
Learning Rate = 0.001

TRAIN losses
Total Loss  |Smoke Loss  |Fire Loss   
------------ ------------ ------------
58.272      |34.897      |23.375      


VAL losses
Total Loss  |Smoke Loss  |Fire Loss   
------------ ------------ ------------
54.763      |34.117      |20.646      

VAL Metrics
SMOKE -> Precision: 0.668 - Recall: 0.371 - Accuracy: 0.609 - F1: 0.477
FIRE -> Precision: 0.737 - Recall: 0.711 - Accuracy: 0.859 - F1: 0.724

Saving model with new best validation loss: 54.763

=== EPOCH 6/124 ===
Learning Rate = 0.001

TRAIN losses
Total Loss  |Smoke Loss  |Fire Loss   
------------ ------------ ------------
57.019      |34.518      |22.501      


VAL losses
Total Loss  |Smoke Loss  |Fire Loss   
------------ ------------ ------------
54.147      |34.221      |19.926      

VAL Metrics
SMOKE -> Precision: 0.673 - Recall: 0.449 - Accuracy: 0.630 - F1: 0.539
FIRE -> Precision: 0.714 - Recall: 0.761 - Accuracy: 0.859 - F1: 0.737

Saving model with new best validation loss: 54.147

=== EPOCH 7/124 ===
Learning Rate = 0.001

TRAIN losses
Total Loss  |Smoke Loss  |Fire Loss   
------------ ------------ ------------
56.439      |34.373      |22.066      


VAL losses
Total Loss  |Smoke Loss  |Fire Loss   
------------ ------------ ------------
55.688      |34.629      |21.058      

VAL Metrics
SMOKE -> Precision: 0.667 - Recall: 0.318 - Accuracy: 0.595 - F1: 0.431
FIRE -> Precision: 0.812 - Recall: 0.620 - Accuracy: 0.865 - F1: 0.703

=== EPOCH 8/124 ===
Learning Rate = 0.001

TRAIN losses
Total Loss  |Smoke Loss  |Fire Loss   
------------ ------------ ------------
55.636      |34.071      |21.565      


VAL losses
Total Loss  |Smoke Loss  |Fire Loss   
------------ ------------ ------------
52.179      |33.529      |18.650      

VAL Metrics
SMOKE -> Precision: 0.681 - Recall: 0.411 - Accuracy: 0.624 - F1: 0.513
FIRE -> Precision: 0.768 - Recall: 0.744 - Accuracy: 0.876 - F1: 0.756

Saving model with new best validation loss: 52.179

=== EPOCH 9/124 ===
Learning Rate = 0.001

TRAIN losses
Total Loss  |Smoke Loss  |Fire Loss   
------------ ------------ ------------
54.895      |33.908      |20.988      


VAL losses
Total Loss  |Smoke Loss  |Fire Loss   
------------ ------------ ------------
52.572      |32.973      |19.599      

VAL Metrics
SMOKE -> Precision: 0.708 - Recall: 0.344 - Accuracy: 0.616 - F1: 0.463
FIRE -> Precision: 0.829 - Recall: 0.610 - Accuracy: 0.866 - F1: 0.703

=== EPOCH 10/124 ===
Learning Rate = 0.001

TRAIN losses
Total Loss  |Smoke Loss  |Fire Loss   
------------ ------------ ------------
54.094      |33.638      |20.456      


VAL losses
Total Loss  |Smoke Loss  |Fire Loss   
------------ ------------ ------------
50.272      |32.342      |17.930      

VAL Metrics
SMOKE -> Precision: 0.730 - Recall: 0.416 - Accuracy: 0.645 - F1: 0.530
FIRE -> Precision: 0.826 - Recall: 0.702 - Accuracy: 0.885 - F1: 0.759

Saving model with new best validation loss: 50.272

=== EPOCH 11/124 ===
Learning Rate = 0.001

TRAIN losses
Total Loss  |Smoke Loss  |Fire Loss   
------------ ------------ ------------
53.743      |33.482      |20.261      


VAL losses
Total Loss  |Smoke Loss  |Fire Loss   
------------ ------------ ------------
50.841      |32.184      |18.657      

VAL Metrics
SMOKE -> Precision: 0.721 - Recall: 0.561 - Accuracy: 0.684 - F1: 0.631
FIRE -> Precision: 0.726 - Recall: 0.859 - Accuracy: 0.880 - F1: 0.787

=== EPOCH 12/124 ===
Learning Rate = 0.001

TRAIN losses
Total Loss  |Smoke Loss  |Fire Loss   
------------ ------------ ------------
52.929      |33.085      |19.844      


VAL losses
Total Loss  |Smoke Loss  |Fire Loss   
------------ ------------ ------------
48.618      |32.001      |16.617      

VAL Metrics
SMOKE -> Precision: 0.716 - Recall: 0.457 - Accuracy: 0.652 - F1: 0.558
FIRE -> Precision: 0.792 - Recall: 0.798 - Accuracy: 0.893 - F1: 0.795

Saving model with new best validation loss: 48.618

=== EPOCH 13/124 ===
Learning Rate = 0.001

TRAIN losses
Total Loss  |Smoke Loss  |Fire Loss   
------------ ------------ ------------
52.214      |32.874      |19.340      


VAL losses
Total Loss  |Smoke Loss  |Fire Loss   
------------ ------------ ------------
48.106      |31.142      |16.964      

VAL Metrics
SMOKE -> Precision: 0.736 - Recall: 0.511 - Accuracy: 0.677 - F1: 0.603
FIRE -> Precision: 0.811 - Recall: 0.819 - Accuracy: 0.904 - F1: 0.815

Saving model with new best validation loss: 48.106

=== EPOCH 14/124 ===
Learning Rate = 0.001

TRAIN losses
Total Loss  |Smoke Loss  |Fire Loss   
------------ ------------ ------------
51.858      |32.796      |19.063      


VAL losses
Total Loss  |Smoke Loss  |Fire Loss   
------------ ------------ ------------
47.473      |31.235      |16.238      

VAL Metrics
SMOKE -> Precision: 0.751 - Recall: 0.444 - Accuracy: 0.662 - F1: 0.558
FIRE -> Precision: 0.870 - Recall: 0.710 - Accuracy: 0.897 - F1: 0.782

Saving model with new best validation loss: 47.473

=== EPOCH 15/124 ===
Learning Rate = 0.001

TRAIN losses
Total Loss  |Smoke Loss  |Fire Loss   
------------ ------------ ------------
50.926      |32.520      |18.405      


VAL losses
Total Loss  |Smoke Loss  |Fire Loss   
------------ ------------ ------------
47.926      |31.360      |16.567      

VAL Metrics
SMOKE -> Precision: 0.749 - Recall: 0.503 - Accuracy: 0.680 - F1: 0.602
FIRE -> Precision: 0.824 - Recall: 0.775 - Accuracy: 0.899 - F1: 0.799

=== EPOCH 16/124 ===
Learning Rate = 0.001

TRAIN losses
Total Loss  |Smoke Loss  |Fire Loss   
------------ ------------ ------------
50.643      |32.270      |18.373      


VAL losses
Total Loss  |Smoke Loss  |Fire Loss   
------------ ------------ ------------
46.943      |31.350      |15.593      

VAL Metrics
SMOKE -> Precision: 0.733 - Recall: 0.409 - Accuracy: 0.644 - F1: 0.525
FIRE -> Precision: 0.874 - Recall: 0.727 - Accuracy: 0.902 - F1: 0.794

Saving model with new best validation loss: 46.943

=== EPOCH 17/124 ===
Learning Rate = 0.001

TRAIN losses
Total Loss  |Smoke Loss  |Fire Loss   
------------ ------------ ------------
50.095      |32.183      |17.912      


VAL losses
Total Loss  |Smoke Loss  |Fire Loss   
------------ ------------ ------------
46.630      |30.230      |16.401      

VAL Metrics
SMOKE -> Precision: 0.764 - Recall: 0.514 - Accuracy: 0.690 - F1: 0.615
FIRE -> Precision: 0.832 - Recall: 0.761 - Accuracy: 0.898 - F1: 0.795

Saving model with new best validation loss: 46.630

=== EPOCH 18/124 ===
Learning Rate = 0.001

TRAIN losses
Total Loss  |Smoke Loss  |Fire Loss   
------------ ------------ ------------
49.914      |32.076      |17.838      


VAL losses
Total Loss  |Smoke Loss  |Fire Loss   
------------ ------------ ------------
44.751      |29.991      |14.760      

VAL Metrics
SMOKE -> Precision: 0.754 - Recall: 0.487 - Accuracy: 0.677 - F1: 0.591
FIRE -> Precision: 0.858 - Recall: 0.808 - Accuracy: 0.916 - F1: 0.832

Saving model with new best validation loss: 44.751

=== EPOCH 19/124 ===
Learning Rate = 0.001

TRAIN losses
Total Loss  |Smoke Loss  |Fire Loss   
------------ ------------ ------------
49.392      |31.835      |17.558      


VAL losses
Total Loss  |Smoke Loss  |Fire Loss   
------------ ------------ ------------
44.621      |29.500      |15.121      

VAL Metrics
SMOKE -> Precision: 0.766 - Recall: 0.514 - Accuracy: 0.691 - F1: 0.615
FIRE -> Precision: 0.866 - Recall: 0.795 - Accuracy: 0.915 - F1: 0.829

Saving model with new best validation loss: 44.621

=== EPOCH 20/124 ===
Learning Rate = 0.001

TRAIN losses
Total Loss  |Smoke Loss  |Fire Loss   
------------ ------------ ------------
49.161      |31.744      |17.417      


VAL losses
Total Loss  |Smoke Loss  |Fire Loss   
------------ ------------ ------------
45.231      |30.017      |15.214      

VAL Metrics
SMOKE -> Precision: 0.757 - Recall: 0.575 - Accuracy: 0.707 - F1: 0.654
FIRE -> Precision: 0.814 - Recall: 0.862 - Accuracy: 0.913 - F1: 0.838

=== EPOCH 21/124 ===
Learning Rate = 0.001

TRAIN losses
Total Loss  |Smoke Loss  |Fire Loss   
------------ ------------ ------------
48.818      |31.614      |17.204      


VAL losses
Total Loss  |Smoke Loss  |Fire Loss   
------------ ------------ ------------
44.312      |30.039      |14.273      

VAL Metrics
SMOKE -> Precision: 0.770 - Recall: 0.477 - Accuracy: 0.680 - F1: 0.589
FIRE -> Precision: 0.891 - Recall: 0.775 - Accuracy: 0.917 - F1: 0.829

Saving model with new best validation loss: 44.312

=== EPOCH 22/124 ===
Learning Rate = 0.001

TRAIN losses
Total Loss  |Smoke Loss  |Fire Loss   
------------ ------------ ------------
47.990      |31.426      |16.565      


VAL losses
Total Loss  |Smoke Loss  |Fire Loss   
------------ ------------ ------------
42.909      |29.059      |13.850      

VAL Metrics
SMOKE -> Precision: 0.770 - Recall: 0.546 - Accuracy: 0.703 - F1: 0.639
FIRE -> Precision: 0.847 - Recall: 0.844 - Accuracy: 0.920 - F1: 0.846

Saving model with new best validation loss: 42.909

=== EPOCH 23/124 ===
Learning Rate = 0.001

TRAIN losses
Total Loss  |Smoke Loss  |Fire Loss   
------------ ------------ ------------
47.665      |31.110      |16.556      


VAL losses
Total Loss  |Smoke Loss  |Fire Loss   
------------ ------------ ------------
43.930      |29.212      |14.718      

VAL Metrics
SMOKE -> Precision: 0.766 - Recall: 0.460 - Accuracy: 0.673 - F1: 0.575
FIRE -> Precision: 0.917 - Recall: 0.736 - Accuracy: 0.914 - F1: 0.817

=== EPOCH 24/124 ===
Learning Rate = 0.001

TRAIN losses
Total Loss  |Smoke Loss  |Fire Loss   
------------ ------------ ------------
47.297      |31.038      |16.259      


VAL losses
Total Loss  |Smoke Loss  |Fire Loss   
------------ ------------ ------------
43.535      |29.571      |13.965      

VAL Metrics
SMOKE -> Precision: 0.755 - Recall: 0.575 - Accuracy: 0.706 - F1: 0.653
FIRE -> Precision: 0.808 - Recall: 0.896 - Accuracy: 0.918 - F1: 0.850

=== EPOCH 25/124 ===
Learning Rate = 0.001

TRAIN losses
Total Loss  |Smoke Loss  |Fire Loss   
------------ ------------ ------------
46.682      |30.809      |15.873      


VAL losses
Total Loss  |Smoke Loss  |Fire Loss   
------------ ------------ ------------
42.422      |29.297      |13.126      

VAL Metrics
SMOKE -> Precision: 0.767 - Recall: 0.489 - Accuracy: 0.683 - F1: 0.597
FIRE -> Precision: 0.882 - Recall: 0.818 - Accuracy: 0.925 - F1: 0.849

Saving model with new best validation loss: 42.422

=== EPOCH 26/124 ===
Learning Rate = 0.001

TRAIN losses
Total Loss  |Smoke Loss  |Fire Loss   
------------ ------------ ------------
47.023      |30.877      |16.146      


VAL losses
Total Loss  |Smoke Loss  |Fire Loss   
------------ ------------ ------------
43.640      |29.858      |13.782      

VAL Metrics
SMOKE -> Precision: 0.763 - Recall: 0.422 - Accuracy: 0.659 - F1: 0.544
FIRE -> Precision: 0.925 - Recall: 0.757 - Accuracy: 0.921 - F1: 0.833

=== EPOCH 27/124 ===
Learning Rate = 0.001

TRAIN losses
Total Loss  |Smoke Loss  |Fire Loss   
------------ ------------ ------------
46.812      |30.730      |16.082      


VAL losses
Total Loss  |Smoke Loss  |Fire Loss   
------------ ------------ ------------
46.200      |29.884      |16.316      

VAL Metrics
SMOKE -> Precision: 0.782 - Recall: 0.412 - Accuracy: 0.662 - F1: 0.540
FIRE -> Precision: 0.945 - Recall: 0.663 - Accuracy: 0.903 - F1: 0.779

=== EPOCH 28/124 ===
Learning Rate = 0.001

TRAIN losses
Total Loss  |Smoke Loss  |Fire Loss   
------------ ------------ ------------
46.133      |30.439      |15.694      


VAL losses
Total Loss  |Smoke Loss  |Fire Loss   
------------ ------------ ------------
40.735      |28.219      |12.516      

VAL Metrics
SMOKE -> Precision: 0.805 - Recall: 0.516 - Accuracy: 0.707 - F1: 0.629
FIRE -> Precision: 0.896 - Recall: 0.815 - Accuracy: 0.928 - F1: 0.854

Saving model with new best validation loss: 40.735

=== EPOCH 29/124 ===
Learning Rate = 0.001

TRAIN losses
Total Loss  |Smoke Loss  |Fire Loss   
------------ ------------ ------------
44.790      |29.377      |15.413      


VAL losses
Total Loss  |Smoke Loss  |Fire Loss   
------------ ------------ ------------
41.906      |27.492      |14.415      

VAL Metrics
SMOKE -> Precision: 0.881 - Recall: 0.395 - Accuracy: 0.683 - F1: 0.545
FIRE -> Precision: 0.925 - Recall: 0.730 - Accuracy: 0.915 - F1: 0.816

=== EPOCH 30/124 ===
Learning Rate = 0.001

TRAIN losses
Total Loss  |Smoke Loss  |Fire Loss   
------------ ------------ ------------
43.577      |28.685      |14.893      


VAL losses
Total Loss  |Smoke Loss  |Fire Loss   
------------ ------------ ------------
39.497      |26.845      |12.652      

VAL Metrics
SMOKE -> Precision: 0.780 - Recall: 0.757 - Accuracy: 0.781 - F1: 0.768
FIRE -> Precision: 0.829 - Recall: 0.895 - Accuracy: 0.925 - F1: 0.860

Saving model with new best validation loss: 39.497

=== EPOCH 31/124 ===
Learning Rate = 0.001

TRAIN losses
Total Loss  |Smoke Loss  |Fire Loss   
------------ ------------ ------------
42.680      |27.944      |14.736      


VAL losses
Total Loss  |Smoke Loss  |Fire Loss   
------------ ------------ ------------
37.951      |25.622      |12.329      

VAL Metrics
SMOKE -> Precision: 0.778 - Recall: 0.839 - Accuracy: 0.807 - F1: 0.807
FIRE -> Precision: 0.831 - Recall: 0.919 - Accuracy: 0.931 - F1: 0.873

Saving model with new best validation loss: 37.951

=== EPOCH 32/124 ===
Learning Rate = 0.001

TRAIN losses
Total Loss  |Smoke Loss  |Fire Loss   
------------ ------------ ------------
42.104      |27.583      |14.521      


VAL losses
Total Loss  |Smoke Loss  |Fire Loss   
------------ ------------ ------------
35.816      |24.447      |11.368      

VAL Metrics
SMOKE -> Precision: 0.815 - Recall: 0.741 - Accuracy: 0.794 - F1: 0.776
FIRE -> Precision: 0.888 - Recall: 0.849 - Accuracy: 0.933 - F1: 0.868

Saving model with new best validation loss: 35.816

=== EPOCH 33/124 ===
Learning Rate = 0.001

TRAIN losses
Total Loss  |Smoke Loss  |Fire Loss   
------------ ------------ ------------
41.645      |27.189      |14.456      


VAL losses
Total Loss  |Smoke Loss  |Fire Loss   
------------ ------------ ------------
35.511      |23.445      |12.066      

VAL Metrics
SMOKE -> Precision: 0.818 - Recall: 0.764 - Accuracy: 0.805 - F1: 0.790
FIRE -> Precision: 0.886 - Recall: 0.826 - Accuracy: 0.927 - F1: 0.855

Saving model with new best validation loss: 35.511

=== EPOCH 34/124 ===
Learning Rate = 0.001

TRAIN losses
Total Loss  |Smoke Loss  |Fire Loss   
------------ ------------ ------------
41.375      |27.093      |14.282      


VAL losses
Total Loss  |Smoke Loss  |Fire Loss   
------------ ------------ ------------
36.279      |23.817      |12.461      

VAL Metrics
SMOKE -> Precision: 0.827 - Recall: 0.760 - Accuracy: 0.808 - F1: 0.792
FIRE -> Precision: 0.940 - Recall: 0.748 - Accuracy: 0.922 - F1: 0.833

=== EPOCH 35/124 ===
Learning Rate = 0.001

TRAIN losses
Total Loss  |Smoke Loss  |Fire Loss   
------------ ------------ ------------
40.943      |26.672      |14.271      


VAL losses
Total Loss  |Smoke Loss  |Fire Loss   
------------ ------------ ------------
34.142      |22.925      |11.217      

VAL Metrics
SMOKE -> Precision: 0.817 - Recall: 0.795 - Accuracy: 0.816 - F1: 0.806
FIRE -> Precision: 0.910 - Recall: 0.843 - Accuracy: 0.938 - F1: 0.875

Saving model with new best validation loss: 34.142

=== EPOCH 36/124 ===
Learning Rate = 0.001

TRAIN losses
Total Loss  |Smoke Loss  |Fire Loss   
------------ ------------ ------------
39.889      |26.131      |13.758      


VAL losses
Total Loss  |Smoke Loss  |Fire Loss   
------------ ------------ ------------
34.119      |22.863      |11.255      

VAL Metrics
SMOKE -> Precision: 0.799 - Recall: 0.852 - Accuracy: 0.826 - F1: 0.825
FIRE -> Precision: 0.905 - Recall: 0.837 - Accuracy: 0.935 - F1: 0.869

Saving model with new best validation loss: 34.119

=== EPOCH 37/124 ===
Learning Rate = 0.001

TRAIN losses
Total Loss  |Smoke Loss  |Fire Loss   
------------ ------------ ------------
40.067      |26.021      |14.046      


VAL losses
Total Loss  |Smoke Loss  |Fire Loss   
------------ ------------ ------------
33.291      |22.475      |10.816      

VAL Metrics
SMOKE -> Precision: 0.804 - Recall: 0.841 - Accuracy: 0.825 - F1: 0.822
FIRE -> Precision: 0.892 - Recall: 0.849 - Accuracy: 0.934 - F1: 0.870

Saving model with new best validation loss: 33.291

=== EPOCH 38/124 ===
Learning Rate = 0.001

TRAIN losses
Total Loss  |Smoke Loss  |Fire Loss   
------------ ------------ ------------
39.744      |25.692      |14.053      


VAL losses
Total Loss  |Smoke Loss  |Fire Loss   
------------ ------------ ------------
32.718      |21.694      |11.024      

VAL Metrics
SMOKE -> Precision: 0.817 - Recall: 0.847 - Accuracy: 0.835 - F1: 0.832
FIRE -> Precision: 0.931 - Recall: 0.816 - Accuracy: 0.937 - F1: 0.870

Saving model with new best validation loss: 32.718

=== EPOCH 39/124 ===
Learning Rate = 0.001

TRAIN losses
Total Loss  |Smoke Loss  |Fire Loss   
------------ ------------ ------------
39.359      |25.608      |13.752      


VAL losses
Total Loss  |Smoke Loss  |Fire Loss   
------------ ------------ ------------
32.887      |21.622      |11.265      

VAL Metrics
SMOKE -> Precision: 0.838 - Recall: 0.764 - Accuracy: 0.815 - F1: 0.799
FIRE -> Precision: 0.945 - Recall: 0.786 - Accuracy: 0.933 - F1: 0.858

=== EPOCH 40/124 ===
Learning Rate = 0.001

TRAIN losses
Total Loss  |Smoke Loss  |Fire Loss   
------------ ------------ ------------
38.958      |25.190      |13.768      


VAL losses
Total Loss  |Smoke Loss  |Fire Loss   
------------ ------------ ------------
33.503      |21.477      |12.027      

VAL Metrics
SMOKE -> Precision: 0.857 - Recall: 0.725 - Accuracy: 0.809 - F1: 0.786
FIRE -> Precision: 0.928 - Recall: 0.771 - Accuracy: 0.925 - F1: 0.843

=== EPOCH 41/124 ===
Learning Rate = 0.001

TRAIN losses
Total Loss  |Smoke Loss  |Fire Loss   
------------ ------------ ------------
38.572      |24.966      |13.606      


VAL losses
Total Loss  |Smoke Loss  |Fire Loss   
------------ ------------ ------------
33.506      |22.141      |11.365      

VAL Metrics
SMOKE -> Precision: 0.881 - Recall: 0.615 - Accuracy: 0.775 - F1: 0.724
FIRE -> Precision: 0.923 - Recall: 0.794 - Accuracy: 0.929 - F1: 0.853

=== EPOCH 42/124 ===
Learning Rate = 0.0008

TRAIN losses
Total Loss  |Smoke Loss  |Fire Loss   
------------ ------------ ------------
37.615      |24.466      |13.149      


VAL losses
Total Loss  |Smoke Loss  |Fire Loss   
------------ ------------ ------------
31.225      |20.352      |10.873      

VAL Metrics
SMOKE -> Precision: 0.852 - Recall: 0.803 - Accuracy: 0.838 - F1: 0.827
FIRE -> Precision: 0.937 - Recall: 0.805 - Accuracy: 0.935 - F1: 0.866

Saving model with new best validation loss: 31.225

=== EPOCH 43/124 ===
Learning Rate = 0.0008

TRAIN losses
Total Loss  |Smoke Loss  |Fire Loss   
------------ ------------ ------------
37.250      |24.237      |13.013      


VAL losses
Total Loss  |Smoke Loss  |Fire Loss   
------------ ------------ ------------
31.235      |20.415      |10.819      

VAL Metrics
SMOKE -> Precision: 0.885 - Recall: 0.696 - Accuracy: 0.810 - F1: 0.779
FIRE -> Precision: 0.938 - Recall: 0.806 - Accuracy: 0.936 - F1: 0.867

=== EPOCH 44/124 ===
Learning Rate = 0.0008

TRAIN losses
Total Loss  |Smoke Loss  |Fire Loss   
------------ ------------ ------------
37.006      |23.935      |13.071      


VAL losses
Total Loss  |Smoke Loss  |Fire Loss   
------------ ------------ ------------
29.822      |19.765      |10.057      

VAL Metrics
SMOKE -> Precision: 0.864 - Recall: 0.754 - Accuracy: 0.825 - F1: 0.806
FIRE -> Precision: 0.880 - Recall: 0.876 - Accuracy: 0.937 - F1: 0.878

Saving model with new best validation loss: 29.822

=== EPOCH 45/124 ===
Learning Rate = 0.0008

TRAIN losses
Total Loss  |Smoke Loss  |Fire Loss   
------------ ------------ ------------
36.509      |23.622      |12.887      


VAL losses
Total Loss  |Smoke Loss  |Fire Loss   
------------ ------------ ------------
32.054      |20.660      |11.394      

VAL Metrics
SMOKE -> Precision: 0.844 - Recall: 0.804 - Accuracy: 0.834 - F1: 0.823
FIRE -> Precision: 0.918 - Recall: 0.805 - Accuracy: 0.931 - F1: 0.858

=== EPOCH 46/124 ===
Learning Rate = 0.0008

TRAIN losses
Total Loss  |Smoke Loss  |Fire Loss   
------------ ------------ ------------
36.984      |23.839      |13.145      


VAL losses
Total Loss  |Smoke Loss  |Fire Loss   
------------ ------------ ------------
30.631      |19.851      |10.780      

VAL Metrics
SMOKE -> Precision: 0.829 - Recall: 0.873 - Accuracy: 0.852 - F1: 0.850
FIRE -> Precision: 0.841 - Recall: 0.931 - Accuracy: 0.937 - F1: 0.884

=== EPOCH 47/124 ===
Learning Rate = 0.0008

TRAIN losses
Total Loss  |Smoke Loss  |Fire Loss   
------------ ------------ ------------
36.315      |23.802      |12.513      


VAL losses
Total Loss  |Smoke Loss  |Fire Loss   
------------ ------------ ------------
29.999      |19.903      |10.097      

VAL Metrics
SMOKE -> Precision: 0.836 - Recall: 0.825 - Accuracy: 0.838 - F1: 0.830
FIRE -> Precision: 0.913 - Recall: 0.852 - Accuracy: 0.941 - F1: 0.882

=== EPOCH 48/124 ===
Learning Rate = 0.00064

TRAIN losses
Total Loss  |Smoke Loss  |Fire Loss   
------------ ------------ ------------
35.766      |23.180      |12.586      


VAL losses
Total Loss  |Smoke Loss  |Fire Loss   
------------ ------------ ------------
29.613      |19.690      |9.923       

VAL Metrics
SMOKE -> Precision: 0.887 - Recall: 0.702 - Accuracy: 0.813 - F1: 0.784
FIRE -> Precision: 0.896 - Recall: 0.869 - Accuracy: 0.940 - F1: 0.882

Saving model with new best validation loss: 29.613

=== EPOCH 49/124 ===
Learning Rate = 0.00064

TRAIN losses
Total Loss  |Smoke Loss  |Fire Loss   
------------ ------------ ------------
35.607      |22.880      |12.728      


VAL losses
Total Loss  |Smoke Loss  |Fire Loss   
------------ ------------ ------------
28.903      |19.264      |9.639       

VAL Metrics
SMOKE -> Precision: 0.875 - Recall: 0.730 - Accuracy: 0.820 - F1: 0.796
FIRE -> Precision: 0.937 - Recall: 0.843 - Accuracy: 0.945 - F1: 0.888

Saving model with new best validation loss: 28.903

=== EPOCH 50/124 ===
Learning Rate = 0.00064

TRAIN losses
Total Loss  |Smoke Loss  |Fire Loss   
------------ ------------ ------------
34.841      |22.774      |12.068      


VAL losses
Total Loss  |Smoke Loss  |Fire Loss   
------------ ------------ ------------
28.255      |18.587      |9.668       

VAL Metrics
SMOKE -> Precision: 0.881 - Recall: 0.786 - Accuracy: 0.846 - F1: 0.831
FIRE -> Precision: 0.916 - Recall: 0.863 - Accuracy: 0.944 - F1: 0.889

Saving model with new best validation loss: 28.255

=== EPOCH 51/124 ===
Learning Rate = 0.00064

TRAIN losses
Total Loss  |Smoke Loss  |Fire Loss   
------------ ------------ ------------
35.360      |22.895      |12.465      


VAL losses
Total Loss  |Smoke Loss  |Fire Loss   
------------ ------------ ------------
29.191      |18.572      |10.619      

VAL Metrics
SMOKE -> Precision: 0.870 - Recall: 0.783 - Accuracy: 0.840 - F1: 0.824
FIRE -> Precision: 0.939 - Recall: 0.817 - Accuracy: 0.939 - F1: 0.874

=== EPOCH 52/124 ===
Learning Rate = 0.00064

TRAIN losses
Total Loss  |Smoke Loss  |Fire Loss   
------------ ------------ ------------
34.400      |22.323      |12.077      


VAL losses
Total Loss  |Smoke Loss  |Fire Loss   
------------ ------------ ------------
28.495      |19.090      |9.405       

VAL Metrics
SMOKE -> Precision: 0.867 - Recall: 0.786 - Accuracy: 0.839 - F1: 0.825
FIRE -> Precision: 0.911 - Recall: 0.865 - Accuracy: 0.943 - F1: 0.887

=== EPOCH 53/124 ===
Learning Rate = 0.00064

TRAIN losses
Total Loss  |Smoke Loss  |Fire Loss   
------------ ------------ ------------
34.655      |22.479      |12.176      


VAL losses
Total Loss  |Smoke Loss  |Fire Loss   
------------ ------------ ------------
28.894      |18.508      |10.386      

VAL Metrics
SMOKE -> Precision: 0.847 - Recall: 0.853 - Accuracy: 0.855 - F1: 0.850
FIRE -> Precision: 0.957 - Recall: 0.809 - Accuracy: 0.941 - F1: 0.877

=== EPOCH 54/124 ===
Learning Rate = 0.0005120000000000001

TRAIN losses
Total Loss  |Smoke Loss  |Fire Loss   
------------ ------------ ------------
33.877      |21.966      |11.911      


VAL losses
Total Loss  |Smoke Loss  |Fire Loss   
------------ ------------ ------------
26.600      |17.267      |9.333       

VAL Metrics
SMOKE -> Precision: 0.885 - Recall: 0.807 - Accuracy: 0.856 - F1: 0.844
FIRE -> Precision: 0.933 - Recall: 0.851 - Accuracy: 0.946 - F1: 0.890

Saving model with new best validation loss: 26.600

=== EPOCH 55/124 ===
Learning Rate = 0.0005120000000000001

TRAIN losses
Total Loss  |Smoke Loss  |Fire Loss   
------------ ------------ ------------
33.686      |21.782      |11.904      


VAL losses
Total Loss  |Smoke Loss  |Fire Loss   
------------ ------------ ------------
27.123      |17.511      |9.612       

VAL Metrics
SMOKE -> Precision: 0.877 - Recall: 0.829 - Accuracy: 0.862 - F1: 0.853
FIRE -> Precision: 0.942 - Recall: 0.834 - Accuracy: 0.944 - F1: 0.885

=== EPOCH 56/124 ===
Learning Rate = 0.0005120000000000001

TRAIN losses
Total Loss  |Smoke Loss  |Fire Loss   
------------ ------------ ------------
33.867      |21.972      |11.895      


VAL losses
Total Loss  |Smoke Loss  |Fire Loss   
------------ ------------ ------------
27.647      |17.631      |10.015      

VAL Metrics
SMOKE -> Precision: 0.860 - Recall: 0.873 - Accuracy: 0.871 - F1: 0.866
FIRE -> Precision: 0.890 - Recall: 0.886 - Accuracy: 0.942 - F1: 0.888

=== EPOCH 57/124 ===
Learning Rate = 0.0005120000000000001

TRAIN losses
Total Loss  |Smoke Loss  |Fire Loss   
------------ ------------ ------------
33.250      |21.467      |11.782      


VAL losses
Total Loss  |Smoke Loss  |Fire Loss   
------------ ------------ ------------
26.528      |17.213      |9.315       

VAL Metrics
SMOKE -> Precision: 0.868 - Recall: 0.862 - Accuracy: 0.871 - F1: 0.865
FIRE -> Precision: 0.929 - Recall: 0.857 - Accuracy: 0.946 - F1: 0.891

Saving model with new best validation loss: 26.528

=== EPOCH 58/124 ===
Learning Rate = 0.0005120000000000001

TRAIN losses
Total Loss  |Smoke Loss  |Fire Loss   
------------ ------------ ------------
33.237      |21.540      |11.697      


VAL losses
Total Loss  |Smoke Loss  |Fire Loss   
------------ ------------ ------------
27.239      |17.583      |9.656       

VAL Metrics
SMOKE -> Precision: 0.853 - Recall: 0.862 - Accuracy: 0.862 - F1: 0.858
FIRE -> Precision: 0.917 - Recall: 0.859 - Accuracy: 0.943 - F1: 0.887

=== EPOCH 59/124 ===
Learning Rate = 0.0005120000000000001

TRAIN losses
Total Loss  |Smoke Loss  |Fire Loss   
------------ ------------ ------------
32.414      |20.984      |11.431      


VAL losses
Total Loss  |Smoke Loss  |Fire Loss   
------------ ------------ ------------
26.440      |17.722      |8.718       

VAL Metrics
SMOKE -> Precision: 0.904 - Recall: 0.776 - Accuracy: 0.852 - F1: 0.835
FIRE -> Precision: 0.908 - Recall: 0.901 - Accuracy: 0.951 - F1: 0.905

Saving model with new best validation loss: 26.440

=== EPOCH 60/124 ===
Learning Rate = 0.0005120000000000001

TRAIN losses
Total Loss  |Smoke Loss  |Fire Loss   
------------ ------------ ------------
32.667      |21.097      |11.570      


VAL losses
Total Loss  |Smoke Loss  |Fire Loss   
------------ ------------ ------------
28.207      |17.530      |10.677      

VAL Metrics
SMOKE -> Precision: 0.890 - Recall: 0.798 - Accuracy: 0.856 - F1: 0.842
FIRE -> Precision: 0.931 - Recall: 0.810 - Accuracy: 0.935 - F1: 0.866

=== EPOCH 61/124 ===
Learning Rate = 0.0005120000000000001

TRAIN losses
Total Loss  |Smoke Loss  |Fire Loss   
------------ ------------ ------------
32.933      |21.440      |11.493      


VAL losses
Total Loss  |Smoke Loss  |Fire Loss   
------------ ------------ ------------
25.922      |16.858      |9.064       

VAL Metrics
SMOKE -> Precision: 0.864 - Recall: 0.869 - Accuracy: 0.871 - F1: 0.866
FIRE -> Precision: 0.898 - Recall: 0.904 - Accuracy: 0.948 - F1: 0.901

Saving model with new best validation loss: 25.922

=== EPOCH 62/124 ===
Learning Rate = 0.0005120000000000001

TRAIN losses
Total Loss  |Smoke Loss  |Fire Loss   
------------ ------------ ------------
32.712      |21.068      |11.644      


VAL losses
Total Loss  |Smoke Loss  |Fire Loss   
------------ ------------ ------------
26.742      |17.251      |9.491       

VAL Metrics
SMOKE -> Precision: 0.895 - Recall: 0.791 - Accuracy: 0.855 - F1: 0.840
FIRE -> Precision: 0.944 - Recall: 0.849 - Accuracy: 0.948 - F1: 0.894

=== EPOCH 63/124 ===
Learning Rate = 0.0005120000000000001

TRAIN losses
Total Loss  |Smoke Loss  |Fire Loss   
------------ ------------ ------------
32.515      |20.943      |11.571      


VAL losses
Total Loss  |Smoke Loss  |Fire Loss   
------------ ------------ ------------
26.346      |16.752      |9.594       

VAL Metrics
SMOKE -> Precision: 0.905 - Recall: 0.805 - Accuracy: 0.865 - F1: 0.852
FIRE -> Precision: 0.938 - Recall: 0.838 - Accuracy: 0.944 - F1: 0.885

=== EPOCH 64/124 ===
Learning Rate = 0.0005120000000000001

TRAIN losses
Total Loss  |Smoke Loss  |Fire Loss   
------------ ------------ ------------
32.225      |20.842      |11.383      


VAL losses
Total Loss  |Smoke Loss  |Fire Loss   
------------ ------------ ------------
29.353      |18.642      |10.711      

VAL Metrics
SMOKE -> Precision: 0.918 - Recall: 0.699 - Accuracy: 0.825 - F1: 0.794
FIRE -> Precision: 0.958 - Recall: 0.797 - Accuracy: 0.938 - F1: 0.870

=== EPOCH 65/124 ===
Learning Rate = 0.0004096000000000001

TRAIN losses
Total Loss  |Smoke Loss  |Fire Loss   
------------ ------------ ------------
31.825      |20.625      |11.200      


VAL losses
Total Loss  |Smoke Loss  |Fire Loss   
------------ ------------ ------------
25.623      |16.685      |8.939       

VAL Metrics
SMOKE -> Precision: 0.877 - Recall: 0.829 - Accuracy: 0.862 - F1: 0.852
FIRE -> Precision: 0.892 - Recall: 0.898 - Accuracy: 0.945 - F1: 0.895

Saving model with new best validation loss: 25.623

=== EPOCH 66/124 ===
Learning Rate = 0.0004096000000000001

TRAIN losses
Total Loss  |Smoke Loss  |Fire Loss   
------------ ------------ ------------
31.443      |20.359      |11.084      


VAL losses
Total Loss  |Smoke Loss  |Fire Loss   
------------ ------------ ------------
25.750      |16.952      |8.799       

VAL Metrics
SMOKE -> Precision: 0.845 - Recall: 0.904 - Accuracy: 0.874 - F1: 0.873
FIRE -> Precision: 0.893 - Recall: 0.904 - Accuracy: 0.947 - F1: 0.898

=== EPOCH 67/124 ===
Learning Rate = 0.0004096000000000001

TRAIN losses
Total Loss  |Smoke Loss  |Fire Loss   
------------ ------------ ------------
31.069      |20.148      |10.921      


VAL losses
Total Loss  |Smoke Loss  |Fire Loss   
------------ ------------ ------------
25.183      |15.787      |9.397       

VAL Metrics
SMOKE -> Precision: 0.899 - Recall: 0.841 - Accuracy: 0.878 - F1: 0.870
FIRE -> Precision: 0.944 - Recall: 0.837 - Accuracy: 0.945 - F1: 0.887

Saving model with new best validation loss: 25.183

=== EPOCH 68/124 ===
Learning Rate = 0.0004096000000000001

TRAIN losses
Total Loss  |Smoke Loss  |Fire Loss   
------------ ------------ ------------
31.176      |20.274      |10.902      


VAL losses
Total Loss  |Smoke Loss  |Fire Loss   
------------ ------------ ------------
26.540      |16.263      |10.277      

VAL Metrics
SMOKE -> Precision: 0.906 - Recall: 0.808 - Accuracy: 0.867 - F1: 0.854
FIRE -> Precision: 0.952 - Recall: 0.802 - Accuracy: 0.938 - F1: 0.870

=== EPOCH 69/124 ===
Learning Rate = 0.0004096000000000001

TRAIN losses
Total Loss  |Smoke Loss  |Fire Loss   
------------ ------------ ------------
30.773      |19.961      |10.811      


VAL losses
Total Loss  |Smoke Loss  |Fire Loss   
------------ ------------ ------------
24.639      |16.219      |8.419       

VAL Metrics
SMOKE -> Precision: 0.854 - Recall: 0.903 - Accuracy: 0.879 - F1: 0.877
FIRE -> Precision: 0.919 - Recall: 0.897 - Accuracy: 0.953 - F1: 0.908

Saving model with new best validation loss: 24.639

=== EPOCH 70/124 ===
Learning Rate = 0.0004096000000000001

TRAIN losses
Total Loss  |Smoke Loss  |Fire Loss   
------------ ------------ ------------
30.764      |19.903      |10.861      


VAL losses
Total Loss  |Smoke Loss  |Fire Loss   
------------ ------------ ------------
25.775      |16.600      |9.175       

VAL Metrics
SMOKE -> Precision: 0.897 - Recall: 0.796 - Accuracy: 0.858 - F1: 0.843
FIRE -> Precision: 0.935 - Recall: 0.861 - Accuracy: 0.948 - F1: 0.896

=== EPOCH 71/124 ===
Learning Rate = 0.0004096000000000001

TRAIN losses
Total Loss  |Smoke Loss  |Fire Loss   
------------ ------------ ------------
31.241      |20.024      |11.217      


VAL losses
Total Loss  |Smoke Loss  |Fire Loss   
------------ ------------ ------------
24.927      |15.459      |9.467       

VAL Metrics
SMOKE -> Precision: 0.908 - Recall: 0.836 - Accuracy: 0.881 - F1: 0.871
FIRE -> Precision: 0.933 - Recall: 0.864 - Accuracy: 0.949 - F1: 0.897

=== EPOCH 72/124 ===
Learning Rate = 0.0004096000000000001

TRAIN losses
Total Loss  |Smoke Loss  |Fire Loss   
------------ ------------ ------------
30.591      |19.871      |10.720      


VAL losses
Total Loss  |Smoke Loss  |Fire Loss   
------------ ------------ ------------
24.361      |15.917      |8.444       

VAL Metrics
SMOKE -> Precision: 0.906 - Recall: 0.811 - Accuracy: 0.868 - F1: 0.856
FIRE -> Precision: 0.937 - Recall: 0.875 - Accuracy: 0.952 - F1: 0.905

Saving model with new best validation loss: 24.361

=== EPOCH 73/124 ===
Learning Rate = 0.0004096000000000001

TRAIN losses
Total Loss  |Smoke Loss  |Fire Loss   
------------ ------------ ------------
30.645      |20.000      |10.645      


VAL losses
Total Loss  |Smoke Loss  |Fire Loss   
------------ ------------ ------------
24.145      |15.555      |8.590       

VAL Metrics
SMOKE -> Precision: 0.892 - Recall: 0.834 - Accuracy: 0.871 - F1: 0.862
FIRE -> Precision: 0.925 - Recall: 0.884 - Accuracy: 0.951 - F1: 0.904

Saving model with new best validation loss: 24.145

=== EPOCH 74/124 ===
Learning Rate = 0.0004096000000000001

TRAIN losses
Total Loss  |Smoke Loss  |Fire Loss   
------------ ------------ ------------
30.961      |19.895      |11.066      


VAL losses
Total Loss  |Smoke Loss  |Fire Loss   
------------ ------------ ------------
24.356      |15.327      |9.029       

VAL Metrics
SMOKE -> Precision: 0.892 - Recall: 0.876 - Accuracy: 0.889 - F1: 0.884
FIRE -> Precision: 0.932 - Recall: 0.861 - Accuracy: 0.948 - F1: 0.895

=== EPOCH 75/124 ===
Learning Rate = 0.0004096000000000001

TRAIN losses
Total Loss  |Smoke Loss  |Fire Loss   
------------ ------------ ------------
30.803      |19.718      |11.085      


VAL losses
Total Loss  |Smoke Loss  |Fire Loss   
------------ ------------ ------------
24.145      |15.180      |8.966       

VAL Metrics
SMOKE -> Precision: 0.888 - Recall: 0.882 - Accuracy: 0.890 - F1: 0.885
FIRE -> Precision: 0.942 - Recall: 0.853 - Accuracy: 0.948 - F1: 0.896

=== EPOCH 76/124 ===
Learning Rate = 0.0004096000000000001

TRAIN losses
Total Loss  |Smoke Loss  |Fire Loss   
------------ ------------ ------------
30.451      |19.612      |10.838      


VAL losses
Total Loss  |Smoke Loss  |Fire Loss   
------------ ------------ ------------
24.565      |15.756      |8.809       

VAL Metrics
SMOKE -> Precision: 0.890 - Recall: 0.857 - Accuracy: 0.880 - F1: 0.873
FIRE -> Precision: 0.926 - Recall: 0.888 - Accuracy: 0.953 - F1: 0.907

=== EPOCH 77/124 ===
Learning Rate = 0.0003276800000000001

TRAIN losses
Total Loss  |Smoke Loss  |Fire Loss   
------------ ------------ ------------
30.251      |19.610      |10.641      


VAL losses
Total Loss  |Smoke Loss  |Fire Loss   
------------ ------------ ------------
24.534      |15.362      |9.172       

VAL Metrics
SMOKE -> Precision: 0.879 - Recall: 0.889 - Accuracy: 0.888 - F1: 0.884
FIRE -> Precision: 0.955 - Recall: 0.837 - Accuracy: 0.948 - F1: 0.892

=== EPOCH 78/124 ===
Learning Rate = 0.0003276800000000001

TRAIN losses
Total Loss  |Smoke Loss  |Fire Loss   
------------ ------------ ------------
29.718      |19.317      |10.400      


VAL losses
Total Loss  |Smoke Loss  |Fire Loss   
------------ ------------ ------------
23.780      |15.418      |8.362       

VAL Metrics
SMOKE -> Precision: 0.891 - Recall: 0.862 - Accuracy: 0.883 - F1: 0.876
FIRE -> Precision: 0.933 - Recall: 0.887 - Accuracy: 0.954 - F1: 0.910

Saving model with new best validation loss: 23.780

=== EPOCH 79/124 ===
Learning Rate = 0.0003276800000000001

TRAIN losses
Total Loss  |Smoke Loss  |Fire Loss   
------------ ------------ ------------
30.026      |19.421      |10.605      


VAL losses
Total Loss  |Smoke Loss  |Fire Loss   
------------ ------------ ------------
26.846      |16.473      |10.373      

VAL Metrics
SMOKE -> Precision: 0.933 - Recall: 0.751 - Accuracy: 0.854 - F1: 0.832
FIRE -> Precision: 0.956 - Recall: 0.800 - Accuracy: 0.939 - F1: 0.871

=== EPOCH 80/124 ===
Learning Rate = 0.0003276800000000001

TRAIN losses
Total Loss  |Smoke Loss  |Fire Loss   
------------ ------------ ------------
29.471      |19.113      |10.359      


VAL losses
Total Loss  |Smoke Loss  |Fire Loss   
------------ ------------ ------------
23.344      |14.664      |8.680       

VAL Metrics
SMOKE -> Precision: 0.894 - Recall: 0.874 - Accuracy: 0.890 - F1: 0.884
FIRE -> Precision: 0.941 - Recall: 0.859 - Accuracy: 0.949 - F1: 0.898

Saving model with new best validation loss: 23.344

=== EPOCH 81/124 ===
Learning Rate = 0.0003276800000000001

TRAIN losses
Total Loss  |Smoke Loss  |Fire Loss   
------------ ------------ ------------
29.582      |19.269      |10.313      


VAL losses
Total Loss  |Smoke Loss  |Fire Loss   
------------ ------------ ------------
23.398      |14.486      |8.912       

VAL Metrics
SMOKE -> Precision: 0.898 - Recall: 0.878 - Accuracy: 0.893 - F1: 0.888
FIRE -> Precision: 0.954 - Recall: 0.839 - Accuracy: 0.948 - F1: 0.893

=== EPOCH 82/124 ===
Learning Rate = 0.0003276800000000001

TRAIN losses
Total Loss  |Smoke Loss  |Fire Loss   
------------ ------------ ------------
29.575      |19.306      |10.269      


VAL losses
Total Loss  |Smoke Loss  |Fire Loss   
------------ ------------ ------------
23.628      |14.981      |8.647       

VAL Metrics
SMOKE -> Precision: 0.920 - Recall: 0.823 - Accuracy: 0.880 - F1: 0.869
FIRE -> Precision: 0.952 - Recall: 0.860 - Accuracy: 0.953 - F1: 0.904

=== EPOCH 83/124 ===
Learning Rate = 0.0003276800000000001

TRAIN losses
Total Loss  |Smoke Loss  |Fire Loss   
------------ ------------ ------------
29.189      |18.927      |10.262      


VAL losses
Total Loss  |Smoke Loss  |Fire Loss   
------------ ------------ ------------
23.316      |14.912      |8.404       

VAL Metrics
SMOKE -> Precision: 0.901 - Recall: 0.872 - Accuracy: 0.892 - F1: 0.886
FIRE -> Precision: 0.941 - Recall: 0.874 - Accuracy: 0.953 - F1: 0.906

Saving model with new best validation loss: 23.316

=== EPOCH 84/124 ===
Learning Rate = 0.0003276800000000001

TRAIN losses
Total Loss  |Smoke Loss  |Fire Loss   
------------ ------------ ------------
29.560      |18.828      |10.732      


VAL losses
Total Loss  |Smoke Loss  |Fire Loss   
------------ ------------ ------------
23.339      |14.763      |8.576       

VAL Metrics
SMOKE -> Precision: 0.897 - Recall: 0.869 - Accuracy: 0.889 - F1: 0.883
FIRE -> Precision: 0.926 - Recall: 0.870 - Accuracy: 0.948 - F1: 0.897

=== EPOCH 85/124 ===
Learning Rate = 0.0003276800000000001

TRAIN losses
Total Loss  |Smoke Loss  |Fire Loss   
------------ ------------ ------------
29.359      |19.110      |10.249      


VAL losses
Total Loss  |Smoke Loss  |Fire Loss   
------------ ------------ ------------
23.873      |14.857      |9.016       

VAL Metrics
SMOKE -> Precision: 0.901 - Recall: 0.871 - Accuracy: 0.892 - F1: 0.886
FIRE -> Precision: 0.949 - Recall: 0.834 - Accuracy: 0.945 - F1: 0.888

=== EPOCH 86/124 ===
Learning Rate = 0.0003276800000000001

TRAIN losses
Total Loss  |Smoke Loss  |Fire Loss   
------------ ------------ ------------
29.225      |18.728      |10.497      


VAL losses
Total Loss  |Smoke Loss  |Fire Loss   
------------ ------------ ------------
23.299      |14.707      |8.592       

VAL Metrics
SMOKE -> Precision: 0.883 - Recall: 0.910 - Accuracy: 0.899 - F1: 0.896
FIRE -> Precision: 0.934 - Recall: 0.865 - Accuracy: 0.949 - F1: 0.898

Saving model with new best validation loss: 23.299

=== EPOCH 87/124 ===
Learning Rate = 0.0003276800000000001

TRAIN losses
Total Loss  |Smoke Loss  |Fire Loss   
------------ ------------ ------------
28.956      |18.698      |10.259      


VAL losses
Total Loss  |Smoke Loss  |Fire Loss   
------------ ------------ ------------
23.316      |14.600      |8.716       

VAL Metrics
SMOKE -> Precision: 0.882 - Recall: 0.899 - Accuracy: 0.893 - F1: 0.890
FIRE -> Precision: 0.931 - Recall: 0.870 - Accuracy: 0.950 - F1: 0.899

=== EPOCH 88/124 ===
Learning Rate = 0.0003276800000000001

TRAIN losses
Total Loss  |Smoke Loss  |Fire Loss   
------------ ------------ ------------
28.841      |18.502      |10.339      


VAL losses
Total Loss  |Smoke Loss  |Fire Loss   
------------ ------------ ------------
22.618      |14.458      |8.160       

VAL Metrics
SMOKE -> Precision: 0.919 - Recall: 0.849 - Accuracy: 0.891 - F1: 0.883
FIRE -> Precision: 0.939 - Recall: 0.885 - Accuracy: 0.955 - F1: 0.911

Saving model with new best validation loss: 22.618

=== EPOCH 89/124 ===
Learning Rate = 0.0003276800000000001

TRAIN losses
Total Loss  |Smoke Loss  |Fire Loss   
------------ ------------ ------------
28.772      |18.770      |10.001      


VAL losses
Total Loss  |Smoke Loss  |Fire Loss   
------------ ------------ ------------
23.476      |14.626      |8.850       

VAL Metrics
SMOKE -> Precision: 0.885 - Recall: 0.893 - Accuracy: 0.893 - F1: 0.889
FIRE -> Precision: 0.957 - Recall: 0.843 - Accuracy: 0.950 - F1: 0.897

=== EPOCH 90/124 ===
Learning Rate = 0.0003276800000000001

TRAIN losses
Total Loss  |Smoke Loss  |Fire Loss   
------------ ------------ ------------
28.753      |18.514      |10.239      


VAL losses
Total Loss  |Smoke Loss  |Fire Loss   
------------ ------------ ------------
24.593      |14.514      |10.079      

VAL Metrics
SMOKE -> Precision: 0.915 - Recall: 0.846 - Accuracy: 0.888 - F1: 0.879
FIRE -> Precision: 0.956 - Recall: 0.820 - Accuracy: 0.944 - F1: 0.883

=== EPOCH 91/124 ===
Learning Rate = 0.0003276800000000001

TRAIN losses
Total Loss  |Smoke Loss  |Fire Loss   
------------ ------------ ------------
28.719      |18.704      |10.015      


VAL losses
Total Loss  |Smoke Loss  |Fire Loss   
------------ ------------ ------------
23.744      |15.103      |8.641       

VAL Metrics
SMOKE -> Precision: 0.871 - Recall: 0.921 - Accuracy: 0.896 - F1: 0.895
FIRE -> Precision: 0.919 - Recall: 0.895 - Accuracy: 0.952 - F1: 0.907

=== EPOCH 92/124 ===
Learning Rate = 0.0002621440000000001

TRAIN losses
Total Loss  |Smoke Loss  |Fire Loss   
------------ ------------ ------------
28.270      |18.348      |9.922       


VAL losses
Total Loss  |Smoke Loss  |Fire Loss   
------------ ------------ ------------
23.855      |14.939      |8.915       

VAL Metrics
SMOKE -> Precision: 0.908 - Recall: 0.827 - Accuracy: 0.877 - F1: 0.866
FIRE -> Precision: 0.947 - Recall: 0.849 - Accuracy: 0.948 - F1: 0.895

=== EPOCH 93/124 ===
Learning Rate = 0.0002621440000000001

TRAIN losses
Total Loss  |Smoke Loss  |Fire Loss   
------------ ------------ ------------
28.088      |18.142      |9.945       


VAL losses
Total Loss  |Smoke Loss  |Fire Loss   
------------ ------------ ------------
22.119      |13.909      |8.211       

VAL Metrics
SMOKE -> Precision: 0.904 - Recall: 0.876 - Accuracy: 0.896 - F1: 0.890
FIRE -> Precision: 0.934 - Recall: 0.886 - Accuracy: 0.954 - F1: 0.909

Saving model with new best validation loss: 22.119

=== EPOCH 94/124 ===
Learning Rate = 0.0002621440000000001

TRAIN losses
Total Loss  |Smoke Loss  |Fire Loss   
------------ ------------ ------------
28.089      |18.165      |9.924       


VAL losses
Total Loss  |Smoke Loss  |Fire Loss   
------------ ------------ ------------
22.513      |14.152      |8.361       

VAL Metrics
SMOKE -> Precision: 0.903 - Recall: 0.870 - Accuracy: 0.892 - F1: 0.886
FIRE -> Precision: 0.948 - Recall: 0.867 - Accuracy: 0.953 - F1: 0.905

=== EPOCH 95/124 ===
Learning Rate = 0.0002621440000000001

TRAIN losses
Total Loss  |Smoke Loss  |Fire Loss   
------------ ------------ ------------
28.200      |18.103      |10.098      


VAL losses
Total Loss  |Smoke Loss  |Fire Loss   
------------ ------------ ------------
21.951      |13.920      |8.031       

VAL Metrics
SMOKE -> Precision: 0.895 - Recall: 0.904 - Accuracy: 0.903 - F1: 0.899
FIRE -> Precision: 0.917 - Recall: 0.906 - Accuracy: 0.955 - F1: 0.912

Saving model with new best validation loss: 21.951

=== EPOCH 96/124 ===
Learning Rate = 0.0002621440000000001

TRAIN losses
Total Loss  |Smoke Loss  |Fire Loss   
------------ ------------ ------------
28.294      |18.324      |9.969       


VAL losses
Total Loss  |Smoke Loss  |Fire Loss   
------------ ------------ ------------
23.299      |14.860      |8.439       

VAL Metrics
SMOKE -> Precision: 0.878 - Recall: 0.928 - Accuracy: 0.903 - F1: 0.902
FIRE -> Precision: 0.916 - Recall: 0.886 - Accuracy: 0.950 - F1: 0.901

Saving model with new best smoke precision: 0.878

=== EPOCH 97/124 ===
Learning Rate = 0.0002621440000000001

TRAIN losses
Total Loss  |Smoke Loss  |Fire Loss   
------------ ------------ ------------
27.888      |18.057      |9.831       


VAL losses
Total Loss  |Smoke Loss  |Fire Loss   
------------ ------------ ------------
21.895      |13.557      |8.338       

VAL Metrics
SMOKE -> Precision: 0.909 - Recall: 0.888 - Accuracy: 0.903 - F1: 0.898
FIRE -> Precision: 0.946 - Recall: 0.863 - Accuracy: 0.952 - F1: 0.902

Saving model with new best validation loss: 21.895

=== EPOCH 98/124 ===
Learning Rate = 0.0002621440000000001

TRAIN losses
Total Loss  |Smoke Loss  |Fire Loss   
------------ ------------ ------------
28.315      |18.286      |10.029      


VAL losses
Total Loss  |Smoke Loss  |Fire Loss   
------------ ------------ ------------
21.610      |13.690      |7.920       

VAL Metrics
SMOKE -> Precision: 0.901 - Recall: 0.893 - Accuracy: 0.901 - F1: 0.897
FIRE -> Precision: 0.939 - Recall: 0.895 - Accuracy: 0.958 - F1: 0.916

Saving model with new best validation loss: 21.610

=== EPOCH 99/124 ===
Learning Rate = 0.0002621440000000001

TRAIN losses
Total Loss  |Smoke Loss  |Fire Loss   
------------ ------------ ------------
27.419      |17.684      |9.735       


VAL losses
Total Loss  |Smoke Loss  |Fire Loss   
------------ ------------ ------------
22.307      |13.917      |8.391       

VAL Metrics
SMOKE -> Precision: 0.904 - Recall: 0.879 - Accuracy: 0.897 - F1: 0.891
FIRE -> Precision: 0.946 - Recall: 0.860 - Accuracy: 0.951 - F1: 0.901

=== EPOCH 100/124 ===
Learning Rate = 0.0002621440000000001

TRAIN losses
Total Loss  |Smoke Loss  |Fire Loss   
------------ ------------ ------------
28.039      |18.023      |10.016      


VAL losses
Total Loss  |Smoke Loss  |Fire Loss   
------------ ------------ ------------
22.316      |14.178      |8.137       

VAL Metrics
SMOKE -> Precision: 0.911 - Recall: 0.852 - Accuracy: 0.889 - F1: 0.880
FIRE -> Precision: 0.947 - Recall: 0.867 - Accuracy: 0.953 - F1: 0.905

=== EPOCH 101/124 ===
Learning Rate = 0.0002621440000000001

TRAIN losses
Total Loss  |Smoke Loss  |Fire Loss   
------------ ------------ ------------
27.939      |17.926      |10.013      


VAL losses
Total Loss  |Smoke Loss  |Fire Loss   
------------ ------------ ------------
21.860      |13.840      |8.019       

VAL Metrics
SMOKE -> Precision: 0.909 - Recall: 0.876 - Accuracy: 0.898 - F1: 0.892
FIRE -> Precision: 0.931 - Recall: 0.880 - Accuracy: 0.952 - F1: 0.905

=== EPOCH 102/124 ===
Learning Rate = 0.00020971520000000012

TRAIN losses
Total Loss  |Smoke Loss  |Fire Loss   
------------ ------------ ------------
27.227      |17.553      |9.673       


VAL losses
Total Loss  |Smoke Loss  |Fire Loss   
------------ ------------ ------------
22.611      |14.177      |8.435       

VAL Metrics
SMOKE -> Precision: 0.925 - Recall: 0.836 - Accuracy: 0.889 - F1: 0.879
FIRE -> Precision: 0.939 - Recall: 0.883 - Accuracy: 0.955 - F1: 0.910

=== EPOCH 103/124 ===
Learning Rate = 0.00020971520000000012

TRAIN losses
Total Loss  |Smoke Loss  |Fire Loss   
------------ ------------ ------------
26.976      |17.560      |9.416       


VAL losses
Total Loss  |Smoke Loss  |Fire Loss   
------------ ------------ ------------
24.023      |15.390      |8.633       

VAL Metrics
SMOKE -> Precision: 0.933 - Recall: 0.767 - Accuracy: 0.861 - F1: 0.842
FIRE -> Precision: 0.949 - Recall: 0.852 - Accuracy: 0.950 - F1: 0.898

=== EPOCH 104/124 ===
Learning Rate = 0.00020971520000000012

TRAIN losses
Total Loss  |Smoke Loss  |Fire Loss   
------------ ------------ ------------
27.448      |17.867      |9.582       


VAL losses
Total Loss  |Smoke Loss  |Fire Loss   
------------ ------------ ------------
21.279      |13.550      |7.730       

VAL Metrics
SMOKE -> Precision: 0.902 - Recall: 0.885 - Accuracy: 0.898 - F1: 0.893
FIRE -> Precision: 0.926 - Recall: 0.907 - Accuracy: 0.957 - F1: 0.917

Saving model with new best validation loss: 21.279

=== EPOCH 105/124 ===
Learning Rate = 0.00020971520000000012

TRAIN losses
Total Loss  |Smoke Loss  |Fire Loss   
------------ ------------ ------------
27.163      |17.571      |9.592       


VAL losses
Total Loss  |Smoke Loss  |Fire Loss   
------------ ------------ ------------
21.296      |13.453      |7.843       

VAL Metrics
SMOKE -> Precision: 0.893 - Recall: 0.907 - Accuracy: 0.903 - F1: 0.900
FIRE -> Precision: 0.926 - Recall: 0.904 - Accuracy: 0.956 - F1: 0.915

=== EPOCH 106/124 ===
Learning Rate = 0.00020971520000000012

TRAIN losses
Total Loss  |Smoke Loss  |Fire Loss   
------------ ------------ ------------
27.384      |17.661      |9.724       


VAL losses
Total Loss  |Smoke Loss  |Fire Loss   
------------ ------------ ------------
21.121      |13.390      |7.732       

VAL Metrics
SMOKE -> Precision: 0.910 - Recall: 0.888 - Accuracy: 0.903 - F1: 0.898
FIRE -> Precision: 0.928 - Recall: 0.898 - Accuracy: 0.956 - F1: 0.913

Saving model with new best validation loss: 21.121

=== EPOCH 107/124 ===
Learning Rate = 0.00020971520000000012

TRAIN losses
Total Loss  |Smoke Loss  |Fire Loss   
------------ ------------ ------------
27.304      |17.625      |9.680       


VAL losses
Total Loss  |Smoke Loss  |Fire Loss   
------------ ------------ ------------
22.542      |14.086      |8.455       

VAL Metrics
SMOKE -> Precision: 0.916 - Recall: 0.853 - Accuracy: 0.892 - F1: 0.884
FIRE -> Precision: 0.933 - Recall: 0.881 - Accuracy: 0.953 - F1: 0.906

=== EPOCH 108/124 ===
Learning Rate = 0.00020971520000000012

TRAIN losses
Total Loss  |Smoke Loss  |Fire Loss   
------------ ------------ ------------
27.052      |17.497      |9.555       


VAL losses
Total Loss  |Smoke Loss  |Fire Loss   
------------ ------------ ------------
21.573      |13.306      |8.266       

VAL Metrics
SMOKE -> Precision: 0.920 - Recall: 0.861 - Accuracy: 0.897 - F1: 0.890
FIRE -> Precision: 0.949 - Recall: 0.865 - Accuracy: 0.953 - F1: 0.905

=== EPOCH 109/124 ===
Learning Rate = 0.00020971520000000012

TRAIN losses
Total Loss  |Smoke Loss  |Fire Loss   
------------ ------------ ------------
26.907      |17.341      |9.565       


VAL losses
Total Loss  |Smoke Loss  |Fire Loss   
------------ ------------ ------------
20.836      |13.081      |7.754       

VAL Metrics
SMOKE -> Precision: 0.901 - Recall: 0.904 - Accuracy: 0.906 - F1: 0.902
FIRE -> Precision: 0.927 - Recall: 0.898 - Accuracy: 0.955 - F1: 0.913

Saving model with new best validation loss: 20.836

Saving model with new best smoke precision: 0.901

=== EPOCH 110/124 ===
Learning Rate = 0.00020971520000000012

TRAIN losses
Total Loss  |Smoke Loss  |Fire Loss   
------------ ------------ ------------
27.353      |17.537      |9.816       


VAL losses
Total Loss  |Smoke Loss  |Fire Loss   
------------ ------------ ------------
21.468      |13.203      |8.266       

VAL Metrics
SMOKE -> Precision: 0.915 - Recall: 0.876 - Accuracy: 0.901 - F1: 0.895
FIRE -> Precision: 0.965 - Recall: 0.860 - Accuracy: 0.956 - F1: 0.910

=== EPOCH 111/124 ===
Learning Rate = 0.00020971520000000012

TRAIN losses
Total Loss  |Smoke Loss  |Fire Loss   
------------ ------------ ------------
26.390      |17.142      |9.248       


VAL losses
Total Loss  |Smoke Loss  |Fire Loss   
------------ ------------ ------------
22.776      |13.211      |9.565       

VAL Metrics
SMOKE -> Precision: 0.917 - Recall: 0.873 - Accuracy: 0.901 - F1: 0.894
FIRE -> Precision: 0.959 - Recall: 0.819 - Accuracy: 0.944 - F1: 0.883

=== EPOCH 112/124 ===
Learning Rate = 0.00020971520000000012

TRAIN losses
Total Loss  |Smoke Loss  |Fire Loss   
------------ ------------ ------------
26.453      |17.233      |9.220       


VAL losses
Total Loss  |Smoke Loss  |Fire Loss   
------------ ------------ ------------
22.504      |13.745      |8.759       

VAL Metrics
SMOKE -> Precision: 0.911 - Recall: 0.859 - Accuracy: 0.892 - F1: 0.884
FIRE -> Precision: 0.942 - Recall: 0.868 - Accuracy: 0.952 - F1: 0.903

=== EPOCH 113/124 ===
Learning Rate = 0.0001677721600000001

TRAIN losses
Total Loss  |Smoke Loss  |Fire Loss   
------------ ------------ ------------
26.356      |16.807      |9.549       


VAL losses
Total Loss  |Smoke Loss  |Fire Loss   
------------ ------------ ------------
21.339      |13.524      |7.815       

VAL Metrics
SMOKE -> Precision: 0.910 - Recall: 0.872 - Accuracy: 0.897 - F1: 0.890
FIRE -> Precision: 0.930 - Recall: 0.903 - Accuracy: 0.957 - F1: 0.916

=== EPOCH 114/124 ===
Learning Rate = 0.0001677721600000001

TRAIN losses
Total Loss  |Smoke Loss  |Fire Loss   
------------ ------------ ------------
26.156      |16.858      |9.298       


VAL losses
Total Loss  |Smoke Loss  |Fire Loss   
------------ ------------ ------------
20.853      |12.950      |7.903       

VAL Metrics
SMOKE -> Precision: 0.918 - Recall: 0.882 - Accuracy: 0.905 - F1: 0.899
FIRE -> Precision: 0.942 - Recall: 0.886 - Accuracy: 0.956 - F1: 0.913

=== EPOCH 115/124 ===
Learning Rate = 0.0001677721600000001

TRAIN losses
Total Loss  |Smoke Loss  |Fire Loss   
------------ ------------ ------------
26.224      |17.004      |9.220       


VAL losses
Total Loss  |Smoke Loss  |Fire Loss   
------------ ------------ ------------
20.862      |13.023      |7.839       

VAL Metrics
SMOKE -> Precision: 0.916 - Recall: 0.876 - Accuracy: 0.902 - F1: 0.895
FIRE -> Precision: 0.906 - Recall: 0.917 - Accuracy: 0.954 - F1: 0.911

=== EPOCH 116/124 ===
Learning Rate = 0.00013421772800000008

TRAIN losses
Total Loss  |Smoke Loss  |Fire Loss   
------------ ------------ ------------
25.939      |16.678      |9.260       


VAL losses
Total Loss  |Smoke Loss  |Fire Loss   
------------ ------------ ------------
20.713      |12.904      |7.809       

VAL Metrics
SMOKE -> Precision: 0.913 - Recall: 0.878 - Accuracy: 0.901 - F1: 0.895
FIRE -> Precision: 0.938 - Recall: 0.884 - Accuracy: 0.955 - F1: 0.910

Saving model with new best validation loss: 20.713

=== EPOCH 117/124 ===
Learning Rate = 0.00013421772800000008

TRAIN losses
Total Loss  |Smoke Loss  |Fire Loss   
------------ ------------ ------------
25.999      |16.670      |9.329       


VAL losses
Total Loss  |Smoke Loss  |Fire Loss   
------------ ------------ ------------
20.823      |12.943      |7.880       

VAL Metrics
SMOKE -> Precision: 0.904 - Recall: 0.894 - Accuracy: 0.903 - F1: 0.899
FIRE -> Precision: 0.940 - Recall: 0.886 - Accuracy: 0.956 - F1: 0.912

=== EPOCH 118/124 ===
Learning Rate = 0.00013421772800000008

TRAIN losses
Total Loss  |Smoke Loss  |Fire Loss   
------------ ------------ ------------
25.849      |16.749      |9.100       


VAL losses
Total Loss  |Smoke Loss  |Fire Loss   
------------ ------------ ------------
21.126      |13.009      |8.117       

VAL Metrics
SMOKE -> Precision: 0.925 - Recall: 0.857 - Accuracy: 0.898 - F1: 0.890
FIRE -> Precision: 0.945 - Recall: 0.870 - Accuracy: 0.953 - F1: 0.906

=== EPOCH 119/124 ===
Learning Rate = 0.00013421772800000008

TRAIN losses
Total Loss  |Smoke Loss  |Fire Loss   
------------ ------------ ------------
25.708      |16.794      |8.914       


VAL losses
Total Loss  |Smoke Loss  |Fire Loss   
------------ ------------ ------------
21.219      |13.373      |7.845       

VAL Metrics
SMOKE -> Precision: 0.887 - Recall: 0.921 - Accuracy: 0.906 - F1: 0.904
FIRE -> Precision: 0.930 - Recall: 0.905 - Accuracy: 0.958 - F1: 0.917

=== EPOCH 120/124 ===
Learning Rate = 0.00010737418240000007

TRAIN losses
Total Loss  |Smoke Loss  |Fire Loss   
------------ ------------ ------------
25.271      |16.370      |8.901       


VAL losses
Total Loss  |Smoke Loss  |Fire Loss   
------------ ------------ ------------
20.584      |12.853      |7.731       

VAL Metrics
SMOKE -> Precision: 0.913 - Recall: 0.885 - Accuracy: 0.904 - F1: 0.899
FIRE -> Precision: 0.941 - Recall: 0.888 - Accuracy: 0.957 - F1: 0.914

Saving model with new best validation loss: 20.584

=== EPOCH 121/124 ===
Learning Rate = 0.00010737418240000007

TRAIN losses
Total Loss  |Smoke Loss  |Fire Loss   
------------ ------------ ------------
25.518      |16.414      |9.104       


VAL losses
Total Loss  |Smoke Loss  |Fire Loss   
------------ ------------ ------------
21.016      |12.903      |8.113       

VAL Metrics
SMOKE -> Precision: 0.924 - Recall: 0.869 - Accuracy: 0.903 - F1: 0.896
FIRE -> Precision: 0.953 - Recall: 0.869 - Accuracy: 0.955 - F1: 0.909

=== EPOCH 122/124 ===
Learning Rate = 0.00010737418240000007

TRAIN losses
Total Loss  |Smoke Loss  |Fire Loss   
------------ ------------ ------------
25.155      |16.409      |8.745       


VAL losses
Total Loss  |Smoke Loss  |Fire Loss   
------------ ------------ ------------
20.694      |12.999      |7.696       

VAL Metrics
SMOKE -> Precision: 0.908 - Recall: 0.897 - Accuracy: 0.907 - F1: 0.902
FIRE -> Precision: 0.926 - Recall: 0.905 - Accuracy: 0.957 - F1: 0.916

Saving model with new best smoke precision: 0.908

=== EPOCH 123/124 ===
Learning Rate = 0.00010737418240000007

TRAIN losses
Total Loss  |Smoke Loss  |Fire Loss   
------------ ------------ ------------
25.750      |16.471      |9.279       


VAL losses
Total Loss  |Smoke Loss  |Fire Loss   
------------ ------------ ------------
21.476      |12.962      |8.514       

VAL Metrics
SMOKE -> Precision: 0.924 - Recall: 0.865 - Accuracy: 0.901 - F1: 0.894
FIRE -> Precision: 0.949 - Recall: 0.859 - Accuracy: 0.952 - F1: 0.902

=== EPOCH 124/124 ===
Learning Rate = 8.589934592000007e-05

TRAIN losses
Total Loss  |Smoke Loss  |Fire Loss   
------------ ------------ ------------
25.271      |16.491      |8.781       


VAL losses
Total Loss  |Smoke Loss  |Fire Loss   
------------ ------------ ------------
20.560      |12.579      |7.982       

VAL Metrics
SMOKE -> Precision: 0.921 - Recall: 0.884 - Accuracy: 0.907 - F1: 0.902
FIRE -> Precision: 0.943 - Recall: 0.881 - Accuracy: 0.955 - F1: 0.911

Saving model with new best validation loss: 20.560

Saving model with new best smoke precision: 0.921
Saving last model

***Script finished: 11:03:14

Time elapsed: 0:55:43.774725
