BED Detector.
	DFire and FASDD UAV and CV.
	Max Obj = 5.
	IOU Threshold = 0.5.
	NMS IOU Threshold does not change too much, so it is not tested.


Weights file: ./experiments/test_03_dfire_&_fasdd_uav_cv_+epochs_maxobj10/weights/BED_detector__best_mAP=0.6224__epoch=119.pt


DFire Aladdin Metrics:

mAP @0.50   0.3892
Average Precision
- Smoke     0.4445
- Fire      0.3340
Class Precision
- Smoke     0.5385
- Fire      0.5013
Class Recall
- Smoke     0.5663
- Fire      0.4250

DFire Torchmetrics: 
{'mAP': tensor(0.3939), 'AP': [0.44914016127586365, 0.33856481313705444], 'AR': [0.5663430690765381, 0.42577242851257324]}


FASDD UAV Aladdin Metrics:

mAP @0.50   0.6120
Average Precision
- Smoke     0.6383
- Fire      0.5856
Class Precision
- Smoke     0.7719
- Fire      0.8603
Class Recall
- Smoke     0.6679
- Fire      0.5978

FASDD UAV Torchmetrics: 
{'mAP': tensor(0.6090), 'AP': [0.6353480815887451, 0.5826943516731262], 'AR': [0.6679494380950928, 0.5978260636329651]}


FASDD CV Aladdin Metrics:

mAP @0.50   0.7074
Average Precision
- Smoke     0.6722
- Fire      0.7427
Class Precision
- Smoke     0.6923
- Fire      0.7251
Class Recall
- Smoke     0.7497
- Fire      0.7857

FASDD CV Torchmetrics: 
{'mAP': tensor(0.7041), 'AP': [0.6676713824272156, 0.7404322624206543], 'AR': [0.7496649622917175, 0.785670816898346]}


Full Dataset Aladdin Metrics:

mAP @0.50   0.6485
Average Precision
- Smoke     0.6327
- Fire      0.6644
Class Precision
- Smoke     0.6772
- Fire      0.7109
Class Recall
- Smoke     0.7054
- Fire      0.7068

Full Dataset Torchmetrics: 
{'mAP': tensor(0.6467), 'AP': [0.6314802169799805, 0.6618719696998596], 'AR': [0.705386757850647, 0.7069453597068787]}
