BED_FPGA.
	One Head.
	Weighted for Precision.
	Dataset images divided by 255.

Training Brevitas Model = False

Datasets Length
	Train and Val: Full

Load Model: False

Device: cuda
Optimizer:
	Learning Rate: 0.001
	Weight Decay: 0.001
Scheduler:
	Scheduler factor: 0.8
	Scheduler patience: 2
	Scheduler threshold: 0.001
	Scheduler min learning rate: 1e-06

Batch Size: 64
Num Workers: 8
Pin Memory: True
Epochs: 100

IMG DIMS:
	Width: 230
	Height: 230

Brevitas Config:
	Fixed Point: True
	Weights Bit Width: 4
	Big Layers Weights Bit Width: 2
	Bias Bit Width: 4
	Activations Bit Width: 4

********* Datasets Length *********
Train Dataset Length: 117567
Test Dataset Length: 24371

Trainable parameters = 60090
Total parameters = 60090

==========================================================================================
Layer (type:depth-idx)                   Output Shape              Param #
==========================================================================================
BED_CLASSIFIER_FPGA                      [1, 2]                    --
├─Sequential: 1-1                        [1, 2]                    --
│    └─Conv2d: 2-1                       [1, 12, 228, 228]         324
│    └─BatchNorm2d: 2-2                  [1, 12, 228, 228]         24
│    └─ReLU: 2-3                         [1, 12, 228, 228]         --
│    └─MaxPool2d: 2-4                    [1, 12, 114, 114]         --
│    └─Sequential: 2-5                   [1, 16, 112, 112]         --
│    │    └─Conv2d: 3-1                  [1, 24, 112, 114]         864
│    │    └─Conv2d: 3-2                  [1, 16, 112, 112]         1,152
│    └─BatchNorm2d: 2-6                  [1, 16, 112, 112]         32
│    └─ReLU: 2-7                         [1, 16, 112, 112]         --
│    └─MaxPool2d: 2-8                    [1, 16, 56, 56]           --
│    └─Conv2d: 2-9                       [1, 16, 56, 56]           256
│    └─BatchNorm2d: 2-10                 [1, 16, 56, 56]           32
│    └─ReLU: 2-11                        [1, 16, 56, 56]           --
│    └─Sequential: 2-12                  [1, 32, 54, 54]           --
│    │    └─Conv2d: 3-3                  [1, 16, 54, 56]           768
│    │    └─Conv2d: 3-4                  [1, 32, 54, 54]           1,536
│    └─BatchNorm2d: 2-13                 [1, 32, 54, 54]           64
│    └─ReLU: 2-14                        [1, 32, 54, 54]           --
│    └─Conv2d: 2-15                      [1, 32, 54, 54]           1,024
│    └─BatchNorm2d: 2-16                 [1, 32, 54, 54]           64
│    └─ReLU: 2-17                        [1, 32, 54, 54]           --
│    └─Sequential: 2-18                  [1, 64, 52, 52]           --
│    │    └─Conv2d: 3-5                  [1, 42, 52, 54]           4,032
│    │    └─Conv2d: 3-6                  [1, 64, 52, 52]           8,064
│    └─BatchNorm2d: 2-19                 [1, 64, 52, 52]           128
│    └─ReLU: 2-20                        [1, 64, 52, 52]           --
│    └─MaxPool2d: 2-21                   [1, 64, 26, 26]           --
│    └─Conv2d: 2-22                      [1, 30, 26, 26]           1,920
│    └─BatchNorm2d: 2-23                 [1, 30, 26, 26]           60
│    └─ReLU: 2-24                        [1, 30, 26, 26]           --
│    └─Conv2d: 2-25                      [1, 60, 24, 24]           16,200
│    └─BatchNorm2d: 2-26                 [1, 60, 24, 24]           120
│    └─ReLU: 2-27                        [1, 60, 24, 24]           --
│    └─Conv2d: 2-28                      [1, 32, 24, 24]           1,920
│    └─BatchNorm2d: 2-29                 [1, 32, 24, 24]           64
│    └─ReLU: 2-30                        [1, 32, 24, 24]           --
│    └─Sequential: 2-31                  [1, 58, 22, 22]           --
│    │    └─Conv2d: 3-7                  [1, 42, 22, 24]           4,032
│    │    └─Conv2d: 3-8                  [1, 58, 22, 22]           7,308
│    └─BatchNorm2d: 2-32                 [1, 58, 22, 22]           116
│    └─ReLU: 2-33                        [1, 58, 22, 22]           --
│    └─Conv2d: 2-34                      [1, 32, 22, 22]           1,856
│    └─BatchNorm2d: 2-35                 [1, 32, 22, 22]           64
│    └─ReLU: 2-36                        [1, 32, 22, 22]           --
│    └─Sequential: 2-37                  [1, 64, 20, 20]           --
│    │    └─Conv2d: 3-9                  [1, 20, 20, 22]           1,920
│    │    └─Conv2d: 3-10                 [1, 64, 20, 20]           3,840
│    └─BatchNorm2d: 2-38                 [1, 64, 20, 20]           128
│    └─ReLU: 2-39                        [1, 64, 20, 20]           --
│    └─AdaptiveAvgPool2d: 2-40           [1, 64, 1, 1]             --
│    └─Flatten: 2-41                     [1, 64]                   --
│    └─Linear: 2-42                      [1, 32]                   2,048
│    └─BatchNorm1d: 2-43                 [1, 32]                   64
│    └─ReLU: 2-44                        [1, 32]                   --
│    └─Linear: 2-45                      [1, 2]                    66
==========================================================================================
Total params: 60,090
Trainable params: 60,090
Non-trainable params: 0
Total mult-adds (M): 106.73
==========================================================================================
Input size (MB): 0.63
Forward/backward pass size (MB): 26.06
Params size (MB): 0.24
Estimated Total Size (MB): 26.93
==========================================================================================

Loss Function: BCE
Smoke Precision Weight: 0.8
Starting script


***Start Training: 03:39:53


=== EPOCH 0/99 ===
Learning Rate = 0.001

TRAIN Stats
Total Loss |Smoke Loss|Fire Loss |    _______|Accuracy |Precision|Recall   |F1       |
-----------|----------|----------|    Smoke  |0.7919   |0.8224   |0.7133   |0.7640   |
42.85      |24.57     |18.28     |    Fire   |0.8814   |0.8475   |0.7795   |0.8121   |

VAL Stats
Total Loss |Smoke Loss|Fire Loss |    _______|Accuracy |Precision|Recall   |F1       |
-----------|----------|----------|    Smoke  |0.8198   |0.8357   |0.7689   |0.8009   |
39.61      |22.32     |17.30     |    Fire   |0.8994   |0.8103   |0.9004   |0.8530   |

Saving model with new best validation loss: 39.6145
Saving model with best Mean F1: 0.8269

=== EPOCH 1/99 ===
Learning Rate = 0.001

TRAIN Stats
Total Loss |Smoke Loss|Fire Loss |    _______|Accuracy |Precision|Recall   |F1       |
-----------|----------|----------|    Smoke  |0.8357   |0.8746   |0.7610   |0.8138   |
32.58      |19.95     |12.63     |    Fire   |0.9237   |0.9063   |0.8564   |0.8806   |

VAL Stats
Total Loss |Smoke Loss|Fire Loss |    _______|Accuracy |Precision|Recall   |F1       |
-----------|----------|----------|    Smoke  |0.8464   |0.9156   |0.7426   |0.8201   |
29.02      |18.68     |10.33     |    Fire   |0.9389   |0.9037   |0.9084   |0.9061   |

Saving model with new best validation loss: 29.0185
Saving model with best Mean F1: 0.8631

=== EPOCH 2/99 ===
Learning Rate = 0.001

TRAIN Stats
Total Loss |Smoke Loss|Fire Loss |    _______|Accuracy |Precision|Recall   |F1       |
-----------|----------|----------|    Smoke  |0.8477   |0.8886   |0.7746   |0.8277   |
30.35      |18.71     |11.64     |    Fire   |0.9291   |0.9106   |0.8697   |0.8897   |

VAL Stats
Total Loss |Smoke Loss|Fire Loss |    _______|Accuracy |Precision|Recall   |F1       |
-----------|----------|----------|    Smoke  |0.8415   |0.8580   |0.7954   |0.8255   |
28.85      |19.43     |9.42      |    Fire   |0.9464   |0.9029   |0.9352   |0.9188   |

Saving model with new best validation loss: 28.8493
Saving model with best Mean F1: 0.8721

=== EPOCH 3/99 ===
Learning Rate = 0.001

TRAIN Stats
Total Loss |Smoke Loss|Fire Loss |    _______|Accuracy |Precision|Recall   |F1       |
-----------|----------|----------|    Smoke  |0.8545   |0.8924   |0.7865   |0.8361   |
28.91      |18.07     |10.84     |    Fire   |0.9345   |0.9165   |0.8813   |0.8985   |

VAL Stats
Total Loss |Smoke Loss|Fire Loss |    _______|Accuracy |Precision|Recall   |F1       |
-----------|----------|----------|    Smoke  |0.8380   |0.8149   |0.8493   |0.8318   |
33.05      |20.61     |12.45     |    Fire   |0.9219   |0.8398   |0.9378   |0.8861   |


=== EPOCH 4/99 ===
Learning Rate = 0.001

TRAIN Stats
Total Loss |Smoke Loss|Fire Loss |    _______|Accuracy |Precision|Recall   |F1       |
-----------|----------|----------|    Smoke  |0.8600   |0.8957   |0.7961   |0.8430   |
27.72      |17.41     |10.31     |    Fire   |0.9384   |0.9204   |0.8897   |0.9048   |

VAL Stats
Total Loss |Smoke Loss|Fire Loss |    _______|Accuracy |Precision|Recall   |F1       |
-----------|----------|----------|    Smoke  |0.8508   |0.9234   |0.7454   |0.8249   |
28.57      |18.24     |10.33     |    Fire   |0.9371   |0.8694   |0.9485   |0.9072   |

Saving model with new best validation loss: 28.5748

=== EPOCH 5/99 ===
Learning Rate = 0.001

TRAIN Stats
Total Loss |Smoke Loss|Fire Loss |    _______|Accuracy |Precision|Recall   |F1       |
-----------|----------|----------|    Smoke  |0.8661   |0.9002   |0.8057   |0.8503   |
26.61      |16.78     |9.82      |    Fire   |0.9412   |0.9244   |0.8944   |0.9092   |

VAL Stats
Total Loss |Smoke Loss|Fire Loss |    _______|Accuracy |Precision|Recall   |F1       |
-----------|----------|----------|    Smoke  |0.8630   |0.9461   |0.7523   |0.8382   |
24.77      |16.94     |7.83      |    Fire   |0.9579   |0.9402   |0.9292   |0.9347   |

Saving model with new best validation loss: 24.7703
Saving model with best Mean F1: 0.8864

=== EPOCH 6/99 ===
Learning Rate = 0.001

TRAIN Stats
Total Loss |Smoke Loss|Fire Loss |    _______|Accuracy |Precision|Recall   |F1       |
-----------|----------|----------|    Smoke  |0.8705   |0.9010   |0.8152   |0.8560   |
25.99      |16.42     |9.57      |    Fire   |0.9436   |0.9271   |0.8993   |0.9130   |

VAL Stats
Total Loss |Smoke Loss|Fire Loss |    _______|Accuracy |Precision|Recall   |F1       |
-----------|----------|----------|    Smoke  |0.8589   |0.8356   |0.8722   |0.8535   |
30.15      |18.96     |11.19     |    Fire   |0.9314   |0.8413   |0.9717   |0.9018   |


=== EPOCH 7/99 ===
Learning Rate = 0.001

TRAIN Stats
Total Loss |Smoke Loss|Fire Loss |    _______|Accuracy |Precision|Recall   |F1       |
-----------|----------|----------|    Smoke  |0.8757   |0.9038   |0.8246   |0.8624   |
25.32      |16.01     |9.31      |    Fire   |0.9445   |0.9284   |0.9005   |0.9142   |

VAL Stats
Total Loss |Smoke Loss|Fire Loss |    _______|Accuracy |Precision|Recall   |F1       |
-----------|----------|----------|    Smoke  |0.8796   |0.9018   |0.8358   |0.8675   |
26.27      |15.59     |10.68     |    Fire   |0.9400   |0.8614   |0.9712   |0.9130   |

Saving model with best Mean F1: 0.8903

=== EPOCH 8/99 ===
Learning Rate = 0.001

TRAIN Stats
Total Loss |Smoke Loss|Fire Loss |    _______|Accuracy |Precision|Recall   |F1       |
-----------|----------|----------|    Smoke  |0.8808   |0.9072   |0.8327   |0.8683   |
24.66      |15.54     |9.13      |    Fire   |0.9457   |0.9292   |0.9037   |0.9163   |

VAL Stats
Total Loss |Smoke Loss|Fire Loss |    _______|Accuracy |Precision|Recall   |F1       |
-----------|----------|----------|    Smoke  |0.8790   |0.8887   |0.8498   |0.8688   |
23.35      |16.03     |7.32      |    Fire   |0.9573   |0.9257   |0.9441   |0.9348   |

Saving model with new best validation loss: 23.3501
Saving model with best Mean F1: 0.9018

=== EPOCH 9/99 ===
Learning Rate = 0.001

TRAIN Stats
Total Loss |Smoke Loss|Fire Loss |    _______|Accuracy |Precision|Recall   |F1       |
-----------|----------|----------|    Smoke  |0.8830   |0.9082   |0.8369   |0.8710   |
23.90      |15.15     |8.75      |    Fire   |0.9476   |0.9307   |0.9083   |0.9194   |

VAL Stats
Total Loss |Smoke Loss|Fire Loss |    _______|Accuracy |Precision|Recall   |F1       |
-----------|----------|----------|    Smoke  |0.8940   |0.9108   |0.8594   |0.8844   |
21.87      |14.37     |7.50      |    Fire   |0.9572   |0.9080   |0.9660   |0.9361   |

Saving model with new best validation loss: 21.8735
Saving model with best Mean F1: 0.9102

=== EPOCH 10/99 ===
Learning Rate = 0.001

TRAIN Stats
Total Loss |Smoke Loss|Fire Loss |    _______|Accuracy |Precision|Recall   |F1       |
-----------|----------|----------|    Smoke  |0.8876   |0.9111   |0.8444   |0.8765   |
23.38      |14.76     |8.62      |    Fire   |0.9495   |0.9341   |0.9105   |0.9222   |

VAL Stats
Total Loss |Smoke Loss|Fire Loss |    _______|Accuracy |Precision|Recall   |F1       |
-----------|----------|----------|    Smoke  |0.8738   |0.8444   |0.8979   |0.8703   |
27.54      |17.49     |10.05     |    Fire   |0.9390   |0.8653   |0.9616   |0.9109   |


=== EPOCH 11/99 ===
Learning Rate = 0.001

TRAIN Stats
Total Loss |Smoke Loss|Fire Loss |    _______|Accuracy |Precision|Recall   |F1       |
-----------|----------|----------|    Smoke  |0.8896   |0.9127   |0.8471   |0.8787   |
23.03      |14.47     |8.56      |    Fire   |0.9488   |0.9317   |0.9111   |0.9213   |

VAL Stats
Total Loss |Smoke Loss|Fire Loss |    _______|Accuracy |Precision|Recall   |F1       |
-----------|----------|----------|    Smoke  |0.8942   |0.9144   |0.8556   |0.8840   |
21.79      |14.69     |7.10      |    Fire   |0.9595   |0.9365   |0.9387   |0.9376   |

Saving model with new best validation loss: 21.7950
Saving model with best Mean F1: 0.9108

=== EPOCH 12/99 ===
Learning Rate = 0.001

TRAIN Stats
Total Loss |Smoke Loss|Fire Loss |    _______|Accuracy |Precision|Recall   |F1       |
-----------|----------|----------|    Smoke  |0.8942   |0.9159   |0.8543   |0.8840   |
22.64      |14.16     |8.48      |    Fire   |0.9496   |0.9345   |0.9106   |0.9224   |

VAL Stats
Total Loss |Smoke Loss|Fire Loss |    _______|Accuracy |Precision|Recall   |F1       |
-----------|----------|----------|    Smoke  |0.8750   |0.9209   |0.8040   |0.8585   |
22.44      |15.65     |6.79      |    Fire   |0.9599   |0.9141   |0.9673   |0.9399   |


=== EPOCH 13/99 ===
Learning Rate = 0.001

TRAIN Stats
Total Loss |Smoke Loss|Fire Loss |    _______|Accuracy |Precision|Recall   |F1       |
-----------|----------|----------|    Smoke  |0.8970   |0.9176   |0.8590   |0.8873   |
22.18      |13.84     |8.34      |    Fire   |0.9505   |0.9348   |0.9129   |0.9238   |

VAL Stats
Total Loss |Smoke Loss|Fire Loss |    _______|Accuracy |Precision|Recall   |F1       |
-----------|----------|----------|    Smoke  |0.8965   |0.9191   |0.8557   |0.8863   |
21.30      |13.83     |7.46      |    Fire   |0.9571   |0.9072   |0.9666   |0.9360   |

Saving model with new best validation loss: 21.2974
Saving model with best Mean F1: 0.9111

=== EPOCH 14/99 ===
Learning Rate = 0.001

TRAIN Stats
Total Loss |Smoke Loss|Fire Loss |    _______|Accuracy |Precision|Recall   |F1       |
-----------|----------|----------|    Smoke  |0.8990   |0.9201   |0.8609   |0.8895   |
21.88      |13.68     |8.20      |    Fire   |0.9516   |0.9368   |0.9144   |0.9254   |

VAL Stats
Total Loss |Smoke Loss|Fire Loss |    _______|Accuracy |Precision|Recall   |F1       |
-----------|----------|----------|    Smoke  |0.9033   |0.9231   |0.8671   |0.8942   |
19.36      |12.84     |6.52      |    Fire   |0.9614   |0.9493   |0.9306   |0.9399   |

Saving model with new best validation loss: 19.3634
Saving model with best Mean F1: 0.9170

=== EPOCH 15/99 ===
Learning Rate = 0.001

TRAIN Stats
Total Loss |Smoke Loss|Fire Loss |    _______|Accuracy |Precision|Recall   |F1       |
-----------|----------|----------|    Smoke  |0.8992   |0.9196   |0.8619   |0.8898   |
21.67      |13.49     |8.18      |    Fire   |0.9514   |0.9347   |0.9160   |0.9253   |

VAL Stats
Total Loss |Smoke Loss|Fire Loss |    _______|Accuracy |Precision|Recall   |F1       |
-----------|----------|----------|    Smoke  |0.8921   |0.9267   |0.8373   |0.8798   |
21.49      |14.25     |7.24      |    Fire   |0.9583   |0.9180   |0.9569   |0.9370   |


=== EPOCH 16/99 ===
Learning Rate = 0.001

TRAIN Stats
Total Loss |Smoke Loss|Fire Loss |    _______|Accuracy |Precision|Recall   |F1       |
-----------|----------|----------|    Smoke  |0.9021   |0.9225   |0.8654   |0.8930   |
21.33      |13.27     |8.06      |    Fire   |0.9531   |0.9374   |0.9186   |0.9279   |

VAL Stats
Total Loss |Smoke Loss|Fire Loss |    _______|Accuracy |Precision|Recall   |F1       |
-----------|----------|----------|    Smoke  |0.8918   |0.9492   |0.8140   |0.8764   |
20.31      |13.76     |6.55      |    Fire   |0.9611   |0.9271   |0.9552   |0.9410   |


=== EPOCH 17/99 ===
Learning Rate = 0.001

TRAIN Stats
Total Loss |Smoke Loss|Fire Loss |    _______|Accuracy |Precision|Recall   |F1       |
-----------|----------|----------|    Smoke  |0.9032   |0.9225   |0.8678   |0.8943   |
20.96      |13.01     |7.95      |    Fire   |0.9534   |0.9393   |0.9175   |0.9283   |

VAL Stats
Total Loss |Smoke Loss|Fire Loss |    _______|Accuracy |Precision|Recall   |F1       |
-----------|----------|----------|    Smoke  |0.8986   |0.8964   |0.8875   |0.8919   |
24.40      |14.65     |9.76      |    Fire   |0.9394   |0.8601   |0.9708   |0.9121   |


=== EPOCH 18/99 ===
Learning Rate = 0.0008

TRAIN Stats
Total Loss |Smoke Loss|Fire Loss |    _______|Accuracy |Precision|Recall   |F1       |
-----------|----------|----------|    Smoke  |0.9085   |0.9276   |0.8744   |0.9002   |
19.96      |12.48     |7.49      |    Fire   |0.9563   |0.9428   |0.9232   |0.9329   |

VAL Stats
Total Loss |Smoke Loss|Fire Loss |    _______|Accuracy |Precision|Recall   |F1       |
-----------|----------|----------|    Smoke  |0.9141   |0.9482   |0.8652   |0.9048   |
19.10      |11.61     |7.49      |    Fire   |0.9575   |0.9021   |0.9746   |0.9370   |

Saving model with new best validation loss: 19.1005
Saving model with best Mean F1: 0.9209

=== EPOCH 19/99 ===
Learning Rate = 0.0008

TRAIN Stats
Total Loss |Smoke Loss|Fire Loss |    _______|Accuracy |Precision|Recall   |F1       |
-----------|----------|----------|    Smoke  |0.9100   |0.9276   |0.8779   |0.9021   |
19.76      |12.34     |7.42      |    Fire   |0.9563   |0.9430   |0.9228   |0.9328   |

VAL Stats
Total Loss |Smoke Loss|Fire Loss |    _______|Accuracy |Precision|Recall   |F1       |
-----------|----------|----------|    Smoke  |0.9013   |0.9053   |0.8829   |0.8940   |
21.67      |13.53     |8.14      |    Fire   |0.9489   |0.8864   |0.9661   |0.9246   |


=== EPOCH 20/99 ===
Learning Rate = 0.0008

TRAIN Stats
Total Loss |Smoke Loss|Fire Loss |    _______|Accuracy |Precision|Recall   |F1       |
-----------|----------|----------|    Smoke  |0.9109   |0.9299   |0.8774   |0.9029   |
19.40      |12.13     |7.27      |    Fire   |0.9578   |0.9450   |0.9257   |0.9352   |

VAL Stats
Total Loss |Smoke Loss|Fire Loss |    _______|Accuracy |Precision|Recall   |F1       |
-----------|----------|----------|    Smoke  |0.9148   |0.9493   |0.8654   |0.9054   |
17.89      |11.77     |6.12      |    Fire   |0.9653   |0.9262   |0.9704   |0.9478   |

Saving model with new best validation loss: 17.8862
Saving model with best Mean F1: 0.9266

=== EPOCH 21/99 ===
Learning Rate = 0.0008

TRAIN Stats
Total Loss |Smoke Loss|Fire Loss |    _______|Accuracy |Precision|Recall   |F1       |
-----------|----------|----------|    Smoke  |0.9115   |0.9304   |0.8783   |0.9036   |
19.33      |12.06     |7.27      |    Fire   |0.9582   |0.9454   |0.9265   |0.9359   |

VAL Stats
Total Loss |Smoke Loss|Fire Loss |    _______|Accuracy |Precision|Recall   |F1       |
-----------|----------|----------|    Smoke  |0.9177   |0.9351   |0.8870   |0.9104   |
19.68      |11.59     |8.09      |    Fire   |0.9534   |0.8986   |0.9652   |0.9307   |


=== EPOCH 22/99 ===
Learning Rate = 0.0008

TRAIN Stats
Total Loss |Smoke Loss|Fire Loss |    _______|Accuracy |Precision|Recall   |F1       |
-----------|----------|----------|    Smoke  |0.9130   |0.9299   |0.8822   |0.9054   |
19.09      |11.90     |7.19      |    Fire   |0.9578   |0.9445   |0.9261   |0.9352   |

VAL Stats
Total Loss |Smoke Loss|Fire Loss |    _______|Accuracy |Precision|Recall   |F1       |
-----------|----------|----------|    Smoke  |0.9195   |0.9354   |0.8907   |0.9125   |
18.77      |11.37     |7.40      |    Fire   |0.9571   |0.9005   |0.9754   |0.9364   |


=== EPOCH 23/99 ===
Learning Rate = 0.0008

TRAIN Stats
Total Loss |Smoke Loss|Fire Loss |    _______|Accuracy |Precision|Recall   |F1       |
-----------|----------|----------|    Smoke  |0.9137   |0.9300   |0.8838   |0.9063   |
19.01      |11.80     |7.22      |    Fire   |0.9580   |0.9450   |0.9262   |0.9355   |

VAL Stats
Total Loss |Smoke Loss|Fire Loss |    _______|Accuracy |Precision|Recall   |F1       |
-----------|----------|----------|    Smoke  |0.9108   |0.9112   |0.8982   |0.9047   |
20.29      |12.82     |7.47      |    Fire   |0.9566   |0.8994   |0.9751   |0.9357   |


=== EPOCH 24/99 ===
Learning Rate = 0.00064

TRAIN Stats
Total Loss |Smoke Loss|Fire Loss |    _______|Accuracy |Precision|Recall   |F1       |
-----------|----------|----------|    Smoke  |0.9178   |0.9340   |0.8888   |0.9108   |
18.23      |11.36     |6.87      |    Fire   |0.9604   |0.9480   |0.9304   |0.9392   |

VAL Stats
Total Loss |Smoke Loss|Fire Loss |    _______|Accuracy |Precision|Recall   |F1       |
-----------|----------|----------|    Smoke  |0.9236   |0.9282   |0.9082   |0.9181   |
17.47      |11.20     |6.27      |    Fire   |0.9643   |0.9174   |0.9778   |0.9466   |

Saving model with new best validation loss: 17.4691
Saving model with best Mean F1: 0.9324

=== EPOCH 25/99 ===
Learning Rate = 0.00064

TRAIN Stats
Total Loss |Smoke Loss|Fire Loss |    _______|Accuracy |Precision|Recall   |F1       |
-----------|----------|----------|    Smoke  |0.9200   |0.9357   |0.8918   |0.9132   |
17.90      |11.09     |6.80      |    Fire   |0.9605   |0.9477   |0.9311   |0.9393   |

VAL Stats
Total Loss |Smoke Loss|Fire Loss |    _______|Accuracy |Precision|Recall   |F1       |
-----------|----------|----------|    Smoke  |0.9245   |0.9295   |0.9089   |0.9191   |
18.35      |10.88     |7.47      |    Fire   |0.9579   |0.9045   |0.9730   |0.9375   |


=== EPOCH 26/99 ===
Learning Rate = 0.00064

TRAIN Stats
Total Loss |Smoke Loss|Fire Loss |    _______|Accuracy |Precision|Recall   |F1       |
-----------|----------|----------|    Smoke  |0.9198   |0.9353   |0.8919   |0.9131   |
17.84      |11.10     |6.74      |    Fire   |0.9613   |0.9486   |0.9327   |0.9406   |

VAL Stats
Total Loss |Smoke Loss|Fire Loss |    _______|Accuracy |Precision|Recall   |F1       |
-----------|----------|----------|    Smoke  |0.9225   |0.9300   |0.9036   |0.9166   |
17.14      |11.22     |5.92      |    Fire   |0.9652   |0.9254   |0.9708   |0.9476   |

Saving model with new best validation loss: 17.1429

=== EPOCH 27/99 ===
Learning Rate = 0.00064

TRAIN Stats
Total Loss |Smoke Loss|Fire Loss |    _______|Accuracy |Precision|Recall   |F1       |
-----------|----------|----------|    Smoke  |0.9207   |0.9352   |0.8940   |0.9141   |
17.62      |10.96     |6.66      |    Fire   |0.9611   |0.9494   |0.9314   |0.9403   |

VAL Stats
Total Loss |Smoke Loss|Fire Loss |    _______|Accuracy |Precision|Recall   |F1       |
-----------|----------|----------|    Smoke  |0.9181   |0.9197   |0.9053   |0.9124   |
19.08      |11.82     |7.26      |    Fire   |0.9556   |0.8937   |0.9793   |0.9346   |


=== EPOCH 28/99 ===
Learning Rate = 0.00064

TRAIN Stats
Total Loss |Smoke Loss|Fire Loss |    _______|Accuracy |Precision|Recall   |F1       |
-----------|----------|----------|    Smoke  |0.9217   |0.9374   |0.8939   |0.9151   |
17.57      |10.84     |6.73      |    Fire   |0.9610   |0.9495   |0.9309   |0.9401   |

VAL Stats
Total Loss |Smoke Loss|Fire Loss |    _______|Accuracy |Precision|Recall   |F1       |
-----------|----------|----------|    Smoke  |0.9162   |0.9220   |0.8982   |0.9100   |
18.45      |11.69     |6.76      |    Fire   |0.9617   |0.9187   |0.9674   |0.9424   |


=== EPOCH 29/99 ===
Learning Rate = 0.00064

TRAIN Stats
Total Loss |Smoke Loss|Fire Loss |    _______|Accuracy |Precision|Recall   |F1       |
-----------|----------|----------|    Smoke  |0.9227   |0.9374   |0.8962   |0.9163   |
17.41      |10.83     |6.58      |    Fire   |0.9619   |0.9494   |0.9338   |0.9415   |

VAL Stats
Total Loss |Smoke Loss|Fire Loss |    _______|Accuracy |Precision|Recall   |F1       |
-----------|----------|----------|    Smoke  |0.9185   |0.9225   |0.9028   |0.9126   |
18.64      |11.52     |7.12      |    Fire   |0.9597   |0.9039   |0.9800   |0.9404   |


=== EPOCH 30/99 ===
Learning Rate = 0.0005120000000000001

TRAIN Stats
Total Loss |Smoke Loss|Fire Loss |    _______|Accuracy |Precision|Recall   |F1       |
-----------|----------|----------|    Smoke  |0.9260   |0.9408   |0.8998   |0.9198   |
16.67      |10.35     |6.32      |    Fire   |0.9636   |0.9525   |0.9361   |0.9442   |

VAL Stats
Total Loss |Smoke Loss|Fire Loss |    _______|Accuracy |Precision|Recall   |F1       |
-----------|----------|----------|    Smoke  |0.9187   |0.9333   |0.8912   |0.9118   |
17.08      |11.28     |5.80      |    Fire   |0.9660   |0.9257   |0.9734   |0.9489   |

Saving model with new best validation loss: 17.0780

=== EPOCH 31/99 ===
Learning Rate = 0.0005120000000000001

TRAIN Stats
Total Loss |Smoke Loss|Fire Loss |    _______|Accuracy |Precision|Recall   |F1       |
-----------|----------|----------|    Smoke  |0.9264   |0.9407   |0.9009   |0.9204   |
16.53      |10.30     |6.22      |    Fire   |0.9642   |0.9534   |0.9369   |0.9451   |

VAL Stats
Total Loss |Smoke Loss|Fire Loss |    _______|Accuracy |Precision|Recall   |F1       |
-----------|----------|----------|    Smoke  |0.9307   |0.9423   |0.9087   |0.9252   |
15.37      |9.80      |5.57      |    Fire   |0.9667   |0.9251   |0.9764   |0.9501   |

Saving model with new best validation loss: 15.3695
Saving model with best Mean F1: 0.9376

=== EPOCH 32/99 ===
Learning Rate = 0.0005120000000000001

TRAIN Stats
Total Loss |Smoke Loss|Fire Loss |    _______|Accuracy |Precision|Recall   |F1       |
-----------|----------|----------|    Smoke  |0.9277   |0.9417   |0.9028   |0.9218   |
16.41      |10.18     |6.23      |    Fire   |0.9644   |0.9520   |0.9389   |0.9454   |

VAL Stats
Total Loss |Smoke Loss|Fire Loss |    _______|Accuracy |Precision|Recall   |F1       |
-----------|----------|----------|    Smoke  |0.9253   |0.9493   |0.8891   |0.9182   |
16.48      |10.56     |5.92      |    Fire   |0.9662   |0.9229   |0.9775   |0.9494   |


=== EPOCH 33/99 ===
Learning Rate = 0.0005120000000000001

TRAIN Stats
Total Loss |Smoke Loss|Fire Loss |    _______|Accuracy |Precision|Recall   |F1       |
-----------|----------|----------|    Smoke  |0.9273   |0.9409   |0.9028   |0.9214   |
16.31      |10.14     |6.16      |    Fire   |0.9643   |0.9536   |0.9372   |0.9453   |

VAL Stats
Total Loss |Smoke Loss|Fire Loss |    _______|Accuracy |Precision|Recall   |F1       |
-----------|----------|----------|    Smoke  |0.9273   |0.9487   |0.8940   |0.9206   |
15.34      |10.16     |5.18      |    Fire   |0.9710   |0.9395   |0.9732   |0.9561   |

Saving model with new best validation loss: 15.3409
Saving model with best Mean F1: 0.9383

=== EPOCH 34/99 ===
Learning Rate = 0.0005120000000000001

TRAIN Stats
Total Loss |Smoke Loss|Fire Loss |    _______|Accuracy |Precision|Recall   |F1       |
-----------|----------|----------|    Smoke  |0.9281   |0.9408   |0.9047   |0.9224   |
16.28      |10.09     |6.18      |    Fire   |0.9640   |0.9523   |0.9374   |0.9448   |

VAL Stats
Total Loss |Smoke Loss|Fire Loss |    _______|Accuracy |Precision|Recall   |F1       |
-----------|----------|----------|    Smoke  |0.9288   |0.9273   |0.9212   |0.9242   |
15.94      |10.18     |5.76      |    Fire   |0.9661   |0.9359   |0.9613   |0.9484   |


=== EPOCH 35/99 ===
Learning Rate = 0.0005120000000000001

TRAIN Stats
Total Loss |Smoke Loss|Fire Loss |    _______|Accuracy |Precision|Recall   |F1       |
-----------|----------|----------|    Smoke  |0.9293   |0.9426   |0.9055   |0.9236   |
16.12      |10.01     |6.11      |    Fire   |0.9650   |0.9545   |0.9384   |0.9464   |

VAL Stats
Total Loss |Smoke Loss|Fire Loss |    _______|Accuracy |Precision|Recall   |F1       |
-----------|----------|----------|    Smoke  |0.9279   |0.9303   |0.9157   |0.9229   |
16.84      |10.16     |6.67      |    Fire   |0.9613   |0.9070   |0.9814   |0.9427   |


=== EPOCH 36/99 ===
Learning Rate = 0.0005120000000000001

TRAIN Stats
Total Loss |Smoke Loss|Fire Loss |    _______|Accuracy |Precision|Recall   |F1       |
-----------|----------|----------|    Smoke  |0.9297   |0.9425   |0.9064   |0.9241   |
15.97      |9.86      |6.11      |    Fire   |0.9647   |0.9530   |0.9391   |0.9460   |

VAL Stats
Total Loss |Smoke Loss|Fire Loss |    _______|Accuracy |Precision|Recall   |F1       |
-----------|----------|----------|    Smoke  |0.9293   |0.9376   |0.9106   |0.9239   |
16.77      |10.02     |6.75      |    Fire   |0.9620   |0.9083   |0.9820   |0.9437   |


=== EPOCH 37/99 ===
Learning Rate = 0.0004096000000000001

TRAIN Stats
Total Loss |Smoke Loss|Fire Loss |    _______|Accuracy |Precision|Recall   |F1       |
-----------|----------|----------|    Smoke  |0.9312   |0.9445   |0.9076   |0.9256   |
15.47      |9.62      |5.85      |    Fire   |0.9667   |0.9557   |0.9423   |0.9489   |

VAL Stats
Total Loss |Smoke Loss|Fire Loss |    _______|Accuracy |Precision|Recall   |F1       |
-----------|----------|----------|    Smoke  |0.9304   |0.9462   |0.9037   |0.9245   |
16.38      |9.99      |6.39      |    Fire   |0.9639   |0.9153   |0.9792   |0.9462   |


=== EPOCH 38/99 ===
Learning Rate = 0.0004096000000000001

TRAIN Stats
Total Loss |Smoke Loss|Fire Loss |    _______|Accuracy |Precision|Recall   |F1       |
-----------|----------|----------|    Smoke  |0.9326   |0.9451   |0.9101   |0.9273   |
15.33      |9.54      |5.79      |    Fire   |0.9669   |0.9564   |0.9422   |0.9493   |

VAL Stats
Total Loss |Smoke Loss|Fire Loss |    _______|Accuracy |Precision|Recall   |F1       |
-----------|----------|----------|    Smoke  |0.9282   |0.9231   |0.9248   |0.9240   |
17.52      |10.84     |6.68      |    Fire   |0.9630   |0.9140   |0.9777   |0.9448   |


=== EPOCH 39/99 ===
Learning Rate = 0.0004096000000000001

TRAIN Stats
Total Loss |Smoke Loss|Fire Loss |    _______|Accuracy |Precision|Recall   |F1       |
-----------|----------|----------|    Smoke  |0.9329   |0.9454   |0.9106   |0.9276   |
15.26      |9.54      |5.71      |    Fire   |0.9675   |0.9560   |0.9445   |0.9502   |

VAL Stats
Total Loss |Smoke Loss|Fire Loss |    _______|Accuracy |Precision|Recall   |F1       |
-----------|----------|----------|    Smoke  |0.9278   |0.9336   |0.9117   |0.9226   |
16.32      |10.55     |5.77      |    Fire   |0.9679   |0.9293   |0.9751   |0.9517   |


=== EPOCH 40/99 ===
Learning Rate = 0.0003276800000000001

TRAIN Stats
Total Loss |Smoke Loss|Fire Loss |    _______|Accuracy |Precision|Recall   |F1       |
-----------|----------|----------|    Smoke  |0.9349   |0.9464   |0.9138   |0.9298   |
14.78      |9.22      |5.55      |    Fire   |0.9688   |0.9586   |0.9460   |0.9523   |

VAL Stats
Total Loss |Smoke Loss|Fire Loss |    _______|Accuracy |Precision|Recall   |F1       |
-----------|----------|----------|    Smoke  |0.9356   |0.9353   |0.9277   |0.9315   |
14.89      |9.26      |5.63      |    Fire   |0.9673   |0.9240   |0.9797   |0.9511   |

Saving model with new best validation loss: 14.8883
Saving model with best Mean F1: 0.9413

=== EPOCH 41/99 ===
Learning Rate = 0.0003276800000000001

TRAIN Stats
Total Loss |Smoke Loss|Fire Loss |    _______|Accuracy |Precision|Recall   |F1       |
-----------|----------|----------|    Smoke  |0.9367   |0.9492   |0.9149   |0.9317   |
14.48      |8.96      |5.51      |    Fire   |0.9682   |0.9573   |0.9453   |0.9513   |

VAL Stats
Total Loss |Smoke Loss|Fire Loss |    _______|Accuracy |Precision|Recall   |F1       |
-----------|----------|----------|    Smoke  |0.9293   |0.9263   |0.9235   |0.9249   |
17.83      |10.39     |7.44      |    Fire   |0.9582   |0.8975   |0.9835   |0.9385   |


=== EPOCH 42/99 ===
Learning Rate = 0.0003276800000000001

TRAIN Stats
Total Loss |Smoke Loss|Fire Loss |    _______|Accuracy |Precision|Recall   |F1       |
-----------|----------|----------|    Smoke  |0.9361   |0.9476   |0.9154   |0.9312   |
14.49      |9.04      |5.45      |    Fire   |0.9687   |0.9581   |0.9462   |0.9521   |

VAL Stats
Total Loss |Smoke Loss|Fire Loss |    _______|Accuracy |Precision|Recall   |F1       |
-----------|----------|----------|    Smoke  |0.9366   |0.9445   |0.9195   |0.9318   |
14.00      |9.01      |4.99      |    Fire   |0.9721   |0.9467   |0.9684   |0.9574   |

Saving model with new best validation loss: 14.0030
Saving model with best Mean F1: 0.9446

=== EPOCH 43/99 ===
Learning Rate = 0.0003276800000000001

TRAIN Stats
Total Loss |Smoke Loss|Fire Loss |    _______|Accuracy |Precision|Recall   |F1       |
-----------|----------|----------|    Smoke  |0.9366   |0.9480   |0.9160   |0.9317   |
14.44      |8.97      |5.47      |    Fire   |0.9691   |0.9583   |0.9472   |0.9527   |

VAL Stats
Total Loss |Smoke Loss|Fire Loss |    _______|Accuracy |Precision|Recall   |F1       |
-----------|----------|----------|    Smoke  |0.9311   |0.9345   |0.9183   |0.9263   |
15.29      |9.55      |5.74      |    Fire   |0.9667   |0.9221   |0.9800   |0.9501   |


=== EPOCH 44/99 ===
Learning Rate = 0.0003276800000000001

TRAIN Stats
Total Loss |Smoke Loss|Fire Loss |    _______|Accuracy |Precision|Recall   |F1       |
-----------|----------|----------|    Smoke  |0.9366   |0.9477   |0.9162   |0.9317   |
14.39      |8.98      |5.41      |    Fire   |0.9688   |0.9583   |0.9464   |0.9523   |

VAL Stats
Total Loss |Smoke Loss|Fire Loss |    _______|Accuracy |Precision|Recall   |F1       |
-----------|----------|----------|    Smoke  |0.9285   |0.9592   |0.8860   |0.9212   |
15.11      |10.31     |4.79      |    Fire   |0.9729   |0.9470   |0.9706   |0.9587   |


=== EPOCH 45/99 ===
Learning Rate = 0.0003276800000000001

TRAIN Stats
Total Loss |Smoke Loss|Fire Loss |    _______|Accuracy |Precision|Recall   |F1       |
-----------|----------|----------|    Smoke  |0.9380   |0.9491   |0.9178   |0.9332   |
14.14      |8.80      |5.34      |    Fire   |0.9692   |0.9589   |0.9471   |0.9529   |

VAL Stats
Total Loss |Smoke Loss|Fire Loss |    _______|Accuracy |Precision|Recall   |F1       |
-----------|----------|----------|    Smoke  |0.9363   |0.9634   |0.8989   |0.9301   |
14.79      |9.10      |5.69      |    Fire   |0.9688   |0.9299   |0.9773   |0.9530   |


=== EPOCH 46/99 ===
Learning Rate = 0.0002621440000000001

TRAIN Stats
Total Loss |Smoke Loss|Fire Loss |    _______|Accuracy |Precision|Recall   |F1       |
-----------|----------|----------|    Smoke  |0.9396   |0.9508   |0.9197   |0.9350   |
13.82      |8.58      |5.24      |    Fire   |0.9699   |0.9593   |0.9487   |0.9540   |

VAL Stats
Total Loss |Smoke Loss|Fire Loss |    _______|Accuracy |Precision|Recall   |F1       |
-----------|----------|----------|    Smoke  |0.9354   |0.9324   |0.9305   |0.9315   |
16.28      |9.55      |6.73      |    Fire   |0.9632   |0.9106   |0.9830   |0.9454   |


=== EPOCH 47/99 ===
Learning Rate = 0.0002621440000000001

TRAIN Stats
Total Loss |Smoke Loss|Fire Loss |    _______|Accuracy |Precision|Recall   |F1       |
-----------|----------|----------|    Smoke  |0.9403   |0.9510   |0.9210   |0.9358   |
13.72      |8.53      |5.19      |    Fire   |0.9699   |0.9600   |0.9479   |0.9539   |

VAL Stats
Total Loss |Smoke Loss|Fire Loss |    _______|Accuracy |Precision|Recall   |F1       |
-----------|----------|----------|    Smoke  |0.9304   |0.9252   |0.9273   |0.9263   |
16.82      |10.23     |6.59      |    Fire   |0.9616   |0.9091   |0.9796   |0.9430   |


=== EPOCH 48/99 ===
Learning Rate = 0.0002621440000000001

TRAIN Stats
Total Loss |Smoke Loss|Fire Loss |    _______|Accuracy |Precision|Recall   |F1       |
-----------|----------|----------|    Smoke  |0.9406   |0.9528   |0.9198   |0.9360   |
13.61      |8.46      |5.14      |    Fire   |0.9702   |0.9595   |0.9495   |0.9545   |

VAL Stats
Total Loss |Smoke Loss|Fire Loss |    _______|Accuracy |Precision|Recall   |F1       |
-----------|----------|----------|    Smoke  |0.9364   |0.9406   |0.9234   |0.9320   |
14.42      |9.15      |5.27      |    Fire   |0.9690   |0.9306   |0.9774   |0.9534   |


=== EPOCH 49/99 ===
Learning Rate = 0.00020971520000000012

TRAIN Stats
Total Loss |Smoke Loss|Fire Loss |    _______|Accuracy |Precision|Recall   |F1       |
-----------|----------|----------|    Smoke  |0.9427   |0.9529   |0.9244   |0.9384   |
13.25      |8.22      |5.03      |    Fire   |0.9718   |0.9619   |0.9518   |0.9568   |

VAL Stats
Total Loss |Smoke Loss|Fire Loss |    _______|Accuracy |Precision|Recall   |F1       |
-----------|----------|----------|    Smoke  |0.9378   |0.9314   |0.9372   |0.9343   |
16.25      |9.29      |6.96      |    Fire   |0.9610   |0.9063   |0.9811   |0.9422   |


=== EPOCH 50/99 ===
Learning Rate = 0.00020971520000000012

TRAIN Stats
Total Loss |Smoke Loss|Fire Loss |    _______|Accuracy |Precision|Recall   |F1       |
-----------|----------|----------|    Smoke  |0.9429   |0.9536   |0.9240   |0.9386   |
13.17      |8.25      |4.93      |    Fire   |0.9716   |0.9633   |0.9499   |0.9565   |

VAL Stats
Total Loss |Smoke Loss|Fire Loss |    _______|Accuracy |Precision|Recall   |F1       |
-----------|----------|----------|    Smoke  |0.9331   |0.9397   |0.9171   |0.9282   |
15.66      |9.63      |6.04      |    Fire   |0.9653   |0.9202   |0.9777   |0.9481   |


=== EPOCH 51/99 ===
Learning Rate = 0.00020971520000000012

TRAIN Stats
Total Loss |Smoke Loss|Fire Loss |    _______|Accuracy |Precision|Recall   |F1       |
-----------|----------|----------|    Smoke  |0.9433   |0.9533   |0.9253   |0.9391   |
13.02      |8.09      |4.93      |    Fire   |0.9724   |0.9630   |0.9528   |0.9579   |

VAL Stats
Total Loss |Smoke Loss|Fire Loss |    _______|Accuracy |Precision|Recall   |F1       |
-----------|----------|----------|    Smoke  |0.9390   |0.9338   |0.9370   |0.9354   |
15.43      |9.38      |6.06      |    Fire   |0.9647   |0.9142   |0.9835   |0.9476   |


=== EPOCH 52/99 ===
Learning Rate = 0.0001677721600000001

TRAIN Stats
Total Loss |Smoke Loss|Fire Loss |    _______|Accuracy |Precision|Recall   |F1       |
-----------|----------|----------|    Smoke  |0.9449   |0.9550   |0.9269   |0.9407   |
12.70      |7.88      |4.82      |    Fire   |0.9730   |0.9643   |0.9530   |0.9586   |

VAL Stats
Total Loss |Smoke Loss|Fire Loss |    _______|Accuracy |Precision|Recall   |F1       |
-----------|----------|----------|    Smoke  |0.9414   |0.9403   |0.9352   |0.9377   |
15.76      |8.69      |7.07      |    Fire   |0.9595   |0.9002   |0.9843   |0.9404   |


=== EPOCH 53/99 ===
Learning Rate = 0.0001677721600000001

TRAIN Stats
Total Loss |Smoke Loss|Fire Loss |    _______|Accuracy |Precision|Recall   |F1       |
-----------|----------|----------|    Smoke  |0.9453   |0.9551   |0.9277   |0.9412   |
12.61      |7.86      |4.75      |    Fire   |0.9733   |0.9641   |0.9543   |0.9592   |

VAL Stats
Total Loss |Smoke Loss|Fire Loss |    _______|Accuracy |Precision|Recall   |F1       |
-----------|----------|----------|    Smoke  |0.9404   |0.9452   |0.9273   |0.9362   |
15.11      |8.82      |6.29      |    Fire   |0.9639   |0.9136   |0.9816   |0.9464   |


=== EPOCH 54/99 ===
Learning Rate = 0.0001677721600000001

TRAIN Stats
Total Loss |Smoke Loss|Fire Loss |    _______|Accuracy |Precision|Recall   |F1       |
-----------|----------|----------|    Smoke  |0.9453   |0.9554   |0.9274   |0.9412   |
12.61      |7.85      |4.76      |    Fire   |0.9728   |0.9634   |0.9534   |0.9584   |

VAL Stats
Total Loss |Smoke Loss|Fire Loss |    _______|Accuracy |Precision|Recall   |F1       |
-----------|----------|----------|    Smoke  |0.9399   |0.9362   |0.9362   |0.9362   |
14.76      |8.67      |6.08      |    Fire   |0.9664   |0.9206   |0.9811   |0.9499   |


=== EPOCH 55/99 ===
Learning Rate = 0.00013421772800000008

TRAIN Stats
Total Loss |Smoke Loss|Fire Loss |    _______|Accuracy |Precision|Recall   |F1       |
-----------|----------|----------|    Smoke  |0.9464   |0.9562   |0.9289   |0.9424   |
12.22      |7.60      |4.62      |    Fire   |0.9738   |0.9651   |0.9550   |0.9600   |

VAL Stats
Total Loss |Smoke Loss|Fire Loss |    _______|Accuracy |Precision|Recall   |F1       |
-----------|----------|----------|    Smoke  |0.9398   |0.9396   |0.9323   |0.9359   |
15.40      |8.86      |6.55      |    Fire   |0.9623   |0.9066   |0.9852   |0.9443   |


=== EPOCH 56/99 ===
Learning Rate = 0.00013421772800000008

TRAIN Stats
Total Loss |Smoke Loss|Fire Loss |    _______|Accuracy |Precision|Recall   |F1       |
-----------|----------|----------|    Smoke  |0.9471   |0.9565   |0.9303   |0.9432   |
12.15      |7.61      |4.54      |    Fire   |0.9743   |0.9657   |0.9557   |0.9607   |

VAL Stats
Total Loss |Smoke Loss|Fire Loss |    _______|Accuracy |Precision|Recall   |F1       |
-----------|----------|----------|    Smoke  |0.9428   |0.9448   |0.9332   |0.9390   |
14.18      |8.47      |5.71      |    Fire   |0.9685   |0.9308   |0.9754   |0.9526   |

Saving model with best Mean F1: 0.9458

=== EPOCH 57/99 ===
Learning Rate = 0.00013421772800000008

TRAIN Stats
Total Loss |Smoke Loss|Fire Loss |    _______|Accuracy |Precision|Recall   |F1       |
-----------|----------|----------|    Smoke  |0.9474   |0.9557   |0.9317   |0.9435   |
12.17      |7.63      |4.54      |    Fire   |0.9745   |0.9658   |0.9562   |0.9610   |

VAL Stats
Total Loss |Smoke Loss|Fire Loss |    _______|Accuracy |Precision|Recall   |F1       |
-----------|----------|----------|    Smoke  |0.9398   |0.9384   |0.9337   |0.9360   |
15.82      |9.13      |6.68      |    Fire   |0.9628   |0.9079   |0.9853   |0.9450   |


=== EPOCH 58/99 ===
Learning Rate = 0.00010737418240000007

TRAIN Stats
Total Loss |Smoke Loss|Fire Loss |    _______|Accuracy |Precision|Recall   |F1       |
-----------|----------|----------|    Smoke  |0.9487   |0.9583   |0.9318   |0.9449   |
11.90      |7.46      |4.45      |    Fire   |0.9750   |0.9666   |0.9571   |0.9618   |

VAL Stats
Total Loss |Smoke Loss|Fire Loss |    _______|Accuracy |Precision|Recall   |F1       |
-----------|----------|----------|    Smoke  |0.9436   |0.9474   |0.9321   |0.9397   |
14.55      |8.55      |6.00      |    Fire   |0.9672   |0.9211   |0.9831   |0.9511   |


=== EPOCH 59/99 ===
Learning Rate = 0.00010737418240000007

TRAIN Stats
Total Loss |Smoke Loss|Fire Loss |    _______|Accuracy |Precision|Recall   |F1       |
-----------|----------|----------|    Smoke  |0.9487   |0.9579   |0.9324   |0.9450   |
11.75      |7.32      |4.42      |    Fire   |0.9752   |0.9672   |0.9572   |0.9622   |

VAL Stats
Total Loss |Smoke Loss|Fire Loss |    _______|Accuracy |Precision|Recall   |F1       |
-----------|----------|----------|    Smoke  |0.9426   |0.9451   |0.9324   |0.9387   |
13.54      |8.55      |4.99      |    Fire   |0.9713   |0.9348   |0.9798   |0.9568   |

Saving model with new best validation loss: 13.5356
Saving model with best Mean F1: 0.9477

=== EPOCH 60/99 ===
Learning Rate = 0.00010737418240000007

TRAIN Stats
Total Loss |Smoke Loss|Fire Loss |    _______|Accuracy |Precision|Recall   |F1       |
-----------|----------|----------|    Smoke  |0.9491   |0.9577   |0.9334   |0.9454   |
11.76      |7.32      |4.44      |    Fire   |0.9751   |0.9673   |0.9566   |0.9620   |

VAL Stats
Total Loss |Smoke Loss|Fire Loss |    _______|Accuracy |Precision|Recall   |F1       |
-----------|----------|----------|    Smoke  |0.9461   |0.9463   |0.9390   |0.9426   |
12.97      |7.93      |5.04      |    Fire   |0.9716   |0.9380   |0.9770   |0.9571   |

Saving model with new best validation loss: 12.9664
Saving model with best Mean F1: 0.9499

=== EPOCH 61/99 ===
Learning Rate = 0.00010737418240000007

TRAIN Stats
Total Loss |Smoke Loss|Fire Loss |    _______|Accuracy |Precision|Recall   |F1       |
-----------|----------|----------|    Smoke  |0.9493   |0.9585   |0.9330   |0.9455   |
11.67      |7.35      |4.32      |    Fire   |0.9757   |0.9672   |0.9587   |0.9629   |

VAL Stats
Total Loss |Smoke Loss|Fire Loss |    _______|Accuracy |Precision|Recall   |F1       |
-----------|----------|----------|    Smoke  |0.9458   |0.9506   |0.9335   |0.9420   |
13.05      |8.02      |5.03      |    Fire   |0.9721   |0.9403   |0.9758   |0.9577   |


=== EPOCH 62/99 ===
Learning Rate = 0.00010737418240000007

TRAIN Stats
Total Loss |Smoke Loss|Fire Loss |    _______|Accuracy |Precision|Recall   |F1       |
-----------|----------|----------|    Smoke  |0.9492   |0.9581   |0.9332   |0.9455   |
11.74      |7.32      |4.42      |    Fire   |0.9753   |0.9680   |0.9566   |0.9623   |

VAL Stats
Total Loss |Smoke Loss|Fire Loss |    _______|Accuracy |Precision|Recall   |F1       |
-----------|----------|----------|    Smoke  |0.9409   |0.9262   |0.9503   |0.9381   |
15.06      |9.05      |6.01      |    Fire   |0.9659   |0.9174   |0.9834   |0.9493   |


=== EPOCH 63/99 ===
Learning Rate = 0.00010737418240000007

TRAIN Stats
Total Loss |Smoke Loss|Fire Loss |    _______|Accuracy |Precision|Recall   |F1       |
-----------|----------|----------|    Smoke  |0.9492   |0.9582   |0.9331   |0.9455   |
11.64      |7.30      |4.34      |    Fire   |0.9755   |0.9670   |0.9581   |0.9625   |

VAL Stats
Total Loss |Smoke Loss|Fire Loss |    _______|Accuracy |Precision|Recall   |F1       |
-----------|----------|----------|    Smoke  |0.9432   |0.9407   |0.9387   |0.9397   |
14.93      |8.62      |6.31      |    Fire   |0.9655   |0.9145   |0.9858   |0.9488   |


=== EPOCH 64/99 ===
Learning Rate = 8.589934592000007e-05

TRAIN Stats
Total Loss |Smoke Loss|Fire Loss |    _______|Accuracy |Precision|Recall   |F1       |
-----------|----------|----------|    Smoke  |0.9509   |0.9595   |0.9355   |0.9474   |
11.35      |7.12      |4.23      |    Fire   |0.9765   |0.9677   |0.9606   |0.9641   |

VAL Stats
Total Loss |Smoke Loss|Fire Loss |    _______|Accuracy |Precision|Recall   |F1       |
-----------|----------|----------|    Smoke  |0.9434   |0.9452   |0.9341   |0.9396   |
14.09      |8.47      |5.62      |    Fire   |0.9689   |0.9255   |0.9831   |0.9534   |


=== EPOCH 65/99 ===
Learning Rate = 8.589934592000007e-05

TRAIN Stats
Total Loss |Smoke Loss|Fire Loss |    _______|Accuracy |Precision|Recall   |F1       |
-----------|----------|----------|    Smoke  |0.9511   |0.9603   |0.9351   |0.9475   |
11.36      |7.10      |4.27      |    Fire   |0.9762   |0.9687   |0.9586   |0.9636   |

VAL Stats
Total Loss |Smoke Loss|Fire Loss |    _______|Accuracy |Precision|Recall   |F1       |
-----------|----------|----------|    Smoke  |0.9437   |0.9410   |0.9396   |0.9403   |
13.98      |8.41      |5.57      |    Fire   |0.9688   |0.9258   |0.9826   |0.9534   |


=== EPOCH 66/99 ===
Learning Rate = 8.589934592000007e-05

TRAIN Stats
Total Loss |Smoke Loss|Fire Loss |    _______|Accuracy |Precision|Recall   |F1       |
-----------|----------|----------|    Smoke  |0.9513   |0.9600   |0.9358   |0.9478   |
11.33      |7.08      |4.26      |    Fire   |0.9760   |0.9686   |0.9581   |0.9633   |

VAL Stats
Total Loss |Smoke Loss|Fire Loss |    _______|Accuracy |Precision|Recall   |F1       |
-----------|----------|----------|    Smoke  |0.9405   |0.9442   |0.9286   |0.9363   |
14.39      |8.90      |5.49      |    Fire   |0.9696   |0.9280   |0.9824   |0.9544   |


=== EPOCH 67/99 ===
Learning Rate = 6.871947673600006e-05

TRAIN Stats
Total Loss |Smoke Loss|Fire Loss |    _______|Accuracy |Precision|Recall   |F1       |
-----------|----------|----------|    Smoke  |0.9518   |0.9607   |0.9362   |0.9483   |
11.18      |6.99      |4.18      |    Fire   |0.9769   |0.9697   |0.9596   |0.9646   |

VAL Stats
Total Loss |Smoke Loss|Fire Loss |    _______|Accuracy |Precision|Recall   |F1       |
-----------|----------|----------|    Smoke  |0.9458   |0.9487   |0.9357   |0.9422   |
12.99      |8.07      |4.93      |    Fire   |0.9729   |0.9372   |0.9821   |0.9591   |

Saving model with best Mean F1: 0.9506

=== EPOCH 68/99 ===
Learning Rate = 6.871947673600006e-05

TRAIN Stats
Total Loss |Smoke Loss|Fire Loss |    _______|Accuracy |Precision|Recall   |F1       |
-----------|----------|----------|    Smoke  |0.9516   |0.9606   |0.9358   |0.9480   |
11.23      |7.05      |4.18      |    Fire   |0.9765   |0.9694   |0.9587   |0.9640   |

VAL Stats
Total Loss |Smoke Loss|Fire Loss |    _______|Accuracy |Precision|Recall   |F1       |
-----------|----------|----------|    Smoke  |0.9455   |0.9451   |0.9389   |0.9420   |
13.46      |8.06      |5.40      |    Fire   |0.9703   |0.9299   |0.9824   |0.9554   |


=== EPOCH 69/99 ===
Learning Rate = 6.871947673600006e-05

TRAIN Stats
Total Loss |Smoke Loss|Fire Loss |    _______|Accuracy |Precision|Recall   |F1       |
-----------|----------|----------|    Smoke  |0.9524   |0.9610   |0.9373   |0.9490   |
10.96      |6.93      |4.03      |    Fire   |0.9774   |0.9701   |0.9609   |0.9655   |

VAL Stats
Total Loss |Smoke Loss|Fire Loss |    _______|Accuracy |Precision|Recall   |F1       |
-----------|----------|----------|    Smoke  |0.9459   |0.9478   |0.9369   |0.9423   |
13.15      |7.88      |5.28      |    Fire   |0.9707   |0.9323   |0.9810   |0.9560   |


=== EPOCH 70/99 ===
Learning Rate = 5.497558138880005e-05

TRAIN Stats
Total Loss |Smoke Loss|Fire Loss |    _______|Accuracy |Precision|Recall   |F1       |
-----------|----------|----------|    Smoke  |0.9527   |0.9605   |0.9385   |0.9493   |
10.95      |6.83      |4.12      |    Fire   |0.9769   |0.9687   |0.9607   |0.9647   |

VAL Stats
Total Loss |Smoke Loss|Fire Loss |    _______|Accuracy |Precision|Recall   |F1       |
-----------|----------|----------|    Smoke  |0.9440   |0.9383   |0.9432   |0.9408   |
13.65      |8.36      |5.28      |    Fire   |0.9709   |0.9318   |0.9822   |0.9563   |


=== EPOCH 71/99 ===
Learning Rate = 5.497558138880005e-05

TRAIN Stats
Total Loss |Smoke Loss|Fire Loss |    _______|Accuracy |Precision|Recall   |F1       |
-----------|----------|----------|    Smoke  |0.9527   |0.9611   |0.9378   |0.9493   |
10.96      |6.85      |4.11      |    Fire   |0.9768   |0.9693   |0.9600   |0.9646   |

VAL Stats
Total Loss |Smoke Loss|Fire Loss |    _______|Accuracy |Precision|Recall   |F1       |
-----------|----------|----------|    Smoke  |0.9451   |0.9399   |0.9439   |0.9419   |
14.44      |8.27      |6.17      |    Fire   |0.9669   |0.9202   |0.9831   |0.9506   |


=== EPOCH 72/99 ===
Learning Rate = 5.497558138880005e-05

TRAIN Stats
Total Loss |Smoke Loss|Fire Loss |    _______|Accuracy |Precision|Recall   |F1       |
-----------|----------|----------|    Smoke  |0.9532   |0.9625   |0.9373   |0.9498   |
10.83      |6.81      |4.02      |    Fire   |0.9773   |0.9697   |0.9611   |0.9654   |

VAL Stats
Total Loss |Smoke Loss|Fire Loss |    _______|Accuracy |Precision|Recall   |F1       |
-----------|----------|----------|    Smoke  |0.9465   |0.9500   |0.9359   |0.9429   |
13.30      |8.05      |5.26      |    Fire   |0.9710   |0.9313   |0.9830   |0.9564   |


=== EPOCH 73/99 ===
Learning Rate = 4.3980465111040044e-05

TRAIN Stats
Total Loss |Smoke Loss|Fire Loss |    _______|Accuracy |Precision|Recall   |F1       |
-----------|----------|----------|    Smoke  |0.9537   |0.9618   |0.9392   |0.9504   |
10.82      |6.74      |4.07      |    Fire   |0.9770   |0.9694   |0.9603   |0.9648   |

VAL Stats
Total Loss |Smoke Loss|Fire Loss |    _______|Accuracy |Precision|Recall   |F1       |
-----------|----------|----------|    Smoke  |0.9470   |0.9468   |0.9405   |0.9436   |
13.06      |7.78      |5.29      |    Fire   |0.9708   |0.9295   |0.9845   |0.9562   |


=== EPOCH 74/99 ===
Learning Rate = 4.3980465111040044e-05

TRAIN Stats
Total Loss |Smoke Loss|Fire Loss |    _______|Accuracy |Precision|Recall   |F1       |
-----------|----------|----------|    Smoke  |0.9534   |0.9617   |0.9386   |0.9500   |
10.79      |6.75      |4.03      |    Fire   |0.9777   |0.9698   |0.9622   |0.9660   |

VAL Stats
Total Loss |Smoke Loss|Fire Loss |    _______|Accuracy |Precision|Recall   |F1       |
-----------|----------|----------|    Smoke  |0.9447   |0.9439   |0.9383   |0.9411   |
13.21      |8.14      |5.07      |    Fire   |0.9723   |0.9376   |0.9797   |0.9582   |


=== EPOCH 75/99 ===
Learning Rate = 4.3980465111040044e-05

TRAIN Stats
Total Loss |Smoke Loss|Fire Loss |    _______|Accuracy |Precision|Recall   |F1       |
-----------|----------|----------|    Smoke  |0.9533   |0.9617   |0.9385   |0.9499   |
10.75      |6.71      |4.05      |    Fire   |0.9775   |0.9702   |0.9612   |0.9657   |

VAL Stats
Total Loss |Smoke Loss|Fire Loss |    _______|Accuracy |Precision|Recall   |F1       |
-----------|----------|----------|    Smoke  |0.9477   |0.9495   |0.9390   |0.9442   |
13.57      |7.76      |5.81      |    Fire   |0.9680   |0.9225   |0.9840   |0.9523   |


=== EPOCH 76/99 ===
Learning Rate = 3.5184372088832036e-05

TRAIN Stats
Total Loss |Smoke Loss|Fire Loss |    _______|Accuracy |Precision|Recall   |F1       |
-----------|----------|----------|    Smoke  |0.9544   |0.9621   |0.9406   |0.9512   |
10.57      |6.65      |3.93      |    Fire   |0.9780   |0.9711   |0.9616   |0.9663   |

VAL Stats
Total Loss |Smoke Loss|Fire Loss |    _______|Accuracy |Precision|Recall   |F1       |
-----------|----------|----------|    Smoke  |0.9454   |0.9438   |0.9403   |0.9420   |
13.77      |8.10      |5.68      |    Fire   |0.9691   |0.9264   |0.9827   |0.9537   |


=== EPOCH 77/99 ===
Learning Rate = 3.5184372088832036e-05

TRAIN Stats
Total Loss |Smoke Loss|Fire Loss |    _______|Accuracy |Precision|Recall   |F1       |
-----------|----------|----------|    Smoke  |0.9533   |0.9616   |0.9385   |0.9499   |
10.68      |6.76      |3.92      |    Fire   |0.9777   |0.9714   |0.9605   |0.9659   |

VAL Stats
Total Loss |Smoke Loss|Fire Loss |    _______|Accuracy |Precision|Recall   |F1       |
-----------|----------|----------|    Smoke  |0.9453   |0.9389   |0.9455   |0.9422   |
14.24      |8.34      |5.90      |    Fire   |0.9672   |0.9198   |0.9847   |0.9511   |


=== EPOCH 78/99 ===
Learning Rate = 3.5184372088832036e-05

TRAIN Stats
Total Loss |Smoke Loss|Fire Loss |    _______|Accuracy |Precision|Recall   |F1       |
-----------|----------|----------|    Smoke  |0.9550   |0.9630   |0.9410   |0.9518   |
10.58      |6.63      |3.95      |    Fire   |0.9781   |0.9714   |0.9617   |0.9666   |

VAL Stats
Total Loss |Smoke Loss|Fire Loss |    _______|Accuracy |Precision|Recall   |F1       |
-----------|----------|----------|    Smoke  |0.9439   |0.9429   |0.9377   |0.9403   |
13.91      |8.35      |5.56      |    Fire   |0.9696   |0.9272   |0.9834   |0.9545   |


=== EPOCH 79/99 ===
Learning Rate = 2.814749767106563e-05

TRAIN Stats
Total Loss |Smoke Loss|Fire Loss |    _______|Accuracy |Precision|Recall   |F1       |
-----------|----------|----------|    Smoke  |0.9545   |0.9625   |0.9403   |0.9513   |
10.50      |6.62      |3.89      |    Fire   |0.9783   |0.9716   |0.9620   |0.9668   |

VAL Stats
Total Loss |Smoke Loss|Fire Loss |    _______|Accuracy |Precision|Recall   |F1       |
-----------|----------|----------|    Smoke  |0.9455   |0.9479   |0.9359   |0.9418   |
13.26      |8.00      |5.26      |    Fire   |0.9712   |0.9328   |0.9819   |0.9567   |


=== EPOCH 80/99 ===
Learning Rate = 2.814749767106563e-05

TRAIN Stats
Total Loss |Smoke Loss|Fire Loss |    _______|Accuracy |Precision|Recall   |F1       |
-----------|----------|----------|    Smoke  |0.9541   |0.9617   |0.9403   |0.9509   |
10.55      |6.58      |3.97      |    Fire   |0.9784   |0.9717   |0.9623   |0.9670   |

VAL Stats
Total Loss |Smoke Loss|Fire Loss |    _______|Accuracy |Precision|Recall   |F1       |
-----------|----------|----------|    Smoke  |0.9451   |0.9419   |0.9417   |0.9418   |
13.27      |8.33      |4.94      |    Fire   |0.9731   |0.9384   |0.9816   |0.9595   |

Saving model with best Mean F1: 0.9507

=== EPOCH 81/99 ===
Learning Rate = 2.814749767106563e-05

TRAIN Stats
Total Loss |Smoke Loss|Fire Loss |    _______|Accuracy |Precision|Recall   |F1       |
-----------|----------|----------|    Smoke  |0.9557   |0.9639   |0.9413   |0.9525   |
10.49      |6.57      |3.92      |    Fire   |0.9781   |0.9714   |0.9618   |0.9666   |

VAL Stats
Total Loss |Smoke Loss|Fire Loss |    _______|Accuracy |Precision|Recall   |F1       |
-----------|----------|----------|    Smoke  |0.9467   |0.9429   |0.9440   |0.9435   |
13.50      |8.28      |5.23      |    Fire   |0.9712   |0.9318   |0.9830   |0.9567   |


=== EPOCH 82/99 ===
Learning Rate = 2.2517998136852506e-05

TRAIN Stats
Total Loss |Smoke Loss|Fire Loss |    _______|Accuracy |Precision|Recall   |F1       |
-----------|----------|----------|    Smoke  |0.9562   |0.9634   |0.9431   |0.9531   |
10.37      |6.53      |3.84      |    Fire   |0.9782   |0.9713   |0.9623   |0.9667   |

VAL Stats
Total Loss |Smoke Loss|Fire Loss |    _______|Accuracy |Precision|Recall   |F1       |
-----------|----------|----------|    Smoke  |0.9444   |0.9358   |0.9471   |0.9414   |
14.33      |8.46      |5.87      |    Fire   |0.9674   |0.9197   |0.9854   |0.9514   |


=== EPOCH 83/99 ===
Learning Rate = 2.2517998136852506e-05

TRAIN Stats
Total Loss |Smoke Loss|Fire Loss |    _______|Accuracy |Precision|Recall   |F1       |
-----------|----------|----------|    Smoke  |0.9551   |0.9627   |0.9413   |0.9519   |
10.41      |6.52      |3.89      |    Fire   |0.9785   |0.9716   |0.9628   |0.9672   |

VAL Stats
Total Loss |Smoke Loss|Fire Loss |    _______|Accuracy |Precision|Recall   |F1       |
-----------|----------|----------|    Smoke  |0.9470   |0.9486   |0.9384   |0.9435   |
13.00      |7.79      |5.21      |    Fire   |0.9706   |0.9299   |0.9836   |0.9560   |


=== EPOCH 84/99 ===
Learning Rate = 2.2517998136852506e-05

TRAIN Stats
Total Loss |Smoke Loss|Fire Loss |    _______|Accuracy |Precision|Recall   |F1       |
-----------|----------|----------|    Smoke  |0.9556   |0.9638   |0.9414   |0.9525   |
10.37      |6.46      |3.90      |    Fire   |0.9782   |0.9715   |0.9619   |0.9667   |

VAL Stats
Total Loss |Smoke Loss|Fire Loss |    _______|Accuracy |Precision|Recall   |F1       |
-----------|----------|----------|    Smoke  |0.9482   |0.9458   |0.9442   |0.9450   |
13.01      |7.76      |5.25      |    Fire   |0.9707   |0.9311   |0.9824   |0.9561   |


=== EPOCH 85/99 ===
Learning Rate = 1.8014398509482006e-05

TRAIN Stats
Total Loss |Smoke Loss|Fire Loss |    _______|Accuracy |Precision|Recall   |F1       |
-----------|----------|----------|    Smoke  |0.9556   |0.9638   |0.9412   |0.9524   |
10.24      |6.45      |3.78      |    Fire   |0.9791   |0.9730   |0.9632   |0.9681   |

VAL Stats
Total Loss |Smoke Loss|Fire Loss |    _______|Accuracy |Precision|Recall   |F1       |
-----------|----------|----------|    Smoke  |0.9455   |0.9454   |0.9386   |0.9420   |
13.50      |8.14      |5.36      |    Fire   |0.9702   |0.9289   |0.9834   |0.9554   |


=== EPOCH 86/99 ===
Learning Rate = 1.8014398509482006e-05

TRAIN Stats
Total Loss |Smoke Loss|Fire Loss |    _______|Accuracy |Precision|Recall   |F1       |
-----------|----------|----------|    Smoke  |0.9557   |0.9649   |0.9403   |0.9525   |
10.29      |6.48      |3.81      |    Fire   |0.9787   |0.9716   |0.9634   |0.9675   |

VAL Stats
Total Loss |Smoke Loss|Fire Loss |    _______|Accuracy |Precision|Recall   |F1       |
-----------|----------|----------|    Smoke  |0.9463   |0.9425   |0.9437   |0.9431   |
13.26      |7.86      |5.39      |    Fire   |0.9701   |0.9278   |0.9843   |0.9552   |


=== EPOCH 87/99 ===
Learning Rate = 1.8014398509482006e-05

TRAIN Stats
Total Loss |Smoke Loss|Fire Loss |    _______|Accuracy |Precision|Recall   |F1       |
-----------|----------|----------|    Smoke  |0.9562   |0.9638   |0.9426   |0.9531   |
10.30      |6.45      |3.85      |    Fire   |0.9786   |0.9719   |0.9628   |0.9673   |

VAL Stats
Total Loss |Smoke Loss|Fire Loss |    _______|Accuracy |Precision|Recall   |F1       |
-----------|----------|----------|    Smoke  |0.9463   |0.9478   |0.9376   |0.9427   |
13.34      |7.93      |5.41      |    Fire   |0.9708   |0.9296   |0.9845   |0.9563   |


=== EPOCH 88/99 ===
Learning Rate = 1.4411518807585605e-05

TRAIN Stats
Total Loss |Smoke Loss|Fire Loss |    _______|Accuracy |Precision|Recall   |F1       |
-----------|----------|----------|    Smoke  |0.9559   |0.9646   |0.9411   |0.9527   |
10.24      |6.43      |3.81      |    Fire   |0.9786   |0.9718   |0.9630   |0.9673   |

VAL Stats
Total Loss |Smoke Loss|Fire Loss |    _______|Accuracy |Precision|Recall   |F1       |
-----------|----------|----------|    Smoke  |0.9482   |0.9487   |0.9411   |0.9449   |
13.03      |7.76      |5.27      |    Fire   |0.9714   |0.9317   |0.9839   |0.9571   |

Saving model with best Mean F1: 0.9510

=== EPOCH 89/99 ===
Learning Rate = 1.4411518807585605e-05

TRAIN Stats
Total Loss |Smoke Loss|Fire Loss |    _______|Accuracy |Precision|Recall   |F1       |
-----------|----------|----------|    Smoke  |0.9560   |0.9642   |0.9418   |0.9529   |
10.21      |6.41      |3.80      |    Fire   |0.9785   |0.9716   |0.9628   |0.9671   |

VAL Stats
Total Loss |Smoke Loss|Fire Loss |    _______|Accuracy |Precision|Recall   |F1       |
-----------|----------|----------|    Smoke  |0.9465   |0.9441   |0.9423   |0.9432   |
13.41      |8.10      |5.31      |    Fire   |0.9704   |0.9299   |0.9826   |0.9555   |


=== EPOCH 90/99 ===
Learning Rate = 1.4411518807585605e-05

TRAIN Stats
Total Loss |Smoke Loss|Fire Loss |    _______|Accuracy |Precision|Recall   |F1       |
-----------|----------|----------|    Smoke  |0.9560   |0.9636   |0.9425   |0.9529   |
10.18      |6.40      |3.78      |    Fire   |0.9794   |0.9729   |0.9643   |0.9686   |

VAL Stats
Total Loss |Smoke Loss|Fire Loss |    _______|Accuracy |Precision|Recall   |F1       |
-----------|----------|----------|    Smoke  |0.9457   |0.9420   |0.9429   |0.9425   |
13.64      |8.33      |5.31      |    Fire   |0.9708   |0.9300   |0.9841   |0.9563   |


=== EPOCH 91/99 ===
Learning Rate = 1.1529215046068485e-05

TRAIN Stats
Total Loss |Smoke Loss|Fire Loss |    _______|Accuracy |Precision|Recall   |F1       |
-----------|----------|----------|    Smoke  |0.9559   |0.9640   |0.9418   |0.9528   |
10.16      |6.42      |3.74      |    Fire   |0.9788   |0.9718   |0.9634   |0.9676   |

VAL Stats
Total Loss |Smoke Loss|Fire Loss |    _______|Accuracy |Precision|Recall   |F1       |
-----------|----------|----------|    Smoke  |0.9479   |0.9540   |0.9344   |0.9441   |
13.00      |7.71      |5.29      |    Fire   |0.9709   |0.9300   |0.9844   |0.9564   |


=== EPOCH 92/99 ===
Learning Rate = 1.1529215046068485e-05

TRAIN Stats
Total Loss |Smoke Loss|Fire Loss |    _______|Accuracy |Precision|Recall   |F1       |
-----------|----------|----------|    Smoke  |0.9560   |0.9631   |0.9428   |0.9528   |
10.16      |6.42      |3.74      |    Fire   |0.9794   |0.9732   |0.9640   |0.9686   |

VAL Stats
Total Loss |Smoke Loss|Fire Loss |    _______|Accuracy |Precision|Recall   |F1       |
-----------|----------|----------|    Smoke  |0.9477   |0.9452   |0.9437   |0.9444   |
13.20      |7.93      |5.27      |    Fire   |0.9709   |0.9312   |0.9830   |0.9564   |


=== EPOCH 93/99 ===
Learning Rate = 1.1529215046068485e-05

TRAIN Stats
Total Loss |Smoke Loss|Fire Loss |    _______|Accuracy |Precision|Recall   |F1       |
-----------|----------|----------|    Smoke  |0.9557   |0.9643   |0.9409   |0.9525   |
10.14      |6.40      |3.73      |    Fire   |0.9785   |0.9721   |0.9621   |0.9671   |

VAL Stats
Total Loss |Smoke Loss|Fire Loss |    _______|Accuracy |Precision|Recall   |F1       |
-----------|----------|----------|    Smoke  |0.9471   |0.9428   |0.9451   |0.9440   |
13.41      |7.93      |5.48      |    Fire   |0.9697   |0.9270   |0.9841   |0.9547   |


=== EPOCH 94/99 ===
Learning Rate = 9.223372036854789e-06

TRAIN Stats
Total Loss |Smoke Loss|Fire Loss |    _______|Accuracy |Precision|Recall   |F1       |
-----------|----------|----------|    Smoke  |0.9564   |0.9640   |0.9429   |0.9533   |
10.15      |6.40      |3.75      |    Fire   |0.9789   |0.9722   |0.9634   |0.9678   |

VAL Stats
Total Loss |Smoke Loss|Fire Loss |    _______|Accuracy |Precision|Recall   |F1       |
-----------|----------|----------|    Smoke  |0.9464   |0.9470   |0.9388   |0.9429   |
13.11      |8.01      |5.09      |    Fire   |0.9720   |0.9344   |0.9826   |0.9579   |


=== EPOCH 95/99 ===
Learning Rate = 9.223372036854789e-06

TRAIN Stats
Total Loss |Smoke Loss|Fire Loss |    _______|Accuracy |Precision|Recall   |F1       |
-----------|----------|----------|    Smoke  |0.9568   |0.9647   |0.9430   |0.9537   |
10.07      |6.32      |3.75      |    Fire   |0.9792   |0.9728   |0.9636   |0.9682   |

VAL Stats
Total Loss |Smoke Loss|Fire Loss |    _______|Accuracy |Precision|Recall   |F1       |
-----------|----------|----------|    Smoke  |0.9479   |0.9503   |0.9387   |0.9444   |
12.76      |7.64      |5.12      |    Fire   |0.9721   |0.9347   |0.9825   |0.9580   |

Saving model with new best validation loss: 12.7624
Saving model with best Mean F1: 0.9512

=== EPOCH 96/99 ===
Learning Rate = 9.223372036854789e-06

TRAIN Stats
Total Loss |Smoke Loss|Fire Loss |    _______|Accuracy |Precision|Recall   |F1       |
-----------|----------|----------|    Smoke  |0.9561   |0.9643   |0.9419   |0.9530   |
10.11      |6.31      |3.80      |    Fire   |0.9791   |0.9723   |0.9638   |0.9681   |

VAL Stats
Total Loss |Smoke Loss|Fire Loss |    _______|Accuracy |Precision|Recall   |F1       |
-----------|----------|----------|    Smoke  |0.9478   |0.9453   |0.9438   |0.9446   |
13.19      |7.78      |5.41      |    Fire   |0.9700   |0.9282   |0.9835   |0.9550   |


=== EPOCH 97/99 ===
Learning Rate = 9.223372036854789e-06

TRAIN Stats
Total Loss |Smoke Loss|Fire Loss |    _______|Accuracy |Precision|Recall   |F1       |
-----------|----------|----------|    Smoke  |0.9565   |0.9645   |0.9425   |0.9534   |
10.11      |6.35      |3.76      |    Fire   |0.9798   |0.9732   |0.9652   |0.9691   |

VAL Stats
Total Loss |Smoke Loss|Fire Loss |    _______|Accuracy |Precision|Recall   |F1       |
-----------|----------|----------|    Smoke  |0.9483   |0.9539   |0.9355   |0.9446   |
12.68      |7.63      |5.05      |    Fire   |0.9726   |0.9364   |0.9822   |0.9588   |

Saving model with new best validation loss: 12.6802
Saving model with best Mean F1: 0.9517

=== EPOCH 98/99 ===
Learning Rate = 9.223372036854789e-06

TRAIN Stats
Total Loss |Smoke Loss|Fire Loss |    _______|Accuracy |Precision|Recall   |F1       |
-----------|----------|----------|    Smoke  |0.9568   |0.9648   |0.9429   |0.9537   |
9.97       |6.28      |3.70      |    Fire   |0.9796   |0.9730   |0.9647   |0.9688   |

VAL Stats
Total Loss |Smoke Loss|Fire Loss |    _______|Accuracy |Precision|Recall   |F1       |
-----------|----------|----------|    Smoke  |0.9469   |0.9474   |0.9396   |0.9435   |
13.50      |7.98      |5.53      |    Fire   |0.9700   |0.9281   |0.9838   |0.9551   |


=== EPOCH 99/99 ===
Learning Rate = 9.223372036854789e-06

TRAIN Stats
Total Loss |Smoke Loss|Fire Loss |    _______|Accuracy |Precision|Recall   |F1       |
-----------|----------|----------|    Smoke  |0.9562   |0.9640   |0.9424   |0.9531   |
10.13      |6.37      |3.76      |    Fire   |0.9787   |0.9715   |0.9634   |0.9674   |

VAL Stats
Total Loss |Smoke Loss|Fire Loss |    _______|Accuracy |Precision|Recall   |F1       |
-----------|----------|----------|    Smoke  |0.9495   |0.9505   |0.9421   |0.9463   |
12.80      |7.55      |5.26      |    Fire   |0.9712   |0.9315   |0.9835   |0.9568   |

Saving last model

***Script finished: 13:51:21

Time elapsed: 10:11:28.054609

Testing with FULL TEST LOADER
{'Accuracy': [0.9483141303062439, 0.972615122795105], 'Precision': [0.9539309740066528, 0.936396598815918], 'Recall': [0.9355429410934448, 0.9822425246238708], 'F1': [0.944647490978241, 0.958771824836731]}
