BED Classifier XS Tiny.
DFire Removed wrong images: 0
DFire empty images: 31
DFire only smoke images: 17
DFire only fire images: 2
DFire smoke and fire images: 14

TRAIN DFIRE dataset
DFire Removed wrong images: 0
DFire empty images: 7833
DFire only smoke images: 4681
DFire only fire images: 944
DFire smoke and fire images: 3763
Train dataset len: 17221

TEST DFire dataset
DFire Removed wrong images: 0
DFire empty images: 2005
DFire only smoke images: 1186
DFire only fire images: 220
DFire smoke and fire images: 895
Test dataset len: 4306
Using BED Classifier
Model shape is tensor([[ 0.0513,  0.3094],
        [-0.0340,  0.5092],
        [ 0.0125,  0.3619],
        [ 0.0962,  0.3342]], device='cuda:0', grad_fn=<CatBackward0>)
BED Model Arquitecture
BED_CLASSIFIER(
  (model): Sequential(
    (0): Conv2d(3, 64, kernel_size=(3, 3), stride=(1, 1), padding=(1, 1), bias=False)
    (1): BatchNorm2d(64, eps=1e-05, momentum=0.1, affine=False, track_running_stats=True)
    (2): ReLU()
    (3): Dropout2d(p=0.3, inplace=False)
    (4): MaxPool2d(kernel_size=2, stride=2, padding=0, dilation=1, ceil_mode=False)
    (5): Conv2d(64, 24, kernel_size=(3, 3), stride=(1, 1), padding=(1, 1), bias=False)
    (6): BatchNorm2d(24, eps=1e-05, momentum=0.1, affine=False, track_running_stats=True)
    (7): ReLU()
    (8): Dropout2d(p=0.3, inplace=False)
    (9): MaxPool2d(kernel_size=2, stride=2, padding=0, dilation=1, ceil_mode=False)
    (10): Conv2d(24, 16, kernel_size=(1, 1), stride=(1, 1), bias=False)
    (11): BatchNorm2d(16, eps=1e-05, momentum=0.1, affine=False, track_running_stats=True)
    (12): ReLU()
    (13): Conv2d(16, 32, kernel_size=(3, 3), stride=(1, 1), padding=(1, 1), bias=False)
    (14): BatchNorm2d(32, eps=1e-05, momentum=0.1, affine=False, track_running_stats=True)
    (15): ReLU()
    (16): Conv2d(32, 32, kernel_size=(1, 1), stride=(1, 1), bias=False)
    (17): BatchNorm2d(32, eps=1e-05, momentum=0.1, affine=False, track_running_stats=True)
    (18): ReLU()
    (19): Conv2d(32, 64, kernel_size=(3, 3), stride=(1, 1), padding=(1, 1), bias=False)
    (20): BatchNorm2d(64, eps=1e-05, momentum=0.1, affine=False, track_running_stats=True)
    (21): ReLU()
    (22): MaxPool2d(kernel_size=2, stride=2, padding=0, dilation=1, ceil_mode=False)
    (23): Conv2d(64, 32, kernel_size=(1, 1), stride=(1, 1), bias=False)
    (24): BatchNorm2d(32, eps=1e-05, momentum=0.1, affine=False, track_running_stats=True)
    (25): ReLU()
    (26): Conv2d(32, 64, kernel_size=(3, 3), stride=(1, 1), padding=(1, 1), bias=False)
    (27): BatchNorm2d(64, eps=1e-05, momentum=0.1, affine=False, track_running_stats=True)
    (28): ReLU()
    (29): Conv2d(64, 32, kernel_size=(1, 1), stride=(1, 1), bias=False)
    (30): BatchNorm2d(32, eps=1e-05, momentum=0.1, affine=False, track_running_stats=True)
    (31): ReLU()
    (32): Conv2d(32, 64, kernel_size=(3, 3), stride=(1, 1), padding=(1, 1), bias=False)
    (33): BatchNorm2d(64, eps=1e-05, momentum=0.1, affine=False, track_running_stats=True)
    (34): ReLU()
    (35): Conv2d(64, 32, kernel_size=(1, 1), stride=(1, 1), bias=False)
    (36): BatchNorm2d(32, eps=1e-05, momentum=0.1, affine=False, track_running_stats=True)
    (37): ReLU()
    (38): Conv2d(32, 64, kernel_size=(3, 3), stride=(1, 1), padding=(1, 1), bias=False)
    (39): BatchNorm2d(64, eps=1e-05, momentum=0.1, affine=False, track_running_stats=True)
    (40): ReLU()
  )
  (pool): AdaptiveAvgPool2d(output_size=(1, 1))
  (smoke): Sequential(
    (0): Dropout(p=0.2, inplace=False)
    (1): Linear(in_features=64, out_features=16, bias=True)
    (2): ReLU()
    (3): Linear(in_features=16, out_features=1, bias=True)
  )
  (fire): Sequential(
    (0): Dropout(p=0.2, inplace=False)
    (1): Linear(in_features=64, out_features=16, bias=True)
    (2): ReLU()
    (3): Linear(in_features=16, out_features=1, bias=True)
  )
)

Trainable parameters = 103554
Total parameters = 103554

Starting script

Device: cuda
Learning Rate: 0.001
Weight Decay: 0.0001
Batch Size: 64
IMG DIMS: (224, 224)
W: 224
H: 224
Loss Function: BCE

***Start Training: 16:46:00

Initializing Weights

=== EPOCH 0/74 ===
Learning Rate = 0.001

TRAIN losses
Total Loss  |Smoke Loss  |Fire Loss   
------------ ------------ ------------
119.344     |87.543      |31.801      


VAL losses
Total Loss  |Smoke Loss  |Fire Loss   
------------ ------------ ------------
111.909     |85.915      |25.994      

VAL Metrics
SMOKE -> Precision: 0.566 - Recall: 0.372 - Accuracy: 0.561 - F1: 0.449
FIRE -> Precision: 0.000 - Recall: 0.000 - Accuracy: 0.741 - F1: 0.000

Saving model with new best validation loss: 111.909

=== EPOCH 1/74 ===
Learning Rate = 0.001

TRAIN losses
Total Loss  |Smoke Loss  |Fire Loss   
------------ ------------ ------------
112.443     |85.801      |26.642      


VAL losses
Total Loss  |Smoke Loss  |Fire Loss   
------------ ------------ ------------
106.758     |83.134      |23.624      

VAL Metrics
SMOKE -> Precision: 0.628 - Recall: 0.515 - Accuracy: 0.620 - F1: 0.566
FIRE -> Precision: 0.769 - Recall: 0.550 - Accuracy: 0.841 - F1: 0.641

Saving model with new best validation loss: 106.758

=== EPOCH 2/74 ===
Learning Rate = 0.001

TRAIN losses
Total Loss  |Smoke Loss  |Fire Loss   
------------ ------------ ------------
108.786     |83.519      |25.267      


VAL losses
Total Loss  |Smoke Loss  |Fire Loss   
------------ ------------ ------------
100.383     |79.184      |21.199      

VAL Metrics
SMOKE -> Precision: 0.649 - Recall: 0.629 - Accuracy: 0.658 - F1: 0.639
FIRE -> Precision: 0.736 - Recall: 0.687 - Accuracy: 0.855 - F1: 0.711

Saving model with new best validation loss: 100.383

=== EPOCH 3/74 ===
Learning Rate = 0.001

TRAIN losses
Total Loss  |Smoke Loss  |Fire Loss   
------------ ------------ ------------
102.652     |80.112      |22.539      


VAL losses
Total Loss  |Smoke Loss  |Fire Loss   
------------ ------------ ------------
92.449      |74.254      |18.195      

VAL Metrics
SMOKE -> Precision: 0.700 - Recall: 0.658 - Accuracy: 0.700 - F1: 0.678
FIRE -> Precision: 0.798 - Recall: 0.733 - Accuracy: 0.883 - F1: 0.764

Saving model with new best validation loss: 92.449

=== EPOCH 4/74 ===
Learning Rate = 0.001

TRAIN losses
Total Loss  |Smoke Loss  |Fire Loss   
------------ ------------ ------------
98.520      |77.643      |20.877      


VAL losses
Total Loss  |Smoke Loss  |Fire Loss   
------------ ------------ ------------
88.506      |70.883      |17.623      

VAL Metrics
SMOKE -> Precision: 0.737 - Recall: 0.651 - Accuracy: 0.720 - F1: 0.691
FIRE -> Precision: 0.832 - Recall: 0.708 - Accuracy: 0.887 - F1: 0.765

Saving model with new best validation loss: 88.506

=== EPOCH 5/74 ===
Learning Rate = 0.001

TRAIN losses
Total Loss  |Smoke Loss  |Fire Loss   
------------ ------------ ------------
94.492      |74.972      |19.520      


VAL losses
Total Loss  |Smoke Loss  |Fire Loss   
------------ ------------ ------------
84.029      |68.721      |15.308      

VAL Metrics
SMOKE -> Precision: 0.700 - Recall: 0.774 - Accuracy: 0.731 - F1: 0.735
FIRE -> Precision: 0.786 - Recall: 0.831 - Accuracy: 0.898 - F1: 0.808

Saving model with new best validation loss: 84.029

=== EPOCH 6/74 ===
Learning Rate = 0.001

TRAIN losses
Total Loss  |Smoke Loss  |Fire Loss   
------------ ------------ ------------
90.692      |72.303      |18.389      


VAL losses
Total Loss  |Smoke Loss  |Fire Loss   
------------ ------------ ------------
81.744      |66.343      |15.401      

VAL Metrics
SMOKE -> Precision: 0.748 - Recall: 0.760 - Accuracy: 0.761 - F1: 0.754
FIRE -> Precision: 0.858 - Recall: 0.744 - Accuracy: 0.902 - F1: 0.797

Saving model with new best validation loss: 81.744

=== EPOCH 7/74 ===
Learning Rate = 0.001

TRAIN losses
Total Loss  |Smoke Loss  |Fire Loss   
------------ ------------ ------------
88.805      |70.893      |17.911      


VAL losses
Total Loss  |Smoke Loss  |Fire Loss   
------------ ------------ ------------
81.503      |66.583      |14.920      

VAL Metrics
SMOKE -> Precision: 0.830 - Recall: 0.533 - Accuracy: 0.723 - F1: 0.649
FIRE -> Precision: 0.873 - Recall: 0.752 - Accuracy: 0.907 - F1: 0.808

Saving model with new best validation loss: 81.503

=== EPOCH 8/74 ===
Learning Rate = 0.001

TRAIN losses
Total Loss  |Smoke Loss  |Fire Loss   
------------ ------------ ------------
86.496      |69.060      |17.436      


VAL losses
Total Loss  |Smoke Loss  |Fire Loss   
------------ ------------ ------------
74.278      |60.695      |13.583      

VAL Metrics
SMOKE -> Precision: 0.815 - Recall: 0.684 - Accuracy: 0.773 - F1: 0.744
FIRE -> Precision: 0.841 - Recall: 0.819 - Accuracy: 0.913 - F1: 0.830

Saving model with new best validation loss: 74.278

=== EPOCH 9/74 ===
Learning Rate = 0.001

TRAIN losses
Total Loss  |Smoke Loss  |Fire Loss   
------------ ------------ ------------
84.795      |67.716      |17.079      


VAL losses
Total Loss  |Smoke Loss  |Fire Loss   
------------ ------------ ------------
70.207      |57.058      |13.149      

VAL Metrics
SMOKE -> Precision: 0.780 - Recall: 0.797 - Accuracy: 0.794 - F1: 0.788
FIRE -> Precision: 0.818 - Recall: 0.875 - Accuracy: 0.917 - F1: 0.845

Saving model with new best validation loss: 70.207

=== EPOCH 10/74 ===
Learning Rate = 0.001

TRAIN losses
Total Loss  |Smoke Loss  |Fire Loss   
------------ ------------ ------------
83.100      |66.559      |16.541      


VAL losses
Total Loss  |Smoke Loss  |Fire Loss   
------------ ------------ ------------
69.205      |56.176      |13.029      

VAL Metrics
SMOKE -> Precision: 0.780 - Recall: 0.794 - Accuracy: 0.793 - F1: 0.787
FIRE -> Precision: 0.838 - Recall: 0.865 - Accuracy: 0.922 - F1: 0.851

Saving model with new best validation loss: 69.205

=== EPOCH 11/74 ===
Learning Rate = 0.001

TRAIN losses
Total Loss  |Smoke Loss  |Fire Loss   
------------ ------------ ------------
82.160      |65.611      |16.549      


VAL losses
Total Loss  |Smoke Loss  |Fire Loss   
------------ ------------ ------------
69.418      |56.508      |12.910      

VAL Metrics
SMOKE -> Precision: 0.754 - Recall: 0.857 - Accuracy: 0.797 - F1: 0.802
FIRE -> Precision: 0.854 - Recall: 0.856 - Accuracy: 0.925 - F1: 0.855

=== EPOCH 12/74 ===
Learning Rate = 0.001

TRAIN losses
Total Loss  |Smoke Loss  |Fire Loss   
------------ ------------ ------------
79.858      |63.715      |16.143      


VAL losses
Total Loss  |Smoke Loss  |Fire Loss   
------------ ------------ ------------
65.393      |53.194      |12.198      

VAL Metrics
SMOKE -> Precision: 0.827 - Recall: 0.769 - Accuracy: 0.811 - F1: 0.797
FIRE -> Precision: 0.853 - Recall: 0.877 - Accuracy: 0.929 - F1: 0.865

Saving model with new best validation loss: 65.393

=== EPOCH 13/74 ===
Learning Rate = 0.001

TRAIN losses
Total Loss  |Smoke Loss  |Fire Loss   
------------ ------------ ------------
78.930      |63.127      |15.803      


VAL losses
Total Loss  |Smoke Loss  |Fire Loss   
------------ ------------ ------------
64.385      |52.568      |11.817      

VAL Metrics
SMOKE -> Precision: 0.866 - Recall: 0.730 - Accuracy: 0.816 - F1: 0.792
FIRE -> Precision: 0.884 - Recall: 0.834 - Accuracy: 0.929 - F1: 0.858

Saving model with new best validation loss: 64.385

=== EPOCH 14/74 ===
Learning Rate = 0.001

TRAIN losses
Total Loss  |Smoke Loss  |Fire Loss   
------------ ------------ ------------
78.734      |62.573      |16.161      


VAL losses
Total Loss  |Smoke Loss  |Fire Loss   
------------ ------------ ------------
64.512      |52.192      |12.320      

VAL Metrics
SMOKE -> Precision: 0.857 - Recall: 0.746 - Accuracy: 0.818 - F1: 0.798
FIRE -> Precision: 0.861 - Recall: 0.850 - Accuracy: 0.926 - F1: 0.856

=== EPOCH 15/74 ===
Learning Rate = 0.001

TRAIN losses
Total Loss  |Smoke Loss  |Fire Loss   
------------ ------------ ------------
77.362      |61.679      |15.682      


VAL losses
Total Loss  |Smoke Loss  |Fire Loss   
------------ ------------ ------------
61.948      |50.583      |11.365      

VAL Metrics
SMOKE -> Precision: 0.800 - Recall: 0.864 - Accuracy: 0.830 - F1: 0.831
FIRE -> Precision: 0.888 - Recall: 0.853 - Accuracy: 0.934 - F1: 0.870

Saving model with new best validation loss: 61.948

=== EPOCH 16/74 ===
Learning Rate = 0.001

TRAIN losses
Total Loss  |Smoke Loss  |Fire Loss   
------------ ------------ ------------
76.691      |61.166      |15.525      


VAL losses
Total Loss  |Smoke Loss  |Fire Loss   
------------ ------------ ------------
62.541      |50.280      |12.261      

VAL Metrics
SMOKE -> Precision: 0.796 - Recall: 0.869 - Accuracy: 0.830 - F1: 0.831
FIRE -> Precision: 0.851 - Recall: 0.871 - Accuracy: 0.927 - F1: 0.861

=== EPOCH 17/74 ===
Learning Rate = 0.001

TRAIN losses
Total Loss  |Smoke Loss  |Fire Loss   
------------ ------------ ------------
75.431      |60.274      |15.157      


VAL losses
Total Loss  |Smoke Loss  |Fire Loss   
------------ ------------ ------------
60.239      |48.674      |11.565      

VAL Metrics
SMOKE -> Precision: 0.841 - Recall: 0.799 - Accuracy: 0.831 - F1: 0.820
FIRE -> Precision: 0.897 - Recall: 0.836 - Accuracy: 0.933 - F1: 0.866

Saving model with new best validation loss: 60.239

=== EPOCH 18/74 ===
Learning Rate = 0.001

TRAIN losses
Total Loss  |Smoke Loss  |Fire Loss   
------------ ------------ ------------
74.369      |59.383      |14.985      


VAL losses
Total Loss  |Smoke Loss  |Fire Loss   
------------ ------------ ------------
60.848      |49.354      |11.494      

VAL Metrics
SMOKE -> Precision: 0.866 - Recall: 0.773 - Accuracy: 0.833 - F1: 0.817
FIRE -> Precision: 0.909 - Recall: 0.823 - Accuracy: 0.933 - F1: 0.864

=== EPOCH 19/74 ===
Learning Rate = 0.001

TRAIN losses
Total Loss  |Smoke Loss  |Fire Loss   
------------ ------------ ------------
73.248      |58.508      |14.740      


VAL losses
Total Loss  |Smoke Loss  |Fire Loss   
------------ ------------ ------------
66.146      |55.062      |11.084      

VAL Metrics
SMOKE -> Precision: 0.894 - Recall: 0.669 - Accuracy: 0.803 - F1: 0.766
FIRE -> Precision: 0.909 - Recall: 0.839 - Accuracy: 0.937 - F1: 0.873

=== EPOCH 20/74 ===
Learning Rate = 0.001

TRAIN losses
Total Loss  |Smoke Loss  |Fire Loss   
------------ ------------ ------------
72.517      |58.030      |14.487      


VAL losses
Total Loss  |Smoke Loss  |Fire Loss   
------------ ------------ ------------
55.641      |44.996      |10.645      

VAL Metrics
SMOKE -> Precision: 0.863 - Recall: 0.830 - Accuracy: 0.855 - F1: 0.846
FIRE -> Precision: 0.887 - Recall: 0.874 - Accuracy: 0.938 - F1: 0.880

Saving model with new best validation loss: 55.641

=== EPOCH 21/74 ===
Learning Rate = 0.001

TRAIN losses
Total Loss  |Smoke Loss  |Fire Loss   
------------ ------------ ------------
71.374      |56.940      |14.434      


VAL losses
Total Loss  |Smoke Loss  |Fire Loss   
------------ ------------ ------------
56.831      |45.943      |10.888      

VAL Metrics
SMOKE -> Precision: 0.841 - Recall: 0.846 - Accuracy: 0.849 - F1: 0.843
FIRE -> Precision: 0.911 - Recall: 0.854 - Accuracy: 0.941 - F1: 0.881

=== EPOCH 22/74 ===
Learning Rate = 0.001

TRAIN losses
Total Loss  |Smoke Loss  |Fire Loss   
------------ ------------ ------------
70.191      |55.831      |14.359      


VAL losses
Total Loss  |Smoke Loss  |Fire Loss   
------------ ------------ ------------
57.018      |46.110      |10.908      

VAL Metrics
SMOKE -> Precision: 0.835 - Recall: 0.852 - Accuracy: 0.847 - F1: 0.843
FIRE -> Precision: 0.862 - Recall: 0.880 - Accuracy: 0.932 - F1: 0.871

=== EPOCH 23/74 ===
Learning Rate = 0.001

TRAIN losses
Total Loss  |Smoke Loss  |Fire Loss   
------------ ------------ ------------
69.482      |55.380      |14.102      


VAL losses
Total Loss  |Smoke Loss  |Fire Loss   
------------ ------------ ------------
54.604      |43.405      |11.200      

VAL Metrics
SMOKE -> Precision: 0.850 - Recall: 0.864 - Accuracy: 0.861 - F1: 0.857
FIRE -> Precision: 0.883 - Recall: 0.867 - Accuracy: 0.936 - F1: 0.875

Saving model with new best validation loss: 54.604

=== EPOCH 24/74 ===
Learning Rate = 0.001

TRAIN losses
Total Loss  |Smoke Loss  |Fire Loss   
------------ ------------ ------------
69.650      |55.350      |14.301      


VAL losses
Total Loss  |Smoke Loss  |Fire Loss   
------------ ------------ ------------
57.768      |44.900      |12.868      

VAL Metrics
SMOKE -> Precision: 0.811 - Recall: 0.897 - Accuracy: 0.850 - F1: 0.852
FIRE -> Precision: 0.793 - Recall: 0.931 - Accuracy: 0.919 - F1: 0.857

=== EPOCH 25/74 ===
Learning Rate = 0.001

TRAIN losses
Total Loss  |Smoke Loss  |Fire Loss   
------------ ------------ ------------
69.299      |55.103      |14.196      


VAL losses
Total Loss  |Smoke Loss  |Fire Loss   
------------ ------------ ------------
55.449      |44.849      |10.600      

VAL Metrics
SMOKE -> Precision: 0.793 - Recall: 0.934 - Accuracy: 0.851 - F1: 0.858
FIRE -> Precision: 0.871 - Recall: 0.895 - Accuracy: 0.939 - F1: 0.883

=== EPOCH 26/74 ===
Learning Rate = 0.001

TRAIN losses
Total Loss  |Smoke Loss  |Fire Loss   
------------ ------------ ------------
67.261      |53.403      |13.858      


VAL losses
Total Loss  |Smoke Loss  |Fire Loss   
------------ ------------ ------------
52.769      |42.550      |10.219      

VAL Metrics
SMOKE -> Precision: 0.808 - Recall: 0.909 - Accuracy: 0.852 - F1: 0.856
FIRE -> Precision: 0.882 - Recall: 0.898 - Accuracy: 0.943 - F1: 0.890

Saving model with new best validation loss: 52.769

=== EPOCH 27/74 ===
Learning Rate = 0.001

TRAIN losses
Total Loss  |Smoke Loss  |Fire Loss   
------------ ------------ ------------
67.221      |53.307      |13.914      


VAL losses
Total Loss  |Smoke Loss  |Fire Loss   
------------ ------------ ------------
53.313      |42.788      |10.525      

VAL Metrics
SMOKE -> Precision: 0.829 - Recall: 0.890 - Accuracy: 0.859 - F1: 0.859
FIRE -> Precision: 0.870 - Recall: 0.898 - Accuracy: 0.939 - F1: 0.884

=== EPOCH 28/74 ===
Learning Rate = 0.001

TRAIN losses
Total Loss  |Smoke Loss  |Fire Loss   
------------ ------------ ------------
66.341      |52.599      |13.742      


VAL losses
Total Loss  |Smoke Loss  |Fire Loss   
------------ ------------ ------------
50.266      |40.433      |9.832       

VAL Metrics
SMOKE -> Precision: 0.890 - Recall: 0.827 - Accuracy: 0.868 - F1: 0.857
FIRE -> Precision: 0.900 - Recall: 0.872 - Accuracy: 0.942 - F1: 0.886

Saving model with new best validation loss: 50.266

=== EPOCH 29/74 ===
Learning Rate = 0.001

TRAIN losses
Total Loss  |Smoke Loss  |Fire Loss   
------------ ------------ ------------
64.976      |51.889      |13.087      


VAL losses
Total Loss  |Smoke Loss  |Fire Loss   
------------ ------------ ------------
57.003      |45.422      |11.581      

VAL Metrics
SMOKE -> Precision: 0.781 - Recall: 0.939 - Accuracy: 0.844 - F1: 0.853
FIRE -> Precision: 0.837 - Recall: 0.923 - Accuracy: 0.933 - F1: 0.877

=== EPOCH 30/74 ===
Learning Rate = 0.001

TRAIN losses
Total Loss  |Smoke Loss  |Fire Loss   
------------ ------------ ------------
65.119      |51.571      |13.549      


VAL losses
Total Loss  |Smoke Loss  |Fire Loss   
------------ ------------ ------------
51.897      |41.285      |10.612      

VAL Metrics
SMOKE -> Precision: 0.819 - Recall: 0.921 - Accuracy: 0.865 - F1: 0.867
FIRE -> Precision: 0.858 - Recall: 0.905 - Accuracy: 0.937 - F1: 0.881

=== EPOCH 31/74 ===
Learning Rate = 0.001

TRAIN losses
Total Loss  |Smoke Loss  |Fire Loss   
------------ ------------ ------------
65.442      |52.218      |13.224      


VAL losses
Total Loss  |Smoke Loss  |Fire Loss   
------------ ------------ ------------
53.621      |43.498      |10.123      

VAL Metrics
SMOKE -> Precision: 0.898 - Recall: 0.783 - Accuracy: 0.853 - F1: 0.837
FIRE -> Precision: 0.932 - Recall: 0.845 - Accuracy: 0.944 - F1: 0.887

=== EPOCH 32/74 ===
Learning Rate = 0.0008

TRAIN losses
Total Loss  |Smoke Loss  |Fire Loss   
------------ ------------ ------------
63.215      |50.178      |13.037      


VAL losses
Total Loss  |Smoke Loss  |Fire Loss   
------------ ------------ ------------
48.804      |39.112      |9.692       

VAL Metrics
SMOKE -> Precision: 0.900 - Recall: 0.825 - Accuracy: 0.872 - F1: 0.861
FIRE -> Precision: 0.927 - Recall: 0.852 - Accuracy: 0.944 - F1: 0.888

Saving model with new best validation loss: 48.804

=== EPOCH 33/74 ===
Learning Rate = 0.0008

TRAIN losses
Total Loss  |Smoke Loss  |Fire Loss   
------------ ------------ ------------
61.806      |49.075      |12.731      


VAL losses
Total Loss  |Smoke Loss  |Fire Loss   
------------ ------------ ------------
46.332      |36.807      |9.525       

VAL Metrics
SMOKE -> Precision: 0.876 - Recall: 0.874 - Accuracy: 0.880 - F1: 0.875
FIRE -> Precision: 0.887 - Recall: 0.907 - Accuracy: 0.946 - F1: 0.897

Saving model with new best validation loss: 46.332

=== EPOCH 34/74 ===
Learning Rate = 0.0008

TRAIN losses
Total Loss  |Smoke Loss  |Fire Loss   
------------ ------------ ------------
61.519      |48.727      |12.792      


VAL losses
Total Loss  |Smoke Loss  |Fire Loss   
------------ ------------ ------------
49.078      |39.238      |9.840       

VAL Metrics
SMOKE -> Precision: 0.828 - Recall: 0.925 - Accuracy: 0.872 - F1: 0.874
FIRE -> Precision: 0.875 - Recall: 0.917 - Accuracy: 0.944 - F1: 0.895

=== EPOCH 35/74 ===
Learning Rate = 0.0008

TRAIN losses
Total Loss  |Smoke Loss  |Fire Loss   
------------ ------------ ------------
61.883      |48.997      |12.886      


VAL losses
Total Loss  |Smoke Loss  |Fire Loss   
------------ ------------ ------------
46.132      |36.238      |9.894       

VAL Metrics
SMOKE -> Precision: 0.889 - Recall: 0.874 - Accuracy: 0.887 - F1: 0.882
FIRE -> Precision: 0.904 - Recall: 0.883 - Accuracy: 0.945 - F1: 0.893

Saving model with new best validation loss: 46.132

=== EPOCH 36/74 ===
Learning Rate = 0.0008

TRAIN losses
Total Loss  |Smoke Loss  |Fire Loss   
------------ ------------ ------------
61.289      |48.666      |12.623      


VAL losses
Total Loss  |Smoke Loss  |Fire Loss   
------------ ------------ ------------
46.789      |37.103      |9.686       

VAL Metrics
SMOKE -> Precision: 0.905 - Recall: 0.855 - Accuracy: 0.887 - F1: 0.879
FIRE -> Precision: 0.928 - Recall: 0.853 - Accuracy: 0.945 - F1: 0.889

=== EPOCH 37/74 ===
Learning Rate = 0.0008

TRAIN losses
Total Loss  |Smoke Loss  |Fire Loss   
------------ ------------ ------------
60.016      |47.717      |12.299      


VAL losses
Total Loss  |Smoke Loss  |Fire Loss   
------------ ------------ ------------
48.812      |38.621      |10.192      

VAL Metrics
SMOKE -> Precision: 0.836 - Recall: 0.906 - Accuracy: 0.869 - F1: 0.870
FIRE -> Precision: 0.856 - Recall: 0.924 - Accuracy: 0.940 - F1: 0.889

=== EPOCH 38/74 ===
Learning Rate = 0.0008

TRAIN losses
Total Loss  |Smoke Loss  |Fire Loss   
------------ ------------ ------------
60.477      |47.946      |12.530      


VAL losses
Total Loss  |Smoke Loss  |Fire Loss   
------------ ------------ ------------
44.426      |35.190      |9.236       

VAL Metrics
SMOKE -> Precision: 0.887 - Recall: 0.897 - Accuracy: 0.896 - F1: 0.892
FIRE -> Precision: 0.910 - Recall: 0.895 - Accuracy: 0.950 - F1: 0.903

Saving model with new best validation loss: 44.426

=== EPOCH 39/74 ===
Learning Rate = 0.0008

TRAIN losses
Total Loss  |Smoke Loss  |Fire Loss   
------------ ------------ ------------
60.196      |47.550      |12.646      


VAL losses
Total Loss  |Smoke Loss  |Fire Loss   
------------ ------------ ------------
46.475      |36.643      |9.833       

VAL Metrics
SMOKE -> Precision: 0.890 - Recall: 0.858 - Accuracy: 0.881 - F1: 0.874
FIRE -> Precision: 0.914 - Recall: 0.868 - Accuracy: 0.944 - F1: 0.890

=== EPOCH 40/74 ===
Learning Rate = 0.0008

TRAIN losses
Total Loss  |Smoke Loss  |Fire Loss   
------------ ------------ ------------
60.113      |47.559      |12.555      


VAL losses
Total Loss  |Smoke Loss  |Fire Loss   
------------ ------------ ------------
44.298      |34.839      |9.459       

VAL Metrics
SMOKE -> Precision: 0.880 - Recall: 0.895 - Accuracy: 0.891 - F1: 0.887
FIRE -> Precision: 0.911 - Recall: 0.878 - Accuracy: 0.946 - F1: 0.894

Saving model with new best validation loss: 44.298

=== EPOCH 41/74 ===
Learning Rate = 0.0008

TRAIN losses
Total Loss  |Smoke Loss  |Fire Loss   
------------ ------------ ------------
59.089      |46.725      |12.364      


VAL losses
Total Loss  |Smoke Loss  |Fire Loss   
------------ ------------ ------------
46.951      |37.356      |9.595       

VAL Metrics
SMOKE -> Precision: 0.897 - Recall: 0.842 - Accuracy: 0.878 - F1: 0.869
FIRE -> Precision: 0.912 - Recall: 0.864 - Accuracy: 0.943 - F1: 0.888

=== EPOCH 42/74 ===
Learning Rate = 0.0008

TRAIN losses
Total Loss  |Smoke Loss  |Fire Loss   
------------ ------------ ------------
58.751      |46.610      |12.140      


VAL losses
Total Loss  |Smoke Loss  |Fire Loss   
------------ ------------ ------------
44.891      |35.046      |9.844       

VAL Metrics
SMOKE -> Precision: 0.891 - Recall: 0.887 - Accuracy: 0.894 - F1: 0.889
FIRE -> Precision: 0.859 - Recall: 0.925 - Accuracy: 0.941 - F1: 0.891

=== EPOCH 43/74 ===
Learning Rate = 0.0008

TRAIN losses
Total Loss  |Smoke Loss  |Fire Loss   
------------ ------------ ------------
59.063      |46.594      |12.470      


VAL losses
Total Loss  |Smoke Loss  |Fire Loss   
------------ ------------ ------------
42.120      |32.842      |9.278       

VAL Metrics
SMOKE -> Precision: 0.893 - Recall: 0.904 - Accuracy: 0.902 - F1: 0.898
FIRE -> Precision: 0.919 - Recall: 0.863 - Accuracy: 0.945 - F1: 0.890

Saving model with new best validation loss: 42.120

=== EPOCH 44/74 ===
Learning Rate = 0.0008

TRAIN losses
Total Loss  |Smoke Loss  |Fire Loss   
------------ ------------ ------------
58.090      |46.138      |11.952      


VAL losses
Total Loss  |Smoke Loss  |Fire Loss   
------------ ------------ ------------
48.742      |39.237      |9.505       

VAL Metrics
SMOKE -> Precision: 0.808 - Recall: 0.963 - Accuracy: 0.872 - F1: 0.879
FIRE -> Precision: 0.891 - Recall: 0.899 - Accuracy: 0.945 - F1: 0.895

=== EPOCH 45/74 ===
Learning Rate = 0.0008

TRAIN losses
Total Loss  |Smoke Loss  |Fire Loss   
------------ ------------ ------------
57.101      |45.033      |12.068      


VAL losses
Total Loss  |Smoke Loss  |Fire Loss   
------------ ------------ ------------
43.003      |34.029      |8.975       

VAL Metrics
SMOKE -> Precision: 0.882 - Recall: 0.911 - Accuracy: 0.899 - F1: 0.896
FIRE -> Precision: 0.903 - Recall: 0.898 - Accuracy: 0.949 - F1: 0.901

=== EPOCH 46/74 ===
Learning Rate = 0.0008

TRAIN losses
Total Loss  |Smoke Loss  |Fire Loss   
------------ ------------ ------------
57.078      |44.901      |12.177      


VAL losses
Total Loss  |Smoke Loss  |Fire Loss   
------------ ------------ ------------
43.896      |34.543      |9.353       

VAL Metrics
SMOKE -> Precision: 0.894 - Recall: 0.873 - Accuracy: 0.889 - F1: 0.884
FIRE -> Precision: 0.898 - Recall: 0.897 - Accuracy: 0.947 - F1: 0.898

=== EPOCH 47/74 ===
Learning Rate = 0.00064

TRAIN losses
Total Loss  |Smoke Loss  |Fire Loss   
------------ ------------ ------------
56.304      |44.625      |11.679      


VAL losses
Total Loss  |Smoke Loss  |Fire Loss   
------------ ------------ ------------
41.900      |33.018      |8.882       

VAL Metrics
SMOKE -> Precision: 0.887 - Recall: 0.915 - Accuracy: 0.903 - F1: 0.901
FIRE -> Precision: 0.920 - Recall: 0.888 - Accuracy: 0.951 - F1: 0.904

Saving model with new best validation loss: 41.900

=== EPOCH 48/74 ===
Learning Rate = 0.00064

TRAIN losses
Total Loss  |Smoke Loss  |Fire Loss   
------------ ------------ ------------
55.188      |43.250      |11.938      


VAL losses
Total Loss  |Smoke Loss  |Fire Loss   
------------ ------------ ------------
42.664      |33.818      |8.846       

VAL Metrics
SMOKE -> Precision: 0.853 - Recall: 0.939 - Accuracy: 0.893 - F1: 0.894
FIRE -> Precision: 0.901 - Recall: 0.905 - Accuracy: 0.950 - F1: 0.903

=== EPOCH 49/74 ===
Learning Rate = 0.00064

TRAIN losses
Total Loss  |Smoke Loss  |Fire Loss   
------------ ------------ ------------
55.015      |43.138      |11.877      


VAL losses
Total Loss  |Smoke Loss  |Fire Loss   
------------ ------------ ------------
42.125      |33.210      |8.914       

VAL Metrics
SMOKE -> Precision: 0.865 - Recall: 0.928 - Accuracy: 0.896 - F1: 0.895
FIRE -> Precision: 0.912 - Recall: 0.886 - Accuracy: 0.948 - F1: 0.899

=== EPOCH 50/74 ===
Learning Rate = 0.00064

TRAIN losses
Total Loss  |Smoke Loss  |Fire Loss   
------------ ------------ ------------
54.634      |43.022      |11.612      


VAL losses
Total Loss  |Smoke Loss  |Fire Loss   
------------ ------------ ------------
47.324      |37.892      |9.432       

VAL Metrics
SMOKE -> Precision: 0.821 - Recall: 0.956 - Accuracy: 0.879 - F1: 0.884
FIRE -> Precision: 0.863 - Recall: 0.927 - Accuracy: 0.943 - F1: 0.894

=== EPOCH 51/74 ===
Learning Rate = 0.0005120000000000001

TRAIN losses
Total Loss  |Smoke Loss  |Fire Loss   
------------ ------------ ------------
54.185      |42.505      |11.679      


VAL losses
Total Loss  |Smoke Loss  |Fire Loss   
------------ ------------ ------------
40.076      |31.226      |8.850       

VAL Metrics
SMOKE -> Precision: 0.885 - Recall: 0.925 - Accuracy: 0.906 - F1: 0.905
FIRE -> Precision: 0.932 - Recall: 0.878 - Accuracy: 0.952 - F1: 0.904

Saving model with new best validation loss: 40.076

=== EPOCH 52/74 ===
Learning Rate = 0.0005120000000000001

TRAIN losses
Total Loss  |Smoke Loss  |Fire Loss   
------------ ------------ ------------
53.639      |42.186      |11.453      


VAL losses
Total Loss  |Smoke Loss  |Fire Loss   
------------ ------------ ------------
41.470      |32.407      |9.064       

VAL Metrics
SMOKE -> Precision: 0.909 - Recall: 0.888 - Accuracy: 0.903 - F1: 0.898
FIRE -> Precision: 0.943 - Recall: 0.854 - Accuracy: 0.949 - F1: 0.896

=== EPOCH 53/74 ===
Learning Rate = 0.0005120000000000001

TRAIN losses
Total Loss  |Smoke Loss  |Fire Loss   
------------ ------------ ------------
53.237      |41.824      |11.413      


VAL losses
Total Loss  |Smoke Loss  |Fire Loss   
------------ ------------ ------------
39.179      |30.575      |8.604       

VAL Metrics
SMOKE -> Precision: 0.904 - Recall: 0.909 - Accuracy: 0.910 - F1: 0.906
FIRE -> Precision: 0.930 - Recall: 0.886 - Accuracy: 0.953 - F1: 0.908

Saving model with new best validation loss: 39.179

=== EPOCH 54/74 ===
Learning Rate = 0.0005120000000000001

TRAIN losses
Total Loss  |Smoke Loss  |Fire Loss   
------------ ------------ ------------
53.220      |42.071      |11.150      


VAL losses
Total Loss  |Smoke Loss  |Fire Loss   
------------ ------------ ------------
42.076      |33.413      |8.664       

VAL Metrics
SMOKE -> Precision: 0.928 - Recall: 0.852 - Accuracy: 0.897 - F1: 0.889
FIRE -> Precision: 0.930 - Recall: 0.893 - Accuracy: 0.955 - F1: 0.911

=== EPOCH 55/74 ===
Learning Rate = 0.0005120000000000001

TRAIN losses
Total Loss  |Smoke Loss  |Fire Loss   
------------ ------------ ------------
53.141      |41.899      |11.243      


VAL losses
Total Loss  |Smoke Loss  |Fire Loss   
------------ ------------ ------------
40.311      |31.781      |8.529       

VAL Metrics
SMOKE -> Precision: 0.872 - Recall: 0.944 - Accuracy: 0.906 - F1: 0.906
FIRE -> Precision: 0.915 - Recall: 0.902 - Accuracy: 0.953 - F1: 0.908

=== EPOCH 56/74 ===
Learning Rate = 0.0005120000000000001

TRAIN losses
Total Loss  |Smoke Loss  |Fire Loss   
------------ ------------ ------------
53.165      |42.014      |11.152      


VAL losses
Total Loss  |Smoke Loss  |Fire Loss   
------------ ------------ ------------
45.747      |36.129      |9.618       

VAL Metrics
SMOKE -> Precision: 0.931 - Recall: 0.827 - Accuracy: 0.887 - F1: 0.876
FIRE -> Precision: 0.950 - Recall: 0.852 - Accuracy: 0.950 - F1: 0.898

=== EPOCH 57/74 ===
Learning Rate = 0.0004096000000000001

TRAIN losses
Total Loss  |Smoke Loss  |Fire Loss   
------------ ------------ ------------
51.531      |40.395      |11.136      


VAL losses
Total Loss  |Smoke Loss  |Fire Loss   
------------ ------------ ------------
40.540      |31.609      |8.931       

VAL Metrics
SMOKE -> Precision: 0.901 - Recall: 0.903 - Accuracy: 0.905 - F1: 0.902
FIRE -> Precision: 0.943 - Recall: 0.868 - Accuracy: 0.952 - F1: 0.904

=== EPOCH 58/74 ===
Learning Rate = 0.0004096000000000001

TRAIN losses
Total Loss  |Smoke Loss  |Fire Loss   
------------ ------------ ------------
51.390      |40.326      |11.063      


VAL losses
Total Loss  |Smoke Loss  |Fire Loss   
------------ ------------ ------------
39.391      |30.788      |8.603       

VAL Metrics
SMOKE -> Precision: 0.918 - Recall: 0.896 - Accuracy: 0.911 - F1: 0.907
FIRE -> Precision: 0.932 - Recall: 0.890 - Accuracy: 0.955 - F1: 0.911

=== EPOCH 59/74 ===
Learning Rate = 0.0004096000000000001

TRAIN losses
Total Loss  |Smoke Loss  |Fire Loss   
------------ ------------ ------------
51.420      |40.291      |11.129      


VAL losses
Total Loss  |Smoke Loss  |Fire Loss   
------------ ------------ ------------
43.108      |34.061      |9.047       

VAL Metrics
SMOKE -> Precision: 0.925 - Recall: 0.855 - Accuracy: 0.897 - F1: 0.889
FIRE -> Precision: 0.955 - Recall: 0.864 - Accuracy: 0.954 - F1: 0.907

=== EPOCH 60/74 ===
Learning Rate = 0.0003276800000000001

TRAIN losses
Total Loss  |Smoke Loss  |Fire Loss   
------------ ------------ ------------
50.745      |39.890      |10.855      


VAL losses
Total Loss  |Smoke Loss  |Fire Loss   
------------ ------------ ------------
38.759      |30.447      |8.312       

VAL Metrics
SMOKE -> Precision: 0.879 - Recall: 0.932 - Accuracy: 0.906 - F1: 0.905
FIRE -> Precision: 0.924 - Recall: 0.898 - Accuracy: 0.955 - F1: 0.911

Saving model with new best validation loss: 38.759

=== EPOCH 61/74 ===
Learning Rate = 0.0003276800000000001

TRAIN losses
Total Loss  |Smoke Loss  |Fire Loss   
------------ ------------ ------------
50.194      |39.012      |11.182      


VAL losses
Total Loss  |Smoke Loss  |Fire Loss   
------------ ------------ ------------
39.428      |30.941      |8.486       

VAL Metrics
SMOKE -> Precision: 0.910 - Recall: 0.896 - Accuracy: 0.907 - F1: 0.903
FIRE -> Precision: 0.930 - Recall: 0.894 - Accuracy: 0.955 - F1: 0.911

=== EPOCH 62/74 ===
Learning Rate = 0.0003276800000000001

TRAIN losses
Total Loss  |Smoke Loss  |Fire Loss   
------------ ------------ ------------
49.114      |38.115      |10.999      


VAL losses
Total Loss  |Smoke Loss  |Fire Loss   
------------ ------------ ------------
39.203      |30.186      |9.017       

VAL Metrics
SMOKE -> Precision: 0.889 - Recall: 0.934 - Accuracy: 0.912 - F1: 0.911
FIRE -> Precision: 0.883 - Recall: 0.922 - Accuracy: 0.948 - F1: 0.902

=== EPOCH 63/74 ===
Learning Rate = 0.0003276800000000001

TRAIN losses
Total Loss  |Smoke Loss  |Fire Loss   
------------ ------------ ------------
49.893      |38.929      |10.964      


VAL losses
Total Loss  |Smoke Loss  |Fire Loss   
------------ ------------ ------------
39.721      |31.048      |8.672       

VAL Metrics
SMOKE -> Precision: 0.894 - Recall: 0.905 - Accuracy: 0.902 - F1: 0.899
FIRE -> Precision: 0.927 - Recall: 0.898 - Accuracy: 0.955 - F1: 0.913

=== EPOCH 64/74 ===
Learning Rate = 0.0002621440000000001

TRAIN losses
Total Loss  |Smoke Loss  |Fire Loss   
------------ ------------ ------------
48.423      |37.594      |10.829      


VAL losses
Total Loss  |Smoke Loss  |Fire Loss   
------------ ------------ ------------
39.259      |30.949      |8.310       

VAL Metrics
SMOKE -> Precision: 0.871 - Recall: 0.950 - Accuracy: 0.908 - F1: 0.909
FIRE -> Precision: 0.919 - Recall: 0.901 - Accuracy: 0.954 - F1: 0.910

=== EPOCH 65/74 ===
Learning Rate = 0.0002621440000000001

TRAIN losses
Total Loss  |Smoke Loss  |Fire Loss   
------------ ------------ ------------
49.778      |39.062      |10.716      


VAL losses
Total Loss  |Smoke Loss  |Fire Loss   
------------ ------------ ------------
38.443      |29.771      |8.673       

VAL Metrics
SMOKE -> Precision: 0.914 - Recall: 0.896 - Accuracy: 0.910 - F1: 0.905
FIRE -> Precision: 0.926 - Recall: 0.896 - Accuracy: 0.955 - F1: 0.911

Saving model with new best validation loss: 38.443

=== EPOCH 66/74 ===
Learning Rate = 0.0002621440000000001

TRAIN losses
Total Loss  |Smoke Loss  |Fire Loss   
------------ ------------ ------------
48.349      |37.530      |10.819      


VAL losses
Total Loss  |Smoke Loss  |Fire Loss   
------------ ------------ ------------
38.019      |29.395      |8.624       

VAL Metrics
SMOKE -> Precision: 0.905 - Recall: 0.916 - Accuracy: 0.913 - F1: 0.911
FIRE -> Precision: 0.921 - Recall: 0.899 - Accuracy: 0.954 - F1: 0.910

Saving model with new best validation loss: 38.019

=== EPOCH 67/74 ===
Learning Rate = 0.0002621440000000001

TRAIN losses
Total Loss  |Smoke Loss  |Fire Loss   
------------ ------------ ------------
48.897      |38.100      |10.797      


VAL losses
Total Loss  |Smoke Loss  |Fire Loss   
------------ ------------ ------------
37.835      |29.081      |8.754       

VAL Metrics
SMOKE -> Precision: 0.903 - Recall: 0.927 - Accuracy: 0.917 - F1: 0.915
FIRE -> Precision: 0.911 - Recall: 0.907 - Accuracy: 0.953 - F1: 0.909

Saving model with new best validation loss: 37.835

=== EPOCH 68/74 ===
Learning Rate = 0.0002621440000000001

TRAIN losses
Total Loss  |Smoke Loss  |Fire Loss   
------------ ------------ ------------
48.502      |37.876      |10.627      


VAL losses
Total Loss  |Smoke Loss  |Fire Loss   
------------ ------------ ------------
38.017      |29.355      |8.662       

VAL Metrics
SMOKE -> Precision: 0.888 - Recall: 0.934 - Accuracy: 0.912 - F1: 0.910
FIRE -> Precision: 0.900 - Recall: 0.920 - Accuracy: 0.953 - F1: 0.910

=== EPOCH 69/74 ===
Learning Rate = 0.0002621440000000001

TRAIN losses
Total Loss  |Smoke Loss  |Fire Loss   
------------ ------------ ------------
48.481      |37.975      |10.506      


VAL losses
Total Loss  |Smoke Loss  |Fire Loss   
------------ ------------ ------------
38.460      |29.995      |8.465       

VAL Metrics
SMOKE -> Precision: 0.904 - Recall: 0.908 - Accuracy: 0.910 - F1: 0.906
FIRE -> Precision: 0.924 - Recall: 0.895 - Accuracy: 0.954 - F1: 0.909

=== EPOCH 70/74 ===
Learning Rate = 0.0002621440000000001

TRAIN losses
Total Loss  |Smoke Loss  |Fire Loss   
------------ ------------ ------------
48.151      |37.443      |10.709      


VAL losses
Total Loss  |Smoke Loss  |Fire Loss   
------------ ------------ ------------
38.370      |29.483      |8.888       

VAL Metrics
SMOKE -> Precision: 0.908 - Recall: 0.913 - Accuracy: 0.914 - F1: 0.911
FIRE -> Precision: 0.938 - Recall: 0.886 - Accuracy: 0.955 - F1: 0.911

=== EPOCH 71/74 ===
Learning Rate = 0.00020971520000000012

TRAIN losses
Total Loss  |Smoke Loss  |Fire Loss   
------------ ------------ ------------
47.229      |36.846      |10.383      


VAL losses
Total Loss  |Smoke Loss  |Fire Loss   
------------ ------------ ------------
38.402      |29.678      |8.724       

VAL Metrics
SMOKE -> Precision: 0.916 - Recall: 0.898 - Accuracy: 0.911 - F1: 0.907
FIRE -> Precision: 0.939 - Recall: 0.878 - Accuracy: 0.954 - F1: 0.908

=== EPOCH 72/74 ===
Learning Rate = 0.00020971520000000012

TRAIN losses
Total Loss  |Smoke Loss  |Fire Loss   
------------ ------------ ------------
47.138      |36.523      |10.615      


VAL losses
Total Loss  |Smoke Loss  |Fire Loss   
------------ ------------ ------------
36.941      |28.540      |8.401       

VAL Metrics
SMOKE -> Precision: 0.898 - Recall: 0.925 - Accuracy: 0.913 - F1: 0.911
FIRE -> Precision: 0.933 - Recall: 0.896 - Accuracy: 0.956 - F1: 0.914

Saving model with new best validation loss: 36.941

=== EPOCH 73/74 ===
Learning Rate = 0.00020971520000000012

TRAIN losses
Total Loss  |Smoke Loss  |Fire Loss   
------------ ------------ ------------
47.296      |36.640      |10.656      


VAL losses
Total Loss  |Smoke Loss  |Fire Loss   
------------ ------------ ------------
37.602      |29.152      |8.450       

VAL Metrics
SMOKE -> Precision: 0.888 - Recall: 0.934 - Accuracy: 0.912 - F1: 0.911
FIRE -> Precision: 0.919 - Recall: 0.905 - Accuracy: 0.955 - F1: 0.912

=== EPOCH 74/74 ===
Learning Rate = 0.00020971520000000012

TRAIN losses
Total Loss  |Smoke Loss  |Fire Loss   
------------ ------------ ------------
46.774      |36.374      |10.401      


VAL losses
Total Loss  |Smoke Loss  |Fire Loss   
------------ ------------ ------------
36.742      |28.255      |8.487       

VAL Metrics
SMOKE -> Precision: 0.900 - Recall: 0.924 - Accuracy: 0.914 - F1: 0.912
FIRE -> Precision: 0.910 - Recall: 0.913 - Accuracy: 0.954 - F1: 0.911

Saving model with new best validation loss: 36.742
Saving last model

***Script finished: 17:56:22

Time elapsed: 1:10:22.863741
