Simple BED Detector.
	No Sigmoid. No Softmax. Permute out of the model.
	DFire and FASDD UAV and CV.
	Max Obj = 10.
	IOU Threshold = 0.5.
	NMS IOU Threshold = 0.5.
	Score Threshold = 0.001.
	NMS IOU Threshold does not change too much, so it is not tested.


Weights file: ./experiments/test_20_no_sigmoid_softmax_permute_out/weights/BED_detector__best_mAP=0.6405__epoch=144.pt


DFire Aladdin Metrics:

mAP @0.50   0.4329
Average Precision
- Smoke     0.4999
- Fire      0.3659
Class Precision
- Smoke     0.0118
- Fire      0.0717
Class Recall
- Smoke     0.7097
- Fire      0.4862

DFire Torchmetrics: 
{'mAP': tensor(0.4361), 'AP': [0.5025447010993958, 0.3697100579738617], 'AR': [0.7097107172012329, 0.48617085814476013]}


FASDD UAV Aladdin Metrics:

mAP @0.50   0.6214
Average Precision
- Smoke     0.6937
- Fire      0.5491
Class Precision
- Smoke     0.0159
- Fire      0.0794
Class Recall
- Smoke     0.7502
- Fire      0.5657

FASDD UAV Torchmetrics: 
{'mAP': tensor(0.6197), 'AP': [0.6906685829162598, 0.5487518906593323], 'AR': [0.7483221292495728, 0.5656954646110535]}


FASDD CV Aladdin Metrics:

mAP @0.50   0.7270
Average Precision
- Smoke     0.7325
- Fire      0.7215
Class Precision
- Smoke     0.0157
- Fire      0.0769
Class Recall
- Smoke     0.8602
- Fire      0.7851

FASDD CV Torchmetrics: 
{'mAP': tensor(0.7260), 'AP': [0.7317706346511841, 0.7202243804931641], 'AR': [0.8600620627403259, 0.7850919365882874]}


Full Dataset Aladdin Metrics:

mAP @0.50   0.6663
Average Precision
- Smoke     0.6924
- Fire      0.6402
Class Precision
- Smoke     0.0151
- Fire      0.0767
Class Recall
- Smoke     0.8160
- Fire      0.7019

Full Dataset Torchmetrics: 
{'mAP': tensor(0.6662), 'AP': [0.6918432116508484, 0.6405062675476074], 'AR': [0.8155389428138733, 0.7019383907318115]}
