Simple BED Detector.
	No Sigmoid. No Softmax. Permute out of the model.
	DFire and FASDD UAV and CV.
	Max Obj = 10.
	IOU Threshold = 0.5.
	NMS IOU Threshold = 0.5.
	NMS IOU Threshold does not change too much, so it is not tested.

Brevitas Config:
	Fixed Point: True
	Weights Bit Width: 4
	Big Layers Weights Bit Width: 2
	Head Weights Bit Width: 8
	Bias Bit Width: 4
	Activations Bit Width: 8

Weights file: ./experiments/test_50_no_comp_brevitas_fixed_point_w4W2H8a8b4/weights/BED_detector__best_mAP=0.6170__epoch=129.pt


DFire Aladdin Metrics:

mAP @0.50   0.3660
Average Precision
- Smoke     0.4061
- Fire      0.3258
Class Precision
- Smoke     0.5371
- Fire      0.5092
Class Recall
- Smoke     0.5238
- Fire      0.4069

DFire Torchmetrics: 
{'mAP': tensor(0.3692), 'AP': [0.4105823040008545, 0.3279108703136444], 'AR': [0.5237603187561035, 0.4068838357925415]}


FASDD UAV Aladdin Metrics:

mAP @0.50   0.5667
Average Precision
- Smoke     0.6313
- Fire      0.5021
Class Precision
- Smoke     0.7889
- Fire      0.8458
Class Recall
- Smoke     0.6539
- Fire      0.5157

FASDD UAV Torchmetrics: 
{'mAP': tensor(0.5663), 'AP': [0.6309635043144226, 0.5017337203025818], 'AR': [0.6538830399513245, 0.5156679749488831]}


FASDD CV Aladdin Metrics:

mAP @0.50   0.6782
Average Precision
- Smoke     0.6595
- Fire      0.6969
Class Precision
- Smoke     0.7177
- Fire      0.7143
Class Recall
- Smoke     0.7271
- Fire      0.7428

FASDD CV Torchmetrics: 
{'mAP': tensor(0.6772), 'AP': [0.6573913097381592, 0.6970455646514893], 'AR': [0.7271081209182739, 0.7427741885185242]}


Full Dataset Aladdin Metrics:

mAP @0.50   0.6151
Average Precision
- Smoke     0.6199
- Fire      0.6103
Class Precision
- Smoke     0.6987
- Fire      0.7020
Class Recall
- Smoke     0.6804
- Fire      0.6528

Full Dataset Torchmetrics: 
{'mAP': tensor(0.6170), 'AP': [0.6227277517318726, 0.6111970543861389], 'AR': [0.6803808212280273, 0.6527764797210693]}
