BED Detector.
	DFire and FASDD UAV and CV.
	Max Obj = 10.
	IOU Threshold = 0.5.
	NMS IOU Threshold does not change too much, so it is not tested.


Weights file: ./experiments/test_03_dfire_&_fasdd_uav_cv_+epochs_maxobj10/weights/BED_detector__best_mAP=0.6224__epoch=119.pt


DFire Aladdin Metrics:

mAP @0.50   0.3891
Average Precision
- Smoke     0.4471
- Fire      0.3310
Class Precision
- Smoke     0.5423
- Fire      0.5082
Class Recall
- Smoke     0.5692
- Fire      0.4173

DFire Torchmetrics: 
{'mAP': tensor(0.3917), 'AP': [0.4503842294216156, 0.3330386281013489], 'AR': [0.5692148804664612, 0.4179471433162689]}


FASDD UAV Aladdin Metrics:

mAP @0.50   0.5841
Average Precision
- Smoke     0.6452
- Fire      0.5229
Class Precision
- Smoke     0.7773
- Fire      0.8423
Class Recall
- Smoke     0.6745
- Fire      0.5344

FASDD UAV Torchmetrics: 
{'mAP': tensor(0.5843), 'AP': [0.64493328332901, 0.5235771536827087], 'AR': [0.6744966506958008, 0.5343595147132874]}


FASDD CV Aladdin Metrics:

mAP @0.50   0.6823
Average Precision
- Smoke     0.6573
- Fire      0.7073
Class Precision
- Smoke     0.6892
- Fire      0.7176
Class Recall
- Smoke     0.7337
- Fire      0.7518

FASDD CV Torchmetrics: 
{'mAP': tensor(0.6826), 'AP': [0.6570476293563843, 0.7081400752067566], 'AR': [0.7337040901184082, 0.7517632246017456]}


Full Dataset Aladdin Metrics:

mAP @0.50   0.6232
Average Precision
- Smoke     0.6248
- Fire      0.6216
Class Precision
- Smoke     0.6777
- Fire      0.7041
Class Recall
- Smoke     0.6960
- Fire      0.6635

Full Dataset Torchmetrics: 
{'mAP': tensor(0.6224), 'AP': [0.6231526732444763, 0.6217377185821533], 'AR': [0.6960217356681824, 0.6636388897895813]}
