BED_Downto_28.
	One Head.
	Weighted for Precision.
	Dataset images divided by 255.

Training Brevitas Model = False

Datasets Length
	Train and Val: Full

Load Model: False

Device: cuda
Optimizer:
	Learning Rate: 0.001
	Weight Decay: 0.001
Scheduler:
	Scheduler factor: 0.8
	Scheduler patience: 2
	Scheduler threshold: 0.001
	Scheduler min learning rate: 1e-06

Batch Size: 64
Num Workers: 8
Pin Memory: True
Epochs: 100

IMG DIMS:
	Width: 224
	Height: 224

Brevitas Config:
	Fixed Point: True
	Weights Bit Width: 4
	Big Layers Weights Bit Width: 2
	Bias Bit Width: 4
	Activations Bit Width: 4

Trainable parameters = 93266
Total parameters = 93266

==========================================================================================
Layer (type:depth-idx)                   Output Shape              Param #
==========================================================================================
BED_CLASSIFIER_DOWNTO_28                 [1, 2]                    --
├─Sequential: 1-1                        [1, 2]                    --
│    └─Conv2d: 2-1                       [1, 32, 224, 224]         864
│    └─BatchNorm2d: 2-2                  [1, 32, 224, 224]         64
│    └─ReLU: 2-3                         [1, 32, 224, 224]         --
│    └─MaxPool2d: 2-4                    [1, 32, 112, 112]         --
│    └─Conv2d: 2-5                       [1, 16, 112, 112]         4,608
│    └─BatchNorm2d: 2-6                  [1, 16, 112, 112]         32
│    └─ReLU: 2-7                         [1, 16, 112, 112]         --
│    └─MaxPool2d: 2-8                    [1, 16, 56, 56]           --
│    └─Conv2d: 2-9                       [1, 16, 56, 56]           256
│    └─BatchNorm2d: 2-10                 [1, 16, 56, 56]           32
│    └─ReLU: 2-11                        [1, 16, 56, 56]           --
│    └─Conv2d: 2-12                      [1, 32, 56, 56]           4,608
│    └─BatchNorm2d: 2-13                 [1, 32, 56, 56]           64
│    └─ReLU: 2-14                        [1, 32, 56, 56]           --
│    └─Conv2d: 2-15                      [1, 32, 56, 56]           1,024
│    └─BatchNorm2d: 2-16                 [1, 32, 56, 56]           64
│    └─ReLU: 2-17                        [1, 32, 56, 56]           --
│    └─Conv2d: 2-18                      [1, 64, 56, 56]           18,432
│    └─BatchNorm2d: 2-19                 [1, 64, 56, 56]           128
│    └─ReLU: 2-20                        [1, 64, 56, 56]           --
│    └─MaxPool2d: 2-21                   [1, 64, 28, 28]           --
│    └─Conv2d: 2-22                      [1, 32, 28, 28]           2,048
│    └─BatchNorm2d: 2-23                 [1, 32, 28, 28]           64
│    └─ReLU: 2-24                        [1, 32, 28, 28]           --
│    └─Conv2d: 2-25                      [1, 64, 28, 28]           18,432
│    └─BatchNorm2d: 2-26                 [1, 64, 28, 28]           128
│    └─ReLU: 2-27                        [1, 64, 28, 28]           --
│    └─Conv2d: 2-28                      [1, 32, 28, 28]           2,048
│    └─BatchNorm2d: 2-29                 [1, 32, 28, 28]           64
│    └─ReLU: 2-30                        [1, 32, 28, 28]           --
│    └─Conv2d: 2-31                      [1, 64, 28, 28]           18,432
│    └─BatchNorm2d: 2-32                 [1, 64, 28, 28]           128
│    └─ReLU: 2-33                        [1, 64, 28, 28]           --
│    └─Conv2d: 2-34                      [1, 32, 28, 28]           2,048
│    └─BatchNorm2d: 2-35                 [1, 32, 28, 28]           64
│    └─ReLU: 2-36                        [1, 32, 28, 28]           --
│    └─Conv2d: 2-37                      [1, 64, 28, 28]           18,432
│    └─BatchNorm2d: 2-38                 [1, 64, 28, 28]           128
│    └─ReLU: 2-39                        [1, 64, 28, 28]           --
│    └─AdaptiveAvgPool2d: 2-40           [1, 64, 1, 1]             --
│    └─Flatten: 2-41                     [1, 64]                   --
│    └─Linear: 2-42                      [1, 16]                   1,040
│    └─ReLU: 2-43                        [1, 16]                   --
│    └─Linear: 2-44                      [1, 2]                    34
==========================================================================================
Total params: 93,266
Trainable params: 93,266
Non-trainable params: 0
Total mult-adds (M): 225.59
==========================================================================================
Input size (MB): 0.60
Forward/backward pass size (MB): 39.74
Params size (MB): 0.37
Estimated Total Size (MB): 40.71
==========================================================================================

Loss Function: BCE
Smoke Precision Weight: 0.8
Starting script


***Start Training: 13:07:46


=== EPOCH 0/99 ===
Learning Rate = 0.001

TRAIN Stats
Total Loss |Smoke Loss|Fire Loss |    _______|Accuracy |Precision|Recall   |F1       |
-----------|----------|----------|    Smoke  |0.7877   |0.8268   |0.6961   |0.7558   |
42.71      |24.57     |18.14     |    Fire   |0.8821   |0.8555   |0.7717   |0.8115   |

VAL Stats
Total Loss |Smoke Loss|Fire Loss |    _______|Accuracy |Precision|Recall   |F1       |
-----------|----------|----------|    Smoke  |0.8193   |0.8346   |0.7691   |0.8005   |
35.55      |22.82     |12.73     |    Fire   |0.9296   |0.8824   |0.9032   |0.8927   |

Saving model with new best validation loss: 35.5460
Saving model with best Mean F1: 0.8466

=== EPOCH 1/99 ===
Learning Rate = 0.001

TRAIN Stats
Total Loss |Smoke Loss|Fire Loss |    _______|Accuracy |Precision|Recall   |F1       |
-----------|----------|----------|    Smoke  |0.8411   |0.8795   |0.7687   |0.8204   |
32.00      |19.67     |12.33     |    Fire   |0.9251   |0.9085   |0.8588   |0.8829   |

VAL Stats
Total Loss |Smoke Loss|Fire Loss |    _______|Accuracy |Precision|Recall   |F1       |
-----------|----------|----------|    Smoke  |0.8270   |0.8149   |0.8190   |0.8169   |
33.00      |22.46     |10.54     |    Fire   |0.9376   |0.8723   |0.9460   |0.9076   |

Saving model with new best validation loss: 32.9967
Saving model with best Mean F1: 0.8623

=== EPOCH 2/99 ===
Learning Rate = 0.001

TRAIN Stats
Total Loss |Smoke Loss|Fire Loss |    _______|Accuracy |Precision|Recall   |F1       |
-----------|----------|----------|    Smoke  |0.8548   |0.8881   |0.7924   |0.8375   |
28.98      |18.06     |10.92     |    Fire   |0.9349   |0.9182   |0.8806   |0.8990   |

VAL Stats
Total Loss |Smoke Loss|Fire Loss |    _______|Accuracy |Precision|Recall   |F1       |
-----------|----------|----------|    Smoke  |0.8499   |0.9012   |0.7655   |0.8279   |
27.10      |17.90     |9.19      |    Fire   |0.9458   |0.9186   |0.9137   |0.9162   |

Saving model with new best validation loss: 27.0979
Saving model with best Mean F1: 0.8720

=== EPOCH 3/99 ===
Learning Rate = 0.001

TRAIN Stats
Total Loss |Smoke Loss|Fire Loss |    _______|Accuracy |Precision|Recall   |F1       |
-----------|----------|----------|    Smoke  |0.8639   |0.8968   |0.8042   |0.8480   |
27.20      |17.15     |10.05     |    Fire   |0.9410   |0.9227   |0.8954   |0.9089   |

VAL Stats
Total Loss |Smoke Loss|Fire Loss |    _______|Accuracy |Precision|Recall   |F1       |
-----------|----------|----------|    Smoke  |0.8662   |0.8693   |0.8428   |0.8559   |
25.99      |17.59     |8.39      |    Fire   |0.9517   |0.9108   |0.9433   |0.9268   |

Saving model with new best validation loss: 25.9852
Saving model with best Mean F1: 0.8913

=== EPOCH 4/99 ===
Learning Rate = 0.001

TRAIN Stats
Total Loss |Smoke Loss|Fire Loss |    _______|Accuracy |Precision|Recall   |F1       |
-----------|----------|----------|    Smoke  |0.8748   |0.9033   |0.8229   |0.8612   |
25.70      |16.11     |9.59      |    Fire   |0.9429   |0.9247   |0.8996   |0.9120   |

VAL Stats
Total Loss |Smoke Loss|Fire Loss |    _______|Accuracy |Precision|Recall   |F1       |
-----------|----------|----------|    Smoke  |0.8664   |0.9247   |0.7802   |0.8463   |
24.89      |16.92     |7.97      |    Fire   |0.9533   |0.9262   |0.9300   |0.9281   |

Saving model with new best validation loss: 24.8927

=== EPOCH 5/99 ===
Learning Rate = 0.001

TRAIN Stats
Total Loss |Smoke Loss|Fire Loss |    _______|Accuracy |Precision|Recall   |F1       |
-----------|----------|----------|    Smoke  |0.8825   |0.9057   |0.8384   |0.8708   |
24.37      |15.32     |9.04      |    Fire   |0.9469   |0.9302   |0.9066   |0.9182   |

VAL Stats
Total Loss |Smoke Loss|Fire Loss |    _______|Accuracy |Precision|Recall   |F1       |
-----------|----------|----------|    Smoke  |0.8756   |0.9144   |0.8121   |0.8602   |
23.86      |15.72     |8.14      |    Fire   |0.9523   |0.8963   |0.9644   |0.9291   |

Saving model with new best validation loss: 23.8604
Saving model with best Mean F1: 0.8946

=== EPOCH 6/99 ===
Learning Rate = 0.001

TRAIN Stats
Total Loss |Smoke Loss|Fire Loss |    _______|Accuracy |Precision|Recall   |F1       |
-----------|----------|----------|    Smoke  |0.8901   |0.9103   |0.8510   |0.8797   |
23.24      |14.65     |8.59      |    Fire   |0.9482   |0.9295   |0.9115   |0.9204   |

VAL Stats
Total Loss |Smoke Loss|Fire Loss |    _______|Accuracy |Precision|Recall   |F1       |
-----------|----------|----------|    Smoke  |0.8799   |0.9004   |0.8378   |0.8680   |
25.59      |15.51     |10.09     |    Fire   |0.9371   |0.8472   |0.9834   |0.9102   |


=== EPOCH 7/99 ===
Learning Rate = 0.001

TRAIN Stats
Total Loss |Smoke Loss|Fire Loss |    _______|Accuracy |Precision|Recall   |F1       |
-----------|----------|----------|    Smoke  |0.8935   |0.9119   |0.8572   |0.8837   |
22.64      |14.20     |8.44      |    Fire   |0.9506   |0.9324   |0.9162   |0.9242   |

VAL Stats
Total Loss |Smoke Loss|Fire Loss |    _______|Accuracy |Precision|Recall   |F1       |
-----------|----------|----------|    Smoke  |0.8949   |0.9089   |0.8635   |0.8856   |
21.82      |13.97     |7.85      |    Fire   |0.9512   |0.8947   |0.9626   |0.9274   |

Saving model with new best validation loss: 21.8208
Saving model with best Mean F1: 0.9065

=== EPOCH 8/99 ===
Learning Rate = 0.001

TRAIN Stats
Total Loss |Smoke Loss|Fire Loss |    _______|Accuracy |Precision|Recall   |F1       |
-----------|----------|----------|    Smoke  |0.8993   |0.9160   |0.8661   |0.8904   |
21.75      |13.61     |8.14      |    Fire   |0.9518   |0.9358   |0.9163   |0.9259   |

VAL Stats
Total Loss |Smoke Loss|Fire Loss |    _______|Accuracy |Precision|Recall   |F1       |
-----------|----------|----------|    Smoke  |0.8799   |0.9089   |0.8283   |0.8667   |
23.11      |15.82     |7.29      |    Fire   |0.9571   |0.9179   |0.9528   |0.9350   |


=== EPOCH 9/99 ===
Learning Rate = 0.001

TRAIN Stats
Total Loss |Smoke Loss|Fire Loss |    _______|Accuracy |Precision|Recall   |F1       |
-----------|----------|----------|    Smoke  |0.9036   |0.9207   |0.8709   |0.8951   |
21.14      |13.17     |7.97      |    Fire   |0.9538   |0.9378   |0.9205   |0.9291   |

VAL Stats
Total Loss |Smoke Loss|Fire Loss |    _______|Accuracy |Precision|Recall   |F1       |
-----------|----------|----------|    Smoke  |0.8909   |0.9472   |0.8140   |0.8755   |
20.56      |14.25     |6.32      |    Fire   |0.9634   |0.9267   |0.9633   |0.9447   |

Saving model with new best validation loss: 20.5616
Saving model with best Mean F1: 0.9101

=== EPOCH 10/99 ===
Learning Rate = 0.001

TRAIN Stats
Total Loss |Smoke Loss|Fire Loss |    _______|Accuracy |Precision|Recall   |F1       |
-----------|----------|----------|    Smoke  |0.9059   |0.9212   |0.8756   |0.8978   |
20.50      |12.85     |7.66      |    Fire   |0.9549   |0.9386   |0.9233   |0.9309   |

VAL Stats
Total Loss |Smoke Loss|Fire Loss |    _______|Accuracy |Precision|Recall   |F1       |
-----------|----------|----------|    Smoke  |0.9025   |0.9216   |0.8670   |0.8934   |
19.25      |13.00     |6.25      |    Fire   |0.9644   |0.9218   |0.9727   |0.9466   |

Saving model with new best validation loss: 19.2480
Saving model with best Mean F1: 0.9200

=== EPOCH 11/99 ===
Learning Rate = 0.001

TRAIN Stats
Total Loss |Smoke Loss|Fire Loss |    _______|Accuracy |Precision|Recall   |F1       |
-----------|----------|----------|    Smoke  |0.9083   |0.9231   |0.8791   |0.9006   |
20.12      |12.54     |7.58      |    Fire   |0.9553   |0.9399   |0.9232   |0.9315   |

VAL Stats
Total Loss |Smoke Loss|Fire Loss |    _______|Accuracy |Precision|Recall   |F1       |
-----------|----------|----------|    Smoke  |0.8844   |0.8661   |0.8927   |0.8792   |
24.86      |16.06     |8.80      |    Fire   |0.9494   |0.8864   |0.9680   |0.9254   |


=== EPOCH 12/99 ===
Learning Rate = 0.001

TRAIN Stats
Total Loss |Smoke Loss|Fire Loss |    _______|Accuracy |Precision|Recall   |F1       |
-----------|----------|----------|    Smoke  |0.9103   |0.9246   |0.8818   |0.9027   |
19.82      |12.32     |7.50      |    Fire   |0.9561   |0.9408   |0.9247   |0.9327   |

VAL Stats
Total Loss |Smoke Loss|Fire Loss |    _______|Accuracy |Precision|Recall   |F1       |
-----------|----------|----------|    Smoke  |0.9102   |0.9297   |0.8756   |0.9019   |
19.37      |13.03     |6.34      |    Fire   |0.9626   |0.9408   |0.9441   |0.9425   |

Saving model with best Mean F1: 0.9222

=== EPOCH 13/99 ===
Learning Rate = 0.001

TRAIN Stats
Total Loss |Smoke Loss|Fire Loss |    _______|Accuracy |Precision|Recall   |F1       |
-----------|----------|----------|    Smoke  |0.9138   |0.9284   |0.8857   |0.9066   |
19.25      |11.92     |7.33      |    Fire   |0.9573   |0.9418   |0.9274   |0.9345   |

VAL Stats
Total Loss |Smoke Loss|Fire Loss |    _______|Accuracy |Precision|Recall   |F1       |
-----------|----------|----------|    Smoke  |0.9132   |0.9071   |0.9091   |0.9081   |
20.68      |12.33     |8.35      |    Fire   |0.9518   |0.8865   |0.9762   |0.9292   |


=== EPOCH 14/99 ===
Learning Rate = 0.0008

TRAIN Stats
Total Loss |Smoke Loss|Fire Loss |    _______|Accuracy |Precision|Recall   |F1       |
-----------|----------|----------|    Smoke  |0.9195   |0.9333   |0.8932   |0.9128   |
18.26      |11.30     |6.95      |    Fire   |0.9588   |0.9443   |0.9296   |0.9369   |

VAL Stats
Total Loss |Smoke Loss|Fire Loss |    _______|Accuracy |Precision|Recall   |F1       |
-----------|----------|----------|    Smoke  |0.9247   |0.9232   |0.9165   |0.9199   |
19.12      |11.07     |8.05      |    Fire   |0.9542   |0.8863   |0.9849   |0.9330   |

Saving model with new best validation loss: 19.1198
Saving model with best Mean F1: 0.9264

=== EPOCH 15/99 ===
Learning Rate = 0.0008

TRAIN Stats
Total Loss |Smoke Loss|Fire Loss |    _______|Accuracy |Precision|Recall   |F1       |
-----------|----------|----------|    Smoke  |0.9208   |0.9340   |0.8956   |0.9144   |
17.91      |11.07     |6.84      |    Fire   |0.9597   |0.9445   |0.9320   |0.9382   |

VAL Stats
Total Loss |Smoke Loss|Fire Loss |    _______|Accuracy |Precision|Recall   |F1       |
-----------|----------|----------|    Smoke  |0.9211   |0.9121   |0.9213   |0.9167   |
19.57      |11.93     |7.64      |    Fire   |0.9543   |0.8894   |0.9811   |0.9330   |


=== EPOCH 16/99 ===
Learning Rate = 0.0008

TRAIN Stats
Total Loss |Smoke Loss|Fire Loss |    _______|Accuracy |Precision|Recall   |F1       |
-----------|----------|----------|    Smoke  |0.9217   |0.9342   |0.8972   |0.9154   |
17.66      |10.94     |6.72      |    Fire   |0.9613   |0.9484   |0.9330   |0.9406   |

VAL Stats
Total Loss |Smoke Loss|Fire Loss |    _______|Accuracy |Precision|Recall   |F1       |
-----------|----------|----------|    Smoke  |0.9280   |0.9275   |0.9192   |0.9233   |
15.97      |10.34     |5.63      |    Fire   |0.9663   |0.9315   |0.9673   |0.9490   |

Saving model with new best validation loss: 15.9701
Saving model with best Mean F1: 0.9362

=== EPOCH 17/99 ===
Learning Rate = 0.0008

TRAIN Stats
Total Loss |Smoke Loss|Fire Loss |    _______|Accuracy |Precision|Recall   |F1       |
-----------|----------|----------|    Smoke  |0.9236   |0.9358   |0.8998   |0.9175   |
17.36      |10.74     |6.62      |    Fire   |0.9613   |0.9466   |0.9350   |0.9408   |

VAL Stats
Total Loss |Smoke Loss|Fire Loss |    _______|Accuracy |Precision|Recall   |F1       |
-----------|----------|----------|    Smoke  |0.9161   |0.9310   |0.8877   |0.9089   |
17.59      |11.56     |6.03      |    Fire   |0.9663   |0.9345   |0.9635   |0.9488   |


=== EPOCH 18/99 ===
Learning Rate = 0.0008

TRAIN Stats
Total Loss |Smoke Loss|Fire Loss |    _______|Accuracy |Precision|Recall   |F1       |
-----------|----------|----------|    Smoke  |0.9240   |0.9367   |0.8998   |0.9179   |
17.14      |10.62     |6.52      |    Fire   |0.9621   |0.9486   |0.9356   |0.9420   |

VAL Stats
Total Loss |Smoke Loss|Fire Loss |    _______|Accuracy |Precision|Recall   |F1       |
-----------|----------|----------|    Smoke  |0.9185   |0.9107   |0.9170   |0.9138   |
21.25      |11.87     |9.38      |    Fire   |0.9423   |0.8558   |0.9886   |0.9174   |


=== EPOCH 19/99 ===
Learning Rate = 0.0008

TRAIN Stats
Total Loss |Smoke Loss|Fire Loss |    _______|Accuracy |Precision|Recall   |F1       |
-----------|----------|----------|    Smoke  |0.9256   |0.9369   |0.9033   |0.9198   |
17.11      |10.54     |6.58      |    Fire   |0.9621   |0.9486   |0.9355   |0.9420   |

VAL Stats
Total Loss |Smoke Loss|Fire Loss |    _______|Accuracy |Precision|Recall   |F1       |
-----------|----------|----------|    Smoke  |0.9236   |0.9059   |0.9352   |0.9203   |
18.00      |11.41     |6.60      |    Fire   |0.9615   |0.9255   |0.9584   |0.9417   |


=== EPOCH 20/99 ===
Learning Rate = 0.00064

TRAIN Stats
Total Loss |Smoke Loss|Fire Loss |    _______|Accuracy |Precision|Recall   |F1       |
-----------|----------|----------|    Smoke  |0.9296   |0.9408   |0.9079   |0.9241   |
16.18      |10.04     |6.14      |    Fire   |0.9643   |0.9511   |0.9398   |0.9454   |

VAL Stats
Total Loss |Smoke Loss|Fire Loss |    _______|Accuracy |Precision|Recall   |F1       |
-----------|----------|----------|    Smoke  |0.9301   |0.9207   |0.9321   |0.9264   |
17.47      |10.35     |7.13      |    Fire   |0.9582   |0.9011   |0.9784   |0.9382   |


=== EPOCH 21/99 ===
Learning Rate = 0.00064

TRAIN Stats
Total Loss |Smoke Loss|Fire Loss |    _______|Accuracy |Precision|Recall   |F1       |
-----------|----------|----------|    Smoke  |0.9299   |0.9405   |0.9090   |0.9245   |
15.94      |9.91      |6.03      |    Fire   |0.9654   |0.9530   |0.9411   |0.9470   |

VAL Stats
Total Loss |Smoke Loss|Fire Loss |    _______|Accuracy |Precision|Recall   |F1       |
-----------|----------|----------|    Smoke  |0.9281   |0.9189   |0.9294   |0.9242   |
17.19      |10.59     |6.61      |    Fire   |0.9616   |0.9057   |0.9841   |0.9433   |


=== EPOCH 22/99 ===
Learning Rate = 0.00064

TRAIN Stats
Total Loss |Smoke Loss|Fire Loss |    _______|Accuracy |Precision|Recall   |F1       |
-----------|----------|----------|    Smoke  |0.9313   |0.9417   |0.9109   |0.9261   |
15.84      |9.77      |6.06      |    Fire   |0.9644   |0.9518   |0.9393   |0.9455   |

VAL Stats
Total Loss |Smoke Loss|Fire Loss |    _______|Accuracy |Precision|Recall   |F1       |
-----------|----------|----------|    Smoke  |0.9346   |0.9449   |0.9146   |0.9295   |
15.64      |9.92      |5.72      |    Fire   |0.9666   |0.9252   |0.9758   |0.9498   |

Saving model with new best validation loss: 15.6402
Saving model with best Mean F1: 0.9397

=== EPOCH 23/99 ===
Learning Rate = 0.00064

TRAIN Stats
Total Loss |Smoke Loss|Fire Loss |    _______|Accuracy |Precision|Recall   |F1       |
-----------|----------|----------|    Smoke  |0.9311   |0.9419   |0.9102   |0.9258   |
15.58      |9.70      |5.88      |    Fire   |0.9660   |0.9542   |0.9419   |0.9480   |

VAL Stats
Total Loss |Smoke Loss|Fire Loss |    _______|Accuracy |Precision|Recall   |F1       |
-----------|----------|----------|    Smoke  |0.9244   |0.9532   |0.8830   |0.9168   |
17.31      |10.66     |6.65      |    Fire   |0.9613   |0.9113   |0.9758   |0.9424   |


=== EPOCH 24/99 ===
Learning Rate = 0.00064

TRAIN Stats
Total Loss |Smoke Loss|Fire Loss |    _______|Accuracy |Precision|Recall   |F1       |
-----------|----------|----------|    Smoke  |0.9311   |0.9423   |0.9098   |0.9258   |
15.62      |9.69      |5.93      |    Fire   |0.9659   |0.9536   |0.9422   |0.9479   |

VAL Stats
Total Loss |Smoke Loss|Fire Loss |    _______|Accuracy |Precision|Recall   |F1       |
-----------|----------|----------|    Smoke  |0.9278   |0.9546   |0.8891   |0.9207   |
16.46      |10.39     |6.07      |    Fire   |0.9653   |0.9167   |0.9821   |0.9483   |


=== EPOCH 25/99 ===
Learning Rate = 0.00064

TRAIN Stats
Total Loss |Smoke Loss|Fire Loss |    _______|Accuracy |Precision|Recall   |F1       |
-----------|----------|----------|    Smoke  |0.9329   |0.9435   |0.9126   |0.9278   |
15.52      |9.58      |5.94      |    Fire   |0.9657   |0.9534   |0.9417   |0.9475   |

VAL Stats
Total Loss |Smoke Loss|Fire Loss |    _______|Accuracy |Precision|Recall   |F1       |
-----------|----------|----------|    Smoke  |0.9287   |0.9511   |0.8946   |0.9220   |
15.16      |9.97      |5.19      |    Fire   |0.9707   |0.9434   |0.9677   |0.9554   |

Saving model with new best validation loss: 15.1569

=== EPOCH 26/99 ===
Learning Rate = 0.00064

TRAIN Stats
Total Loss |Smoke Loss|Fire Loss |    _______|Accuracy |Precision|Recall   |F1       |
-----------|----------|----------|    Smoke  |0.9334   |0.9436   |0.9136   |0.9283   |
15.30      |9.47      |5.83      |    Fire   |0.9663   |0.9538   |0.9432   |0.9485   |

VAL Stats
Total Loss |Smoke Loss|Fire Loss |    _______|Accuracy |Precision|Recall   |F1       |
-----------|----------|----------|    Smoke  |0.9266   |0.9296   |0.9135   |0.9215   |
17.09      |10.32     |6.76      |    Fire   |0.9604   |0.9094   |0.9750   |0.9411   |


=== EPOCH 27/99 ===
Learning Rate = 0.00064

TRAIN Stats
Total Loss |Smoke Loss|Fire Loss |    _______|Accuracy |Precision|Recall   |F1       |
-----------|----------|----------|    Smoke  |0.9329   |0.9433   |0.9127   |0.9277   |
15.43      |9.56      |5.87      |    Fire   |0.9659   |0.9537   |0.9420   |0.9478   |

VAL Stats
Total Loss |Smoke Loss|Fire Loss |    _______|Accuracy |Precision|Recall   |F1       |
-----------|----------|----------|    Smoke  |0.9254   |0.9184   |0.9239   |0.9211   |
18.23      |11.03     |7.20      |    Fire   |0.9593   |0.8987   |0.9855   |0.9401   |


=== EPOCH 28/99 ===
Learning Rate = 0.00064

TRAIN Stats
Total Loss |Smoke Loss|Fire Loss |    _______|Accuracy |Precision|Recall   |F1       |
-----------|----------|----------|    Smoke  |0.9339   |0.9447   |0.9134   |0.9288   |
15.19      |9.39      |5.80      |    Fire   |0.9664   |0.9542   |0.9432   |0.9486   |

VAL Stats
Total Loss |Smoke Loss|Fire Loss |    _______|Accuracy |Precision|Recall   |F1       |
-----------|----------|----------|    Smoke  |0.9331   |0.9201   |0.9398   |0.9298   |
18.31      |10.04     |8.27      |    Fire   |0.9508   |0.8763   |0.9876   |0.9286   |


=== EPOCH 29/99 ===
Learning Rate = 0.0005120000000000001

TRAIN Stats
Total Loss |Smoke Loss|Fire Loss |    _______|Accuracy |Precision|Recall   |F1       |
-----------|----------|----------|    Smoke  |0.9385   |0.9484   |0.9198   |0.9339   |
14.37      |8.92      |5.45      |    Fire   |0.9686   |0.9574   |0.9467   |0.9520   |

VAL Stats
Total Loss |Smoke Loss|Fire Loss |    _______|Accuracy |Precision|Recall   |F1       |
-----------|----------|----------|    Smoke  |0.9280   |0.9428   |0.9021   |0.9220   |
15.97      |10.10     |5.87      |    Fire   |0.9671   |0.9253   |0.9775   |0.9507   |


=== EPOCH 30/99 ===
Learning Rate = 0.0005120000000000001

TRAIN Stats
Total Loss |Smoke Loss|Fire Loss |    _______|Accuracy |Precision|Recall   |F1       |
-----------|----------|----------|    Smoke  |0.9383   |0.9483   |0.9194   |0.9337   |
14.22      |8.80      |5.42      |    Fire   |0.9683   |0.9572   |0.9457   |0.9514   |

VAL Stats
Total Loss |Smoke Loss|Fire Loss |    _______|Accuracy |Precision|Recall   |F1       |
-----------|----------|----------|    Smoke  |0.9412   |0.9419   |0.9328   |0.9373   |
14.93      |8.85      |6.09      |    Fire   |0.9648   |0.9198   |0.9765   |0.9473   |

Saving model with new best validation loss: 14.9319
Saving model with best Mean F1: 0.9423

=== EPOCH 31/99 ===
Learning Rate = 0.0005120000000000001

TRAIN Stats
Total Loss |Smoke Loss|Fire Loss |    _______|Accuracy |Precision|Recall   |F1       |
-----------|----------|----------|    Smoke  |0.9390   |0.9483   |0.9210   |0.9344   |
14.15      |8.77      |5.38      |    Fire   |0.9686   |0.9584   |0.9456   |0.9520   |

VAL Stats
Total Loss |Smoke Loss|Fire Loss |    _______|Accuracy |Precision|Recall   |F1       |
-----------|----------|----------|    Smoke  |0.9353   |0.9263   |0.9373   |0.9318   |
14.97      |9.49      |5.48      |    Fire   |0.9688   |0.9277   |0.9800   |0.9531   |

Saving model with best Mean F1: 0.9424

=== EPOCH 32/99 ===
Learning Rate = 0.0005120000000000001

TRAIN Stats
Total Loss |Smoke Loss|Fire Loss |    _______|Accuracy |Precision|Recall   |F1       |
-----------|----------|----------|    Smoke  |0.9390   |0.9485   |0.9207   |0.9344   |
13.91      |8.63      |5.27      |    Fire   |0.9706   |0.9602   |0.9500   |0.9551   |

VAL Stats
Total Loss |Smoke Loss|Fire Loss |    _______|Accuracy |Precision|Recall   |F1       |
-----------|----------|----------|    Smoke  |0.9393   |0.9435   |0.9266   |0.9350   |
15.13      |9.21      |5.92      |    Fire   |0.9663   |0.9255   |0.9744   |0.9493   |


=== EPOCH 33/99 ===
Learning Rate = 0.0005120000000000001

TRAIN Stats
Total Loss |Smoke Loss|Fire Loss |    _______|Accuracy |Precision|Recall   |F1       |
-----------|----------|----------|    Smoke  |0.9395   |0.9494   |0.9209   |0.9349   |
13.99      |8.67      |5.31      |    Fire   |0.9696   |0.9593   |0.9478   |0.9535   |

VAL Stats
Total Loss |Smoke Loss|Fire Loss |    _______|Accuracy |Precision|Recall   |F1       |
-----------|----------|----------|    Smoke  |0.9317   |0.9169   |0.9403   |0.9284   |
16.09      |10.10     |5.99      |    Fire   |0.9669   |0.9248   |0.9774   |0.9504   |


=== EPOCH 34/99 ===
Learning Rate = 0.0004096000000000001

TRAIN Stats
Total Loss |Smoke Loss|Fire Loss |    _______|Accuracy |Precision|Recall   |F1       |
-----------|----------|----------|    Smoke  |0.9419   |0.9514   |0.9241   |0.9375   |
13.45      |8.32      |5.12      |    Fire   |0.9700   |0.9588   |0.9495   |0.9542   |

VAL Stats
Total Loss |Smoke Loss|Fire Loss |    _______|Accuracy |Precision|Recall   |F1       |
-----------|----------|----------|    Smoke  |0.9357   |0.9316   |0.9320   |0.9318   |
14.92      |9.49      |5.42      |    Fire   |0.9692   |0.9254   |0.9843   |0.9539   |

Saving model with new best validation loss: 14.9166
Saving model with best Mean F1: 0.9429

=== EPOCH 35/99 ===
Learning Rate = 0.0004096000000000001

TRAIN Stats
Total Loss |Smoke Loss|Fire Loss |    _______|Accuracy |Precision|Recall   |F1       |
-----------|----------|----------|    Smoke  |0.9427   |0.9513   |0.9260   |0.9385   |
13.19      |8.19      |5.00      |    Fire   |0.9713   |0.9616   |0.9507   |0.9561   |

VAL Stats
Total Loss |Smoke Loss|Fire Loss |    _______|Accuracy |Precision|Recall   |F1       |
-----------|----------|----------|    Smoke  |0.9409   |0.9603   |0.9123   |0.9357   |
14.71      |8.41      |6.30      |    Fire   |0.9643   |0.9100   |0.9874   |0.9471   |

Saving model with new best validation loss: 14.7089

=== EPOCH 36/99 ===
Learning Rate = 0.0004096000000000001

TRAIN Stats
Total Loss |Smoke Loss|Fire Loss |    _______|Accuracy |Precision|Recall   |F1       |
-----------|----------|----------|    Smoke  |0.9438   |0.9524   |0.9272   |0.9397   |
13.16      |8.16      |5.00      |    Fire   |0.9719   |0.9620   |0.9520   |0.9570   |

VAL Stats
Total Loss |Smoke Loss|Fire Loss |    _______|Accuracy |Precision|Recall   |F1       |
-----------|----------|----------|    Smoke  |0.9430   |0.9466   |0.9317   |0.9391   |
12.91      |8.37      |4.54      |    Fire   |0.9755   |0.9453   |0.9811   |0.9628   |

Saving model with new best validation loss: 12.9127
Saving model with best Mean F1: 0.9510

=== EPOCH 37/99 ===
Learning Rate = 0.0004096000000000001

TRAIN Stats
Total Loss |Smoke Loss|Fire Loss |    _______|Accuracy |Precision|Recall   |F1       |
-----------|----------|----------|    Smoke  |0.9435   |0.9522   |0.9268   |0.9393   |
13.09      |8.13      |4.96      |    Fire   |0.9718   |0.9622   |0.9515   |0.9568   |

VAL Stats
Total Loss |Smoke Loss|Fire Loss |    _______|Accuracy |Precision|Recall   |F1       |
-----------|----------|----------|    Smoke  |0.9358   |0.9331   |0.9305   |0.9318   |
16.02      |9.64      |6.38      |    Fire   |0.9632   |0.9101   |0.9838   |0.9455   |


=== EPOCH 38/99 ===
Learning Rate = 0.0004096000000000001

TRAIN Stats
Total Loss |Smoke Loss|Fire Loss |    _______|Accuracy |Precision|Recall   |F1       |
-----------|----------|----------|    Smoke  |0.9441   |0.9524   |0.9279   |0.9400   |
13.00      |8.06      |4.94      |    Fire   |0.9720   |0.9620   |0.9524   |0.9572   |

VAL Stats
Total Loss |Smoke Loss|Fire Loss |    _______|Accuracy |Precision|Recall   |F1       |
-----------|----------|----------|    Smoke  |0.9289   |0.9532   |0.8930   |0.9221   |
16.65      |10.32     |6.32      |    Fire   |0.9666   |0.9202   |0.9820   |0.9501   |


=== EPOCH 39/99 ===
Learning Rate = 0.0004096000000000001

TRAIN Stats
Total Loss |Smoke Loss|Fire Loss |    _______|Accuracy |Precision|Recall   |F1       |
-----------|----------|----------|    Smoke  |0.9444   |0.9529   |0.9280   |0.9403   |
12.96      |8.05      |4.91      |    Fire   |0.9718   |0.9618   |0.9522   |0.9570   |

VAL Stats
Total Loss |Smoke Loss|Fire Loss |    _______|Accuracy |Precision|Recall   |F1       |
-----------|----------|----------|    Smoke  |0.9432   |0.9549   |0.9232   |0.9388   |
13.86      |8.29      |5.57      |    Fire   |0.9678   |0.9203   |0.9859   |0.9520   |


=== EPOCH 40/99 ===
Learning Rate = 0.0003276800000000001

TRAIN Stats
Total Loss |Smoke Loss|Fire Loss |    _______|Accuracy |Precision|Recall   |F1       |
-----------|----------|----------|    Smoke  |0.9466   |0.9548   |0.9310   |0.9427   |
12.38      |7.70      |4.68      |    Fire   |0.9731   |0.9632   |0.9548   |0.9590   |

VAL Stats
Total Loss |Smoke Loss|Fire Loss |    _______|Accuracy |Precision|Recall   |F1       |
-----------|----------|----------|    Smoke  |0.9442   |0.9428   |0.9385   |0.9406   |
13.06      |8.46      |4.60      |    Fire   |0.9731   |0.9353   |0.9850   |0.9595   |


=== EPOCH 41/99 ===
Learning Rate = 0.0003276800000000001

TRAIN Stats
Total Loss |Smoke Loss|Fire Loss |    _______|Accuracy |Precision|Recall   |F1       |
-----------|----------|----------|    Smoke  |0.9470   |0.9541   |0.9325   |0.9432   |
12.32      |7.67      |4.65      |    Fire   |0.9735   |0.9640   |0.9551   |0.9596   |

VAL Stats
Total Loss |Smoke Loss|Fire Loss |    _______|Accuracy |Precision|Recall   |F1       |
-----------|----------|----------|    Smoke  |0.9403   |0.9366   |0.9367   |0.9366   |
15.14      |9.13      |6.01      |    Fire   |0.9660   |0.9146   |0.9874   |0.9496   |


=== EPOCH 42/99 ===
Learning Rate = 0.0003276800000000001

TRAIN Stats
Total Loss |Smoke Loss|Fire Loss |    _______|Accuracy |Precision|Recall   |F1       |
-----------|----------|----------|    Smoke  |0.9475   |0.9554   |0.9323   |0.9437   |
12.25      |7.61      |4.64      |    Fire   |0.9735   |0.9639   |0.9551   |0.9595   |

VAL Stats
Total Loss |Smoke Loss|Fire Loss |    _______|Accuracy |Precision|Recall   |F1       |
-----------|----------|----------|    Smoke  |0.9363   |0.9239   |0.9424   |0.9331   |
16.10      |9.56      |6.54      |    Fire   |0.9625   |0.9048   |0.9882   |0.9446   |


=== EPOCH 43/99 ===
Learning Rate = 0.0002621440000000001

TRAIN Stats
Total Loss |Smoke Loss|Fire Loss |    _______|Accuracy |Precision|Recall   |F1       |
-----------|----------|----------|    Smoke  |0.9492   |0.9566   |0.9347   |0.9456   |
11.84      |7.38      |4.45      |    Fire   |0.9744   |0.9651   |0.9566   |0.9609   |

VAL Stats
Total Loss |Smoke Loss|Fire Loss |    _______|Accuracy |Precision|Recall   |F1       |
-----------|----------|----------|    Smoke  |0.9426   |0.9507   |0.9264   |0.9384   |
15.15      |8.58      |6.58      |    Fire   |0.9641   |0.9139   |0.9816   |0.9466   |


=== EPOCH 44/99 ===
Learning Rate = 0.0002621440000000001

TRAIN Stats
Total Loss |Smoke Loss|Fire Loss |    _______|Accuracy |Precision|Recall   |F1       |
-----------|----------|----------|    Smoke  |0.9498   |0.9572   |0.9356   |0.9463   |
11.64      |7.30      |4.34      |    Fire   |0.9756   |0.9673   |0.9582   |0.9628   |

VAL Stats
Total Loss |Smoke Loss|Fire Loss |    _______|Accuracy |Precision|Recall   |F1       |
-----------|----------|----------|    Smoke  |0.9350   |0.9168   |0.9480   |0.9322   |
17.43      |10.26     |7.16      |    Fire   |0.9604   |0.8992   |0.9886   |0.9418   |


=== EPOCH 45/99 ===
Learning Rate = 0.0002621440000000001

TRAIN Stats
Total Loss |Smoke Loss|Fire Loss |    _______|Accuracy |Precision|Recall   |F1       |
-----------|----------|----------|    Smoke  |0.9501   |0.9570   |0.9363   |0.9465   |
11.67      |7.27      |4.40      |    Fire   |0.9747   |0.9661   |0.9566   |0.9613   |

VAL Stats
Total Loss |Smoke Loss|Fire Loss |    _______|Accuracy |Precision|Recall   |F1       |
-----------|----------|----------|    Smoke  |0.9469   |0.9519   |0.9347   |0.9432   |
12.45      |8.02      |4.42      |    Fire   |0.9748   |0.9468   |0.9772   |0.9617   |

Saving model with new best validation loss: 12.4452
Saving model with best Mean F1: 0.9525

=== EPOCH 46/99 ===
Learning Rate = 0.0002621440000000001

TRAIN Stats
Total Loss |Smoke Loss|Fire Loss |    _______|Accuracy |Precision|Recall   |F1       |
-----------|----------|----------|    Smoke  |0.9517   |0.9587   |0.9380   |0.9483   |
11.46      |7.11      |4.35      |    Fire   |0.9752   |0.9668   |0.9575   |0.9621   |

VAL Stats
Total Loss |Smoke Loss|Fire Loss |    _______|Accuracy |Precision|Recall   |F1       |
-----------|----------|----------|    Smoke  |0.9445   |0.9445   |0.9373   |0.9409   |
13.24      |8.13      |5.11      |    Fire   |0.9716   |0.9306   |0.9860   |0.9575   |


=== EPOCH 47/99 ===
Learning Rate = 0.0002621440000000001

TRAIN Stats
Total Loss |Smoke Loss|Fire Loss |    _______|Accuracy |Precision|Recall   |F1       |
-----------|----------|----------|    Smoke  |0.9504   |0.9577   |0.9363   |0.9469   |
11.60      |7.26      |4.34      |    Fire   |0.9752   |0.9658   |0.9586   |0.9622   |

VAL Stats
Total Loss |Smoke Loss|Fire Loss |    _______|Accuracy |Precision|Recall   |F1       |
-----------|----------|----------|    Smoke  |0.9448   |0.9360   |0.9477   |0.9418   |
13.31      |8.47      |4.84      |    Fire   |0.9730   |0.9375   |0.9821   |0.9593   |


=== EPOCH 48/99 ===
Learning Rate = 0.0002621440000000001

TRAIN Stats
Total Loss |Smoke Loss|Fire Loss |    _______|Accuracy |Precision|Recall   |F1       |
-----------|----------|----------|    Smoke  |0.9512   |0.9585   |0.9371   |0.9477   |
11.52      |7.12      |4.40      |    Fire   |0.9752   |0.9670   |0.9572   |0.9620   |

VAL Stats
Total Loss |Smoke Loss|Fire Loss |    _______|Accuracy |Precision|Recall   |F1       |
-----------|----------|----------|    Smoke  |0.9498   |0.9575   |0.9350   |0.9461   |
12.19      |7.64      |4.55      |    Fire   |0.9751   |0.9435   |0.9821   |0.9624   |

Saving model with new best validation loss: 12.1943
Saving model with best Mean F1: 0.9543

=== EPOCH 49/99 ===
Learning Rate = 0.0002621440000000001

TRAIN Stats
Total Loss |Smoke Loss|Fire Loss |    _______|Accuracy |Precision|Recall   |F1       |
-----------|----------|----------|    Smoke  |0.9502   |0.9577   |0.9358   |0.9466   |
11.54      |7.19      |4.35      |    Fire   |0.9752   |0.9664   |0.9577   |0.9620   |

VAL Stats
Total Loss |Smoke Loss|Fire Loss |    _______|Accuracy |Precision|Recall   |F1       |
-----------|----------|----------|    Smoke  |0.9439   |0.9443   |0.9362   |0.9403   |
14.93      |8.32      |6.61      |    Fire   |0.9642   |0.9112   |0.9857   |0.9470   |


=== EPOCH 50/99 ===
Learning Rate = 0.0002621440000000001

TRAIN Stats
Total Loss |Smoke Loss|Fire Loss |    _______|Accuracy |Precision|Recall   |F1       |
-----------|----------|----------|    Smoke  |0.9508   |0.9584   |0.9365   |0.9473   |
11.48      |7.14      |4.34      |    Fire   |0.9754   |0.9669   |0.9580   |0.9624   |

VAL Stats
Total Loss |Smoke Loss|Fire Loss |    _______|Accuracy |Precision|Recall   |F1       |
-----------|----------|----------|    Smoke  |0.9495   |0.9593   |0.9323   |0.9456   |
12.08      |7.38      |4.71      |    Fire   |0.9743   |0.9413   |0.9821   |0.9613   |

Saving model with new best validation loss: 12.0835

=== EPOCH 51/99 ===
Learning Rate = 0.0002621440000000001

TRAIN Stats
Total Loss |Smoke Loss|Fire Loss |    _______|Accuracy |Precision|Recall   |F1       |
-----------|----------|----------|    Smoke  |0.9515   |0.9583   |0.9381   |0.9481   |
11.28      |7.05      |4.23      |    Fire   |0.9763   |0.9683   |0.9593   |0.9638   |

VAL Stats
Total Loss |Smoke Loss|Fire Loss |    _______|Accuracy |Precision|Recall   |F1       |
-----------|----------|----------|    Smoke  |0.9433   |0.9309   |0.9504   |0.9405   |
15.03      |8.57      |6.47      |    Fire   |0.9635   |0.9094   |0.9857   |0.9460   |


=== EPOCH 52/99 ===
Learning Rate = 0.0002621440000000001

TRAIN Stats
Total Loss |Smoke Loss|Fire Loss |    _______|Accuracy |Precision|Recall   |F1       |
-----------|----------|----------|    Smoke  |0.9521   |0.9593   |0.9383   |0.9487   |
11.41      |7.11      |4.30      |    Fire   |0.9757   |0.9670   |0.9587   |0.9628   |

VAL Stats
Total Loss |Smoke Loss|Fire Loss |    _______|Accuracy |Precision|Recall   |F1       |
-----------|----------|----------|    Smoke  |0.9494   |0.9630   |0.9283   |0.9453   |
13.09      |7.72      |5.37      |    Fire   |0.9711   |0.9284   |0.9871   |0.9568   |


=== EPOCH 53/99 ===
Learning Rate = 0.0002621440000000001

TRAIN Stats
Total Loss |Smoke Loss|Fire Loss |    _______|Accuracy |Precision|Recall   |F1       |
-----------|----------|----------|    Smoke  |0.9516   |0.9578   |0.9387   |0.9482   |
11.44      |7.09      |4.35      |    Fire   |0.9752   |0.9664   |0.9579   |0.9621   |

VAL Stats
Total Loss |Smoke Loss|Fire Loss |    _______|Accuracy |Precision|Recall   |F1       |
-----------|----------|----------|    Smoke  |0.9424   |0.9406   |0.9369   |0.9388   |
14.19      |8.33      |5.85      |    Fire   |0.9686   |0.9228   |0.9855   |0.9531   |


=== EPOCH 54/99 ===
Learning Rate = 0.00020971520000000012

TRAIN Stats
Total Loss |Smoke Loss|Fire Loss |    _______|Accuracy |Precision|Recall   |F1       |
-----------|----------|----------|    Smoke  |0.9547   |0.9605   |0.9427   |0.9515   |
10.83      |6.75      |4.09      |    Fire   |0.9767   |0.9687   |0.9602   |0.9645   |

VAL Stats
Total Loss |Smoke Loss|Fire Loss |    _______|Accuracy |Precision|Recall   |F1       |
-----------|----------|----------|    Smoke  |0.9480   |0.9539   |0.9348   |0.9443   |
13.12      |7.52      |5.59      |    Fire   |0.9701   |0.9282   |0.9840   |0.9553   |


=== EPOCH 55/99 ===
Learning Rate = 0.00020971520000000012

TRAIN Stats
Total Loss |Smoke Loss|Fire Loss |    _______|Accuracy |Precision|Recall   |F1       |
-----------|----------|----------|    Smoke  |0.9540   |0.9609   |0.9408   |0.9508   |
10.88      |6.77      |4.11      |    Fire   |0.9768   |0.9694   |0.9596   |0.9645   |

VAL Stats
Total Loss |Smoke Loss|Fire Loss |    _______|Accuracy |Precision|Recall   |F1       |
-----------|----------|----------|    Smoke  |0.9498   |0.9563   |0.9362   |0.9462   |
12.35      |7.60      |4.75      |    Fire   |0.9743   |0.9384   |0.9853   |0.9613   |


=== EPOCH 56/99 ===
Learning Rate = 0.00020971520000000012

TRAIN Stats
Total Loss |Smoke Loss|Fire Loss |    _______|Accuracy |Precision|Recall   |F1       |
-----------|----------|----------|    Smoke  |0.9526   |0.9596   |0.9391   |0.9493   |
10.96      |6.85      |4.11      |    Fire   |0.9770   |0.9697   |0.9601   |0.9649   |

VAL Stats
Total Loss |Smoke Loss|Fire Loss |    _______|Accuracy |Precision|Recall   |F1       |
-----------|----------|----------|    Smoke  |0.9471   |0.9529   |0.9340   |0.9434   |
12.51      |7.77      |4.74      |    Fire   |0.9734   |0.9392   |0.9815   |0.9599   |


=== EPOCH 57/99 ===
Learning Rate = 0.0001677721600000001

TRAIN Stats
Total Loss |Smoke Loss|Fire Loss |    _______|Accuracy |Precision|Recall   |F1       |
-----------|----------|----------|    Smoke  |0.9556   |0.9618   |0.9433   |0.9525   |
10.50      |6.55      |3.95      |    Fire   |0.9781   |0.9701   |0.9629   |0.9665   |

VAL Stats
Total Loss |Smoke Loss|Fire Loss |    _______|Accuracy |Precision|Recall   |F1       |
-----------|----------|----------|    Smoke  |0.9477   |0.9417   |0.9478   |0.9447   |
13.73      |8.18      |5.55      |    Fire   |0.9689   |0.9197   |0.9905   |0.9538   |


=== EPOCH 58/99 ===
Learning Rate = 0.0001677721600000001

TRAIN Stats
Total Loss |Smoke Loss|Fire Loss |    _______|Accuracy |Precision|Recall   |F1       |
-----------|----------|----------|    Smoke  |0.9559   |0.9620   |0.9439   |0.9528   |
10.52      |6.54      |3.98      |    Fire   |0.9781   |0.9699   |0.9631   |0.9665   |

VAL Stats
Total Loss |Smoke Loss|Fire Loss |    _______|Accuracy |Precision|Recall   |F1       |
-----------|----------|----------|    Smoke  |0.9478   |0.9612   |0.9267   |0.9436   |
11.82      |7.67      |4.15      |    Fire   |0.9768   |0.9567   |0.9725   |0.9645   |

Saving model with new best validation loss: 11.8249

=== EPOCH 59/99 ===
Learning Rate = 0.0001677721600000001

TRAIN Stats
Total Loss |Smoke Loss|Fire Loss |    _______|Accuracy |Precision|Recall   |F1       |
-----------|----------|----------|    Smoke  |0.9554   |0.9615   |0.9433   |0.9523   |
10.29      |6.47      |3.81      |    Fire   |0.9787   |0.9712   |0.9637   |0.9674   |

VAL Stats
Total Loss |Smoke Loss|Fire Loss |    _______|Accuracy |Precision|Recall   |F1       |
-----------|----------|----------|    Smoke  |0.9483   |0.9571   |0.9321   |0.9445   |
12.70      |7.81      |4.89      |    Fire   |0.9738   |0.9364   |0.9862   |0.9606   |


=== EPOCH 60/99 ===
Learning Rate = 0.0001677721600000001

TRAIN Stats
Total Loss |Smoke Loss|Fire Loss |    _______|Accuracy |Precision|Recall   |F1       |
-----------|----------|----------|    Smoke  |0.9563   |0.9625   |0.9442   |0.9532   |
10.21      |6.41      |3.80      |    Fire   |0.9786   |0.9716   |0.9629   |0.9673   |

VAL Stats
Total Loss |Smoke Loss|Fire Loss |    _______|Accuracy |Precision|Recall   |F1       |
-----------|----------|----------|    Smoke  |0.9445   |0.9372   |0.9457   |0.9414   |
13.57      |8.51      |5.06      |    Fire   |0.9724   |0.9349   |0.9834   |0.9585   |


=== EPOCH 61/99 ===
Learning Rate = 0.0001677721600000001

TRAIN Stats
Total Loss |Smoke Loss|Fire Loss |    _______|Accuracy |Precision|Recall   |F1       |
-----------|----------|----------|    Smoke  |0.9564   |0.9621   |0.9447   |0.9533   |
10.29      |6.43      |3.86      |    Fire   |0.9784   |0.9712   |0.9629   |0.9670   |

VAL Stats
Total Loss |Smoke Loss|Fire Loss |    _______|Accuracy |Precision|Recall   |F1       |
-----------|----------|----------|    Smoke  |0.9422   |0.9245   |0.9554   |0.9397   |
16.68      |9.12      |7.57      |    Fire   |0.9578   |0.8917   |0.9901   |0.9383   |


=== EPOCH 62/99 ===
Learning Rate = 0.00013421772800000008

TRAIN Stats
Total Loss |Smoke Loss|Fire Loss |    _______|Accuracy |Precision|Recall   |F1       |
-----------|----------|----------|    Smoke  |0.9576   |0.9641   |0.9454   |0.9547   |
10.01      |6.26      |3.76      |    Fire   |0.9791   |0.9721   |0.9642   |0.9681   |

VAL Stats
Total Loss |Smoke Loss|Fire Loss |    _______|Accuracy |Precision|Recall   |F1       |
-----------|----------|----------|    Smoke  |0.9527   |0.9514   |0.9481   |0.9498   |
11.08      |7.17      |3.91      |    Fire   |0.9790   |0.9539   |0.9826   |0.9681   |

Saving model with new best validation loss: 11.0786
Saving model with best Mean F1: 0.9589

=== EPOCH 63/99 ===
Learning Rate = 0.00013421772800000008

TRAIN Stats
Total Loss |Smoke Loss|Fire Loss |    _______|Accuracy |Precision|Recall   |F1       |
-----------|----------|----------|    Smoke  |0.9580   |0.9637   |0.9466   |0.9551   |
9.87       |6.20      |3.67      |    Fire   |0.9795   |0.9724   |0.9651   |0.9688   |

VAL Stats
Total Loss |Smoke Loss|Fire Loss |    _______|Accuracy |Precision|Recall   |F1       |
-----------|----------|----------|    Smoke  |0.9507   |0.9468   |0.9488   |0.9478   |
12.02      |7.65      |4.37      |    Fire   |0.9760   |0.9485   |0.9792   |0.9636   |


=== EPOCH 64/99 ===
Learning Rate = 0.00013421772800000008

TRAIN Stats
Total Loss |Smoke Loss|Fire Loss |    _______|Accuracy |Precision|Recall   |F1       |
-----------|----------|----------|    Smoke  |0.9584   |0.9644   |0.9468   |0.9555   |
9.91       |6.18      |3.73      |    Fire   |0.9790   |0.9719   |0.9640   |0.9680   |

VAL Stats
Total Loss |Smoke Loss|Fire Loss |    _______|Accuracy |Precision|Recall   |F1       |
-----------|----------|----------|    Smoke  |0.9523   |0.9576   |0.9406   |0.9490   |
12.06      |7.27      |4.79      |    Fire   |0.9738   |0.9405   |0.9811   |0.9604   |


=== EPOCH 65/99 ===
Learning Rate = 0.00013421772800000008

TRAIN Stats
Total Loss |Smoke Loss|Fire Loss |    _______|Accuracy |Precision|Recall   |F1       |
-----------|----------|----------|    Smoke  |0.9577   |0.9636   |0.9462   |0.9548   |
9.86       |6.15      |3.71      |    Fire   |0.9787   |0.9710   |0.9639   |0.9674   |

VAL Stats
Total Loss |Smoke Loss|Fire Loss |    _______|Accuracy |Precision|Recall   |F1       |
-----------|----------|----------|    Smoke  |0.9521   |0.9623   |0.9350   |0.9485   |
11.60      |7.17      |4.44      |    Fire   |0.9772   |0.9483   |0.9834   |0.9655   |


=== EPOCH 66/99 ===
Learning Rate = 0.00010737418240000007

TRAIN Stats
Total Loss |Smoke Loss|Fire Loss |    _______|Accuracy |Precision|Recall   |F1       |
-----------|----------|----------|    Smoke  |0.9597   |0.9651   |0.9489   |0.9569   |
9.57       |5.93      |3.63      |    Fire   |0.9798   |0.9731   |0.9652   |0.9691   |

VAL Stats
Total Loss |Smoke Loss|Fire Loss |    _______|Accuracy |Precision|Recall   |F1       |
-----------|----------|----------|    Smoke  |0.9501   |0.9541   |0.9394   |0.9467   |
12.73      |7.62      |5.11      |    Fire   |0.9728   |0.9319   |0.9883   |0.9593   |


=== EPOCH 67/99 ===
Learning Rate = 0.00010737418240000007

TRAIN Stats
Total Loss |Smoke Loss|Fire Loss |    _______|Accuracy |Precision|Recall   |F1       |
-----------|----------|----------|    Smoke  |0.9595   |0.9657   |0.9478   |0.9567   |
9.49       |5.95      |3.53      |    Fire   |0.9804   |0.9742   |0.9659   |0.9700   |

VAL Stats
Total Loss |Smoke Loss|Fire Loss |    _______|Accuracy |Precision|Recall   |F1       |
-----------|----------|----------|    Smoke  |0.9500   |0.9502   |0.9434   |0.9468   |
12.66      |7.59      |5.07      |    Fire   |0.9730   |0.9346   |0.9858   |0.9595   |


=== EPOCH 68/99 ===
Learning Rate = 0.00010737418240000007

TRAIN Stats
Total Loss |Smoke Loss|Fire Loss |    _______|Accuracy |Precision|Recall   |F1       |
-----------|----------|----------|    Smoke  |0.9603   |0.9661   |0.9493   |0.9576   |
9.48       |5.90      |3.59      |    Fire   |0.9798   |0.9734   |0.9649   |0.9691   |

VAL Stats
Total Loss |Smoke Loss|Fire Loss |    _______|Accuracy |Precision|Recall   |F1       |
-----------|----------|----------|    Smoke  |0.9498   |0.9441   |0.9497   |0.9469   |
13.98      |7.77      |6.21      |    Fire   |0.9672   |0.9154   |0.9905   |0.9514   |


=== EPOCH 69/99 ===
Learning Rate = 8.589934592000007e-05

TRAIN Stats
Total Loss |Smoke Loss|Fire Loss |    _______|Accuracy |Precision|Recall   |F1       |
-----------|----------|----------|    Smoke  |0.9612   |0.9669   |0.9503   |0.9585   |
9.18       |5.75      |3.43      |    Fire   |0.9809   |0.9745   |0.9673   |0.9709   |

VAL Stats
Total Loss |Smoke Loss|Fire Loss |    _______|Accuracy |Precision|Recall   |F1       |
-----------|----------|----------|    Smoke  |0.9515   |0.9497   |0.9472   |0.9485   |
12.68      |7.50      |5.18      |    Fire   |0.9718   |0.9292   |0.9883   |0.9578   |


=== EPOCH 70/99 ===
Learning Rate = 8.589934592000007e-05

TRAIN Stats
Total Loss |Smoke Loss|Fire Loss |    _______|Accuracy |Precision|Recall   |F1       |
-----------|----------|----------|    Smoke  |0.9606   |0.9662   |0.9497   |0.9579   |
9.29       |5.84      |3.45      |    Fire   |0.9805   |0.9738   |0.9669   |0.9703   |

VAL Stats
Total Loss |Smoke Loss|Fire Loss |    _______|Accuracy |Precision|Recall   |F1       |
-----------|----------|----------|    Smoke  |0.9516   |0.9513   |0.9457   |0.9485   |
12.10      |7.47      |4.63      |    Fire   |0.9748   |0.9381   |0.9874   |0.9621   |


=== EPOCH 71/99 ===
Learning Rate = 8.589934592000007e-05

TRAIN Stats
Total Loss |Smoke Loss|Fire Loss |    _______|Accuracy |Precision|Recall   |F1       |
-----------|----------|----------|    Smoke  |0.9613   |0.9665   |0.9510   |0.9587   |
9.19       |5.73      |3.46      |    Fire   |0.9810   |0.9746   |0.9675   |0.9710   |

VAL Stats
Total Loss |Smoke Loss|Fire Loss |    _______|Accuracy |Precision|Recall   |F1       |
-----------|----------|----------|    Smoke  |0.9541   |0.9566   |0.9455   |0.9510   |
11.70      |7.08      |4.62      |    Fire   |0.9757   |0.9426   |0.9849   |0.9633   |


=== EPOCH 72/99 ===
Learning Rate = 6.871947673600006e-05

TRAIN Stats
Total Loss |Smoke Loss|Fire Loss |    _______|Accuracy |Precision|Recall   |F1       |
-----------|----------|----------|    Smoke  |0.9621   |0.9666   |0.9526   |0.9596   |
8.98       |5.62      |3.36      |    Fire   |0.9812   |0.9754   |0.9672   |0.9713   |

VAL Stats
Total Loss |Smoke Loss|Fire Loss |    _______|Accuracy |Precision|Recall   |F1       |
-----------|----------|----------|    Smoke  |0.9495   |0.9458   |0.9471   |0.9464   |
12.83      |7.86      |4.97      |    Fire   |0.9751   |0.9388   |0.9877   |0.9626   |


=== EPOCH 73/99 ===
Learning Rate = 6.871947673600006e-05

TRAIN Stats
Total Loss |Smoke Loss|Fire Loss |    _______|Accuracy |Precision|Recall   |F1       |
-----------|----------|----------|    Smoke  |0.9627   |0.9672   |0.9532   |0.9602   |
8.98       |5.60      |3.38      |    Fire   |0.9813   |0.9753   |0.9675   |0.9714   |

VAL Stats
Total Loss |Smoke Loss|Fire Loss |    _______|Accuracy |Precision|Recall   |F1       |
-----------|----------|----------|    Smoke  |0.9513   |0.9499   |0.9465   |0.9482   |
13.58      |7.53      |6.05      |    Fire   |0.9688   |0.9216   |0.9876   |0.9535   |


=== EPOCH 74/99 ===
Learning Rate = 6.871947673600006e-05

TRAIN Stats
Total Loss |Smoke Loss|Fire Loss |    _______|Accuracy |Precision|Recall   |F1       |
-----------|----------|----------|    Smoke  |0.9622   |0.9676   |0.9517   |0.9596   |
8.97       |5.61      |3.36      |    Fire   |0.9811   |0.9755   |0.9668   |0.9712   |

VAL Stats
Total Loss |Smoke Loss|Fire Loss |    _______|Accuracy |Precision|Recall   |F1       |
-----------|----------|----------|    Smoke  |0.9534   |0.9521   |0.9488   |0.9505   |
12.88      |7.33      |5.54      |    Fire   |0.9713   |0.9303   |0.9853   |0.9570   |


=== EPOCH 75/99 ===
Learning Rate = 5.497558138880005e-05

TRAIN Stats
Total Loss |Smoke Loss|Fire Loss |    _______|Accuracy |Precision|Recall   |F1       |
-----------|----------|----------|    Smoke  |0.9639   |0.9691   |0.9539   |0.9614   |
8.80       |5.48      |3.32      |    Fire   |0.9817   |0.9762   |0.9679   |0.9720   |

VAL Stats
Total Loss |Smoke Loss|Fire Loss |    _______|Accuracy |Precision|Recall   |F1       |
-----------|----------|----------|    Smoke  |0.9529   |0.9485   |0.9518   |0.9502   |
13.19      |7.37      |5.83      |    Fire   |0.9693   |0.9236   |0.9869   |0.9542   |


=== EPOCH 76/99 ===
Learning Rate = 5.497558138880005e-05

TRAIN Stats
Total Loss |Smoke Loss|Fire Loss |    _______|Accuracy |Precision|Recall   |F1       |
-----------|----------|----------|    Smoke  |0.9632   |0.9681   |0.9534   |0.9607   |
8.73       |5.49      |3.24      |    Fire   |0.9821   |0.9762   |0.9693   |0.9727   |

VAL Stats
Total Loss |Smoke Loss|Fire Loss |    _______|Accuracy |Precision|Recall   |F1       |
-----------|----------|----------|    Smoke  |0.9527   |0.9487   |0.9510   |0.9499   |
12.14      |7.31      |4.83      |    Fire   |0.9750   |0.9391   |0.9871   |0.9625   |


=== EPOCH 77/99 ===
Learning Rate = 5.497558138880005e-05

TRAIN Stats
Total Loss |Smoke Loss|Fire Loss |    _______|Accuracy |Precision|Recall   |F1       |
-----------|----------|----------|    Smoke  |0.9637   |0.9684   |0.9544   |0.9613   |
8.71       |5.41      |3.30      |    Fire   |0.9821   |0.9766   |0.9688   |0.9727   |

VAL Stats
Total Loss |Smoke Loss|Fire Loss |    _______|Accuracy |Precision|Recall   |F1       |
-----------|----------|----------|    Smoke  |0.9554   |0.9529   |0.9525   |0.9527   |
12.40      |7.05      |5.36      |    Fire   |0.9717   |0.9293   |0.9880   |0.9577   |


=== EPOCH 78/99 ===
Learning Rate = 4.3980465111040044e-05

TRAIN Stats
Total Loss |Smoke Loss|Fire Loss |    _______|Accuracy |Precision|Recall   |F1       |
-----------|----------|----------|    Smoke  |0.9641   |0.9689   |0.9546   |0.9617   |
8.60       |5.42      |3.18      |    Fire   |0.9827   |0.9770   |0.9701   |0.9735   |

VAL Stats
Total Loss |Smoke Loss|Fire Loss |    _______|Accuracy |Precision|Recall   |F1       |
-----------|----------|----------|    Smoke  |0.9537   |0.9545   |0.9471   |0.9507   |
12.20      |7.04      |5.16      |    Fire   |0.9727   |0.9320   |0.9877   |0.9590   |


=== EPOCH 79/99 ===
Learning Rate = 4.3980465111040044e-05

TRAIN Stats
Total Loss |Smoke Loss|Fire Loss |    _______|Accuracy |Precision|Recall   |F1       |
-----------|----------|----------|    Smoke  |0.9644   |0.9691   |0.9550   |0.9620   |
8.61       |5.36      |3.25      |    Fire   |0.9822   |0.9760   |0.9697   |0.9728   |

VAL Stats
Total Loss |Smoke Loss|Fire Loss |    _______|Accuracy |Precision|Recall   |F1       |
-----------|----------|----------|    Smoke  |0.9543   |0.9556   |0.9471   |0.9513   |
11.94      |6.98      |4.96      |    Fire   |0.9744   |0.9368   |0.9876   |0.9615   |


=== EPOCH 80/99 ===
Learning Rate = 4.3980465111040044e-05

TRAIN Stats
Total Loss |Smoke Loss|Fire Loss |    _______|Accuracy |Precision|Recall   |F1       |
-----------|----------|----------|    Smoke  |0.9643   |0.9690   |0.9549   |0.9619   |
8.58       |5.39      |3.19      |    Fire   |0.9825   |0.9763   |0.9702   |0.9732   |

VAL Stats
Total Loss |Smoke Loss|Fire Loss |    _______|Accuracy |Precision|Recall   |F1       |
-----------|----------|----------|    Smoke  |0.9551   |0.9576   |0.9467   |0.9521   |
11.50      |6.79      |4.71      |    Fire   |0.9751   |0.9400   |0.9860   |0.9625   |


=== EPOCH 81/99 ===
Learning Rate = 3.5184372088832036e-05

TRAIN Stats
Total Loss |Smoke Loss|Fire Loss |    _______|Accuracy |Precision|Recall   |F1       |
-----------|----------|----------|    Smoke  |0.9647   |0.9698   |0.9550   |0.9624   |
8.45       |5.27      |3.18      |    Fire   |0.9828   |0.9778   |0.9697   |0.9738   |

VAL Stats
Total Loss |Smoke Loss|Fire Loss |    _______|Accuracy |Precision|Recall   |F1       |
-----------|----------|----------|    Smoke  |0.9519   |0.9477   |0.9504   |0.9490   |
13.21      |7.62      |5.60      |    Fire   |0.9706   |0.9265   |0.9878   |0.9562   |


=== EPOCH 82/99 ===
Learning Rate = 3.5184372088832036e-05

TRAIN Stats
Total Loss |Smoke Loss|Fire Loss |    _______|Accuracy |Precision|Recall   |F1       |
-----------|----------|----------|    Smoke  |0.9648   |0.9699   |0.9550   |0.9624   |
8.43       |5.28      |3.15      |    Fire   |0.9826   |0.9776   |0.9694   |0.9735   |

VAL Stats
Total Loss |Smoke Loss|Fire Loss |    _______|Accuracy |Precision|Recall   |F1       |
-----------|----------|----------|    Smoke  |0.9523   |0.9508   |0.9478   |0.9493   |
12.53      |7.38      |5.15      |    Fire   |0.9733   |0.9344   |0.9869   |0.9600   |


=== EPOCH 83/99 ===
Learning Rate = 3.5184372088832036e-05

TRAIN Stats
Total Loss |Smoke Loss|Fire Loss |    _______|Accuracy |Precision|Recall   |F1       |
-----------|----------|----------|    Smoke  |0.9652   |0.9702   |0.9557   |0.9629   |
8.28       |5.20      |3.08      |    Fire   |0.9832   |0.9771   |0.9715   |0.9743   |

VAL Stats
Total Loss |Smoke Loss|Fire Loss |    _______|Accuracy |Precision|Recall   |F1       |
-----------|----------|----------|    Smoke  |0.9540   |0.9578   |0.9441   |0.9509   |
12.30      |7.12      |5.18      |    Fire   |0.9727   |0.9320   |0.9877   |0.9590   |


=== EPOCH 84/99 ===
Learning Rate = 2.814749767106563e-05

TRAIN Stats
Total Loss |Smoke Loss|Fire Loss |    _______|Accuracy |Precision|Recall   |F1       |
-----------|----------|----------|    Smoke  |0.9656   |0.9705   |0.9561   |0.9633   |
8.24       |5.17      |3.08      |    Fire   |0.9835   |0.9781   |0.9716   |0.9748   |

VAL Stats
Total Loss |Smoke Loss|Fire Loss |    _______|Accuracy |Precision|Recall   |F1       |
-----------|----------|----------|    Smoke  |0.9526   |0.9509   |0.9485   |0.9497   |
12.06      |7.54      |4.53      |    Fire   |0.9763   |0.9445   |0.9847   |0.9642   |


=== EPOCH 85/99 ===
Learning Rate = 2.814749767106563e-05

TRAIN Stats
Total Loss |Smoke Loss|Fire Loss |    _______|Accuracy |Precision|Recall   |F1       |
-----------|----------|----------|    Smoke  |0.9657   |0.9700   |0.9569   |0.9634   |
8.22       |5.16      |3.06      |    Fire   |0.9833   |0.9779   |0.9710   |0.9744   |

VAL Stats
Total Loss |Smoke Loss|Fire Loss |    _______|Accuracy |Precision|Recall   |F1       |
-----------|----------|----------|    Smoke  |0.9526   |0.9449   |0.9552   |0.9500   |
13.31      |7.72      |5.60      |    Fire   |0.9704   |0.9260   |0.9877   |0.9559   |


=== EPOCH 86/99 ===
Learning Rate = 2.814749767106563e-05

TRAIN Stats
Total Loss |Smoke Loss|Fire Loss |    _______|Accuracy |Precision|Recall   |F1       |
-----------|----------|----------|    Smoke  |0.9659   |0.9704   |0.9570   |0.9636   |
8.20       |5.11      |3.09      |    Fire   |0.9831   |0.9776   |0.9709   |0.9742   |

VAL Stats
Total Loss |Smoke Loss|Fire Loss |    _______|Accuracy |Precision|Recall   |F1       |
-----------|----------|----------|    Smoke  |0.9522   |0.9538   |0.9444   |0.9491   |
12.77      |7.45      |5.33      |    Fire   |0.9720   |0.9298   |0.9883   |0.9582   |


=== EPOCH 87/99 ===
Learning Rate = 2.2517998136852506e-05

TRAIN Stats
Total Loss |Smoke Loss|Fire Loss |    _______|Accuracy |Precision|Recall   |F1       |
-----------|----------|----------|    Smoke  |0.9657   |0.9708   |0.9560   |0.9634   |
8.26       |5.20      |3.06      |    Fire   |0.9831   |0.9779   |0.9704   |0.9741   |

VAL Stats
Total Loss |Smoke Loss|Fire Loss |    _______|Accuracy |Precision|Recall   |F1       |
-----------|----------|----------|    Smoke  |0.9531   |0.9539   |0.9463   |0.9501   |
12.68      |7.24      |5.43      |    Fire   |0.9705   |0.9262   |0.9878   |0.9560   |


=== EPOCH 88/99 ===
Learning Rate = 2.2517998136852506e-05

TRAIN Stats
Total Loss |Smoke Loss|Fire Loss |    _______|Accuracy |Precision|Recall   |F1       |
-----------|----------|----------|    Smoke  |0.9656   |0.9706   |0.9561   |0.9633   |
8.18       |5.14      |3.04      |    Fire   |0.9832   |0.9783   |0.9706   |0.9744   |

VAL Stats
Total Loss |Smoke Loss|Fire Loss |    _______|Accuracy |Precision|Recall   |F1       |
-----------|----------|----------|    Smoke  |0.9530   |0.9539   |0.9461   |0.9500   |
12.67      |7.28      |5.39      |    Fire   |0.9718   |0.9293   |0.9882   |0.9578   |


=== EPOCH 89/99 ===
Learning Rate = 2.2517998136852506e-05

TRAIN Stats
Total Loss |Smoke Loss|Fire Loss |    _______|Accuracy |Precision|Recall   |F1       |
-----------|----------|----------|    Smoke  |0.9657   |0.9696   |0.9573   |0.9634   |
8.16       |5.13      |3.03      |    Fire   |0.9835   |0.9784   |0.9713   |0.9748   |

VAL Stats
Total Loss |Smoke Loss|Fire Loss |    _______|Accuracy |Precision|Recall   |F1       |
-----------|----------|----------|    Smoke  |0.9545   |0.9528   |0.9506   |0.9517   |
12.01      |7.18      |4.83      |    Fire   |0.9752   |0.9395   |0.9871   |0.9627   |


=== EPOCH 90/99 ===
Learning Rate = 1.8014398509482006e-05

TRAIN Stats
Total Loss |Smoke Loss|Fire Loss |    _______|Accuracy |Precision|Recall   |F1       |
-----------|----------|----------|    Smoke  |0.9663   |0.9712   |0.9570   |0.9640   |
8.21       |5.11      |3.10      |    Fire   |0.9828   |0.9774   |0.9701   |0.9737   |

VAL Stats
Total Loss |Smoke Loss|Fire Loss |    _______|Accuracy |Precision|Recall   |F1       |
-----------|----------|----------|    Smoke  |0.9541   |0.9499   |0.9529   |0.9514   |
11.78      |7.21      |4.57      |    Fire   |0.9759   |0.9433   |0.9850   |0.9637   |


=== EPOCH 91/99 ===
Learning Rate = 1.8014398509482006e-05

TRAIN Stats
Total Loss |Smoke Loss|Fire Loss |    _______|Accuracy |Precision|Recall   |F1       |
-----------|----------|----------|    Smoke  |0.9663   |0.9710   |0.9572   |0.9641   |
8.11       |5.09      |3.02      |    Fire   |0.9834   |0.9784   |0.9710   |0.9746   |

VAL Stats
Total Loss |Smoke Loss|Fire Loss |    _______|Accuracy |Precision|Recall   |F1       |
-----------|----------|----------|    Smoke  |0.9548   |0.9556   |0.9482   |0.9519   |
12.55      |7.17      |5.37      |    Fire   |0.9721   |0.9298   |0.9885   |0.9583   |


=== EPOCH 92/99 ===
Learning Rate = 1.8014398509482006e-05

TRAIN Stats
Total Loss |Smoke Loss|Fire Loss |    _______|Accuracy |Precision|Recall   |F1       |
-----------|----------|----------|    Smoke  |0.9666   |0.9715   |0.9574   |0.9644   |
8.11       |5.09      |3.01      |    Fire   |0.9836   |0.9786   |0.9712   |0.9749   |

VAL Stats
Total Loss |Smoke Loss|Fire Loss |    _______|Accuracy |Precision|Recall   |F1       |
-----------|----------|----------|    Smoke  |0.9527   |0.9498   |0.9498   |0.9498   |
13.16      |7.63      |5.53      |    Fire   |0.9708   |0.9264   |0.9885   |0.9564   |


=== EPOCH 93/99 ===
Learning Rate = 1.4411518807585605e-05

TRAIN Stats
Total Loss |Smoke Loss|Fire Loss |    _______|Accuracy |Precision|Recall   |F1       |
-----------|----------|----------|    Smoke  |0.9669   |0.9724   |0.9571   |0.9647   |
8.06       |5.01      |3.04      |    Fire   |0.9832   |0.9777   |0.9711   |0.9744   |

VAL Stats
Total Loss |Smoke Loss|Fire Loss |    _______|Accuracy |Precision|Recall   |F1       |
-----------|----------|----------|    Smoke  |0.9554   |0.9575   |0.9474   |0.9524   |
12.08      |7.05      |5.03      |    Fire   |0.9734   |0.9344   |0.9872   |0.9601   |


=== EPOCH 94/99 ===
Learning Rate = 1.4411518807585605e-05

TRAIN Stats
Total Loss |Smoke Loss|Fire Loss |    _______|Accuracy |Precision|Recall   |F1       |
-----------|----------|----------|    Smoke  |0.9666   |0.9715   |0.9574   |0.9644   |
8.05       |5.03      |3.01      |    Fire   |0.9830   |0.9784   |0.9698   |0.9741   |

VAL Stats
Total Loss |Smoke Loss|Fire Loss |    _______|Accuracy |Precision|Recall   |F1       |
-----------|----------|----------|    Smoke  |0.9528   |0.9529   |0.9468   |0.9498   |
13.05      |7.31      |5.74      |    Fire   |0.9704   |0.9248   |0.9891   |0.9559   |


=== EPOCH 95/99 ===
Learning Rate = 1.4411518807585605e-05

TRAIN Stats
Total Loss |Smoke Loss|Fire Loss |    _______|Accuracy |Precision|Recall   |F1       |
-----------|----------|----------|    Smoke  |0.9665   |0.9718   |0.9568   |0.9642   |
8.12       |5.05      |3.07      |    Fire   |0.9826   |0.9772   |0.9697   |0.9734   |

VAL Stats
Total Loss |Smoke Loss|Fire Loss |    _______|Accuracy |Precision|Recall   |F1       |
-----------|----------|----------|    Smoke  |0.9534   |0.9515   |0.9496   |0.9505   |
12.81      |7.34      |5.47      |    Fire   |0.9710   |0.9275   |0.9878   |0.9567   |


=== EPOCH 96/99 ===
Learning Rate = 1.1529215046068485e-05

TRAIN Stats
Total Loss |Smoke Loss|Fire Loss |    _______|Accuracy |Precision|Recall   |F1       |
-----------|----------|----------|    Smoke  |0.9666   |0.9719   |0.9569   |0.9643   |
8.02       |5.04      |2.98      |    Fire   |0.9837   |0.9788   |0.9716   |0.9752   |

VAL Stats
Total Loss |Smoke Loss|Fire Loss |    _______|Accuracy |Precision|Recall   |F1       |
-----------|----------|----------|    Smoke  |0.9539   |0.9543   |0.9476   |0.9509   |
12.21      |7.14      |5.07      |    Fire   |0.9738   |0.9355   |0.9874   |0.9608   |


=== EPOCH 97/99 ===
Learning Rate = 1.1529215046068485e-05

TRAIN Stats
Total Loss |Smoke Loss|Fire Loss |    _______|Accuracy |Precision|Recall   |F1       |
-----------|----------|----------|    Smoke  |0.9669   |0.9712   |0.9582   |0.9647   |
8.07       |5.05      |3.02      |    Fire   |0.9839   |0.9786   |0.9723   |0.9754   |

VAL Stats
Total Loss |Smoke Loss|Fire Loss |    _______|Accuracy |Precision|Recall   |F1       |
-----------|----------|----------|    Smoke  |0.9552   |0.9570   |0.9476   |0.9523   |
11.77      |6.96      |4.81      |    Fire   |0.9750   |0.9389   |0.9869   |0.9623   |


=== EPOCH 98/99 ===
Learning Rate = 1.1529215046068485e-05

TRAIN Stats
Total Loss |Smoke Loss|Fire Loss |    _______|Accuracy |Precision|Recall   |F1       |
-----------|----------|----------|    Smoke  |0.9676   |0.9721   |0.9590   |0.9655   |
7.91       |4.96      |2.95      |    Fire   |0.9839   |0.9788   |0.9721   |0.9754   |

VAL Stats
Total Loss |Smoke Loss|Fire Loss |    _______|Accuracy |Precision|Recall   |F1       |
-----------|----------|----------|    Smoke  |0.9542   |0.9504   |0.9526   |0.9515   |
12.70      |7.28      |5.42      |    Fire   |0.9722   |0.9301   |0.9885   |0.9584   |


=== EPOCH 99/99 ===
Learning Rate = 9.223372036854789e-06

TRAIN Stats
Total Loss |Smoke Loss|Fire Loss |    _______|Accuracy |Precision|Recall   |F1       |
-----------|----------|----------|    Smoke  |0.9676   |0.9719   |0.9590   |0.9654   |
7.93       |4.96      |2.97      |    Fire   |0.9833   |0.9778   |0.9713   |0.9746   |

VAL Stats
Total Loss |Smoke Loss|Fire Loss |    _______|Accuracy |Precision|Recall   |F1       |
-----------|----------|----------|    Smoke  |0.9545   |0.9529   |0.9504   |0.9517   |
12.12      |7.26      |4.86      |    Fire   |0.9747   |0.9393   |0.9857   |0.9619   |

Saving last model

***Script finished: 02:55:15

Time elapsed: 13:47:28.663813

Testing with FULL TEST LOADER
{'Accuracy': [0.9527137875556946, 0.9789884686470032], 'Precision': [0.9514223337173462, 0.9539465308189392], 'Recall': [0.9481029510498047, 0.9826230406761169], 'F1': [0.9497597217559814, 0.9680724740028381]}
