BED Classifier XS Tiny.
	One Head.
	255 Normalization.
	Weighted for Precision.
	Modules.
	Losses and Metrics Loggers.
	Brevitas with Conv2d and Linear Quant Layers defined in the Model.
	2 epochs.


TRAIN DFIRE dataset
Train dataset len: 17221

TEST DFire dataset
Test dataset len: 4306
Using BED Classifier

Trainable parameters = 93138
Total parameters = 93138

Model shape is tensor([[0.4354, 0.2600],
        [0.5817, 0.1524],
        [0.4776, 0.1439],
        [0.4576, 0.0274]], device='cuda:0', grad_fn=<AddmmBackward0>)
BED Model Arquitecture
BED_CLASSIFIER(
  (model): Sequential(
    (conv1): Conv2d(3, 32, kernel_size=(3, 3), stride=(1, 1), padding=(1, 1), bias=False)
    (bn1): BatchNorm2d(32, eps=1e-05, momentum=0.1, affine=True, track_running_stats=True)
    (relu1): ReLU()
    (dropout1): Dropout2d(p=0.3, inplace=False)
    (maxpool2): MaxPool2d(kernel_size=2, stride=2, padding=0, dilation=1, ceil_mode=False)
    (conv2): Conv2d(32, 16, kernel_size=(3, 3), stride=(1, 1), padding=(1, 1), bias=False)
    (bn2): BatchNorm2d(16, eps=1e-05, momentum=0.1, affine=True, track_running_stats=True)
    (relu2): ReLU()
    (dropout2): Dropout2d(p=0.3, inplace=False)
    (maxpool3): MaxPool2d(kernel_size=2, stride=2, padding=0, dilation=1, ceil_mode=False)
    (conv31): Conv2d(16, 16, kernel_size=(1, 1), stride=(1, 1), bias=False)
    (bn31): BatchNorm2d(16, eps=1e-05, momentum=0.1, affine=True, track_running_stats=True)
    (relu31): ReLU()
    (conv32): Conv2d(16, 32, kernel_size=(3, 3), stride=(1, 1), padding=(1, 1), bias=False)
    (bn32): BatchNorm2d(32, eps=1e-05, momentum=0.1, affine=True, track_running_stats=True)
    (relu32): ReLU()
    (conv33): Conv2d(32, 32, kernel_size=(1, 1), stride=(1, 1), bias=False)
    (bn33): BatchNorm2d(32, eps=1e-05, momentum=0.1, affine=True, track_running_stats=True)
    (relu33): ReLU()
    (conv34): Conv2d(32, 64, kernel_size=(3, 3), stride=(1, 1), padding=(1, 1), bias=False)
    (bn34): BatchNorm2d(64, eps=1e-05, momentum=0.1, affine=True, track_running_stats=True)
    (relu34): ReLU()
    (maxpool4): MaxPool2d(kernel_size=2, stride=2, padding=0, dilation=1, ceil_mode=False)
    (conv41): Conv2d(64, 32, kernel_size=(1, 1), stride=(1, 1), bias=False)
    (bn41): BatchNorm2d(32, eps=1e-05, momentum=0.1, affine=True, track_running_stats=True)
    (relu41): ReLU()
    (conv42): Conv2d(32, 64, kernel_size=(3, 3), stride=(1, 1), padding=(1, 1), bias=False)
    (bn42): BatchNorm2d(64, eps=1e-05, momentum=0.1, affine=True, track_running_stats=True)
    (relu42): ReLU()
    (conv43): Conv2d(64, 32, kernel_size=(1, 1), stride=(1, 1), bias=False)
    (bn43): BatchNorm2d(32, eps=1e-05, momentum=0.1, affine=True, track_running_stats=True)
    (relu43): ReLU()
    (conv44): Conv2d(32, 64, kernel_size=(3, 3), stride=(1, 1), padding=(1, 1), bias=False)
    (bn44): BatchNorm2d(64, eps=1e-05, momentum=0.1, affine=True, track_running_stats=True)
    (relu44): ReLU()
    (conv45): Conv2d(64, 32, kernel_size=(1, 1), stride=(1, 1), bias=False)
    (bn45): BatchNorm2d(32, eps=1e-05, momentum=0.1, affine=True, track_running_stats=True)
    (relu45): ReLU()
    (conv46): Conv2d(32, 64, kernel_size=(3, 3), stride=(1, 1), padding=(1, 1), bias=False)
    (bn46): BatchNorm2d(64, eps=1e-05, momentum=0.1, affine=False, track_running_stats=True)
    (relu46): ReLU()
    (avgpool5): AdaptiveAvgPool2d(output_size=(1, 1))
    (flatten5): Flatten(start_dim=1, end_dim=-1)
    (dropout5): Dropout(p=0.2, inplace=False)
    (linear51): Linear(in_features=64, out_features=16, bias=True)
    (relu5): ReLU()
    (linear52): Linear(in_features=16, out_features=2, bias=True)
  )
)
==========================================================================================
Layer (type:depth-idx)                   Output Shape              Param #
==========================================================================================
BED_CLASSIFIER                           [64, 2]                   --
├─Sequential: 1-1                        [64, 2]                   --
│    └─Conv2d: 2-1                       [64, 32, 224, 224]        864
│    └─BatchNorm2d: 2-2                  [64, 32, 224, 224]        64
│    └─ReLU: 2-3                         [64, 32, 224, 224]        --
│    └─Dropout2d: 2-4                    [64, 32, 224, 224]        --
│    └─MaxPool2d: 2-5                    [64, 32, 112, 112]        --
│    └─Conv2d: 2-6                       [64, 16, 112, 112]        4,608
│    └─BatchNorm2d: 2-7                  [64, 16, 112, 112]        32
│    └─ReLU: 2-8                         [64, 16, 112, 112]        --
│    └─Dropout2d: 2-9                    [64, 16, 112, 112]        --
│    └─MaxPool2d: 2-10                   [64, 16, 56, 56]          --
│    └─Conv2d: 2-11                      [64, 16, 56, 56]          256
│    └─BatchNorm2d: 2-12                 [64, 16, 56, 56]          32
│    └─ReLU: 2-13                        [64, 16, 56, 56]          --
│    └─Conv2d: 2-14                      [64, 32, 56, 56]          4,608
│    └─BatchNorm2d: 2-15                 [64, 32, 56, 56]          64
│    └─ReLU: 2-16                        [64, 32, 56, 56]          --
│    └─Conv2d: 2-17                      [64, 32, 56, 56]          1,024
│    └─BatchNorm2d: 2-18                 [64, 32, 56, 56]          64
│    └─ReLU: 2-19                        [64, 32, 56, 56]          --
│    └─Conv2d: 2-20                      [64, 64, 56, 56]          18,432
│    └─BatchNorm2d: 2-21                 [64, 64, 56, 56]          128
│    └─ReLU: 2-22                        [64, 64, 56, 56]          --
│    └─MaxPool2d: 2-23                   [64, 64, 28, 28]          --
│    └─Conv2d: 2-24                      [64, 32, 28, 28]          2,048
│    └─BatchNorm2d: 2-25                 [64, 32, 28, 28]          64
│    └─ReLU: 2-26                        [64, 32, 28, 28]          --
│    └─Conv2d: 2-27                      [64, 64, 28, 28]          18,432
│    └─BatchNorm2d: 2-28                 [64, 64, 28, 28]          128
│    └─ReLU: 2-29                        [64, 64, 28, 28]          --
│    └─Conv2d: 2-30                      [64, 32, 28, 28]          2,048
│    └─BatchNorm2d: 2-31                 [64, 32, 28, 28]          64
│    └─ReLU: 2-32                        [64, 32, 28, 28]          --
│    └─Conv2d: 2-33                      [64, 64, 28, 28]          18,432
│    └─BatchNorm2d: 2-34                 [64, 64, 28, 28]          128
│    └─ReLU: 2-35                        [64, 64, 28, 28]          --
│    └─Conv2d: 2-36                      [64, 32, 28, 28]          2,048
│    └─BatchNorm2d: 2-37                 [64, 32, 28, 28]          64
│    └─ReLU: 2-38                        [64, 32, 28, 28]          --
│    └─Conv2d: 2-39                      [64, 64, 28, 28]          18,432
│    └─BatchNorm2d: 2-40                 [64, 64, 28, 28]          --
│    └─ReLU: 2-41                        [64, 64, 28, 28]          --
│    └─AdaptiveAvgPool2d: 2-42           [64, 64, 1, 1]            --
│    └─Flatten: 2-43                     [64, 64]                  --
│    └─Dropout: 2-44                     [64, 64]                  --
│    └─Linear: 2-45                      [64, 16]                  1,040
│    └─ReLU: 2-46                        [64, 16]                  --
│    └─Linear: 2-47                      [64, 2]                   34
==========================================================================================
Total params: 93,138
Trainable params: 93,138
Non-trainable params: 0
Total mult-adds (G): 14.44
==========================================================================================
Input size (MB): 38.54
Forward/backward pass size (MB): 2517.64
Params size (MB): 0.37
Estimated Total Size (MB): 2556.55
==========================================================================================

Device: cuda
Learning Rate: 0.001
Weight Decay: 0.001
Batch Size: 64
W: 224
H: 224
Loss Function: BCE
Smoke Precision Weight: 0.7
Starting script


***Start Training: 17:29:05


=== EPOCH 0/124 ===
Learning Rate = 0.001

TRAIN Stats
Total Loss |Smoke Loss|Fire Loss |    _______|Accuracy |Precision|Recall   |F1       |
-----------|----------|----------|    Smoke  |0.5332   |0.5411   |0.3143   |0.3976   |
66.77      |36.83     |29.93     |    Fire   |0.7838   |0.6403   |0.4755   |0.5458   |

VAL Stats
Total Loss |Smoke Loss|Fire Loss |    _______|Accuracy |Precision|Recall   |F1       |
-----------|----------|----------|    Smoke  |0.5424   |0.6354   |0.1149   |0.1946   |
59.78      |35.44     |24.34     |    Fire   |0.8274   |0.7020   |0.5793   |0.6347   |


Saving model with new best validation loss: 59.779

=== EPOCH 1/124 ===
Learning Rate = 0.001

TRAIN Stats
Total Loss |Smoke Loss|Fire Loss |    _______|Accuracy |Precision|Recall   |F1       |
-----------|----------|----------|    Smoke  |0.5798   |0.7231   |0.2317   |0.3509   |
60.17      |35.09     |25.08     |    Fire   |0.8296   |0.7103   |0.6365   |0.6714   |

VAL Stats
Total Loss |Smoke Loss|Fire Loss |    _______|Accuracy |Precision|Recall   |F1       |
-----------|----------|----------|    Smoke  |0.6234   |0.8019   |0.2884   |0.4242   |
53.89      |33.56     |20.33     |    Fire   |0.8668   |0.7400   |0.7486   |0.7443   |


Saving model with new best validation loss: 53.892

=== EPOCH 2/124 ===
Learning Rate = 0.001

TRAIN Stats
Total Loss |Smoke Loss|Fire Loss |    _______|Accuracy |Precision|Recall   |F1       |
-----------|----------|----------|    Smoke  |0.6209   |0.7340   |0.3556   |0.4791   |
56.24      |33.96     |22.27     |    Fire   |0.8502   |0.7360   |0.7042   |0.7198   |

VAL Stats
Total Loss |Smoke Loss|Fire Loss |    _______|Accuracy |Precision|Recall   |F1       |
-----------|----------|----------|    Smoke  |0.6091   |0.8308   |0.2356   |0.3671   |
53.28      |33.64     |19.64     |    Fire   |0.8771   |0.8193   |0.6739   |0.7395   |


Saving model with new best validation loss: 53.282

=== EPOCH 3/124 ===
Learning Rate = 0.001

TRAIN Stats
Total Loss |Smoke Loss|Fire Loss |    _______|Accuracy |Precision|Recall   |F1       |
-----------|----------|----------|    Smoke  |0.6399   |0.7369   |0.4133   |0.5296   |
54.34      |33.37     |20.98     |    Fire   |0.8583   |0.7485   |0.7254   |0.7368   |

VAL Stats
Total Loss |Smoke Loss|Fire Loss |    _______|Accuracy |Precision|Recall   |F1       |
-----------|----------|----------|    Smoke  |0.6292   |0.8226   |0.2923   |0.4313   |
51.12      |32.57     |18.55     |    Fire   |0.8881   |0.8454   |0.6946   |0.7626   |


Saving model with new best validation loss: 51.118

=== EPOCH 4/124 ===
Learning Rate = 0.001

TRAIN Stats
Total Loss |Smoke Loss|Fire Loss |    _______|Accuracy |Precision|Recall   |F1       |
-----------|----------|----------|    Smoke  |0.6457   |0.7486   |0.4179   |0.5364   |
52.77      |32.95     |19.82     |    Fire   |0.8710   |0.7673   |0.7580   |0.7626   |

VAL Stats
Total Loss |Smoke Loss|Fire Loss |    _______|Accuracy |Precision|Recall   |F1       |
-----------|----------|----------|    Smoke  |0.6579   |0.8004   |0.3849   |0.5198   |
49.69      |31.87     |17.82     |    Fire   |0.8869   |0.8259   |0.7135   |0.7656   |


Saving model with new best validation loss: 49.693

=== EPOCH 5/124 ===
Learning Rate = 0.001

TRAIN Stats
Total Loss |Smoke Loss|Fire Loss |    _______|Accuracy |Precision|Recall   |F1       |
-----------|----------|----------|    Smoke  |0.6542   |0.7511   |0.4408   |0.5556   |
51.49      |32.35     |19.14     |    Fire   |0.8744   |0.7663   |0.7780   |0.7721   |

VAL Stats
Total Loss |Smoke Loss|Fire Loss |    _______|Accuracy |Precision|Recall   |F1       |
-----------|----------|----------|    Smoke  |0.6364   |0.8452   |0.2991   |0.4418   |
48.98      |31.36     |17.62     |    Fire   |0.8876   |0.8729   |0.6622   |0.7531   |


Saving model with new best validation loss: 48.978

=== EPOCH 6/124 ===
Learning Rate = 0.001

TRAIN Stats
Total Loss |Smoke Loss|Fire Loss |    _______|Accuracy |Precision|Recall   |F1       |
-----------|----------|----------|    Smoke  |0.6629   |0.7652   |0.4510   |0.5675   |
49.57      |31.67     |17.91     |    Fire   |0.8862   |0.7960   |0.7845   |0.7902   |

VAL Stats
Total Loss |Smoke Loss|Fire Loss |    _______|Accuracy |Precision|Recall   |F1       |
-----------|----------|----------|    Smoke  |0.6514   |0.8679   |0.3248   |0.4727   |
46.19      |30.83     |15.35     |    Fire   |0.9088   |0.8710   |0.7604   |0.8119   |


Saving model with new best validation loss: 46.186

=== EPOCH 7/124 ===
Learning Rate = 0.001

TRAIN Stats
Total Loss |Smoke Loss|Fire Loss |    _______|Accuracy |Precision|Recall   |F1       |
-----------|----------|----------|    Smoke  |0.6700   |0.7630   |0.4744   |0.5850   |
49.07      |31.33     |17.75     |    Fire   |0.8880   |0.7979   |0.7904   |0.7941   |

VAL Stats
Total Loss |Smoke Loss|Fire Loss |    _______|Accuracy |Precision|Recall   |F1       |
-----------|----------|----------|    Smoke  |0.6714   |0.8464   |0.3873   |0.5314   |
45.03      |29.85     |15.18     |    Fire   |0.9121   |0.9198   |0.7234   |0.8099   |


Saving model with new best validation loss: 45.032

=== EPOCH 8/124 ===
Learning Rate = 0.001

TRAIN Stats
Total Loss |Smoke Loss|Fire Loss |    _______|Accuracy |Precision|Recall   |F1       |
-----------|----------|----------|    Smoke  |0.6711   |0.7627   |0.4781   |0.5877   |
47.89      |30.98     |16.92     |    Fire   |0.8952   |0.8135   |0.7999   |0.8066   |

VAL Stats
Total Loss |Smoke Loss|Fire Loss |    _______|Accuracy |Precision|Recall   |F1       |
-----------|----------|----------|    Smoke  |0.7267   |0.7692   |0.6171   |0.6848   |
42.73      |29.22     |13.51     |    Fire   |0.9156   |0.7904   |0.9171   |0.8490   |


Saving model with new best validation loss: 42.726

=== EPOCH 9/124 ===
Learning Rate = 0.001

TRAIN Stats
Total Loss |Smoke Loss|Fire Loss |    _______|Accuracy |Precision|Recall   |F1       |
-----------|----------|----------|    Smoke  |0.6776   |0.7683   |0.4903   |0.5986   |
47.54      |30.65     |16.89     |    Fire   |0.8941   |0.8149   |0.7923   |0.8034   |

VAL Stats
Total Loss |Smoke Loss|Fire Loss |    _______|Accuracy |Precision|Recall   |F1       |
-----------|----------|----------|    Smoke  |0.6667   |0.8635   |0.3650   |0.5131   |
44.75      |29.51     |15.25     |    Fire   |0.9030   |0.8961   |0.7072   |0.7905   |


=== EPOCH 10/124 ===
Learning Rate = 0.001

TRAIN Stats
Total Loss |Smoke Loss|Fire Loss |    _______|Accuracy |Precision|Recall   |F1       |
-----------|----------|----------|    Smoke  |0.6831   |0.7679   |0.5071   |0.6108   |
46.63      |30.37     |16.26     |    Fire   |0.8967   |0.8193   |0.7984   |0.8087   |

VAL Stats
Total Loss |Smoke Loss|Fire Loss |    _______|Accuracy |Precision|Recall   |F1       |
-----------|----------|----------|    Smoke  |0.7243   |0.8149   |0.5526   |0.6586   |
40.25      |27.74     |12.51     |    Fire   |0.9272   |0.8458   |0.8793   |0.8622   |


Saving model with new best validation loss: 40.249

=== EPOCH 11/124 ===
Learning Rate = 0.001

TRAIN Stats
Total Loss |Smoke Loss|Fire Loss |    _______|Accuracy |Precision|Recall   |F1       |
-----------|----------|----------|    Smoke  |0.6884   |0.7723   |0.5170   |0.6194   |
45.77      |29.94     |15.83     |    Fire   |0.9015   |0.8253   |0.8113   |0.8182   |

VAL Stats
Total Loss |Smoke Loss|Fire Loss |    _______|Accuracy |Precision|Recall   |F1       |
-----------|----------|----------|    Smoke  |0.7201   |0.7921   |0.5671   |0.6610   |
39.78      |27.75     |12.03     |    Fire   |0.9277   |0.8436   |0.8847   |0.8637   |


Saving model with new best validation loss: 39.780

=== EPOCH 12/124 ===
Learning Rate = 0.001

TRAIN Stats
Total Loss |Smoke Loss|Fire Loss |    _______|Accuracy |Precision|Recall   |F1       |
-----------|----------|----------|    Smoke  |0.6966   |0.7781   |0.5334   |0.6329   |
45.14      |29.57     |15.57     |    Fire   |0.9043   |0.8312   |0.8155   |0.8233   |

VAL Stats
Total Loss |Smoke Loss|Fire Loss |    _______|Accuracy |Precision|Recall   |F1       |
-----------|----------|----------|    Smoke  |0.7416   |0.8095   |0.6054   |0.6927   |
38.56      |26.83     |11.73     |    Fire   |0.9342   |0.9012   |0.8378   |0.8683   |


Saving model with new best validation loss: 38.556

=== EPOCH 13/124 ===
Learning Rate = 0.001

TRAIN Stats
Total Loss |Smoke Loss|Fire Loss |    _______|Accuracy |Precision|Recall   |F1       |
-----------|----------|----------|    Smoke  |0.6983   |0.7747   |0.5426   |0.6382   |
44.61      |29.25     |15.37     |    Fire   |0.9053   |0.8346   |0.8149   |0.8246   |

VAL Stats
Total Loss |Smoke Loss|Fire Loss |    _______|Accuracy |Precision|Recall   |F1       |
-----------|----------|----------|    Smoke  |0.7057   |0.8862   |0.4455   |0.5929   |
40.49      |28.19     |12.30     |    Fire   |0.9272   |0.8974   |0.8117   |0.8524   |


=== EPOCH 14/124 ===
Learning Rate = 0.001

TRAIN Stats
Total Loss |Smoke Loss|Fire Loss |    _______|Accuracy |Precision|Recall   |F1       |
-----------|----------|----------|    Smoke  |0.7079   |0.7902   |0.5505   |0.6489   |
43.55      |28.81     |14.74     |    Fire   |0.9094   |0.8414   |0.8240   |0.8326   |

VAL Stats
Total Loss |Smoke Loss|Fire Loss |    _______|Accuracy |Precision|Recall   |F1       |
-----------|----------|----------|    Smoke  |0.7379   |0.8506   |0.5521   |0.6696   |
36.64      |25.55     |11.08     |    Fire   |0.9375   |0.8820   |0.8757   |0.8788   |


Saving model with new best validation loss: 36.637

=== EPOCH 15/124 ===
Learning Rate = 0.001

TRAIN Stats
Total Loss |Smoke Loss|Fire Loss |    _______|Accuracy |Precision|Recall   |F1       |
-----------|----------|----------|    Smoke  |0.7100   |0.7817   |0.5670   |0.6572   |
43.32      |28.62     |14.70     |    Fire   |0.9092   |0.8390   |0.8262   |0.8325   |

VAL Stats
Total Loss |Smoke Loss|Fire Loss |    _______|Accuracy |Precision|Recall   |F1       |
-----------|----------|----------|    Smoke  |0.7108   |0.8449   |0.4886   |0.6192   |
39.83      |26.82     |13.01     |    Fire   |0.9251   |0.9237   |0.7748   |0.8427   |


=== EPOCH 16/124 ===
Learning Rate = 0.001

TRAIN Stats
Total Loss |Smoke Loss|Fire Loss |    _______|Accuracy |Precision|Recall   |F1       |
-----------|----------|----------|    Smoke  |0.7165   |0.7885   |0.5764   |0.6659   |
43.09      |28.32     |14.77     |    Fire   |0.9098   |0.8470   |0.8177   |0.8321   |

VAL Stats
Total Loss |Smoke Loss|Fire Loss |    _______|Accuracy |Precision|Recall   |F1       |
-----------|----------|----------|    Smoke  |0.7302   |0.8442   |0.5385   |0.6576   |
36.18      |25.21     |10.97     |    Fire   |0.9412   |0.9264   |0.8396   |0.8809   |


Saving model with new best validation loss: 36.177

=== EPOCH 17/124 ===
Learning Rate = 0.001

TRAIN Stats
Total Loss |Smoke Loss|Fire Loss |    _______|Accuracy |Precision|Recall   |F1       |
-----------|----------|----------|    Smoke  |0.7256   |0.7912   |0.5981   |0.6812   |
42.16      |27.66     |14.50     |    Fire   |0.9090   |0.8421   |0.8208   |0.8313   |

VAL Stats
Total Loss |Smoke Loss|Fire Loss |    _______|Accuracy |Precision|Recall   |F1       |
-----------|----------|----------|    Smoke  |0.7591   |0.8297   |0.6282   |0.7150   |
35.20      |24.96     |10.24     |    Fire   |0.9419   |0.9073   |0.8640   |0.8851   |


Saving model with new best validation loss: 35.195

=== EPOCH 18/124 ===
Learning Rate = 0.001

TRAIN Stats
Total Loss |Smoke Loss|Fire Loss |    _______|Accuracy |Precision|Recall   |F1       |
-----------|----------|----------|    Smoke  |0.7239   |0.7915   |0.5931   |0.6781   |
42.18      |27.74     |14.44     |    Fire   |0.9128   |0.8465   |0.8319   |0.8391   |

VAL Stats
Total Loss |Smoke Loss|Fire Loss |    _______|Accuracy |Precision|Recall   |F1       |
-----------|----------|----------|    Smoke  |0.7367   |0.8321   |0.5671   |0.6745   |
36.07      |25.45     |10.62     |    Fire   |0.9375   |0.8800   |0.8784   |0.8792   |


=== EPOCH 19/124 ===
Learning Rate = 0.001

TRAIN Stats
Total Loss |Smoke Loss|Fire Loss |    _______|Accuracy |Precision|Recall   |F1       |
-----------|----------|----------|    Smoke  |0.7308   |0.7969   |0.6050   |0.6878   |
41.25      |27.38     |13.87     |    Fire   |0.9181   |0.8558   |0.8424   |0.8490   |

VAL Stats
Total Loss |Smoke Loss|Fire Loss |    _______|Accuracy |Precision|Recall   |F1       |
-----------|----------|----------|    Smoke  |0.7656   |0.8400   |0.6335   |0.7223   |
34.77      |24.35     |10.42     |    Fire   |0.9440   |0.9050   |0.8757   |0.8901   |


Saving model with new best validation loss: 34.771

=== EPOCH 20/124 ===
Learning Rate = 0.001

TRAIN Stats
Total Loss |Smoke Loss|Fire Loss |    _______|Accuracy |Precision|Recall   |F1       |
-----------|----------|----------|    Smoke  |0.7342   |0.7967   |0.6147   |0.6940   |
40.91      |26.93     |13.98     |    Fire   |0.9159   |0.8544   |0.8345   |0.8443   |

VAL Stats
Total Loss |Smoke Loss|Fire Loss |    _______|Accuracy |Precision|Recall   |F1       |
-----------|----------|----------|    Smoke  |0.7584   |0.8273   |0.6292   |0.7148   |
35.30      |24.39     |10.91     |    Fire   |0.9303   |0.8321   |0.9153   |0.8717   |


=== EPOCH 21/124 ===
Learning Rate = 0.001

TRAIN Stats
Total Loss |Smoke Loss|Fire Loss |    _______|Accuracy |Precision|Recall   |F1       |
-----------|----------|----------|    Smoke  |0.7413   |0.8015   |0.6281   |0.7043   |
40.17      |26.62     |13.55     |    Fire   |0.9184   |0.8587   |0.8396   |0.8490   |

VAL Stats
Total Loss |Smoke Loss|Fire Loss |    _______|Accuracy |Precision|Recall   |F1       |
-----------|----------|----------|    Smoke  |0.7528   |0.8946   |0.5511   |0.6821   |
34.53      |24.31     |10.22     |    Fire   |0.9452   |0.9397   |0.8423   |0.8884   |


Saving model with new best validation loss: 34.528

=== EPOCH 22/124 ===
Learning Rate = 0.001

TRAIN Stats
Total Loss |Smoke Loss|Fire Loss |    _______|Accuracy |Precision|Recall   |F1       |
-----------|----------|----------|    Smoke  |0.7419   |0.8019   |0.6291   |0.7051   |
39.88      |26.58     |13.31     |    Fire   |0.9216   |0.8696   |0.8389   |0.8540   |

VAL Stats
Total Loss |Smoke Loss|Fire Loss |    _______|Accuracy |Precision|Recall   |F1       |
-----------|----------|----------|    Smoke  |0.7638   |0.8374   |0.6316   |0.7201   |
33.97      |23.79     |10.18     |    Fire   |0.9412   |0.8790   |0.8964   |0.8876   |


Saving model with new best validation loss: 33.967

=== EPOCH 23/124 ===
Learning Rate = 0.001

TRAIN Stats
Total Loss |Smoke Loss|Fire Loss |    _______|Accuracy |Precision|Recall   |F1       |
-----------|----------|----------|    Smoke  |0.7445   |0.8042   |0.6330   |0.7084   |
39.42      |26.19     |13.23     |    Fire   |0.9197   |0.8635   |0.8387   |0.8509   |

VAL Stats
Total Loss |Smoke Loss|Fire Loss |    _______|Accuracy |Precision|Recall   |F1       |
-----------|----------|----------|    Smoke  |0.7843   |0.8552   |0.6641   |0.7476   |
32.30      |22.65     |9.65      |    Fire   |0.9457   |0.9049   |0.8829   |0.8938   |


Saving model with new best validation loss: 32.301

=== EPOCH 24/124 ===
Learning Rate = 0.001

TRAIN Stats
Total Loss |Smoke Loss|Fire Loss |    _______|Accuracy |Precision|Recall   |F1       |
-----------|----------|----------|    Smoke  |0.7473   |0.8052   |0.6394   |0.7128   |
39.24      |26.25     |12.99     |    Fire   |0.9217   |0.8626   |0.8487   |0.8556   |

VAL Stats
Total Loss |Smoke Loss|Fire Loss |    _______|Accuracy |Precision|Recall   |F1       |
-----------|----------|----------|    Smoke  |0.7964   |0.8343   |0.7198   |0.7728   |
32.56      |22.61     |9.95      |    Fire   |0.9450   |0.9414   |0.8396   |0.8876   |


=== EPOCH 25/124 ===
Learning Rate = 0.001

TRAIN Stats
Total Loss |Smoke Loss|Fire Loss |    _______|Accuracy |Precision|Recall   |F1       |
-----------|----------|----------|    Smoke  |0.7581   |0.8158   |0.6546   |0.7263   |
38.44      |25.61     |12.83     |    Fire   |0.9230   |0.8687   |0.8464   |0.8574   |

VAL Stats
Total Loss |Smoke Loss|Fire Loss |    _______|Accuracy |Precision|Recall   |F1       |
-----------|----------|----------|    Smoke  |0.7861   |0.8391   |0.6873   |0.7557   |
31.68      |22.21     |9.47      |    Fire   |0.9464   |0.8964   |0.8964   |0.8964   |


Saving model with new best validation loss: 31.681

=== EPOCH 26/124 ===
Learning Rate = 0.001

TRAIN Stats
Total Loss |Smoke Loss|Fire Loss |    _______|Accuracy |Precision|Recall   |F1       |
-----------|----------|----------|    Smoke  |0.7592   |0.8088   |0.6664   |0.7307   |
38.26      |25.46     |12.80     |    Fire   |0.9234   |0.8651   |0.8530   |0.8590   |

VAL Stats
Total Loss |Smoke Loss|Fire Loss |    _______|Accuracy |Precision|Recall   |F1       |
-----------|----------|----------|    Smoke  |0.8013   |0.8712   |0.6888   |0.7694   |
32.97      |22.51     |10.46     |    Fire   |0.9447   |0.9378   |0.8423   |0.8875   |


=== EPOCH 27/124 ===
Learning Rate = 0.001

TRAIN Stats
Total Loss |Smoke Loss|Fire Loss |    _______|Accuracy |Precision|Recall   |F1       |
-----------|----------|----------|    Smoke  |0.7621   |0.8156   |0.6653   |0.7328   |
37.81      |25.17     |12.64     |    Fire   |0.9246   |0.8682   |0.8538   |0.8609   |

VAL Stats
Total Loss |Smoke Loss|Fire Loss |    _______|Accuracy |Precision|Recall   |F1       |
-----------|----------|----------|    Smoke  |0.7878   |0.8413   |0.6888   |0.7575   |
32.80      |22.86     |9.94      |    Fire   |0.9415   |0.8662   |0.9153   |0.8901   |


=== EPOCH 28/124 ===
Learning Rate = 0.001

TRAIN Stats
Total Loss |Smoke Loss|Fire Loss |    _______|Accuracy |Precision|Recall   |F1       |
-----------|----------|----------|    Smoke  |0.7692   |0.8165   |0.6827   |0.7436   |
37.19      |24.82     |12.37     |    Fire   |0.9253   |0.8722   |0.8515   |0.8617   |

VAL Stats
Total Loss |Smoke Loss|Fire Loss |    _______|Accuracy |Precision|Recall   |F1       |
-----------|----------|----------|    Smoke  |0.8008   |0.8828   |0.6757   |0.7655   |
31.07      |21.46     |9.61      |    Fire   |0.9487   |0.9354   |0.8613   |0.8968   |


Saving model with new best validation loss: 31.071

=== EPOCH 29/124 ===
Learning Rate = 0.001

TRAIN Stats
Total Loss |Smoke Loss|Fire Loss |    _______|Accuracy |Precision|Recall   |F1       |
-----------|----------|----------|    Smoke  |0.7634   |0.8120   |0.6734   |0.7362   |
37.22      |24.92     |12.30     |    Fire   |0.9253   |0.8695   |0.8550   |0.8622   |

VAL Stats
Total Loss |Smoke Loss|Fire Loss |    _______|Accuracy |Precision|Recall   |F1       |
-----------|----------|----------|    Smoke  |0.8263   |0.8483   |0.7780   |0.8116   |
31.41      |21.45     |9.96      |    Fire   |0.9461   |0.9190   |0.8685   |0.8930   |


=== EPOCH 30/124 ===
Learning Rate = 0.001

TRAIN Stats
Total Loss |Smoke Loss|Fire Loss |    _______|Accuracy |Precision|Recall   |F1       |
-----------|----------|----------|    Smoke  |0.7714   |0.8139   |0.6921   |0.7481   |
36.43      |24.40     |12.03     |    Fire   |0.9266   |0.8693   |0.8610   |0.8651   |

VAL Stats
Total Loss |Smoke Loss|Fire Loss |    _______|Accuracy |Precision|Recall   |F1       |
-----------|----------|----------|    Smoke  |0.8211   |0.8632   |0.7465   |0.8006   |
29.07      |20.42     |8.65      |    Fire   |0.9529   |0.9165   |0.9000   |0.9082   |


Saving model with new best validation loss: 29.066

=== EPOCH 31/124 ===
Learning Rate = 0.001

TRAIN Stats
Total Loss |Smoke Loss|Fire Loss |    _______|Accuracy |Precision|Recall   |F1       |
-----------|----------|----------|    Smoke  |0.7720   |0.8164   |0.6902   |0.7481   |
36.29      |24.40     |11.89     |    Fire   |0.9279   |0.8767   |0.8565   |0.8665   |

VAL Stats
Total Loss |Smoke Loss|Fire Loss |    _______|Accuracy |Precision|Recall   |F1       |
-----------|----------|----------|    Smoke  |0.8055   |0.8998   |0.6704   |0.7683   |
30.48      |20.80     |9.68      |    Fire   |0.9466   |0.9436   |0.8441   |0.8911   |


=== EPOCH 32/124 ===
Learning Rate = 0.001

TRAIN Stats
Total Loss |Smoke Loss|Fire Loss |    _______|Accuracy |Precision|Recall   |F1       |
-----------|----------|----------|    Smoke  |0.7788   |0.8259   |0.6956   |0.7552   |
35.70      |23.92     |11.78     |    Fire   |0.9306   |0.8807   |0.8631   |0.8718   |

VAL Stats
Total Loss |Smoke Loss|Fire Loss |    _______|Accuracy |Precision|Recall   |F1       |
-----------|----------|----------|    Smoke  |0.7913   |0.9078   |0.6302   |0.7439   |
31.33      |21.34     |9.99      |    Fire   |0.9454   |0.9534   |0.8297   |0.8873   |


=== EPOCH 33/124 ===
Learning Rate = 0.001

TRAIN Stats
Total Loss |Smoke Loss|Fire Loss |    _______|Accuracy |Precision|Recall   |F1       |
-----------|----------|----------|    Smoke  |0.7783   |0.8244   |0.6962   |0.7549   |
35.59      |23.74     |11.85     |    Fire   |0.9272   |0.8766   |0.8540   |0.8651   |

VAL Stats
Total Loss |Smoke Loss|Fire Loss |    _______|Accuracy |Precision|Recall   |F1       |
-----------|----------|----------|    Smoke  |0.8228   |0.8406   |0.7794   |0.8089   |
29.77      |20.56     |9.21      |    Fire   |0.9464   |0.9564   |0.8306   |0.8891   |


=== EPOCH 34/124 ===
Learning Rate = 0.0008

TRAIN Stats
Total Loss |Smoke Loss|Fire Loss |    _______|Accuracy |Precision|Recall   |F1       |
-----------|----------|----------|    Smoke  |0.7900   |0.8275   |0.7222   |0.7712   |
34.61      |23.23     |11.39     |    Fire   |0.9339   |0.8848   |0.8716   |0.8781   |

VAL Stats
Total Loss |Smoke Loss|Fire Loss |    _______|Accuracy |Precision|Recall   |F1       |
-----------|----------|----------|    Smoke  |0.8417   |0.8794   |0.7775   |0.8253   |
27.09      |18.79     |8.31      |    Fire   |0.9515   |0.9287   |0.8802   |0.9038   |


Saving model with new best validation loss: 27.095

=== EPOCH 35/124 ===
Learning Rate = 0.0008

TRAIN Stats
Total Loss |Smoke Loss|Fire Loss |    _______|Accuracy |Precision|Recall   |F1       |
-----------|----------|----------|    Smoke  |0.7951   |0.8342   |0.7263   |0.7765   |
33.60      |22.54     |11.06     |    Fire   |0.9340   |0.8872   |0.8691   |0.8781   |

VAL Stats
Total Loss |Smoke Loss|Fire Loss |    _______|Accuracy |Precision|Recall   |F1       |
-----------|----------|----------|    Smoke  |0.8521   |0.8807   |0.8013   |0.8391   |
26.87      |18.05     |8.82      |    Fire   |0.9487   |0.9380   |0.8586   |0.8965   |


Saving model with new best validation loss: 26.866

=== EPOCH 36/124 ===
Learning Rate = 0.0008

TRAIN Stats
Total Loss |Smoke Loss|Fire Loss |    _______|Accuracy |Precision|Recall   |F1       |
-----------|----------|----------|    Smoke  |0.7917   |0.8287   |0.7252   |0.7735   |
33.95      |22.92     |11.03     |    Fire   |0.9337   |0.8879   |0.8670   |0.8773   |

VAL Stats
Total Loss |Smoke Loss|Fire Loss |    _______|Accuracy |Precision|Recall   |F1       |
-----------|----------|----------|    Smoke  |0.8503   |0.8583   |0.8250   |0.8413   |
26.65      |18.40     |8.25      |    Fire   |0.9566   |0.9270   |0.9036   |0.9151   |


Saving model with new best validation loss: 26.647

=== EPOCH 37/124 ===
Learning Rate = 0.0008

TRAIN Stats
Total Loss |Smoke Loss|Fire Loss |    _______|Accuracy |Precision|Recall   |F1       |
-----------|----------|----------|    Smoke  |0.7952   |0.8340   |0.7269   |0.7768   |
33.81      |22.72     |11.09     |    Fire   |0.9341   |0.8866   |0.8704   |0.8784   |

VAL Stats
Total Loss |Smoke Loss|Fire Loss |    _______|Accuracy |Precision|Recall   |F1       |
-----------|----------|----------|    Smoke  |0.8365   |0.9001   |0.7426   |0.8138   |
26.73      |18.24     |8.49      |    Fire   |0.9552   |0.9509   |0.8721   |0.9098   |


=== EPOCH 38/124 ===
Learning Rate = 0.0008

TRAIN Stats
Total Loss |Smoke Loss|Fire Loss |    _______|Accuracy |Precision|Recall   |F1       |
-----------|----------|----------|    Smoke  |0.7922   |0.8283   |0.7267   |0.7742   |
33.51      |22.55     |10.96     |    Fire   |0.9347   |0.8879   |0.8707   |0.8793   |

VAL Stats
Total Loss |Smoke Loss|Fire Loss |    _______|Accuracy |Precision|Recall   |F1       |
-----------|----------|----------|    Smoke  |0.8524   |0.8759   |0.8076   |0.8404   |
27.15      |18.13     |9.02      |    Fire   |0.9506   |0.9212   |0.8847   |0.9026   |


=== EPOCH 39/124 ===
Learning Rate = 0.0008

TRAIN Stats
Total Loss |Smoke Loss|Fire Loss |    _______|Accuracy |Precision|Recall   |F1       |
-----------|----------|----------|    Smoke  |0.8037   |0.8391   |0.7418   |0.7874   |
33.08      |22.18     |10.90     |    Fire   |0.9358   |0.8889   |0.8742   |0.8815   |

VAL Stats
Total Loss |Smoke Loss|Fire Loss |    _______|Accuracy |Precision|Recall   |F1       |
-----------|----------|----------|    Smoke  |0.8559   |0.8968   |0.7916   |0.8409   |
26.71      |17.75     |8.96      |    Fire   |0.9520   |0.9466   |0.8631   |0.9029   |


=== EPOCH 40/124 ===
Learning Rate = 0.00064

TRAIN Stats
Total Loss |Smoke Loss|Fire Loss |    _______|Accuracy |Precision|Recall   |F1       |
-----------|----------|----------|    Smoke  |0.8049   |0.8429   |0.7401   |0.7882   |
32.13      |21.72     |10.41     |    Fire   |0.9393   |0.8989   |0.8765   |0.8875   |

VAL Stats
Total Loss |Smoke Loss|Fire Loss |    _______|Accuracy |Precision|Recall   |F1       |
-----------|----------|----------|    Smoke  |0.8647   |0.8777   |0.8352   |0.8559   |
25.19      |17.16     |8.03      |    Fire   |0.9536   |0.9122   |0.9081   |0.9102   |


Saving model with new best validation loss: 25.188

=== EPOCH 41/124 ===
Learning Rate = 0.00064

TRAIN Stats
Total Loss |Smoke Loss|Fire Loss |    _______|Accuracy |Precision|Recall   |F1       |
-----------|----------|----------|    Smoke  |0.8099   |0.8441   |0.7510   |0.7948   |
32.30      |21.46     |10.84     |    Fire   |0.9351   |0.8900   |0.8700   |0.8799   |

VAL Stats
Total Loss |Smoke Loss|Fire Loss |    _______|Accuracy |Precision|Recall   |F1       |
-----------|----------|----------|    Smoke  |0.8666   |0.8763   |0.8415   |0.8586   |
24.73      |16.97     |7.76      |    Fire   |0.9566   |0.9185   |0.9135   |0.9160   |


Saving model with new best validation loss: 24.728

=== EPOCH 42/124 ===
Learning Rate = 0.00064

TRAIN Stats
Total Loss |Smoke Loss|Fire Loss |    _______|Accuracy |Precision|Recall   |F1       |
-----------|----------|----------|    Smoke  |0.8144   |0.8466   |0.7589   |0.8004   |
31.71      |21.24     |10.47     |    Fire   |0.9369   |0.8938   |0.8727   |0.8831   |

VAL Stats
Total Loss |Smoke Loss|Fire Loss |    _______|Accuracy |Precision|Recall   |F1       |
-----------|----------|----------|    Smoke  |0.8589   |0.9077   |0.7867   |0.8429   |
24.83      |16.86     |7.97      |    Fire   |0.9583   |0.9396   |0.8964   |0.9175   |


=== EPOCH 43/124 ===
Learning Rate = 0.00064

TRAIN Stats
Total Loss |Smoke Loss|Fire Loss |    _______|Accuracy |Precision|Recall   |F1       |
-----------|----------|----------|    Smoke  |0.8140   |0.8461   |0.7586   |0.7999   |
31.56      |21.21     |10.35     |    Fire   |0.9398   |0.8968   |0.8810   |0.8889   |

VAL Stats
Total Loss |Smoke Loss|Fire Loss |    _______|Accuracy |Precision|Recall   |F1       |
-----------|----------|----------|    Smoke  |0.8370   |0.9300   |0.7150   |0.8084   |
26.45      |18.30     |8.15      |    Fire   |0.9557   |0.9528   |0.8721   |0.9106   |


=== EPOCH 44/124 ===
Learning Rate = 0.00064

TRAIN Stats
Total Loss |Smoke Loss|Fire Loss |    _______|Accuracy |Precision|Recall   |F1       |
-----------|----------|----------|    Smoke  |0.8167   |0.8464   |0.7649   |0.8036   |
30.67      |20.80     |9.87      |    Fire   |0.9429   |0.9058   |0.8829   |0.8942   |

VAL Stats
Total Loss |Smoke Loss|Fire Loss |    _______|Accuracy |Precision|Recall   |F1       |
-----------|----------|----------|    Smoke  |0.8731   |0.9038   |0.8240   |0.8621   |
24.05      |16.40     |7.65      |    Fire   |0.9578   |0.9386   |0.8955   |0.9166   |


Saving model with new best validation loss: 24.051

=== EPOCH 45/124 ===
Learning Rate = 0.00064

TRAIN Stats
Total Loss |Smoke Loss|Fire Loss |    _______|Accuracy |Precision|Recall   |F1       |
-----------|----------|----------|    Smoke  |0.8179   |0.8467   |0.7676   |0.8052   |
30.71      |20.71     |10.00     |    Fire   |0.9411   |0.8992   |0.8836   |0.8913   |

VAL Stats
Total Loss |Smoke Loss|Fire Loss |    _______|Accuracy |Precision|Recall   |F1       |
-----------|----------|----------|    Smoke  |0.8256   |0.9410   |0.6801   |0.7895   |
28.07      |18.57     |9.50      |    Fire   |0.9494   |0.9675   |0.8324   |0.8949   |


=== EPOCH 46/124 ===
Learning Rate = 0.00064

TRAIN Stats
Total Loss |Smoke Loss|Fire Loss |    _______|Accuracy |Precision|Recall   |F1       |
-----------|----------|----------|    Smoke  |0.8162   |0.8425   |0.7687   |0.8039   |
30.94      |20.86     |10.08     |    Fire   |0.9410   |0.8995   |0.8829   |0.8912   |

VAL Stats
Total Loss |Smoke Loss|Fire Loss |    _______|Accuracy |Precision|Recall   |F1       |
-----------|----------|----------|    Smoke  |0.8764   |0.8641   |0.8817   |0.8728   |
24.22      |16.57     |7.65      |    Fire   |0.9552   |0.9076   |0.9207   |0.9141   |


=== EPOCH 47/124 ===
Learning Rate = 0.00064

TRAIN Stats
Total Loss |Smoke Loss|Fire Loss |    _______|Accuracy |Precision|Recall   |F1       |
-----------|----------|----------|    Smoke  |0.8216   |0.8485   |0.7744   |0.8098   |
30.71      |20.53     |10.18     |    Fire   |0.9395   |0.8947   |0.8825   |0.8885   |

VAL Stats
Total Loss |Smoke Loss|Fire Loss |    _______|Accuracy |Precision|Recall   |F1       |
-----------|----------|----------|    Smoke  |0.8708   |0.8693   |0.8609   |0.8651   |
24.54      |16.63     |7.92      |    Fire   |0.9590   |0.9253   |0.9153   |0.9203   |


=== EPOCH 48/124 ===
Learning Rate = 0.0005120000000000001

TRAIN Stats
Total Loss |Smoke Loss|Fire Loss |    _______|Accuracy |Precision|Recall   |F1       |
-----------|----------|----------|    Smoke  |0.8299   |0.8565   |0.7847   |0.8190   |
30.06      |20.00     |10.06     |    Fire   |0.9406   |0.8975   |0.8838   |0.8906   |

VAL Stats
Total Loss |Smoke Loss|Fire Loss |    _______|Accuracy |Precision|Recall   |F1       |
-----------|----------|----------|    Smoke  |0.8834   |0.8785   |0.8793   |0.8789   |
23.74      |15.80     |7.94      |    Fire   |0.9587   |0.9642   |0.8730   |0.9163   |


Saving model with new best validation loss: 23.739

=== EPOCH 49/124 ===
Learning Rate = 0.0005120000000000001

TRAIN Stats
Total Loss |Smoke Loss|Fire Loss |    _______|Accuracy |Precision|Recall   |F1       |
-----------|----------|----------|    Smoke  |0.8271   |0.8552   |0.7794   |0.8155   |
30.02      |20.04     |9.99      |    Fire   |0.9421   |0.9039   |0.8818   |0.8927   |

VAL Stats
Total Loss |Smoke Loss|Fire Loss |    _______|Accuracy |Precision|Recall   |F1       |
-----------|----------|----------|    Smoke  |0.8769   |0.8855   |0.8546   |0.8698   |
23.14      |15.41     |7.73      |    Fire   |0.9569   |0.9443   |0.8856   |0.9140   |


Saving model with new best validation loss: 23.140

=== EPOCH 50/124 ===
Learning Rate = 0.0005120000000000001

TRAIN Stats
Total Loss |Smoke Loss|Fire Loss |    _______|Accuracy |Precision|Recall   |F1       |
-----------|----------|----------|    Smoke  |0.8288   |0.8570   |0.7811   |0.8173   |
29.37      |19.66     |9.71      |    Fire   |0.9412   |0.8999   |0.8829   |0.8913   |

VAL Stats
Total Loss |Smoke Loss|Fire Loss |    _______|Accuracy |Precision|Recall   |F1       |
-----------|----------|----------|    Smoke  |0.8671   |0.9196   |0.7930   |0.8516   |
23.50      |16.04     |7.45      |    Fire   |0.9580   |0.9167   |0.9216   |0.9191   |


=== EPOCH 51/124 ===
Learning Rate = 0.0005120000000000001

TRAIN Stats
Total Loss |Smoke Loss|Fire Loss |    _______|Accuracy |Precision|Recall   |F1       |
-----------|----------|----------|    Smoke  |0.8336   |0.8584   |0.7911   |0.8234   |
29.08      |19.56     |9.52      |    Fire   |0.9435   |0.9037   |0.8880   |0.8958   |

VAL Stats
Total Loss |Smoke Loss|Fire Loss |    _______|Accuracy |Precision|Recall   |F1       |
-----------|----------|----------|    Smoke  |0.8848   |0.8730   |0.8900   |0.8814   |
22.78      |15.22     |7.56      |    Fire   |0.9576   |0.9280   |0.9063   |0.9170   |


Saving model with new best validation loss: 22.778

=== EPOCH 52/124 ===
Learning Rate = 0.0005120000000000001

TRAIN Stats
Total Loss |Smoke Loss|Fire Loss |    _______|Accuracy |Precision|Recall   |F1       |
-----------|----------|----------|    Smoke  |0.8346   |0.8595   |0.7923   |0.8245   |
28.94      |19.37     |9.57      |    Fire   |0.9451   |0.9036   |0.8944   |0.8990   |

VAL Stats
Total Loss |Smoke Loss|Fire Loss |    _______|Accuracy |Precision|Recall   |F1       |
-----------|----------|----------|    Smoke  |0.8722   |0.9006   |0.8255   |0.8614   |
23.03      |15.72     |7.31      |    Fire   |0.9611   |0.9370   |0.9108   |0.9237   |


=== EPOCH 53/124 ===
Learning Rate = 0.0005120000000000001

TRAIN Stats
Total Loss |Smoke Loss|Fire Loss |    _______|Accuracy |Precision|Recall   |F1       |
-----------|----------|----------|    Smoke  |0.8356   |0.8626   |0.7909   |0.8252   |
29.02      |19.51     |9.51      |    Fire   |0.9449   |0.9079   |0.8886   |0.8982   |

VAL Stats
Total Loss |Smoke Loss|Fire Loss |    _______|Accuracy |Precision|Recall   |F1       |
-----------|----------|----------|    Smoke  |0.8829   |0.8843   |0.8706   |0.8774   |
22.27      |15.16     |7.11      |    Fire   |0.9625   |0.9455   |0.9072   |0.9260   |


Saving model with new best validation loss: 22.271

=== EPOCH 54/124 ===
Learning Rate = 0.0005120000000000001

TRAIN Stats
Total Loss |Smoke Loss|Fire Loss |    _______|Accuracy |Precision|Recall   |F1       |
-----------|----------|----------|    Smoke  |0.8324   |0.8575   |0.7893   |0.8220   |
28.79      |19.54     |9.24      |    Fire   |0.9448   |0.9076   |0.8887   |0.8980   |

VAL Stats
Total Loss |Smoke Loss|Fire Loss |    _______|Accuracy |Precision|Recall   |F1       |
-----------|----------|----------|    Smoke  |0.8771   |0.8938   |0.8449   |0.8687   |
23.30      |15.75     |7.54      |    Fire   |0.9562   |0.9183   |0.9117   |0.9150   |


=== EPOCH 55/124 ===
Learning Rate = 0.0005120000000000001

TRAIN Stats
Total Loss |Smoke Loss|Fire Loss |    _______|Accuracy |Precision|Recall   |F1       |
-----------|----------|----------|    Smoke  |0.8382   |0.8610   |0.7991   |0.8289   |
28.66      |19.28     |9.38      |    Fire   |0.9452   |0.9067   |0.8914   |0.8990   |

VAL Stats
Total Loss |Smoke Loss|Fire Loss |    _______|Accuracy |Precision|Recall   |F1       |
-----------|----------|----------|    Smoke  |0.8659   |0.9189   |0.7911   |0.8502   |
23.93      |15.78     |8.15      |    Fire   |0.9559   |0.9591   |0.8667   |0.9106   |


=== EPOCH 56/124 ===
Learning Rate = 0.0005120000000000001

TRAIN Stats
Total Loss |Smoke Loss|Fire Loss |    _______|Accuracy |Precision|Recall   |F1       |
-----------|----------|----------|    Smoke  |0.8402   |0.8645   |0.7993   |0.8306   |
28.37      |19.07     |9.30      |    Fire   |0.9448   |0.9037   |0.8933   |0.8985   |

VAL Stats
Total Loss |Smoke Loss|Fire Loss |    _______|Accuracy |Precision|Recall   |F1       |
-----------|----------|----------|    Smoke  |0.8547   |0.9348   |0.7504   |0.8325   |
24.16      |16.35     |7.81      |    Fire   |0.9587   |0.9623   |0.8748   |0.9165   |


=== EPOCH 57/124 ===
Learning Rate = 0.0004096000000000001

TRAIN Stats
Total Loss |Smoke Loss|Fire Loss |    _______|Accuracy |Precision|Recall   |F1       |
-----------|----------|----------|    Smoke  |0.8399   |0.8621   |0.8018   |0.8309   |
27.70      |18.57     |9.12      |    Fire   |0.9455   |0.9095   |0.8891   |0.8992   |

VAL Stats
Total Loss |Smoke Loss|Fire Loss |    _______|Accuracy |Precision|Recall   |F1       |
-----------|----------|----------|    Smoke  |0.8818   |0.8998   |0.8488   |0.8735   |
22.50      |14.99     |7.51      |    Fire   |0.9576   |0.9496   |0.8829   |0.9150   |


=== EPOCH 58/124 ===
Learning Rate = 0.0004096000000000001

TRAIN Stats
Total Loss |Smoke Loss|Fire Loss |    _______|Accuracy |Precision|Recall   |F1       |
-----------|----------|----------|    Smoke  |0.8456   |0.8661   |0.8102   |0.8372   |
27.64      |18.51     |9.13      |    Fire   |0.9456   |0.9094   |0.8895   |0.8993   |

VAL Stats
Total Loss |Smoke Loss|Fire Loss |    _______|Accuracy |Precision|Recall   |F1       |
-----------|----------|----------|    Smoke  |0.8925   |0.8997   |0.8740   |0.8866   |
21.26      |14.37     |6.90      |    Fire   |0.9641   |0.9570   |0.9018   |0.9286   |


Saving model with new best validation loss: 21.265

=== EPOCH 59/124 ===
Learning Rate = 0.0004096000000000001

TRAIN Stats
Total Loss |Smoke Loss|Fire Loss |    _______|Accuracy |Precision|Recall   |F1       |
-----------|----------|----------|    Smoke  |0.8480   |0.8720   |0.8088   |0.8392   |
27.17      |18.29     |8.87      |    Fire   |0.9482   |0.9113   |0.8978   |0.9045   |

VAL Stats
Total Loss |Smoke Loss|Fire Loss |    _______|Accuracy |Precision|Recall   |F1       |
-----------|----------|----------|    Smoke  |0.8818   |0.9073   |0.8400   |0.8724   |
21.65      |14.59     |7.06      |    Fire   |0.9599   |0.9351   |0.9081   |0.9214   |


=== EPOCH 60/124 ===
Learning Rate = 0.0004096000000000001

TRAIN Stats
Total Loss |Smoke Loss|Fire Loss |    _______|Accuracy |Precision|Recall   |F1       |
-----------|----------|----------|    Smoke  |0.8438   |0.8635   |0.8094   |0.8356   |
27.44      |18.35     |9.08      |    Fire   |0.9460   |0.9075   |0.8938   |0.9006   |

VAL Stats
Total Loss |Smoke Loss|Fire Loss |    _______|Accuracy |Precision|Recall   |F1       |
-----------|----------|----------|    Smoke  |0.8923   |0.8957   |0.8783   |0.8869   |
21.71      |14.52     |7.19      |    Fire   |0.9587   |0.9348   |0.9036   |0.9189   |


=== EPOCH 61/124 ===
Learning Rate = 0.0004096000000000001

TRAIN Stats
Total Loss |Smoke Loss|Fire Loss |    _______|Accuracy |Precision|Recall   |F1       |
-----------|----------|----------|    Smoke  |0.8457   |0.8656   |0.8113   |0.8376   |
27.21      |18.33     |8.88      |    Fire   |0.9478   |0.9117   |0.8959   |0.9037   |

VAL Stats
Total Loss |Smoke Loss|Fire Loss |    _______|Accuracy |Precision|Recall   |F1       |
-----------|----------|----------|    Smoke  |0.8846   |0.9179   |0.8347   |0.8743   |
22.15      |14.37     |7.78      |    Fire   |0.9601   |0.9728   |0.8703   |0.9187   |


=== EPOCH 62/124 ===
Learning Rate = 0.0003276800000000001

TRAIN Stats
Total Loss |Smoke Loss|Fire Loss |    _______|Accuracy |Precision|Recall   |F1       |
-----------|----------|----------|    Smoke  |0.8519   |0.8720   |0.8179   |0.8441   |
26.72      |18.10     |8.62      |    Fire   |0.9503   |0.9181   |0.8982   |0.9080   |

VAL Stats
Total Loss |Smoke Loss|Fire Loss |    _______|Accuracy |Precision|Recall   |F1       |
-----------|----------|----------|    Smoke  |0.8885   |0.9151   |0.8468   |0.8797   |
21.29      |14.22     |7.06      |    Fire   |0.9620   |0.9429   |0.9081   |0.9252   |


=== EPOCH 63/124 ===
Learning Rate = 0.0003276800000000001

TRAIN Stats
Total Loss |Smoke Loss|Fire Loss |    _______|Accuracy |Precision|Recall   |F1       |
-----------|----------|----------|    Smoke  |0.8508   |0.8739   |0.8130   |0.8423   |
26.78      |17.96     |8.82      |    Fire   |0.9492   |0.9149   |0.8978   |0.9063   |

VAL Stats
Total Loss |Smoke Loss|Fire Loss |    _______|Accuracy |Precision|Recall   |F1       |
-----------|----------|----------|    Smoke  |0.8906   |0.9195   |0.8468   |0.8817   |
21.14      |14.08     |7.06      |    Fire   |0.9618   |0.9479   |0.9018   |0.9243   |


Saving model with new best validation loss: 21.139

=== EPOCH 64/124 ===
Learning Rate = 0.0003276800000000001

TRAIN Stats
Total Loss |Smoke Loss|Fire Loss |    _______|Accuracy |Precision|Recall   |F1       |
-----------|----------|----------|    Smoke  |0.8528   |0.8761   |0.8150   |0.8445   |
26.49      |17.78     |8.72      |    Fire   |0.9497   |0.9157   |0.8986   |0.9071   |

VAL Stats
Total Loss |Smoke Loss|Fire Loss |    _______|Accuracy |Precision|Recall   |F1       |
-----------|----------|----------|    Smoke  |0.9030   |0.9071   |0.8895   |0.8982   |
20.23      |13.53     |6.70      |    Fire   |0.9632   |0.9359   |0.9207   |0.9282   |


Saving model with new best validation loss: 20.226

=== EPOCH 65/124 ===
Learning Rate = 0.0003276800000000001

TRAIN Stats
Total Loss |Smoke Loss|Fire Loss |    _______|Accuracy |Precision|Recall   |F1       |
-----------|----------|----------|    Smoke  |0.8501   |0.8704   |0.8158   |0.8422   |
26.36      |17.78     |8.58      |    Fire   |0.9513   |0.9171   |0.9033   |0.9102   |

VAL Stats
Total Loss |Smoke Loss|Fire Loss |    _______|Accuracy |Precision|Recall   |F1       |
-----------|----------|----------|    Smoke  |0.8909   |0.9226   |0.8439   |0.8815   |
20.71      |13.57     |7.14      |    Fire   |0.9611   |0.9564   |0.8901   |0.9221   |


=== EPOCH 66/124 ===
Learning Rate = 0.0003276800000000001

TRAIN Stats
Total Loss |Smoke Loss|Fire Loss |    _______|Accuracy |Precision|Recall   |F1       |
-----------|----------|----------|    Smoke  |0.8543   |0.8752   |0.8198   |0.8466   |
26.08      |17.50     |8.58      |    Fire   |0.9508   |0.9184   |0.8999   |0.9091   |

VAL Stats
Total Loss |Smoke Loss|Fire Loss |    _______|Accuracy |Precision|Recall   |F1       |
-----------|----------|----------|    Smoke  |0.8946   |0.9112   |0.8652   |0.8876   |
20.53      |13.51     |7.02      |    Fire   |0.9629   |0.9391   |0.9162   |0.9275   |


=== EPOCH 67/124 ===
Learning Rate = 0.0003276800000000001

TRAIN Stats
Total Loss |Smoke Loss|Fire Loss |    _______|Accuracy |Precision|Recall   |F1       |
-----------|----------|----------|    Smoke  |0.8561   |0.8740   |0.8256   |0.8491   |
26.02      |17.28     |8.74      |    Fire   |0.9486   |0.9145   |0.8957   |0.9050   |

VAL Stats
Total Loss |Smoke Loss|Fire Loss |    _______|Accuracy |Precision|Recall   |F1       |
-----------|----------|----------|    Smoke  |0.8874   |0.9261   |0.8323   |0.8767   |
21.44      |14.49     |6.95      |    Fire   |0.9622   |0.9430   |0.9090   |0.9257   |


=== EPOCH 68/124 ===
Learning Rate = 0.0002621440000000001

TRAIN Stats
Total Loss |Smoke Loss|Fire Loss |    _______|Accuracy |Precision|Recall   |F1       |
-----------|----------|----------|    Smoke  |0.8546   |0.8721   |0.8244   |0.8475   |
26.17      |17.50     |8.67      |    Fire   |0.9484   |0.9107   |0.8995   |0.9051   |

VAL Stats
Total Loss |Smoke Loss|Fire Loss |    _______|Accuracy |Precision|Recall   |F1       |
-----------|----------|----------|    Smoke  |0.8918   |0.9215   |0.8473   |0.8828   |
20.53      |13.51     |7.02      |    Fire   |0.9620   |0.9471   |0.9036   |0.9249   |


=== EPOCH 69/124 ===
Learning Rate = 0.0002621440000000001

TRAIN Stats
Total Loss |Smoke Loss|Fire Loss |    _______|Accuracy |Precision|Recall   |F1       |
-----------|----------|----------|    Smoke  |0.8572   |0.8780   |0.8233   |0.8498   |
25.86      |17.16     |8.70      |    Fire   |0.9505   |0.9169   |0.9003   |0.9085   |

VAL Stats
Total Loss |Smoke Loss|Fire Loss |    _______|Accuracy |Precision|Recall   |F1       |
-----------|----------|----------|    Smoke  |0.9011   |0.9043   |0.8885   |0.8963   |
20.15      |13.18     |6.96      |    Fire   |0.9625   |0.9472   |0.9054   |0.9258   |


Saving model with new best validation loss: 20.146

=== EPOCH 70/124 ===
Learning Rate = 0.0002621440000000001

TRAIN Stats
Total Loss |Smoke Loss|Fire Loss |    _______|Accuracy |Precision|Recall   |F1       |
-----------|----------|----------|    Smoke  |0.8600   |0.8784   |0.8292   |0.8531   |
25.28      |16.95     |8.32      |    Fire   |0.9512   |0.9166   |0.9038   |0.9101   |

VAL Stats
Total Loss |Smoke Loss|Fire Loss |    _______|Accuracy |Precision|Recall   |F1       |
-----------|----------|----------|    Smoke  |0.9023   |0.9053   |0.8900   |0.8976   |
20.10      |12.97     |7.13      |    Fire   |0.9613   |0.9521   |0.8955   |0.9229   |


Saving model with new best validation loss: 20.102

=== EPOCH 71/124 ===
Learning Rate = 0.0002621440000000001

TRAIN Stats
Total Loss |Smoke Loss|Fire Loss |    _______|Accuracy |Precision|Recall   |F1       |
-----------|----------|----------|    Smoke  |0.8575   |0.8750   |0.8276   |0.8507   |
25.27      |17.07     |8.20      |    Fire   |0.9511   |0.9164   |0.9035   |0.9099   |

VAL Stats
Total Loss |Smoke Loss|Fire Loss |    _______|Accuracy |Precision|Recall   |F1       |
-----------|----------|----------|    Smoke  |0.8897   |0.9090   |0.8565   |0.8820   |
20.62      |13.78     |6.84      |    Fire   |0.9643   |0.9435   |0.9171   |0.9301   |


=== EPOCH 72/124 ===
Learning Rate = 0.0002621440000000001

TRAIN Stats
Total Loss |Smoke Loss|Fire Loss |    _______|Accuracy |Precision|Recall   |F1       |
-----------|----------|----------|    Smoke  |0.8617   |0.8794   |0.8320   |0.8551   |
25.00      |16.85     |8.15      |    Fire   |0.9525   |0.9192   |0.9061   |0.9126   |

VAL Stats
Total Loss |Smoke Loss|Fire Loss |    _______|Accuracy |Precision|Recall   |F1       |
-----------|----------|----------|    Smoke  |0.8972   |0.9159   |0.8657   |0.8901   |
20.20      |13.28     |6.92      |    Fire   |0.9641   |0.9527   |0.9063   |0.9289   |


=== EPOCH 73/124 ===
Learning Rate = 0.0002621440000000001

TRAIN Stats
Total Loss |Smoke Loss|Fire Loss |    _______|Accuracy |Precision|Recall   |F1       |
-----------|----------|----------|    Smoke  |0.8658   |0.8847   |0.8351   |0.8592   |
24.76      |16.50     |8.26      |    Fire   |0.9522   |0.9192   |0.9046   |0.9118   |

VAL Stats
Total Loss |Smoke Loss|Fire Loss |    _______|Accuracy |Precision|Recall   |F1       |
-----------|----------|----------|    Smoke  |0.8990   |0.9104   |0.8764   |0.8931   |
20.30      |13.12     |7.18      |    Fire   |0.9629   |0.9657   |0.8883   |0.9254   |


=== EPOCH 74/124 ===
Learning Rate = 0.00020971520000000012

TRAIN Stats
Total Loss |Smoke Loss|Fire Loss |    _______|Accuracy |Precision|Recall   |F1       |
-----------|----------|----------|    Smoke  |0.8656   |0.8809   |0.8395   |0.8597   |
24.55      |16.43     |8.13      |    Fire   |0.9524   |0.9200   |0.9044   |0.9121   |

VAL Stats
Total Loss |Smoke Loss|Fire Loss |    _______|Accuracy |Precision|Recall   |F1       |
-----------|----------|----------|    Smoke  |0.8986   |0.9196   |0.8648   |0.8913   |
20.03      |13.40     |6.63      |    Fire   |0.9657   |0.9462   |0.9198   |0.9328   |


Saving model with new best validation loss: 20.029

=== EPOCH 75/124 ===
Learning Rate = 0.00020971520000000012

TRAIN Stats
Total Loss |Smoke Loss|Fire Loss |    _______|Accuracy |Precision|Recall   |F1       |
-----------|----------|----------|    Smoke  |0.8676   |0.8864   |0.8372   |0.8611   |
24.45      |16.23     |8.22      |    Fire   |0.9519   |0.9175   |0.9054   |0.9114   |

VAL Stats
Total Loss |Smoke Loss|Fire Loss |    _______|Accuracy |Precision|Recall   |F1       |
-----------|----------|----------|    Smoke  |0.8993   |0.9112   |0.8759   |0.8932   |
19.50      |12.78     |6.72      |    Fire   |0.9620   |0.9293   |0.9234   |0.9263   |


Saving model with new best validation loss: 19.504

=== EPOCH 76/124 ===
Learning Rate = 0.00020971520000000012

TRAIN Stats
Total Loss |Smoke Loss|Fire Loss |    _______|Accuracy |Precision|Recall   |F1       |
-----------|----------|----------|    Smoke  |0.8656   |0.8824   |0.8377   |0.8595   |
24.66      |16.55     |8.11      |    Fire   |0.9532   |0.9205   |0.9074   |0.9139   |

VAL Stats
Total Loss |Smoke Loss|Fire Loss |    _______|Accuracy |Precision|Recall   |F1       |
-----------|----------|----------|    Smoke  |0.9039   |0.9081   |0.8905   |0.8992   |
19.58      |12.79     |6.79      |    Fire   |0.9608   |0.9435   |0.9027   |0.9227   |


=== EPOCH 77/124 ===
Learning Rate = 0.00020971520000000012

TRAIN Stats
Total Loss |Smoke Loss|Fire Loss |    _______|Accuracy |Precision|Recall   |F1       |
-----------|----------|----------|    Smoke  |0.8658   |0.8813   |0.8395   |0.8599   |
24.35      |16.40     |7.96      |    Fire   |0.9543   |0.9217   |0.9103   |0.9159   |

VAL Stats
Total Loss |Smoke Loss|Fire Loss |    _______|Accuracy |Precision|Recall   |F1       |
-----------|----------|----------|    Smoke  |0.9051   |0.9132   |0.8871   |0.8999   |
19.85      |12.88     |6.97      |    Fire   |0.9625   |0.9455   |0.9072   |0.9260   |


=== EPOCH 78/124 ===
Learning Rate = 0.00020971520000000012

TRAIN Stats
Total Loss |Smoke Loss|Fire Loss |    _______|Accuracy |Precision|Recall   |F1       |
-----------|----------|----------|    Smoke  |0.8681   |0.8858   |0.8391   |0.8619   |
24.29      |16.19     |8.10      |    Fire   |0.9515   |0.9177   |0.9035   |0.9106   |

VAL Stats
Total Loss |Smoke Loss|Fire Loss |    _______|Accuracy |Precision|Recall   |F1       |
-----------|----------|----------|    Smoke  |0.8981   |0.9148   |0.8691   |0.8914   |
20.00      |13.23     |6.77      |    Fire   |0.9643   |0.9410   |0.9198   |0.9303   |


=== EPOCH 79/124 ===
Learning Rate = 0.0001677721600000001

TRAIN Stats
Total Loss |Smoke Loss|Fire Loss |    _______|Accuracy |Precision|Recall   |F1       |
-----------|----------|----------|    Smoke  |0.8655   |0.8813   |0.8385   |0.8594   |
24.09      |16.14     |7.96      |    Fire   |0.9529   |0.9196   |0.9069   |0.9132   |

VAL Stats
Total Loss |Smoke Loss|Fire Loss |    _______|Accuracy |Precision|Recall   |F1       |
-----------|----------|----------|    Smoke  |0.9011   |0.9213   |0.8686   |0.8942   |
19.19      |12.63     |6.56      |    Fire   |0.9657   |0.9430   |0.9234   |0.9331   |


Saving model with new best validation loss: 19.190

=== EPOCH 80/124 ===
Learning Rate = 0.0001677721600000001

TRAIN Stats
Total Loss |Smoke Loss|Fire Loss |    _______|Accuracy |Precision|Recall   |F1       |
-----------|----------|----------|    Smoke  |0.8720   |0.8886   |0.8449   |0.8662   |
23.58      |15.77     |7.81      |    Fire   |0.9544   |0.9223   |0.9099   |0.9161   |

VAL Stats
Total Loss |Smoke Loss|Fire Loss |    _______|Accuracy |Precision|Recall   |F1       |
-----------|----------|----------|    Smoke  |0.9086   |0.9134   |0.8948   |0.9040   |
18.81      |12.29     |6.52      |    Fire   |0.9653   |0.9388   |0.9261   |0.9324   |


Saving model with new best validation loss: 18.811

Saving model with new best smoke precision: 0.913

=== EPOCH 81/124 ===
Learning Rate = 0.0001677721600000001

TRAIN Stats
Total Loss |Smoke Loss|Fire Loss |    _______|Accuracy |Precision|Recall   |F1       |
-----------|----------|----------|    Smoke  |0.8724   |0.8880   |0.8467   |0.8668   |
23.25      |15.65     |7.60      |    Fire   |0.9566   |0.9252   |0.9150   |0.9201   |

VAL Stats
Total Loss |Smoke Loss|Fire Loss |    _______|Accuracy |Precision|Recall   |F1       |
-----------|----------|----------|    Smoke  |0.9132   |0.9067   |0.9137   |0.9102   |
19.06      |12.54     |6.51      |    Fire   |0.9667   |0.9498   |0.9198   |0.9346   |


=== EPOCH 82/124 ===
Learning Rate = 0.0001677721600000001

TRAIN Stats
Total Loss |Smoke Loss|Fire Loss |    _______|Accuracy |Precision|Recall   |F1       |
-----------|----------|----------|    Smoke  |0.8688   |0.8845   |0.8425   |0.8630   |
24.12      |16.14     |7.98      |    Fire   |0.9536   |0.9213   |0.9080   |0.9146   |

VAL Stats
Total Loss |Smoke Loss|Fire Loss |    _______|Accuracy |Precision|Recall   |F1       |
-----------|----------|----------|    Smoke  |0.9079   |0.9212   |0.8841   |0.9023   |
19.03      |12.50     |6.53      |    Fire   |0.9655   |0.9429   |0.9225   |0.9326   |


Saving model with new best smoke precision: 0.921

=== EPOCH 83/124 ===
Learning Rate = 0.0001677721600000001

TRAIN Stats
Total Loss |Smoke Loss|Fire Loss |    _______|Accuracy |Precision|Recall   |F1       |
-----------|----------|----------|    Smoke  |0.8673   |0.8842   |0.8393   |0.8611   |
23.89      |16.05     |7.83      |    Fire   |0.9542   |0.9237   |0.9076   |0.9155   |

VAL Stats
Total Loss |Smoke Loss|Fire Loss |    _______|Accuracy |Precision|Recall   |F1       |
-----------|----------|----------|    Smoke  |0.9079   |0.9221   |0.8832   |0.9022   |
19.20      |12.53     |6.67      |    Fire   |0.9639   |0.9377   |0.9216   |0.9296   |


Saving model with new best smoke precision: 0.922

=== EPOCH 84/124 ===
Learning Rate = 0.00013421772800000008

TRAIN Stats
Total Loss |Smoke Loss|Fire Loss |    _______|Accuracy |Precision|Recall   |F1       |
-----------|----------|----------|    Smoke  |0.8715   |0.8885   |0.8438   |0.8656   |
23.43      |15.75     |7.68      |    Fire   |0.9552   |0.9254   |0.9093   |0.9173   |

VAL Stats
Total Loss |Smoke Loss|Fire Loss |    _______|Accuracy |Precision|Recall   |F1       |
-----------|----------|----------|    Smoke  |0.9067   |0.9193   |0.8837   |0.9011   |
19.01      |12.41     |6.60      |    Fire   |0.9655   |0.9564   |0.9081   |0.9316   |


=== EPOCH 85/124 ===
Learning Rate = 0.00013421772800000008

TRAIN Stats
Total Loss |Smoke Loss|Fire Loss |    _______|Accuracy |Precision|Recall   |F1       |
-----------|----------|----------|    Smoke  |0.8748   |0.8922   |0.8470   |0.8690   |
23.05      |15.66     |7.40      |    Fire   |0.9586   |0.9304   |0.9171   |0.9237   |

VAL Stats
Total Loss |Smoke Loss|Fire Loss |    _______|Accuracy |Precision|Recall   |F1       |
-----------|----------|----------|    Smoke  |0.9028   |0.9208   |0.8730   |0.8962   |
19.09      |12.52     |6.58      |    Fire   |0.9671   |0.9549   |0.9162   |0.9352   |


=== EPOCH 86/124 ===
Learning Rate = 0.00013421772800000008

TRAIN Stats
Total Loss |Smoke Loss|Fire Loss |    _______|Accuracy |Precision|Recall   |F1       |
-----------|----------|----------|    Smoke  |0.8717   |0.8900   |0.8425   |0.8656   |
23.18      |15.66     |7.52      |    Fire   |0.9560   |0.9245   |0.9137   |0.9191   |

VAL Stats
Total Loss |Smoke Loss|Fire Loss |    _______|Accuracy |Precision|Recall   |F1       |
-----------|----------|----------|    Smoke  |0.9049   |0.9220   |0.8764   |0.8986   |
19.33      |12.53     |6.80      |    Fire   |0.9650   |0.9520   |0.9108   |0.9309   |


=== EPOCH 87/124 ===
Learning Rate = 0.00010737418240000007

TRAIN Stats
Total Loss |Smoke Loss|Fire Loss |    _______|Accuracy |Precision|Recall   |F1       |
-----------|----------|----------|    Smoke  |0.8785   |0.8929   |0.8549   |0.8735   |
22.85      |15.22     |7.62      |    Fire   |0.9562   |0.9259   |0.9129   |0.9193   |

VAL Stats
Total Loss |Smoke Loss|Fire Loss |    _______|Accuracy |Precision|Recall   |F1       |
-----------|----------|----------|    Smoke  |0.9056   |0.9183   |0.8822   |0.8999   |
19.18      |12.56     |6.63      |    Fire   |0.9641   |0.9451   |0.9144   |0.9295   |


=== EPOCH 88/124 ===
Learning Rate = 0.00010737418240000007

TRAIN Stats
Total Loss |Smoke Loss|Fire Loss |    _______|Accuracy |Precision|Recall   |F1       |
-----------|----------|----------|    Smoke  |0.8798   |0.8954   |0.8548   |0.8746   |
22.59      |15.00     |7.59      |    Fire   |0.9548   |0.9229   |0.9108   |0.9168   |

VAL Stats
Total Loss |Smoke Loss|Fire Loss |    _______|Accuracy |Precision|Recall   |F1       |
-----------|----------|----------|    Smoke  |0.9100   |0.9228   |0.8871   |0.9046   |
19.30      |12.29     |7.01      |    Fire   |0.9632   |0.9533   |0.9018   |0.9269   |


Saving model with new best smoke precision: 0.923

=== EPOCH 89/124 ===
Learning Rate = 0.00010737418240000007

TRAIN Stats
Total Loss |Smoke Loss|Fire Loss |    _______|Accuracy |Precision|Recall   |F1       |
-----------|----------|----------|    Smoke  |0.8725   |0.8894   |0.8450   |0.8667   |
22.82      |15.53     |7.29      |    Fire   |0.9575   |0.9286   |0.9150   |0.9217   |

VAL Stats
Total Loss |Smoke Loss|Fire Loss |    _______|Accuracy |Precision|Recall   |F1       |
-----------|----------|----------|    Smoke  |0.9093   |0.9185   |0.8905   |0.9043   |
18.73      |12.18     |6.55      |    Fire   |0.9650   |0.9388   |0.9252   |0.9319   |


Saving model with new best validation loss: 18.734

=== EPOCH 90/124 ===
Learning Rate = 0.00010737418240000007

TRAIN Stats
Total Loss |Smoke Loss|Fire Loss |    _______|Accuracy |Precision|Recall   |F1       |
-----------|----------|----------|    Smoke  |0.8795   |0.8945   |0.8550   |0.8743   |
22.56      |15.06     |7.50      |    Fire   |0.9557   |0.9248   |0.9122   |0.9185   |

VAL Stats
Total Loss |Smoke Loss|Fire Loss |    _______|Accuracy |Precision|Recall   |F1       |
-----------|----------|----------|    Smoke  |0.9109   |0.9180   |0.8948   |0.9062   |
18.61      |12.14     |6.47      |    Fire   |0.9648   |0.9395   |0.9234   |0.9314   |


Saving model with new best validation loss: 18.610

=== EPOCH 91/124 ===
Learning Rate = 0.00010737418240000007

TRAIN Stats
Total Loss |Smoke Loss|Fire Loss |    _______|Accuracy |Precision|Recall   |F1       |
-----------|----------|----------|    Smoke  |0.8810   |0.8962   |0.8567   |0.8760   |
22.78      |15.17     |7.61      |    Fire   |0.9562   |0.9261   |0.9127   |0.9193   |

VAL Stats
Total Loss |Smoke Loss|Fire Loss |    _______|Accuracy |Precision|Recall   |F1       |
-----------|----------|----------|    Smoke  |0.9083   |0.9247   |0.8812   |0.9025   |
18.72      |12.24     |6.48      |    Fire   |0.9646   |0.9419   |0.9198   |0.9307   |


Saving model with new best smoke precision: 0.925

=== EPOCH 92/124 ===
Learning Rate = 0.00010737418240000007

TRAIN Stats
Total Loss |Smoke Loss|Fire Loss |    _______|Accuracy |Precision|Recall   |F1       |
-----------|----------|----------|    Smoke  |0.8773   |0.8913   |0.8538   |0.8722   |
22.61      |15.17     |7.44      |    Fire   |0.9567   |0.9271   |0.9135   |0.9203   |

VAL Stats
Total Loss |Smoke Loss|Fire Loss |    _______|Accuracy |Precision|Recall   |F1       |
-----------|----------|----------|    Smoke  |0.9090   |0.9127   |0.8968   |0.9046   |
18.73      |12.07     |6.66      |    Fire   |0.9648   |0.9477   |0.9144   |0.9308   |


=== EPOCH 93/124 ===
Learning Rate = 0.00010737418240000007

TRAIN Stats
Total Loss |Smoke Loss|Fire Loss |    _______|Accuracy |Precision|Recall   |F1       |
-----------|----------|----------|    Smoke  |0.8788   |0.8926   |0.8558   |0.8738   |
23.01      |15.38     |7.63      |    Fire   |0.9552   |0.9228   |0.9124   |0.9176   |

VAL Stats
Total Loss |Smoke Loss|Fire Loss |    _______|Accuracy |Precision|Recall   |F1       |
-----------|----------|----------|    Smoke  |0.9165   |0.9152   |0.9108   |0.9130   |
18.32      |11.81     |6.51      |    Fire   |0.9636   |0.9392   |0.9189   |0.9290   |


Saving model with new best validation loss: 18.322

=== EPOCH 94/124 ===
Learning Rate = 0.00010737418240000007

TRAIN Stats
Total Loss |Smoke Loss|Fire Loss |    _______|Accuracy |Precision|Recall   |F1       |
-----------|----------|----------|    Smoke  |0.8753   |0.8932   |0.8471   |0.8695   |
22.97      |15.35     |7.62      |    Fire   |0.9554   |0.9249   |0.9108   |0.9178   |

VAL Stats
Total Loss |Smoke Loss|Fire Loss |    _______|Accuracy |Precision|Recall   |F1       |
-----------|----------|----------|    Smoke  |0.9076   |0.9191   |0.8861   |0.9023   |
18.72      |12.26     |6.46      |    Fire   |0.9643   |0.9435   |0.9171   |0.9301   |


=== EPOCH 95/124 ===
Learning Rate = 0.00010737418240000007

TRAIN Stats
Total Loss |Smoke Loss|Fire Loss |    _______|Accuracy |Precision|Recall   |F1       |
-----------|----------|----------|    Smoke  |0.8820   |0.8970   |0.8577   |0.8769   |
22.25      |14.79     |7.47      |    Fire   |0.9568   |0.9279   |0.9129   |0.9203   |

VAL Stats
Total Loss |Smoke Loss|Fire Loss |    _______|Accuracy |Precision|Recall   |F1       |
-----------|----------|----------|    Smoke  |0.9116   |0.9152   |0.8997   |0.9074   |
18.25      |11.90     |6.36      |    Fire   |0.9660   |0.9488   |0.9180   |0.9332   |


Saving model with new best validation loss: 18.254

=== EPOCH 96/124 ===
Learning Rate = 0.00010737418240000007

TRAIN Stats
Total Loss |Smoke Loss|Fire Loss |    _______|Accuracy |Precision|Recall   |F1       |
-----------|----------|----------|    Smoke  |0.8803   |0.8950   |0.8563   |0.8752   |
22.26      |14.99     |7.27      |    Fire   |0.9567   |0.9255   |0.9154   |0.9204   |

VAL Stats
Total Loss |Smoke Loss|Fire Loss |    _______|Accuracy |Precision|Recall   |F1       |
-----------|----------|----------|    Smoke  |0.9104   |0.9216   |0.8895   |0.9053   |
18.36      |11.81     |6.55      |    Fire   |0.9660   |0.9496   |0.9171   |0.9331   |


=== EPOCH 97/124 ===
Learning Rate = 0.00010737418240000007

TRAIN Stats
Total Loss |Smoke Loss|Fire Loss |    _______|Accuracy |Precision|Recall   |F1       |
-----------|----------|----------|    Smoke  |0.8791   |0.8943   |0.8545   |0.8739   |
22.29      |15.06     |7.23      |    Fire   |0.9584   |0.9286   |0.9182   |0.9234   |

VAL Stats
Total Loss |Smoke Loss|Fire Loss |    _______|Accuracy |Precision|Recall   |F1       |
-----------|----------|----------|    Smoke  |0.9086   |0.9074   |0.9021   |0.9047   |
18.96      |12.31     |6.65      |    Fire   |0.9625   |0.9286   |0.9261   |0.9274   |


=== EPOCH 98/124 ===
Learning Rate = 0.00010737418240000007

TRAIN Stats
Total Loss |Smoke Loss|Fire Loss |    _______|Accuracy |Precision|Recall   |F1       |
-----------|----------|----------|    Smoke  |0.8776   |0.8904   |0.8556   |0.8727   |
22.78      |15.31     |7.47      |    Fire   |0.9572   |0.9262   |0.9167   |0.9214   |

VAL Stats
Total Loss |Smoke Loss|Fire Loss |    _______|Accuracy |Precision|Recall   |F1       |
-----------|----------|----------|    Smoke  |0.9051   |0.9220   |0.8769   |0.8989   |
18.98      |12.27     |6.71      |    Fire   |0.9632   |0.9449   |0.9108   |0.9275   |


=== EPOCH 99/124 ===
Learning Rate = 8.589934592000007e-05

TRAIN Stats
Total Loss |Smoke Loss|Fire Loss |    _______|Accuracy |Precision|Recall   |F1       |
-----------|----------|----------|    Smoke  |0.8812   |0.8965   |0.8565   |0.8760   |
22.09      |14.79     |7.30      |    Fire   |0.9576   |0.9322   |0.9112   |0.9215   |

VAL Stats
Total Loss |Smoke Loss|Fire Loss |    _______|Accuracy |Precision|Recall   |F1       |
-----------|----------|----------|    Smoke  |0.9149   |0.9224   |0.8987   |0.9104   |
18.24      |11.66     |6.58      |    Fire   |0.9634   |0.9344   |0.9234   |0.9289   |


Saving model with new best validation loss: 18.243

=== EPOCH 100/124 ===
Learning Rate = 8.589934592000007e-05

TRAIN Stats
Total Loss |Smoke Loss|Fire Loss |    _______|Accuracy |Precision|Recall   |F1       |
-----------|----------|----------|    Smoke  |0.8853   |0.8991   |0.8628   |0.8806   |
21.99      |14.68     |7.31      |    Fire   |0.9571   |0.9248   |0.9176   |0.9212   |

VAL Stats
Total Loss |Smoke Loss|Fire Loss |    _______|Accuracy |Precision|Recall   |F1       |
-----------|----------|----------|    Smoke  |0.9111   |0.9222   |0.8905   |0.9060   |
18.13      |11.67     |6.46      |    Fire   |0.9662   |0.9463   |0.9216   |0.9338   |


Saving model with new best validation loss: 18.126

=== EPOCH 101/124 ===
Learning Rate = 8.589934592000007e-05

TRAIN Stats
Total Loss |Smoke Loss|Fire Loss |    _______|Accuracy |Precision|Recall   |F1       |
-----------|----------|----------|    Smoke  |0.8821   |0.8969   |0.8582   |0.8771   |
22.11      |14.76     |7.35      |    Fire   |0.9577   |0.9284   |0.9156   |0.9220   |

VAL Stats
Total Loss |Smoke Loss|Fire Loss |    _______|Accuracy |Precision|Recall   |F1       |
-----------|----------|----------|    Smoke  |0.9128   |0.9293   |0.8861   |0.9072   |
18.62      |11.91     |6.70      |    Fire   |0.9657   |0.9547   |0.9108   |0.9322   |


Saving model with new best smoke precision: 0.929

=== EPOCH 102/124 ===
Learning Rate = 8.589934592000007e-05

TRAIN Stats
Total Loss |Smoke Loss|Fire Loss |    _______|Accuracy |Precision|Recall   |F1       |
-----------|----------|----------|    Smoke  |0.8795   |0.8950   |0.8545   |0.8743   |
22.52      |14.98     |7.54      |    Fire   |0.9556   |0.9233   |0.9133   |0.9183   |

VAL Stats
Total Loss |Smoke Loss|Fire Loss |    _______|Accuracy |Precision|Recall   |F1       |
-----------|----------|----------|    Smoke  |0.9079   |0.9290   |0.8754   |0.9014   |
18.22      |11.87     |6.35      |    Fire   |0.9669   |0.9523   |0.9180   |0.9349   |


=== EPOCH 103/124 ===
Learning Rate = 8.589934592000007e-05

TRAIN Stats
Total Loss |Smoke Loss|Fire Loss |    _______|Accuracy |Precision|Recall   |F1       |
-----------|----------|----------|    Smoke  |0.8819   |0.8973   |0.8573   |0.8768   |
21.96      |14.72     |7.24      |    Fire   |0.9593   |0.9345   |0.9152   |0.9247   |

VAL Stats
Total Loss |Smoke Loss|Fire Loss |    _______|Accuracy |Precision|Recall   |F1       |
-----------|----------|----------|    Smoke  |0.9107   |0.9221   |0.8895   |0.9055   |
18.21      |11.92     |6.29      |    Fire   |0.9676   |0.9450   |0.9288   |0.9368   |


=== EPOCH 104/124 ===
Learning Rate = 6.871947673600006e-05

TRAIN Stats
Total Loss |Smoke Loss|Fire Loss |    _______|Accuracy |Precision|Recall   |F1       |
-----------|----------|----------|    Smoke  |0.8839   |0.8983   |0.8606   |0.8790   |
21.59      |14.58     |7.01      |    Fire   |0.9605   |0.9342   |0.9203   |0.9272   |

VAL Stats
Total Loss |Smoke Loss|Fire Loss |    _______|Accuracy |Precision|Recall   |F1       |
-----------|----------|----------|    Smoke  |0.9142   |0.9161   |0.9045   |0.9102   |
18.02      |11.68     |6.34      |    Fire   |0.9646   |0.9394   |0.9225   |0.9309   |


Saving model with new best validation loss: 18.022

=== EPOCH 105/124 ===
Learning Rate = 6.871947673600006e-05

TRAIN Stats
Total Loss |Smoke Loss|Fire Loss |    _______|Accuracy |Precision|Recall   |F1       |
-----------|----------|----------|    Smoke  |0.8802   |0.8944   |0.8568   |0.8752   |
21.90      |14.76     |7.14      |    Fire   |0.9593   |0.9315   |0.9186   |0.9250   |

VAL Stats
Total Loss |Smoke Loss|Fire Loss |    _______|Accuracy |Precision|Recall   |F1       |
-----------|----------|----------|    Smoke  |0.9121   |0.9240   |0.8905   |0.9069   |
18.32      |11.79     |6.53      |    Fire   |0.9641   |0.9451   |0.9144   |0.9295   |


=== EPOCH 106/124 ===
Learning Rate = 6.871947673600006e-05

TRAIN Stats
Total Loss |Smoke Loss|Fire Loss |    _______|Accuracy |Precision|Recall   |F1       |
-----------|----------|----------|    Smoke  |0.8785   |0.8941   |0.8534   |0.8733   |
22.15      |15.00     |7.15      |    Fire   |0.9586   |0.9296   |0.9180   |0.9238   |

VAL Stats
Total Loss |Smoke Loss|Fire Loss |    _______|Accuracy |Precision|Recall   |F1       |
-----------|----------|----------|    Smoke  |0.9079   |0.9268   |0.8778   |0.9017   |
18.42      |11.93     |6.49      |    Fire   |0.9646   |0.9403   |0.9216   |0.9308   |


=== EPOCH 107/124 ===
Learning Rate = 6.871947673600006e-05

TRAIN Stats
Total Loss |Smoke Loss|Fire Loss |    _______|Accuracy |Precision|Recall   |F1       |
-----------|----------|----------|    Smoke  |0.8820   |0.8941   |0.8613   |0.8774   |
21.98      |14.67     |7.30      |    Fire   |0.9572   |0.9283   |0.9139   |0.9211   |

VAL Stats
Total Loss |Smoke Loss|Fire Loss |    _______|Accuracy |Precision|Recall   |F1       |
-----------|----------|----------|    Smoke  |0.9097   |0.9207   |0.8890   |0.9046   |
18.26      |11.81     |6.45      |    Fire   |0.9643   |0.9386   |0.9225   |0.9305   |


=== EPOCH 108/124 ===
Learning Rate = 5.497558138880005e-05

TRAIN Stats
Total Loss |Smoke Loss|Fire Loss |    _______|Accuracy |Precision|Recall   |F1       |
-----------|----------|----------|    Smoke  |0.8835   |0.8971   |0.8612   |0.8787   |
21.95      |14.84     |7.11      |    Fire   |0.9593   |0.9335   |0.9163   |0.9248   |

VAL Stats
Total Loss |Smoke Loss|Fire Loss |    _______|Accuracy |Precision|Recall   |F1       |
-----------|----------|----------|    Smoke  |0.9111   |0.9278   |0.8841   |0.9054   |
18.53      |12.06     |6.48      |    Fire   |0.9641   |0.9426   |0.9171   |0.9297   |


=== EPOCH 109/124 ===
Learning Rate = 5.497558138880005e-05

TRAIN Stats
Total Loss |Smoke Loss|Fire Loss |    _______|Accuracy |Precision|Recall   |F1       |
-----------|----------|----------|    Smoke  |0.8835   |0.8961   |0.8623   |0.8789   |
21.46      |14.60     |6.86      |    Fire   |0.9604   |0.9327   |0.9218   |0.9272   |

VAL Stats
Total Loss |Smoke Loss|Fire Loss |    _______|Accuracy |Precision|Recall   |F1       |
-----------|----------|----------|    Smoke  |0.9095   |0.9219   |0.8871   |0.9042   |
18.46      |11.95     |6.51      |    Fire   |0.9657   |0.9504   |0.9153   |0.9325   |


=== EPOCH 110/124 ===
Learning Rate = 5.497558138880005e-05

TRAIN Stats
Total Loss |Smoke Loss|Fire Loss |    _______|Accuracy |Precision|Recall   |F1       |
-----------|----------|----------|    Smoke  |0.8864   |0.9011   |0.8631   |0.8817   |
21.32      |14.27     |7.05      |    Fire   |0.9590   |0.9301   |0.9190   |0.9245   |

VAL Stats
Total Loss |Smoke Loss|Fire Loss |    _______|Accuracy |Precision|Recall   |F1       |
-----------|----------|----------|    Smoke  |0.9114   |0.9197   |0.8938   |0.9066   |
18.03      |11.60     |6.43      |    Fire   |0.9639   |0.9377   |0.9216   |0.9296   |


=== EPOCH 111/124 ===
Learning Rate = 4.3980465111040044e-05

TRAIN Stats
Total Loss |Smoke Loss|Fire Loss |    _______|Accuracy |Precision|Recall   |F1       |
-----------|----------|----------|    Smoke  |0.8840   |0.9000   |0.8589   |0.8789   |
21.61      |14.53     |7.08      |    Fire   |0.9584   |0.9285   |0.9186   |0.9235   |

VAL Stats
Total Loss |Smoke Loss|Fire Loss |    _______|Accuracy |Precision|Recall   |F1       |
-----------|----------|----------|    Smoke  |0.9149   |0.9199   |0.9016   |0.9106   |
18.18      |11.74     |6.44      |    Fire   |0.9646   |0.9378   |0.9243   |0.9310   |


=== EPOCH 112/124 ===
Learning Rate = 4.3980465111040044e-05

TRAIN Stats
Total Loss |Smoke Loss|Fire Loss |    _______|Accuracy |Precision|Recall   |F1       |
-----------|----------|----------|    Smoke  |0.8852   |0.8991   |0.8626   |0.8805   |
21.52      |14.49     |7.03      |    Fire   |0.9588   |0.9315   |0.9165   |0.9240   |

VAL Stats
Total Loss |Smoke Loss|Fire Loss |    _______|Accuracy |Precision|Recall   |F1       |
-----------|----------|----------|    Smoke  |0.9135   |0.9217   |0.8963   |0.9088   |
18.19      |11.72     |6.47      |    Fire   |0.9646   |0.9378   |0.9243   |0.9310   |


=== EPOCH 113/124 ===
Learning Rate = 4.3980465111040044e-05

TRAIN Stats
Total Loss |Smoke Loss|Fire Loss |    _______|Accuracy |Precision|Recall   |F1       |
-----------|----------|----------|    Smoke  |0.8841   |0.8969   |0.8627   |0.8795   |
21.96      |14.66     |7.30      |    Fire   |0.9565   |0.9261   |0.9137   |0.9199   |

VAL Stats
Total Loss |Smoke Loss|Fire Loss |    _______|Accuracy |Precision|Recall   |F1       |
-----------|----------|----------|    Smoke  |0.9097   |0.9280   |0.8808   |0.9038   |
18.05      |11.64     |6.40      |    Fire   |0.9634   |0.9344   |0.9234   |0.9289   |


=== EPOCH 114/124 ===
Learning Rate = 3.5184372088832036e-05

TRAIN Stats
Total Loss |Smoke Loss|Fire Loss |    _______|Accuracy |Precision|Recall   |F1       |
-----------|----------|----------|    Smoke  |0.8867   |0.9025   |0.8621   |0.8819   |
21.46      |14.37     |7.09      |    Fire   |0.9584   |0.9314   |0.9150   |0.9231   |

VAL Stats
Total Loss |Smoke Loss|Fire Loss |    _______|Accuracy |Precision|Recall   |F1       |
-----------|----------|----------|    Smoke  |0.9158   |0.9163   |0.9079   |0.9121   |
18.15      |11.65     |6.50      |    Fire   |0.9639   |0.9401   |0.9189   |0.9294   |


=== EPOCH 115/124 ===
Learning Rate = 3.5184372088832036e-05

TRAIN Stats
Total Loss |Smoke Loss|Fire Loss |    _______|Accuracy |Precision|Recall   |F1       |
-----------|----------|----------|    Smoke  |0.8855   |0.8971   |0.8659   |0.8812   |
21.56      |14.36     |7.20      |    Fire   |0.9592   |0.9307   |0.9192   |0.9249   |

VAL Stats
Total Loss |Smoke Loss|Fire Loss |    _______|Accuracy |Precision|Recall   |F1       |
-----------|----------|----------|    Smoke  |0.9132   |0.9251   |0.8919   |0.9082   |
18.06      |11.68     |6.38      |    Fire   |0.9648   |0.9355   |0.9279   |0.9317   |


=== EPOCH 116/124 ===
Learning Rate = 3.5184372088832036e-05

TRAIN Stats
Total Loss |Smoke Loss|Fire Loss |    _______|Accuracy |Precision|Recall   |F1       |
-----------|----------|----------|    Smoke  |0.8855   |0.9019   |0.8600   |0.8804   |
21.35      |14.32     |7.03      |    Fire   |0.9598   |0.9329   |0.9190   |0.9259   |

VAL Stats
Total Loss |Smoke Loss|Fire Loss |    _______|Accuracy |Precision|Recall   |F1       |
-----------|----------|----------|    Smoke  |0.9135   |0.9273   |0.8900   |0.9082   |
18.38      |11.71     |6.67      |    Fire   |0.9643   |0.9544   |0.9054   |0.9293   |


=== EPOCH 117/124 ===
Learning Rate = 2.814749767106563e-05

TRAIN Stats
Total Loss |Smoke Loss|Fire Loss |    _______|Accuracy |Precision|Recall   |F1       |
-----------|----------|----------|    Smoke  |0.8849   |0.8988   |0.8625   |0.8803   |
21.25      |14.23     |7.02      |    Fire   |0.9601   |0.9354   |0.9173   |0.9263   |

VAL Stats
Total Loss |Smoke Loss|Fire Loss |    _______|Accuracy |Precision|Recall   |F1       |
-----------|----------|----------|    Smoke  |0.9149   |0.9249   |0.8958   |0.9101   |
17.96      |11.58     |6.37      |    Fire   |0.9653   |0.9470   |0.9171   |0.9318   |


Saving model with new best validation loss: 17.955

=== EPOCH 118/124 ===
Learning Rate = 2.814749767106563e-05

TRAIN Stats
Total Loss |Smoke Loss|Fire Loss |    _______|Accuracy |Precision|Recall   |F1       |
-----------|----------|----------|    Smoke  |0.8871   |0.9028   |0.8626   |0.8822   |
21.28      |14.19     |7.08      |    Fire   |0.9586   |0.9326   |0.9148   |0.9236   |

VAL Stats
Total Loss |Smoke Loss|Fire Loss |    _______|Accuracy |Precision|Recall   |F1       |
-----------|----------|----------|    Smoke  |0.9163   |0.9243   |0.8997   |0.9118   |
17.77      |11.47     |6.30      |    Fire   |0.9671   |0.9417   |0.9306   |0.9361   |


Saving model with new best validation loss: 17.771

=== EPOCH 119/124 ===
Learning Rate = 2.814749767106563e-05

TRAIN Stats
Total Loss |Smoke Loss|Fire Loss |    _______|Accuracy |Precision|Recall   |F1       |
-----------|----------|----------|    Smoke  |0.8877   |0.9011   |0.8660   |0.8832   |
20.94      |14.16     |6.78      |    Fire   |0.9592   |0.9300   |0.9201   |0.9250   |

VAL Stats
Total Loss |Smoke Loss|Fire Loss |    _______|Accuracy |Precision|Recall   |F1       |
-----------|----------|----------|    Smoke  |0.9158   |0.9315   |0.8905   |0.9105   |
17.81      |11.46     |6.35      |    Fire   |0.9676   |0.9483   |0.9252   |0.9366   |


Saving model with new best smoke precision: 0.932

=== EPOCH 120/124 ===
Learning Rate = 2.814749767106563e-05

TRAIN Stats
Total Loss |Smoke Loss|Fire Loss |    _______|Accuracy |Precision|Recall   |F1       |
-----------|----------|----------|    Smoke  |0.8842   |0.8993   |0.8601   |0.8793   |
21.45      |14.40     |7.05      |    Fire   |0.9592   |0.9320   |0.9176   |0.9247   |

VAL Stats
Total Loss |Smoke Loss|Fire Loss |    _______|Accuracy |Precision|Recall   |F1       |
-----------|----------|----------|    Smoke  |0.9142   |0.9261   |0.8929   |0.9092   |
17.98      |11.61     |6.37      |    Fire   |0.9662   |0.9463   |0.9216   |0.9338   |


=== EPOCH 121/124 ===
Learning Rate = 2.814749767106563e-05

TRAIN Stats
Total Loss |Smoke Loss|Fire Loss |    _______|Accuracy |Precision|Recall   |F1       |
-----------|----------|----------|    Smoke  |0.8883   |0.9012   |0.8673   |0.8839   |
21.22      |14.10     |7.11      |    Fire   |0.9586   |0.9276   |0.9205   |0.9241   |

VAL Stats
Total Loss |Smoke Loss|Fire Loss |    _______|Accuracy |Precision|Recall   |F1       |
-----------|----------|----------|    Smoke  |0.9144   |0.9227   |0.8972   |0.9098   |
17.87      |11.53     |6.34      |    Fire   |0.9669   |0.9481   |0.9225   |0.9352   |


=== EPOCH 122/124 ===
Learning Rate = 2.2517998136852506e-05

TRAIN Stats
Total Loss |Smoke Loss|Fire Loss |    _______|Accuracy |Precision|Recall   |F1       |
-----------|----------|----------|    Smoke  |0.8899   |0.9034   |0.8684   |0.8856   |
20.93      |14.02     |6.91      |    Fire   |0.9604   |0.9338   |0.9203   |0.9270   |

VAL Stats
Total Loss |Smoke Loss|Fire Loss |    _______|Accuracy |Precision|Recall   |F1       |
-----------|----------|----------|    Smoke  |0.9174   |0.9199   |0.9074   |0.9136   |
17.87      |11.51     |6.35      |    Fire   |0.9664   |0.9423   |0.9270   |0.9346   |


=== EPOCH 123/124 ===
Learning Rate = 2.2517998136852506e-05

TRAIN Stats
Total Loss |Smoke Loss|Fire Loss |    _______|Accuracy |Precision|Recall   |F1       |
-----------|----------|----------|    Smoke  |0.8877   |0.9032   |0.8635   |0.8829   |
21.08      |14.28     |6.80      |    Fire   |0.9599   |0.9324   |0.9199   |0.9261   |

VAL Stats
Total Loss |Smoke Loss|Fire Loss |    _______|Accuracy |Precision|Recall   |F1       |
-----------|----------|----------|    Smoke  |0.9167   |0.9223   |0.9031   |0.9126   |
17.82      |11.50     |6.32      |    Fire   |0.9653   |0.9388   |0.9261   |0.9324   |


=== EPOCH 124/124 ===
Learning Rate = 2.2517998136852506e-05

TRAIN Stats
Total Loss |Smoke Loss|Fire Loss |    _______|Accuracy |Precision|Recall   |F1       |
-----------|----------|----------|    Smoke  |0.8871   |0.9016   |0.8641   |0.8825   |
21.21      |14.24     |6.97      |    Fire   |0.9596   |0.9355   |0.9152   |0.9252   |

VAL Stats
Total Loss |Smoke Loss|Fire Loss |    _______|Accuracy |Precision|Recall   |F1       |
-----------|----------|----------|    Smoke  |0.9151   |0.9262   |0.8948   |0.9103   |
17.87      |11.48     |6.39      |    Fire   |0.9657   |0.9421   |0.9243   |0.9332   |

Saving last model

***Script finished: 18:19:33

Time elapsed: 0:50:28.679900
