BED Classifier XS Tiny.
	One Head.
	255 Normalization.
	Weighted for Precision.
	Modules.
	Losses and Metrics Loggers.
	More checkpoints.
	QAT with Neural Compressor.


TRAIN DFIRE dataset
	Train dataset len: 17221
TEST DFire dataset
	Test dataset len: 4306

Using BED Classifier

Trainable parameters = 93266
Total parameters = 93266

Model shape is tensor([[ 0.0724, -0.1167],
        [ 0.0984, -0.0883],
        [ 0.1928,  0.0420],
        [ 0.1430, -0.0193]], device='cuda:0', grad_fn=<AddmmBackward0>)
BED Model Arquitecture
BED_CLASSIFIER(
  (model): Sequential(
    (conv1): Conv2d(3, 32, kernel_size=(3, 3), stride=(1, 1), padding=(1, 1), bias=False)
    (bn1): BatchNorm2d(32, eps=1e-05, momentum=0.1, affine=True, track_running_stats=True)
    (relu1): ReLU()
    (dropout1): Dropout2d(p=0.3, inplace=False)
    (maxpool2): MaxPool2d(kernel_size=2, stride=2, padding=0, dilation=1, ceil_mode=False)
    (conv2): Conv2d(32, 16, kernel_size=(3, 3), stride=(1, 1), padding=(1, 1), bias=False)
    (bn2): BatchNorm2d(16, eps=1e-05, momentum=0.1, affine=True, track_running_stats=True)
    (relu2): ReLU()
    (dropout2): Dropout2d(p=0.3, inplace=False)
    (maxpool3): MaxPool2d(kernel_size=2, stride=2, padding=0, dilation=1, ceil_mode=False)
    (conv31): Conv2d(16, 16, kernel_size=(1, 1), stride=(1, 1), bias=False)
    (bn31): BatchNorm2d(16, eps=1e-05, momentum=0.1, affine=True, track_running_stats=True)
    (relu31): ReLU()
    (conv32): Conv2d(16, 32, kernel_size=(3, 3), stride=(1, 1), padding=(1, 1), bias=False)
    (bn32): BatchNorm2d(32, eps=1e-05, momentum=0.1, affine=True, track_running_stats=True)
    (relu32): ReLU()
    (conv33): Conv2d(32, 32, kernel_size=(1, 1), stride=(1, 1), bias=False)
    (bn33): BatchNorm2d(32, eps=1e-05, momentum=0.1, affine=True, track_running_stats=True)
    (relu33): ReLU()
    (conv34): Conv2d(32, 64, kernel_size=(3, 3), stride=(1, 1), padding=(1, 1), bias=False)
    (bn34): BatchNorm2d(64, eps=1e-05, momentum=0.1, affine=True, track_running_stats=True)
    (relu34): ReLU()
    (maxpool4): MaxPool2d(kernel_size=2, stride=2, padding=0, dilation=1, ceil_mode=False)
    (conv41): Conv2d(64, 32, kernel_size=(1, 1), stride=(1, 1), bias=False)
    (bn41): BatchNorm2d(32, eps=1e-05, momentum=0.1, affine=True, track_running_stats=True)
    (relu41): ReLU()
    (conv42): Conv2d(32, 64, kernel_size=(3, 3), stride=(1, 1), padding=(1, 1), bias=False)
    (bn42): BatchNorm2d(64, eps=1e-05, momentum=0.1, affine=True, track_running_stats=True)
    (relu42): ReLU()
    (conv43): Conv2d(64, 32, kernel_size=(1, 1), stride=(1, 1), bias=False)
    (bn43): BatchNorm2d(32, eps=1e-05, momentum=0.1, affine=True, track_running_stats=True)
    (relu43): ReLU()
    (conv44): Conv2d(32, 64, kernel_size=(3, 3), stride=(1, 1), padding=(1, 1), bias=False)
    (bn44): BatchNorm2d(64, eps=1e-05, momentum=0.1, affine=True, track_running_stats=True)
    (relu44): ReLU()
    (conv45): Conv2d(64, 32, kernel_size=(1, 1), stride=(1, 1), bias=False)
    (bn45): BatchNorm2d(32, eps=1e-05, momentum=0.1, affine=True, track_running_stats=True)
    (relu45): ReLU()
    (conv46): Conv2d(32, 64, kernel_size=(3, 3), stride=(1, 1), padding=(1, 1), bias=False)
    (bn46): BatchNorm2d(64, eps=1e-05, momentum=0.1, affine=True, track_running_stats=True)
    (relu46): ReLU()
    (avgpool5): AdaptiveAvgPool2d(output_size=(1, 1))
    (flatten5): Flatten(start_dim=1, end_dim=-1)
    (dropout5): Dropout(p=0.2, inplace=False)
    (linear51): Linear(in_features=64, out_features=16, bias=True)
    (relu5): ReLU()
    (linear52): Linear(in_features=16, out_features=2, bias=True)
  )
)
==========================================================================================
Layer (type:depth-idx)                   Output Shape              Param #
==========================================================================================
BED_CLASSIFIER                           [64, 2]                   --
├─Sequential: 1-1                        [64, 2]                   --
│    └─Conv2d: 2-1                       [64, 32, 224, 224]        864
│    └─BatchNorm2d: 2-2                  [64, 32, 224, 224]        64
│    └─ReLU: 2-3                         [64, 32, 224, 224]        --
│    └─Dropout2d: 2-4                    [64, 32, 224, 224]        --
│    └─MaxPool2d: 2-5                    [64, 32, 112, 112]        --
│    └─Conv2d: 2-6                       [64, 16, 112, 112]        4,608
│    └─BatchNorm2d: 2-7                  [64, 16, 112, 112]        32
│    └─ReLU: 2-8                         [64, 16, 112, 112]        --
│    └─Dropout2d: 2-9                    [64, 16, 112, 112]        --
│    └─MaxPool2d: 2-10                   [64, 16, 56, 56]          --
│    └─Conv2d: 2-11                      [64, 16, 56, 56]          256
│    └─BatchNorm2d: 2-12                 [64, 16, 56, 56]          32
│    └─ReLU: 2-13                        [64, 16, 56, 56]          --
│    └─Conv2d: 2-14                      [64, 32, 56, 56]          4,608
│    └─BatchNorm2d: 2-15                 [64, 32, 56, 56]          64
│    └─ReLU: 2-16                        [64, 32, 56, 56]          --
│    └─Conv2d: 2-17                      [64, 32, 56, 56]          1,024
│    └─BatchNorm2d: 2-18                 [64, 32, 56, 56]          64
│    └─ReLU: 2-19                        [64, 32, 56, 56]          --
│    └─Conv2d: 2-20                      [64, 64, 56, 56]          18,432
│    └─BatchNorm2d: 2-21                 [64, 64, 56, 56]          128
│    └─ReLU: 2-22                        [64, 64, 56, 56]          --
│    └─MaxPool2d: 2-23                   [64, 64, 28, 28]          --
│    └─Conv2d: 2-24                      [64, 32, 28, 28]          2,048
│    └─BatchNorm2d: 2-25                 [64, 32, 28, 28]          64
│    └─ReLU: 2-26                        [64, 32, 28, 28]          --
│    └─Conv2d: 2-27                      [64, 64, 28, 28]          18,432
│    └─BatchNorm2d: 2-28                 [64, 64, 28, 28]          128
│    └─ReLU: 2-29                        [64, 64, 28, 28]          --
│    └─Conv2d: 2-30                      [64, 32, 28, 28]          2,048
│    └─BatchNorm2d: 2-31                 [64, 32, 28, 28]          64
│    └─ReLU: 2-32                        [64, 32, 28, 28]          --
│    └─Conv2d: 2-33                      [64, 64, 28, 28]          18,432
│    └─BatchNorm2d: 2-34                 [64, 64, 28, 28]          128
│    └─ReLU: 2-35                        [64, 64, 28, 28]          --
│    └─Conv2d: 2-36                      [64, 32, 28, 28]          2,048
│    └─BatchNorm2d: 2-37                 [64, 32, 28, 28]          64
│    └─ReLU: 2-38                        [64, 32, 28, 28]          --
│    └─Conv2d: 2-39                      [64, 64, 28, 28]          18,432
│    └─BatchNorm2d: 2-40                 [64, 64, 28, 28]          128
│    └─ReLU: 2-41                        [64, 64, 28, 28]          --
│    └─AdaptiveAvgPool2d: 2-42           [64, 64, 1, 1]            --
│    └─Flatten: 2-43                     [64, 64]                  --
│    └─Dropout: 2-44                     [64, 64]                  --
│    └─Linear: 2-45                      [64, 16]                  1,040
│    └─ReLU: 2-46                        [64, 16]                  --
│    └─Linear: 2-47                      [64, 2]                   34
==========================================================================================
Total params: 93,266
Trainable params: 93,266
Non-trainable params: 0
Total mult-adds (G): 14.44
==========================================================================================
Input size (MB): 38.54
Forward/backward pass size (MB): 2543.33
Params size (MB): 0.37
Estimated Total Size (MB): 2582.24
==========================================================================================

Loss Function: BCE
Smoke Precision Weight: 0.8

Device: cuda
Learning Rate: 1e-05
Optimizer Weight Decay: 1e-05
Scheduler factor: 0.8
Scheduler patience: 2
Scheduler threshold: 0.001
Scheduler min learning rate: 1e-06
Batch Size: 64
W: 224
H: 224

***Start Training: 22:56:11


=== EPOCH 0/9 ===
Learning Rate = 0.000023

TRAIN Stats
Total Loss |Smoke Loss|Fire Loss |    _______|Accuracy |Precision|Recall   |F1       |
-----------|----------|----------|    Smoke  |0.8803   |0.8956   |0.8557   |0.8752   |
23.30      |16.00     |7.30      |    Fire   |0.9575   |0.9312   |0.9118   |0.9214   |

VAL Stats
Total Loss |Smoke Loss|Fire Loss |    _______|Accuracy |Precision|Recall   |F1       |
-----------|----------|----------|    Smoke  |0.9125   |0.9109   |0.9069   |0.9089   |
20.15      |13.23     |6.93      |    Fire   |0.9632   |0.9440   |0.9117   |0.9276   |

Saving model with new best validation loss: 20.152
Saving model with new best smoke precision: 0.911
Saving model with precision > 0.9 and recall > 0.9

=== EPOCH 1/9 ===
Learning Rate = 0.000023

TRAIN Stats
Total Loss |Smoke Loss|Fire Loss |    _______|Accuracy |Precision|Recall   |F1       |
-----------|----------|----------|    Smoke  |0.8818   |0.8987   |0.8554   |0.8765   |
22.91      |15.80     |7.11      |    Fire   |0.9603   |0.9332   |0.9207   |0.9269   |

VAL Stats
Total Loss |Smoke Loss|Fire Loss |    _______|Accuracy |Precision|Recall   |F1       |
-----------|----------|----------|    Smoke  |0.9088   |0.9066   |0.9035   |0.9051   |
20.03      |13.20     |6.83      |    Fire   |0.9622   |0.9373   |0.9153   |0.9262   |

Saving model with new best validation loss: 20.032
Saving model with precision > 0.9 and recall > 0.9

=== EPOCH 2/9 ===
Learning Rate = 0.000023

TRAIN Stats
Total Loss |Smoke Loss|Fire Loss |    _______|Accuracy |Precision|Recall   |F1       |
-----------|----------|----------|    Smoke  |0.8851   |0.8965   |0.8657   |0.8808   |
22.99      |15.77     |7.22      |    Fire   |0.9600   |0.9324   |0.9203   |0.9263   |

VAL Stats
Total Loss |Smoke Loss|Fire Loss |    _______|Accuracy |Precision|Recall   |F1       |
-----------|----------|----------|    Smoke  |0.9142   |0.9080   |0.9142   |0.9111   |
20.02      |13.21     |6.81      |    Fire   |0.9632   |0.9359   |0.9207   |0.9282   |

Saving model with new best validation loss: 20.023
Saving model with precision > 0.9 and recall > 0.9

=== EPOCH 3/9 ===
Learning Rate = 0.000018

TRAIN Stats
Total Loss |Smoke Loss|Fire Loss |    _______|Accuracy |Precision|Recall   |F1       |
-----------|----------|----------|    Smoke  |0.8811   |0.8946   |0.8587   |0.8763   |
23.39      |15.92     |7.47      |    Fire   |0.9563   |0.9261   |0.9129   |0.9194   |

VAL Stats
Total Loss |Smoke Loss|Fire Loss |    _______|Accuracy |Precision|Recall   |F1       |
-----------|----------|----------|    Smoke  |0.9123   |0.9081   |0.9098   |0.9090   |
20.04      |13.21     |6.83      |    Fire   |0.9632   |0.9367   |0.9198   |0.9282   |

Saving model with precision > 0.9 and recall > 0.9

=== EPOCH 4/9 ===
Learning Rate = 0.000018

TRAIN Stats
Total Loss |Smoke Loss|Fire Loss |    _______|Accuracy |Precision|Recall   |F1       |
-----------|----------|----------|    Smoke  |0.8796   |0.8937   |0.8564   |0.8747   |
22.84      |16.10     |6.73      |    Fire   |0.9615   |0.9354   |0.9229   |0.9291   |

VAL Stats
Total Loss |Smoke Loss|Fire Loss |    _______|Accuracy |Precision|Recall   |F1       |
-----------|----------|----------|    Smoke  |0.9058   |0.9092   |0.8934   |0.9012   |
20.32      |13.33     |6.98      |    Fire   |0.9641   |0.9442   |0.9153   |0.9296   |


=== EPOCH 5/9 ===
Learning Rate = 0.000018

TRAIN Stats
Total Loss |Smoke Loss|Fire Loss |    _______|Accuracy |Precision|Recall   |F1       |
-----------|----------|----------|    Smoke  |0.8788   |0.8917   |0.8569   |0.8739   |
23.16      |16.02     |7.13      |    Fire   |0.9590   |0.9337   |0.9152   |0.9244   |

VAL Stats
Total Loss |Smoke Loss|Fire Loss |    _______|Accuracy |Precision|Recall   |F1       |
-----------|----------|----------|    Smoke  |0.9090   |0.9119   |0.8977   |0.9047   |
20.07      |13.14     |6.93      |    Fire   |0.9646   |0.9427   |0.9189   |0.9307   |

Saving model with new best smoke precision: 0.912

=== EPOCH 6/9 ===
Learning Rate = 0.000014

TRAIN Stats
Total Loss |Smoke Loss|Fire Loss |    _______|Accuracy |Precision|Recall   |F1       |
-----------|----------|----------|    Smoke  |0.8859   |0.8988   |0.8646   |0.8814   |
22.95      |15.72     |7.23      |    Fire   |0.9584   |0.9326   |0.9140   |0.9232   |

VAL Stats
Total Loss |Smoke Loss|Fire Loss |    _______|Accuracy |Precision|Recall   |F1       |
-----------|----------|----------|    Smoke  |0.9072   |0.9190   |0.8851   |0.9017   |
20.34      |13.27     |7.06      |    Fire   |0.9618   |0.9404   |0.9099   |0.9249   |

Saving model with new best smoke precision: 0.919

=== EPOCH 7/9 ===
Learning Rate = 0.000014

TRAIN Stats
Total Loss |Smoke Loss|Fire Loss |    _______|Accuracy |Precision|Recall   |F1       |
-----------|----------|----------|    Smoke  |0.8832   |0.8980   |0.8593   |0.8782   |
22.85      |15.68     |7.18      |    Fire   |0.9583   |0.9312   |0.9150   |0.9230   |

VAL Stats
Total Loss |Smoke Loss|Fire Loss |    _______|Accuracy |Precision|Recall   |F1       |
-----------|----------|----------|    Smoke  |0.9097   |0.9096   |0.9021   |0.9058   |
20.13      |13.24     |6.89      |    Fire   |0.9653   |0.9412   |0.9234   |0.9322   |

Saving model with precision > 0.9 and recall > 0.9

=== EPOCH 8/9 ===
Learning Rate = 0.000014

TRAIN Stats
Total Loss |Smoke Loss|Fire Loss |    _______|Accuracy |Precision|Recall   |F1       |
-----------|----------|----------|    Smoke  |0.8829   |0.8958   |0.8614   |0.8782   |
22.95      |15.81     |7.14      |    Fire   |0.9603   |0.9366   |0.9169   |0.9266   |

VAL Stats
Total Loss |Smoke Loss|Fire Loss |    _______|Accuracy |Precision|Recall   |F1       |
-----------|----------|----------|    Smoke  |0.9097   |0.9092   |0.9026   |0.9059   |
20.34      |13.33     |7.01      |    Fire   |0.9636   |0.9376   |0.9207   |0.9291   |

Saving model with precision > 0.9 and recall > 0.9

=== EPOCH 9/9 ===
Learning Rate = 0.000012

TRAIN Stats
Total Loss |Smoke Loss|Fire Loss |    _______|Accuracy |Precision|Recall   |F1       |
-----------|----------|----------|    Smoke  |0.8796   |0.8933   |0.8567   |0.8746   |
23.09      |15.92     |7.17      |    Fire   |0.9585   |0.9298   |0.9175   |0.9236   |

VAL Stats
Total Loss |Smoke Loss|Fire Loss |    _______|Accuracy |Precision|Recall   |F1       |
-----------|----------|----------|    Smoke  |0.9111   |0.9139   |0.9001   |0.9070   |
20.24      |13.24     |7.00      |    Fire   |0.9618   |0.9372   |0.9135   |0.9252   |

Saving model with precision > 0.9 and recall > 0.9
Saving last model

***Script finished: 23:00:56

Time elapsed: 0:04:45.263851
