BED_Original.
	One Head.
	Weighted for Precision.
	Dataset images divided by 255.

Training Brevitas Model = False

Datasets Length
	Train and Val: Full

Load Model: False

Device: cuda
Optimizer:
	Learning Rate: 0.001
	Weight Decay: 0.001
Scheduler:
	Scheduler factor: 0.8
	Scheduler patience: 2
	Scheduler threshold: 0.001
	Scheduler min learning rate: 1e-06

Batch Size: 64
Num Workers: 8
Pin Memory: True
Epochs: 100

IMG DIMS:
	Width: 224
	Height: 224

Brevitas Config:
	Fixed Point: True
	Weights Bit Width: 4
	Big Layers Weights Bit Width: 2
	Bias Bit Width: 4
	Activations Bit Width: 4

Trainable parameters = 292866
Total parameters = 292866

==========================================================================================
Layer (type:depth-idx)                   Output Shape              Param #
==========================================================================================
ORIGINAL_BED_CLASSIFIER                  [1, 2]                    --
├─Sequential: 1-1                        [1, 2]                    --
│    └─Conv2d: 2-1                       [1, 64, 224, 224]         1,728
│    └─BatchNorm2d: 2-2                  [1, 64, 224, 224]         128
│    └─ReLU: 2-3                         [1, 64, 224, 224]         --
│    └─MaxPool2d: 2-4                    [1, 64, 112, 112]         --
│    └─Conv2d: 2-5                       [1, 24, 112, 112]         13,824
│    └─BatchNorm2d: 2-6                  [1, 24, 112, 112]         48
│    └─ReLU: 2-7                         [1, 24, 112, 112]         --
│    └─MaxPool2d: 2-8                    [1, 24, 56, 56]           --
│    └─Conv2d: 2-9                       [1, 16, 56, 56]           384
│    └─BatchNorm2d: 2-10                 [1, 16, 56, 56]           32
│    └─ReLU: 2-11                        [1, 16, 56, 56]           --
│    └─Conv2d: 2-12                      [1, 32, 56, 56]           4,608
│    └─BatchNorm2d: 2-13                 [1, 32, 56, 56]           64
│    └─ReLU: 2-14                        [1, 32, 56, 56]           --
│    └─Conv2d: 2-15                      [1, 32, 56, 56]           1,024
│    └─BatchNorm2d: 2-16                 [1, 32, 56, 56]           64
│    └─ReLU: 2-17                        [1, 32, 56, 56]           --
│    └─Conv2d: 2-18                      [1, 64, 56, 56]           18,432
│    └─BatchNorm2d: 2-19                 [1, 64, 56, 56]           128
│    └─ReLU: 2-20                        [1, 64, 56, 56]           --
│    └─MaxPool2d: 2-21                   [1, 64, 28, 28]           --
│    └─Conv2d: 2-22                      [1, 32, 28, 28]           2,048
│    └─BatchNorm2d: 2-23                 [1, 32, 28, 28]           64
│    └─ReLU: 2-24                        [1, 32, 28, 28]           --
│    └─Conv2d: 2-25                      [1, 64, 28, 28]           18,432
│    └─BatchNorm2d: 2-26                 [1, 64, 28, 28]           128
│    └─ReLU: 2-27                        [1, 64, 28, 28]           --
│    └─Conv2d: 2-28                      [1, 32, 28, 28]           2,048
│    └─BatchNorm2d: 2-29                 [1, 32, 28, 28]           64
│    └─ReLU: 2-30                        [1, 32, 28, 28]           --
│    └─Conv2d: 2-31                      [1, 64, 28, 28]           18,432
│    └─BatchNorm2d: 2-32                 [1, 64, 28, 28]           128
│    └─ReLU: 2-33                        [1, 64, 28, 28]           --
│    └─Conv2d: 2-34                      [1, 32, 28, 28]           2,048
│    └─BatchNorm2d: 2-35                 [1, 32, 28, 28]           64
│    └─ReLU: 2-36                        [1, 32, 28, 28]           --
│    └─Conv2d: 2-37                      [1, 64, 28, 28]           18,432
│    └─BatchNorm2d: 2-38                 [1, 64, 28, 28]           128
│    └─ReLU: 2-39                        [1, 64, 28, 28]           --
│    └─MaxPool2d: 2-40                   [1, 64, 14, 14]           --
│    └─Conv2d: 2-41                      [1, 32, 14, 14]           2,048
│    └─BatchNorm2d: 2-42                 [1, 32, 14, 14]           64
│    └─ReLU: 2-43                        [1, 32, 14, 14]           --
│    └─Conv2d: 2-44                      [1, 64, 14, 14]           18,432
│    └─BatchNorm2d: 2-45                 [1, 64, 14, 14]           128
│    └─ReLU: 2-46                        [1, 64, 14, 14]           --
│    └─Conv2d: 2-47                      [1, 32, 14, 14]           2,048
│    └─BatchNorm2d: 2-48                 [1, 32, 14, 14]           64
│    └─ReLU: 2-49                        [1, 32, 14, 14]           --
│    └─Conv2d: 2-50                      [1, 64, 14, 14]           18,432
│    └─BatchNorm2d: 2-51                 [1, 64, 14, 14]           128
│    └─ReLU: 2-52                        [1, 64, 14, 14]           --
│    └─Conv2d: 2-53                      [1, 64, 14, 14]           36,864
│    └─BatchNorm2d: 2-54                 [1, 64, 14, 14]           128
│    └─ReLU: 2-55                        [1, 64, 14, 14]           --
│    └─Conv2d: 2-56                      [1, 64, 14, 14]           36,864
│    └─BatchNorm2d: 2-57                 [1, 64, 14, 14]           128
│    └─ReLU: 2-58                        [1, 64, 14, 14]           --
│    └─MaxPool2d: 2-59                   [1, 64, 7, 7]             --
│    └─Conv2d: 2-60                      [1, 64, 7, 7]             36,864
│    └─BatchNorm2d: 2-61                 [1, 64, 7, 7]             128
│    └─ReLU: 2-62                        [1, 64, 7, 7]             --
│    └─Conv2d: 2-63                      [1, 64, 7, 7]             36,864
│    └─BatchNorm2d: 2-64                 [1, 64, 7, 7]             128
│    └─ReLU: 2-65                        [1, 64, 7, 7]             --
│    └─AdaptiveAvgPool2d: 2-66           [1, 64, 1, 1]             --
│    └─Flatten: 2-67                     [1, 64]                   --
│    └─Linear: 2-68                      [1, 16]                   1,040
│    └─ReLU: 2-69                        [1, 16]                   --
│    └─Linear: 2-70                      [1, 2]                    34
==========================================================================================
Total params: 292,866
Trainable params: 292,866
Non-trainable params: 0
Total mult-adds (M): 411.04
==========================================================================================
Input size (MB): 0.60
Forward/backward pass size (MB): 68.14
Params size (MB): 1.17
Estimated Total Size (MB): 69.91
==========================================================================================

Loss Function: BCE
Smoke Precision Weight: 0.8
Starting script


***Start Training: 01:59:56


=== EPOCH 0/99 ===
Learning Rate = 0.001

TRAIN Stats
Total Loss |Smoke Loss|Fire Loss |    _______|Accuracy |Precision|Recall   |F1       |
-----------|----------|----------|    Smoke  |0.7848   |0.8163   |0.7022   |0.7550   |
40.97      |24.43     |16.53     |    Fire   |0.8965   |0.8705   |0.8047   |0.8363   |

VAL Stats
Total Loss |Smoke Loss|Fire Loss |    _______|Accuracy |Precision|Recall   |F1       |
-----------|----------|----------|    Smoke  |0.8304   |0.8761   |0.7457   |0.8057   |
31.75      |21.55     |10.20     |    Fire   |0.9389   |0.9155   |0.8942   |0.9047   |

Saving model with new best validation loss: 31.7513
Saving model with best Mean F1: 0.8552

=== EPOCH 1/99 ===
Learning Rate = 0.001

TRAIN Stats
Total Loss |Smoke Loss|Fire Loss |    _______|Accuracy |Precision|Recall   |F1       |
-----------|----------|----------|    Smoke  |0.8339   |0.8735   |0.7580   |0.8117   |
32.03      |20.18     |11.85     |    Fire   |0.9288   |0.9096   |0.8699   |0.8893   |

VAL Stats
Total Loss |Smoke Loss|Fire Loss |    _______|Accuracy |Precision|Recall   |F1       |
-----------|----------|----------|    Smoke  |0.8282   |0.8430   |0.7809   |0.8108   |
34.04      |20.57     |13.47     |    Fire   |0.9113   |0.8059   |0.9567   |0.8749   |


=== EPOCH 2/99 ===
Learning Rate = 0.001

TRAIN Stats
Total Loss |Smoke Loss|Fire Loss |    _______|Accuracy |Precision|Recall   |F1       |
-----------|----------|----------|    Smoke  |0.8479   |0.8851   |0.7789   |0.8286   |
29.52      |18.82     |10.70     |    Fire   |0.9359   |0.9170   |0.8852   |0.9008   |

VAL Stats
Total Loss |Smoke Loss|Fire Loss |    _______|Accuracy |Precision|Recall   |F1       |
-----------|----------|----------|    Smoke  |0.8425   |0.8950   |0.7544   |0.8187   |
28.87      |18.70     |10.17     |    Fire   |0.9354   |0.8578   |0.9600   |0.9060   |

Saving model with new best validation loss: 28.8682
Saving model with best Mean F1: 0.8624

=== EPOCH 3/99 ===
Learning Rate = 0.001

TRAIN Stats
Total Loss |Smoke Loss|Fire Loss |    _______|Accuracy |Precision|Recall   |F1       |
-----------|----------|----------|    Smoke  |0.8566   |0.8908   |0.7936   |0.8394   |
27.77      |17.88     |9.89      |    Fire   |0.9415   |0.9219   |0.8982   |0.9099   |

VAL Stats
Total Loss |Smoke Loss|Fire Loss |    _______|Accuracy |Precision|Recall   |F1       |
-----------|----------|----------|    Smoke  |0.8651   |0.8782   |0.8289   |0.8528   |
27.89      |17.31     |10.58     |    Fire   |0.9370   |0.8589   |0.9641   |0.9084   |

Saving model with new best validation loss: 27.8886
Saving model with best Mean F1: 0.8806

=== EPOCH 4/99 ===
Learning Rate = 0.001

TRAIN Stats
Total Loss |Smoke Loss|Fire Loss |    _______|Accuracy |Precision|Recall   |F1       |
-----------|----------|----------|    Smoke  |0.8684   |0.8945   |0.8177   |0.8544   |
26.05      |16.74     |9.31      |    Fire   |0.9452   |0.9257   |0.9060   |0.9158   |

VAL Stats
Total Loss |Smoke Loss|Fire Loss |    _______|Accuracy |Precision|Recall   |F1       |
-----------|----------|----------|    Smoke  |0.8654   |0.9416   |0.7618   |0.8422   |
24.61      |16.78     |7.83      |    Fire   |0.9534   |0.9027   |0.9595   |0.9303   |

Saving model with new best validation loss: 24.6103
Saving model with best Mean F1: 0.8862

=== EPOCH 5/99 ===
Learning Rate = 0.001

TRAIN Stats
Total Loss |Smoke Loss|Fire Loss |    _______|Accuracy |Precision|Recall   |F1       |
-----------|----------|----------|    Smoke  |0.8779   |0.9020   |0.8319   |0.8655   |
24.87      |15.95     |8.92      |    Fire   |0.9482   |0.9304   |0.9105   |0.9204   |

VAL Stats
Total Loss |Smoke Loss|Fire Loss |    _______|Accuracy |Precision|Recall   |F1       |
-----------|----------|----------|    Smoke  |0.8642   |0.9260   |0.7737   |0.8431   |
23.68      |16.90     |6.78      |    Fire   |0.9589   |0.9202   |0.9561   |0.9378   |

Saving model with new best validation loss: 23.6818
Saving model with best Mean F1: 0.8904

=== EPOCH 6/99 ===
Learning Rate = 0.001

TRAIN Stats
Total Loss |Smoke Loss|Fire Loss |    _______|Accuracy |Precision|Recall   |F1       |
-----------|----------|----------|    Smoke  |0.8851   |0.9078   |0.8422   |0.8738   |
23.79      |15.18     |8.61      |    Fire   |0.9503   |0.9329   |0.9145   |0.9236   |

VAL Stats
Total Loss |Smoke Loss|Fire Loss |    _______|Accuracy |Precision|Recall   |F1       |
-----------|----------|----------|    Smoke  |0.8812   |0.8834   |0.8618   |0.8724   |
24.06      |15.85     |8.21      |    Fire   |0.9536   |0.9000   |0.9641   |0.9309   |

Saving model with best Mean F1: 0.9017

=== EPOCH 7/99 ===
Learning Rate = 0.001

TRAIN Stats
Total Loss |Smoke Loss|Fire Loss |    _______|Accuracy |Precision|Recall   |F1       |
-----------|----------|----------|    Smoke  |0.8915   |0.9140   |0.8500   |0.8809   |
22.89      |14.47     |8.42      |    Fire   |0.9514   |0.9352   |0.9155   |0.9252   |

VAL Stats
Total Loss |Smoke Loss|Fire Loss |    _______|Accuracy |Precision|Recall   |F1       |
-----------|----------|----------|    Smoke  |0.8916   |0.9087   |0.8560   |0.8816   |
21.62      |14.82     |6.80      |    Fire   |0.9611   |0.9236   |0.9594   |0.9411   |

Saving model with new best validation loss: 21.6192
Saving model with best Mean F1: 0.9114

=== EPOCH 8/99 ===
Learning Rate = 0.001

TRAIN Stats
Total Loss |Smoke Loss|Fire Loss |    _______|Accuracy |Precision|Recall   |F1       |
-----------|----------|----------|    Smoke  |0.8950   |0.9155   |0.8567   |0.8851   |
22.18      |14.04     |8.14      |    Fire   |0.9518   |0.9351   |0.9171   |0.9260   |

VAL Stats
Total Loss |Smoke Loss|Fire Loss |    _______|Accuracy |Precision|Recall   |F1       |
-----------|----------|----------|    Smoke  |0.8937   |0.9239   |0.8440   |0.8821   |
20.56      |13.95     |6.61      |    Fire   |0.9621   |0.9229   |0.9636   |0.9428   |

Saving model with new best validation loss: 20.5640
Saving model with best Mean F1: 0.9125

=== EPOCH 9/99 ===
Learning Rate = 0.001

TRAIN Stats
Total Loss |Smoke Loss|Fire Loss |    _______|Accuracy |Precision|Recall   |F1       |
-----------|----------|----------|    Smoke  |0.8990   |0.9185   |0.8625   |0.8896   |
21.53      |13.65     |7.88      |    Fire   |0.9547   |0.9391   |0.9219   |0.9304   |

VAL Stats
Total Loss |Smoke Loss|Fire Loss |    _______|Accuracy |Precision|Recall   |F1       |
-----------|----------|----------|    Smoke  |0.8987   |0.9135   |0.8673   |0.8898   |
20.39      |13.73     |6.66      |    Fire   |0.9608   |0.9200   |0.9627   |0.9409   |

Saving model with new best validation loss: 20.3866
Saving model with best Mean F1: 0.9153

=== EPOCH 10/99 ===
Learning Rate = 0.001

TRAIN Stats
Total Loss |Smoke Loss|Fire Loss |    _______|Accuracy |Precision|Recall   |F1       |
-----------|----------|----------|    Smoke  |0.9035   |0.9222   |0.8688   |0.8947   |
20.76      |13.08     |7.68      |    Fire   |0.9549   |0.9392   |0.9227   |0.9309   |

VAL Stats
Total Loss |Smoke Loss|Fire Loss |    _______|Accuracy |Precision|Recall   |F1       |
-----------|----------|----------|    Smoke  |0.8958   |0.8930   |0.8851   |0.8890   |
24.34      |14.62     |9.73      |    Fire   |0.9408   |0.8571   |0.9810   |0.9149   |


=== EPOCH 11/99 ===
Learning Rate = 0.001

TRAIN Stats
Total Loss |Smoke Loss|Fire Loss |    _______|Accuracy |Precision|Recall   |F1       |
-----------|----------|----------|    Smoke  |0.9067   |0.9252   |0.8729   |0.8983   |
20.26      |12.80     |7.47      |    Fire   |0.9563   |0.9411   |0.9250   |0.9330   |

VAL Stats
Total Loss |Smoke Loss|Fire Loss |    _______|Accuracy |Precision|Recall   |F1       |
-----------|----------|----------|    Smoke  |0.9021   |0.9050   |0.8854   |0.8951   |
21.80      |14.36     |7.44      |    Fire   |0.9576   |0.8995   |0.9786   |0.9374   |

Saving model with best Mean F1: 0.9162

=== EPOCH 12/99 ===
Learning Rate = 0.001

TRAIN Stats
Total Loss |Smoke Loss|Fire Loss |    _______|Accuracy |Precision|Recall   |F1       |
-----------|----------|----------|    Smoke  |0.9095   |0.9269   |0.8775   |0.9015   |
19.90      |12.48     |7.42      |    Fire   |0.9565   |0.9416   |0.9249   |0.9332   |

VAL Stats
Total Loss |Smoke Loss|Fire Loss |    _______|Accuracy |Precision|Recall   |F1       |
-----------|----------|----------|    Smoke  |0.9083   |0.9569   |0.8434   |0.8966   |
18.89      |12.32     |6.57      |    Fire   |0.9617   |0.9596   |0.9207   |0.9397   |

Saving model with new best validation loss: 18.8883
Saving model with best Mean F1: 0.9182

=== EPOCH 13/99 ===
Learning Rate = 0.001

TRAIN Stats
Total Loss |Smoke Loss|Fire Loss |    _______|Accuracy |Precision|Recall   |F1       |
-----------|----------|----------|    Smoke  |0.9118   |0.9291   |0.8804   |0.9041   |
19.36      |12.17     |7.19      |    Fire   |0.9588   |0.9444   |0.9292   |0.9368   |

VAL Stats
Total Loss |Smoke Loss|Fire Loss |    _______|Accuracy |Precision|Recall   |F1       |
-----------|----------|----------|    Smoke  |0.8820   |0.9700   |0.7737   |0.8608   |
19.73      |14.15     |5.58      |    Fire   |0.9674   |0.9461   |0.9537   |0.9499   |


=== EPOCH 14/99 ===
Learning Rate = 0.001

TRAIN Stats
Total Loss |Smoke Loss|Fire Loss |    _______|Accuracy |Precision|Recall   |F1       |
-----------|----------|----------|    Smoke  |0.9135   |0.9289   |0.8844   |0.9061   |
18.98      |11.93     |7.05      |    Fire   |0.9588   |0.9425   |0.9315   |0.9370   |

VAL Stats
Total Loss |Smoke Loss|Fire Loss |    _______|Accuracy |Precision|Recall   |F1       |
-----------|----------|----------|    Smoke  |0.9106   |0.9501   |0.8554   |0.9003   |
19.11      |12.05     |7.06      |    Fire   |0.9571   |0.8962   |0.9812   |0.9368   |

Saving model with best Mean F1: 0.9185

=== EPOCH 15/99 ===
Learning Rate = 0.001

TRAIN Stats
Total Loss |Smoke Loss|Fire Loss |    _______|Accuracy |Precision|Recall   |F1       |
-----------|----------|----------|    Smoke  |0.9142   |0.9304   |0.8846   |0.9069   |
18.88      |11.84     |7.04      |    Fire   |0.9594   |0.9443   |0.9314   |0.9378   |

VAL Stats
Total Loss |Smoke Loss|Fire Loss |    _______|Accuracy |Precision|Recall   |F1       |
-----------|----------|----------|    Smoke  |0.9190   |0.9330   |0.8924   |0.9122   |
16.62      |11.36     |5.26      |    Fire   |0.9704   |0.9508   |0.9583   |0.9545   |

Saving model with new best validation loss: 16.6178
Saving model with best Mean F1: 0.9334

=== EPOCH 16/99 ===
Learning Rate = 0.001

TRAIN Stats
Total Loss |Smoke Loss|Fire Loss |    _______|Accuracy |Precision|Recall   |F1       |
-----------|----------|----------|    Smoke  |0.9160   |0.9319   |0.8867   |0.9088   |
18.40      |11.60     |6.80      |    Fire   |0.9604   |0.9460   |0.9329   |0.9394   |

VAL Stats
Total Loss |Smoke Loss|Fire Loss |    _______|Accuracy |Precision|Recall   |F1       |
-----------|----------|----------|    Smoke  |0.9112   |0.9110   |0.8996   |0.9053   |
21.02      |12.85     |8.16      |    Fire   |0.9488   |0.8735   |0.9847   |0.9258   |


=== EPOCH 17/99 ===
Learning Rate = 0.001

TRAIN Stats
Total Loss |Smoke Loss|Fire Loss |    _______|Accuracy |Precision|Recall   |F1       |
-----------|----------|----------|    Smoke  |0.9176   |0.9324   |0.8901   |0.9107   |
18.23      |11.43     |6.81      |    Fire   |0.9608   |0.9452   |0.9350   |0.9401   |

VAL Stats
Total Loss |Smoke Loss|Fire Loss |    _______|Accuracy |Precision|Recall   |F1       |
-----------|----------|----------|    Smoke  |0.9110   |0.9107   |0.8994   |0.9050   |
26.47      |12.96     |13.50     |    Fire   |0.9226   |0.8132   |0.9882   |0.8922   |


=== EPOCH 18/99 ===
Learning Rate = 0.001

TRAIN Stats
Total Loss |Smoke Loss|Fire Loss |    _______|Accuracy |Precision|Recall   |F1       |
-----------|----------|----------|    Smoke  |0.9193   |0.9341   |0.8919   |0.9125   |
17.98      |11.23     |6.75      |    Fire   |0.9612   |0.9476   |0.9335   |0.9405   |

VAL Stats
Total Loss |Smoke Loss|Fire Loss |    _______|Accuracy |Precision|Recall   |F1       |
-----------|----------|----------|    Smoke  |0.9161   |0.9157   |0.9053   |0.9105   |
20.88      |11.93     |8.95      |    Fire   |0.9471   |0.8709   |0.9825   |0.9234   |


=== EPOCH 19/99 ===
Learning Rate = 0.0008

TRAIN Stats
Total Loss |Smoke Loss|Fire Loss |    _______|Accuracy |Precision|Recall   |F1       |
-----------|----------|----------|    Smoke  |0.9248   |0.9382   |0.9000   |0.9187   |
16.88      |10.61     |6.28      |    Fire   |0.9632   |0.9494   |0.9381   |0.9437   |

VAL Stats
Total Loss |Smoke Loss|Fire Loss |    _______|Accuracy |Precision|Recall   |F1       |
-----------|----------|----------|    Smoke  |0.9104   |0.9101   |0.8986   |0.9043   |
19.23      |12.51     |6.71      |    Fire   |0.9590   |0.9076   |0.9723   |0.9389   |


=== EPOCH 20/99 ===
Learning Rate = 0.0008

TRAIN Stats
Total Loss |Smoke Loss|Fire Loss |    _______|Accuracy |Precision|Recall   |F1       |
-----------|----------|----------|    Smoke  |0.9250   |0.9393   |0.8993   |0.9189   |
16.64      |10.45     |6.19      |    Fire   |0.9640   |0.9508   |0.9392   |0.9449   |

VAL Stats
Total Loss |Smoke Loss|Fire Loss |    _______|Accuracy |Precision|Recall   |F1       |
-----------|----------|----------|    Smoke  |0.9109   |0.9656   |0.8411   |0.8990   |
16.91      |11.94     |4.98      |    Fire   |0.9713   |0.9383   |0.9758   |0.9567   |


=== EPOCH 21/99 ===
Learning Rate = 0.0008

TRAIN Stats
Total Loss |Smoke Loss|Fire Loss |    _______|Accuracy |Precision|Recall   |F1       |
-----------|----------|----------|    Smoke  |0.9270   |0.9405   |0.9025   |0.9211   |
16.44      |10.35     |6.08      |    Fire   |0.9648   |0.9514   |0.9410   |0.9462   |

VAL Stats
Total Loss |Smoke Loss|Fire Loss |    _______|Accuracy |Precision|Recall   |F1       |
-----------|----------|----------|    Smoke  |0.9161   |0.9241   |0.8955   |0.9096   |
18.59      |12.21     |6.38      |    Fire   |0.9620   |0.9082   |0.9822   |0.9438   |


=== EPOCH 22/99 ===
Learning Rate = 0.00064

TRAIN Stats
Total Loss |Smoke Loss|Fire Loss |    _______|Accuracy |Precision|Recall   |F1       |
-----------|----------|----------|    Smoke  |0.9315   |0.9441   |0.9088   |0.9261   |
15.58      |9.74      |5.83      |    Fire   |0.9665   |0.9543   |0.9432   |0.9487   |

VAL Stats
Total Loss |Smoke Loss|Fire Loss |    _______|Accuracy |Precision|Recall   |F1       |
-----------|----------|----------|    Smoke  |0.9316   |0.9482   |0.9043   |0.9258   |
16.39      |10.15     |6.24      |    Fire   |0.9646   |0.9167   |0.9800   |0.9473   |

Saving model with new best validation loss: 16.3905
Saving model with best Mean F1: 0.9365

=== EPOCH 23/99 ===
Learning Rate = 0.00064

TRAIN Stats
Total Loss |Smoke Loss|Fire Loss |    _______|Accuracy |Precision|Recall   |F1       |
-----------|----------|----------|    Smoke  |0.9322   |0.9443   |0.9101   |0.9269   |
15.28      |9.64      |5.64      |    Fire   |0.9675   |0.9554   |0.9453   |0.9503   |

VAL Stats
Total Loss |Smoke Loss|Fire Loss |    _______|Accuracy |Precision|Recall   |F1       |
-----------|----------|----------|    Smoke  |0.9296   |0.9484   |0.8997   |0.9234   |
15.42      |10.23     |5.19      |    Fire   |0.9704   |0.9460   |0.9637   |0.9548   |

Saving model with new best validation loss: 15.4186
Saving model with best Mean F1: 0.9391

=== EPOCH 24/99 ===
Learning Rate = 0.00064

TRAIN Stats
Total Loss |Smoke Loss|Fire Loss |    _______|Accuracy |Precision|Recall   |F1       |
-----------|----------|----------|    Smoke  |0.9325   |0.9447   |0.9103   |0.9272   |
15.16      |9.55      |5.61      |    Fire   |0.9677   |0.9555   |0.9457   |0.9506   |

VAL Stats
Total Loss |Smoke Loss|Fire Loss |    _______|Accuracy |Precision|Recall   |F1       |
-----------|----------|----------|    Smoke  |0.9381   |0.9527   |0.9140   |0.9330   |
13.30      |8.89      |4.41      |    Fire   |0.9753   |0.9516   |0.9734   |0.9624   |

Saving model with new best validation loss: 13.3016
Saving model with best Mean F1: 0.9477

=== EPOCH 25/99 ===
Learning Rate = 0.00064

TRAIN Stats
Total Loss |Smoke Loss|Fire Loss |    _______|Accuracy |Precision|Recall   |F1       |
-----------|----------|----------|    Smoke  |0.9335   |0.9457   |0.9114   |0.9283   |
15.09      |9.47      |5.62      |    Fire   |0.9679   |0.9562   |0.9456   |0.9509   |

VAL Stats
Total Loss |Smoke Loss|Fire Loss |    _______|Accuracy |Precision|Recall   |F1       |
-----------|----------|----------|    Smoke  |0.9279   |0.9275   |0.9189   |0.9232   |
17.39      |10.44     |6.94      |    Fire   |0.9587   |0.9026   |0.9782   |0.9389   |


=== EPOCH 26/99 ===
Learning Rate = 0.00064

TRAIN Stats
Total Loss |Smoke Loss|Fire Loss |    _______|Accuracy |Precision|Recall   |F1       |
-----------|----------|----------|    Smoke  |0.9342   |0.9463   |0.9125   |0.9291   |
15.00      |9.38      |5.62      |    Fire   |0.9679   |0.9566   |0.9454   |0.9510   |

VAL Stats
Total Loss |Smoke Loss|Fire Loss |    _______|Accuracy |Precision|Recall   |F1       |
-----------|----------|----------|    Smoke  |0.9108   |0.8836   |0.9337   |0.9080   |
20.12      |13.27     |6.85      |    Fire   |0.9612   |0.9109   |0.9759   |0.9423   |


=== EPOCH 27/99 ===
Learning Rate = 0.00064

TRAIN Stats
Total Loss |Smoke Loss|Fire Loss |    _______|Accuracy |Precision|Recall   |F1       |
-----------|----------|----------|    Smoke  |0.9349   |0.9460   |0.9142   |0.9299   |
14.97      |9.32      |5.65      |    Fire   |0.9677   |0.9554   |0.9461   |0.9507   |

VAL Stats
Total Loss |Smoke Loss|Fire Loss |    _______|Accuracy |Precision|Recall   |F1       |
-----------|----------|----------|    Smoke  |0.9363   |0.9532   |0.9095   |0.9308   |
14.32      |9.05      |5.26      |    Fire   |0.9701   |0.9332   |0.9777   |0.9549   |


=== EPOCH 28/99 ===
Learning Rate = 0.0005120000000000001

TRAIN Stats
Total Loss |Smoke Loss|Fire Loss |    _______|Accuracy |Precision|Recall   |F1       |
-----------|----------|----------|    Smoke  |0.9368   |0.9468   |0.9176   |0.9320   |
14.17      |8.94      |5.23      |    Fire   |0.9697   |0.9583   |0.9492   |0.9538   |

VAL Stats
Total Loss |Smoke Loss|Fire Loss |    _______|Accuracy |Precision|Recall   |F1       |
-----------|----------|----------|    Smoke  |0.9370   |0.9463   |0.9184   |0.9321   |
14.86      |9.15      |5.71      |    Fire   |0.9690   |0.9316   |0.9762   |0.9534   |


=== EPOCH 29/99 ===
Learning Rate = 0.0005120000000000001

TRAIN Stats
Total Loss |Smoke Loss|Fire Loss |    _______|Accuracy |Precision|Recall   |F1       |
-----------|----------|----------|    Smoke  |0.9389   |0.9492   |0.9198   |0.9342   |
14.02      |8.79      |5.23      |    Fire   |0.9704   |0.9605   |0.9491   |0.9548   |

VAL Stats
Total Loss |Smoke Loss|Fire Loss |    _______|Accuracy |Precision|Recall   |F1       |
-----------|----------|----------|    Smoke  |0.9210   |0.9139   |0.9190   |0.9164   |
19.22      |11.49     |7.74      |    Fire   |0.9539   |0.8864   |0.9838   |0.9325   |


=== EPOCH 30/99 ===
Learning Rate = 0.0005120000000000001

TRAIN Stats
Total Loss |Smoke Loss|Fire Loss |    _______|Accuracy |Precision|Recall   |F1       |
-----------|----------|----------|    Smoke  |0.9396   |0.9504   |0.9202   |0.9350   |
13.84      |8.64      |5.20      |    Fire   |0.9704   |0.9611   |0.9484   |0.9547   |

VAL Stats
Total Loss |Smoke Loss|Fire Loss |    _______|Accuracy |Precision|Recall   |F1       |
-----------|----------|----------|    Smoke  |0.9380   |0.9606   |0.9057   |0.9323   |
14.49      |8.75      |5.74      |    Fire   |0.9685   |0.9236   |0.9841   |0.9529   |


=== EPOCH 31/99 ===
Learning Rate = 0.0004096000000000001

TRAIN Stats
Total Loss |Smoke Loss|Fire Loss |    _______|Accuracy |Precision|Recall   |F1       |
-----------|----------|----------|    Smoke  |0.9427   |0.9528   |0.9245   |0.9384   |
13.10      |8.24      |4.87      |    Fire   |0.9723   |0.9621   |0.9534   |0.9578   |

VAL Stats
Total Loss |Smoke Loss|Fire Loss |    _______|Accuracy |Precision|Recall   |F1       |
-----------|----------|----------|    Smoke  |0.9408   |0.9564   |0.9163   |0.9359   |
14.05      |8.59      |5.46      |    Fire   |0.9699   |0.9297   |0.9815   |0.9549   |


=== EPOCH 32/99 ===
Learning Rate = 0.0004096000000000001

TRAIN Stats
Total Loss |Smoke Loss|Fire Loss |    _______|Accuracy |Precision|Recall   |F1       |
-----------|----------|----------|    Smoke  |0.9439   |0.9535   |0.9263   |0.9397   |
13.01      |8.17      |4.84      |    Fire   |0.9723   |0.9629   |0.9524   |0.9576   |

VAL Stats
Total Loss |Smoke Loss|Fire Loss |    _______|Accuracy |Precision|Recall   |F1       |
-----------|----------|----------|    Smoke  |0.9358   |0.9483   |0.9136   |0.9306   |
15.23      |9.48      |5.75      |    Fire   |0.9680   |0.9216   |0.9852   |0.9523   |


=== EPOCH 33/99 ===
Learning Rate = 0.0004096000000000001

TRAIN Stats
Total Loss |Smoke Loss|Fire Loss |    _______|Accuracy |Precision|Recall   |F1       |
-----------|----------|----------|    Smoke  |0.9435   |0.9529   |0.9261   |0.9394   |
12.95      |8.11      |4.85      |    Fire   |0.9729   |0.9633   |0.9538   |0.9585   |

VAL Stats
Total Loss |Smoke Loss|Fire Loss |    _______|Accuracy |Precision|Recall   |F1       |
-----------|----------|----------|    Smoke  |0.9391   |0.9511   |0.9180   |0.9343   |
13.68      |9.04      |4.65      |    Fire   |0.9739   |0.9424   |0.9793   |0.9605   |


=== EPOCH 34/99 ===
Learning Rate = 0.0003276800000000001

TRAIN Stats
Total Loss |Smoke Loss|Fire Loss |    _______|Accuracy |Precision|Recall   |F1       |
-----------|----------|----------|    Smoke  |0.9466   |0.9556   |0.9303   |0.9427   |
12.40      |7.78      |4.62      |    Fire   |0.9738   |0.9649   |0.9549   |0.9599   |

VAL Stats
Total Loss |Smoke Loss|Fire Loss |    _______|Accuracy |Precision|Recall   |F1       |
-----------|----------|----------|    Smoke  |0.9372   |0.9334   |0.9334   |0.9334   |
15.92      |9.39      |6.54      |    Fire   |0.9614   |0.9040   |0.9857   |0.9431   |


=== EPOCH 35/99 ===
Learning Rate = 0.0003276800000000001

TRAIN Stats
Total Loss |Smoke Loss|Fire Loss |    _______|Accuracy |Precision|Recall   |F1       |
-----------|----------|----------|    Smoke  |0.9474   |0.9567   |0.9308   |0.9435   |
12.26      |7.67      |4.59      |    Fire   |0.9740   |0.9650   |0.9556   |0.9603   |

VAL Stats
Total Loss |Smoke Loss|Fire Loss |    _______|Accuracy |Precision|Recall   |F1       |
-----------|----------|----------|    Smoke  |0.9375   |0.9248   |0.9441   |0.9344   |
14.92      |9.32      |5.60      |    Fire   |0.9687   |0.9231   |0.9854   |0.9533   |


=== EPOCH 36/99 ===
Learning Rate = 0.0003276800000000001

TRAIN Stats
Total Loss |Smoke Loss|Fire Loss |    _______|Accuracy |Precision|Recall   |F1       |
-----------|----------|----------|    Smoke  |0.9487   |0.9564   |0.9338   |0.9450   |
12.08      |7.56      |4.53      |    Fire   |0.9746   |0.9661   |0.9563   |0.9612   |

VAL Stats
Total Loss |Smoke Loss|Fire Loss |    _______|Accuracy |Precision|Recall   |F1       |
-----------|----------|----------|    Smoke  |0.9366   |0.9338   |0.9315   |0.9327   |
15.36      |9.69      |5.67      |    Fire   |0.9683   |0.9228   |0.9845   |0.9527   |


=== EPOCH 37/99 ===
Learning Rate = 0.0002621440000000001

TRAIN Stats
Total Loss |Smoke Loss|Fire Loss |    _______|Accuracy |Precision|Recall   |F1       |
-----------|----------|----------|    Smoke  |0.9498   |0.9578   |0.9349   |0.9462   |
11.70      |7.30      |4.40      |    Fire   |0.9754   |0.9659   |0.9589   |0.9624   |

VAL Stats
Total Loss |Smoke Loss|Fire Loss |    _______|Accuracy |Precision|Recall   |F1       |
-----------|----------|----------|    Smoke  |0.9426   |0.9534   |0.9233   |0.9381   |
13.10      |8.36      |4.74      |    Fire   |0.9740   |0.9393   |0.9833   |0.9608   |

Saving model with new best validation loss: 13.0962
Saving model with best Mean F1: 0.9495

=== EPOCH 38/99 ===
Learning Rate = 0.0002621440000000001

TRAIN Stats
Total Loss |Smoke Loss|Fire Loss |    _______|Accuracy |Precision|Recall   |F1       |
-----------|----------|----------|    Smoke  |0.9509   |0.9590   |0.9361   |0.9474   |
11.58      |7.21      |4.37      |    Fire   |0.9755   |0.9670   |0.9581   |0.9625   |

VAL Stats
Total Loss |Smoke Loss|Fire Loss |    _______|Accuracy |Precision|Recall   |F1       |
-----------|----------|----------|    Smoke  |0.9468   |0.9570   |0.9287   |0.9427   |
12.19      |7.85      |4.34      |    Fire   |0.9754   |0.9443   |0.9821   |0.9628   |

Saving model with new best validation loss: 12.1889
Saving model with best Mean F1: 0.9527

=== EPOCH 39/99 ===
Learning Rate = 0.0002621440000000001

TRAIN Stats
Total Loss |Smoke Loss|Fire Loss |    _______|Accuracy |Precision|Recall   |F1       |
-----------|----------|----------|    Smoke  |0.9510   |0.9587   |0.9365   |0.9475   |
11.44      |7.18      |4.26      |    Fire   |0.9758   |0.9678   |0.9582   |0.9630   |

VAL Stats
Total Loss |Smoke Loss|Fire Loss |    _______|Accuracy |Precision|Recall   |F1       |
-----------|----------|----------|    Smoke  |0.9431   |0.9590   |0.9185   |0.9383   |
13.01      |8.23      |4.77      |    Fire   |0.9736   |0.9389   |0.9824   |0.9601   |


=== EPOCH 40/99 ===
Learning Rate = 0.0002621440000000001

TRAIN Stats
Total Loss |Smoke Loss|Fire Loss |    _______|Accuracy |Precision|Recall   |F1       |
-----------|----------|----------|    Smoke  |0.9517   |0.9590   |0.9378   |0.9483   |
11.36      |7.11      |4.25      |    Fire   |0.9762   |0.9685   |0.9589   |0.9637   |

VAL Stats
Total Loss |Smoke Loss|Fire Loss |    _______|Accuracy |Precision|Recall   |F1       |
-----------|----------|----------|    Smoke  |0.9366   |0.9335   |0.9319   |0.9327   |
16.52      |9.39      |7.14      |    Fire   |0.9605   |0.8991   |0.9891   |0.9420   |


=== EPOCH 41/99 ===
Learning Rate = 0.0002621440000000001

TRAIN Stats
Total Loss |Smoke Loss|Fire Loss |    _______|Accuracy |Precision|Recall   |F1       |
-----------|----------|----------|    Smoke  |0.9509   |0.9583   |0.9366   |0.9474   |
11.31      |7.09      |4.23      |    Fire   |0.9765   |0.9690   |0.9594   |0.9642   |

VAL Stats
Total Loss |Smoke Loss|Fire Loss |    _______|Accuracy |Precision|Recall   |F1       |
-----------|----------|----------|    Smoke  |0.9470   |0.9453   |0.9420   |0.9436   |
13.71      |7.88      |5.83      |    Fire   |0.9687   |0.9231   |0.9854   |0.9533   |


=== EPOCH 42/99 ===
Learning Rate = 0.00020971520000000012

TRAIN Stats
Total Loss |Smoke Loss|Fire Loss |    _______|Accuracy |Precision|Recall   |F1       |
-----------|----------|----------|    Smoke  |0.9529   |0.9598   |0.9394   |0.9495   |
10.91      |6.84      |4.08      |    Fire   |0.9772   |0.9692   |0.9610   |0.9651   |

VAL Stats
Total Loss |Smoke Loss|Fire Loss |    _______|Accuracy |Precision|Recall   |F1       |
-----------|----------|----------|    Smoke  |0.9436   |0.9466   |0.9329   |0.9397   |
13.43      |8.47      |4.97      |    Fire   |0.9722   |0.9348   |0.9827   |0.9582   |


=== EPOCH 43/99 ===
Learning Rate = 0.00020971520000000012

TRAIN Stats
Total Loss |Smoke Loss|Fire Loss |    _______|Accuracy |Precision|Recall   |F1       |
-----------|----------|----------|    Smoke  |0.9539   |0.9613   |0.9402   |0.9507   |
10.73      |6.72      |4.01      |    Fire   |0.9773   |0.9697   |0.9611   |0.9654   |

VAL Stats
Total Loss |Smoke Loss|Fire Loss |    _______|Accuracy |Precision|Recall   |F1       |
-----------|----------|----------|    Smoke  |0.9384   |0.9343   |0.9351   |0.9347   |
16.95      |9.81      |7.14      |    Fire   |0.9621   |0.9021   |0.9907   |0.9443   |


=== EPOCH 44/99 ===
Learning Rate = 0.00020971520000000012

TRAIN Stats
Total Loss |Smoke Loss|Fire Loss |    _______|Accuracy |Precision|Recall   |F1       |
-----------|----------|----------|    Smoke  |0.9533   |0.9604   |0.9400   |0.9501   |
10.76      |6.76      |4.00      |    Fire   |0.9780   |0.9708   |0.9620   |0.9664   |

VAL Stats
Total Loss |Smoke Loss|Fire Loss |    _______|Accuracy |Precision|Recall   |F1       |
-----------|----------|----------|    Smoke  |0.9471   |0.9504   |0.9367   |0.9435   |
12.99      |7.80      |5.19      |    Fire   |0.9715   |0.9291   |0.9876   |0.9575   |


=== EPOCH 45/99 ===
Learning Rate = 0.0001677721600000001

TRAIN Stats
Total Loss |Smoke Loss|Fire Loss |    _______|Accuracy |Precision|Recall   |F1       |
-----------|----------|----------|    Smoke  |0.9554   |0.9630   |0.9416   |0.9522   |
10.40      |6.50      |3.90      |    Fire   |0.9788   |0.9718   |0.9635   |0.9676   |

VAL Stats
Total Loss |Smoke Loss|Fire Loss |    _______|Accuracy |Precision|Recall   |F1       |
-----------|----------|----------|    Smoke  |0.9467   |0.9464   |0.9402   |0.9433   |
13.21      |8.09      |5.11      |    Fire   |0.9732   |0.9357   |0.9852   |0.9598   |


=== EPOCH 46/99 ===
Learning Rate = 0.0001677721600000001

TRAIN Stats
Total Loss |Smoke Loss|Fire Loss |    _______|Accuracy |Precision|Recall   |F1       |
-----------|----------|----------|    Smoke  |0.9559   |0.9623   |0.9435   |0.9528   |
10.31      |6.49      |3.81      |    Fire   |0.9785   |0.9710   |0.9634   |0.9672   |

VAL Stats
Total Loss |Smoke Loss|Fire Loss |    _______|Accuracy |Precision|Recall   |F1       |
-----------|----------|----------|    Smoke  |0.9484   |0.9410   |0.9500   |0.9455   |
12.94      |7.91      |5.04      |    Fire   |0.9723   |0.9361   |0.9816   |0.9583   |


=== EPOCH 47/99 ===
Learning Rate = 0.0001677721600000001

TRAIN Stats
Total Loss |Smoke Loss|Fire Loss |    _______|Accuracy |Precision|Recall   |F1       |
-----------|----------|----------|    Smoke  |0.9563   |0.9633   |0.9433   |0.9532   |
10.21      |6.38      |3.83      |    Fire   |0.9789   |0.9713   |0.9643   |0.9678   |

VAL Stats
Total Loss |Smoke Loss|Fire Loss |    _______|Accuracy |Precision|Recall   |F1       |
-----------|----------|----------|    Smoke  |0.9444   |0.9440   |0.9377   |0.9408   |
14.70      |8.45      |6.25      |    Fire   |0.9653   |0.9124   |0.9877   |0.9485   |


=== EPOCH 48/99 ===
Learning Rate = 0.00013421772800000008

TRAIN Stats
Total Loss |Smoke Loss|Fire Loss |    _______|Accuracy |Precision|Recall   |F1       |
-----------|----------|----------|    Smoke  |0.9577   |0.9644   |0.9454   |0.9548   |
9.98       |6.25      |3.73      |    Fire   |0.9797   |0.9732   |0.9647   |0.9690   |

VAL Stats
Total Loss |Smoke Loss|Fire Loss |    _______|Accuracy |Precision|Recall   |F1       |
-----------|----------|----------|    Smoke  |0.9500   |0.9463   |0.9478   |0.9471   |
12.49      |7.65      |4.84      |    Fire   |0.9727   |0.9348   |0.9843   |0.9589   |

Saving model with best Mean F1: 0.9530

=== EPOCH 49/99 ===
Learning Rate = 0.00013421772800000008

TRAIN Stats
Total Loss |Smoke Loss|Fire Loss |    _______|Accuracy |Precision|Recall   |F1       |
-----------|----------|----------|    Smoke  |0.9584   |0.9650   |0.9463   |0.9555   |
9.78       |6.19      |3.58      |    Fire   |0.9803   |0.9745   |0.9653   |0.9699   |

VAL Stats
Total Loss |Smoke Loss|Fire Loss |    _______|Accuracy |Precision|Recall   |F1       |
-----------|----------|----------|    Smoke  |0.9505   |0.9578   |0.9363   |0.9469   |
12.90      |7.55      |5.34      |    Fire   |0.9707   |0.9269   |0.9874   |0.9562   |


=== EPOCH 50/99 ===
Learning Rate = 0.00013421772800000008

TRAIN Stats
Total Loss |Smoke Loss|Fire Loss |    _______|Accuracy |Precision|Recall   |F1       |
-----------|----------|----------|    Smoke  |0.9590   |0.9654   |0.9471   |0.9562   |
9.80       |6.15      |3.65      |    Fire   |0.9798   |0.9728   |0.9657   |0.9692   |

VAL Stats
Total Loss |Smoke Loss|Fire Loss |    _______|Accuracy |Precision|Recall   |F1       |
-----------|----------|----------|    Smoke  |0.9504   |0.9450   |0.9500   |0.9475   |
12.09      |7.71      |4.38      |    Fire   |0.9766   |0.9457   |0.9845   |0.9647   |

Saving model with new best validation loss: 12.0881
Saving model with best Mean F1: 0.9561

=== EPOCH 51/99 ===
Learning Rate = 0.00013421772800000008

TRAIN Stats
Total Loss |Smoke Loss|Fire Loss |    _______|Accuracy |Precision|Recall   |F1       |
-----------|----------|----------|    Smoke  |0.9588   |0.9642   |0.9478   |0.9559   |
9.67       |6.10      |3.57      |    Fire   |0.9804   |0.9742   |0.9658   |0.9700   |

VAL Stats
Total Loss |Smoke Loss|Fire Loss |    _______|Accuracy |Precision|Recall   |F1       |
-----------|----------|----------|    Smoke  |0.9466   |0.9470   |0.9393   |0.9431   |
13.86      |8.10      |5.77      |    Fire   |0.9677   |0.9182   |0.9885   |0.9520   |


=== EPOCH 52/99 ===
Learning Rate = 0.00013421772800000008

TRAIN Stats
Total Loss |Smoke Loss|Fire Loss |    _______|Accuracy |Precision|Recall   |F1       |
-----------|----------|----------|    Smoke  |0.9591   |0.9654   |0.9474   |0.9563   |
9.62       |6.08      |3.54      |    Fire   |0.9807   |0.9746   |0.9664   |0.9705   |

VAL Stats
Total Loss |Smoke Loss|Fire Loss |    _______|Accuracy |Precision|Recall   |F1       |
-----------|----------|----------|    Smoke  |0.9501   |0.9600   |0.9331   |0.9463   |
12.23      |7.61      |4.62      |    Fire   |0.9753   |0.9401   |0.9867   |0.9628   |


=== EPOCH 53/99 ===
Learning Rate = 0.00013421772800000008

TRAIN Stats
Total Loss |Smoke Loss|Fire Loss |    _______|Accuracy |Precision|Recall   |F1       |
-----------|----------|----------|    Smoke  |0.9588   |0.9658   |0.9463   |0.9559   |
9.68       |6.06      |3.63      |    Fire   |0.9799   |0.9736   |0.9650   |0.9693   |

VAL Stats
Total Loss |Smoke Loss|Fire Loss |    _______|Accuracy |Precision|Recall   |F1       |
-----------|----------|----------|    Smoke  |0.9505   |0.9530   |0.9414   |0.9472   |
13.11      |7.55      |5.55      |    Fire   |0.9716   |0.9282   |0.9888   |0.9576   |


=== EPOCH 54/99 ===
Learning Rate = 0.00010737418240000007

TRAIN Stats
Total Loss |Smoke Loss|Fire Loss |    _______|Accuracy |Precision|Recall   |F1       |
-----------|----------|----------|    Smoke  |0.9600   |0.9662   |0.9485   |0.9572   |
9.34       |5.87      |3.47      |    Fire   |0.9810   |0.9753   |0.9669   |0.9710   |

VAL Stats
Total Loss |Smoke Loss|Fire Loss |    _______|Accuracy |Precision|Recall   |F1       |
-----------|----------|----------|    Smoke  |0.9521   |0.9560   |0.9416   |0.9488   |
12.72      |7.27      |5.45      |    Fire   |0.9710   |0.9268   |0.9887   |0.9567   |


=== EPOCH 55/99 ===
Learning Rate = 0.00010737418240000007

TRAIN Stats
Total Loss |Smoke Loss|Fire Loss |    _______|Accuracy |Precision|Recall   |F1       |
-----------|----------|----------|    Smoke  |0.9601   |0.9657   |0.9493   |0.9574   |
9.37       |5.87      |3.50      |    Fire   |0.9815   |0.9754   |0.9682   |0.9718   |

VAL Stats
Total Loss |Smoke Loss|Fire Loss |    _______|Accuracy |Precision|Recall   |F1       |
-----------|----------|----------|    Smoke  |0.9519   |0.9585   |0.9387   |0.9485   |
12.05      |7.38      |4.66      |    Fire   |0.9754   |0.9423   |0.9843   |0.9628   |

Saving model with new best validation loss: 12.0489

=== EPOCH 56/99 ===
Learning Rate = 0.00010737418240000007

TRAIN Stats
Total Loss |Smoke Loss|Fire Loss |    _______|Accuracy |Precision|Recall   |F1       |
-----------|----------|----------|    Smoke  |0.9610   |0.9664   |0.9505   |0.9584   |
9.21       |5.78      |3.44      |    Fire   |0.9812   |0.9743   |0.9685   |0.9714   |

VAL Stats
Total Loss |Smoke Loss|Fire Loss |    _______|Accuracy |Precision|Recall   |F1       |
-----------|----------|----------|    Smoke  |0.9530   |0.9556   |0.9443   |0.9499   |
12.34      |7.37      |4.97      |    Fire   |0.9726   |0.9326   |0.9867   |0.9589   |


=== EPOCH 57/99 ===
Learning Rate = 0.00010737418240000007

TRAIN Stats
Total Loss |Smoke Loss|Fire Loss |    _______|Accuracy |Precision|Recall   |F1       |
-----------|----------|----------|    Smoke  |0.9609   |0.9669   |0.9496   |0.9582   |
9.23       |5.77      |3.46      |    Fire   |0.9811   |0.9748   |0.9676   |0.9712   |

VAL Stats
Total Loss |Smoke Loss|Fire Loss |    _______|Accuracy |Precision|Recall   |F1       |
-----------|----------|----------|    Smoke  |0.9460   |0.9322   |0.9548   |0.9434   |
14.52      |8.74      |5.78      |    Fire   |0.9690   |0.9207   |0.9895   |0.9538   |


=== EPOCH 58/99 ===
Learning Rate = 0.00010737418240000007

TRAIN Stats
Total Loss |Smoke Loss|Fire Loss |    _______|Accuracy |Precision|Recall   |F1       |
-----------|----------|----------|    Smoke  |0.9609   |0.9665   |0.9500   |0.9582   |
9.20       |5.75      |3.45      |    Fire   |0.9809   |0.9740   |0.9677   |0.9708   |

VAL Stats
Total Loss |Smoke Loss|Fire Loss |    _______|Accuracy |Precision|Recall   |F1       |
-----------|----------|----------|    Smoke  |0.9532   |0.9543   |0.9462   |0.9502   |
11.35      |7.18      |4.17      |    Fire   |0.9773   |0.9476   |0.9845   |0.9657   |

Saving model with new best validation loss: 11.3493
Saving model with best Mean F1: 0.9580

=== EPOCH 59/99 ===
Learning Rate = 0.00010737418240000007

TRAIN Stats
Total Loss |Smoke Loss|Fire Loss |    _______|Accuracy |Precision|Recall   |F1       |
-----------|----------|----------|    Smoke  |0.9609   |0.9668   |0.9497   |0.9582   |
9.23       |5.81      |3.43      |    Fire   |0.9817   |0.9762   |0.9680   |0.9721   |

VAL Stats
Total Loss |Smoke Loss|Fire Loss |    _______|Accuracy |Precision|Recall   |F1       |
-----------|----------|----------|    Smoke  |0.9509   |0.9493   |0.9464   |0.9478   |
13.59      |7.57      |6.01      |    Fire   |0.9676   |0.9190   |0.9872   |0.9519   |


=== EPOCH 60/99 ===
Learning Rate = 0.00010737418240000007

TRAIN Stats
Total Loss |Smoke Loss|Fire Loss |    _______|Accuracy |Precision|Recall   |F1       |
-----------|----------|----------|    Smoke  |0.9611   |0.9665   |0.9505   |0.9584   |
9.09       |5.71      |3.39      |    Fire   |0.9816   |0.9754   |0.9684   |0.9719   |

VAL Stats
Total Loss |Smoke Loss|Fire Loss |    _______|Accuracy |Precision|Recall   |F1       |
-----------|----------|----------|    Smoke  |0.9537   |0.9455   |0.9568   |0.9511   |
12.70      |7.23      |5.47      |    Fire   |0.9697   |0.9242   |0.9876   |0.9548   |


=== EPOCH 61/99 ===
Learning Rate = 0.00010737418240000007

TRAIN Stats
Total Loss |Smoke Loss|Fire Loss |    _______|Accuracy |Precision|Recall   |F1       |
-----------|----------|----------|    Smoke  |0.9625   |0.9684   |0.9516   |0.9599   |
8.93       |5.64      |3.29      |    Fire   |0.9826   |0.9770   |0.9698   |0.9734   |

VAL Stats
Total Loss |Smoke Loss|Fire Loss |    _______|Accuracy |Precision|Recall   |F1       |
-----------|----------|----------|    Smoke  |0.9514   |0.9511   |0.9456   |0.9483   |
13.31      |7.66      |5.65      |    Fire   |0.9703   |0.9241   |0.9897   |0.9558   |


=== EPOCH 62/99 ===
Learning Rate = 8.589934592000007e-05

TRAIN Stats
Total Loss |Smoke Loss|Fire Loss |    _______|Accuracy |Precision|Recall   |F1       |
-----------|----------|----------|    Smoke  |0.9623   |0.9683   |0.9513   |0.9597   |
8.82       |5.58      |3.24      |    Fire   |0.9821   |0.9766   |0.9689   |0.9727   |

VAL Stats
Total Loss |Smoke Loss|Fire Loss |    _______|Accuracy |Precision|Recall   |F1       |
-----------|----------|----------|    Smoke  |0.9539   |0.9505   |0.9517   |0.9511   |
11.51      |7.13      |4.37      |    Fire   |0.9759   |0.9424   |0.9859   |0.9637   |


=== EPOCH 63/99 ===
Learning Rate = 8.589934592000007e-05

TRAIN Stats
Total Loss |Smoke Loss|Fire Loss |    _______|Accuracy |Precision|Recall   |F1       |
-----------|----------|----------|    Smoke  |0.9632   |0.9693   |0.9522   |0.9607   |
8.82       |5.53      |3.29      |    Fire   |0.9820   |0.9761   |0.9689   |0.9725   |

VAL Stats
Total Loss |Smoke Loss|Fire Loss |    _______|Accuracy |Precision|Recall   |F1       |
-----------|----------|----------|    Smoke  |0.9535   |0.9608   |0.9396   |0.9501   |
11.11      |7.17      |3.95      |    Fire   |0.9789   |0.9542   |0.9820   |0.9679   |

Saving model with new best validation loss: 11.1133
Saving model with best Mean F1: 0.9590

=== EPOCH 64/99 ===
Learning Rate = 8.589934592000007e-05

TRAIN Stats
Total Loss |Smoke Loss|Fire Loss |    _______|Accuracy |Precision|Recall   |F1       |
-----------|----------|----------|    Smoke  |0.9630   |0.9686   |0.9524   |0.9604   |
8.69       |5.45      |3.24      |    Fire   |0.9824   |0.9773   |0.9691   |0.9732   |

VAL Stats
Total Loss |Smoke Loss|Fire Loss |    _______|Accuracy |Precision|Recall   |F1       |
-----------|----------|----------|    Smoke  |0.9544   |0.9570   |0.9457   |0.9513   |
11.83      |7.33      |4.50      |    Fire   |0.9761   |0.9416   |0.9876   |0.9640   |


=== EPOCH 65/99 ===
Learning Rate = 8.589934592000007e-05

TRAIN Stats
Total Loss |Smoke Loss|Fire Loss |    _______|Accuracy |Precision|Recall   |F1       |
-----------|----------|----------|    Smoke  |0.9636   |0.9684   |0.9541   |0.9612   |
8.63       |5.40      |3.23      |    Fire   |0.9826   |0.9771   |0.9696   |0.9734   |

VAL Stats
Total Loss |Smoke Loss|Fire Loss |    _______|Accuracy |Precision|Recall   |F1       |
-----------|----------|----------|    Smoke  |0.9496   |0.9525   |0.9400   |0.9462   |
12.72      |7.79      |4.94      |    Fire   |0.9736   |0.9351   |0.9871   |0.9604   |


=== EPOCH 66/99 ===
Learning Rate = 8.589934592000007e-05

TRAIN Stats
Total Loss |Smoke Loss|Fire Loss |    _______|Accuracy |Precision|Recall   |F1       |
-----------|----------|----------|    Smoke  |0.9638   |0.9695   |0.9533   |0.9613   |
8.69       |5.46      |3.23      |    Fire   |0.9825   |0.9764   |0.9702   |0.9733   |

VAL Stats
Total Loss |Smoke Loss|Fire Loss |    _______|Accuracy |Precision|Recall   |F1       |
-----------|----------|----------|    Smoke  |0.9501   |0.9427   |0.9521   |0.9474   |
13.42      |7.86      |5.56      |    Fire   |0.9701   |0.9254   |0.9876   |0.9555   |


=== EPOCH 67/99 ===
Learning Rate = 6.871947673600006e-05

TRAIN Stats
Total Loss |Smoke Loss|Fire Loss |    _______|Accuracy |Precision|Recall   |F1       |
-----------|----------|----------|    Smoke  |0.9640   |0.9689   |0.9543   |0.9616   |
8.51       |5.36      |3.15      |    Fire   |0.9829   |0.9775   |0.9704   |0.9739   |

VAL Stats
Total Loss |Smoke Loss|Fire Loss |    _______|Accuracy |Precision|Recall   |F1       |
-----------|----------|----------|    Smoke  |0.9555   |0.9566   |0.9487   |0.9526   |
11.45      |6.82      |4.63      |    Fire   |0.9752   |0.9406   |0.9858   |0.9627   |


=== EPOCH 68/99 ===
Learning Rate = 6.871947673600006e-05

TRAIN Stats
Total Loss |Smoke Loss|Fire Loss |    _______|Accuracy |Precision|Recall   |F1       |
-----------|----------|----------|    Smoke  |0.9640   |0.9690   |0.9543   |0.9616   |
8.40       |5.30      |3.10      |    Fire   |0.9830   |0.9774   |0.9706   |0.9740   |

VAL Stats
Total Loss |Smoke Loss|Fire Loss |    _______|Accuracy |Precision|Recall   |F1       |
-----------|----------|----------|    Smoke  |0.9538   |0.9496   |0.9526   |0.9511   |
11.85      |7.27      |4.59      |    Fire   |0.9754   |0.9409   |0.9860   |0.9630   |


=== EPOCH 69/99 ===
Learning Rate = 6.871947673600006e-05

TRAIN Stats
Total Loss |Smoke Loss|Fire Loss |    _______|Accuracy |Precision|Recall   |F1       |
-----------|----------|----------|    Smoke  |0.9646   |0.9704   |0.9542   |0.9622   |
8.50       |5.37      |3.13      |    Fire   |0.9830   |0.9780   |0.9701   |0.9740   |

VAL Stats
Total Loss |Smoke Loss|Fire Loss |    _______|Accuracy |Precision|Recall   |F1       |
-----------|----------|----------|    Smoke  |0.9529   |0.9535   |0.9463   |0.9499   |
12.00      |7.35      |4.66      |    Fire   |0.9758   |0.9420   |0.9862   |0.9636   |


=== EPOCH 70/99 ===
Learning Rate = 5.497558138880005e-05

TRAIN Stats
Total Loss |Smoke Loss|Fire Loss |    _______|Accuracy |Precision|Recall   |F1       |
-----------|----------|----------|    Smoke  |0.9657   |0.9707   |0.9561   |0.9634   |
8.27       |5.19      |3.07      |    Fire   |0.9838   |0.9790   |0.9715   |0.9752   |

VAL Stats
Total Loss |Smoke Loss|Fire Loss |    _______|Accuracy |Precision|Recall   |F1       |
-----------|----------|----------|    Smoke  |0.9516   |0.9498   |0.9475   |0.9487   |
12.77      |7.72      |5.05      |    Fire   |0.9729   |0.9328   |0.9876   |0.9594   |


=== EPOCH 71/99 ===
Learning Rate = 5.497558138880005e-05

TRAIN Stats
Total Loss |Smoke Loss|Fire Loss |    _______|Accuracy |Precision|Recall   |F1       |
-----------|----------|----------|    Smoke  |0.9660   |0.9703   |0.9572   |0.9637   |
8.21       |5.15      |3.06      |    Fire   |0.9834   |0.9779   |0.9715   |0.9747   |

VAL Stats
Total Loss |Smoke Loss|Fire Loss |    _______|Accuracy |Precision|Recall   |F1       |
-----------|----------|----------|    Smoke  |0.9496   |0.9494   |0.9433   |0.9464   |
12.91      |8.00      |4.91      |    Fire   |0.9744   |0.9366   |0.9878   |0.9615   |


=== EPOCH 72/99 ===
Learning Rate = 5.497558138880005e-05

TRAIN Stats
Total Loss |Smoke Loss|Fire Loss |    _______|Accuracy |Precision|Recall   |F1       |
-----------|----------|----------|    Smoke  |0.9656   |0.9700   |0.9567   |0.9633   |
8.21       |5.17      |3.03      |    Fire   |0.9837   |0.9790   |0.9713   |0.9751   |

VAL Stats
Total Loss |Smoke Loss|Fire Loss |    _______|Accuracy |Precision|Recall   |F1       |
-----------|----------|----------|    Smoke  |0.9535   |0.9522   |0.9491   |0.9506   |
12.25      |7.28      |4.98      |    Fire   |0.9740   |0.9349   |0.9887   |0.9610   |


=== EPOCH 73/99 ===
Learning Rate = 4.3980465111040044e-05

TRAIN Stats
Total Loss |Smoke Loss|Fire Loss |    _______|Accuracy |Precision|Recall   |F1       |
-----------|----------|----------|    Smoke  |0.9666   |0.9715   |0.9575   |0.9644   |
7.99       |5.07      |2.92      |    Fire   |0.9845   |0.9792   |0.9734   |0.9763   |

VAL Stats
Total Loss |Smoke Loss|Fire Loss |    _______|Accuracy |Precision|Recall   |F1       |
-----------|----------|----------|    Smoke  |0.9551   |0.9522   |0.9525   |0.9523   |
11.89      |7.08      |4.81      |    Fire   |0.9747   |0.9377   |0.9874   |0.9619   |


=== EPOCH 74/99 ===
Learning Rate = 4.3980465111040044e-05

TRAIN Stats
Total Loss |Smoke Loss|Fire Loss |    _______|Accuracy |Precision|Recall   |F1       |
-----------|----------|----------|    Smoke  |0.9664   |0.9715   |0.9569   |0.9641   |
8.09       |5.09      |3.00      |    Fire   |0.9841   |0.9787   |0.9727   |0.9757   |

VAL Stats
Total Loss |Smoke Loss|Fire Loss |    _______|Accuracy |Precision|Recall   |F1       |
-----------|----------|----------|    Smoke  |0.9569   |0.9603   |0.9477   |0.9539   |
11.28      |6.86      |4.41      |    Fire   |0.9771   |0.9453   |0.9866   |0.9655   |

Saving model with best Mean F1: 0.9597

=== EPOCH 75/99 ===
Learning Rate = 4.3980465111040044e-05

TRAIN Stats
Total Loss |Smoke Loss|Fire Loss |    _______|Accuracy |Precision|Recall   |F1       |
-----------|----------|----------|    Smoke  |0.9668   |0.9722   |0.9571   |0.9646   |
7.91       |4.98      |2.93      |    Fire   |0.9844   |0.9792   |0.9731   |0.9761   |

VAL Stats
Total Loss |Smoke Loss|Fire Loss |    _______|Accuracy |Precision|Recall   |F1       |
-----------|----------|----------|    Smoke  |0.9560   |0.9553   |0.9511   |0.9532   |
12.27      |7.04      |5.23      |    Fire   |0.9726   |0.9314   |0.9883   |0.9590   |


=== EPOCH 76/99 ===
Learning Rate = 3.5184372088832036e-05

TRAIN Stats
Total Loss |Smoke Loss|Fire Loss |    _______|Accuracy |Precision|Recall   |F1       |
-----------|----------|----------|    Smoke  |0.9670   |0.9713   |0.9583   |0.9648   |
7.88       |4.98      |2.90      |    Fire   |0.9847   |0.9805   |0.9729   |0.9767   |

VAL Stats
Total Loss |Smoke Loss|Fire Loss |    _______|Accuracy |Precision|Recall   |F1       |
-----------|----------|----------|    Smoke  |0.9542   |0.9528   |0.9500   |0.9514   |
12.42      |7.44      |4.98      |    Fire   |0.9738   |0.9341   |0.9888   |0.9607   |


=== EPOCH 77/99 ===
Learning Rate = 3.5184372088832036e-05

TRAIN Stats
Total Loss |Smoke Loss|Fire Loss |    _______|Accuracy |Precision|Recall   |F1       |
-----------|----------|----------|    Smoke  |0.9679   |0.9728   |0.9587   |0.9657   |
7.76       |4.88      |2.88      |    Fire   |0.9844   |0.9791   |0.9734   |0.9762   |

VAL Stats
Total Loss |Smoke Loss|Fire Loss |    _______|Accuracy |Precision|Recall   |F1       |
-----------|----------|----------|    Smoke  |0.9528   |0.9501   |0.9498   |0.9500   |
12.67      |7.52      |5.16      |    Fire   |0.9723   |0.9299   |0.9892   |0.9586   |


=== EPOCH 78/99 ===
Learning Rate = 3.5184372088832036e-05

TRAIN Stats
Total Loss |Smoke Loss|Fire Loss |    _______|Accuracy |Precision|Recall   |F1       |
-----------|----------|----------|    Smoke  |0.9672   |0.9725   |0.9576   |0.9650   |
7.78       |4.94      |2.84      |    Fire   |0.9847   |0.9799   |0.9733   |0.9766   |

VAL Stats
Total Loss |Smoke Loss|Fire Loss |    _______|Accuracy |Precision|Recall   |F1       |
-----------|----------|----------|    Smoke  |0.9553   |0.9543   |0.9508   |0.9526   |
12.54      |7.11      |5.43      |    Fire   |0.9715   |0.9290   |0.9876   |0.9574   |


=== EPOCH 79/99 ===
Learning Rate = 2.814749767106563e-05

TRAIN Stats
Total Loss |Smoke Loss|Fire Loss |    _______|Accuracy |Precision|Recall   |F1       |
-----------|----------|----------|    Smoke  |0.9674   |0.9727   |0.9578   |0.9652   |
7.72       |4.90      |2.82      |    Fire   |0.9850   |0.9802   |0.9742   |0.9772   |

VAL Stats
Total Loss |Smoke Loss|Fire Loss |    _______|Accuracy |Precision|Recall   |F1       |
-----------|----------|----------|    Smoke  |0.9557   |0.9629   |0.9423   |0.9525   |
11.68      |6.96      |4.73      |    Fire   |0.9755   |0.9394   |0.9883   |0.9632   |


=== EPOCH 80/99 ===
Learning Rate = 2.814749767106563e-05

TRAIN Stats
Total Loss |Smoke Loss|Fire Loss |    _______|Accuracy |Precision|Recall   |F1       |
-----------|----------|----------|    Smoke  |0.9688   |0.9731   |0.9604   |0.9667   |
7.69       |4.86      |2.83      |    Fire   |0.9847   |0.9804   |0.9729   |0.9766   |

VAL Stats
Total Loss |Smoke Loss|Fire Loss |    _______|Accuracy |Precision|Recall   |F1       |
-----------|----------|----------|    Smoke  |0.9555   |0.9561   |0.9491   |0.9526   |
11.84      |7.22      |4.61      |    Fire   |0.9762   |0.9409   |0.9888   |0.9643   |


=== EPOCH 81/99 ===
Learning Rate = 2.814749767106563e-05

TRAIN Stats
Total Loss |Smoke Loss|Fire Loss |    _______|Accuracy |Precision|Recall   |F1       |
-----------|----------|----------|    Smoke  |0.9682   |0.9728   |0.9594   |0.9661   |
7.74       |4.83      |2.90      |    Fire   |0.9845   |0.9799   |0.9728   |0.9763   |

VAL Stats
Total Loss |Smoke Loss|Fire Loss |    _______|Accuracy |Precision|Recall   |F1       |
-----------|----------|----------|    Smoke  |0.9538   |0.9519   |0.9500   |0.9510   |
11.82      |7.40      |4.42      |    Fire   |0.9773   |0.9449   |0.9876   |0.9658   |


=== EPOCH 82/99 ===
Learning Rate = 2.2517998136852506e-05

TRAIN Stats
Total Loss |Smoke Loss|Fire Loss |    _______|Accuracy |Precision|Recall   |F1       |
-----------|----------|----------|    Smoke  |0.9685   |0.9732   |0.9598   |0.9665   |
7.60       |4.74      |2.86      |    Fire   |0.9845   |0.9795   |0.9732   |0.9763   |

VAL Stats
Total Loss |Smoke Loss|Fire Loss |    _______|Accuracy |Precision|Recall   |F1       |
-----------|----------|----------|    Smoke  |0.9530   |0.9511   |0.9491   |0.9501   |
12.62      |7.45      |5.17      |    Fire   |0.9734   |0.9323   |0.9899   |0.9602   |


=== EPOCH 83/99 ===
Learning Rate = 2.2517998136852506e-05

TRAIN Stats
Total Loss |Smoke Loss|Fire Loss |    _______|Accuracy |Precision|Recall   |F1       |
-----------|----------|----------|    Smoke  |0.9685   |0.9725   |0.9604   |0.9664   |
7.58       |4.80      |2.79      |    Fire   |0.9851   |0.9800   |0.9746   |0.9773   |

VAL Stats
Total Loss |Smoke Loss|Fire Loss |    _______|Accuracy |Precision|Recall   |F1       |
-----------|----------|----------|    Smoke  |0.9544   |0.9506   |0.9528   |0.9517   |
11.88      |7.36      |4.52      |    Fire   |0.9766   |0.9423   |0.9885   |0.9648   |


=== EPOCH 84/99 ===
Learning Rate = 2.2517998136852506e-05

TRAIN Stats
Total Loss |Smoke Loss|Fire Loss |    _______|Accuracy |Precision|Recall   |F1       |
-----------|----------|----------|    Smoke  |0.9679   |0.9730   |0.9586   |0.9658   |
7.68       |4.88      |2.80      |    Fire   |0.9853   |0.9807   |0.9745   |0.9776   |

VAL Stats
Total Loss |Smoke Loss|Fire Loss |    _______|Accuracy |Precision|Recall   |F1       |
-----------|----------|----------|    Smoke  |0.9546   |0.9521   |0.9515   |0.9518   |
11.99      |7.27      |4.71      |    Fire   |0.9754   |0.9401   |0.9871   |0.9630   |


=== EPOCH 85/99 ===
Learning Rate = 1.8014398509482006e-05

TRAIN Stats
Total Loss |Smoke Loss|Fire Loss |    _______|Accuracy |Precision|Recall   |F1       |
-----------|----------|----------|    Smoke  |0.9685   |0.9729   |0.9600   |0.9664   |
7.60       |4.83      |2.77      |    Fire   |0.9852   |0.9803   |0.9745   |0.9774   |

VAL Stats
Total Loss |Smoke Loss|Fire Loss |    _______|Accuracy |Precision|Recall   |F1       |
-----------|----------|----------|    Smoke  |0.9549   |0.9510   |0.9533   |0.9522   |
12.23      |7.21      |5.02      |    Fire   |0.9739   |0.9354   |0.9877   |0.9608   |


=== EPOCH 86/99 ===
Learning Rate = 1.8014398509482006e-05

TRAIN Stats
Total Loss |Smoke Loss|Fire Loss |    _______|Accuracy |Precision|Recall   |F1       |
-----------|----------|----------|    Smoke  |0.9689   |0.9736   |0.9602   |0.9668   |
7.47       |4.72      |2.75      |    Fire   |0.9852   |0.9804   |0.9745   |0.9775   |

VAL Stats
Total Loss |Smoke Loss|Fire Loss |    _______|Accuracy |Precision|Recall   |F1       |
-----------|----------|----------|    Smoke  |0.9553   |0.9518   |0.9536   |0.9527   |
11.83      |7.18      |4.65      |    Fire   |0.9761   |0.9420   |0.9869   |0.9639   |


=== EPOCH 87/99 ===
Learning Rate = 1.8014398509482006e-05

TRAIN Stats
Total Loss |Smoke Loss|Fire Loss |    _______|Accuracy |Precision|Recall   |F1       |
-----------|----------|----------|    Smoke  |0.9689   |0.9738   |0.9599   |0.9668   |
7.47       |4.67      |2.79      |    Fire   |0.9851   |0.9805   |0.9742   |0.9773   |

VAL Stats
Total Loss |Smoke Loss|Fire Loss |    _______|Accuracy |Precision|Recall   |F1       |
-----------|----------|----------|    Smoke  |0.9562   |0.9541   |0.9529   |0.9535   |
11.83      |6.99      |4.83      |    Fire   |0.9743   |0.9369   |0.9872   |0.9614   |


=== EPOCH 88/99 ===
Learning Rate = 1.4411518807585605e-05

TRAIN Stats
Total Loss |Smoke Loss|Fire Loss |    _______|Accuracy |Precision|Recall   |F1       |
-----------|----------|----------|    Smoke  |0.9694   |0.9744   |0.9603   |0.9673   |
7.38       |4.66      |2.71      |    Fire   |0.9852   |0.9807   |0.9742   |0.9774   |

VAL Stats
Total Loss |Smoke Loss|Fire Loss |    _______|Accuracy |Precision|Recall   |F1       |
-----------|----------|----------|    Smoke  |0.9551   |0.9504   |0.9546   |0.9525   |
12.17      |7.18      |4.99      |    Fire   |0.9735   |0.9338   |0.9882   |0.9603   |


=== EPOCH 89/99 ===
Learning Rate = 1.4411518807585605e-05

TRAIN Stats
Total Loss |Smoke Loss|Fire Loss |    _______|Accuracy |Precision|Recall   |F1       |
-----------|----------|----------|    Smoke  |0.9689   |0.9731   |0.9606   |0.9668   |
7.48       |4.69      |2.79      |    Fire   |0.9852   |0.9806   |0.9741   |0.9774   |

VAL Stats
Total Loss |Smoke Loss|Fire Loss |    _______|Accuracy |Precision|Recall   |F1       |
-----------|----------|----------|    Smoke  |0.9552   |0.9547   |0.9500   |0.9523   |
11.71      |7.11      |4.59      |    Fire   |0.9759   |0.9409   |0.9876   |0.9637   |


=== EPOCH 90/99 ===
Learning Rate = 1.4411518807585605e-05

TRAIN Stats
Total Loss |Smoke Loss|Fire Loss |    _______|Accuracy |Precision|Recall   |F1       |
-----------|----------|----------|    Smoke  |0.9692   |0.9735   |0.9609   |0.9672   |
7.42       |4.71      |2.71      |    Fire   |0.9853   |0.9809   |0.9743   |0.9776   |

VAL Stats
Total Loss |Smoke Loss|Fire Loss |    _______|Accuracy |Precision|Recall   |F1       |
-----------|----------|----------|    Smoke  |0.9552   |0.9496   |0.9557   |0.9527   |
11.99      |7.37      |4.62      |    Fire   |0.9758   |0.9415   |0.9866   |0.9635   |


=== EPOCH 91/99 ===
Learning Rate = 1.1529215046068485e-05

TRAIN Stats
Total Loss |Smoke Loss|Fire Loss |    _______|Accuracy |Precision|Recall   |F1       |
-----------|----------|----------|    Smoke  |0.9693   |0.9738   |0.9609   |0.9673   |
7.39       |4.64      |2.75      |    Fire   |0.9851   |0.9807   |0.9739   |0.9773   |

VAL Stats
Total Loss |Smoke Loss|Fire Loss |    _______|Accuracy |Precision|Recall   |F1       |
-----------|----------|----------|    Smoke  |0.9557   |0.9577   |0.9479   |0.9528   |
11.93      |7.07      |4.87      |    Fire   |0.9746   |0.9377   |0.9872   |0.9618   |


=== EPOCH 92/99 ===
Learning Rate = 1.1529215046068485e-05

TRAIN Stats
Total Loss |Smoke Loss|Fire Loss |    _______|Accuracy |Precision|Recall   |F1       |
-----------|----------|----------|    Smoke  |0.9695   |0.9741   |0.9609   |0.9674   |
7.36       |4.63      |2.73      |    Fire   |0.9855   |0.9804   |0.9754   |0.9779   |

VAL Stats
Total Loss |Smoke Loss|Fire Loss |    _______|Accuracy |Precision|Recall   |F1       |
-----------|----------|----------|    Smoke  |0.9534   |0.9484   |0.9531   |0.9507   |
12.85      |7.65      |5.20      |    Fire   |0.9731   |0.9328   |0.9881   |0.9597   |


=== EPOCH 93/99 ===
Learning Rate = 1.1529215046068485e-05

TRAIN Stats
Total Loss |Smoke Loss|Fire Loss |    _______|Accuracy |Precision|Recall   |F1       |
-----------|----------|----------|    Smoke  |0.9694   |0.9742   |0.9608   |0.9674   |
7.40       |4.66      |2.74      |    Fire   |0.9851   |0.9810   |0.9737   |0.9773   |

VAL Stats
Total Loss |Smoke Loss|Fire Loss |    _______|Accuracy |Precision|Recall   |F1       |
-----------|----------|----------|    Smoke  |0.9566   |0.9562   |0.9515   |0.9538   |
11.76      |7.00      |4.76      |    Fire   |0.9756   |0.9396   |0.9882   |0.9633   |


=== EPOCH 94/99 ===
Learning Rate = 9.223372036854789e-06

TRAIN Stats
Total Loss |Smoke Loss|Fire Loss |    _______|Accuracy |Precision|Recall   |F1       |
-----------|----------|----------|    Smoke  |0.9702   |0.9746   |0.9619   |0.9682   |
7.22       |4.56      |2.66      |    Fire   |0.9857   |0.9823   |0.9742   |0.9782   |

VAL Stats
Total Loss |Smoke Loss|Fire Loss |    _______|Accuracy |Precision|Recall   |F1       |
-----------|----------|----------|    Smoke  |0.9561   |0.9545   |0.9523   |0.9534   |
12.11      |7.03      |5.08      |    Fire   |0.9739   |0.9340   |0.9893   |0.9609   |


=== EPOCH 95/99 ===
Learning Rate = 9.223372036854789e-06

TRAIN Stats
Total Loss |Smoke Loss|Fire Loss |    _______|Accuracy |Precision|Recall   |F1       |
-----------|----------|----------|    Smoke  |0.9695   |0.9739   |0.9612   |0.9675   |
7.32       |4.67      |2.64      |    Fire   |0.9862   |0.9817   |0.9761   |0.9789   |

VAL Stats
Total Loss |Smoke Loss|Fire Loss |    _______|Accuracy |Precision|Recall   |F1       |
-----------|----------|----------|    Smoke  |0.9542   |0.9508   |0.9522   |0.9515   |
12.20      |7.36      |4.84      |    Fire   |0.9751   |0.9378   |0.9887   |0.9626   |


=== EPOCH 96/99 ===
Learning Rate = 9.223372036854789e-06

TRAIN Stats
Total Loss |Smoke Loss|Fire Loss |    _______|Accuracy |Precision|Recall   |F1       |
-----------|----------|----------|    Smoke  |0.9695   |0.9746   |0.9605   |0.9675   |
7.29       |4.64      |2.65      |    Fire   |0.9857   |0.9806   |0.9756   |0.9781   |

VAL Stats
Total Loss |Smoke Loss|Fire Loss |    _______|Accuracy |Precision|Recall   |F1       |
-----------|----------|----------|    Smoke  |0.9561   |0.9553   |0.9514   |0.9534   |
11.71      |7.02      |4.69      |    Fire   |0.9759   |0.9408   |0.9880   |0.9638   |


=== EPOCH 97/99 ===
Learning Rate = 7.378697629483831e-06

TRAIN Stats
Total Loss |Smoke Loss|Fire Loss |    _______|Accuracy |Precision|Recall   |F1       |
-----------|----------|----------|    Smoke  |0.9697   |0.9748   |0.9607   |0.9677   |
7.26       |4.54      |2.71      |    Fire   |0.9857   |0.9811   |0.9754   |0.9782   |

VAL Stats
Total Loss |Smoke Loss|Fire Loss |    _______|Accuracy |Precision|Recall   |F1       |
-----------|----------|----------|    Smoke  |0.9558   |0.9534   |0.9529   |0.9531   |
11.71      |7.07      |4.65      |    Fire   |0.9757   |0.9414   |0.9866   |0.9635   |


=== EPOCH 98/99 ===
Learning Rate = 7.378697629483831e-06

TRAIN Stats
Total Loss |Smoke Loss|Fire Loss |    _______|Accuracy |Precision|Recall   |F1       |
-----------|----------|----------|    Smoke  |0.9699   |0.9740   |0.9620   |0.9679   |
7.29       |4.62      |2.67      |    Fire   |0.9858   |0.9815   |0.9752   |0.9784   |

VAL Stats
Total Loss |Smoke Loss|Fire Loss |    _______|Accuracy |Precision|Recall   |F1       |
-----------|----------|----------|    Smoke  |0.9556   |0.9546   |0.9511   |0.9528   |
11.90      |7.21      |4.68      |    Fire   |0.9757   |0.9398   |0.9882   |0.9634   |


=== EPOCH 99/99 ===
Learning Rate = 7.378697629483831e-06

TRAIN Stats
Total Loss |Smoke Loss|Fire Loss |    _______|Accuracy |Precision|Recall   |F1       |
-----------|----------|----------|    Smoke  |0.9698   |0.9744   |0.9613   |0.9678   |
7.26       |4.59      |2.68      |    Fire   |0.9860   |0.9823   |0.9749   |0.9786   |

VAL Stats
Total Loss |Smoke Loss|Fire Loss |    _______|Accuracy |Precision|Recall   |F1       |
-----------|----------|----------|    Smoke  |0.9563   |0.9570   |0.9500   |0.9535   |
11.73      |7.14      |4.59      |    Fire   |0.9759   |0.9412   |0.9873   |0.9637   |

Saving last model

***Script finished: 12:41:29

Time elapsed: 10:41:33.466478

Testing with FULL TEST LOADER
{'Accuracy': [0.9568668007850647, 0.9771381616592407], 'Precision': [0.9603146314620972, 0.9453086853027344], 'Recall': [0.9476668238639832, 0.9865550398826599], 'F1': [0.9539487957954407, 0.965491533279419]}
