BED Classifier XS Tiny. Trying to reduce it: v2. 255 Normalization. Weighted for Precision.
DFire Removed wrong images: 0
DFire empty images: 31
DFire only smoke images: 17
DFire only fire images: 2
DFire smoke and fire images: 14

TRAIN DFIRE dataset
DFire Removed wrong images: 0
DFire empty images: 7833
DFire only smoke images: 4681
DFire only fire images: 944
DFire smoke and fire images: 3763
Train dataset len: 17221

TEST DFire dataset
DFire Removed wrong images: 0
DFire empty images: 2005
DFire only smoke images: 1186
DFire only fire images: 220
DFire smoke and fire images: 895
Test dataset len: 4306
Using BED Classifier
Model shape is tensor([[ 0.3094, -0.1246],
        [ 0.3176, -0.2119],
        [ 0.2379, -0.1267],
        [ 0.4305, -0.4801]], device='cuda:0', grad_fn=<CatBackward0>)
BED Model Arquitecture
BED_CLASSIFIER(
  (model): Sequential(
    (0): Conv2d(3, 64, kernel_size=(3, 3), stride=(1, 1), padding=(1, 1), bias=False)
    (1): BatchNorm2d(64, eps=1e-05, momentum=0.1, affine=False, track_running_stats=True)
    (2): ReLU()
    (3): Dropout2d(p=0.3, inplace=False)
    (4): MaxPool2d(kernel_size=2, stride=2, padding=0, dilation=1, ceil_mode=False)
    (5): Conv2d(64, 24, kernel_size=(3, 3), stride=(1, 1), padding=(1, 1), bias=False)
    (6): BatchNorm2d(24, eps=1e-05, momentum=0.1, affine=False, track_running_stats=True)
    (7): ReLU()
    (8): Dropout2d(p=0.3, inplace=False)
    (9): MaxPool2d(kernel_size=2, stride=2, padding=0, dilation=1, ceil_mode=False)
    (10): Conv2d(24, 16, kernel_size=(1, 1), stride=(1, 1), bias=False)
    (11): BatchNorm2d(16, eps=1e-05, momentum=0.1, affine=False, track_running_stats=True)
    (12): ReLU()
    (13): Conv2d(16, 32, kernel_size=(3, 3), stride=(1, 1), padding=(1, 1), bias=False)
    (14): BatchNorm2d(32, eps=1e-05, momentum=0.1, affine=False, track_running_stats=True)
    (15): ReLU()
    (16): Conv2d(32, 16, kernel_size=(1, 1), stride=(1, 1), bias=False)
    (17): BatchNorm2d(16, eps=1e-05, momentum=0.1, affine=False, track_running_stats=True)
    (18): ReLU()
    (19): Conv2d(16, 32, kernel_size=(3, 3), stride=(1, 1), padding=(1, 1), bias=False)
    (20): BatchNorm2d(32, eps=1e-05, momentum=0.1, affine=False, track_running_stats=True)
    (21): ReLU()
    (22): MaxPool2d(kernel_size=2, stride=2, padding=0, dilation=1, ceil_mode=False)
    (23): Conv2d(32, 16, kernel_size=(1, 1), stride=(1, 1), bias=False)
    (24): BatchNorm2d(16, eps=1e-05, momentum=0.1, affine=False, track_running_stats=True)
    (25): ReLU()
    (26): Conv2d(16, 32, kernel_size=(3, 3), stride=(1, 1), padding=(1, 1), bias=False)
    (27): BatchNorm2d(32, eps=1e-05, momentum=0.1, affine=False, track_running_stats=True)
    (28): ReLU()
    (29): Conv2d(32, 16, kernel_size=(1, 1), stride=(1, 1), bias=False)
    (30): BatchNorm2d(16, eps=1e-05, momentum=0.1, affine=False, track_running_stats=True)
    (31): ReLU()
    (32): Conv2d(16, 32, kernel_size=(3, 3), stride=(1, 1), padding=(1, 1), bias=False)
    (33): BatchNorm2d(32, eps=1e-05, momentum=0.1, affine=False, track_running_stats=True)
    (34): ReLU()
    (35): Conv2d(32, 16, kernel_size=(1, 1), stride=(1, 1), bias=False)
    (36): BatchNorm2d(16, eps=1e-05, momentum=0.1, affine=False, track_running_stats=True)
    (37): ReLU()
    (38): Conv2d(16, 32, kernel_size=(3, 3), stride=(1, 1), padding=(1, 1), bias=False)
    (39): BatchNorm2d(32, eps=1e-05, momentum=0.1, affine=False, track_running_stats=True)
    (40): ReLU()
    (41): MaxPool2d(kernel_size=2, stride=2, padding=0, dilation=1, ceil_mode=False)
    (42): Conv2d(32, 16, kernel_size=(1, 1), stride=(1, 1), bias=False)
    (43): BatchNorm2d(16, eps=1e-05, momentum=0.1, affine=False, track_running_stats=True)
    (44): ReLU()
    (45): Conv2d(16, 32, kernel_size=(3, 3), stride=(1, 1), padding=(1, 1), bias=False)
    (46): BatchNorm2d(32, eps=1e-05, momentum=0.1, affine=False, track_running_stats=True)
    (47): ReLU()
    (48): Conv2d(32, 16, kernel_size=(1, 1), stride=(1, 1), bias=False)
    (49): BatchNorm2d(16, eps=1e-05, momentum=0.1, affine=False, track_running_stats=True)
    (50): ReLU()
    (51): Conv2d(16, 32, kernel_size=(3, 3), stride=(1, 1), padding=(1, 1), bias=False)
    (52): BatchNorm2d(32, eps=1e-05, momentum=0.1, affine=False, track_running_stats=True)
    (53): ReLU()
  )
  (pool): AdaptiveAvgPool2d(output_size=(1, 1))
  (smoke): Sequential(
    (0): Dropout(p=0.2, inplace=False)
    (1): Linear(in_features=32, out_features=16, bias=True)
    (2): ReLU()
    (3): Linear(in_features=16, out_features=1, bias=True)
  )
  (fire): Sequential(
    (0): Dropout(p=0.2, inplace=False)
    (1): Linear(in_features=32, out_features=16, bias=True)
    (2): ReLU()
    (3): Linear(in_features=16, out_features=1, bias=True)
  )
)

Trainable parameters = 52354
Total parameters = 52354

Starting script

Device: cuda
Learning Rate: 0.001
Weight Decay: 0.0001
Batch Size: 64
IMG DIMS: (224, 224)
W: 224
H: 224
Loss Function: BCE
Smoke Precision Weight: 0.7

***Start Training: 22:53:35

Initializing Weights

=== EPOCH 0/124 ===
Learning Rate = 0.001

TRAIN losses
Total Loss  |Smoke Loss  |Fire Loss   
------------ ------------ ------------
66.925      |36.495      |30.430      


VAL losses
Total Loss  |Smoke Loss  |Fire Loss   
------------ ------------ ------------
58.434      |35.796      |22.638      

VAL Metrics
SMOKE -> Precision: 0.000 - Recall: 0.000 - Accuracy: 0.519 - F1: 0.000
FIRE -> Precision: 0.708 - Recall: 0.652 - Accuracy: 0.840 - F1: 0.679

Saving model with new best validation loss: 58.434

=== EPOCH 1/124 ===
Learning Rate = 0.001

TRAIN losses
Total Loss  |Smoke Loss  |Fire Loss   
------------ ------------ ------------
59.178      |35.550      |23.628      


VAL losses
Total Loss  |Smoke Loss  |Fire Loss   
------------ ------------ ------------
55.610      |35.185      |20.426      

VAL Metrics
SMOKE -> Precision: 0.729 - Recall: 0.140 - Accuracy: 0.561 - F1: 0.234
FIRE -> Precision: 0.811 - Recall: 0.673 - Accuracy: 0.875 - F1: 0.736

Saving model with new best validation loss: 55.610

=== EPOCH 2/124 ===
Learning Rate = 0.001

TRAIN losses
Total Loss  |Smoke Loss  |Fire Loss   
------------ ------------ ------------
56.247      |34.961      |21.286      


VAL losses
Total Loss  |Smoke Loss  |Fire Loss   
------------ ------------ ------------
52.584      |34.267      |18.317      

VAL Metrics
SMOKE -> Precision: 0.688 - Recall: 0.325 - Accuracy: 0.604 - F1: 0.441
FIRE -> Precision: 0.784 - Recall: 0.783 - Accuracy: 0.888 - F1: 0.783

Saving model with new best validation loss: 52.584

=== EPOCH 3/124 ===
Learning Rate = 0.001

TRAIN losses
Total Loss  |Smoke Loss  |Fire Loss   
------------ ------------ ------------
54.073      |34.486      |19.587      


VAL losses
Total Loss  |Smoke Loss  |Fire Loss   
------------ ------------ ------------
50.101      |33.934      |16.167      

VAL Metrics
SMOKE -> Precision: 0.716 - Recall: 0.372 - Accuracy: 0.627 - F1: 0.490
FIRE -> Precision: 0.810 - Recall: 0.816 - Accuracy: 0.903 - F1: 0.813

Saving model with new best validation loss: 50.101

=== EPOCH 4/124 ===
Learning Rate = 0.001

TRAIN losses
Total Loss  |Smoke Loss  |Fire Loss   
------------ ------------ ------------
52.726      |33.990      |18.736      


VAL losses
Total Loss  |Smoke Loss  |Fire Loss   
------------ ------------ ------------
48.357      |32.574      |15.783      

VAL Metrics
SMOKE -> Precision: 0.828 - Recall: 0.317 - Accuracy: 0.640 - F1: 0.459
FIRE -> Precision: 0.806 - Recall: 0.817 - Accuracy: 0.902 - F1: 0.812

Saving model with new best validation loss: 48.357

=== EPOCH 5/124 ===
Learning Rate = 0.001

TRAIN losses
Total Loss  |Smoke Loss  |Fire Loss   
------------ ------------ ------------
50.927      |33.122      |17.805      


VAL losses
Total Loss  |Smoke Loss  |Fire Loss   
------------ ------------ ------------
46.866      |31.732      |15.135      

VAL Metrics
SMOKE -> Precision: 0.813 - Recall: 0.322 - Accuracy: 0.638 - F1: 0.462
FIRE -> Precision: 0.831 - Recall: 0.829 - Accuracy: 0.912 - F1: 0.830

Saving model with new best validation loss: 46.866

=== EPOCH 6/124 ===
Learning Rate = 0.001

TRAIN losses
Total Loss  |Smoke Loss  |Fire Loss   
------------ ------------ ------------
49.842      |32.550      |17.292      


VAL losses
Total Loss  |Smoke Loss  |Fire Loss   
------------ ------------ ------------
44.931      |30.894      |14.038      

VAL Metrics
SMOKE -> Precision: 0.803 - Recall: 0.420 - Accuracy: 0.671 - F1: 0.551
FIRE -> Precision: 0.844 - Recall: 0.842 - Accuracy: 0.919 - F1: 0.843

Saving model with new best validation loss: 44.931

=== EPOCH 7/124 ===
Learning Rate = 0.001

TRAIN losses
Total Loss  |Smoke Loss  |Fire Loss   
------------ ------------ ------------
48.364      |31.828      |16.536      


VAL losses
Total Loss  |Smoke Loss  |Fire Loss   
------------ ------------ ------------
43.597      |30.302      |13.295      

VAL Metrics
SMOKE -> Precision: 0.783 - Recall: 0.529 - Accuracy: 0.703 - F1: 0.631
FIRE -> Precision: 0.851 - Recall: 0.861 - Accuracy: 0.925 - F1: 0.856

Saving model with new best validation loss: 43.597

=== EPOCH 8/124 ===
Learning Rate = 0.001

TRAIN losses
Total Loss  |Smoke Loss  |Fire Loss   
------------ ------------ ------------
47.561      |31.387      |16.174      


VAL losses
Total Loss  |Smoke Loss  |Fire Loss   
------------ ------------ ------------
42.872      |29.540      |13.332      

VAL Metrics
SMOKE -> Precision: 0.811 - Recall: 0.497 - Accuracy: 0.702 - F1: 0.616
FIRE -> Precision: 0.836 - Recall: 0.864 - Accuracy: 0.921 - F1: 0.850

Saving model with new best validation loss: 42.872

=== EPOCH 9/124 ===
Learning Rate = 0.001

TRAIN losses
Total Loss  |Smoke Loss  |Fire Loss   
------------ ------------ ------------
46.622      |30.946      |15.676      


VAL losses
Total Loss  |Smoke Loss  |Fire Loss   
------------ ------------ ------------
41.263      |28.652      |12.611      

VAL Metrics
SMOKE -> Precision: 0.810 - Recall: 0.533 - Accuracy: 0.715 - F1: 0.643
FIRE -> Precision: 0.877 - Recall: 0.839 - Accuracy: 0.928 - F1: 0.857

Saving model with new best validation loss: 41.263

=== EPOCH 10/124 ===
Learning Rate = 0.001

TRAIN losses
Total Loss  |Smoke Loss  |Fire Loss   
------------ ------------ ------------
46.158      |30.562      |15.596      


VAL losses
Total Loss  |Smoke Loss  |Fire Loss   
------------ ------------ ------------
40.322      |28.118      |12.205      

VAL Metrics
SMOKE -> Precision: 0.786 - Recall: 0.636 - Accuracy: 0.741 - F1: 0.703
FIRE -> Precision: 0.868 - Recall: 0.857 - Accuracy: 0.929 - F1: 0.863

Saving model with new best validation loss: 40.322

=== EPOCH 11/124 ===
Learning Rate = 0.001

TRAIN losses
Total Loss  |Smoke Loss  |Fire Loss   
------------ ------------ ------------
45.023      |29.966      |15.057      


VAL losses
Total Loss  |Smoke Loss  |Fire Loss   
------------ ------------ ------------
39.639      |27.286      |12.354      

VAL Metrics
SMOKE -> Precision: 0.807 - Recall: 0.545 - Accuracy: 0.719 - F1: 0.651
FIRE -> Precision: 0.870 - Recall: 0.851 - Accuracy: 0.929 - F1: 0.861

Saving model with new best validation loss: 39.639

=== EPOCH 12/124 ===
Learning Rate = 0.001

TRAIN losses
Total Loss  |Smoke Loss  |Fire Loss   
------------ ------------ ------------
44.331      |29.608      |14.723      


VAL losses
Total Loss  |Smoke Loss  |Fire Loss   
------------ ------------ ------------
38.915      |27.035      |11.880      

VAL Metrics
SMOKE -> Precision: 0.818 - Recall: 0.590 - Accuracy: 0.740 - F1: 0.686
FIRE -> Precision: 0.902 - Recall: 0.823 - Accuracy: 0.931 - F1: 0.861

Saving model with new best validation loss: 38.915

=== EPOCH 13/124 ===
Learning Rate = 0.001

TRAIN losses
Total Loss  |Smoke Loss  |Fire Loss   
------------ ------------ ------------
43.839      |29.436      |14.403      


VAL losses
Total Loss  |Smoke Loss  |Fire Loss   
------------ ------------ ------------
39.115      |27.341      |11.774      

VAL Metrics
SMOKE -> Precision: 0.749 - Recall: 0.732 - Accuracy: 0.753 - F1: 0.740
FIRE -> Precision: 0.866 - Recall: 0.862 - Accuracy: 0.930 - F1: 0.864

=== EPOCH 14/124 ===
Learning Rate = 0.001

TRAIN losses
Total Loss  |Smoke Loss  |Fire Loss   
------------ ------------ ------------
43.238      |29.016      |14.222      


VAL losses
Total Loss  |Smoke Loss  |Fire Loss   
------------ ------------ ------------
38.455      |26.521      |11.934      

VAL Metrics
SMOKE -> Precision: 0.837 - Recall: 0.571 - Accuracy: 0.740 - F1: 0.679
FIRE -> Precision: 0.897 - Recall: 0.818 - Accuracy: 0.929 - F1: 0.856

Saving model with new best validation loss: 38.455

=== EPOCH 15/124 ===
Learning Rate = 0.001

TRAIN losses
Total Loss  |Smoke Loss  |Fire Loss   
------------ ------------ ------------
42.665      |28.677      |13.988      


VAL losses
Total Loss  |Smoke Loss  |Fire Loss   
------------ ------------ ------------
37.473      |26.535      |10.939      

VAL Metrics
SMOKE -> Precision: 0.809 - Recall: 0.564 - Accuracy: 0.726 - F1: 0.664
FIRE -> Precision: 0.855 - Recall: 0.893 - Accuracy: 0.933 - F1: 0.874

Saving model with new best validation loss: 37.473

=== EPOCH 16/124 ===
Learning Rate = 0.001

TRAIN losses
Total Loss  |Smoke Loss  |Fire Loss   
------------ ------------ ------------
42.096      |28.386      |13.711      


VAL losses
Total Loss  |Smoke Loss  |Fire Loss   
------------ ------------ ------------
37.005      |25.855      |11.151      

VAL Metrics
SMOKE -> Precision: 0.826 - Recall: 0.561 - Accuracy: 0.732 - F1: 0.668
FIRE -> Precision: 0.838 - Recall: 0.906 - Accuracy: 0.930 - F1: 0.871

Saving model with new best validation loss: 37.005

=== EPOCH 17/124 ===
Learning Rate = 0.001

TRAIN losses
Total Loss  |Smoke Loss  |Fire Loss   
------------ ------------ ------------
41.865      |27.899      |13.965      


VAL losses
Total Loss  |Smoke Loss  |Fire Loss   
------------ ------------ ------------
36.944      |25.929      |11.014      

VAL Metrics
SMOKE -> Precision: 0.777 - Recall: 0.744 - Accuracy: 0.774 - F1: 0.760
FIRE -> Precision: 0.866 - Recall: 0.895 - Accuracy: 0.937 - F1: 0.880

Saving model with new best validation loss: 36.944

=== EPOCH 18/124 ===
Learning Rate = 0.001

TRAIN losses
Total Loss  |Smoke Loss  |Fire Loss   
------------ ------------ ------------
40.982      |27.899      |13.083      


VAL losses
Total Loss  |Smoke Loss  |Fire Loss   
------------ ------------ ------------
35.451      |24.699      |10.752      

VAL Metrics
SMOKE -> Precision: 0.810 - Recall: 0.721 - Accuracy: 0.785 - F1: 0.763
FIRE -> Precision: 0.913 - Recall: 0.831 - Accuracy: 0.936 - F1: 0.870

Saving model with new best validation loss: 35.451

=== EPOCH 19/124 ===
Learning Rate = 0.001

TRAIN losses
Total Loss  |Smoke Loss  |Fire Loss   
------------ ------------ ------------
40.767      |27.766      |13.000      


VAL losses
Total Loss  |Smoke Loss  |Fire Loss   
------------ ------------ ------------
35.869      |24.864      |11.005      

VAL Metrics
SMOKE -> Precision: 0.826 - Recall: 0.647 - Accuracy: 0.765 - F1: 0.726
FIRE -> Precision: 0.864 - Recall: 0.896 - Accuracy: 0.937 - F1: 0.880

=== EPOCH 20/124 ===
Learning Rate = 0.001

TRAIN losses
Total Loss  |Smoke Loss  |Fire Loss   
------------ ------------ ------------
40.361      |27.434      |12.927      


VAL losses
Total Loss  |Smoke Loss  |Fire Loss   
------------ ------------ ------------
35.250      |24.469      |10.781      

VAL Metrics
SMOKE -> Precision: 0.799 - Recall: 0.748 - Accuracy: 0.788 - F1: 0.772
FIRE -> Precision: 0.862 - Recall: 0.898 - Accuracy: 0.937 - F1: 0.880

Saving model with new best validation loss: 35.250

=== EPOCH 21/124 ===
Learning Rate = 0.001

TRAIN losses
Total Loss  |Smoke Loss  |Fire Loss   
------------ ------------ ------------
40.338      |27.253      |13.084      


VAL losses
Total Loss  |Smoke Loss  |Fire Loss   
------------ ------------ ------------
33.996      |23.844      |10.153      

VAL Metrics
SMOKE -> Precision: 0.849 - Recall: 0.648 - Accuracy: 0.775 - F1: 0.735
FIRE -> Precision: 0.895 - Recall: 0.872 - Accuracy: 0.940 - F1: 0.883

Saving model with new best validation loss: 33.996

=== EPOCH 22/124 ===
Learning Rate = 0.001

TRAIN losses
Total Loss  |Smoke Loss  |Fire Loss   
------------ ------------ ------------
40.313      |27.241      |13.072      


VAL losses
Total Loss  |Smoke Loss  |Fire Loss   
------------ ------------ ------------
35.122      |24.229      |10.893      

VAL Metrics
SMOKE -> Precision: 0.870 - Recall: 0.569 - Accuracy: 0.751 - F1: 0.688
FIRE -> Precision: 0.938 - Recall: 0.814 - Accuracy: 0.938 - F1: 0.871

=== EPOCH 23/124 ===
Learning Rate = 0.001

TRAIN losses
Total Loss  |Smoke Loss  |Fire Loss   
------------ ------------ ------------
39.491      |26.746      |12.745      


VAL losses
Total Loss  |Smoke Loss  |Fire Loss   
------------ ------------ ------------
34.221      |23.281      |10.940      

VAL Metrics
SMOKE -> Precision: 0.842 - Recall: 0.705 - Accuracy: 0.794 - F1: 0.767
FIRE -> Precision: 0.941 - Recall: 0.816 - Accuracy: 0.939 - F1: 0.874

=== EPOCH 24/124 ===
Learning Rate = 0.001

TRAIN losses
Total Loss  |Smoke Loss  |Fire Loss   
------------ ------------ ------------
39.006      |26.468      |12.538      


VAL losses
Total Loss  |Smoke Loss  |Fire Loss   
------------ ------------ ------------
33.489      |23.300      |10.189      

VAL Metrics
SMOKE -> Precision: 0.801 - Recall: 0.820 - Accuracy: 0.815 - F1: 0.810
FIRE -> Precision: 0.864 - Recall: 0.910 - Accuracy: 0.940 - F1: 0.886

Saving model with new best validation loss: 33.489

=== EPOCH 25/124 ===
Learning Rate = 0.001

TRAIN losses
Total Loss  |Smoke Loss  |Fire Loss   
------------ ------------ ------------
38.708      |26.264      |12.444      


VAL losses
Total Loss  |Smoke Loss  |Fire Loss   
------------ ------------ ------------
32.039      |22.251      |9.788       

VAL Metrics
SMOKE -> Precision: 0.855 - Recall: 0.680 - Accuracy: 0.791 - F1: 0.758
FIRE -> Precision: 0.911 - Recall: 0.877 - Accuracy: 0.946 - F1: 0.893

Saving model with new best validation loss: 32.039

=== EPOCH 26/124 ===
Learning Rate = 0.001

TRAIN losses
Total Loss  |Smoke Loss  |Fire Loss   
------------ ------------ ------------
38.797      |26.082      |12.715      


VAL losses
Total Loss  |Smoke Loss  |Fire Loss   
------------ ------------ ------------
32.807      |22.603      |10.204      

VAL Metrics
SMOKE -> Precision: 0.842 - Recall: 0.718 - Accuracy: 0.799 - F1: 0.775
FIRE -> Precision: 0.894 - Recall: 0.886 - Accuracy: 0.943 - F1: 0.890

=== EPOCH 27/124 ===
Learning Rate = 0.001

TRAIN losses
Total Loss  |Smoke Loss  |Fire Loss   
------------ ------------ ------------
38.484      |25.826      |12.658      


VAL losses
Total Loss  |Smoke Loss  |Fire Loss   
------------ ------------ ------------
32.444      |22.284      |10.159      

VAL Metrics
SMOKE -> Precision: 0.843 - Recall: 0.727 - Accuracy: 0.803 - F1: 0.781
FIRE -> Precision: 0.887 - Recall: 0.884 - Accuracy: 0.941 - F1: 0.885

=== EPOCH 28/124 ===
Learning Rate = 0.001

TRAIN losses
Total Loss  |Smoke Loss  |Fire Loss   
------------ ------------ ------------
38.092      |25.821      |12.272      


VAL losses
Total Loss  |Smoke Loss  |Fire Loss   
------------ ------------ ------------
32.258      |22.572      |9.686       

VAL Metrics
SMOKE -> Precision: 0.858 - Recall: 0.659 - Accuracy: 0.784 - F1: 0.745
FIRE -> Precision: 0.896 - Recall: 0.885 - Accuracy: 0.944 - F1: 0.890

=== EPOCH 29/124 ===
Learning Rate = 0.0008

TRAIN losses
Total Loss  |Smoke Loss  |Fire Loss   
------------ ------------ ------------
36.907      |24.951      |11.955      


VAL losses
Total Loss  |Smoke Loss  |Fire Loss   
------------ ------------ ------------
31.680      |21.316      |10.364      

VAL Metrics
SMOKE -> Precision: 0.876 - Recall: 0.707 - Accuracy: 0.811 - F1: 0.783
FIRE -> Precision: 0.934 - Recall: 0.821 - Accuracy: 0.939 - F1: 0.874

Saving model with new best validation loss: 31.680

=== EPOCH 30/124 ===
Learning Rate = 0.0008

TRAIN losses
Total Loss  |Smoke Loss  |Fire Loss   
------------ ------------ ------------
36.974      |24.990      |11.984      


VAL losses
Total Loss  |Smoke Loss  |Fire Loss   
------------ ------------ ------------
30.741      |21.401      |9.341       

VAL Metrics
SMOKE -> Precision: 0.850 - Recall: 0.742 - Accuracy: 0.813 - F1: 0.792
FIRE -> Precision: 0.896 - Recall: 0.889 - Accuracy: 0.945 - F1: 0.893

Saving model with new best validation loss: 30.741

=== EPOCH 31/124 ===
Learning Rate = 0.0008

TRAIN losses
Total Loss  |Smoke Loss  |Fire Loss   
------------ ------------ ------------
37.034      |25.331      |11.702      


VAL losses
Total Loss  |Smoke Loss  |Fire Loss   
------------ ------------ ------------
29.868      |20.717      |9.151       

VAL Metrics
SMOKE -> Precision: 0.860 - Recall: 0.758 - Accuracy: 0.824 - F1: 0.805
FIRE -> Precision: 0.909 - Recall: 0.897 - Accuracy: 0.950 - F1: 0.903

Saving model with new best validation loss: 29.868

=== EPOCH 32/124 ===
Learning Rate = 0.0008

TRAIN losses
Total Loss  |Smoke Loss  |Fire Loss   
------------ ------------ ------------
36.408      |24.779      |11.630      


VAL losses
Total Loss  |Smoke Loss  |Fire Loss   
------------ ------------ ------------
31.048      |21.337      |9.711       

VAL Metrics
SMOKE -> Precision: 0.848 - Recall: 0.749 - Accuracy: 0.814 - F1: 0.795
FIRE -> Precision: 0.939 - Recall: 0.849 - Accuracy: 0.947 - F1: 0.892

=== EPOCH 33/124 ===
Learning Rate = 0.0008

TRAIN losses
Total Loss  |Smoke Loss  |Fire Loss   
------------ ------------ ------------
36.211      |24.677      |11.533      


VAL losses
Total Loss  |Smoke Loss  |Fire Loss   
------------ ------------ ------------
30.107      |21.006      |9.101       

VAL Metrics
SMOKE -> Precision: 0.853 - Recall: 0.762 - Accuracy: 0.823 - F1: 0.805
FIRE -> Precision: 0.925 - Recall: 0.883 - Accuracy: 0.951 - F1: 0.903

=== EPOCH 34/124 ===
Learning Rate = 0.0008

TRAIN losses
Total Loss  |Smoke Loss  |Fire Loss   
------------ ------------ ------------
36.014      |24.487      |11.527      


VAL losses
Total Loss  |Smoke Loss  |Fire Loss   
------------ ------------ ------------
31.715      |21.714      |10.001      

VAL Metrics
SMOKE -> Precision: 0.878 - Recall: 0.641 - Accuracy: 0.785 - F1: 0.741
FIRE -> Precision: 0.937 - Recall: 0.835 - Accuracy: 0.943 - F1: 0.883

=== EPOCH 35/124 ===
Learning Rate = 0.00064

TRAIN losses
Total Loss  |Smoke Loss  |Fire Loss   
------------ ------------ ------------
35.420      |24.033      |11.388      


VAL losses
Total Loss  |Smoke Loss  |Fire Loss   
------------ ------------ ------------
29.976      |20.767      |9.208       

VAL Metrics
SMOKE -> Precision: 0.855 - Recall: 0.749 - Accuracy: 0.818 - F1: 0.798
FIRE -> Precision: 0.919 - Recall: 0.879 - Accuracy: 0.949 - F1: 0.899

=== EPOCH 36/124 ===
Learning Rate = 0.00064

TRAIN losses
Total Loss  |Smoke Loss  |Fire Loss   
------------ ------------ ------------
35.149      |23.796      |11.353      


VAL losses
Total Loss  |Smoke Loss  |Fire Loss   
------------ ------------ ------------
29.638      |20.098      |9.539       

VAL Metrics
SMOKE -> Precision: 0.858 - Recall: 0.796 - Accuracy: 0.839 - F1: 0.826
FIRE -> Precision: 0.933 - Recall: 0.869 - Accuracy: 0.950 - F1: 0.900

Saving model with new best validation loss: 29.638

=== EPOCH 37/124 ===
Learning Rate = 0.00064

TRAIN losses
Total Loss  |Smoke Loss  |Fire Loss   
------------ ------------ ------------
34.959      |23.672      |11.288      


VAL losses
Total Loss  |Smoke Loss  |Fire Loss   
------------ ------------ ------------
29.755      |20.515      |9.240       

VAL Metrics
SMOKE -> Precision: 0.827 - Recall: 0.810 - Accuracy: 0.827 - F1: 0.819
FIRE -> Precision: 0.881 - Recall: 0.916 - Accuracy: 0.946 - F1: 0.898

=== EPOCH 38/124 ===
Learning Rate = 0.00064

TRAIN losses
Total Loss  |Smoke Loss  |Fire Loss   
------------ ------------ ------------
34.987      |23.742      |11.245      


VAL losses
Total Loss  |Smoke Loss  |Fire Loss   
------------ ------------ ------------
28.934      |19.890      |9.044       

VAL Metrics
SMOKE -> Precision: 0.821 - Recall: 0.857 - Accuracy: 0.841 - F1: 0.839
FIRE -> Precision: 0.910 - Recall: 0.897 - Accuracy: 0.951 - F1: 0.904

Saving model with new best validation loss: 28.934

=== EPOCH 39/124 ===
Learning Rate = 0.00064

TRAIN losses
Total Loss  |Smoke Loss  |Fire Loss   
------------ ------------ ------------
34.663      |23.546      |11.117      


VAL losses
Total Loss  |Smoke Loss  |Fire Loss   
------------ ------------ ------------
29.017      |19.651      |9.366       

VAL Metrics
SMOKE -> Precision: 0.867 - Recall: 0.789 - Accuracy: 0.840 - F1: 0.826
FIRE -> Precision: 0.939 - Recall: 0.867 - Accuracy: 0.951 - F1: 0.901

=== EPOCH 40/124 ===
Learning Rate = 0.00064

TRAIN losses
Total Loss  |Smoke Loss  |Fire Loss   
------------ ------------ ------------
34.681      |23.564      |11.117      


VAL losses
Total Loss  |Smoke Loss  |Fire Loss   
------------ ------------ ------------
28.893      |19.771      |9.122       

VAL Metrics
SMOKE -> Precision: 0.830 - Recall: 0.852 - Accuracy: 0.845 - F1: 0.841
FIRE -> Precision: 0.897 - Recall: 0.903 - Accuracy: 0.948 - F1: 0.900

Saving model with new best validation loss: 28.893

=== EPOCH 41/124 ===
Learning Rate = 0.00064

TRAIN losses
Total Loss  |Smoke Loss  |Fire Loss   
------------ ------------ ------------
34.263      |23.243      |11.020      


VAL losses
Total Loss  |Smoke Loss  |Fire Loss   
------------ ------------ ------------
30.801      |21.501      |9.300       

VAL Metrics
SMOKE -> Precision: 0.902 - Recall: 0.649 - Accuracy: 0.797 - F1: 0.755
FIRE -> Precision: 0.944 - Recall: 0.864 - Accuracy: 0.951 - F1: 0.902

=== EPOCH 42/124 ===
Learning Rate = 0.00064

TRAIN losses
Total Loss  |Smoke Loss  |Fire Loss   
------------ ------------ ------------
34.030      |22.927      |11.103      


VAL losses
Total Loss  |Smoke Loss  |Fire Loss   
------------ ------------ ------------
30.446      |19.966      |10.480      

VAL Metrics
SMOKE -> Precision: 0.868 - Recall: 0.804 - Accuracy: 0.847 - F1: 0.835
FIRE -> Precision: 0.945 - Recall: 0.808 - Accuracy: 0.938 - F1: 0.871

=== EPOCH 43/124 ===
Learning Rate = 0.00064

TRAIN losses
Total Loss  |Smoke Loss  |Fire Loss   
------------ ------------ ------------
33.949      |23.271      |10.678      


VAL losses
Total Loss  |Smoke Loss  |Fire Loss   
------------ ------------ ------------
28.211      |19.319      |8.891       

VAL Metrics
SMOKE -> Precision: 0.865 - Recall: 0.798 - Accuracy: 0.843 - F1: 0.830
FIRE -> Precision: 0.889 - Recall: 0.906 - Accuracy: 0.947 - F1: 0.898

Saving model with new best validation loss: 28.211

=== EPOCH 44/124 ===
Learning Rate = 0.00064

TRAIN losses
Total Loss  |Smoke Loss  |Fire Loss   
------------ ------------ ------------
33.788      |23.063      |10.726      


VAL losses
Total Loss  |Smoke Loss  |Fire Loss   
------------ ------------ ------------
28.882      |19.872      |9.010       

VAL Metrics
SMOKE -> Precision: 0.852 - Recall: 0.792 - Accuracy: 0.834 - F1: 0.821
FIRE -> Precision: 0.913 - Recall: 0.893 - Accuracy: 0.950 - F1: 0.903

=== EPOCH 45/124 ===
Learning Rate = 0.00064

TRAIN losses
Total Loss  |Smoke Loss  |Fire Loss   
------------ ------------ ------------
33.764      |23.061      |10.703      


VAL losses
Total Loss  |Smoke Loss  |Fire Loss   
------------ ------------ ------------
27.943      |19.067      |8.876       

VAL Metrics
SMOKE -> Precision: 0.856 - Recall: 0.827 - Accuracy: 0.850 - F1: 0.841
FIRE -> Precision: 0.885 - Recall: 0.912 - Accuracy: 0.946 - F1: 0.898

Saving model with new best validation loss: 27.943

=== EPOCH 46/124 ===
Learning Rate = 0.00064

TRAIN losses
Total Loss  |Smoke Loss  |Fire Loss   
------------ ------------ ------------
34.294      |23.216      |11.078      


VAL losses
Total Loss  |Smoke Loss  |Fire Loss   
------------ ------------ ------------
28.938      |19.753      |9.186       

VAL Metrics
SMOKE -> Precision: 0.899 - Recall: 0.697 - Accuracy: 0.817 - F1: 0.785
FIRE -> Precision: 0.938 - Recall: 0.874 - Accuracy: 0.952 - F1: 0.905

=== EPOCH 47/124 ===
Learning Rate = 0.00064

TRAIN losses
Total Loss  |Smoke Loss  |Fire Loss   
------------ ------------ ------------
33.643      |22.849      |10.794      


VAL losses
Total Loss  |Smoke Loss  |Fire Loss   
------------ ------------ ------------
28.952      |19.427      |9.525       

VAL Metrics
SMOKE -> Precision: 0.885 - Recall: 0.734 - Accuracy: 0.826 - F1: 0.803
FIRE -> Precision: 0.944 - Recall: 0.848 - Accuracy: 0.948 - F1: 0.893

=== EPOCH 48/124 ===
Learning Rate = 0.00064

TRAIN losses
Total Loss  |Smoke Loss  |Fire Loss   
------------ ------------ ------------
33.171      |22.846      |10.325      


VAL losses
Total Loss  |Smoke Loss  |Fire Loss   
------------ ------------ ------------
29.139      |20.448      |8.691       

VAL Metrics
SMOKE -> Precision: 0.881 - Recall: 0.705 - Accuracy: 0.812 - F1: 0.783
FIRE -> Precision: 0.909 - Recall: 0.905 - Accuracy: 0.952 - F1: 0.907

=== EPOCH 49/124 ===
Learning Rate = 0.0005120000000000001

TRAIN losses
Total Loss  |Smoke Loss  |Fire Loss   
------------ ------------ ------------
33.250      |22.470      |10.780      


VAL losses
Total Loss  |Smoke Loss  |Fire Loss   
------------ ------------ ------------
27.407      |18.832      |8.575       

VAL Metrics
SMOKE -> Precision: 0.888 - Recall: 0.766 - Accuracy: 0.841 - F1: 0.823
FIRE -> Precision: 0.914 - Recall: 0.898 - Accuracy: 0.952 - F1: 0.906

Saving model with new best validation loss: 27.407

=== EPOCH 50/124 ===
Learning Rate = 0.0005120000000000001

TRAIN losses
Total Loss  |Smoke Loss  |Fire Loss   
------------ ------------ ------------
33.189      |22.417      |10.771      


VAL losses
Total Loss  |Smoke Loss  |Fire Loss   
------------ ------------ ------------
28.022      |19.229      |8.793       

VAL Metrics
SMOKE -> Precision: 0.910 - Recall: 0.699 - Accuracy: 0.822 - F1: 0.791
FIRE -> Precision: 0.951 - Recall: 0.868 - Accuracy: 0.954 - F1: 0.907

=== EPOCH 51/124 ===
Learning Rate = 0.0005120000000000001

TRAIN losses
Total Loss  |Smoke Loss  |Fire Loss   
------------ ------------ ------------
33.206      |22.453      |10.753      


VAL losses
Total Loss  |Smoke Loss  |Fire Loss   
------------ ------------ ------------
27.718      |18.862      |8.856       

VAL Metrics
SMOKE -> Precision: 0.886 - Recall: 0.778 - Accuracy: 0.845 - F1: 0.828
FIRE -> Precision: 0.902 - Recall: 0.900 - Accuracy: 0.949 - F1: 0.901

=== EPOCH 52/124 ===
Learning Rate = 0.0005120000000000001

TRAIN losses
Total Loss  |Smoke Loss  |Fire Loss   
------------ ------------ ------------
32.707      |22.214      |10.493      


VAL losses
Total Loss  |Smoke Loss  |Fire Loss   
------------ ------------ ------------
27.052      |18.384      |8.669       

VAL Metrics
SMOKE -> Precision: 0.867 - Recall: 0.809 - Accuracy: 0.848 - F1: 0.837
FIRE -> Precision: 0.924 - Recall: 0.892 - Accuracy: 0.953 - F1: 0.907

Saving model with new best validation loss: 27.052

=== EPOCH 53/124 ===
Learning Rate = 0.0005120000000000001

TRAIN losses
Total Loss  |Smoke Loss  |Fire Loss   
------------ ------------ ------------
32.373      |21.976      |10.397      


VAL losses
Total Loss  |Smoke Loss  |Fire Loss   
------------ ------------ ------------
27.193      |18.610      |8.583       

VAL Metrics
SMOKE -> Precision: 0.869 - Recall: 0.803 - Accuracy: 0.847 - F1: 0.835
FIRE -> Precision: 0.903 - Recall: 0.909 - Accuracy: 0.951 - F1: 0.906

=== EPOCH 54/124 ===
Learning Rate = 0.0005120000000000001

TRAIN losses
Total Loss  |Smoke Loss  |Fire Loss   
------------ ------------ ------------
32.680      |22.037      |10.643      


VAL losses
Total Loss  |Smoke Loss  |Fire Loss   
------------ ------------ ------------
27.293      |18.662      |8.630       

VAL Metrics
SMOKE -> Precision: 0.866 - Recall: 0.809 - Accuracy: 0.848 - F1: 0.837
FIRE -> Precision: 0.889 - Recall: 0.913 - Accuracy: 0.948 - F1: 0.901

=== EPOCH 55/124 ===
Learning Rate = 0.0005120000000000001

TRAIN losses
Total Loss  |Smoke Loss  |Fire Loss   
------------ ------------ ------------
32.230      |21.882      |10.348      


VAL losses
Total Loss  |Smoke Loss  |Fire Loss   
------------ ------------ ------------
27.513      |18.983      |8.529       

VAL Metrics
SMOKE -> Precision: 0.903 - Recall: 0.728 - Accuracy: 0.831 - F1: 0.806
FIRE -> Precision: 0.924 - Recall: 0.890 - Accuracy: 0.953 - F1: 0.907

=== EPOCH 56/124 ===
Learning Rate = 0.0004096000000000001

TRAIN losses
Total Loss  |Smoke Loss  |Fire Loss   
------------ ------------ ------------
31.855      |21.631      |10.224      


VAL losses
Total Loss  |Smoke Loss  |Fire Loss   
------------ ------------ ------------
26.570      |18.041      |8.529       

VAL Metrics
SMOKE -> Precision: 0.900 - Recall: 0.775 - Accuracy: 0.851 - F1: 0.833
FIRE -> Precision: 0.925 - Recall: 0.888 - Accuracy: 0.952 - F1: 0.906

Saving model with new best validation loss: 26.570

=== EPOCH 57/124 ===
Learning Rate = 0.0004096000000000001

TRAIN losses
Total Loss  |Smoke Loss  |Fire Loss   
------------ ------------ ------------
31.970      |21.585      |10.385      


VAL losses
Total Loss  |Smoke Loss  |Fire Loss   
------------ ------------ ------------
26.130      |17.665      |8.465       

VAL Metrics
SMOKE -> Precision: 0.873 - Recall: 0.837 - Accuracy: 0.863 - F1: 0.855
FIRE -> Precision: 0.906 - Recall: 0.905 - Accuracy: 0.951 - F1: 0.906

Saving model with new best validation loss: 26.130

=== EPOCH 58/124 ===
Learning Rate = 0.0004096000000000001

TRAIN losses
Total Loss  |Smoke Loss  |Fire Loss   
------------ ------------ ------------
32.184      |21.777      |10.406      


VAL losses
Total Loss  |Smoke Loss  |Fire Loss   
------------ ------------ ------------
26.537      |17.824      |8.713       

VAL Metrics
SMOKE -> Precision: 0.906 - Recall: 0.766 - Accuracy: 0.849 - F1: 0.830
FIRE -> Precision: 0.941 - Recall: 0.868 - Accuracy: 0.952 - F1: 0.903

=== EPOCH 59/124 ===
Learning Rate = 0.0004096000000000001

TRAIN losses
Total Loss  |Smoke Loss  |Fire Loss   
------------ ------------ ------------
31.695      |21.559      |10.135      


VAL losses
Total Loss  |Smoke Loss  |Fire Loss   
------------ ------------ ------------
27.033      |18.577      |8.456       

VAL Metrics
SMOKE -> Precision: 0.898 - Recall: 0.734 - Accuracy: 0.832 - F1: 0.808
FIRE -> Precision: 0.913 - Recall: 0.902 - Accuracy: 0.952 - F1: 0.908

=== EPOCH 60/124 ===
Learning Rate = 0.0004096000000000001

TRAIN losses
Total Loss  |Smoke Loss  |Fire Loss   
------------ ------------ ------------
31.693      |21.378      |10.315      


VAL losses
Total Loss  |Smoke Loss  |Fire Loss   
------------ ------------ ------------
27.100      |18.642      |8.458       

VAL Metrics
SMOKE -> Precision: 0.912 - Recall: 0.709 - Accuracy: 0.827 - F1: 0.798
FIRE -> Precision: 0.934 - Recall: 0.886 - Accuracy: 0.955 - F1: 0.910

=== EPOCH 61/124 ===
Learning Rate = 0.0003276800000000001

TRAIN losses
Total Loss  |Smoke Loss  |Fire Loss   
------------ ------------ ------------
31.704      |21.504      |10.199      


VAL losses
Total Loss  |Smoke Loss  |Fire Loss   
------------ ------------ ------------
25.386      |17.157      |8.228       

VAL Metrics
SMOKE -> Precision: 0.892 - Recall: 0.829 - Accuracy: 0.869 - F1: 0.859
FIRE -> Precision: 0.936 - Recall: 0.886 - Accuracy: 0.955 - F1: 0.910

Saving model with new best validation loss: 25.386

=== EPOCH 62/124 ===
Learning Rate = 0.0003276800000000001

TRAIN losses
Total Loss  |Smoke Loss  |Fire Loss   
------------ ------------ ------------
31.254      |21.462      |9.792       


VAL losses
Total Loss  |Smoke Loss  |Fire Loss   
------------ ------------ ------------
25.988      |17.784      |8.204       

VAL Metrics
SMOKE -> Precision: 0.903 - Recall: 0.765 - Accuracy: 0.848 - F1: 0.829
FIRE -> Precision: 0.909 - Recall: 0.904 - Accuracy: 0.952 - F1: 0.906

=== EPOCH 63/124 ===
Learning Rate = 0.0003276800000000001

TRAIN losses
Total Loss  |Smoke Loss  |Fire Loss   
------------ ------------ ------------
31.082      |21.006      |10.076      


VAL losses
Total Loss  |Smoke Loss  |Fire Loss   
------------ ------------ ------------
24.925      |16.740      |8.185       

VAL Metrics
SMOKE -> Precision: 0.885 - Recall: 0.842 - Accuracy: 0.871 - F1: 0.863
FIRE -> Precision: 0.913 - Recall: 0.905 - Accuracy: 0.953 - F1: 0.909

Saving model with new best validation loss: 24.925

=== EPOCH 64/124 ===
Learning Rate = 0.0003276800000000001

TRAIN losses
Total Loss  |Smoke Loss  |Fire Loss   
------------ ------------ ------------
31.505      |21.275      |10.230      


VAL losses
Total Loss  |Smoke Loss  |Fire Loss   
------------ ------------ ------------
25.789      |17.582      |8.208       

VAL Metrics
SMOKE -> Precision: 0.906 - Recall: 0.762 - Accuracy: 0.847 - F1: 0.828
FIRE -> Precision: 0.937 - Recall: 0.893 - Accuracy: 0.957 - F1: 0.914

=== EPOCH 65/124 ===
Learning Rate = 0.0003276800000000001

TRAIN losses
Total Loss  |Smoke Loss  |Fire Loss   
------------ ------------ ------------
31.482      |21.299      |10.183      


VAL losses
Total Loss  |Smoke Loss  |Fire Loss   
------------ ------------ ------------
25.025      |16.881      |8.144       

VAL Metrics
SMOKE -> Precision: 0.902 - Recall: 0.814 - Accuracy: 0.868 - F1: 0.856
FIRE -> Precision: 0.914 - Recall: 0.904 - Accuracy: 0.953 - F1: 0.909

=== EPOCH 66/124 ===
Learning Rate = 0.0003276800000000001

TRAIN losses
Total Loss  |Smoke Loss  |Fire Loss   
------------ ------------ ------------
30.911      |20.975      |9.936       


VAL losses
Total Loss  |Smoke Loss  |Fire Loss   
------------ ------------ ------------
25.131      |16.934      |8.197       

VAL Metrics
SMOKE -> Precision: 0.868 - Recall: 0.872 - Accuracy: 0.875 - F1: 0.870
FIRE -> Precision: 0.913 - Recall: 0.904 - Accuracy: 0.953 - F1: 0.908

=== EPOCH 67/124 ===
Learning Rate = 0.0002621440000000001

TRAIN losses
Total Loss  |Smoke Loss  |Fire Loss   
------------ ------------ ------------
30.813      |21.018      |9.795       


VAL losses
Total Loss  |Smoke Loss  |Fire Loss   
------------ ------------ ------------
24.895      |16.765      |8.130       

VAL Metrics
SMOKE -> Precision: 0.898 - Recall: 0.810 - Accuracy: 0.865 - F1: 0.852
FIRE -> Precision: 0.928 - Recall: 0.900 - Accuracy: 0.956 - F1: 0.914

Saving model with new best validation loss: 24.895

=== EPOCH 68/124 ===
Learning Rate = 0.0002621440000000001

TRAIN losses
Total Loss  |Smoke Loss  |Fire Loss   
------------ ------------ ------------
30.697      |20.636      |10.061      


VAL losses
Total Loss  |Smoke Loss  |Fire Loss   
------------ ------------ ------------
24.944      |16.774      |8.170       

VAL Metrics
SMOKE -> Precision: 0.897 - Recall: 0.826 - Accuracy: 0.871 - F1: 0.860
FIRE -> Precision: 0.913 - Recall: 0.904 - Accuracy: 0.953 - F1: 0.908

=== EPOCH 69/124 ===
Learning Rate = 0.0002621440000000001

TRAIN losses
Total Loss  |Smoke Loss  |Fire Loss   
------------ ------------ ------------
30.644      |20.646      |9.998       


VAL losses
Total Loss  |Smoke Loss  |Fire Loss   
------------ ------------ ------------
24.713      |16.620      |8.093       

VAL Metrics
SMOKE -> Precision: 0.898 - Recall: 0.833 - Accuracy: 0.874 - F1: 0.864
FIRE -> Precision: 0.937 - Recall: 0.891 - Accuracy: 0.956 - F1: 0.913

Saving model with new best validation loss: 24.713

=== EPOCH 70/124 ===
Learning Rate = 0.0002621440000000001

TRAIN losses
Total Loss  |Smoke Loss  |Fire Loss   
------------ ------------ ------------
30.904      |20.954      |9.950       


VAL losses
Total Loss  |Smoke Loss  |Fire Loss   
------------ ------------ ------------
24.957      |16.742      |8.216       

VAL Metrics
SMOKE -> Precision: 0.899 - Recall: 0.807 - Accuracy: 0.863 - F1: 0.850
FIRE -> Precision: 0.936 - Recall: 0.885 - Accuracy: 0.955 - F1: 0.910

=== EPOCH 71/124 ===
Learning Rate = 0.0002621440000000001

TRAIN losses
Total Loss  |Smoke Loss  |Fire Loss   
------------ ------------ ------------
30.296      |20.560      |9.735       


VAL losses
Total Loss  |Smoke Loss  |Fire Loss   
------------ ------------ ------------
24.905      |16.738      |8.167       

VAL Metrics
SMOKE -> Precision: 0.905 - Recall: 0.801 - Accuracy: 0.864 - F1: 0.850
FIRE -> Precision: 0.926 - Recall: 0.895 - Accuracy: 0.955 - F1: 0.911

=== EPOCH 72/124 ===
Learning Rate = 0.0002621440000000001

TRAIN losses
Total Loss  |Smoke Loss  |Fire Loss   
------------ ------------ ------------
30.462      |20.695      |9.767       


VAL losses
Total Loss  |Smoke Loss  |Fire Loss   
------------ ------------ ------------
24.542      |16.417      |8.125       

VAL Metrics
SMOKE -> Precision: 0.903 - Recall: 0.828 - Accuracy: 0.875 - F1: 0.864
FIRE -> Precision: 0.921 - Recall: 0.908 - Accuracy: 0.956 - F1: 0.914

Saving model with new best validation loss: 24.542

=== EPOCH 73/124 ===
Learning Rate = 0.0002621440000000001

TRAIN losses
Total Loss  |Smoke Loss  |Fire Loss   
------------ ------------ ------------
30.285      |20.581      |9.704       


VAL losses
Total Loss  |Smoke Loss  |Fire Loss   
------------ ------------ ------------
25.256      |17.066      |8.190       

VAL Metrics
SMOKE -> Precision: 0.918 - Recall: 0.769 - Accuracy: 0.856 - F1: 0.837
FIRE -> Precision: 0.943 - Recall: 0.882 - Accuracy: 0.956 - F1: 0.912

=== EPOCH 74/124 ===
Learning Rate = 0.0002621440000000001

TRAIN losses
Total Loss  |Smoke Loss  |Fire Loss   
------------ ------------ ------------
30.550      |20.825      |9.726       


VAL losses
Total Loss  |Smoke Loss  |Fire Loss   
------------ ------------ ------------
24.684      |16.576      |8.108       

VAL Metrics
SMOKE -> Precision: 0.876 - Recall: 0.866 - Accuracy: 0.877 - F1: 0.871
FIRE -> Precision: 0.929 - Recall: 0.897 - Accuracy: 0.956 - F1: 0.913

=== EPOCH 75/124 ===
Learning Rate = 0.0002621440000000001

TRAIN losses
Total Loss  |Smoke Loss  |Fire Loss   
------------ ------------ ------------
30.088      |20.522      |9.565       


VAL losses
Total Loss  |Smoke Loss  |Fire Loss   
------------ ------------ ------------
24.397      |16.394      |8.003       

VAL Metrics
SMOKE -> Precision: 0.897 - Recall: 0.826 - Accuracy: 0.871 - F1: 0.860
FIRE -> Precision: 0.941 - Recall: 0.896 - Accuracy: 0.959 - F1: 0.918

Saving model with new best validation loss: 24.397

=== EPOCH 76/124 ===
Learning Rate = 0.0002621440000000001

TRAIN losses
Total Loss  |Smoke Loss  |Fire Loss   
------------ ------------ ------------
29.711      |20.221      |9.490       


VAL losses
Total Loss  |Smoke Loss  |Fire Loss   
------------ ------------ ------------
24.302      |16.215      |8.087       

VAL Metrics
SMOKE -> Precision: 0.889 - Recall: 0.856 - Accuracy: 0.879 - F1: 0.872
FIRE -> Precision: 0.920 - Recall: 0.904 - Accuracy: 0.955 - F1: 0.912

Saving model with new best validation loss: 24.302

=== EPOCH 77/124 ===
Learning Rate = 0.0002621440000000001

TRAIN losses
Total Loss  |Smoke Loss  |Fire Loss   
------------ ------------ ------------
30.316      |20.617      |9.698       


VAL losses
Total Loss  |Smoke Loss  |Fire Loss   
------------ ------------ ------------
24.743      |16.370      |8.373       

VAL Metrics
SMOKE -> Precision: 0.906 - Recall: 0.812 - Accuracy: 0.869 - F1: 0.857
FIRE -> Precision: 0.933 - Recall: 0.884 - Accuracy: 0.953 - F1: 0.907

=== EPOCH 78/124 ===
Learning Rate = 0.0002621440000000001

TRAIN losses
Total Loss  |Smoke Loss  |Fire Loss   
------------ ------------ ------------
30.176      |20.520      |9.655       


VAL losses
Total Loss  |Smoke Loss  |Fire Loss   
------------ ------------ ------------
24.468      |16.393      |8.075       

VAL Metrics
SMOKE -> Precision: 0.880 - Recall: 0.861 - Accuracy: 0.877 - F1: 0.870
FIRE -> Precision: 0.928 - Recall: 0.895 - Accuracy: 0.955 - F1: 0.911

=== EPOCH 79/124 ===
Learning Rate = 0.0002621440000000001

TRAIN losses
Total Loss  |Smoke Loss  |Fire Loss   
------------ ------------ ------------
29.983      |20.298      |9.684       


VAL losses
Total Loss  |Smoke Loss  |Fire Loss   
------------ ------------ ------------
24.306      |16.342      |7.964       

VAL Metrics
SMOKE -> Precision: 0.884 - Recall: 0.864 - Accuracy: 0.880 - F1: 0.874
FIRE -> Precision: 0.921 - Recall: 0.906 - Accuracy: 0.956 - F1: 0.914

=== EPOCH 80/124 ===
Learning Rate = 0.00020971520000000012

TRAIN losses
Total Loss  |Smoke Loss  |Fire Loss   
------------ ------------ ------------
29.996      |20.172      |9.824       


VAL losses
Total Loss  |Smoke Loss  |Fire Loss   
------------ ------------ ------------
24.122      |16.084      |8.038       

VAL Metrics
SMOKE -> Precision: 0.897 - Recall: 0.843 - Accuracy: 0.878 - F1: 0.869
FIRE -> Precision: 0.934 - Recall: 0.900 - Accuracy: 0.958 - F1: 0.917

Saving model with new best validation loss: 24.122

=== EPOCH 81/124 ===
Learning Rate = 0.00020971520000000012

TRAIN losses
Total Loss  |Smoke Loss  |Fire Loss   
------------ ------------ ------------
30.025      |20.506      |9.519       


VAL losses
Total Loss  |Smoke Loss  |Fire Loss   
------------ ------------ ------------
24.306      |16.224      |8.082       

VAL Metrics
SMOKE -> Precision: 0.902 - Recall: 0.822 - Accuracy: 0.872 - F1: 0.860
FIRE -> Precision: 0.915 - Recall: 0.910 - Accuracy: 0.955 - F1: 0.912

=== EPOCH 82/124 ===
Learning Rate = 0.00020971520000000012

TRAIN losses
Total Loss  |Smoke Loss  |Fire Loss   
------------ ------------ ------------
29.799      |20.226      |9.573       


VAL losses
Total Loss  |Smoke Loss  |Fire Loss   
------------ ------------ ------------
24.027      |15.962      |8.065       

VAL Metrics
SMOKE -> Precision: 0.911 - Recall: 0.811 - Accuracy: 0.871 - F1: 0.858
FIRE -> Precision: 0.919 - Recall: 0.905 - Accuracy: 0.955 - F1: 0.912

Saving model with new best validation loss: 24.027

=== EPOCH 83/124 ===
Learning Rate = 0.00020971520000000012

TRAIN losses
Total Loss  |Smoke Loss  |Fire Loss   
------------ ------------ ------------
29.387      |19.959      |9.428       


VAL losses
Total Loss  |Smoke Loss  |Fire Loss   
------------ ------------ ------------
24.134      |15.971      |8.163       

VAL Metrics
SMOKE -> Precision: 0.909 - Recall: 0.823 - Accuracy: 0.875 - F1: 0.864
FIRE -> Precision: 0.941 - Recall: 0.892 - Accuracy: 0.958 - F1: 0.916

=== EPOCH 84/124 ===
Learning Rate = 0.00020971520000000012

TRAIN losses
Total Loss  |Smoke Loss  |Fire Loss   
------------ ------------ ------------
29.774      |20.331      |9.443       


VAL losses
Total Loss  |Smoke Loss  |Fire Loss   
------------ ------------ ------------
23.848      |15.874      |7.974       

VAL Metrics
SMOKE -> Precision: 0.895 - Recall: 0.852 - Accuracy: 0.881 - F1: 0.873
FIRE -> Precision: 0.916 - Recall: 0.906 - Accuracy: 0.954 - F1: 0.911

Saving model with new best validation loss: 23.848

=== EPOCH 85/124 ===
Learning Rate = 0.00020971520000000012

TRAIN losses
Total Loss  |Smoke Loss  |Fire Loss   
------------ ------------ ------------
29.583      |19.982      |9.601       


VAL losses
Total Loss  |Smoke Loss  |Fire Loss   
------------ ------------ ------------
23.909      |15.914      |7.995       

VAL Metrics
SMOKE -> Precision: 0.884 - Recall: 0.866 - Accuracy: 0.881 - F1: 0.875
FIRE -> Precision: 0.931 - Recall: 0.905 - Accuracy: 0.958 - F1: 0.918

=== EPOCH 86/124 ===
Learning Rate = 0.00020971520000000012

TRAIN losses
Total Loss  |Smoke Loss  |Fire Loss   
------------ ------------ ------------
29.658      |20.030      |9.628       


VAL losses
Total Loss  |Smoke Loss  |Fire Loss   
------------ ------------ ------------
24.127      |16.110      |8.017       

VAL Metrics
SMOKE -> Precision: 0.884 - Recall: 0.865 - Accuracy: 0.880 - F1: 0.874
FIRE -> Precision: 0.932 - Recall: 0.899 - Accuracy: 0.957 - F1: 0.915

=== EPOCH 87/124 ===
Learning Rate = 0.00020971520000000012

TRAIN losses
Total Loss  |Smoke Loss  |Fire Loss   
------------ ------------ ------------
29.525      |20.077      |9.448       


VAL losses
Total Loss  |Smoke Loss  |Fire Loss   
------------ ------------ ------------
24.145      |16.200      |7.945       

VAL Metrics
SMOKE -> Precision: 0.910 - Recall: 0.801 - Accuracy: 0.866 - F1: 0.852
FIRE -> Precision: 0.927 - Recall: 0.904 - Accuracy: 0.957 - F1: 0.915

=== EPOCH 88/124 ===
Learning Rate = 0.0001677721600000001

TRAIN losses
Total Loss  |Smoke Loss  |Fire Loss   
------------ ------------ ------------
29.402      |19.985      |9.417       


VAL losses
Total Loss  |Smoke Loss  |Fire Loss   
------------ ------------ ------------
23.781      |15.935      |7.846       

VAL Metrics
SMOKE -> Precision: 0.894 - Recall: 0.845 - Accuracy: 0.877 - F1: 0.869
FIRE -> Precision: 0.924 - Recall: 0.911 - Accuracy: 0.958 - F1: 0.917

Saving model with new best validation loss: 23.781

=== EPOCH 89/124 ===
Learning Rate = 0.0001677721600000001

TRAIN losses
Total Loss  |Smoke Loss  |Fire Loss   
------------ ------------ ------------
29.446      |20.008      |9.439       


VAL losses
Total Loss  |Smoke Loss  |Fire Loss   
------------ ------------ ------------
24.073      |16.081      |7.992       

VAL Metrics
SMOKE -> Precision: 0.906 - Recall: 0.821 - Accuracy: 0.873 - F1: 0.861
FIRE -> Precision: 0.916 - Recall: 0.909 - Accuracy: 0.955 - F1: 0.913

=== EPOCH 90/124 ===
Learning Rate = 0.0001677721600000001

TRAIN losses
Total Loss  |Smoke Loss  |Fire Loss   
------------ ------------ ------------
29.097      |19.803      |9.293       


VAL losses
Total Loss  |Smoke Loss  |Fire Loss   
------------ ------------ ------------
23.558      |15.618      |7.940       

VAL Metrics
SMOKE -> Precision: 0.901 - Recall: 0.833 - Accuracy: 0.876 - F1: 0.866
FIRE -> Precision: 0.930 - Recall: 0.905 - Accuracy: 0.958 - F1: 0.917

Saving model with new best validation loss: 23.558

=== EPOCH 91/124 ===
Learning Rate = 0.0001677721600000001

TRAIN losses
Total Loss  |Smoke Loss  |Fire Loss   
------------ ------------ ------------
29.769      |20.261      |9.507       


VAL losses
Total Loss  |Smoke Loss  |Fire Loss   
------------ ------------ ------------
23.909      |15.702      |8.208       

VAL Metrics
SMOKE -> Precision: 0.903 - Recall: 0.839 - Accuracy: 0.879 - F1: 0.870
FIRE -> Precision: 0.929 - Recall: 0.892 - Accuracy: 0.954 - F1: 0.910

=== EPOCH 92/124 ===
Learning Rate = 0.0001677721600000001

TRAIN losses
Total Loss  |Smoke Loss  |Fire Loss   
------------ ------------ ------------
29.218      |19.999      |9.220       


VAL losses
Total Loss  |Smoke Loss  |Fire Loss   
------------ ------------ ------------
24.216      |15.772      |8.444       

VAL Metrics
SMOKE -> Precision: 0.921 - Recall: 0.814 - Accuracy: 0.877 - F1: 0.864
FIRE -> Precision: 0.945 - Recall: 0.868 - Accuracy: 0.953 - F1: 0.905

=== EPOCH 93/124 ===
Learning Rate = 0.0001677721600000001

TRAIN losses
Total Loss  |Smoke Loss  |Fire Loss   
------------ ------------ ------------
29.135      |19.861      |9.274       


VAL losses
Total Loss  |Smoke Loss  |Fire Loss   
------------ ------------ ------------
23.438      |15.415      |8.023       

VAL Metrics
SMOKE -> Precision: 0.903 - Recall: 0.844 - Accuracy: 0.882 - F1: 0.873
FIRE -> Precision: 0.928 - Recall: 0.904 - Accuracy: 0.957 - F1: 0.916

Saving model with new best validation loss: 23.438

=== EPOCH 94/124 ===
Learning Rate = 0.0001677721600000001

TRAIN losses
Total Loss  |Smoke Loss  |Fire Loss   
------------ ------------ ------------
29.024      |19.990      |9.034       


VAL losses
Total Loss  |Smoke Loss  |Fire Loss   
------------ ------------ ------------
23.596      |15.604      |7.992       

VAL Metrics
SMOKE -> Precision: 0.911 - Recall: 0.830 - Accuracy: 0.879 - F1: 0.869
FIRE -> Precision: 0.922 - Recall: 0.905 - Accuracy: 0.955 - F1: 0.913

=== EPOCH 95/124 ===
Learning Rate = 0.0001677721600000001

TRAIN losses
Total Loss  |Smoke Loss  |Fire Loss   
------------ ------------ ------------
28.934      |19.933      |9.001       


VAL losses
Total Loss  |Smoke Loss  |Fire Loss   
------------ ------------ ------------
24.673      |15.877      |8.796       

VAL Metrics
SMOKE -> Precision: 0.917 - Recall: 0.812 - Accuracy: 0.874 - F1: 0.861
FIRE -> Precision: 0.960 - Recall: 0.865 - Accuracy: 0.956 - F1: 0.910

=== EPOCH 96/124 ===
Learning Rate = 0.0001677721600000001

TRAIN losses
Total Loss  |Smoke Loss  |Fire Loss   
------------ ------------ ------------
29.234      |19.816      |9.417       


VAL losses
Total Loss  |Smoke Loss  |Fire Loss   
------------ ------------ ------------
23.763      |15.626      |8.138       

VAL Metrics
SMOKE -> Precision: 0.917 - Recall: 0.832 - Accuracy: 0.883 - F1: 0.872
FIRE -> Precision: 0.932 - Recall: 0.893 - Accuracy: 0.955 - F1: 0.912

=== EPOCH 97/124 ===
Learning Rate = 0.00013421772800000008

TRAIN losses
Total Loss  |Smoke Loss  |Fire Loss   
------------ ------------ ------------
28.906      |19.784      |9.122       


VAL losses
Total Loss  |Smoke Loss  |Fire Loss   
------------ ------------ ------------
23.929      |15.863      |8.066       

VAL Metrics
SMOKE -> Precision: 0.917 - Recall: 0.812 - Accuracy: 0.875 - F1: 0.862
FIRE -> Precision: 0.928 - Recall: 0.899 - Accuracy: 0.956 - F1: 0.914

=== EPOCH 98/124 ===
Learning Rate = 0.00013421772800000008

TRAIN losses
Total Loss  |Smoke Loss  |Fire Loss   
------------ ------------ ------------
29.042      |19.751      |9.291       


VAL losses
Total Loss  |Smoke Loss  |Fire Loss   
------------ ------------ ------------
23.680      |15.569      |8.111       

VAL Metrics
SMOKE -> Precision: 0.909 - Recall: 0.840 - Accuracy: 0.882 - F1: 0.873
FIRE -> Precision: 0.939 - Recall: 0.890 - Accuracy: 0.957 - F1: 0.914

=== EPOCH 99/124 ===
Learning Rate = 0.00013421772800000008

TRAIN losses
Total Loss  |Smoke Loss  |Fire Loss   
------------ ------------ ------------
28.644      |19.515      |9.128       


VAL losses
Total Loss  |Smoke Loss  |Fire Loss   
------------ ------------ ------------
23.178      |15.345      |7.833       

VAL Metrics
SMOKE -> Precision: 0.908 - Recall: 0.845 - Accuracy: 0.884 - F1: 0.875
FIRE -> Precision: 0.932 - Recall: 0.907 - Accuracy: 0.959 - F1: 0.920

Saving model with new best validation loss: 23.178

=== EPOCH 100/124 ===
Learning Rate = 0.00013421772800000008

TRAIN losses
Total Loss  |Smoke Loss  |Fire Loss   
------------ ------------ ------------
29.276      |19.933      |9.344       


VAL losses
Total Loss  |Smoke Loss  |Fire Loss   
------------ ------------ ------------
23.477      |15.487      |7.990       

VAL Metrics
SMOKE -> Precision: 0.891 - Recall: 0.873 - Accuracy: 0.888 - F1: 0.882
FIRE -> Precision: 0.921 - Recall: 0.904 - Accuracy: 0.955 - F1: 0.912

=== EPOCH 101/124 ===
Learning Rate = 0.00013421772800000008

TRAIN losses
Total Loss  |Smoke Loss  |Fire Loss   
------------ ------------ ------------
29.092      |19.807      |9.285       


VAL losses
Total Loss  |Smoke Loss  |Fire Loss   
------------ ------------ ------------
23.519      |15.552      |7.967       

VAL Metrics
SMOKE -> Precision: 0.906 - Recall: 0.836 - Accuracy: 0.879 - F1: 0.869
FIRE -> Precision: 0.937 - Recall: 0.894 - Accuracy: 0.957 - F1: 0.915

=== EPOCH 102/124 ===
Learning Rate = 0.00013421772800000008

TRAIN losses
Total Loss  |Smoke Loss  |Fire Loss   
------------ ------------ ------------
28.769      |19.681      |9.088       


VAL losses
Total Loss  |Smoke Loss  |Fire Loss   
------------ ------------ ------------
23.280      |15.365      |7.916       

VAL Metrics
SMOKE -> Precision: 0.905 - Recall: 0.842 - Accuracy: 0.882 - F1: 0.872
FIRE -> Precision: 0.923 - Recall: 0.912 - Accuracy: 0.958 - F1: 0.917

=== EPOCH 103/124 ===
Learning Rate = 0.00010737418240000007

TRAIN losses
Total Loss  |Smoke Loss  |Fire Loss   
------------ ------------ ------------
28.666      |19.534      |9.132       


VAL losses
Total Loss  |Smoke Loss  |Fire Loss   
------------ ------------ ------------
23.374      |15.411      |7.964       

VAL Metrics
SMOKE -> Precision: 0.910 - Recall: 0.838 - Accuracy: 0.882 - F1: 0.873
FIRE -> Precision: 0.932 - Recall: 0.907 - Accuracy: 0.959 - F1: 0.920

=== EPOCH 104/124 ===
Learning Rate = 0.00010737418240000007

TRAIN losses
Total Loss  |Smoke Loss  |Fire Loss   
------------ ------------ ------------
28.867      |19.529      |9.338       


VAL losses
Total Loss  |Smoke Loss  |Fire Loss   
------------ ------------ ------------
23.157      |15.224      |7.933       

VAL Metrics
SMOKE -> Precision: 0.902 - Recall: 0.853 - Accuracy: 0.885 - F1: 0.877
FIRE -> Precision: 0.936 - Recall: 0.901 - Accuracy: 0.958 - F1: 0.918

Saving model with new best validation loss: 23.157

=== EPOCH 105/124 ===
Learning Rate = 0.00010737418240000007

TRAIN losses
Total Loss  |Smoke Loss  |Fire Loss   
------------ ------------ ------------
28.634      |19.566      |9.068       


VAL losses
Total Loss  |Smoke Loss  |Fire Loss   
------------ ------------ ------------
23.036      |15.178      |7.858       

VAL Metrics
SMOKE -> Precision: 0.894 - Recall: 0.863 - Accuracy: 0.885 - F1: 0.878
FIRE -> Precision: 0.928 - Recall: 0.908 - Accuracy: 0.958 - F1: 0.918

Saving model with new best validation loss: 23.036

=== EPOCH 106/124 ===
Learning Rate = 0.00010737418240000007

TRAIN losses
Total Loss  |Smoke Loss  |Fire Loss   
------------ ------------ ------------
28.907      |19.616      |9.291       


VAL losses
Total Loss  |Smoke Loss  |Fire Loss   
------------ ------------ ------------
23.469      |15.521      |7.947       

VAL Metrics
SMOKE -> Precision: 0.913 - Recall: 0.824 - Accuracy: 0.878 - F1: 0.866
FIRE -> Precision: 0.939 - Recall: 0.888 - Accuracy: 0.956 - F1: 0.913

=== EPOCH 107/124 ===
Learning Rate = 0.00010737418240000007

TRAIN losses
Total Loss  |Smoke Loss  |Fire Loss   
------------ ------------ ------------
28.554      |19.515      |9.039       


VAL losses
Total Loss  |Smoke Loss  |Fire Loss   
------------ ------------ ------------
23.361      |15.538      |7.824       

VAL Metrics
SMOKE -> Precision: 0.910 - Recall: 0.826 - Accuracy: 0.877 - F1: 0.866
FIRE -> Precision: 0.930 - Recall: 0.907 - Accuracy: 0.958 - F1: 0.918

=== EPOCH 108/124 ===
Learning Rate = 0.00010737418240000007

TRAIN losses
Total Loss  |Smoke Loss  |Fire Loss   
------------ ------------ ------------
28.433      |19.467      |8.966       


VAL losses
Total Loss  |Smoke Loss  |Fire Loss   
------------ ------------ ------------
23.264      |15.310      |7.954       

VAL Metrics
SMOKE -> Precision: 0.895 - Recall: 0.857 - Accuracy: 0.883 - F1: 0.875
FIRE -> Precision: 0.927 - Recall: 0.905 - Accuracy: 0.957 - F1: 0.916

=== EPOCH 109/124 ===
Learning Rate = 8.589934592000007e-05

TRAIN losses
Total Loss  |Smoke Loss  |Fire Loss   
------------ ------------ ------------
28.835      |19.620      |9.215       


VAL losses
Total Loss  |Smoke Loss  |Fire Loss   
------------ ------------ ------------
23.033      |15.178      |7.854       

VAL Metrics
SMOKE -> Precision: 0.895 - Recall: 0.868 - Accuracy: 0.887 - F1: 0.881
FIRE -> Precision: 0.933 - Recall: 0.903 - Accuracy: 0.958 - F1: 0.918

Saving model with new best validation loss: 23.033

=== EPOCH 110/124 ===
Learning Rate = 8.589934592000007e-05

TRAIN losses
Total Loss  |Smoke Loss  |Fire Loss   
------------ ------------ ------------
28.189      |19.274      |8.915       


VAL losses
Total Loss  |Smoke Loss  |Fire Loss   
------------ ------------ ------------
23.365      |15.495      |7.870       

VAL Metrics
SMOKE -> Precision: 0.902 - Recall: 0.830 - Accuracy: 0.875 - F1: 0.865
FIRE -> Precision: 0.930 - Recall: 0.906 - Accuracy: 0.958 - F1: 0.918

=== EPOCH 111/124 ===
Learning Rate = 8.589934592000007e-05

TRAIN losses
Total Loss  |Smoke Loss  |Fire Loss   
------------ ------------ ------------
28.865      |19.698      |9.166       


VAL losses
Total Loss  |Smoke Loss  |Fire Loss   
------------ ------------ ------------
23.082      |15.199      |7.882       

VAL Metrics
SMOKE -> Precision: 0.909 - Recall: 0.840 - Accuracy: 0.882 - F1: 0.873
FIRE -> Precision: 0.933 - Recall: 0.902 - Accuracy: 0.958 - F1: 0.917

=== EPOCH 112/124 ===
Learning Rate = 8.589934592000007e-05

TRAIN losses
Total Loss  |Smoke Loss  |Fire Loss   
------------ ------------ ------------
28.424      |19.450      |8.974       


VAL losses
Total Loss  |Smoke Loss  |Fire Loss   
------------ ------------ ------------
23.062      |15.143      |7.918       

VAL Metrics
SMOKE -> Precision: 0.904 - Recall: 0.854 - Accuracy: 0.886 - F1: 0.878
FIRE -> Precision: 0.932 - Recall: 0.909 - Accuracy: 0.959 - F1: 0.920

=== EPOCH 113/124 ===
Learning Rate = 6.871947673600006e-05

TRAIN losses
Total Loss  |Smoke Loss  |Fire Loss   
------------ ------------ ------------
28.328      |19.307      |9.021       


VAL losses
Total Loss  |Smoke Loss  |Fire Loss   
------------ ------------ ------------
23.189      |15.314      |7.875       

VAL Metrics
SMOKE -> Precision: 0.893 - Recall: 0.858 - Accuracy: 0.882 - F1: 0.875
FIRE -> Precision: 0.919 - Recall: 0.909 - Accuracy: 0.956 - F1: 0.914

=== EPOCH 114/124 ===
Learning Rate = 6.871947673600006e-05

TRAIN losses
Total Loss  |Smoke Loss  |Fire Loss   
------------ ------------ ------------
28.437      |19.435      |9.002       


VAL losses
Total Loss  |Smoke Loss  |Fire Loss   
------------ ------------ ------------
23.382      |15.380      |8.003       

VAL Metrics
SMOKE -> Precision: 0.904 - Recall: 0.841 - Accuracy: 0.881 - F1: 0.871
FIRE -> Precision: 0.933 - Recall: 0.897 - Accuracy: 0.957 - F1: 0.915

=== EPOCH 115/124 ===
Learning Rate = 6.871947673600006e-05

TRAIN losses
Total Loss  |Smoke Loss  |Fire Loss   
------------ ------------ ------------
28.370      |19.373      |8.997       


VAL losses
Total Loss  |Smoke Loss  |Fire Loss   
------------ ------------ ------------
23.395      |15.419      |7.976       

VAL Metrics
SMOKE -> Precision: 0.912 - Recall: 0.826 - Accuracy: 0.878 - F1: 0.867
FIRE -> Precision: 0.943 - Recall: 0.895 - Accuracy: 0.959 - F1: 0.919

=== EPOCH 116/124 ===
Learning Rate = 5.497558138880005e-05

TRAIN losses
Total Loss  |Smoke Loss  |Fire Loss   
------------ ------------ ------------
28.573      |19.420      |9.153       


VAL losses
Total Loss  |Smoke Loss  |Fire Loss   
------------ ------------ ------------
23.384      |15.303      |8.081       

VAL Metrics
SMOKE -> Precision: 0.911 - Recall: 0.834 - Accuracy: 0.881 - F1: 0.871
FIRE -> Precision: 0.944 - Recall: 0.893 - Accuracy: 0.958 - F1: 0.918

=== EPOCH 117/124 ===
Learning Rate = 5.497558138880005e-05

TRAIN losses
Total Loss  |Smoke Loss  |Fire Loss   
------------ ------------ ------------
28.191      |19.142      |9.049       


VAL losses
Total Loss  |Smoke Loss  |Fire Loss   
------------ ------------ ------------
23.074      |15.149      |7.925       

VAL Metrics
SMOKE -> Precision: 0.907 - Recall: 0.842 - Accuracy: 0.882 - F1: 0.873
FIRE -> Precision: 0.929 - Recall: 0.901 - Accuracy: 0.956 - F1: 0.914

=== EPOCH 118/124 ===
Learning Rate = 5.497558138880005e-05

TRAIN losses
Total Loss  |Smoke Loss  |Fire Loss   
------------ ------------ ------------
28.360      |19.424      |8.936       


VAL losses
Total Loss  |Smoke Loss  |Fire Loss   
------------ ------------ ------------
23.057      |15.181      |7.876       

VAL Metrics
SMOKE -> Precision: 0.899 - Recall: 0.846 - Accuracy: 0.880 - F1: 0.872
FIRE -> Precision: 0.924 - Recall: 0.905 - Accuracy: 0.956 - F1: 0.914

=== EPOCH 119/124 ===
Learning Rate = 4.3980465111040044e-05

TRAIN losses
Total Loss  |Smoke Loss  |Fire Loss   
------------ ------------ ------------
28.122      |19.122      |9.000       


VAL losses
Total Loss  |Smoke Loss  |Fire Loss   
------------ ------------ ------------
23.276      |15.386      |7.891       

VAL Metrics
SMOKE -> Precision: 0.909 - Recall: 0.831 - Accuracy: 0.879 - F1: 0.869
FIRE -> Precision: 0.936 - Recall: 0.900 - Accuracy: 0.958 - F1: 0.918

=== EPOCH 120/124 ===
Learning Rate = 4.3980465111040044e-05

TRAIN losses
Total Loss  |Smoke Loss  |Fire Loss   
------------ ------------ ------------
28.187      |19.325      |8.863       


VAL losses
Total Loss  |Smoke Loss  |Fire Loss   
------------ ------------ ------------
23.022      |15.178      |7.844       

VAL Metrics
SMOKE -> Precision: 0.909 - Recall: 0.839 - Accuracy: 0.882 - F1: 0.872
FIRE -> Precision: 0.923 - Recall: 0.907 - Accuracy: 0.956 - F1: 0.915

Saving model with new best validation loss: 23.022

=== EPOCH 121/124 ===
Learning Rate = 4.3980465111040044e-05

TRAIN losses
Total Loss  |Smoke Loss  |Fire Loss   
------------ ------------ ------------
28.186      |19.003      |9.183       


VAL losses
Total Loss  |Smoke Loss  |Fire Loss   
------------ ------------ ------------
23.078      |15.150      |7.928       

VAL Metrics
SMOKE -> Precision: 0.902 - Recall: 0.854 - Accuracy: 0.885 - F1: 0.877
FIRE -> Precision: 0.914 - Recall: 0.914 - Accuracy: 0.955 - F1: 0.914

=== EPOCH 122/124 ===
Learning Rate = 4.3980465111040044e-05

TRAIN losses
Total Loss  |Smoke Loss  |Fire Loss   
------------ ------------ ------------
28.440      |19.366      |9.075       


VAL losses
Total Loss  |Smoke Loss  |Fire Loss   
------------ ------------ ------------
22.892      |15.049      |7.842       

VAL Metrics
SMOKE -> Precision: 0.900 - Recall: 0.853 - Accuracy: 0.883 - F1: 0.876
FIRE -> Precision: 0.926 - Recall: 0.905 - Accuracy: 0.957 - F1: 0.916

Saving model with new best validation loss: 22.892

=== EPOCH 123/124 ===
Learning Rate = 4.3980465111040044e-05

TRAIN losses
Total Loss  |Smoke Loss  |Fire Loss   
------------ ------------ ------------
28.449      |19.519      |8.930       


VAL losses
Total Loss  |Smoke Loss  |Fire Loss   
------------ ------------ ------------
22.943      |15.092      |7.851       

VAL Metrics
SMOKE -> Precision: 0.906 - Recall: 0.851 - Accuracy: 0.886 - F1: 0.878
FIRE -> Precision: 0.929 - Recall: 0.903 - Accuracy: 0.957 - F1: 0.915

=== EPOCH 124/124 ===
Learning Rate = 4.3980465111040044e-05

TRAIN losses
Total Loss  |Smoke Loss  |Fire Loss   
------------ ------------ ------------
28.229      |19.330      |8.899       


VAL losses
Total Loss  |Smoke Loss  |Fire Loss   
------------ ------------ ------------
22.946      |15.166      |7.780       

VAL Metrics
SMOKE -> Precision: 0.907 - Recall: 0.842 - Accuracy: 0.883 - F1: 0.874
FIRE -> Precision: 0.928 - Recall: 0.907 - Accuracy: 0.958 - F1: 0.918
Saving last model

***Script finished: 23:50:51

Time elapsed: 0:57:16.094249
