Simple BED Detector.
	No Sigmoid. No Softmax. Permute out of the model.
	DFire and FASDD UAV and CV.
	Max Obj = 10.
	IOU Threshold = 0.5.
	NMS IOU Threshold = 0.5.
	NMS IOU Threshold does not change too much, so it is not tested.


Weights file: ./experiments/test_20_no_sigmoid_softmax_permute_out/weights/BED_detector__best_mAP=0.6405__epoch=144.pt


DFire Aladdin Metrics:

mAP @0.50   0.4056
Average Precision
- Smoke     0.4618
- Fire      0.3494
Class Precision
- Smoke     0.5755
- Fire      0.5252
Class Recall
- Smoke     0.5806
- Fire      0.4413

DFire Torchmetrics: 
{'mAP': tensor(0.4114), 'AP': [0.4675503671169281, 0.3553425371646881], 'AR': [0.5805785059928894, 0.441303014755249]}


FASDD UAV Aladdin Metrics:

mAP @0.50   0.6050
Average Precision
- Smoke     0.6684
- Fire      0.5416
Class Precision
- Smoke     0.7987
- Fire      0.8818
Class Recall
- Smoke     0.6922
- Fire      0.5536

FASDD UAV Torchmetrics: 
{'mAP': tensor(0.6057), 'AP': [0.6686656475067139, 0.5427393317222595], 'AR': [0.6917545795440674, 0.5536009073257446]}


FASDD CV Aladdin Metrics:

mAP @0.50   0.7009
Average Precision
- Smoke     0.6933
- Fire      0.7085
Class Precision
- Smoke     0.7062
- Fire      0.7002
Class Recall
- Smoke     0.7571
- Fire      0.7591

FASDD CV Torchmetrics: 
{'mAP': tensor(0.6977), 'AP': [0.6914454698562622, 0.7040181159973145], 'AR': [0.7572426199913025, 0.7590928077697754]}


Full Dataset Aladdin Metrics:

mAP @0.50   0.6411
Average Precision
- Smoke     0.6552
- Fire      0.6270
Class Precision
- Smoke     0.6990
- Fire      0.6969
Class Recall
- Smoke     0.7165
- Fire      0.6754

Full Dataset Torchmetrics: 
{'mAP': tensor(0.6405), 'AP': [0.6541241407394409, 0.6267908811569214], 'AR': [0.7165079712867737, 0.6754377484321594]}
