BED Classifier XS Tiny.
	One Head.
	255 Normalization.
	Weighted for Precision.
	Modules.
	Losses and Metrics Loggers.
	More checkpoints.
	140 epochs.
	Affine True for all BatchNorm Modules: fixed, as I forgot one module in previous experiment.


TRAIN DFIRE dataset
	Train dataset len: 17221
TEST DFire dataset
	Test dataset len: 4306

Using BED Classifier

Trainable parameters = 93266
Total parameters = 93266

Model shape is tensor([[-0.0732,  0.2019],
        [-0.1578,  0.2426],
        [-0.1125,  0.1772],
        [-0.1215,  0.1722]], device='cuda:0', grad_fn=<AddmmBackward0>)
BED Model Arquitecture
BED_CLASSIFIER(
  (model): Sequential(
    (conv1): Conv2d(3, 32, kernel_size=(3, 3), stride=(1, 1), padding=(1, 1), bias=False)
    (bn1): BatchNorm2d(32, eps=1e-05, momentum=0.1, affine=True, track_running_stats=True)
    (relu1): ReLU()
    (dropout1): Dropout2d(p=0.3, inplace=False)
    (maxpool2): MaxPool2d(kernel_size=2, stride=2, padding=0, dilation=1, ceil_mode=False)
    (conv2): Conv2d(32, 16, kernel_size=(3, 3), stride=(1, 1), padding=(1, 1), bias=False)
    (bn2): BatchNorm2d(16, eps=1e-05, momentum=0.1, affine=True, track_running_stats=True)
    (relu2): ReLU()
    (dropout2): Dropout2d(p=0.3, inplace=False)
    (maxpool3): MaxPool2d(kernel_size=2, stride=2, padding=0, dilation=1, ceil_mode=False)
    (conv31): Conv2d(16, 16, kernel_size=(1, 1), stride=(1, 1), bias=False)
    (bn31): BatchNorm2d(16, eps=1e-05, momentum=0.1, affine=True, track_running_stats=True)
    (relu31): ReLU()
    (conv32): Conv2d(16, 32, kernel_size=(3, 3), stride=(1, 1), padding=(1, 1), bias=False)
    (bn32): BatchNorm2d(32, eps=1e-05, momentum=0.1, affine=True, track_running_stats=True)
    (relu32): ReLU()
    (conv33): Conv2d(32, 32, kernel_size=(1, 1), stride=(1, 1), bias=False)
    (bn33): BatchNorm2d(32, eps=1e-05, momentum=0.1, affine=True, track_running_stats=True)
    (relu33): ReLU()
    (conv34): Conv2d(32, 64, kernel_size=(3, 3), stride=(1, 1), padding=(1, 1), bias=False)
    (bn34): BatchNorm2d(64, eps=1e-05, momentum=0.1, affine=True, track_running_stats=True)
    (relu34): ReLU()
    (maxpool4): MaxPool2d(kernel_size=2, stride=2, padding=0, dilation=1, ceil_mode=False)
    (conv41): Conv2d(64, 32, kernel_size=(1, 1), stride=(1, 1), bias=False)
    (bn41): BatchNorm2d(32, eps=1e-05, momentum=0.1, affine=True, track_running_stats=True)
    (relu41): ReLU()
    (conv42): Conv2d(32, 64, kernel_size=(3, 3), stride=(1, 1), padding=(1, 1), bias=False)
    (bn42): BatchNorm2d(64, eps=1e-05, momentum=0.1, affine=True, track_running_stats=True)
    (relu42): ReLU()
    (conv43): Conv2d(64, 32, kernel_size=(1, 1), stride=(1, 1), bias=False)
    (bn43): BatchNorm2d(32, eps=1e-05, momentum=0.1, affine=True, track_running_stats=True)
    (relu43): ReLU()
    (conv44): Conv2d(32, 64, kernel_size=(3, 3), stride=(1, 1), padding=(1, 1), bias=False)
    (bn44): BatchNorm2d(64, eps=1e-05, momentum=0.1, affine=True, track_running_stats=True)
    (relu44): ReLU()
    (conv45): Conv2d(64, 32, kernel_size=(1, 1), stride=(1, 1), bias=False)
    (bn45): BatchNorm2d(32, eps=1e-05, momentum=0.1, affine=True, track_running_stats=True)
    (relu45): ReLU()
    (conv46): Conv2d(32, 64, kernel_size=(3, 3), stride=(1, 1), padding=(1, 1), bias=False)
    (bn46): BatchNorm2d(64, eps=1e-05, momentum=0.1, affine=True, track_running_stats=True)
    (relu46): ReLU()
    (avgpool5): AdaptiveAvgPool2d(output_size=(1, 1))
    (flatten5): Flatten(start_dim=1, end_dim=-1)
    (dropout5): Dropout(p=0.2, inplace=False)
    (linear51): Linear(in_features=64, out_features=16, bias=True)
    (relu5): ReLU()
    (linear52): Linear(in_features=16, out_features=2, bias=True)
  )
)
==========================================================================================
Layer (type:depth-idx)                   Output Shape              Param #
==========================================================================================
BED_CLASSIFIER                           [64, 2]                   --
├─Sequential: 1-1                        [64, 2]                   --
│    └─Conv2d: 2-1                       [64, 32, 224, 224]        864
│    └─BatchNorm2d: 2-2                  [64, 32, 224, 224]        64
│    └─ReLU: 2-3                         [64, 32, 224, 224]        --
│    └─Dropout2d: 2-4                    [64, 32, 224, 224]        --
│    └─MaxPool2d: 2-5                    [64, 32, 112, 112]        --
│    └─Conv2d: 2-6                       [64, 16, 112, 112]        4,608
│    └─BatchNorm2d: 2-7                  [64, 16, 112, 112]        32
│    └─ReLU: 2-8                         [64, 16, 112, 112]        --
│    └─Dropout2d: 2-9                    [64, 16, 112, 112]        --
│    └─MaxPool2d: 2-10                   [64, 16, 56, 56]          --
│    └─Conv2d: 2-11                      [64, 16, 56, 56]          256
│    └─BatchNorm2d: 2-12                 [64, 16, 56, 56]          32
│    └─ReLU: 2-13                        [64, 16, 56, 56]          --
│    └─Conv2d: 2-14                      [64, 32, 56, 56]          4,608
│    └─BatchNorm2d: 2-15                 [64, 32, 56, 56]          64
│    └─ReLU: 2-16                        [64, 32, 56, 56]          --
│    └─Conv2d: 2-17                      [64, 32, 56, 56]          1,024
│    └─BatchNorm2d: 2-18                 [64, 32, 56, 56]          64
│    └─ReLU: 2-19                        [64, 32, 56, 56]          --
│    └─Conv2d: 2-20                      [64, 64, 56, 56]          18,432
│    └─BatchNorm2d: 2-21                 [64, 64, 56, 56]          128
│    └─ReLU: 2-22                        [64, 64, 56, 56]          --
│    └─MaxPool2d: 2-23                   [64, 64, 28, 28]          --
│    └─Conv2d: 2-24                      [64, 32, 28, 28]          2,048
│    └─BatchNorm2d: 2-25                 [64, 32, 28, 28]          64
│    └─ReLU: 2-26                        [64, 32, 28, 28]          --
│    └─Conv2d: 2-27                      [64, 64, 28, 28]          18,432
│    └─BatchNorm2d: 2-28                 [64, 64, 28, 28]          128
│    └─ReLU: 2-29                        [64, 64, 28, 28]          --
│    └─Conv2d: 2-30                      [64, 32, 28, 28]          2,048
│    └─BatchNorm2d: 2-31                 [64, 32, 28, 28]          64
│    └─ReLU: 2-32                        [64, 32, 28, 28]          --
│    └─Conv2d: 2-33                      [64, 64, 28, 28]          18,432
│    └─BatchNorm2d: 2-34                 [64, 64, 28, 28]          128
│    └─ReLU: 2-35                        [64, 64, 28, 28]          --
│    └─Conv2d: 2-36                      [64, 32, 28, 28]          2,048
│    └─BatchNorm2d: 2-37                 [64, 32, 28, 28]          64
│    └─ReLU: 2-38                        [64, 32, 28, 28]          --
│    └─Conv2d: 2-39                      [64, 64, 28, 28]          18,432
│    └─BatchNorm2d: 2-40                 [64, 64, 28, 28]          128
│    └─ReLU: 2-41                        [64, 64, 28, 28]          --
│    └─AdaptiveAvgPool2d: 2-42           [64, 64, 1, 1]            --
│    └─Flatten: 2-43                     [64, 64]                  --
│    └─Dropout: 2-44                     [64, 64]                  --
│    └─Linear: 2-45                      [64, 16]                  1,040
│    └─ReLU: 2-46                        [64, 16]                  --
│    └─Linear: 2-47                      [64, 2]                   34
==========================================================================================
Total params: 93,266
Trainable params: 93,266
Non-trainable params: 0
Total mult-adds (G): 14.44
==========================================================================================
Input size (MB): 38.54
Forward/backward pass size (MB): 2543.33
Params size (MB): 0.37
Estimated Total Size (MB): 2582.24
==========================================================================================

Loss Function: BCE
Smoke Precision Weight: 0.8

Device: cuda
Learning Rate: 0.001
Optimizer Weight Decay: 0.001
Scheduler factor: 0.8
Scheduler patience: 2
Scheduler threshold: 0.001
Scheduler min learning rate: 1e-06
Batch Size: 64
W: 224
H: 224

***Start Training: 12:11:06


=== EPOCH 0/139 ===
Learning Rate = 0.001000

TRAIN Stats
Total Loss |Smoke Loss|Fire Loss |    _______|Accuracy |Precision|Recall   |F1       |
-----------|----------|----------|    Smoke  |0.5235   |0.5546   |0.1438   |0.2284   |
69.57      |39.12     |30.45     |    Fire   |0.7862   |0.6307   |0.5259   |0.5736   |

VAL Stats
Total Loss |Smoke Loss|Fire Loss |    _______|Accuracy |Precision|Recall   |F1       |
-----------|----------|----------|    Smoke  |0.5299   |0.5528   |0.1192   |0.1962   |
63.55      |38.64     |24.91     |    Fire   |0.8361   |0.7386   |0.5676   |0.6419   |

Saving model with new best validation loss: 63.547

=== EPOCH 1/139 ===
Learning Rate = 0.001000

TRAIN Stats
Total Loss |Smoke Loss|Fire Loss |    _______|Accuracy |Precision|Recall   |F1       |
-----------|----------|----------|    Smoke  |0.5780   |0.6356   |0.3261   |0.4311   |
63.84      |38.17     |25.67     |    Fire   |0.8258   |0.7073   |0.6191   |0.6602   |

VAL Stats
Total Loss |Smoke Loss|Fire Loss |    _______|Accuracy |Precision|Recall   |F1       |
-----------|----------|----------|    Smoke  |0.6063   |0.6646   |0.3669   |0.4728   |
57.63      |36.89     |20.74     |    Fire   |0.8643   |0.7573   |0.7000   |0.7275   |

Saving model with new best validation loss: 57.631

=== EPOCH 2/139 ===
Learning Rate = 0.001000

TRAIN Stats
Total Loss |Smoke Loss|Fire Loss |    _______|Accuracy |Precision|Recall   |F1       |
-----------|----------|----------|    Smoke  |0.6278   |0.6930   |0.4326   |0.5327   |
59.44      |36.73     |22.71     |    Fire   |0.8487   |0.7333   |0.7017   |0.7171   |

VAL Stats
Total Loss |Smoke Loss|Fire Loss |    _______|Accuracy |Precision|Recall   |F1       |
-----------|----------|----------|    Smoke  |0.6399   |0.7842   |0.3471   |0.4812   |
55.12      |35.57     |19.56     |    Fire   |0.8757   |0.8188   |0.6676   |0.7355   |

Saving model with new best validation loss: 55.124

=== EPOCH 3/139 ===
Learning Rate = 0.001000

TRAIN Stats
Total Loss |Smoke Loss|Fire Loss |    _______|Accuracy |Precision|Recall   |F1       |
-----------|----------|----------|    Smoke  |0.6452   |0.7216   |0.4496   |0.5541   |
57.04      |35.93     |21.10     |    Fire   |0.8618   |0.7543   |0.7333   |0.7437   |

VAL Stats
Total Loss |Smoke Loss|Fire Loss |    _______|Accuracy |Precision|Recall   |F1       |
-----------|----------|----------|    Smoke  |0.6674   |0.7909   |0.4198   |0.5484   |
51.98      |34.44     |17.54     |    Fire   |0.8937   |0.8169   |0.7595   |0.7871   |

Saving model with new best validation loss: 51.979

=== EPOCH 4/139 ===
Learning Rate = 0.001000

TRAIN Stats
Total Loss |Smoke Loss|Fire Loss |    _______|Accuracy |Precision|Recall   |F1       |
-----------|----------|----------|    Smoke  |0.6502   |0.7235   |0.4633   |0.5649   |
55.29      |35.38     |19.91     |    Fire   |0.8709   |0.7650   |0.7618   |0.7634   |

VAL Stats
Total Loss |Smoke Loss|Fire Loss |    _______|Accuracy |Precision|Recall   |F1       |
-----------|----------|----------|    Smoke  |0.6618   |0.7668   |0.4270   |0.5486   |
51.18      |34.75     |16.43     |    Fire   |0.8941   |0.7960   |0.7946   |0.7953   |

Saving model with new best validation loss: 51.180

=== EPOCH 5/139 ===
Learning Rate = 0.001000

TRAIN Stats
Total Loss |Smoke Loss|Fire Loss |    _______|Accuracy |Precision|Recall   |F1       |
-----------|----------|----------|    Smoke  |0.6567   |0.7311   |0.4744   |0.5754   |
53.59      |34.89     |18.70     |    Fire   |0.8789   |0.7818   |0.7728   |0.7773   |

VAL Stats
Total Loss |Smoke Loss|Fire Loss |    _______|Accuracy |Precision|Recall   |F1       |
-----------|----------|----------|    Smoke  |0.6824   |0.7396   |0.5245   |0.6137   |
49.34      |33.52     |15.83     |    Fire   |0.8969   |0.7689   |0.8604   |0.8121   |

Saving model with new best validation loss: 49.344

=== EPOCH 6/139 ===
Learning Rate = 0.001000

TRAIN Stats
Total Loss |Smoke Loss|Fire Loss |    _______|Accuracy |Precision|Recall   |F1       |
-----------|----------|----------|    Smoke  |0.6659   |0.7407   |0.4903   |0.5900   |
52.65      |34.31     |18.34     |    Fire   |0.8838   |0.7944   |0.7758   |0.7850   |

VAL Stats
Total Loss |Smoke Loss|Fire Loss |    _______|Accuracy |Precision|Recall   |F1       |
-----------|----------|----------|    Smoke  |0.6805   |0.7900   |0.4576   |0.5795   |
47.20      |32.20     |15.00     |    Fire   |0.9097   |0.8427   |0.8009   |0.8212   |

Saving model with new best validation loss: 47.202

=== EPOCH 7/139 ===
Learning Rate = 0.001000

TRAIN Stats
Total Loss |Smoke Loss|Fire Loss |    _______|Accuracy |Precision|Recall   |F1       |
-----------|----------|----------|    Smoke  |0.6781   |0.7469   |0.5195   |0.6128   |
50.87      |33.54     |17.33     |    Fire   |0.8908   |0.8070   |0.7892   |0.7980   |

VAL Stats
Total Loss |Smoke Loss|Fire Loss |    _______|Accuracy |Precision|Recall   |F1       |
-----------|----------|----------|    Smoke  |0.7066   |0.7595   |0.5710   |0.6519   |
46.88      |32.18     |14.70     |    Fire   |0.9163   |0.8781   |0.7856   |0.8293   |

Saving model with new best validation loss: 46.882

=== EPOCH 8/139 ===
Learning Rate = 0.001000

TRAIN Stats
Total Loss |Smoke Loss|Fire Loss |    _______|Accuracy |Precision|Recall   |F1       |
-----------|----------|----------|    Smoke  |0.6840   |0.7516   |0.5309   |0.6223   |
49.60      |33.14     |16.45     |    Fire   |0.9002   |0.8272   |0.8021   |0.8145   |

VAL Stats
Total Loss |Smoke Loss|Fire Loss |    _______|Accuracy |Precision|Recall   |F1       |
-----------|----------|----------|    Smoke  |0.7010   |0.7233   |0.6132   |0.6637   |
44.83      |31.67     |13.16     |    Fire   |0.9181   |0.8297   |0.8604   |0.8448   |

Saving model with new best validation loss: 44.829

=== EPOCH 9/139 ===
Learning Rate = 0.001000

TRAIN Stats
Total Loss |Smoke Loss|Fire Loss |    _______|Accuracy |Precision|Recall   |F1       |
-----------|----------|----------|    Smoke  |0.6884   |0.7568   |0.5369   |0.6282   |
49.12      |32.86     |16.26     |    Fire   |0.8971   |0.8129   |0.8098   |0.8114   |

VAL Stats
Total Loss |Smoke Loss|Fire Loss |    _______|Accuracy |Precision|Recall   |F1       |
-----------|----------|----------|    Smoke  |0.7111   |0.8155   |0.5162   |0.6322   |
45.43      |30.99     |14.44     |    Fire   |0.9149   |0.9080   |0.7468   |0.8196   |


=== EPOCH 10/139 ===
Learning Rate = 0.001000

TRAIN Stats
Total Loss |Smoke Loss|Fire Loss |    _______|Accuracy |Precision|Recall   |F1       |
-----------|----------|----------|    Smoke  |0.6940   |0.7600   |0.5495   |0.6378   |
48.04      |32.18     |15.86     |    Fire   |0.9025   |0.8281   |0.8118   |0.8199   |

VAL Stats
Total Loss |Smoke Loss|Fire Loss |    _______|Accuracy |Precision|Recall   |F1       |
-----------|----------|----------|    Smoke  |0.7346   |0.7626   |0.6510   |0.7024   |
43.02      |30.54     |12.48     |    Fire   |0.9258   |0.8750   |0.8324   |0.8532   |

Saving model with new best validation loss: 43.023

=== EPOCH 11/139 ===
Learning Rate = 0.001000

TRAIN Stats
Total Loss |Smoke Loss|Fire Loss |    _______|Accuracy |Precision|Recall   |F1       |
-----------|----------|----------|    Smoke  |0.6965   |0.7544   |0.5648   |0.6460   |
47.52      |32.10     |15.42     |    Fire   |0.9050   |0.8332   |0.8158   |0.8244   |

VAL Stats
Total Loss |Smoke Loss|Fire Loss |    _______|Accuracy |Precision|Recall   |F1       |
-----------|----------|----------|    Smoke  |0.7052   |0.8394   |0.4789   |0.6099   |
44.44      |30.21     |14.23     |    Fire   |0.9214   |0.9417   |0.7423   |0.8302   |


=== EPOCH 12/139 ===
Learning Rate = 0.001000

TRAIN Stats
Total Loss |Smoke Loss|Fire Loss |    _______|Accuracy |Precision|Recall   |F1       |
-----------|----------|----------|    Smoke  |0.7066   |0.7650   |0.5797   |0.6596   |
46.54      |31.38     |15.16     |    Fire   |0.9078   |0.8417   |0.8162   |0.8287   |

VAL Stats
Total Loss |Smoke Loss|Fire Loss |    _______|Accuracy |Precision|Recall   |F1       |
-----------|----------|----------|    Smoke  |0.7283   |0.7702   |0.6205   |0.6872   |
41.63      |29.64     |11.99     |    Fire   |0.9223   |0.8131   |0.9090   |0.8584   |

Saving model with new best validation loss: 41.626

=== EPOCH 13/139 ===
Learning Rate = 0.001000

TRAIN Stats
Total Loss |Smoke Loss|Fire Loss |    _______|Accuracy |Precision|Recall   |F1       |
-----------|----------|----------|    Smoke  |0.7083   |0.7602   |0.5920   |0.6656   |
46.13      |31.11     |15.02     |    Fire   |0.9079   |0.8423   |0.8158   |0.8288   |

VAL Stats
Total Loss |Smoke Loss|Fire Loss |    _______|Accuracy |Precision|Recall   |F1       |
-----------|----------|----------|    Smoke  |0.7309   |0.8056   |0.5807   |0.6749   |
40.12      |28.72     |11.40     |    Fire   |0.9293   |0.8524   |0.8793   |0.8656   |

Saving model with new best validation loss: 40.122

=== EPOCH 14/139 ===
Learning Rate = 0.001000

TRAIN Stats
Total Loss |Smoke Loss|Fire Loss |    _______|Accuracy |Precision|Recall   |F1       |
-----------|----------|----------|    Smoke  |0.7196   |0.7731   |0.6059   |0.6793   |
45.09      |30.57     |14.52     |    Fire   |0.9095   |0.8442   |0.8202   |0.8320   |

VAL Stats
Total Loss |Smoke Loss|Fire Loss |    _______|Accuracy |Precision|Recall   |F1       |
-----------|----------|----------|    Smoke  |0.7547   |0.8310   |0.6151   |0.7070   |
38.59      |27.52     |11.08     |    Fire   |0.9359   |0.8841   |0.8658   |0.8748   |

Saving model with new best validation loss: 38.592

=== EPOCH 15/139 ===
Learning Rate = 0.001000

TRAIN Stats
Total Loss |Smoke Loss|Fire Loss |    _______|Accuracy |Precision|Recall   |F1       |
-----------|----------|----------|    Smoke  |0.7233   |0.7688   |0.6231   |0.6883   |
44.53      |30.25     |14.28     |    Fire   |0.9131   |0.8514   |0.8261   |0.8386   |

VAL Stats
Total Loss |Smoke Loss|Fire Loss |    _______|Accuracy |Precision|Recall   |F1       |
-----------|----------|----------|    Smoke  |0.7549   |0.7045   |0.8449   |0.7683   |
39.84      |29.16     |10.67     |    Fire   |0.9417   |0.9127   |0.8568   |0.8838   |


=== EPOCH 16/139 ===
Learning Rate = 0.001000

TRAIN Stats
Total Loss |Smoke Loss|Fire Loss |    _______|Accuracy |Precision|Recall   |F1       |
-----------|----------|----------|    Smoke  |0.7351   |0.7775   |0.6442   |0.7046   |
43.71      |29.75     |13.96     |    Fire   |0.9157   |0.8575   |0.8296   |0.8433   |

VAL Stats
Total Loss |Smoke Loss|Fire Loss |    _______|Accuracy |Precision|Recall   |F1       |
-----------|----------|----------|    Smoke  |0.7799   |0.7839   |0.7489   |0.7660   |
39.24      |27.72     |11.52     |    Fire   |0.9391   |0.9372   |0.8198   |0.8746   |


=== EPOCH 17/139 ===
Learning Rate = 0.001000

TRAIN Stats
Total Loss |Smoke Loss|Fire Loss |    _______|Accuracy |Precision|Recall   |F1       |
-----------|----------|----------|    Smoke  |0.7379   |0.7799   |0.6486   |0.7082   |
43.12      |29.15     |13.97     |    Fire   |0.9154   |0.8533   |0.8339   |0.8435   |

VAL Stats
Total Loss |Smoke Loss|Fire Loss |    _______|Accuracy |Precision|Recall   |F1       |
-----------|----------|----------|    Smoke  |0.7766   |0.7761   |0.7528   |0.7643   |
37.70      |27.18     |10.52     |    Fire   |0.9408   |0.8905   |0.8793   |0.8849   |

Saving model with new best validation loss: 37.700

=== EPOCH 18/139 ===
Learning Rate = 0.001000

TRAIN Stats
Total Loss |Smoke Loss|Fire Loss |    _______|Accuracy |Precision|Recall   |F1       |
-----------|----------|----------|    Smoke  |0.7384   |0.7811   |0.6480   |0.7084   |
42.70      |29.09     |13.61     |    Fire   |0.9171   |0.8571   |0.8362   |0.8465   |

VAL Stats
Total Loss |Smoke Loss|Fire Loss |    _______|Accuracy |Precision|Recall   |F1       |
-----------|----------|----------|    Smoke  |0.7785   |0.7614   |0.7857   |0.7734   |
38.10      |27.55     |10.55     |    Fire   |0.9391   |0.8740   |0.8937   |0.8837   |


=== EPOCH 19/139 ===
Learning Rate = 0.001000

TRAIN Stats
Total Loss |Smoke Loss|Fire Loss |    _______|Accuracy |Precision|Recall   |F1       |
-----------|----------|----------|    Smoke  |0.7447   |0.7799   |0.6678   |0.7195   |
41.85      |28.76     |13.08     |    Fire   |0.9225   |0.8665   |0.8468   |0.8565   |

VAL Stats
Total Loss |Smoke Loss|Fire Loss |    _______|Accuracy |Precision|Recall   |F1       |
-----------|----------|----------|    Smoke  |0.7880   |0.8297   |0.7038   |0.7616   |
36.79      |25.53     |11.25     |    Fire   |0.9377   |0.9219   |0.8297   |0.8734   |

Saving model with new best validation loss: 36.785

=== EPOCH 20/139 ===
Learning Rate = 0.001000

TRAIN Stats
Total Loss |Smoke Loss|Fire Loss |    _______|Accuracy |Precision|Recall   |F1       |
-----------|----------|----------|    Smoke  |0.7501   |0.7840   |0.6766   |0.7264   |
41.36      |28.29     |13.07     |    Fire   |0.9220   |0.8623   |0.8504   |0.8563   |

VAL Stats
Total Loss |Smoke Loss|Fire Loss |    _______|Accuracy |Precision|Recall   |F1       |
-----------|----------|----------|    Smoke  |0.7978   |0.8371   |0.7198   |0.7740   |
34.87      |24.78     |10.09     |    Fire   |0.9440   |0.9273   |0.8505   |0.8872   |

Saving model with new best validation loss: 34.875

=== EPOCH 21/139 ===
Learning Rate = 0.001000

TRAIN Stats
Total Loss |Smoke Loss|Fire Loss |    _______|Accuracy |Precision|Recall   |F1       |
-----------|----------|----------|    Smoke  |0.7524   |0.7869   |0.6789   |0.7289   |
41.32      |28.22     |13.10     |    Fire   |0.9207   |0.8643   |0.8421   |0.8531   |

VAL Stats
Total Loss |Smoke Loss|Fire Loss |    _______|Accuracy |Precision|Recall   |F1       |
-----------|----------|----------|    Smoke  |0.8006   |0.8367   |0.7276   |0.7783   |
34.78      |24.30     |10.47     |    Fire   |0.9380   |0.8499   |0.9234   |0.8851   |

Saving model with new best validation loss: 34.778

=== EPOCH 22/139 ===
Learning Rate = 0.001000

TRAIN Stats
Total Loss |Smoke Loss|Fire Loss |    _______|Accuracy |Precision|Recall   |F1       |
-----------|----------|----------|    Smoke  |0.7593   |0.7923   |0.6900   |0.7376   |
40.20      |27.66     |12.54     |    Fire   |0.9258   |0.8686   |0.8582   |0.8634   |

VAL Stats
Total Loss |Smoke Loss|Fire Loss |    _______|Accuracy |Precision|Recall   |F1       |
-----------|----------|----------|    Smoke  |0.7584   |0.8660   |0.5889   |0.7011   |
35.34      |25.41     |9.93      |    Fire   |0.9443   |0.9208   |0.8586   |0.8886   |


=== EPOCH 23/139 ===
Learning Rate = 0.001000

TRAIN Stats
Total Loss |Smoke Loss|Fire Loss |    _______|Accuracy |Precision|Recall   |F1       |
-----------|----------|----------|    Smoke  |0.7580   |0.7905   |0.6889   |0.7362   |
40.19      |27.53     |12.66     |    Fire   |0.9264   |0.8751   |0.8522   |0.8635   |

VAL Stats
Total Loss |Smoke Loss|Fire Loss |    _______|Accuracy |Precision|Recall   |F1       |
-----------|----------|----------|    Smoke  |0.8113   |0.8059   |0.8008   |0.8033   |
33.82      |24.00     |9.82      |    Fire   |0.9459   |0.8991   |0.8910   |0.8950   |

Saving model with new best validation loss: 33.824

=== EPOCH 24/139 ===
Learning Rate = 0.001000

TRAIN Stats
Total Loss |Smoke Loss|Fire Loss |    _______|Accuracy |Precision|Recall   |F1       |
-----------|----------|----------|    Smoke  |0.7646   |0.7942   |0.7017   |0.7451   |
39.82      |27.37     |12.44     |    Fire   |0.9243   |0.8706   |0.8491   |0.8597   |

VAL Stats
Total Loss |Smoke Loss|Fire Loss |    _______|Accuracy |Precision|Recall   |F1       |
-----------|----------|----------|    Smoke  |0.8146   |0.8518   |0.7441   |0.7943   |
32.73      |23.32     |9.41      |    Fire   |0.9422   |0.8677   |0.9162   |0.8913   |

Saving model with new best validation loss: 32.732

=== EPOCH 25/139 ===
Learning Rate = 0.001000

TRAIN Stats
Total Loss |Smoke Loss|Fire Loss |    _______|Accuracy |Precision|Recall   |F1       |
-----------|----------|----------|    Smoke  |0.7627   |0.7907   |0.7020   |0.7437   |
39.65      |27.20     |12.45     |    Fire   |0.9269   |0.8732   |0.8570   |0.8650   |

VAL Stats
Total Loss |Smoke Loss|Fire Loss |    _______|Accuracy |Precision|Recall   |F1       |
-----------|----------|----------|    Smoke  |0.8062   |0.8697   |0.7024   |0.7772   |
33.19      |23.52     |9.67      |    Fire   |0.9473   |0.9162   |0.8766   |0.8959   |


=== EPOCH 26/139 ===
Learning Rate = 0.001000

TRAIN Stats
Total Loss |Smoke Loss|Fire Loss |    _______|Accuracy |Precision|Recall   |F1       |
-----------|----------|----------|    Smoke  |0.7719   |0.8021   |0.7101   |0.7533   |
38.84      |26.54     |12.30     |    Fire   |0.9276   |0.8761   |0.8562   |0.8660   |

VAL Stats
Total Loss |Smoke Loss|Fire Loss |    _______|Accuracy |Precision|Recall   |F1       |
-----------|----------|----------|    Smoke  |0.8071   |0.8540   |0.7227   |0.7829   |
33.32      |23.75     |9.57      |    Fire   |0.9503   |0.9427   |0.8604   |0.8997   |


=== EPOCH 27/139 ===
Learning Rate = 0.001000

TRAIN Stats
Total Loss |Smoke Loss|Fire Loss |    _______|Accuracy |Precision|Recall   |F1       |
-----------|----------|----------|    Smoke  |0.7736   |0.8009   |0.7166   |0.7564   |
38.63      |26.58     |12.05     |    Fire   |0.9278   |0.8728   |0.8615   |0.8671   |

VAL Stats
Total Loss |Smoke Loss|Fire Loss |    _______|Accuracy |Precision|Recall   |F1       |
-----------|----------|----------|    Smoke  |0.8193   |0.8070   |0.8206   |0.8137   |
32.70      |23.55     |9.15      |    Fire   |0.9459   |0.8837   |0.9108   |0.8971   |

Saving model with new best validation loss: 32.698

=== EPOCH 28/139 ===
Learning Rate = 0.001000

TRAIN Stats
Total Loss |Smoke Loss|Fire Loss |    _______|Accuracy |Precision|Recall   |F1       |
-----------|----------|----------|    Smoke  |0.7753   |0.8083   |0.7102   |0.7561   |
38.64      |26.53     |12.11     |    Fire   |0.9287   |0.8781   |0.8585   |0.8682   |

VAL Stats
Total Loss |Smoke Loss|Fire Loss |    _______|Accuracy |Precision|Recall   |F1       |
-----------|----------|----------|    Smoke  |0.7750   |0.8655   |0.6302   |0.7293   |
34.61      |24.56     |10.05     |    Fire   |0.9457   |0.9553   |0.8288   |0.8876   |


=== EPOCH 29/139 ===
Learning Rate = 0.001000

TRAIN Stats
Total Loss |Smoke Loss|Fire Loss |    _______|Accuracy |Precision|Recall   |F1       |
-----------|----------|----------|    Smoke  |0.7854   |0.8106   |0.7337   |0.7702   |
37.62      |25.77     |11.85     |    Fire   |0.9284   |0.8773   |0.8581   |0.8675   |

VAL Stats
Total Loss |Smoke Loss|Fire Loss |    _______|Accuracy |Precision|Recall   |F1       |
-----------|----------|----------|    Smoke  |0.8256   |0.8599   |0.7615   |0.8077   |
30.95      |22.01     |8.94      |    Fire   |0.9508   |0.9113   |0.8973   |0.9042   |

Saving model with new best validation loss: 30.946

=== EPOCH 30/139 ===
Learning Rate = 0.001000

TRAIN Stats
Total Loss |Smoke Loss|Fire Loss |    _______|Accuracy |Precision|Recall   |F1       |
-----------|----------|----------|    Smoke  |0.7833   |0.8075   |0.7327   |0.7683   |
37.67      |25.64     |12.02     |    Fire   |0.9257   |0.8692   |0.8570   |0.8630   |

VAL Stats
Total Loss |Smoke Loss|Fire Loss |    _______|Accuracy |Precision|Recall   |F1       |
-----------|----------|----------|    Smoke  |0.8293   |0.8831   |0.7436   |0.8074   |
30.58      |21.63     |8.95      |    Fire   |0.9520   |0.9240   |0.8874   |0.9053   |

Saving model with new best validation loss: 30.581

=== EPOCH 31/139 ===
Learning Rate = 0.001000

TRAIN Stats
Total Loss |Smoke Loss|Fire Loss |    _______|Accuracy |Precision|Recall   |F1       |
-----------|----------|----------|    Smoke  |0.7840   |0.8112   |0.7293   |0.7681   |
37.13      |25.58     |11.55     |    Fire   |0.9329   |0.8867   |0.8651   |0.8758   |

VAL Stats
Total Loss |Smoke Loss|Fire Loss |    _______|Accuracy |Precision|Recall   |F1       |
-----------|----------|----------|    Smoke  |0.8267   |0.8445   |0.7843   |0.8133   |
31.20      |22.29     |8.91      |    Fire   |0.9485   |0.8930   |0.9099   |0.9014   |


=== EPOCH 32/139 ===
Learning Rate = 0.001000

TRAIN Stats
Total Loss |Smoke Loss|Fire Loss |    _______|Accuracy |Precision|Recall   |F1       |
-----------|----------|----------|    Smoke  |0.7815   |0.8055   |0.7310   |0.7665   |
36.52      |25.38     |11.14     |    Fire   |0.9339   |0.8848   |0.8717   |0.8782   |

VAL Stats
Total Loss |Smoke Loss|Fire Loss |    _______|Accuracy |Precision|Recall   |F1       |
-----------|----------|----------|    Smoke  |0.8179   |0.7900   |0.8463   |0.8172   |
31.93      |22.80     |9.13      |    Fire   |0.9492   |0.9216   |0.8784   |0.8994   |


=== EPOCH 33/139 ===
Learning Rate = 0.001000

TRAIN Stats
Total Loss |Smoke Loss|Fire Loss |    _______|Accuracy |Precision|Recall   |F1       |
-----------|----------|----------|    Smoke  |0.7883   |0.8085   |0.7447   |0.7753   |
36.95      |25.51     |11.44     |    Fire   |0.9342   |0.8841   |0.8739   |0.8790   |

VAL Stats
Total Loss |Smoke Loss|Fire Loss |    _______|Accuracy |Precision|Recall   |F1       |
-----------|----------|----------|    Smoke  |0.8081   |0.7590   |0.8808   |0.8153   |
35.15      |25.65     |9.51      |    Fire   |0.9478   |0.8761   |0.9297   |0.9021   |


=== EPOCH 34/139 ===
Learning Rate = 0.000800

TRAIN Stats
Total Loss |Smoke Loss|Fire Loss |    _______|Accuracy |Precision|Recall   |F1       |
-----------|----------|----------|    Smoke  |0.7973   |0.8198   |0.7518   |0.7844   |
35.76      |24.59     |11.17     |    Fire   |0.9331   |0.8865   |0.8661   |0.8762   |

VAL Stats
Total Loss |Smoke Loss|Fire Loss |    _______|Accuracy |Precision|Recall   |F1       |
-----------|----------|----------|    Smoke  |0.8377   |0.8626   |0.7882   |0.8237   |
28.76      |20.45     |8.31      |    Fire   |0.9529   |0.9083   |0.9099   |0.9091   |

Saving model with new best validation loss: 28.762

=== EPOCH 35/139 ===
Learning Rate = 0.000800

TRAIN Stats
Total Loss |Smoke Loss|Fire Loss |    _______|Accuracy |Precision|Recall   |F1       |
-----------|----------|----------|    Smoke  |0.7986   |0.8166   |0.7600   |0.7873   |
35.28      |24.39     |10.89     |    Fire   |0.9351   |0.8868   |0.8742   |0.8804   |

VAL Stats
Total Loss |Smoke Loss|Fire Loss |    _______|Accuracy |Precision|Recall   |F1       |
-----------|----------|----------|    Smoke  |0.8438   |0.8114   |0.8798   |0.8442   |
30.37      |21.37     |9.00      |    Fire   |0.9464   |0.8673   |0.9360   |0.9003   |


=== EPOCH 36/139 ===
Learning Rate = 0.000800

TRAIN Stats
Total Loss |Smoke Loss|Fire Loss |    _______|Accuracy |Precision|Recall   |F1       |
-----------|----------|----------|    Smoke  |0.7968   |0.8182   |0.7528   |0.7842   |
35.03      |24.08     |10.95     |    Fire   |0.9344   |0.8899   |0.8672   |0.8784   |

VAL Stats
Total Loss |Smoke Loss|Fire Loss |    _______|Accuracy |Precision|Recall   |F1       |
-----------|----------|----------|    Smoke  |0.8510   |0.8636   |0.8197   |0.8411   |
28.80      |20.28     |8.52      |    Fire   |0.9527   |0.9024   |0.9162   |0.9093   |


=== EPOCH 37/139 ===
Learning Rate = 0.000800

TRAIN Stats
Total Loss |Smoke Loss|Fire Loss |    _______|Accuracy |Precision|Recall   |F1       |
-----------|----------|----------|    Smoke  |0.8049   |0.8238   |0.7660   |0.7938   |
34.42      |23.92     |10.50     |    Fire   |0.9378   |0.8911   |0.8801   |0.8856   |

VAL Stats
Total Loss |Smoke Loss|Fire Loss |    _______|Accuracy |Precision|Recall   |F1       |
-----------|----------|----------|    Smoke  |0.8486   |0.8079   |0.8992   |0.8511   |
29.40      |20.90     |8.50      |    Fire   |0.9510   |0.8934   |0.9207   |0.9068   |


=== EPOCH 38/139 ===
Learning Rate = 0.000640

TRAIN Stats
Total Loss |Smoke Loss|Fire Loss |    _______|Accuracy |Precision|Recall   |F1       |
-----------|----------|----------|    Smoke  |0.8099   |0.8284   |0.7723   |0.7994   |
33.84      |23.38     |10.46     |    Fire   |0.9377   |0.8936   |0.8763   |0.8849   |

VAL Stats
Total Loss |Smoke Loss|Fire Loss |    _______|Accuracy |Precision|Recall   |F1       |
-----------|----------|----------|    Smoke  |0.8396   |0.8590   |0.7974   |0.8270   |
29.36      |20.63     |8.73      |    Fire   |0.9492   |0.8786   |0.9324   |0.9047   |


=== EPOCH 39/139 ===
Learning Rate = 0.000640

TRAIN Stats
Total Loss |Smoke Loss|Fire Loss |    _______|Accuracy |Precision|Recall   |F1       |
-----------|----------|----------|    Smoke  |0.8098   |0.8278   |0.7729   |0.7994   |
34.00      |23.50     |10.50     |    Fire   |0.9392   |0.8958   |0.8800   |0.8878   |

VAL Stats
Total Loss |Smoke Loss|Fire Loss |    _______|Accuracy |Precision|Recall   |F1       |
-----------|----------|----------|    Smoke  |0.8514   |0.9065   |0.7707   |0.8331   |
27.57      |19.17     |8.39      |    Fire   |0.9520   |0.9109   |0.9027   |0.9068   |

Saving model with new best validation loss: 27.567

=== EPOCH 40/139 ===
Learning Rate = 0.000640

TRAIN Stats
Total Loss |Smoke Loss|Fire Loss |    _______|Accuracy |Precision|Recall   |F1       |
-----------|----------|----------|    Smoke  |0.8144   |0.8313   |0.7798   |0.8047   |
32.95      |22.83     |10.13     |    Fire   |0.9410   |0.9013   |0.8808   |0.8909   |

VAL Stats
Total Loss |Smoke Loss|Fire Loss |    _______|Accuracy |Precision|Recall   |F1       |
-----------|----------|----------|    Smoke  |0.8568   |0.8390   |0.8691   |0.8538   |
27.68      |19.67     |8.01      |    Fire   |0.9576   |0.9234   |0.9117   |0.9175   |


=== EPOCH 41/139 ===
Learning Rate = 0.000640

TRAIN Stats
Total Loss |Smoke Loss|Fire Loss |    _______|Accuracy |Precision|Recall   |F1       |
-----------|----------|----------|    Smoke  |0.8171   |0.8287   |0.7904   |0.8091   |
33.47      |23.01     |10.46     |    Fire   |0.9406   |0.9006   |0.8797   |0.8900   |

VAL Stats
Total Loss |Smoke Loss|Fire Loss |    _______|Accuracy |Precision|Recall   |F1       |
-----------|----------|----------|    Smoke  |0.8535   |0.8225   |0.8871   |0.8535   |
28.17      |19.67     |8.50      |    Fire   |0.9510   |0.8873   |0.9288   |0.9076   |


=== EPOCH 42/139 ===
Learning Rate = 0.000640

TRAIN Stats
Total Loss |Smoke Loss|Fire Loss |    _______|Accuracy |Precision|Recall   |F1       |
-----------|----------|----------|    Smoke  |0.8163   |0.8305   |0.7858   |0.8075   |
32.88      |22.77     |10.12     |    Fire   |0.9410   |0.8990   |0.8836   |0.8912   |

VAL Stats
Total Loss |Smoke Loss|Fire Loss |    _______|Accuracy |Precision|Recall   |F1       |
-----------|----------|----------|    Smoke  |0.8640   |0.8426   |0.8822   |0.8619   |
27.31      |19.18     |8.14      |    Fire   |0.9583   |0.9515   |0.8838   |0.9164   |

Saving model with new best validation loss: 27.311

=== EPOCH 43/139 ===
Learning Rate = 0.000640

TRAIN Stats
Total Loss |Smoke Loss|Fire Loss |    _______|Accuracy |Precision|Recall   |F1       |
-----------|----------|----------|    Smoke  |0.8195   |0.8344   |0.7883   |0.8107   |
32.91      |22.65     |10.26     |    Fire   |0.9418   |0.9025   |0.8825   |0.8924   |

VAL Stats
Total Loss |Smoke Loss|Fire Loss |    _______|Accuracy |Precision|Recall   |F1       |
-----------|----------|----------|    Smoke  |0.8687   |0.8505   |0.8822   |0.8660   |
26.23      |18.37     |7.85      |    Fire   |0.9601   |0.9280   |0.9171   |0.9225   |

Saving model with new best validation loss: 26.225

=== EPOCH 44/139 ===
Learning Rate = 0.000640

TRAIN Stats
Total Loss |Smoke Loss|Fire Loss |    _______|Accuracy |Precision|Recall   |F1       |
-----------|----------|----------|    Smoke  |0.8241   |0.8373   |0.7959   |0.8161   |
32.08      |22.07     |10.00     |    Fire   |0.9409   |0.8998   |0.8820   |0.8908   |

VAL Stats
Total Loss |Smoke Loss|Fire Loss |    _______|Accuracy |Precision|Recall   |F1       |
-----------|----------|----------|    Smoke  |0.8640   |0.8514   |0.8691   |0.8602   |
26.68      |18.50     |8.18      |    Fire   |0.9520   |0.8863   |0.9342   |0.9096   |


=== EPOCH 45/139 ===
Learning Rate = 0.000640

TRAIN Stats
Total Loss |Smoke Loss|Fire Loss |    _______|Accuracy |Precision|Recall   |F1       |
-----------|----------|----------|    Smoke  |0.8227   |0.8370   |0.7928   |0.8143   |
31.94      |22.09     |9.85      |    Fire   |0.9429   |0.8995   |0.8906   |0.8950   |

VAL Stats
Total Loss |Smoke Loss|Fire Loss |    _______|Accuracy |Precision|Recall   |F1       |
-----------|----------|----------|    Smoke  |0.8659   |0.8283   |0.9098   |0.8672   |
27.32      |18.95     |8.37      |    Fire   |0.9545   |0.8900   |0.9405   |0.9146   |


=== EPOCH 46/139 ===
Learning Rate = 0.000640

TRAIN Stats
Total Loss |Smoke Loss|Fire Loss |    _______|Accuracy |Precision|Recall   |F1       |
-----------|----------|----------|    Smoke  |0.8253   |0.8377   |0.7984   |0.8176   |
32.11      |22.16     |9.95      |    Fire   |0.9439   |0.9051   |0.8880   |0.8965   |

VAL Stats
Total Loss |Smoke Loss|Fire Loss |    _______|Accuracy |Precision|Recall   |F1       |
-----------|----------|----------|    Smoke  |0.8312   |0.9219   |0.7092   |0.8016   |
29.93      |20.10     |9.84      |    Fire   |0.9487   |0.9714   |0.8261   |0.8929   |


=== EPOCH 47/139 ===
Learning Rate = 0.000512

TRAIN Stats
Total Loss |Smoke Loss|Fire Loss |    _______|Accuracy |Precision|Recall   |F1       |
-----------|----------|----------|    Smoke  |0.8310   |0.8457   |0.8017   |0.8231   |
31.32      |21.58     |9.74      |    Fire   |0.9432   |0.9008   |0.8901   |0.8954   |

VAL Stats
Total Loss |Smoke Loss|Fire Loss |    _______|Accuracy |Precision|Recall   |F1       |
-----------|----------|----------|    Smoke  |0.8724   |0.8809   |0.8497   |0.8650   |
25.43      |17.81     |7.61      |    Fire   |0.9590   |0.9300   |0.9099   |0.9199   |

Saving model with new best validation loss: 25.428

=== EPOCH 48/139 ===
Learning Rate = 0.000512

TRAIN Stats
Total Loss |Smoke Loss|Fire Loss |    _______|Accuracy |Precision|Recall   |F1       |
-----------|----------|----------|    Smoke  |0.8296   |0.8438   |0.8008   |0.8217   |
30.91      |21.47     |9.44      |    Fire   |0.9451   |0.9069   |0.8904   |0.8986   |

VAL Stats
Total Loss |Smoke Loss|Fire Loss |    _______|Accuracy |Precision|Recall   |F1       |
-----------|----------|----------|    Smoke  |0.8722   |0.8927   |0.8347   |0.8627   |
25.17      |17.75     |7.42      |    Fire   |0.9608   |0.9282   |0.9198   |0.9240   |

Saving model with new best validation loss: 25.166

=== EPOCH 49/139 ===
Learning Rate = 0.000512

TRAIN Stats
Total Loss |Smoke Loss|Fire Loss |    _______|Accuracy |Precision|Recall   |F1       |
-----------|----------|----------|    Smoke  |0.8348   |0.8444   |0.8130   |0.8284   |
30.57      |21.00     |9.57      |    Fire   |0.9455   |0.9043   |0.8955   |0.8999   |

VAL Stats
Total Loss |Smoke Loss|Fire Loss |    _______|Accuracy |Precision|Recall   |F1       |
-----------|----------|----------|    Smoke  |0.8783   |0.8945   |0.8468   |0.8700   |
25.86      |17.53     |8.32      |    Fire   |0.9583   |0.9515   |0.8838   |0.9164   |


=== EPOCH 50/139 ===
Learning Rate = 0.000512

TRAIN Stats
Total Loss |Smoke Loss|Fire Loss |    _______|Accuracy |Precision|Recall   |F1       |
-----------|----------|----------|    Smoke  |0.8313   |0.8449   |0.8035   |0.8237   |
30.78      |21.38     |9.41      |    Fire   |0.9480   |0.9140   |0.8939   |0.9038   |

VAL Stats
Total Loss |Smoke Loss|Fire Loss |    _______|Accuracy |Precision|Recall   |F1       |
-----------|----------|----------|    Smoke  |0.8685   |0.8520   |0.8793   |0.8655   |
25.80      |17.94     |7.86      |    Fire   |0.9559   |0.9015   |0.9315   |0.9163   |


=== EPOCH 51/139 ===
Learning Rate = 0.000512

TRAIN Stats
Total Loss |Smoke Loss|Fire Loss |    _______|Accuracy |Precision|Recall   |F1       |
-----------|----------|----------|    Smoke  |0.8389   |0.8509   |0.8140   |0.8320   |
30.28      |20.63     |9.65      |    Fire   |0.9433   |0.9005   |0.8910   |0.8957   |

VAL Stats
Total Loss |Smoke Loss|Fire Loss |    _______|Accuracy |Precision|Recall   |F1       |
-----------|----------|----------|    Smoke  |0.8689   |0.9016   |0.8168   |0.8571   |
26.06      |18.14     |7.91      |    Fire   |0.9604   |0.9485   |0.8955   |0.9212   |


=== EPOCH 52/139 ===
Learning Rate = 0.000410

TRAIN Stats
Total Loss |Smoke Loss|Fire Loss |    _______|Accuracy |Precision|Recall   |F1       |
-----------|----------|----------|    Smoke  |0.8382   |0.8522   |0.8104   |0.8308   |
29.90      |20.52     |9.38      |    Fire   |0.9463   |0.9095   |0.8925   |0.9009   |

VAL Stats
Total Loss |Smoke Loss|Fire Loss |    _______|Accuracy |Precision|Recall   |F1       |
-----------|----------|----------|    Smoke  |0.8720   |0.8704   |0.8623   |0.8663   |
24.80      |17.30     |7.50      |    Fire   |0.9594   |0.9179   |0.9261   |0.9220   |

Saving model with new best validation loss: 24.800

=== EPOCH 53/139 ===
Learning Rate = 0.000410

TRAIN Stats
Total Loss |Smoke Loss|Fire Loss |    _______|Accuracy |Precision|Recall   |F1       |
-----------|----------|----------|    Smoke  |0.8410   |0.8510   |0.8192   |0.8348   |
29.62      |20.49     |9.12      |    Fire   |0.9470   |0.9062   |0.8993   |0.9028   |

VAL Stats
Total Loss |Smoke Loss|Fire Loss |    _______|Accuracy |Precision|Recall   |F1       |
-----------|----------|----------|    Smoke  |0.8755   |0.8828   |0.8546   |0.8685   |
24.44      |16.75     |7.69      |    Fire   |0.9557   |0.9071   |0.9234   |0.9152   |

Saving model with new best validation loss: 24.442

=== EPOCH 54/139 ===
Learning Rate = 0.000410

TRAIN Stats
Total Loss |Smoke Loss|Fire Loss |    _______|Accuracy |Precision|Recall   |F1       |
-----------|----------|----------|    Smoke  |0.8427   |0.8541   |0.8191   |0.8363   |
29.26      |19.93     |9.33      |    Fire   |0.9462   |0.9063   |0.8957   |0.9009   |

VAL Stats
Total Loss |Smoke Loss|Fire Loss |    _______|Accuracy |Precision|Recall   |F1       |
-----------|----------|----------|    Smoke  |0.8841   |0.9015   |0.8522   |0.8762   |
24.08      |16.17     |7.90      |    Fire   |0.9594   |0.9309   |0.9108   |0.9208   |

Saving model with new best validation loss: 24.076

=== EPOCH 55/139 ===
Learning Rate = 0.000410

TRAIN Stats
Total Loss |Smoke Loss|Fire Loss |    _______|Accuracy |Precision|Recall   |F1       |
-----------|----------|----------|    Smoke  |0.8424   |0.8539   |0.8185   |0.8359   |
29.50      |20.40     |9.11      |    Fire   |0.9480   |0.9104   |0.8982   |0.9042   |

VAL Stats
Total Loss |Smoke Loss|Fire Loss |    _______|Accuracy |Precision|Recall   |F1       |
-----------|----------|----------|    Smoke  |0.8790   |0.8988   |0.8434   |0.8702   |
26.47      |17.48     |8.99      |    Fire   |0.9513   |0.9640   |0.8432   |0.8996   |


=== EPOCH 56/139 ===
Learning Rate = 0.000410

TRAIN Stats
Total Loss |Smoke Loss|Fire Loss |    _______|Accuracy |Precision|Recall   |F1       |
-----------|----------|----------|    Smoke  |0.8442   |0.8535   |0.8235   |0.8382   |
29.20      |20.06     |9.14      |    Fire   |0.9487   |0.9129   |0.8978   |0.9053   |

VAL Stats
Total Loss |Smoke Loss|Fire Loss |    _______|Accuracy |Precision|Recall   |F1       |
-----------|----------|----------|    Smoke  |0.8848   |0.8695   |0.8948   |0.8820   |
24.44      |16.59     |7.85      |    Fire   |0.9562   |0.8947   |0.9414   |0.9175   |


=== EPOCH 57/139 ===
Learning Rate = 0.000410

TRAIN Stats
Total Loss |Smoke Loss|Fire Loss |    _______|Accuracy |Precision|Recall   |F1       |
-----------|----------|----------|    Smoke  |0.8431   |0.8535   |0.8208   |0.8368   |
29.19      |20.05     |9.14      |    Fire   |0.9470   |0.9086   |0.8963   |0.9024   |

VAL Stats
Total Loss |Smoke Loss|Fire Loss |    _______|Accuracy |Precision|Recall   |F1       |
-----------|----------|----------|    Smoke  |0.8755   |0.8717   |0.8691   |0.8704   |
24.24      |16.86     |7.38      |    Fire   |0.9613   |0.9268   |0.9234   |0.9251   |


=== EPOCH 58/139 ===
Learning Rate = 0.000328

TRAIN Stats
Total Loss |Smoke Loss|Fire Loss |    _______|Accuracy |Precision|Recall   |F1       |
-----------|----------|----------|    Smoke  |0.8464   |0.8568   |0.8244   |0.8403   |
28.65      |19.64     |9.00      |    Fire   |0.9476   |0.9099   |0.8972   |0.9035   |

VAL Stats
Total Loss |Smoke Loss|Fire Loss |    _______|Accuracy |Precision|Recall   |F1       |
-----------|----------|----------|    Smoke  |0.8813   |0.9034   |0.8434   |0.8724   |
23.91      |16.35     |7.56      |    Fire   |0.9571   |0.9033   |0.9342   |0.9185   |

Saving model with new best validation loss: 23.910

=== EPOCH 59/139 ===
Learning Rate = 0.000328

TRAIN Stats
Total Loss |Smoke Loss|Fire Loss |    _______|Accuracy |Precision|Recall   |F1       |
-----------|----------|----------|    Smoke  |0.8494   |0.8597   |0.8279   |0.8435   |
28.43      |19.47     |8.96      |    Fire   |0.9479   |0.9095   |0.8988   |0.9041   |

VAL Stats
Total Loss |Smoke Loss|Fire Loss |    _______|Accuracy |Precision|Recall   |F1       |
-----------|----------|----------|    Smoke  |0.8869   |0.9030   |0.8570   |0.8794   |
23.11      |15.85     |7.26      |    Fire   |0.9608   |0.9228   |0.9261   |0.9245   |

Saving model with new best validation loss: 23.107

=== EPOCH 60/139 ===
Learning Rate = 0.000328

TRAIN Stats
Total Loss |Smoke Loss|Fire Loss |    _______|Accuracy |Precision|Recall   |F1       |
-----------|----------|----------|    Smoke  |0.8497   |0.8621   |0.8256   |0.8434   |
28.14      |19.30     |8.83      |    Fire   |0.9498   |0.9147   |0.9001   |0.9074   |

VAL Stats
Total Loss |Smoke Loss|Fire Loss |    _______|Accuracy |Precision|Recall   |F1       |
-----------|----------|----------|    Smoke  |0.8839   |0.8811   |0.8769   |0.8790   |
23.43      |16.05     |7.38      |    Fire   |0.9601   |0.9173   |0.9297   |0.9235   |


=== EPOCH 61/139 ===
Learning Rate = 0.000328

TRAIN Stats
Total Loss |Smoke Loss|Fire Loss |    _______|Accuracy |Precision|Recall   |F1       |
-----------|----------|----------|    Smoke  |0.8554   |0.8652   |0.8352   |0.8499   |
27.69      |19.02     |8.67      |    Fire   |0.9499   |0.9142   |0.9012   |0.9077   |

VAL Stats
Total Loss |Smoke Loss|Fire Loss |    _______|Accuracy |Precision|Recall   |F1       |
-----------|----------|----------|    Smoke  |0.8895   |0.8653   |0.9123   |0.8882   |
23.50      |16.10     |7.40      |    Fire   |0.9592   |0.9163   |0.9270   |0.9216   |


=== EPOCH 62/139 ===
Learning Rate = 0.000328

TRAIN Stats
Total Loss |Smoke Loss|Fire Loss |    _______|Accuracy |Precision|Recall   |F1       |
-----------|----------|----------|    Smoke  |0.8536   |0.8618   |0.8355   |0.8484   |
27.53      |18.87     |8.66      |    Fire   |0.9499   |0.9130   |0.9029   |0.9079   |

VAL Stats
Total Loss |Smoke Loss|Fire Loss |    _______|Accuracy |Precision|Recall   |F1       |
-----------|----------|----------|    Smoke  |0.8876   |0.9003   |0.8619   |0.8806   |
23.20      |15.79     |7.41      |    Fire   |0.9641   |0.9623   |0.8964   |0.9282   |


=== EPOCH 63/139 ===
Learning Rate = 0.000262

TRAIN Stats
Total Loss |Smoke Loss|Fire Loss |    _______|Accuracy |Precision|Recall   |F1       |
-----------|----------|----------|    Smoke  |0.8526   |0.8643   |0.8298   |0.8467   |
27.64      |19.24     |8.41      |    Fire   |0.9525   |0.9195   |0.9054   |0.9124   |

VAL Stats
Total Loss |Smoke Loss|Fire Loss |    _______|Accuracy |Precision|Recall   |F1       |
-----------|----------|----------|    Smoke  |0.8923   |0.9086   |0.8628   |0.8851   |
22.71      |15.38     |7.34      |    Fire   |0.9618   |0.9292   |0.9225   |0.9259   |

Saving model with new best validation loss: 22.714

=== EPOCH 64/139 ===
Learning Rate = 0.000262

TRAIN Stats
Total Loss |Smoke Loss|Fire Loss |    _______|Accuracy |Precision|Recall   |F1       |
-----------|----------|----------|    Smoke  |0.8592   |0.8717   |0.8358   |0.8534   |
26.93      |18.67     |8.26      |    Fire   |0.9528   |0.9214   |0.9046   |0.9129   |

VAL Stats
Total Loss |Smoke Loss|Fire Loss |    _______|Accuracy |Precision|Recall   |F1       |
-----------|----------|----------|    Smoke  |0.8832   |0.9185   |0.8308   |0.8725   |
23.43      |15.96     |7.47      |    Fire   |0.9625   |0.9389   |0.9144   |0.9265   |


=== EPOCH 65/139 ===
Learning Rate = 0.000262

TRAIN Stats
Total Loss |Smoke Loss|Fire Loss |    _______|Accuracy |Precision|Recall   |F1       |
-----------|----------|----------|    Smoke  |0.8542   |0.8621   |0.8365   |0.8491   |
27.05      |18.77     |8.28      |    Fire   |0.9531   |0.9199   |0.9076   |0.9137   |

VAL Stats
Total Loss |Smoke Loss|Fire Loss |    _______|Accuracy |Precision|Recall   |F1       |
-----------|----------|----------|    Smoke  |0.8920   |0.9020   |0.8701   |0.8858   |
22.33      |15.06     |7.27      |    Fire   |0.9613   |0.9346   |0.9144   |0.9244   |

Saving model with new best validation loss: 22.332

=== EPOCH 66/139 ===
Learning Rate = 0.000262

TRAIN Stats
Total Loss |Smoke Loss|Fire Loss |    _______|Accuracy |Precision|Recall   |F1       |
-----------|----------|----------|    Smoke  |0.8557   |0.8675   |0.8329   |0.8499   |
27.13      |18.59     |8.54      |    Fire   |0.9512   |0.9180   |0.9020   |0.9100   |

VAL Stats
Total Loss |Smoke Loss|Fire Loss |    _______|Accuracy |Precision|Recall   |F1       |
-----------|----------|----------|    Smoke  |0.8948   |0.8936   |0.8871   |0.8903   |
22.25      |15.06     |7.19      |    Fire   |0.9620   |0.9277   |0.9252   |0.9265   |

Saving model with new best validation loss: 22.252

=== EPOCH 67/139 ===
Learning Rate = 0.000262

TRAIN Stats
Total Loss |Smoke Loss|Fire Loss |    _______|Accuracy |Precision|Recall   |F1       |
-----------|----------|----------|    Smoke  |0.8594   |0.8694   |0.8394   |0.8541   |
26.89      |18.57     |8.31      |    Fire   |0.9526   |0.9203   |0.9050   |0.9126   |

VAL Stats
Total Loss |Smoke Loss|Fire Loss |    _______|Accuracy |Precision|Recall   |F1       |
-----------|----------|----------|    Smoke  |0.8890   |0.8985   |0.8672   |0.8826   |
22.21      |15.05     |7.15      |    Fire   |0.9620   |0.9239   |0.9297   |0.9268   |

Saving model with new best validation loss: 22.206

=== EPOCH 68/139 ===
Learning Rate = 0.000262

TRAIN Stats
Total Loss |Smoke Loss|Fire Loss |    _______|Accuracy |Precision|Recall   |F1       |
-----------|----------|----------|    Smoke  |0.8586   |0.8717   |0.8345   |0.8527   |
26.84      |18.45     |8.38      |    Fire   |0.9516   |0.9191   |0.9025   |0.9107   |

VAL Stats
Total Loss |Smoke Loss|Fire Loss |    _______|Accuracy |Precision|Recall   |F1       |
-----------|----------|----------|    Smoke  |0.8937   |0.8972   |0.8798   |0.8884   |
22.73      |15.11     |7.62      |    Fire   |0.9576   |0.9128   |0.9243   |0.9185   |


=== EPOCH 69/139 ===
Learning Rate = 0.000262

TRAIN Stats
Total Loss |Smoke Loss|Fire Loss |    _______|Accuracy |Precision|Recall   |F1       |
-----------|----------|----------|    Smoke  |0.8554   |0.8654   |0.8350   |0.8499   |
26.70      |18.66     |8.03      |    Fire   |0.9532   |0.9203   |0.9076   |0.9139   |

VAL Stats
Total Loss |Smoke Loss|Fire Loss |    _______|Accuracy |Precision|Recall   |F1       |
-----------|----------|----------|    Smoke  |0.8979   |0.8763   |0.9171   |0.8963   |
22.23      |15.06     |7.17      |    Fire   |0.9629   |0.9295   |0.9270   |0.9283   |


=== EPOCH 70/139 ===
Learning Rate = 0.000262

TRAIN Stats
Total Loss |Smoke Loss|Fire Loss |    _______|Accuracy |Precision|Recall   |F1       |
-----------|----------|----------|    Smoke  |0.8615   |0.8717   |0.8414   |0.8563   |
26.86      |18.41     |8.45      |    Fire   |0.9516   |0.9180   |0.9035   |0.9107   |

VAL Stats
Total Loss |Smoke Loss|Fire Loss |    _______|Accuracy |Precision|Recall   |F1       |
-----------|----------|----------|    Smoke  |0.8953   |0.8854   |0.8987   |0.8920   |
22.38      |15.09     |7.28      |    Fire   |0.9622   |0.9263   |0.9279   |0.9271   |


=== EPOCH 71/139 ===
Learning Rate = 0.000210

TRAIN Stats
Total Loss |Smoke Loss|Fire Loss |    _______|Accuracy |Precision|Recall   |F1       |
-----------|----------|----------|    Smoke  |0.8638   |0.8721   |0.8463   |0.8590   |
26.55      |18.11     |8.44      |    Fire   |0.9512   |0.9178   |0.9020   |0.9099   |

VAL Stats
Total Loss |Smoke Loss|Fire Loss |    _______|Accuracy |Precision|Recall   |F1       |
-----------|----------|----------|    Smoke  |0.8995   |0.8871   |0.9064   |0.8967   |
21.96      |14.97     |6.99      |    Fire   |0.9648   |0.9371   |0.9261   |0.9316   |

Saving model with new best validation loss: 21.961

=== EPOCH 72/139 ===
Learning Rate = 0.000210

TRAIN Stats
Total Loss |Smoke Loss|Fire Loss |    _______|Accuracy |Precision|Recall   |F1       |
-----------|----------|----------|    Smoke  |0.8647   |0.8750   |0.8448   |0.8596   |
26.17      |18.00     |8.18      |    Fire   |0.9527   |0.9197   |0.9061   |0.9128   |

VAL Stats
Total Loss |Smoke Loss|Fire Loss |    _______|Accuracy |Precision|Recall   |F1       |
-----------|----------|----------|    Smoke  |0.9035   |0.9044   |0.8938   |0.8991   |
21.77      |14.55     |7.22      |    Fire   |0.9634   |0.9360   |0.9216   |0.9287   |

Saving model with new best validation loss: 21.768

=== EPOCH 73/139 ===
Learning Rate = 0.000210

TRAIN Stats
Total Loss |Smoke Loss|Fire Loss |    _______|Accuracy |Precision|Recall   |F1       |
-----------|----------|----------|    Smoke  |0.8612   |0.8720   |0.8402   |0.8558   |
26.26      |18.16     |8.10      |    Fire   |0.9533   |0.9223   |0.9054   |0.9138   |

VAL Stats
Total Loss |Smoke Loss|Fire Loss |    _______|Accuracy |Precision|Recall   |F1       |
-----------|----------|----------|    Smoke  |0.9058   |0.8867   |0.9220   |0.9040   |
21.74      |14.64     |7.10      |    Fire   |0.9597   |0.9240   |0.9198   |0.9219   |

Saving model with new best validation loss: 21.738
Saving model with new best smoke precision: 0.887

=== EPOCH 74/139 ===
Learning Rate = 0.000210

TRAIN Stats
Total Loss |Smoke Loss|Fire Loss |    _______|Accuracy |Precision|Recall   |F1       |
-----------|----------|----------|    Smoke  |0.8652   |0.8748   |0.8461   |0.8602   |
26.07      |17.83     |8.23      |    Fire   |0.9503   |0.9132   |0.9039   |0.9086   |

VAL Stats
Total Loss |Smoke Loss|Fire Loss |    _______|Accuracy |Precision|Recall   |F1       |
-----------|----------|----------|    Smoke  |0.8972   |0.8772   |0.9142   |0.8953   |
22.22      |15.02     |7.20      |    Fire   |0.9587   |0.9125   |0.9297   |0.9210   |


=== EPOCH 75/139 ===
Learning Rate = 0.000210

TRAIN Stats
Total Loss |Smoke Loss|Fire Loss |    _______|Accuracy |Precision|Recall   |F1       |
-----------|----------|----------|    Smoke  |0.8655   |0.8764   |0.8449   |0.8604   |
25.66      |17.79     |7.87      |    Fire   |0.9550   |0.9224   |0.9120   |0.9172   |

VAL Stats
Total Loss |Smoke Loss|Fire Loss |    _______|Accuracy |Precision|Recall   |F1       |
-----------|----------|----------|    Smoke  |0.9023   |0.8792   |0.9239   |0.9010   |
21.78      |14.66     |7.12      |    Fire   |0.9615   |0.9185   |0.9342   |0.9263   |


=== EPOCH 76/139 ===
Learning Rate = 0.000210

TRAIN Stats
Total Loss |Smoke Loss|Fire Loss |    _______|Accuracy |Precision|Recall   |F1       |
-----------|----------|----------|    Smoke  |0.8664   |0.8742   |0.8499   |0.8619   |
25.68      |17.78     |7.90      |    Fire   |0.9556   |0.9255   |0.9108   |0.9181   |

VAL Stats
Total Loss |Smoke Loss|Fire Loss |    _______|Accuracy |Precision|Recall   |F1       |
-----------|----------|----------|    Smoke  |0.9032   |0.8924   |0.9084   |0.9003   |
21.26      |14.28     |6.98      |    Fire   |0.9629   |0.9303   |0.9261   |0.9282   |

Saving model with new best validation loss: 21.261
Saving model with new best smoke precision: 0.892

=== EPOCH 77/139 ===
Learning Rate = 0.000210

TRAIN Stats
Total Loss |Smoke Loss|Fire Loss |    _______|Accuracy |Precision|Recall   |F1       |
-----------|----------|----------|    Smoke  |0.8637   |0.8746   |0.8429   |0.8585   |
25.69      |17.93     |7.76      |    Fire   |0.9560   |0.9243   |0.9137   |0.9190   |

VAL Stats
Total Loss |Smoke Loss|Fire Loss |    _______|Accuracy |Precision|Recall   |F1       |
-----------|----------|----------|    Smoke  |0.8948   |0.8963   |0.8837   |0.8899   |
21.51      |14.50     |7.02      |    Fire   |0.9632   |0.9304   |0.9270   |0.9287   |


=== EPOCH 78/139 ===
Learning Rate = 0.000210

TRAIN Stats
Total Loss |Smoke Loss|Fire Loss |    _______|Accuracy |Precision|Recall   |F1       |
-----------|----------|----------|    Smoke  |0.8662   |0.8764   |0.8465   |0.8612   |
26.00      |17.84     |8.16      |    Fire   |0.9521   |0.9176   |0.9061   |0.9118   |

VAL Stats
Total Loss |Smoke Loss|Fire Loss |    _______|Accuracy |Precision|Recall   |F1       |
-----------|----------|----------|    Smoke  |0.9002   |0.8998   |0.8919   |0.8958   |
21.63      |14.46     |7.17      |    Fire   |0.9601   |0.9166   |0.9306   |0.9236   |


=== EPOCH 79/139 ===
Learning Rate = 0.000210

TRAIN Stats
Total Loss |Smoke Loss|Fire Loss |    _______|Accuracy |Precision|Recall   |F1       |
-----------|----------|----------|    Smoke  |0.8698   |0.8798   |0.8506   |0.8650   |
25.34      |17.35     |7.99      |    Fire   |0.9536   |0.9206   |0.9088   |0.9147   |

VAL Stats
Total Loss |Smoke Loss|Fire Loss |    _______|Accuracy |Precision|Recall   |F1       |
-----------|----------|----------|    Smoke  |0.9021   |0.8940   |0.9035   |0.8987   |
21.39      |14.25     |7.14      |    Fire   |0.9615   |0.9245   |0.9270   |0.9258   |


=== EPOCH 80/139 ===
Learning Rate = 0.000168

TRAIN Stats
Total Loss |Smoke Loss|Fire Loss |    _______|Accuracy |Precision|Recall   |F1       |
-----------|----------|----------|    Smoke  |0.8661   |0.8738   |0.8496   |0.8615   |
25.75      |17.76     |7.99      |    Fire   |0.9542   |0.9204   |0.9112   |0.9158   |

VAL Stats
Total Loss |Smoke Loss|Fire Loss |    _______|Accuracy |Precision|Recall   |F1       |
-----------|----------|----------|    Smoke  |0.9021   |0.8990   |0.8972   |0.8981   |
21.21      |14.00     |7.21      |    Fire   |0.9599   |0.9225   |0.9225   |0.9225   |

Saving model with new best validation loss: 21.209

=== EPOCH 81/139 ===
Learning Rate = 0.000168

TRAIN Stats
Total Loss |Smoke Loss|Fire Loss |    _______|Accuracy |Precision|Recall   |F1       |
-----------|----------|----------|    Smoke  |0.8692   |0.8772   |0.8525   |0.8647   |
25.23      |17.39     |7.84      |    Fire   |0.9560   |0.9258   |0.9122   |0.9189   |

VAL Stats
Total Loss |Smoke Loss|Fire Loss |    _______|Accuracy |Precision|Recall   |F1       |
-----------|----------|----------|    Smoke  |0.8981   |0.9174   |0.8662   |0.8910   |
21.39      |14.21     |7.17      |    Fire   |0.9625   |0.9279   |0.9270   |0.9274   |


=== EPOCH 82/139 ===
Learning Rate = 0.000168

TRAIN Stats
Total Loss |Smoke Loss|Fire Loss |    _______|Accuracy |Precision|Recall   |F1       |
-----------|----------|----------|    Smoke  |0.8706   |0.8803   |0.8520   |0.8659   |
24.92      |17.27     |7.65      |    Fire   |0.9563   |0.9274   |0.9114   |0.9193   |

VAL Stats
Total Loss |Smoke Loss|Fire Loss |    _______|Accuracy |Precision|Recall   |F1       |
-----------|----------|----------|    Smoke  |0.9095   |0.8949   |0.9200   |0.9073   |
21.06      |14.10     |6.95      |    Fire   |0.9636   |0.9313   |0.9279   |0.9296   |

Saving model with new best validation loss: 21.058
Saving model with new best smoke precision: 0.895

=== EPOCH 83/139 ===
Learning Rate = 0.000168

TRAIN Stats
Total Loss |Smoke Loss|Fire Loss |    _______|Accuracy |Precision|Recall   |F1       |
-----------|----------|----------|    Smoke  |0.8720   |0.8826   |0.8524   |0.8672   |
24.81      |17.16     |7.65      |    Fire   |0.9583   |0.9266   |0.9203   |0.9235   |

VAL Stats
Total Loss |Smoke Loss|Fire Loss |    _______|Accuracy |Precision|Recall   |F1       |
-----------|----------|----------|    Smoke  |0.9069   |0.9015   |0.9055   |0.9035   |
20.83      |13.88     |6.95      |    Fire   |0.9625   |0.9318   |0.9225   |0.9271   |

Saving model with new best validation loss: 20.831
Saving model with new best smoke precision: 0.902
Saving model with precision > 0.9 and recall > 0.9

=== EPOCH 84/139 ===
Learning Rate = 0.000168

TRAIN Stats
Total Loss |Smoke Loss|Fire Loss |    _______|Accuracy |Precision|Recall   |F1       |
-----------|----------|----------|    Smoke  |0.8696   |0.8807   |0.8491   |0.8646   |
25.09      |17.20     |7.90      |    Fire   |0.9550   |0.9213   |0.9135   |0.9174   |

VAL Stats
Total Loss |Smoke Loss|Fire Loss |    _______|Accuracy |Precision|Recall   |F1       |
-----------|----------|----------|    Smoke  |0.9065   |0.8988   |0.9079   |0.9033   |
20.80      |13.88     |6.93      |    Fire   |0.9634   |0.9336   |0.9243   |0.9289   |

Saving model with new best validation loss: 20.804

=== EPOCH 85/139 ===
Learning Rate = 0.000168

TRAIN Stats
Total Loss |Smoke Loss|Fire Loss |    _______|Accuracy |Precision|Recall   |F1       |
-----------|----------|----------|    Smoke  |0.8727   |0.8813   |0.8556   |0.8683   |
24.98      |17.08     |7.90      |    Fire   |0.9547   |0.9214   |0.9120   |0.9167   |

VAL Stats
Total Loss |Smoke Loss|Fire Loss |    _______|Accuracy |Precision|Recall   |F1       |
-----------|----------|----------|    Smoke  |0.8974   |0.9260   |0.8551   |0.8891   |
21.23      |14.24     |6.99      |    Fire   |0.9639   |0.9450   |0.9135   |0.9290   |


=== EPOCH 86/139 ===
Learning Rate = 0.000168

TRAIN Stats
Total Loss |Smoke Loss|Fire Loss |    _______|Accuracy |Precision|Recall   |F1       |
-----------|----------|----------|    Smoke  |0.8695   |0.8814   |0.8479   |0.8643   |
24.84      |17.22     |7.62      |    Fire   |0.9566   |0.9267   |0.9135   |0.9200   |

VAL Stats
Total Loss |Smoke Loss|Fire Loss |    _______|Accuracy |Precision|Recall   |F1       |
-----------|----------|----------|    Smoke  |0.8995   |0.9080   |0.8803   |0.8939   |
21.32      |14.22     |7.10      |    Fire   |0.9622   |0.9278   |0.9261   |0.9270   |


=== EPOCH 87/139 ===
Learning Rate = 0.000168

TRAIN Stats
Total Loss |Smoke Loss|Fire Loss |    _______|Accuracy |Precision|Recall   |F1       |
-----------|----------|----------|    Smoke  |0.8706   |0.8798   |0.8525   |0.8660   |
24.88      |17.13     |7.75      |    Fire   |0.9561   |0.9258   |0.9125   |0.9191   |

VAL Stats
Total Loss |Smoke Loss|Fire Loss |    _______|Accuracy |Precision|Recall   |F1       |
-----------|----------|----------|    Smoke  |0.9049   |0.8927   |0.9118   |0.9022   |
20.81      |13.81     |7.00      |    Fire   |0.9622   |0.9225   |0.9324   |0.9274   |


=== EPOCH 88/139 ===
Learning Rate = 0.000134

TRAIN Stats
Total Loss |Smoke Loss|Fire Loss |    _______|Accuracy |Precision|Recall   |F1       |
-----------|----------|----------|    Smoke  |0.8765   |0.8848   |0.8601   |0.8723   |
23.97      |16.58     |7.39      |    Fire   |0.9591   |0.9309   |0.9186   |0.9247   |

VAL Stats
Total Loss |Smoke Loss|Fire Loss |    _______|Accuracy |Precision|Recall   |F1       |
-----------|----------|----------|    Smoke  |0.9042   |0.8933   |0.9094   |0.9013   |
20.86      |13.99     |6.86      |    Fire   |0.9601   |0.9181   |0.9288   |0.9234   |


=== EPOCH 89/139 ===
Learning Rate = 0.000134

TRAIN Stats
Total Loss |Smoke Loss|Fire Loss |    _______|Accuracy |Precision|Recall   |F1       |
-----------|----------|----------|    Smoke  |0.8725   |0.8782   |0.8592   |0.8686   |
24.56      |16.97     |7.59      |    Fire   |0.9573   |0.9254   |0.9178   |0.9216   |

VAL Stats
Total Loss |Smoke Loss|Fire Loss |    _______|Accuracy |Precision|Recall   |F1       |
-----------|----------|----------|    Smoke  |0.9032   |0.9020   |0.8963   |0.8991   |
20.85      |13.95     |6.89      |    Fire   |0.9629   |0.9335   |0.9225   |0.9280   |


=== EPOCH 90/139 ===
Learning Rate = 0.000134

TRAIN Stats
Total Loss |Smoke Loss|Fire Loss |    _______|Accuracy |Precision|Recall   |F1       |
-----------|----------|----------|    Smoke  |0.8738   |0.8832   |0.8560   |0.8693   |
24.43      |16.93     |7.50      |    Fire   |0.9585   |0.9292   |0.9182   |0.9237   |

VAL Stats
Total Loss |Smoke Loss|Fire Loss |    _______|Accuracy |Precision|Recall   |F1       |
-----------|----------|----------|    Smoke  |0.9018   |0.9146   |0.8778   |0.8959   |
20.53      |13.84     |6.69      |    Fire   |0.9634   |0.9392   |0.9180   |0.9285   |

Saving model with new best validation loss: 20.531

=== EPOCH 91/139 ===
Learning Rate = 0.000134

TRAIN Stats
Total Loss |Smoke Loss|Fire Loss |    _______|Accuracy |Precision|Recall   |F1       |
-----------|----------|----------|    Smoke  |0.8745   |0.8838   |0.8565   |0.8700   |
24.35      |16.80     |7.54      |    Fire   |0.9585   |0.9274   |0.9203   |0.9238   |

VAL Stats
Total Loss |Smoke Loss|Fire Loss |    _______|Accuracy |Precision|Recall   |F1       |
-----------|----------|----------|    Smoke  |0.9081   |0.9154   |0.8914   |0.9032   |
20.54      |13.72     |6.83      |    Fire   |0.9622   |0.9357   |0.9171   |0.9263   |

Saving model with new best smoke precision: 0.915

=== EPOCH 92/139 ===
Learning Rate = 0.000134

TRAIN Stats
Total Loss |Smoke Loss|Fire Loss |    _______|Accuracy |Precision|Recall   |F1       |
-----------|----------|----------|    Smoke  |0.8751   |0.8831   |0.8591   |0.8709   |
24.14      |16.72     |7.42      |    Fire   |0.9572   |0.9267   |0.9161   |0.9214   |

VAL Stats
Total Loss |Smoke Loss|Fire Loss |    _______|Accuracy |Precision|Recall   |F1       |
-----------|----------|----------|    Smoke  |0.9030   |0.9087   |0.8875   |0.8980   |
21.11      |14.08     |7.03      |    Fire   |0.9646   |0.9527   |0.9081   |0.9299   |


=== EPOCH 93/139 ===
Learning Rate = 0.000134

TRAIN Stats
Total Loss |Smoke Loss|Fire Loss |    _______|Accuracy |Precision|Recall   |F1       |
-----------|----------|----------|    Smoke  |0.8736   |0.8842   |0.8541   |0.8689   |
24.40      |16.73     |7.66      |    Fire   |0.9571   |0.9269   |0.9152   |0.9210   |

VAL Stats
Total Loss |Smoke Loss|Fire Loss |    _______|Accuracy |Precision|Recall   |F1       |
-----------|----------|----------|    Smoke  |0.9069   |0.9094   |0.8958   |0.9026   |
20.62      |13.65     |6.97      |    Fire   |0.9634   |0.9289   |0.9297   |0.9293   |


=== EPOCH 94/139 ===
Learning Rate = 0.000107

TRAIN Stats
Total Loss |Smoke Loss|Fire Loss |    _______|Accuracy |Precision|Recall   |F1       |
-----------|----------|----------|    Smoke  |0.8774   |0.8838   |0.8635   |0.8736   |
24.26      |16.55     |7.71      |    Fire   |0.9560   |0.9218   |0.9167   |0.9192   |

VAL Stats
Total Loss |Smoke Loss|Fire Loss |    _______|Accuracy |Precision|Recall   |F1       |
-----------|----------|----------|    Smoke  |0.9076   |0.9064   |0.9011   |0.9037   |
20.77      |13.82     |6.95      |    Fire   |0.9627   |0.9218   |0.9351   |0.9284   |

Saving model with precision > 0.9 and recall > 0.9

=== EPOCH 95/139 ===
Learning Rate = 0.000107

TRAIN Stats
Total Loss |Smoke Loss|Fire Loss |    _______|Accuracy |Precision|Recall   |F1       |
-----------|----------|----------|    Smoke  |0.8769   |0.8865   |0.8589   |0.8725   |
23.84      |16.55     |7.29      |    Fire   |0.9573   |0.9289   |0.9137   |0.9212   |

VAL Stats
Total Loss |Smoke Loss|Fire Loss |    _______|Accuracy |Precision|Recall   |F1       |
-----------|----------|----------|    Smoke  |0.9072   |0.8993   |0.9089   |0.9041   |
20.50      |13.64     |6.85      |    Fire   |0.9636   |0.9290   |0.9306   |0.9298   |

Saving model with new best validation loss: 20.497

=== EPOCH 96/139 ===
Learning Rate = 0.000107

TRAIN Stats
Total Loss |Smoke Loss|Fire Loss |    _______|Accuracy |Precision|Recall   |F1       |
-----------|----------|----------|    Smoke  |0.8769   |0.8867   |0.8587   |0.8725   |
24.10      |16.54     |7.56      |    Fire   |0.9578   |0.9265   |0.9184   |0.9224   |

VAL Stats
Total Loss |Smoke Loss|Fire Loss |    _______|Accuracy |Precision|Recall   |F1       |
-----------|----------|----------|    Smoke  |0.9069   |0.8943   |0.9147   |0.9044   |
20.49      |13.73     |6.76      |    Fire   |0.9657   |0.9454   |0.9207   |0.9329   |

Saving model with new best validation loss: 20.489

=== EPOCH 97/139 ===
Learning Rate = 0.000107

TRAIN Stats
Total Loss |Smoke Loss|Fire Loss |    _______|Accuracy |Precision|Recall   |F1       |
-----------|----------|----------|    Smoke  |0.8834   |0.8913   |0.8682   |0.8796   |
23.47      |16.00     |7.47      |    Fire   |0.9582   |0.9277   |0.9188   |0.9232   |

VAL Stats
Total Loss |Smoke Loss|Fire Loss |    _______|Accuracy |Precision|Recall   |F1       |
-----------|----------|----------|    Smoke  |0.9072   |0.9051   |0.9016   |0.9034   |
20.60      |13.64     |6.95      |    Fire   |0.9599   |0.9129   |0.9342   |0.9234   |

Saving model with precision > 0.9 and recall > 0.9

=== EPOCH 98/139 ===
Learning Rate = 0.000107

TRAIN Stats
Total Loss |Smoke Loss|Fire Loss |    _______|Accuracy |Precision|Recall   |F1       |
-----------|----------|----------|    Smoke  |0.8808   |0.8900   |0.8636   |0.8766   |
23.38      |16.05     |7.33      |    Fire   |0.9575   |0.9286   |0.9150   |0.9217   |

VAL Stats
Total Loss |Smoke Loss|Fire Loss |    _______|Accuracy |Precision|Recall   |F1       |
-----------|----------|----------|    Smoke  |0.9067   |0.9118   |0.8924   |0.9020   |
20.70      |13.73     |6.97      |    Fire   |0.9620   |0.9356   |0.9162   |0.9258   |


=== EPOCH 99/139 ===
Learning Rate = 0.000107

TRAIN Stats
Total Loss |Smoke Loss|Fire Loss |    _______|Accuracy |Precision|Recall   |F1       |
-----------|----------|----------|    Smoke  |0.8807   |0.8863   |0.8680   |0.8771   |
23.69      |16.30     |7.39      |    Fire   |0.9589   |0.9293   |0.9197   |0.9245   |

VAL Stats
Total Loss |Smoke Loss|Fire Loss |    _______|Accuracy |Precision|Recall   |F1       |
-----------|----------|----------|    Smoke  |0.9067   |0.9168   |0.8866   |0.9014   |
20.47      |13.45     |7.02      |    Fire   |0.9615   |0.9307   |0.9198   |0.9252   |

Saving model with new best validation loss: 20.471
Saving model with new best smoke precision: 0.917

=== EPOCH 100/139 ===
Learning Rate = 0.000107

TRAIN Stats
Total Loss |Smoke Loss|Fire Loss |    _______|Accuracy |Precision|Recall   |F1       |
-----------|----------|----------|    Smoke  |0.8793   |0.8867   |0.8643   |0.8754   |
23.53      |16.14     |7.39      |    Fire   |0.9577   |0.9272   |0.9173   |0.9222   |

VAL Stats
Total Loss |Smoke Loss|Fire Loss |    _______|Accuracy |Precision|Recall   |F1       |
-----------|----------|----------|    Smoke  |0.9151   |0.9059   |0.9190   |0.9124   |
20.57      |13.62     |6.95      |    Fire   |0.9625   |0.9294   |0.9252   |0.9273   |

Saving model with precision > 0.9 and recall > 0.9

=== EPOCH 101/139 ===
Learning Rate = 0.000107

TRAIN Stats
Total Loss |Smoke Loss|Fire Loss |    _______|Accuracy |Precision|Recall   |F1       |
-----------|----------|----------|    Smoke  |0.8818   |0.8915   |0.8641   |0.8776   |
23.76      |16.30     |7.46      |    Fire   |0.9575   |0.9297   |0.9137   |0.9217   |

VAL Stats
Total Loss |Smoke Loss|Fire Loss |    _______|Accuracy |Precision|Recall   |F1       |
-----------|----------|----------|    Smoke  |0.9086   |0.9180   |0.8895   |0.9035   |
20.50      |13.64     |6.86      |    Fire   |0.9646   |0.9362   |0.9261   |0.9312   |

Saving model with new best smoke precision: 0.918

=== EPOCH 102/139 ===
Learning Rate = 0.000107

TRAIN Stats
Total Loss |Smoke Loss|Fire Loss |    _______|Accuracy |Precision|Recall   |F1       |
-----------|----------|----------|    Smoke  |0.8781   |0.8861   |0.8621   |0.8740   |
23.72      |16.20     |7.53      |    Fire   |0.9579   |0.9273   |0.9182   |0.9227   |

VAL Stats
Total Loss |Smoke Loss|Fire Loss |    _______|Accuracy |Precision|Recall   |F1       |
-----------|----------|----------|    Smoke  |0.9102   |0.9081   |0.9050   |0.9065   |
20.17      |13.31     |6.86      |    Fire   |0.9650   |0.9396   |0.9243   |0.9319   |

Saving model with new best validation loss: 20.166
Saving model with precision > 0.9 and recall > 0.9

=== EPOCH 103/139 ===
Learning Rate = 0.000107

TRAIN Stats
Total Loss |Smoke Loss|Fire Loss |    _______|Accuracy |Precision|Recall   |F1       |
-----------|----------|----------|    Smoke  |0.8826   |0.8893   |0.8687   |0.8789   |
23.18      |16.00     |7.17      |    Fire   |0.9586   |0.9295   |0.9182   |0.9238   |

VAL Stats
Total Loss |Smoke Loss|Fire Loss |    _______|Accuracy |Precision|Recall   |F1       |
-----------|----------|----------|    Smoke  |0.9030   |0.9067   |0.8900   |0.8982   |
20.42      |13.63     |6.79      |    Fire   |0.9643   |0.9346   |0.9270   |0.9308   |


=== EPOCH 104/139 ===
Learning Rate = 0.000107

TRAIN Stats
Total Loss |Smoke Loss|Fire Loss |    _______|Accuracy |Precision|Recall   |F1       |
-----------|----------|----------|    Smoke  |0.8777   |0.8879   |0.8590   |0.8732   |
23.57      |16.46     |7.11      |    Fire   |0.9608   |0.9354   |0.9201   |0.9277   |

VAL Stats
Total Loss |Smoke Loss|Fire Loss |    _______|Accuracy |Precision|Recall   |F1       |
-----------|----------|----------|    Smoke  |0.9111   |0.9114   |0.9031   |0.9072   |
20.20      |13.41     |6.79      |    Fire   |0.9641   |0.9353   |0.9252   |0.9303   |

Saving model with precision > 0.9 and recall > 0.9

=== EPOCH 105/139 ===
Learning Rate = 0.000107

TRAIN Stats
Total Loss |Smoke Loss|Fire Loss |    _______|Accuracy |Precision|Recall   |F1       |
-----------|----------|----------|    Smoke  |0.8792   |0.8868   |0.8640   |0.8753   |
23.84      |16.48     |7.36      |    Fire   |0.9589   |0.9277   |0.9214   |0.9245   |

VAL Stats
Total Loss |Smoke Loss|Fire Loss |    _______|Accuracy |Precision|Recall   |F1       |
-----------|----------|----------|    Smoke  |0.9109   |0.9098   |0.9045   |0.9071   |
20.26      |13.44     |6.82      |    Fire   |0.9636   |0.9360   |0.9225   |0.9292   |

Saving model with precision > 0.9 and recall > 0.9

=== EPOCH 106/139 ===
Learning Rate = 0.000086

TRAIN Stats
Total Loss |Smoke Loss|Fire Loss |    _______|Accuracy |Precision|Recall   |F1       |
-----------|----------|----------|    Smoke  |0.8819   |0.8912   |0.8647   |0.8778   |
23.54      |16.17     |7.36      |    Fire   |0.9575   |0.9284   |0.9152   |0.9218   |

VAL Stats
Total Loss |Smoke Loss|Fire Loss |    _______|Accuracy |Precision|Recall   |F1       |
-----------|----------|----------|    Smoke  |0.9035   |0.9112   |0.8856   |0.8982   |
20.24      |13.47     |6.76      |    Fire   |0.9648   |0.9403   |0.9225   |0.9313   |


=== EPOCH 107/139 ===
Learning Rate = 0.000086

TRAIN Stats
Total Loss |Smoke Loss|Fire Loss |    _______|Accuracy |Precision|Recall   |F1       |
-----------|----------|----------|    Smoke  |0.8791   |0.8896   |0.8601   |0.8746   |
23.16      |16.05     |7.11      |    Fire   |0.9600   |0.9313   |0.9218   |0.9265   |

VAL Stats
Total Loss |Smoke Loss|Fire Loss |    _______|Accuracy |Precision|Recall   |F1       |
-----------|----------|----------|    Smoke  |0.9109   |0.8997   |0.9171   |0.9083   |
20.04      |13.26     |6.78      |    Fire   |0.9615   |0.9207   |0.9315   |0.9261   |

Saving model with new best validation loss: 20.041

=== EPOCH 108/139 ===
Learning Rate = 0.000086

TRAIN Stats
Total Loss |Smoke Loss|Fire Loss |    _______|Accuracy |Precision|Recall   |F1       |
-----------|----------|----------|    Smoke  |0.8813   |0.8896   |0.8655   |0.8774   |
23.08      |16.08     |7.00      |    Fire   |0.9596   |0.9338   |0.9174   |0.9255   |

VAL Stats
Total Loss |Smoke Loss|Fire Loss |    _______|Accuracy |Precision|Recall   |F1       |
-----------|----------|----------|    Smoke  |0.9062   |0.8979   |0.9084   |0.9031   |
20.49      |13.48     |7.01      |    Fire   |0.9594   |0.9098   |0.9360   |0.9227   |


=== EPOCH 109/139 ===
Learning Rate = 0.000086

TRAIN Stats
Total Loss |Smoke Loss|Fire Loss |    _______|Accuracy |Precision|Recall   |F1       |
-----------|----------|----------|    Smoke  |0.8845   |0.8934   |0.8680   |0.8806   |
22.96      |15.76     |7.20      |    Fire   |0.9595   |0.9287   |0.9224   |0.9256   |

VAL Stats
Total Loss |Smoke Loss|Fire Loss |    _______|Accuracy |Precision|Recall   |F1       |
-----------|----------|----------|    Smoke  |0.9118   |0.8995   |0.9195   |0.9094   |
20.58      |13.32     |7.26      |    Fire   |0.9580   |0.9022   |0.9396   |0.9206   |


=== EPOCH 110/139 ===
Learning Rate = 0.000086

TRAIN Stats
Total Loss |Smoke Loss|Fire Loss |    _______|Accuracy |Precision|Recall   |F1       |
-----------|----------|----------|    Smoke  |0.8810   |0.8888   |0.8657   |0.8771   |
23.53      |16.09     |7.44      |    Fire   |0.9585   |0.9283   |0.9193   |0.9238   |

VAL Stats
Total Loss |Smoke Loss|Fire Loss |    _______|Accuracy |Precision|Recall   |F1       |
-----------|----------|----------|    Smoke  |0.9109   |0.9221   |0.8900   |0.9058   |
19.99      |13.16     |6.83      |    Fire   |0.9634   |0.9400   |0.9171   |0.9284   |

Saving model with new best validation loss: 19.986
Saving model with new best smoke precision: 0.922

=== EPOCH 111/139 ===
Learning Rate = 0.000086

TRAIN Stats
Total Loss |Smoke Loss|Fire Loss |    _______|Accuracy |Precision|Recall   |F1       |
-----------|----------|----------|    Smoke  |0.8808   |0.8870   |0.8673   |0.8771   |
23.18      |16.08     |7.10      |    Fire   |0.9588   |0.9266   |0.9225   |0.9245   |

VAL Stats
Total Loss |Smoke Loss|Fire Loss |    _______|Accuracy |Precision|Recall   |F1       |
-----------|----------|----------|    Smoke  |0.9114   |0.9048   |0.9118   |0.9083   |
19.94      |13.19     |6.75      |    Fire   |0.9639   |0.9401   |0.9189   |0.9294   |

Saving model with new best validation loss: 19.942
Saving model with precision > 0.9 and recall > 0.9

=== EPOCH 112/139 ===
Learning Rate = 0.000086

TRAIN Stats
Total Loss |Smoke Loss|Fire Loss |    _______|Accuracy |Precision|Recall   |F1       |
-----------|----------|----------|    Smoke  |0.8801   |0.8892   |0.8630   |0.8759   |
22.81      |15.92     |6.89      |    Fire   |0.9608   |0.9330   |0.9229   |0.9279   |

VAL Stats
Total Loss |Smoke Loss|Fire Loss |    _______|Accuracy |Precision|Recall   |F1       |
-----------|----------|----------|    Smoke  |0.9130   |0.8956   |0.9273   |0.9112   |
20.26      |13.43     |6.82      |    Fire   |0.9632   |0.9296   |0.9279   |0.9288   |


=== EPOCH 113/139 ===
Learning Rate = 0.000086

TRAIN Stats
Total Loss |Smoke Loss|Fire Loss |    _______|Accuracy |Precision|Recall   |F1       |
-----------|----------|----------|    Smoke  |0.8839   |0.8908   |0.8699   |0.8802   |
23.11      |15.84     |7.27      |    Fire   |0.9569   |0.9269   |0.9143   |0.9206   |

VAL Stats
Total Loss |Smoke Loss|Fire Loss |    _______|Accuracy |Precision|Recall   |F1       |
-----------|----------|----------|    Smoke  |0.9095   |0.9056   |0.9064   |0.9060   |
20.04      |13.15     |6.89      |    Fire   |0.9636   |0.9344   |0.9243   |0.9293   |

Saving model with precision > 0.9 and recall > 0.9

=== EPOCH 114/139 ===
Learning Rate = 0.000086

TRAIN Stats
Total Loss |Smoke Loss|Fire Loss |    _______|Accuracy |Precision|Recall   |F1       |
-----------|----------|----------|    Smoke  |0.8823   |0.8928   |0.8637   |0.8780   |
22.82      |15.86     |6.97      |    Fire   |0.9620   |0.9359   |0.9243   |0.9301   |

VAL Stats
Total Loss |Smoke Loss|Fire Loss |    _______|Accuracy |Precision|Recall   |F1       |
-----------|----------|----------|    Smoke  |0.9125   |0.9085   |0.9098   |0.9092   |
19.95      |13.16     |6.78      |    Fire   |0.9625   |0.9248   |0.9306   |0.9277   |

Saving model with precision > 0.9 and recall > 0.9

=== EPOCH 115/139 ===
Learning Rate = 0.000069

TRAIN Stats
Total Loss |Smoke Loss|Fire Loss |    _______|Accuracy |Precision|Recall   |F1       |
-----------|----------|----------|    Smoke  |0.8842   |0.8892   |0.8727   |0.8809   |
23.06      |15.74     |7.32      |    Fire   |0.9588   |0.9300   |0.9184   |0.9242   |

VAL Stats
Total Loss |Smoke Loss|Fire Loss |    _______|Accuracy |Precision|Recall   |F1       |
-----------|----------|----------|    Smoke  |0.9142   |0.9026   |0.9210   |0.9117   |
19.82      |13.05     |6.77      |    Fire   |0.9636   |0.9282   |0.9315   |0.9299   |

Saving model with new best validation loss: 19.822
Saving model with precision > 0.9 and recall > 0.9

=== EPOCH 116/139 ===
Learning Rate = 0.000069

TRAIN Stats
Total Loss |Smoke Loss|Fire Loss |    _______|Accuracy |Precision|Recall   |F1       |
-----------|----------|----------|    Smoke  |0.8825   |0.8888   |0.8691   |0.8788   |
23.20      |16.05     |7.16      |    Fire   |0.9592   |0.9298   |0.9201   |0.9249   |

VAL Stats
Total Loss |Smoke Loss|Fire Loss |    _______|Accuracy |Precision|Recall   |F1       |
-----------|----------|----------|    Smoke  |0.9114   |0.9083   |0.9074   |0.9079   |
19.83      |13.07     |6.76      |    Fire   |0.9639   |0.9377   |0.9216   |0.9296   |

Saving model with precision > 0.9 and recall > 0.9

=== EPOCH 117/139 ===
Learning Rate = 0.000069

TRAIN Stats
Total Loss |Smoke Loss|Fire Loss |    _______|Accuracy |Precision|Recall   |F1       |
-----------|----------|----------|    Smoke  |0.8834   |0.8897   |0.8702   |0.8798   |
22.68      |15.75     |6.94      |    Fire   |0.9615   |0.9343   |0.9244   |0.9293   |

VAL Stats
Total Loss |Smoke Loss|Fire Loss |    _______|Accuracy |Precision|Recall   |F1       |
-----------|----------|----------|    Smoke  |0.9121   |0.9049   |0.9132   |0.9090   |
19.83      |13.15     |6.68      |    Fire   |0.9655   |0.9437   |0.9216   |0.9325   |

Saving model with precision > 0.9 and recall > 0.9

=== EPOCH 118/139 ===
Learning Rate = 0.000069

TRAIN Stats
Total Loss |Smoke Loss|Fire Loss |    _______|Accuracy |Precision|Recall   |F1       |
-----------|----------|----------|    Smoke  |0.8847   |0.8906   |0.8719   |0.8812   |
22.83      |15.68     |7.15      |    Fire   |0.9600   |0.9305   |0.9224   |0.9265   |

VAL Stats
Total Loss |Smoke Loss|Fire Loss |    _______|Accuracy |Precision|Recall   |F1       |
-----------|----------|----------|    Smoke  |0.9076   |0.8952   |0.9152   |0.9051   |
20.24      |13.53     |6.71      |    Fire   |0.9636   |0.9352   |0.9234   |0.9293   |


=== EPOCH 119/139 ===
Learning Rate = 0.000055

TRAIN Stats
Total Loss |Smoke Loss|Fire Loss |    _______|Accuracy |Precision|Recall   |F1       |
-----------|----------|----------|    Smoke  |0.8826   |0.8914   |0.8660   |0.8785   |
22.83      |15.80     |7.03      |    Fire   |0.9599   |0.9326   |0.9199   |0.9262   |

VAL Stats
Total Loss |Smoke Loss|Fire Loss |    _______|Accuracy |Precision|Recall   |F1       |
-----------|----------|----------|    Smoke  |0.9146   |0.9105   |0.9123   |0.9114   |
19.50      |12.90     |6.60      |    Fire   |0.9632   |0.9312   |0.9261   |0.9286   |

Saving model with new best validation loss: 19.498
Saving model with precision > 0.9 and recall > 0.9

=== EPOCH 120/139 ===
Learning Rate = 0.000055

TRAIN Stats
Total Loss |Smoke Loss|Fire Loss |    _______|Accuracy |Precision|Recall   |F1       |
-----------|----------|----------|    Smoke  |0.8839   |0.8902   |0.8705   |0.8803   |
22.62      |15.52     |7.10      |    Fire   |0.9597   |0.9329   |0.9188   |0.9258   |

VAL Stats
Total Loss |Smoke Loss|Fire Loss |    _______|Accuracy |Precision|Recall   |F1       |
-----------|----------|----------|    Smoke  |0.9111   |0.9028   |0.9137   |0.9082   |
19.68      |13.00     |6.68      |    Fire   |0.9629   |0.9366   |0.9189   |0.9277   |

Saving model with precision > 0.9 and recall > 0.9

=== EPOCH 121/139 ===
Learning Rate = 0.000055

TRAIN Stats
Total Loss |Smoke Loss|Fire Loss |    _______|Accuracy |Precision|Recall   |F1       |
-----------|----------|----------|    Smoke  |0.8844   |0.8906   |0.8712   |0.8808   |
22.59      |15.68     |6.91      |    Fire   |0.9601   |0.9317   |0.9216   |0.9266   |

VAL Stats
Total Loss |Smoke Loss|Fire Loss |    _______|Accuracy |Precision|Recall   |F1       |
-----------|----------|----------|    Smoke  |0.9121   |0.9088   |0.9084   |0.9086   |
19.84      |13.16     |6.69      |    Fire   |0.9639   |0.9385   |0.9207   |0.9295   |

Saving model with precision > 0.9 and recall > 0.9

=== EPOCH 122/139 ===
Learning Rate = 0.000055

TRAIN Stats
Total Loss |Smoke Loss|Fire Loss |    _______|Accuracy |Precision|Recall   |F1       |
-----------|----------|----------|    Smoke  |0.8820   |0.8904   |0.8659   |0.8779   |
22.55      |15.64     |6.91      |    Fire   |0.9602   |0.9343   |0.9190   |0.9266   |

VAL Stats
Total Loss |Smoke Loss|Fire Loss |    _______|Accuracy |Precision|Recall   |F1       |
-----------|----------|----------|    Smoke  |0.9130   |0.9016   |0.9195   |0.9105   |
19.74      |13.03     |6.71      |    Fire   |0.9620   |0.9262   |0.9270   |0.9266   |

Saving model with precision > 0.9 and recall > 0.9

=== EPOCH 123/139 ===
Learning Rate = 0.000044

TRAIN Stats
Total Loss |Smoke Loss|Fire Loss |    _______|Accuracy |Precision|Recall   |F1       |
-----------|----------|----------|    Smoke  |0.8866   |0.8935   |0.8728   |0.8830   |
22.37      |15.55     |6.82      |    Fire   |0.9598   |0.9316   |0.9205   |0.9260   |

VAL Stats
Total Loss |Smoke Loss|Fire Loss |    _______|Accuracy |Precision|Recall   |F1       |
-----------|----------|----------|    Smoke  |0.9142   |0.9104   |0.9113   |0.9109   |
19.60      |12.91     |6.69      |    Fire   |0.9632   |0.9327   |0.9243   |0.9285   |

Saving model with precision > 0.9 and recall > 0.9

=== EPOCH 124/139 ===
Learning Rate = 0.000044

TRAIN Stats
Total Loss |Smoke Loss|Fire Loss |    _______|Accuracy |Precision|Recall   |F1       |
-----------|----------|----------|    Smoke  |0.8849   |0.8919   |0.8708   |0.8812   |
22.39      |15.48     |6.91      |    Fire   |0.9607   |0.9331   |0.9222   |0.9276   |

VAL Stats
Total Loss |Smoke Loss|Fire Loss |    _______|Accuracy |Precision|Recall   |F1       |
-----------|----------|----------|    Smoke  |0.9097   |0.9044   |0.9084   |0.9064   |
19.84      |13.10     |6.74      |    Fire   |0.9627   |0.9326   |0.9225   |0.9275   |

Saving model with precision > 0.9 and recall > 0.9

=== EPOCH 125/139 ===
Learning Rate = 0.000044

TRAIN Stats
Total Loss |Smoke Loss|Fire Loss |    _______|Accuracy |Precision|Recall   |F1       |
-----------|----------|----------|    Smoke  |0.8867   |0.8955   |0.8706   |0.8829   |
22.24      |15.38     |6.86      |    Fire   |0.9618   |0.9334   |0.9265   |0.9299   |

VAL Stats
Total Loss |Smoke Loss|Fire Loss |    _______|Accuracy |Precision|Recall   |F1       |
-----------|----------|----------|    Smoke  |0.9144   |0.9101   |0.9123   |0.9112   |
19.61      |12.97     |6.64      |    Fire   |0.9629   |0.9327   |0.9234   |0.9280   |

Saving model with precision > 0.9 and recall > 0.9

=== EPOCH 126/139 ===
Learning Rate = 0.000035

TRAIN Stats
Total Loss |Smoke Loss|Fire Loss |    _______|Accuracy |Precision|Recall   |F1       |
-----------|----------|----------|    Smoke  |0.8886   |0.8964   |0.8738   |0.8850   |
22.04      |15.30     |6.73      |    Fire   |0.9621   |0.9381   |0.9220   |0.9300   |

VAL Stats
Total Loss |Smoke Loss|Fire Loss |    _______|Accuracy |Precision|Recall   |F1       |
-----------|----------|----------|    Smoke  |0.9125   |0.9077   |0.9108   |0.9093   |
19.67      |13.00     |6.67      |    Fire   |0.9632   |0.9312   |0.9261   |0.9286   |

Saving model with precision > 0.9 and recall > 0.9

=== EPOCH 127/139 ===
Learning Rate = 0.000035

TRAIN Stats
Total Loss |Smoke Loss|Fire Loss |    _______|Accuracy |Precision|Recall   |F1       |
-----------|----------|----------|    Smoke  |0.8884   |0.8942   |0.8759   |0.8850   |
22.09      |15.28     |6.81      |    Fire   |0.9614   |0.9387   |0.9188   |0.9287   |

VAL Stats
Total Loss |Smoke Loss|Fire Loss |    _______|Accuracy |Precision|Recall   |F1       |
-----------|----------|----------|    Smoke  |0.9130   |0.9179   |0.8997   |0.9087   |
19.67      |13.01     |6.66      |    Fire   |0.9632   |0.9319   |0.9252   |0.9286   |


=== EPOCH 128/139 ===
Learning Rate = 0.000035

TRAIN Stats
Total Loss |Smoke Loss|Fire Loss |    _______|Accuracy |Precision|Recall   |F1       |
-----------|----------|----------|    Smoke  |0.8871   |0.8933   |0.8741   |0.8836   |
22.12      |15.29     |6.83      |    Fire   |0.9627   |0.9353   |0.9275   |0.9314   |

VAL Stats
Total Loss |Smoke Loss|Fire Loss |    _______|Accuracy |Precision|Recall   |F1       |
-----------|----------|----------|    Smoke  |0.9132   |0.9134   |0.9055   |0.9094   |
19.71      |12.94     |6.77      |    Fire   |0.9636   |0.9384   |0.9198   |0.9290   |

Saving model with precision > 0.9 and recall > 0.9

=== EPOCH 129/139 ===
Learning Rate = 0.000028

TRAIN Stats
Total Loss |Smoke Loss|Fire Loss |    _______|Accuracy |Precision|Recall   |F1       |
-----------|----------|----------|    Smoke  |0.8882   |0.8973   |0.8718   |0.8844   |
22.06      |15.33     |6.74      |    Fire   |0.9611   |0.9336   |0.9235   |0.9285   |

VAL Stats
Total Loss |Smoke Loss|Fire Loss |    _______|Accuracy |Precision|Recall   |F1       |
-----------|----------|----------|    Smoke  |0.9144   |0.9042   |0.9195   |0.9118   |
19.67      |12.98     |6.69      |    Fire   |0.9636   |0.9360   |0.9225   |0.9292   |

Saving model with precision > 0.9 and recall > 0.9

=== EPOCH 130/139 ===
Learning Rate = 0.000028

TRAIN Stats
Total Loss |Smoke Loss|Fire Loss |    _______|Accuracy |Precision|Recall   |F1       |
-----------|----------|----------|    Smoke  |0.8882   |0.8946   |0.8750   |0.8847   |
22.26      |15.53     |6.73      |    Fire   |0.9610   |0.9328   |0.9239   |0.9284   |

VAL Stats
Total Loss |Smoke Loss|Fire Loss |    _______|Accuracy |Precision|Recall   |F1       |
-----------|----------|----------|    Smoke  |0.9137   |0.9072   |0.9142   |0.9107   |
19.67      |13.00     |6.66      |    Fire   |0.9622   |0.9270   |0.9270   |0.9270   |

Saving model with precision > 0.9 and recall > 0.9

=== EPOCH 131/139 ===
Learning Rate = 0.000028

TRAIN Stats
Total Loss |Smoke Loss|Fire Loss |    _______|Accuracy |Precision|Recall   |F1       |
-----------|----------|----------|    Smoke  |0.8890   |0.8973   |0.8736   |0.8853   |
22.26      |15.36     |6.90      |    Fire   |0.9608   |0.9330   |0.9228   |0.9279   |

VAL Stats
Total Loss |Smoke Loss|Fire Loss |    _______|Accuracy |Precision|Recall   |F1       |
-----------|----------|----------|    Smoke  |0.9128   |0.9170   |0.9001   |0.9085   |
19.77      |13.00     |6.77      |    Fire   |0.9650   |0.9444   |0.9189   |0.9315   |

Saving model with precision > 0.9 and recall > 0.9

=== EPOCH 132/139 ===
Learning Rate = 0.000023

TRAIN Stats
Total Loss |Smoke Loss|Fire Loss |    _______|Accuracy |Precision|Recall   |F1       |
-----------|----------|----------|    Smoke  |0.8893   |0.8959   |0.8760   |0.8858   |
21.68      |15.04     |6.64      |    Fire   |0.9635   |0.9400   |0.9254   |0.9326   |

VAL Stats
Total Loss |Smoke Loss|Fire Loss |    _______|Accuracy |Precision|Recall   |F1       |
-----------|----------|----------|    Smoke  |0.9135   |0.9071   |0.9137   |0.9104   |
19.69      |12.86     |6.84      |    Fire   |0.9622   |0.9217   |0.9333   |0.9275   |

Saving model with precision > 0.9 and recall > 0.9

=== EPOCH 133/139 ===
Learning Rate = 0.000023

TRAIN Stats
Total Loss |Smoke Loss|Fire Loss |    _______|Accuracy |Precision|Recall   |F1       |
-----------|----------|----------|    Smoke  |0.8902   |0.8943   |0.8801   |0.8872   |
21.92      |15.03     |6.90      |    Fire   |0.9610   |0.9332   |0.9233   |0.9282   |

VAL Stats
Total Loss |Smoke Loss|Fire Loss |    _______|Accuracy |Precision|Recall   |F1       |
-----------|----------|----------|    Smoke  |0.9158   |0.9123   |0.9127   |0.9125   |
19.36      |12.74     |6.61      |    Fire   |0.9625   |0.9310   |0.9234   |0.9272   |

Saving model with new best validation loss: 19.358
Saving model with precision > 0.9 and recall > 0.9

=== EPOCH 134/139 ===
Learning Rate = 0.000023

TRAIN Stats
Total Loss |Smoke Loss|Fire Loss |    _______|Accuracy |Precision|Recall   |F1       |
-----------|----------|----------|    Smoke  |0.8908   |0.8987   |0.8760   |0.8872   |
22.10      |15.15     |6.95      |    Fire   |0.9586   |0.9313   |0.9161   |0.9236   |

VAL Stats
Total Loss |Smoke Loss|Fire Loss |    _______|Accuracy |Precision|Recall   |F1       |
-----------|----------|----------|    Smoke  |0.9125   |0.9105   |0.9074   |0.9090   |
19.68      |13.00     |6.67      |    Fire   |0.9622   |0.9301   |0.9234   |0.9268   |

Saving model with precision > 0.9 and recall > 0.9

=== EPOCH 135/139 ===
Learning Rate = 0.000023

TRAIN Stats
Total Loss |Smoke Loss|Fire Loss |    _______|Accuracy |Precision|Recall   |F1       |
-----------|----------|----------|    Smoke  |0.8884   |0.8939   |0.8763   |0.8850   |
21.92      |15.25     |6.67      |    Fire   |0.9610   |0.9339   |0.9224   |0.9281   |

VAL Stats
Total Loss |Smoke Loss|Fire Loss |    _______|Accuracy |Precision|Recall   |F1       |
-----------|----------|----------|    Smoke  |0.9146   |0.9165   |0.9050   |0.9107   |
19.56      |12.87     |6.70      |    Fire   |0.9622   |0.9263   |0.9279   |0.9271   |

Saving model with precision > 0.9 and recall > 0.9

=== EPOCH 136/139 ===
Learning Rate = 0.000023

TRAIN Stats
Total Loss |Smoke Loss|Fire Loss |    _______|Accuracy |Precision|Recall   |F1       |
-----------|----------|----------|    Smoke  |0.8899   |0.8975   |0.8754   |0.8863   |
21.99      |15.11     |6.88      |    Fire   |0.9610   |0.9338   |0.9227   |0.9282   |

VAL Stats
Total Loss |Smoke Loss|Fire Loss |    _______|Accuracy |Precision|Recall   |F1       |
-----------|----------|----------|    Smoke  |0.9128   |0.9039   |0.9161   |0.9100   |
19.49      |12.76     |6.74      |    Fire   |0.9625   |0.9263   |0.9288   |0.9276   |

Saving model with precision > 0.9 and recall > 0.9

=== EPOCH 137/139 ===
Learning Rate = 0.000018

TRAIN Stats
Total Loss |Smoke Loss|Fire Loss |    _______|Accuracy |Precision|Recall   |F1       |
-----------|----------|----------|    Smoke  |0.8873   |0.8934   |0.8744   |0.8838   |
22.42      |15.53     |6.89      |    Fire   |0.9614   |0.9363   |0.9216   |0.9289   |

VAL Stats
Total Loss |Smoke Loss|Fire Loss |    _______|Accuracy |Precision|Recall   |F1       |
-----------|----------|----------|    Smoke  |0.9137   |0.9156   |0.9040   |0.9098   |
19.59      |12.86     |6.74      |    Fire   |0.9625   |0.9263   |0.9288   |0.9276   |

Saving model with precision > 0.9 and recall > 0.9

=== EPOCH 138/139 ===
Learning Rate = 0.000018

TRAIN Stats
Total Loss |Smoke Loss|Fire Loss |    _______|Accuracy |Precision|Recall   |F1       |
-----------|----------|----------|    Smoke  |0.8915   |0.8990   |0.8773   |0.8880   |
22.06      |15.18     |6.87      |    Fire   |0.9612   |0.9342   |0.9231   |0.9286   |

VAL Stats
Total Loss |Smoke Loss|Fire Loss |    _______|Accuracy |Precision|Recall   |F1       |
-----------|----------|----------|    Smoke  |0.9132   |0.9192   |0.8987   |0.9088   |
19.59      |12.88     |6.71      |    Fire   |0.9639   |0.9393   |0.9198   |0.9294   |


=== EPOCH 139/139 ===
Learning Rate = 0.000018

TRAIN Stats
Total Loss |Smoke Loss|Fire Loss |    _______|Accuracy |Precision|Recall   |F1       |
-----------|----------|----------|    Smoke  |0.8868   |0.8971   |0.8690   |0.8828   |
22.19      |15.33     |6.86      |    Fire   |0.9608   |0.9361   |0.9192   |0.9276   |

VAL Stats
Total Loss |Smoke Loss|Fire Loss |    _______|Accuracy |Precision|Recall   |F1       |
-----------|----------|----------|    Smoke  |0.9153   |0.9114   |0.9127   |0.9121   |
19.55      |12.88     |6.67      |    Fire   |0.9632   |0.9304   |0.9270   |0.9287   |

Saving model with precision > 0.9 and recall > 0.9
Saving last model

***Script finished: 13:07:46

Time elapsed: 0:56:39.834996
