BED Classifier.
	One Head.
	Weighted for Precision.
	Brevitas Default.
	Dataset images divided by 255.

Training Brevitas Model = True

Datasets Length
	Train and Val: 128

Load Model: False

Device: cuda
Optimizer:
	Learning Rate: 0.001
	Weight Decay: 0.001
Scheduler:
	Scheduler factor: 0.8
	Scheduler patience: 2
	Scheduler threshold: 0.001
	Scheduler min learning rate: 1e-06

Batch Size: 64
Num Workers: 8
Pin Memory: True
Epochs: 3

IMG DIMS:
	Width: 224
	Height: 224

Brevitas Config:
	Fixed Point: True
	Weights Bit Width: 4
	Big Layers Weights Bit Width: 4
	Bias Bit Width: 4
	Activations Bit Width: 4

Trainable parameters = 53901
Total parameters = 53901

=============================================================================================================================
Layer (type:depth-idx)                                                      Output Shape              Param #
=============================================================================================================================
BED_AIMET_FPGA                                                              [1, 2]                    --
├─Sequential: 1-1                                                           [1, 64, 28, 28]           52,809
│    └─QuantIdentity: 2-1                                                   [1, 3, 224, 224]          --
│    │    └─ActQuantProxyFromInjector: 3-1                                  [1, 3, 224, 224]          --
│    │    └─ActQuantProxyFromInjector: 3-2                                  [1, 3, 224, 224]          1
├─Sequential: 1-40                                                          --                        (recursive)
│    └─QuantReLU: 2-55                                                      --                        (recursive)
│    │    └─ActQuantProxyFromInjector: 3-98                                 --                        (recursive)
├─Sequential: 1-41                                                          --                        (recursive)
│    └─QuantIdentity: 2-3                                                   --                        (recursive)
│    │    └─ActQuantProxyFromInjector: 3-4                                  --                        (recursive)
│    └─Sequential: 2-4                                                      [1, 28, 224, 224]         645
│    │    └─QuantConv2d: 3-5                                                [1, 7, 224, 224]          63
│    │    └─BatchNorm2d: 3-6                                                [1, 7, 224, 224]          14
│    │    └─QuantIdentity: 3-7                                              [1, 7, 224, 224]          1
├─Sequential: 1-40                                                          --                        (recursive)
│    └─QuantReLU: 2-55                                                      --                        (recursive)
│    │    └─ActQuantProxyFromInjector: 3-98                                 --                        (recursive)
├─Sequential: 1-41                                                          --                        (recursive)
│    └─Sequential: 2-8                                                      --                        (recursive)
│    │    └─QuantIdentity: 3-9                                              --                        (recursive)
│    │    └─QuantConv2d: 3-10                                               [1, 28, 224, 224]         588
│    │    └─BatchNorm2d: 3-11                                               [1, 28, 224, 224]         56
│    │    └─QuantReLU: 3-12                                                 [1, 28, 224, 224]         1
├─Sequential: 1-40                                                          --                        (recursive)
│    └─QuantReLU: 2-55                                                      --                        (recursive)
│    │    └─ActQuantProxyFromInjector: 3-98                                 --                        (recursive)
├─Sequential: 1-41                                                          --                        (recursive)
│    └─Sequential: 2-8                                                      --                        (recursive)
│    │    └─QuantReLU: 3-14                                                 --                        (recursive)
│    └─MaxPool2d: 2-9                                                       [1, 28, 112, 112]         --
│    └─Sequential: 2-10                                                     [1, 16, 112, 112]         1,089
│    │    └─QuantConv2d: 3-15                                               [1, 22, 112, 112]         1,848
│    │    └─BatchNorm2d: 3-16                                               [1, 22, 112, 112]         44
│    │    └─QuantIdentity: 3-17                                             [1, 22, 112, 112]         1
├─Sequential: 1-40                                                          --                        (recursive)
│    └─QuantReLU: 2-55                                                      --                        (recursive)
│    │    └─ActQuantProxyFromInjector: 3-98                                 --                        (recursive)
├─Sequential: 1-41                                                          --                        (recursive)
│    └─Sequential: 2-14                                                     --                        (recursive)
│    │    └─QuantIdentity: 3-19                                             --                        (recursive)
│    │    └─QuantConv2d: 3-20                                               [1, 16, 112, 112]         1,056
│    │    └─BatchNorm2d: 3-21                                               [1, 16, 112, 112]         32
│    │    └─QuantReLU: 3-22                                                 [1, 16, 112, 112]         1
├─Sequential: 1-40                                                          --                        (recursive)
│    └─QuantReLU: 2-55                                                      --                        (recursive)
│    │    └─ActQuantProxyFromInjector: 3-98                                 --                        (recursive)
├─Sequential: 1-41                                                          --                        (recursive)
│    └─Sequential: 2-14                                                     --                        (recursive)
│    │    └─QuantReLU: 3-24                                                 --                        (recursive)
│    └─MaxPool2d: 2-15                                                      [1, 16, 56, 56]           --
│    └─Sequential: 2-16                                                     [1, 16, 56, 56]           --
│    │    └─QuantConv2d: 3-25                                               [1, 16, 56, 56]           256
│    │    └─BatchNorm2d: 3-26                                               [1, 16, 56, 56]           32
│    │    └─QuantReLU: 3-27                                                 [1, 16, 56, 56]           1
├─Sequential: 1-40                                                          --                        (recursive)
│    └─QuantReLU: 2-55                                                      --                        (recursive)
│    │    └─ActQuantProxyFromInjector: 3-98                                 --                        (recursive)
├─Sequential: 1-41                                                          --                        (recursive)
│    └─Sequential: 2-18                                                     --                        (recursive)
│    │    └─QuantReLU: 3-29                                                 --                        (recursive)
│    └─Sequential: 2-19                                                     [1, 32, 56, 56]           --
│    │    └─QuantConv2d: 3-30                                               [1, 32, 56, 56]           4,608
│    │    └─BatchNorm2d: 3-31                                               [1, 32, 56, 56]           64
│    │    └─QuantReLU: 3-32                                                 [1, 32, 56, 56]           1
├─Sequential: 1-40                                                          --                        (recursive)
│    └─QuantReLU: 2-55                                                      --                        (recursive)
│    │    └─ActQuantProxyFromInjector: 3-98                                 --                        (recursive)
├─Sequential: 1-41                                                          --                        (recursive)
│    └─Sequential: 2-21                                                     --                        (recursive)
│    │    └─QuantReLU: 3-34                                                 --                        (recursive)
│    └─Sequential: 2-22                                                     [1, 32, 56, 56]           --
│    │    └─QuantConv2d: 3-35                                               [1, 32, 56, 56]           1,024
│    │    └─BatchNorm2d: 3-36                                               [1, 32, 56, 56]           64
│    │    └─QuantReLU: 3-37                                                 [1, 32, 56, 56]           1
├─Sequential: 1-40                                                          --                        (recursive)
│    └─QuantReLU: 2-55                                                      --                        (recursive)
│    │    └─ActQuantProxyFromInjector: 3-98                                 --                        (recursive)
├─Sequential: 1-41                                                          --                        (recursive)
│    └─Sequential: 2-24                                                     --                        (recursive)
│    │    └─QuantReLU: 3-39                                                 --                        (recursive)
│    └─Sequential: 2-25                                                     [1, 57, 56, 56]           8,836
│    │    └─QuantConv2d: 3-40                                               [1, 51, 56, 56]           4,896
│    │    └─BatchNorm2d: 3-41                                               [1, 51, 56, 56]           102
│    │    └─QuantIdentity: 3-42                                             [1, 51, 56, 56]           1
├─Sequential: 1-40                                                          --                        (recursive)
│    └─QuantReLU: 2-55                                                      --                        (recursive)
│    │    └─ActQuantProxyFromInjector: 3-98                                 --                        (recursive)
├─Sequential: 1-41                                                          --                        (recursive)
│    └─Sequential: 2-29                                                     --                        (recursive)
│    │    └─QuantIdentity: 3-44                                             --                        (recursive)
│    │    └─QuantConv2d: 3-45                                               [1, 57, 56, 56]           8,721
│    │    └─BatchNorm2d: 3-46                                               [1, 57, 56, 56]           114
│    │    └─QuantReLU: 3-47                                                 [1, 57, 56, 56]           1
├─Sequential: 1-40                                                          --                        (recursive)
│    └─QuantReLU: 2-55                                                      --                        (recursive)
│    │    └─ActQuantProxyFromInjector: 3-98                                 --                        (recursive)
├─Sequential: 1-41                                                          --                        (recursive)
│    └─Sequential: 2-29                                                     --                        (recursive)
│    │    └─QuantReLU: 3-49                                                 --                        (recursive)
│    └─MaxPool2d: 2-30                                                      [1, 57, 28, 28]           --
│    └─Sequential: 2-31                                                     [1, 32, 28, 28]           --
│    │    └─QuantConv2d: 3-50                                               [1, 32, 28, 28]           1,824
│    │    └─BatchNorm2d: 3-51                                               [1, 32, 28, 28]           64
│    │    └─QuantReLU: 3-52                                                 [1, 32, 28, 28]           1
├─Sequential: 1-40                                                          --                        (recursive)
│    └─QuantReLU: 2-55                                                      --                        (recursive)
│    │    └─ActQuantProxyFromInjector: 3-98                                 --                        (recursive)
├─Sequential: 1-41                                                          --                        (recursive)
│    └─Sequential: 2-33                                                     --                        (recursive)
│    │    └─QuantReLU: 3-54                                                 --                        (recursive)
│    └─Sequential: 2-34                                                     [1, 64, 28, 28]           8,577
│    │    └─QuantConv2d: 3-55                                               [1, 44, 28, 28]           4,224
│    │    └─BatchNorm2d: 3-56                                               [1, 44, 28, 28]           88
│    │    └─QuantIdentity: 3-57                                             [1, 44, 28, 28]           1
├─Sequential: 1-40                                                          --                        (recursive)
│    └─QuantReLU: 2-55                                                      --                        (recursive)
│    │    └─ActQuantProxyFromInjector: 3-98                                 --                        (recursive)
├─Sequential: 1-41                                                          --                        (recursive)
│    └─Sequential: 2-38                                                     --                        (recursive)
│    │    └─QuantIdentity: 3-59                                             --                        (recursive)
│    │    └─QuantConv2d: 3-60                                               [1, 64, 28, 28]           8,448
│    │    └─BatchNorm2d: 3-61                                               [1, 64, 28, 28]           128
│    │    └─QuantReLU: 3-62                                                 [1, 64, 28, 28]           1
├─Sequential: 1-40                                                          --                        (recursive)
│    └─QuantReLU: 2-55                                                      --                        (recursive)
│    │    └─ActQuantProxyFromInjector: 3-98                                 --                        (recursive)
├─Sequential: 1-41                                                          --                        (recursive)
│    └─Sequential: 2-38                                                     --                        (recursive)
│    │    └─QuantReLU: 3-64                                                 --                        (recursive)
│    └─Sequential: 2-39                                                     [1, 32, 28, 28]           --
│    │    └─QuantConv2d: 3-65                                               [1, 32, 28, 28]           2,048
│    │    └─BatchNorm2d: 3-66                                               [1, 32, 28, 28]           64
│    │    └─QuantReLU: 3-67                                                 [1, 32, 28, 28]           1
├─Sequential: 1-40                                                          --                        (recursive)
│    └─QuantReLU: 2-55                                                      --                        (recursive)
│    │    └─ActQuantProxyFromInjector: 3-98                                 --                        (recursive)
├─Sequential: 1-41                                                          --                        (recursive)
│    └─Sequential: 2-41                                                     --                        (recursive)
│    │    └─QuantReLU: 3-69                                                 --                        (recursive)
│    └─Sequential: 2-42                                                     [1, 64, 28, 28]           6,273
│    │    └─QuantConv2d: 3-70                                               [1, 32, 28, 28]           3,072
│    │    └─BatchNorm2d: 3-71                                               [1, 32, 28, 28]           64
│    │    └─QuantIdentity: 3-72                                             [1, 32, 28, 28]           1
├─Sequential: 1-40                                                          --                        (recursive)
│    └─QuantReLU: 2-55                                                      --                        (recursive)
│    │    └─ActQuantProxyFromInjector: 3-98                                 --                        (recursive)
├─Sequential: 1-41                                                          --                        (recursive)
│    └─Sequential: 2-46                                                     --                        (recursive)
│    │    └─QuantIdentity: 3-74                                             --                        (recursive)
│    │    └─QuantConv2d: 3-75                                               [1, 64, 28, 28]           6,144
│    │    └─BatchNorm2d: 3-76                                               [1, 64, 28, 28]           128
│    │    └─QuantReLU: 3-77                                                 [1, 64, 28, 28]           1
├─Sequential: 1-40                                                          --                        (recursive)
│    └─QuantReLU: 2-55                                                      --                        (recursive)
│    │    └─ActQuantProxyFromInjector: 3-98                                 --                        (recursive)
├─Sequential: 1-41                                                          --                        (recursive)
│    └─Sequential: 2-46                                                     --                        (recursive)
│    │    └─QuantReLU: 3-79                                                 --                        (recursive)
│    └─Sequential: 2-47                                                     [1, 32, 28, 28]           385
│    │    └─QuantConv2d: 3-80                                               [1, 10, 28, 28]           640
│    │    └─BatchNorm2d: 3-81                                               [1, 10, 28, 28]           20
│    │    └─QuantIdentity: 3-82                                             [1, 10, 28, 28]           1
├─Sequential: 1-40                                                          --                        (recursive)
│    └─QuantReLU: 2-55                                                      --                        (recursive)
│    │    └─ActQuantProxyFromInjector: 3-98                                 --                        (recursive)
├─Sequential: 1-41                                                          --                        (recursive)
│    └─Sequential: 2-51                                                     --                        (recursive)
│    │    └─QuantIdentity: 3-84                                             --                        (recursive)
│    │    └─QuantConv2d: 3-85                                               [1, 32, 28, 28]           320
│    │    └─BatchNorm2d: 3-86                                               [1, 32, 28, 28]           64
│    │    └─QuantReLU: 3-87                                                 [1, 32, 28, 28]           1
├─Sequential: 1-40                                                          --                        (recursive)
│    └─QuantReLU: 2-55                                                      --                        (recursive)
│    │    └─ActQuantProxyFromInjector: 3-98                                 --                        (recursive)
├─Sequential: 1-41                                                          --                        (recursive)
│    └─Sequential: 2-51                                                     --                        (recursive)
│    │    └─QuantReLU: 3-89                                                 --                        (recursive)
│    └─Sequential: 2-52                                                     [1, 64, 28, 28]           1,281
│    │    └─QuantConv2d: 3-90                                               [1, 6, 28, 28]            576
│    │    └─BatchNorm2d: 3-91                                               [1, 6, 28, 28]            12
│    │    └─QuantIdentity: 3-92                                             [1, 6, 28, 28]            1
├─Sequential: 1-40                                                          --                        (recursive)
│    └─QuantReLU: 2-55                                                      --                        (recursive)
│    │    └─ActQuantProxyFromInjector: 3-98                                 --                        (recursive)
├─Sequential: 1-41                                                          --                        (recursive)
│    └─Sequential: 2-56                                                     --                        (recursive)
│    │    └─QuantIdentity: 3-94                                             --                        (recursive)
│    │    └─QuantConv2d: 3-95                                               [1, 64, 28, 28]           1,152
│    │    └─BatchNorm2d: 3-96                                               [1, 64, 28, 28]           128
│    │    └─QuantReLU: 3-97                                                 [1, 64, 28, 28]           1
├─Sequential: 1-40                                                          --                        (recursive)
│    └─QuantReLU: 2-55                                                      --                        (recursive)
│    │    └─ActQuantProxyFromInjector: 3-98                                 --                        (recursive)
├─Sequential: 1-41                                                          --                        (recursive)
│    └─Sequential: 2-56                                                     --                        (recursive)
│    │    └─QuantReLU: 3-99                                                 --                        (recursive)
├─TruncAvgPool2d: 1-42                                                      [1, 64, 1, 1]             --
│    └─TruncQuantProxyFromInjector: 2-57                                    [1, 64, 1, 1]             --
│    │    └─TruncIntQuant: 3-100                                            [1, 64, 1, 1]             --
├─Sequential: 1-43                                                          [1, 2]                    --
│    └─QuantLinear: 2-58                                                    [1, 16]                   --
│    │    └─ActQuantProxyFromInjector: 3-101                                [1, 64]                   --
│    │    └─WeightQuantProxyFromInjector: 3-102                             [16, 64]                  1,024
│    │    └─ActQuantProxyFromInjector: 3-103                                [1, 16]                   --
│    └─BatchNorm1d: 2-59                                                    [1, 16]                   32
│    └─QuantReLU: 2-60                                                      [1, 16]                   --
│    │    └─ActQuantProxyFromInjector: 3-104                                [1, 16]                   --
│    │    └─ActQuantProxyFromInjector: 3-105                                [1, 16]                   1
│    └─QuantLinear: 2-61                                                    [1, 2]                    --
│    │    └─ActQuantProxyFromInjector: 3-106                                [1, 16]                   --
│    │    └─WeightQuantProxyFromInjector: 3-107                             [2, 16]                   32
│    │    └─ActQuantProxyFromInjector: 3-108                                [1, 2]                    --
│    └─TensorNorm: 2-62                                                     [1, 2]                    2
=============================================================================================================================
Total params: 133,796
Trainable params: 133,796
Non-trainable params: 0
Total mult-adds (M): 0.00
=============================================================================================================================
Input size (MB): 0.60
Forward/backward pass size (MB): 24.96
Params size (MB): 0.01
Estimated Total Size (MB): 25.57
=============================================================================================================================

Loss Function: BCE
Smoke Precision Weight: 0.8
Starting script


***Start Training: 17:12:08


=== EPOCH 0/2 ===
Learning Rate = 0.001

TRAIN Stats
Total Loss |Smoke Loss|Fire Loss |    _______|Accuracy |Precision|Recall   |F1       |
-----------|----------|----------|    Smoke  |0.5125   |0.5021   |0.3898   |0.4388   |
91.71      |42.44     |49.27     |    Fire   |0.5078   |0.3839   |0.8152   |0.5220   |

VAL Stats
Total Loss |Smoke Loss|Fire Loss |    _______|Accuracy |Precision|Recall   |F1       |
-----------|----------|----------|    Smoke  |0.4896   |0.4896   |1.0000   |0.6573   |
88.26      |40.03     |48.23     |    Fire   |0.3021   |0.3021   |1.0000   |0.4640   |

Saving model with new best validation loss: 88.2577
Saving model with best Mean F1: 0.5607

=== EPOCH 1/2 ===
Learning Rate = 0.001

TRAIN Stats
Total Loss |Smoke Loss|Fire Loss |    _______|Accuracy |Precision|Recall   |F1       |
-----------|----------|----------|    Smoke  |0.5437   |0.5402   |0.4505   |0.4913   |
77.80      |39.76     |38.04     |    Fire   |0.6906   |0.5176   |0.9052   |0.6586   |

VAL Stats
Total Loss |Smoke Loss|Fire Loss |    _______|Accuracy |Precision|Recall   |F1       |
-----------|----------|----------|    Smoke  |0.4870   |0.4883   |0.9947   |0.6550   |
113.91     |42.03     |71.88     |    Fire   |0.3021   |0.3021   |1.0000   |0.4640   |


=== EPOCH 2/2 ===
Learning Rate = 0.001

TRAIN Stats
Total Loss |Smoke Loss|Fire Loss |    _______|Accuracy |Precision|Recall   |F1       |
-----------|----------|----------|    Smoke  |0.6000   |0.5993   |0.5495   |0.5733   |
72.92      |38.03     |34.88     |    Fire   |0.7437   |0.5765   |0.8389   |0.6834   |

VAL Stats
Total Loss |Smoke Loss|Fire Loss |    _______|Accuracy |Precision|Recall   |F1       |
-----------|----------|----------|    Smoke  |0.4896   |0.4896   |1.0000   |0.6573   |
118.66     |49.74     |68.92     |    Fire   |0.3099   |0.3045   |1.0000   |0.4668   |

Saving model with best Mean F1: 0.5621
Saving last model

***Script finished: 17:12:56

Time elapsed: 0:00:48.115498

Testing with FULL TEST LOADER
{'Accuracy': [0.4895833432674408, 0.3098958432674408], 'Precision': [0.4895833432674408, 0.3044619560241699], 'Recall': [1.0, 1.0], 'F1': [0.6573426723480225, 0.4668008089065552]}

Testing with DFire MINI TRAIN after LOADING F1 Best Mean CHECKPOINT
{'Accuracy': [0.75, 0.36000001430511475], 'Precision': [0.75, 0.35353535413742065], 'Recall': [1.0, 1.0], 'F1': [0.8571428656578064, 0.5223880410194397]}

Testing with DFire MINI TEST after LOADING F1 Best Mean CHECKPOINT
{'Accuracy': [0.7333333492279053, 0.36666667461395264], 'Precision': [0.7333333492279053, 0.36666667461395264], 'Recall': [1.0, 1.0], 'F1': [0.8461538553237915, 0.5365853905677795]}
