BED Classifier XS Tiny.
	One Head.
	255 Normalization.
	Weighted for Precision.
	Modules.
	Losses and Metrics Loggers.
	More checkpoints.
	QAT with Neural Compressor.
	No Tuning.
	FASDD Dataset included.
	Epochs = 40

Using BED Classifier

Trainable parameters = 93266
Total parameters = 93266

Model shape is tensor([[-0.3334, -0.1113],
        [-0.4391, -0.1174],
        [-0.3571, -0.0456],
        [-0.4432, -0.1571]], device='cuda:0', grad_fn=<AddmmBackward0>)
BED Model Arquitecture
BED_CLASSIFIER(
  (model): Sequential(
    (conv1): Conv2d(3, 32, kernel_size=(3, 3), stride=(1, 1), padding=(1, 1), bias=False)
    (bn1): BatchNorm2d(32, eps=1e-05, momentum=0.1, affine=True, track_running_stats=True)
    (relu1): ReLU()
    (dropout1): Dropout2d(p=0.3, inplace=False)
    (maxpool2): MaxPool2d(kernel_size=2, stride=2, padding=0, dilation=1, ceil_mode=False)
    (conv2): Conv2d(32, 16, kernel_size=(3, 3), stride=(1, 1), padding=(1, 1), bias=False)
    (bn2): BatchNorm2d(16, eps=1e-05, momentum=0.1, affine=True, track_running_stats=True)
    (relu2): ReLU()
    (dropout2): Dropout2d(p=0.3, inplace=False)
    (maxpool3): MaxPool2d(kernel_size=2, stride=2, padding=0, dilation=1, ceil_mode=False)
    (conv31): Conv2d(16, 16, kernel_size=(1, 1), stride=(1, 1), bias=False)
    (bn31): BatchNorm2d(16, eps=1e-05, momentum=0.1, affine=True, track_running_stats=True)
    (relu31): ReLU()
    (conv32): Conv2d(16, 32, kernel_size=(3, 3), stride=(1, 1), padding=(1, 1), bias=False)
    (bn32): BatchNorm2d(32, eps=1e-05, momentum=0.1, affine=True, track_running_stats=True)
    (relu32): ReLU()
    (conv33): Conv2d(32, 32, kernel_size=(1, 1), stride=(1, 1), bias=False)
    (bn33): BatchNorm2d(32, eps=1e-05, momentum=0.1, affine=True, track_running_stats=True)
    (relu33): ReLU()
    (conv34): Conv2d(32, 64, kernel_size=(3, 3), stride=(1, 1), padding=(1, 1), bias=False)
    (bn34): BatchNorm2d(64, eps=1e-05, momentum=0.1, affine=True, track_running_stats=True)
    (relu34): ReLU()
    (maxpool4): MaxPool2d(kernel_size=2, stride=2, padding=0, dilation=1, ceil_mode=False)
    (conv41): Conv2d(64, 32, kernel_size=(1, 1), stride=(1, 1), bias=False)
    (bn41): BatchNorm2d(32, eps=1e-05, momentum=0.1, affine=True, track_running_stats=True)
    (relu41): ReLU()
    (conv42): Conv2d(32, 64, kernel_size=(3, 3), stride=(1, 1), padding=(1, 1), bias=False)
    (bn42): BatchNorm2d(64, eps=1e-05, momentum=0.1, affine=True, track_running_stats=True)
    (relu42): ReLU()
    (conv43): Conv2d(64, 32, kernel_size=(1, 1), stride=(1, 1), bias=False)
    (bn43): BatchNorm2d(32, eps=1e-05, momentum=0.1, affine=True, track_running_stats=True)
    (relu43): ReLU()
    (conv44): Conv2d(32, 64, kernel_size=(3, 3), stride=(1, 1), padding=(1, 1), bias=False)
    (bn44): BatchNorm2d(64, eps=1e-05, momentum=0.1, affine=True, track_running_stats=True)
    (relu44): ReLU()
    (conv45): Conv2d(64, 32, kernel_size=(1, 1), stride=(1, 1), bias=False)
    (bn45): BatchNorm2d(32, eps=1e-05, momentum=0.1, affine=True, track_running_stats=True)
    (relu45): ReLU()
    (conv46): Conv2d(32, 64, kernel_size=(3, 3), stride=(1, 1), padding=(1, 1), bias=False)
    (bn46): BatchNorm2d(64, eps=1e-05, momentum=0.1, affine=True, track_running_stats=True)
    (relu46): ReLU()
    (avgpool5): AdaptiveAvgPool2d(output_size=(1, 1))
    (flatten5): Flatten(start_dim=1, end_dim=-1)
    (dropout5): Dropout(p=0.2, inplace=False)
    (linear51): Linear(in_features=64, out_features=16, bias=True)
    (relu5): ReLU()
    (linear52): Linear(in_features=16, out_features=2, bias=True)
  )
)
==========================================================================================
Layer (type:depth-idx)                   Output Shape              Param #
==========================================================================================
BED_CLASSIFIER                           [1, 2]                    --
├─Sequential: 1-1                        [1, 2]                    --
│    └─Conv2d: 2-1                       [1, 32, 224, 224]         864
│    └─BatchNorm2d: 2-2                  [1, 32, 224, 224]         64
│    └─ReLU: 2-3                         [1, 32, 224, 224]         --
│    └─Dropout2d: 2-4                    [1, 32, 224, 224]         --
│    └─MaxPool2d: 2-5                    [1, 32, 112, 112]         --
│    └─Conv2d: 2-6                       [1, 16, 112, 112]         4,608
│    └─BatchNorm2d: 2-7                  [1, 16, 112, 112]         32
│    └─ReLU: 2-8                         [1, 16, 112, 112]         --
│    └─Dropout2d: 2-9                    [1, 16, 112, 112]         --
│    └─MaxPool2d: 2-10                   [1, 16, 56, 56]           --
│    └─Conv2d: 2-11                      [1, 16, 56, 56]           256
│    └─BatchNorm2d: 2-12                 [1, 16, 56, 56]           32
│    └─ReLU: 2-13                        [1, 16, 56, 56]           --
│    └─Conv2d: 2-14                      [1, 32, 56, 56]           4,608
│    └─BatchNorm2d: 2-15                 [1, 32, 56, 56]           64
│    └─ReLU: 2-16                        [1, 32, 56, 56]           --
│    └─Conv2d: 2-17                      [1, 32, 56, 56]           1,024
│    └─BatchNorm2d: 2-18                 [1, 32, 56, 56]           64
│    └─ReLU: 2-19                        [1, 32, 56, 56]           --
│    └─Conv2d: 2-20                      [1, 64, 56, 56]           18,432
│    └─BatchNorm2d: 2-21                 [1, 64, 56, 56]           128
│    └─ReLU: 2-22                        [1, 64, 56, 56]           --
│    └─MaxPool2d: 2-23                   [1, 64, 28, 28]           --
│    └─Conv2d: 2-24                      [1, 32, 28, 28]           2,048
│    └─BatchNorm2d: 2-25                 [1, 32, 28, 28]           64
│    └─ReLU: 2-26                        [1, 32, 28, 28]           --
│    └─Conv2d: 2-27                      [1, 64, 28, 28]           18,432
│    └─BatchNorm2d: 2-28                 [1, 64, 28, 28]           128
│    └─ReLU: 2-29                        [1, 64, 28, 28]           --
│    └─Conv2d: 2-30                      [1, 32, 28, 28]           2,048
│    └─BatchNorm2d: 2-31                 [1, 32, 28, 28]           64
│    └─ReLU: 2-32                        [1, 32, 28, 28]           --
│    └─Conv2d: 2-33                      [1, 64, 28, 28]           18,432
│    └─BatchNorm2d: 2-34                 [1, 64, 28, 28]           128
│    └─ReLU: 2-35                        [1, 64, 28, 28]           --
│    └─Conv2d: 2-36                      [1, 32, 28, 28]           2,048
│    └─BatchNorm2d: 2-37                 [1, 32, 28, 28]           64
│    └─ReLU: 2-38                        [1, 32, 28, 28]           --
│    └─Conv2d: 2-39                      [1, 64, 28, 28]           18,432
│    └─BatchNorm2d: 2-40                 [1, 64, 28, 28]           128
│    └─ReLU: 2-41                        [1, 64, 28, 28]           --
│    └─AdaptiveAvgPool2d: 2-42           [1, 64, 1, 1]             --
│    └─Flatten: 2-43                     [1, 64]                   --
│    └─Dropout: 2-44                     [1, 64]                   --
│    └─Linear: 2-45                      [1, 16]                   1,040
│    └─ReLU: 2-46                        [1, 16]                   --
│    └─Linear: 2-47                      [1, 2]                    34
==========================================================================================
Total params: 93,266
Trainable params: 93,266
Non-trainable params: 0
Total mult-adds (M): 225.59
==========================================================================================
Input size (MB): 0.60
Forward/backward pass size (MB): 39.74
Params size (MB): 0.37
Estimated Total Size (MB): 40.71
==========================================================================================

Loss Function: BCE
Smoke Precision Weight: 0.8

Device: cuda
Learning Rate: 0.0001
Optimizer Weight Decay: 0.0001
Scheduler factor: 0.8
Scheduler patience: 2
Scheduler threshold: 0.001
Scheduler min learning rate: 1e-06
Batch Size: 64
W: 224
H: 224

***Start Training: 20:13:58


=== EPOCH 0/39 ===
Learning Rate = 0.000100

TRAIN Stats
Total Loss |Smoke Loss|Fire Loss |    _______|Accuracy |Precision|Recall   |F1       |
-----------|----------|----------|    Smoke  |0.9173   |0.9311   |0.8913   |0.9108   |
18.42      |11.54     |6.88      |    Fire   |0.9604   |0.9471   |0.9298   |0.9384   |

VAL Stats
Total Loss |Smoke Loss|Fire Loss |    _______|Accuracy |Precision|Recall   |F1       |
-----------|----------|----------|    Smoke  |0.9046   |0.9272   |0.8656   |0.8953   |
20.38      |13.62     |6.76      |    Fire   |0.9619   |0.9157   |0.9721   |0.9430   |

Saving model with new best validation loss: 20.380

=== EPOCH 1/39 ===
Learning Rate = 0.000100

TRAIN Stats
Total Loss |Smoke Loss|Fire Loss |    _______|Accuracy |Precision|Recall   |F1       |
-----------|----------|----------|    Smoke  |0.9177   |0.9319   |0.8914   |0.9112   |
18.16      |11.40     |6.76      |    Fire   |0.9606   |0.9464   |0.9311   |0.9387   |

VAL Stats
Total Loss |Smoke Loss|Fire Loss |    _______|Accuracy |Precision|Recall   |F1       |
-----------|----------|----------|    Smoke  |0.9009   |0.9308   |0.8531   |0.8903   |
21.02      |13.68     |7.34      |    Fire   |0.9588   |0.9107   |0.9678   |0.9384   |


=== EPOCH 2/39 ===
Learning Rate = 0.000100

TRAIN Stats
Total Loss |Smoke Loss|Fire Loss |    _______|Accuracy |Precision|Recall   |F1       |
-----------|----------|----------|    Smoke  |0.9173   |0.9321   |0.8903   |0.9107   |
18.12      |11.45     |6.66      |    Fire   |0.9613   |0.9475   |0.9320   |0.9397   |

VAL Stats
Total Loss |Smoke Loss|Fire Loss |    _______|Accuracy |Precision|Recall   |F1       |
-----------|----------|----------|    Smoke  |0.9056   |0.9241   |0.8714   |0.8970   |
20.38      |13.07     |7.31      |    Fire   |0.9586   |0.9073   |0.9717   |0.9384   |


=== EPOCH 3/39 ===
Learning Rate = 0.000100

TRAIN Stats
Total Loss |Smoke Loss|Fire Loss |    _______|Accuracy |Precision|Recall   |F1       |
-----------|----------|----------|    Smoke  |0.9177   |0.9332   |0.8901   |0.9111   |
18.12      |11.48     |6.64      |    Fire   |0.9615   |0.9493   |0.9309   |0.9400   |

VAL Stats
Total Loss |Smoke Loss|Fire Loss |    _______|Accuracy |Precision|Recall   |F1       |
-----------|----------|----------|    Smoke  |0.9000   |0.9368   |0.8450   |0.8885   |
21.05      |13.59     |7.47      |    Fire   |0.9570   |0.9015   |0.9739   |0.9363   |


=== EPOCH 4/39 ===
Learning Rate = 0.000080

TRAIN Stats
Total Loss |Smoke Loss|Fire Loss |    _______|Accuracy |Precision|Recall   |F1       |
-----------|----------|----------|    Smoke  |0.9188   |0.9336   |0.8920   |0.9123   |
17.81      |11.24     |6.57      |    Fire   |0.9615   |0.9504   |0.9297   |0.9400   |

VAL Stats
Total Loss |Smoke Loss|Fire Loss |    _______|Accuracy |Precision|Recall   |F1       |
-----------|----------|----------|    Smoke  |0.9038   |0.9280   |0.8629   |0.8943   |
20.21      |13.29     |6.92      |    Fire   |0.9621   |0.9178   |0.9699   |0.9431   |

Saving model with new best validation loss: 20.207

=== EPOCH 5/39 ===
Learning Rate = 0.000080

TRAIN Stats
Total Loss |Smoke Loss|Fire Loss |    _______|Accuracy |Precision|Recall   |F1       |
-----------|----------|----------|    Smoke  |0.9197   |0.9337   |0.8939   |0.9134   |
17.82      |11.22     |6.60      |    Fire   |0.9610   |0.9488   |0.9297   |0.9392   |

VAL Stats
Total Loss |Smoke Loss|Fire Loss |    _______|Accuracy |Precision|Recall   |F1       |
-----------|----------|----------|    Smoke  |0.8991   |0.9127   |0.8691   |0.8904   |
21.77      |14.21     |7.56      |    Fire   |0.9580   |0.9080   |0.9685   |0.9373   |


=== EPOCH 6/39 ===
Learning Rate = 0.000080

TRAIN Stats
Total Loss |Smoke Loss|Fire Loss |    _______|Accuracy |Precision|Recall   |F1       |
-----------|----------|----------|    Smoke  |0.9184   |0.9332   |0.8915   |0.9119   |
17.92      |11.29     |6.64      |    Fire   |0.9616   |0.9486   |0.9320   |0.9402   |

VAL Stats
Total Loss |Smoke Loss|Fire Loss |    _______|Accuracy |Precision|Recall   |F1       |
-----------|----------|----------|    Smoke  |0.8940   |0.9272   |0.8413   |0.8822   |
21.61      |14.24     |7.36      |    Fire   |0.9597   |0.9104   |0.9715   |0.9399   |


=== EPOCH 7/39 ===
Learning Rate = 0.000080

TRAIN Stats
Total Loss |Smoke Loss|Fire Loss |    _______|Accuracy |Precision|Recall   |F1       |
-----------|----------|----------|    Smoke  |0.9189   |0.9336   |0.8922   |0.9124   |
17.92      |11.24     |6.68      |    Fire   |0.9603   |0.9481   |0.9283   |0.9381   |

VAL Stats
Total Loss |Smoke Loss|Fire Loss |    _______|Accuracy |Precision|Recall   |F1       |
-----------|----------|----------|    Smoke  |0.8936   |0.9073   |0.8625   |0.8843   |
22.19      |14.72     |7.47      |    Fire   |0.9583   |0.9075   |0.9703   |0.9378   |


=== EPOCH 8/39 ===
Learning Rate = 0.000064

TRAIN Stats
Total Loss |Smoke Loss|Fire Loss |    _______|Accuracy |Precision|Recall   |F1       |
-----------|----------|----------|    Smoke  |0.9204   |0.9357   |0.8933   |0.9140   |
17.53      |11.05     |6.48      |    Fire   |0.9614   |0.9483   |0.9315   |0.9398   |

VAL Stats
Total Loss |Smoke Loss|Fire Loss |    _______|Accuracy |Precision|Recall   |F1       |
-----------|----------|----------|    Smoke  |0.9054   |0.9325   |0.8618   |0.8957   |
20.60      |13.32     |7.28      |    Fire   |0.9597   |0.9140   |0.9666   |0.9396   |


=== EPOCH 9/39 ===
Learning Rate = 0.000064

TRAIN Stats
Total Loss |Smoke Loss|Fire Loss |    _______|Accuracy |Precision|Recall   |F1       |
-----------|----------|----------|    Smoke  |0.9215   |0.9371   |0.8944   |0.9152   |
17.44      |11.02     |6.42      |    Fire   |0.9616   |0.9497   |0.9308   |0.9401   |

VAL Stats
Total Loss |Smoke Loss|Fire Loss |    _______|Accuracy |Precision|Recall   |F1       |
-----------|----------|----------|    Smoke  |0.8993   |0.9210   |0.8602   |0.8896   |
21.18      |13.73     |7.45      |    Fire   |0.9594   |0.9104   |0.9702   |0.9393   |


=== EPOCH 10/39 ===
Learning Rate = 0.000064

TRAIN Stats
Total Loss |Smoke Loss|Fire Loss |    _______|Accuracy |Precision|Recall   |F1       |
-----------|----------|----------|    Smoke  |0.9194   |0.9341   |0.8927   |0.9129   |
17.54      |11.10     |6.44      |    Fire   |0.9616   |0.9492   |0.9312   |0.9401   |

VAL Stats
Total Loss |Smoke Loss|Fire Loss |    _______|Accuracy |Precision|Recall   |F1       |
-----------|----------|----------|    Smoke  |0.9052   |0.9192   |0.8760   |0.8971   |
20.63      |13.68     |6.94      |    Fire   |0.9619   |0.9164   |0.9711   |0.9430   |


=== EPOCH 11/39 ===
Learning Rate = 0.000051

TRAIN Stats
Total Loss |Smoke Loss|Fire Loss |    _______|Accuracy |Precision|Recall   |F1       |
-----------|----------|----------|    Smoke  |0.9217   |0.9368   |0.8950   |0.9154   |
17.35      |10.92     |6.44      |    Fire   |0.9618   |0.9507   |0.9302   |0.9403   |

VAL Stats
Total Loss |Smoke Loss|Fire Loss |    _______|Accuracy |Precision|Recall   |F1       |
-----------|----------|----------|    Smoke  |0.9005   |0.9168   |0.8677   |0.8916   |
20.96      |13.89     |7.07      |    Fire   |0.9602   |0.9137   |0.9688   |0.9405   |


=== EPOCH 12/39 ===
Learning Rate = 0.000051

TRAIN Stats
Total Loss |Smoke Loss|Fire Loss |    _______|Accuracy |Precision|Recall   |F1       |
-----------|----------|----------|    Smoke  |0.9212   |0.9358   |0.8951   |0.9150   |
17.45      |10.89     |6.57      |    Fire   |0.9613   |0.9499   |0.9295   |0.9396   |

VAL Stats
Total Loss |Smoke Loss|Fire Loss |    _______|Accuracy |Precision|Recall   |F1       |
-----------|----------|----------|    Smoke  |0.9034   |0.9395   |0.8498   |0.8924   |
20.21      |13.13     |7.08      |    Fire   |0.9610   |0.9127   |0.9727   |0.9417   |

Saving model with new best validation loss: 20.207

=== EPOCH 13/39 ===
Learning Rate = 0.000051

TRAIN Stats
Total Loss |Smoke Loss|Fire Loss |    _______|Accuracy |Precision|Recall   |F1       |
-----------|----------|----------|    Smoke  |0.9217   |0.9375   |0.8944   |0.9154   |
17.32      |10.85     |6.47      |    Fire   |0.9610   |0.9496   |0.9289   |0.9391   |

VAL Stats
Total Loss |Smoke Loss|Fire Loss |    _______|Accuracy |Precision|Recall   |F1       |
-----------|----------|----------|    Smoke  |0.9011   |0.9309   |0.8536   |0.8906   |
20.30      |13.27     |7.03      |    Fire   |0.9619   |0.9147   |0.9731   |0.9430   |


=== EPOCH 14/39 ===
Learning Rate = 0.000041

TRAIN Stats
Total Loss |Smoke Loss|Fire Loss |    _______|Accuracy |Precision|Recall   |F1       |
-----------|----------|----------|    Smoke  |0.9219   |0.9348   |0.8977   |0.9159   |
17.09      |10.79     |6.30      |    Fire   |0.9630   |0.9514   |0.9333   |0.9423   |

VAL Stats
Total Loss |Smoke Loss|Fire Loss |    _______|Accuracy |Precision|Recall   |F1       |
-----------|----------|----------|    Smoke  |0.9010   |0.9282   |0.8563   |0.8908   |
21.39      |13.74     |7.65      |    Fire   |0.9579   |0.9056   |0.9712   |0.9373   |


=== EPOCH 15/39 ===
Learning Rate = 0.000041

TRAIN Stats
Total Loss |Smoke Loss|Fire Loss |    _______|Accuracy |Precision|Recall   |F1       |
-----------|----------|----------|    Smoke  |0.9220   |0.9366   |0.8959   |0.9158   |
17.14      |10.87     |6.27      |    Fire   |0.9626   |0.9512   |0.9324   |0.9417   |

VAL Stats
Total Loss |Smoke Loss|Fire Loss |    _______|Accuracy |Precision|Recall   |F1       |
-----------|----------|----------|    Smoke  |0.8999   |0.9376   |0.8438   |0.8882   |
21.54      |13.60     |7.93      |    Fire   |0.9569   |0.9001   |0.9751   |0.9361   |


=== EPOCH 16/39 ===
Learning Rate = 0.000041

TRAIN Stats
Total Loss |Smoke Loss|Fire Loss |    _______|Accuracy |Precision|Recall   |F1       |
-----------|----------|----------|    Smoke  |0.9220   |0.9367   |0.8959   |0.9159   |
17.27      |10.88     |6.40      |    Fire   |0.9624   |0.9520   |0.9308   |0.9413   |

VAL Stats
Total Loss |Smoke Loss|Fire Loss |    _______|Accuracy |Precision|Recall   |F1       |
-----------|----------|----------|    Smoke  |0.8992   |0.9131   |0.8689   |0.8905   |
21.42      |14.00     |7.41      |    Fire   |0.9583   |0.9053   |0.9734   |0.9381   |


=== EPOCH 17/39 ===
Learning Rate = 0.000033

TRAIN Stats
Total Loss |Smoke Loss|Fire Loss |    _______|Accuracy |Precision|Recall   |F1       |
-----------|----------|----------|    Smoke  |0.9237   |0.9381   |0.8981   |0.9177   |
17.03      |10.68     |6.35      |    Fire   |0.9630   |0.9514   |0.9333   |0.9423   |

VAL Stats
Total Loss |Smoke Loss|Fire Loss |    _______|Accuracy |Precision|Recall   |F1       |
-----------|----------|----------|    Smoke  |0.9039   |0.9338   |0.8570   |0.8937   |
21.52      |13.68     |7.84      |    Fire   |0.9583   |0.9066   |0.9715   |0.9379   |


=== EPOCH 18/39 ===
Learning Rate = 0.000033

TRAIN Stats
Total Loss |Smoke Loss|Fire Loss |    _______|Accuracy |Precision|Recall   |F1       |
-----------|----------|----------|    Smoke  |0.9236   |0.9383   |0.8977   |0.9176   |
17.09      |10.72     |6.37      |    Fire   |0.9627   |0.9527   |0.9310   |0.9417   |

VAL Stats
Total Loss |Smoke Loss|Fire Loss |    _______|Accuracy |Precision|Recall   |F1       |
-----------|----------|----------|    Smoke  |0.9017   |0.9270   |0.8592   |0.8918   |
20.95      |13.64     |7.31      |    Fire   |0.9594   |0.9086   |0.9726   |0.9395   |


=== EPOCH 19/39 ===
Learning Rate = 0.000033

TRAIN Stats
Total Loss |Smoke Loss|Fire Loss |    _______|Accuracy |Precision|Recall   |F1       |
-----------|----------|----------|    Smoke  |0.9233   |0.9387   |0.8966   |0.9172   |
17.17      |10.76     |6.42      |    Fire   |0.9627   |0.9524   |0.9313   |0.9417   |

VAL Stats
Total Loss |Smoke Loss|Fire Loss |    _______|Accuracy |Precision|Recall   |F1       |
-----------|----------|----------|    Smoke  |0.9037   |0.9334   |0.8568   |0.8934   |
20.41      |13.53     |6.87      |    Fire   |0.9624   |0.9188   |0.9698   |0.9436   |


=== EPOCH 20/39 ===
Learning Rate = 0.000026

TRAIN Stats
Total Loss |Smoke Loss|Fire Loss |    _______|Accuracy |Precision|Recall   |F1       |
-----------|----------|----------|    Smoke  |0.9235   |0.9387   |0.8971   |0.9174   |
16.95      |10.60     |6.35      |    Fire   |0.9631   |0.9528   |0.9323   |0.9425   |

VAL Stats
Total Loss |Smoke Loss|Fire Loss |    _______|Accuracy |Precision|Recall   |F1       |
-----------|----------|----------|    Smoke  |0.9016   |0.9266   |0.8594   |0.8918   |
21.60      |13.65     |7.95      |    Fire   |0.9558   |0.8988   |0.9734   |0.9346   |


=== EPOCH 21/39 ===
Learning Rate = 0.000026

TRAIN Stats
Total Loss |Smoke Loss|Fire Loss |    _______|Accuracy |Precision|Recall   |F1       |
-----------|----------|----------|    Smoke  |0.9230   |0.9385   |0.8963   |0.9169   |
17.11      |10.76     |6.35      |    Fire   |0.9624   |0.9499   |0.9331   |0.9414   |

VAL Stats
Total Loss |Smoke Loss|Fire Loss |    _______|Accuracy |Precision|Recall   |F1       |
-----------|----------|----------|    Smoke  |0.9023   |0.9312   |0.8561   |0.8921   |
20.90      |13.64     |7.26      |    Fire   |0.9597   |0.9089   |0.9732   |0.9400   |


=== EPOCH 22/39 ===
Learning Rate = 0.000026

TRAIN Stats
Total Loss |Smoke Loss|Fire Loss |    _______|Accuracy |Precision|Recall   |F1       |
-----------|----------|----------|    Smoke  |0.9232   |0.9377   |0.8975   |0.9172   |
17.03      |10.66     |6.37      |    Fire   |0.9627   |0.9522   |0.9315   |0.9418   |

VAL Stats
Total Loss |Smoke Loss|Fire Loss |    _______|Accuracy |Precision|Recall   |F1       |
-----------|----------|----------|    Smoke  |0.9049   |0.9299   |0.8632   |0.8953   |
20.93      |13.49     |7.44      |    Fire   |0.9586   |0.9089   |0.9694   |0.9382   |


=== EPOCH 23/39 ===
Learning Rate = 0.000021

TRAIN Stats
Total Loss |Smoke Loss|Fire Loss |    _______|Accuracy |Precision|Recall   |F1       |
-----------|----------|----------|    Smoke  |0.9235   |0.9378   |0.8982   |0.9175   |
16.91      |10.60     |6.31      |    Fire   |0.9627   |0.9513   |0.9324   |0.9418   |

VAL Stats
Total Loss |Smoke Loss|Fire Loss |    _______|Accuracy |Precision|Recall   |F1       |
-----------|----------|----------|    Smoke  |0.9069   |0.9404   |0.8569   |0.8967   |
20.09      |13.26     |6.83      |    Fire   |0.9625   |0.9206   |0.9678   |0.9436   |

Saving model with new best validation loss: 20.089

=== EPOCH 24/39 ===
Learning Rate = 0.000021

TRAIN Stats
Total Loss |Smoke Loss|Fire Loss |    _______|Accuracy |Precision|Recall   |F1       |
-----------|----------|----------|    Smoke  |0.9245   |0.9393   |0.8987   |0.9185   |
16.60      |10.46     |6.14      |    Fire   |0.9638   |0.9530   |0.9343   |0.9436   |

VAL Stats
Total Loss |Smoke Loss|Fire Loss |    _______|Accuracy |Precision|Recall   |F1       |
-----------|----------|----------|    Smoke  |0.9006   |0.9219   |0.8622   |0.8911   |
21.76      |13.80     |7.96      |    Fire   |0.9565   |0.8987   |0.9759   |0.9357   |


=== EPOCH 25/39 ===
Learning Rate = 0.000021

TRAIN Stats
Total Loss |Smoke Loss|Fire Loss |    _______|Accuracy |Precision|Recall   |F1       |
-----------|----------|----------|    Smoke  |0.9235   |0.9393   |0.8965   |0.9174   |
16.92      |10.66     |6.26      |    Fire   |0.9636   |0.9523   |0.9343   |0.9432   |

VAL Stats
Total Loss |Smoke Loss|Fire Loss |    _______|Accuracy |Precision|Recall   |F1       |
-----------|----------|----------|    Smoke  |0.9025   |0.9313   |0.8563   |0.8922   |
20.28      |13.61     |6.67      |    Fire   |0.9623   |0.9186   |0.9696   |0.9434   |


=== EPOCH 26/39 ===
Learning Rate = 0.000021

TRAIN Stats
Total Loss |Smoke Loss|Fire Loss |    _______|Accuracy |Precision|Recall   |F1       |
-----------|----------|----------|    Smoke  |0.9240   |0.9380   |0.8990   |0.9181   |
16.83      |10.57     |6.26      |    Fire   |0.9632   |0.9528   |0.9327   |0.9427   |

VAL Stats
Total Loss |Smoke Loss|Fire Loss |    _______|Accuracy |Precision|Recall   |F1       |
-----------|----------|----------|    Smoke  |0.9053   |0.9296   |0.8645   |0.8959   |
20.45      |13.48     |6.97      |    Fire   |0.9623   |0.9185   |0.9696   |0.9434   |


=== EPOCH 27/39 ===
Learning Rate = 0.000017

TRAIN Stats
Total Loss |Smoke Loss|Fire Loss |    _______|Accuracy |Precision|Recall   |F1       |
-----------|----------|----------|    Smoke  |0.9247   |0.9395   |0.8989   |0.9188   |
16.67      |10.49     |6.17      |    Fire   |0.9635   |0.9528   |0.9336   |0.9431   |

VAL Stats
Total Loss |Smoke Loss|Fire Loss |    _______|Accuracy |Precision|Recall   |F1       |
-----------|----------|----------|    Smoke  |0.9055   |0.9297   |0.8650   |0.8962   |
20.50      |13.30     |7.20      |    Fire   |0.9614   |0.9123   |0.9746   |0.9424   |


=== EPOCH 28/39 ===
Learning Rate = 0.000017

TRAIN Stats
Total Loss |Smoke Loss|Fire Loss |    _______|Accuracy |Precision|Recall   |F1       |
-----------|----------|----------|    Smoke  |0.9251   |0.9416   |0.8976   |0.9191   |
16.46      |10.31     |6.15      |    Fire   |0.9649   |0.9551   |0.9355   |0.9452   |

VAL Stats
Total Loss |Smoke Loss|Fire Loss |    _______|Accuracy |Precision|Recall   |F1       |
-----------|----------|----------|    Smoke  |0.9043   |0.9332   |0.8585   |0.8943   |
20.48      |13.30     |7.19      |    Fire   |0.9617   |0.9156   |0.9713   |0.9426   |


=== EPOCH 29/39 ===
Learning Rate = 0.000017

TRAIN Stats
Total Loss |Smoke Loss|Fire Loss |    _______|Accuracy |Precision|Recall   |F1       |
-----------|----------|----------|    Smoke  |0.9236   |0.9387   |0.8973   |0.9175   |
16.76      |10.57     |6.19      |    Fire   |0.9641   |0.9539   |0.9341   |0.9439   |

VAL Stats
Total Loss |Smoke Loss|Fire Loss |    _______|Accuracy |Precision|Recall   |F1       |
-----------|----------|----------|    Smoke  |0.9051   |0.9294   |0.8643   |0.8956   |
20.63      |13.20     |7.43      |    Fire   |0.9592   |0.9068   |0.9741   |0.9393   |


=== EPOCH 30/39 ===
Learning Rate = 0.000013

TRAIN Stats
Total Loss |Smoke Loss|Fire Loss |    _______|Accuracy |Precision|Recall   |F1       |
-----------|----------|----------|    Smoke  |0.9254   |0.9393   |0.9008   |0.9196   |
16.64      |10.42     |6.22      |    Fire   |0.9632   |0.9533   |0.9321   |0.9426   |

VAL Stats
Total Loss |Smoke Loss|Fire Loss |    _______|Accuracy |Precision|Recall   |F1       |
-----------|----------|----------|    Smoke  |0.9034   |0.9342   |0.8553   |0.8930   |
20.49      |13.33     |7.17      |    Fire   |0.9613   |0.9161   |0.9694   |0.9420   |


=== EPOCH 31/39 ===
Learning Rate = 0.000013

TRAIN Stats
Total Loss |Smoke Loss|Fire Loss |    _______|Accuracy |Precision|Recall   |F1       |
-----------|----------|----------|    Smoke  |0.9250   |0.9391   |0.9000   |0.9191   |
16.71      |10.47     |6.24      |    Fire   |0.9631   |0.9529   |0.9322   |0.9424   |

VAL Stats
Total Loss |Smoke Loss|Fire Loss |    _______|Accuracy |Precision|Recall   |F1       |
-----------|----------|----------|    Smoke  |0.9018   |0.9319   |0.8542   |0.8913   |
21.01      |13.63     |7.38      |    Fire   |0.9601   |0.9115   |0.9711   |0.9404   |


=== EPOCH 32/39 ===
Learning Rate = 0.000013

TRAIN Stats
Total Loss |Smoke Loss|Fire Loss |    _______|Accuracy |Precision|Recall   |F1       |
-----------|----------|----------|    Smoke  |0.9236   |0.9390   |0.8970   |0.9175   |
16.97      |10.58     |6.39      |    Fire   |0.9615   |0.9509   |0.9291   |0.9399   |

VAL Stats
Total Loss |Smoke Loss|Fire Loss |    _______|Accuracy |Precision|Recall   |F1       |
-----------|----------|----------|    Smoke  |0.9000   |0.9264   |0.8557   |0.8897   |
21.56      |13.79     |7.77      |    Fire   |0.9582   |0.9034   |0.9753   |0.9380   |


=== EPOCH 33/39 ===
Learning Rate = 0.000011

TRAIN Stats
Total Loss |Smoke Loss|Fire Loss |    _______|Accuracy |Precision|Recall   |F1       |
-----------|----------|----------|    Smoke  |0.9249   |0.9397   |0.8990   |0.9189   |
16.74      |10.55     |6.19      |    Fire   |0.9638   |0.9535   |0.9337   |0.9435   |

VAL Stats
Total Loss |Smoke Loss|Fire Loss |    _______|Accuracy |Precision|Recall   |F1       |
-----------|----------|----------|    Smoke  |0.9051   |0.9297   |0.8641   |0.8957   |
20.18      |13.33     |6.85      |    Fire   |0.9627   |0.9206   |0.9685   |0.9439   |


=== EPOCH 34/39 ===
Learning Rate = 0.000011

TRAIN Stats
Total Loss |Smoke Loss|Fire Loss |    _______|Accuracy |Precision|Recall   |F1       |
-----------|----------|----------|    Smoke  |0.9250   |0.9399   |0.8992   |0.9191   |
16.51      |10.42     |6.09      |    Fire   |0.9638   |0.9542   |0.9330   |0.9435   |

VAL Stats
Total Loss |Smoke Loss|Fire Loss |    _______|Accuracy |Precision|Recall   |F1       |
-----------|----------|----------|    Smoke  |0.9035   |0.9209   |0.8701   |0.8948   |
20.77      |13.71     |7.06      |    Fire   |0.9615   |0.9163   |0.9697   |0.9423   |


=== EPOCH 35/39 ===
Learning Rate = 0.000011

TRAIN Stats
Total Loss |Smoke Loss|Fire Loss |    _______|Accuracy |Precision|Recall   |F1       |
-----------|----------|----------|    Smoke  |0.9255   |0.9387   |0.9015   |0.9197   |
16.68      |10.48     |6.20      |    Fire   |0.9633   |0.9524   |0.9334   |0.9428   |

VAL Stats
Total Loss |Smoke Loss|Fire Loss |    _______|Accuracy |Precision|Recall   |F1       |
-----------|----------|----------|    Smoke  |0.9029   |0.9310   |0.8577   |0.8928   |
21.01      |13.71     |7.30      |    Fire   |0.9593   |0.9072   |0.9739   |0.9394   |


=== EPOCH 36/39 ===
Learning Rate = 0.000009

TRAIN Stats
Total Loss |Smoke Loss|Fire Loss |    _______|Accuracy |Precision|Recall   |F1       |
-----------|----------|----------|    Smoke  |0.9241   |0.9391   |0.8979   |0.9181   |
16.62      |10.50     |6.12      |    Fire   |0.9646   |0.9547   |0.9349   |0.9447   |

VAL Stats
Total Loss |Smoke Loss|Fire Loss |    _______|Accuracy |Precision|Recall   |F1       |
-----------|----------|----------|    Smoke  |0.9032   |0.9277   |0.8618   |0.8935   |
21.26      |13.54     |7.72      |    Fire   |0.9587   |0.9069   |0.9723   |0.9385   |


=== EPOCH 37/39 ===
Learning Rate = 0.000009

TRAIN Stats
Total Loss |Smoke Loss|Fire Loss |    _______|Accuracy |Precision|Recall   |F1       |
-----------|----------|----------|    Smoke  |0.9266   |0.9411   |0.9015   |0.9208   |
16.50      |10.38     |6.11      |    Fire   |0.9639   |0.9533   |0.9344   |0.9437   |

VAL Stats
Total Loss |Smoke Loss|Fire Loss |    _______|Accuracy |Precision|Recall   |F1       |
-----------|----------|----------|    Smoke  |0.9042   |0.9267   |0.8652   |0.8949   |
21.34      |13.62     |7.72      |    Fire   |0.9581   |0.9030   |0.9756   |0.9379   |


=== EPOCH 38/39 ===
Learning Rate = 0.000009

TRAIN Stats
Total Loss |Smoke Loss|Fire Loss |    _______|Accuracy |Precision|Recall   |F1       |
-----------|----------|----------|    Smoke  |0.9231   |0.9377   |0.8974   |0.9171   |
16.86      |10.57     |6.29      |    Fire   |0.9631   |0.9522   |0.9330   |0.9425   |

VAL Stats
Total Loss |Smoke Loss|Fire Loss |    _______|Accuracy |Precision|Recall   |F1       |
-----------|----------|----------|    Smoke  |0.9023   |0.9267   |0.8608   |0.8925   |
21.36      |13.82     |7.55      |    Fire   |0.9586   |0.9064   |0.9727   |0.9384   |


=== EPOCH 39/39 ===
Learning Rate = 0.000007

TRAIN Stats
Total Loss |Smoke Loss|Fire Loss |    _______|Accuracy |Precision|Recall   |F1       |
-----------|----------|----------|    Smoke  |0.9249   |0.9397   |0.8992   |0.9190   |
16.55      |10.40     |6.15      |    Fire   |0.9639   |0.9531   |0.9344   |0.9436   |

VAL Stats
Total Loss |Smoke Loss|Fire Loss |    _______|Accuracy |Precision|Recall   |F1       |
-----------|----------|----------|    Smoke  |0.9042   |0.9304   |0.8611   |0.8944   |
20.91      |13.66     |7.25      |    Fire   |0.9598   |0.9091   |0.9732   |0.9401   |

Saving last model

***Script finished: 22:44:17

Time elapsed: 2:30:18.564248
