BED Classifier XS Tiny. Trying to reduce it: v1. 255 Normalization. Weighted for Precision.
DFire Removed wrong images: 0
DFire empty images: 31
DFire only smoke images: 17
DFire only fire images: 2
DFire smoke and fire images: 14

TRAIN DFIRE dataset
DFire Removed wrong images: 0
DFire empty images: 7833
DFire only smoke images: 4681
DFire only fire images: 944
DFire smoke and fire images: 3763
Train dataset len: 17221

TEST DFire dataset
DFire Removed wrong images: 0
DFire empty images: 2005
DFire only smoke images: 1186
DFire only fire images: 220
DFire smoke and fire images: 895
Test dataset len: 4306
Using BED Classifier
Model shape is tensor([[0.0586, 0.2620],
        [0.0111, 0.0505],
        [0.1665, 0.1466],
        [0.1597, 0.2772]], device='cuda:0', grad_fn=<CatBackward0>)
BED Model Arquitecture
BED_CLASSIFIER(
  (model): Sequential(
    (0): Conv2d(3, 64, kernel_size=(3, 3), stride=(1, 1), padding=(1, 1), bias=False)
    (1): BatchNorm2d(64, eps=1e-05, momentum=0.1, affine=False, track_running_stats=True)
    (2): ReLU()
    (3): Dropout2d(p=0.3, inplace=False)
    (4): MaxPool2d(kernel_size=2, stride=2, padding=0, dilation=1, ceil_mode=False)
    (5): Conv2d(64, 32, kernel_size=(3, 3), stride=(1, 1), padding=(1, 1), bias=False)
    (6): BatchNorm2d(32, eps=1e-05, momentum=0.1, affine=False, track_running_stats=True)
    (7): ReLU()
    (8): Dropout2d(p=0.3, inplace=False)
    (9): MaxPool2d(kernel_size=2, stride=2, padding=0, dilation=1, ceil_mode=False)
    (10): Conv2d(32, 8, kernel_size=(1, 1), stride=(1, 1), bias=False)
    (11): BatchNorm2d(8, eps=1e-05, momentum=0.1, affine=False, track_running_stats=True)
    (12): ReLU()
    (13): Conv2d(8, 16, kernel_size=(3, 3), stride=(1, 1), padding=(1, 1), bias=False)
    (14): BatchNorm2d(16, eps=1e-05, momentum=0.1, affine=False, track_running_stats=True)
    (15): ReLU()
    (16): Conv2d(16, 16, kernel_size=(1, 1), stride=(1, 1), bias=False)
    (17): BatchNorm2d(16, eps=1e-05, momentum=0.1, affine=False, track_running_stats=True)
    (18): ReLU()
    (19): Conv2d(16, 32, kernel_size=(3, 3), stride=(1, 1), padding=(1, 1), bias=False)
    (20): BatchNorm2d(32, eps=1e-05, momentum=0.1, affine=False, track_running_stats=True)
    (21): ReLU()
    (22): MaxPool2d(kernel_size=2, stride=2, padding=0, dilation=1, ceil_mode=False)
    (23): Conv2d(32, 16, kernel_size=(1, 1), stride=(1, 1), bias=False)
    (24): BatchNorm2d(16, eps=1e-05, momentum=0.1, affine=False, track_running_stats=True)
    (25): ReLU()
    (26): Conv2d(16, 64, kernel_size=(3, 3), stride=(1, 1), padding=(1, 1), bias=False)
    (27): BatchNorm2d(64, eps=1e-05, momentum=0.1, affine=False, track_running_stats=True)
    (28): ReLU()
    (29): Conv2d(64, 32, kernel_size=(1, 1), stride=(1, 1), bias=False)
    (30): BatchNorm2d(32, eps=1e-05, momentum=0.1, affine=False, track_running_stats=True)
    (31): ReLU()
    (32): Conv2d(32, 64, kernel_size=(3, 3), stride=(1, 1), padding=(1, 1), bias=False)
    (33): BatchNorm2d(64, eps=1e-05, momentum=0.1, affine=False, track_running_stats=True)
    (34): ReLU()
    (35): Conv2d(64, 32, kernel_size=(1, 1), stride=(1, 1), bias=False)
    (36): BatchNorm2d(32, eps=1e-05, momentum=0.1, affine=False, track_running_stats=True)
    (37): ReLU()
    (38): Conv2d(32, 64, kernel_size=(3, 3), stride=(1, 1), padding=(1, 1), bias=False)
    (39): BatchNorm2d(64, eps=1e-05, momentum=0.1, affine=False, track_running_stats=True)
    (40): ReLU()
  )
  (pool): AdaptiveAvgPool2d(output_size=(1, 1))
  (smoke): Sequential(
    (0): Dropout(p=0.2, inplace=False)
    (1): Linear(in_features=64, out_features=8, bias=True)
    (2): ReLU()
    (3): Linear(in_features=8, out_features=1, bias=True)
  )
  (fire): Sequential(
    (0): Dropout(p=0.2, inplace=False)
    (1): Linear(in_features=64, out_features=8, bias=True)
    (2): ReLU()
    (3): Linear(in_features=8, out_features=1, bias=True)
  )
)

Trainable parameters = 78178
Total parameters = 78178

Starting script

Device: cuda
Learning Rate: 0.001
Weight Decay: 0.0001
Batch Size: 64
IMG DIMS: (224, 224)
W: 224
H: 224
Loss Function: BCE
Smoke Precision Weight: 0.7

***Start Training: 21:49:35

Initializing Weights

=== EPOCH 0/124 ===
Learning Rate = 0.001

TRAIN losses
Total Loss  |Smoke Loss  |Fire Loss   
------------ ------------ ------------
69.353      |36.592      |32.760      


VAL losses
Total Loss  |Smoke Loss  |Fire Loss   
------------ ------------ ------------
61.297      |35.951      |25.346      

VAL Metrics
SMOKE -> Precision: 0.000 - Recall: 0.000 - Accuracy: 0.519 - F1: 0.000
FIRE -> Precision: 0.000 - Recall: 0.000 - Accuracy: 0.741 - F1: 0.000

Saving model with new best validation loss: 61.297

=== EPOCH 1/124 ===
Learning Rate = 0.001

TRAIN losses
Total Loss  |Smoke Loss  |Fire Loss   
------------ ------------ ------------
62.591      |35.935      |26.655      


VAL losses
Total Loss  |Smoke Loss  |Fire Loss   
------------ ------------ ------------
58.515      |35.686      |22.830      

VAL Metrics
SMOKE -> Precision: 0.000 - Recall: 0.000 - Accuracy: 0.519 - F1: 0.000
FIRE -> Precision: 0.752 - Recall: 0.606 - Accuracy: 0.846 - F1: 0.671

Saving model with new best validation loss: 58.515

=== EPOCH 2/124 ===
Learning Rate = 0.001

TRAIN losses
Total Loss  |Smoke Loss  |Fire Loss   
------------ ------------ ------------
60.219      |35.341      |24.878      


VAL losses
Total Loss  |Smoke Loss  |Fire Loss   
------------ ------------ ------------
56.181      |34.416      |21.764      

VAL Metrics
SMOKE -> Precision: 0.643 - Recall: 0.309 - Accuracy: 0.585 - F1: 0.418
FIRE -> Precision: 0.784 - Recall: 0.605 - Accuracy: 0.855 - F1: 0.683

Saving model with new best validation loss: 56.181

=== EPOCH 3/124 ===
Learning Rate = 0.001

TRAIN losses
Total Loss  |Smoke Loss  |Fire Loss   
------------ ------------ ------------
58.531      |34.732      |23.798      


VAL losses
Total Loss  |Smoke Loss  |Fire Loss   
------------ ------------ ------------
55.839      |34.531      |21.308      

VAL Metrics
SMOKE -> Precision: 0.813 - Recall: 0.162 - Accuracy: 0.579 - F1: 0.271
FIRE -> Precision: 0.785 - Recall: 0.612 - Accuracy: 0.856 - F1: 0.688

Saving model with new best validation loss: 55.839

=== EPOCH 4/124 ===
Learning Rate = 0.001

TRAIN losses
Total Loss  |Smoke Loss  |Fire Loss   
------------ ------------ ------------
56.835      |34.012      |22.824      


VAL losses
Total Loss  |Smoke Loss  |Fire Loss   
------------ ------------ ------------
52.176      |32.400      |19.775      

VAL Metrics
SMOKE -> Precision: 0.770 - Recall: 0.346 - Accuracy: 0.636 - F1: 0.478
FIRE -> Precision: 0.797 - Recall: 0.698 - Accuracy: 0.876 - F1: 0.744

Saving model with new best validation loss: 52.176

=== EPOCH 5/124 ===
Learning Rate = 0.001

TRAIN losses
Total Loss  |Smoke Loss  |Fire Loss   
------------ ------------ ------------
55.329      |33.367      |21.962      


VAL losses
Total Loss  |Smoke Loss  |Fire Loss   
------------ ------------ ------------
50.818      |31.703      |19.116      

VAL Metrics
SMOKE -> Precision: 0.817 - Recall: 0.319 - Accuracy: 0.638 - F1: 0.459
FIRE -> Precision: 0.797 - Recall: 0.677 - Accuracy: 0.872 - F1: 0.732

Saving model with new best validation loss: 50.818

=== EPOCH 6/124 ===
Learning Rate = 0.001

TRAIN losses
Total Loss  |Smoke Loss  |Fire Loss   
------------ ------------ ------------
54.213      |32.864      |21.349      


VAL losses
Total Loss  |Smoke Loss  |Fire Loss   
------------ ------------ ------------
49.711      |30.999      |18.712      

VAL Metrics
SMOKE -> Precision: 0.764 - Recall: 0.527 - Accuracy: 0.694 - F1: 0.624
FIRE -> Precision: 0.786 - Recall: 0.732 - Accuracy: 0.879 - F1: 0.758

Saving model with new best validation loss: 49.711

=== EPOCH 7/124 ===
Learning Rate = 0.001

TRAIN losses
Total Loss  |Smoke Loss  |Fire Loss   
------------ ------------ ------------
52.636      |32.197      |20.439      


VAL losses
Total Loss  |Smoke Loss  |Fire Loss   
------------ ------------ ------------
49.265      |30.769      |18.496      

VAL Metrics
SMOKE -> Precision: 0.724 - Recall: 0.527 - Accuracy: 0.676 - F1: 0.610
FIRE -> Precision: 0.777 - Recall: 0.749 - Accuracy: 0.879 - F1: 0.763

Saving model with new best validation loss: 49.265

=== EPOCH 8/124 ===
Learning Rate = 0.001

TRAIN losses
Total Loss  |Smoke Loss  |Fire Loss   
------------ ------------ ------------
51.653      |31.645      |20.008      


VAL losses
Total Loss  |Smoke Loss  |Fire Loss   
------------ ------------ ------------
46.398      |29.165      |17.233      

VAL Metrics
SMOKE -> Precision: 0.806 - Recall: 0.501 - Accuracy: 0.702 - F1: 0.618
FIRE -> Precision: 0.832 - Recall: 0.728 - Accuracy: 0.892 - F1: 0.777

Saving model with new best validation loss: 46.398

=== EPOCH 9/124 ===
Learning Rate = 0.001

TRAIN losses
Total Loss  |Smoke Loss  |Fire Loss   
------------ ------------ ------------
50.178      |31.020      |19.159      


VAL losses
Total Loss  |Smoke Loss  |Fire Loss   
------------ ------------ ------------
45.575      |29.006      |16.570      

VAL Metrics
SMOKE -> Precision: 0.758 - Recall: 0.719 - Accuracy: 0.754 - F1: 0.738
FIRE -> Precision: 0.831 - Recall: 0.769 - Accuracy: 0.900 - F1: 0.799

Saving model with new best validation loss: 45.575

=== EPOCH 10/124 ===
Learning Rate = 0.001

TRAIN losses
Total Loss  |Smoke Loss  |Fire Loss   
------------ ------------ ------------
49.226      |30.550      |18.676      


VAL losses
Total Loss  |Smoke Loss  |Fire Loss   
------------ ------------ ------------
44.012      |27.966      |16.045      

VAL Metrics
SMOKE -> Precision: 0.813 - Recall: 0.544 - Accuracy: 0.720 - F1: 0.652
FIRE -> Precision: 0.867 - Recall: 0.764 - Accuracy: 0.909 - F1: 0.812

Saving model with new best validation loss: 44.012

=== EPOCH 11/124 ===
Learning Rate = 0.001

TRAIN losses
Total Loss  |Smoke Loss  |Fire Loss   
------------ ------------ ------------
48.501      |30.142      |18.359      


VAL losses
Total Loss  |Smoke Loss  |Fire Loss   
------------ ------------ ------------
44.041      |28.408      |15.633      

VAL Metrics
SMOKE -> Precision: 0.842 - Recall: 0.462 - Accuracy: 0.700 - F1: 0.597
FIRE -> Precision: 0.854 - Recall: 0.767 - Accuracy: 0.906 - F1: 0.808

=== EPOCH 12/124 ===
Learning Rate = 0.001

TRAIN losses
Total Loss  |Smoke Loss  |Fire Loss   
------------ ------------ ------------
47.343      |29.436      |17.907      


VAL losses
Total Loss  |Smoke Loss  |Fire Loss   
------------ ------------ ------------
41.943      |26.615      |15.328      

VAL Metrics
SMOKE -> Precision: 0.849 - Recall: 0.549 - Accuracy: 0.736 - F1: 0.667
FIRE -> Precision: 0.865 - Recall: 0.765 - Accuracy: 0.908 - F1: 0.812

Saving model with new best validation loss: 41.943

=== EPOCH 13/124 ===
Learning Rate = 0.001

TRAIN losses
Total Loss  |Smoke Loss  |Fire Loss   
------------ ------------ ------------
46.749      |29.055      |17.694      


VAL losses
Total Loss  |Smoke Loss  |Fire Loss   
------------ ------------ ------------
40.840      |25.890      |14.949      

VAL Metrics
SMOKE -> Precision: 0.828 - Recall: 0.630 - Accuracy: 0.759 - F1: 0.716
FIRE -> Precision: 0.841 - Recall: 0.798 - Accuracy: 0.909 - F1: 0.819

Saving model with new best validation loss: 40.840

=== EPOCH 14/124 ===
Learning Rate = 0.001

TRAIN losses
Total Loss  |Smoke Loss  |Fire Loss   
------------ ------------ ------------
45.794      |28.664      |17.131      


VAL losses
Total Loss  |Smoke Loss  |Fire Loss   
------------ ------------ ------------
41.017      |25.650      |15.367      

VAL Metrics
SMOKE -> Precision: 0.786 - Recall: 0.778 - Accuracy: 0.792 - F1: 0.782
FIRE -> Precision: 0.902 - Recall: 0.723 - Accuracy: 0.908 - F1: 0.802

=== EPOCH 15/124 ===
Learning Rate = 0.001

TRAIN losses
Total Loss  |Smoke Loss  |Fire Loss   
------------ ------------ ------------
45.039      |28.177      |16.862      


VAL losses
Total Loss  |Smoke Loss  |Fire Loss   
------------ ------------ ------------
40.172      |25.844      |14.328      

VAL Metrics
SMOKE -> Precision: 0.758 - Recall: 0.815 - Accuracy: 0.786 - F1: 0.785
FIRE -> Precision: 0.849 - Recall: 0.813 - Accuracy: 0.914 - F1: 0.830

Saving model with new best validation loss: 40.172

=== EPOCH 16/124 ===
Learning Rate = 0.001

TRAIN losses
Total Loss  |Smoke Loss  |Fire Loss   
------------ ------------ ------------
44.673      |28.072      |16.602      


VAL losses
Total Loss  |Smoke Loss  |Fire Loss   
------------ ------------ ------------
41.021      |26.265      |14.756      

VAL Metrics
SMOKE -> Precision: 0.731 - Recall: 0.870 - Accuracy: 0.783 - F1: 0.794
FIRE -> Precision: 0.785 - Recall: 0.877 - Accuracy: 0.906 - F1: 0.828

=== EPOCH 17/124 ===
Learning Rate = 0.001

TRAIN losses
Total Loss  |Smoke Loss  |Fire Loss   
------------ ------------ ------------
43.799      |27.648      |16.151      


VAL losses
Total Loss  |Smoke Loss  |Fire Loss   
------------ ------------ ------------
38.138      |24.090      |14.048      

VAL Metrics
SMOKE -> Precision: 0.820 - Recall: 0.707 - Accuracy: 0.785 - F1: 0.759
FIRE -> Precision: 0.881 - Recall: 0.767 - Accuracy: 0.913 - F1: 0.820

Saving model with new best validation loss: 38.138

=== EPOCH 18/124 ===
Learning Rate = 0.001

TRAIN losses
Total Loss  |Smoke Loss  |Fire Loss   
------------ ------------ ------------
43.277      |27.311      |15.966      


VAL losses
Total Loss  |Smoke Loss  |Fire Loss   
------------ ------------ ------------
37.391      |23.976      |13.416      

VAL Metrics
SMOKE -> Precision: 0.814 - Recall: 0.730 - Accuracy: 0.790 - F1: 0.770
FIRE -> Precision: 0.888 - Recall: 0.793 - Accuracy: 0.920 - F1: 0.838

Saving model with new best validation loss: 37.391

=== EPOCH 19/124 ===
Learning Rate = 0.001

TRAIN losses
Total Loss  |Smoke Loss  |Fire Loss   
------------ ------------ ------------
42.862      |27.190      |15.672      


VAL losses
Total Loss  |Smoke Loss  |Fire Loss   
------------ ------------ ------------
38.025      |24.427      |13.598      

VAL Metrics
SMOKE -> Precision: 0.880 - Recall: 0.571 - Accuracy: 0.756 - F1: 0.693
FIRE -> Precision: 0.878 - Recall: 0.785 - Accuracy: 0.916 - F1: 0.829

=== EPOCH 20/124 ===
Learning Rate = 0.001

TRAIN losses
Total Loss  |Smoke Loss  |Fire Loss   
------------ ------------ ------------
42.247      |26.685      |15.562      


VAL losses
Total Loss  |Smoke Loss  |Fire Loss   
------------ ------------ ------------
35.989      |23.108      |12.881      

VAL Metrics
SMOKE -> Precision: 0.849 - Recall: 0.661 - Accuracy: 0.780 - F1: 0.743
FIRE -> Precision: 0.879 - Recall: 0.818 - Accuracy: 0.924 - F1: 0.847

Saving model with new best validation loss: 35.989

=== EPOCH 21/124 ===
Learning Rate = 0.001

TRAIN losses
Total Loss  |Smoke Loss  |Fire Loss   
------------ ------------ ------------
41.849      |26.547      |15.303      


VAL losses
Total Loss  |Smoke Loss  |Fire Loss   
------------ ------------ ------------
35.895      |23.229      |12.667      

VAL Metrics
SMOKE -> Precision: 0.830 - Recall: 0.707 - Accuracy: 0.789 - F1: 0.763
FIRE -> Precision: 0.863 - Recall: 0.851 - Accuracy: 0.927 - F1: 0.857

Saving model with new best validation loss: 35.895

=== EPOCH 22/124 ===
Learning Rate = 0.001

TRAIN losses
Total Loss  |Smoke Loss  |Fire Loss   
------------ ------------ ------------
41.178      |26.141      |15.037      


VAL losses
Total Loss  |Smoke Loss  |Fire Loss   
------------ ------------ ------------
34.978      |22.598      |12.380      

VAL Metrics
SMOKE -> Precision: 0.821 - Recall: 0.777 - Accuracy: 0.811 - F1: 0.799
FIRE -> Precision: 0.896 - Recall: 0.819 - Accuracy: 0.928 - F1: 0.856

Saving model with new best validation loss: 34.978

=== EPOCH 23/124 ===
Learning Rate = 0.001

TRAIN losses
Total Loss  |Smoke Loss  |Fire Loss   
------------ ------------ ------------
40.807      |26.084      |14.722      


VAL losses
Total Loss  |Smoke Loss  |Fire Loss   
------------ ------------ ------------
34.563      |22.671      |11.891      

VAL Metrics
SMOKE -> Precision: 0.787 - Recall: 0.857 - Accuracy: 0.820 - F1: 0.821
FIRE -> Precision: 0.882 - Recall: 0.841 - Accuracy: 0.930 - F1: 0.861

Saving model with new best validation loss: 34.563

=== EPOCH 24/124 ===
Learning Rate = 0.001

TRAIN losses
Total Loss  |Smoke Loss  |Fire Loss   
------------ ------------ ------------
40.051      |25.671      |14.381      


VAL losses
Total Loss  |Smoke Loss  |Fire Loss   
------------ ------------ ------------
34.047      |21.854      |12.194      

VAL Metrics
SMOKE -> Precision: 0.870 - Recall: 0.655 - Accuracy: 0.787 - F1: 0.747
FIRE -> Precision: 0.912 - Recall: 0.807 - Accuracy: 0.930 - F1: 0.857

Saving model with new best validation loss: 34.047

=== EPOCH 25/124 ===
Learning Rate = 0.001

TRAIN losses
Total Loss  |Smoke Loss  |Fire Loss   
------------ ------------ ------------
39.837      |25.317      |14.519      


VAL losses
Total Loss  |Smoke Loss  |Fire Loss   
------------ ------------ ------------
34.287      |22.528      |11.760      

VAL Metrics
SMOKE -> Precision: 0.856 - Recall: 0.658 - Accuracy: 0.782 - F1: 0.744
FIRE -> Precision: 0.911 - Recall: 0.819 - Accuracy: 0.932 - F1: 0.862

=== EPOCH 26/124 ===
Learning Rate = 0.001

TRAIN losses
Total Loss  |Smoke Loss  |Fire Loss   
------------ ------------ ------------
39.631      |25.341      |14.290      


VAL losses
Total Loss  |Smoke Loss  |Fire Loss   
------------ ------------ ------------
32.483      |20.858      |11.625      

VAL Metrics
SMOKE -> Precision: 0.861 - Recall: 0.736 - Accuracy: 0.816 - F1: 0.794
FIRE -> Precision: 0.884 - Recall: 0.853 - Accuracy: 0.933 - F1: 0.868

Saving model with new best validation loss: 32.483

=== EPOCH 27/124 ===
Learning Rate = 0.001

TRAIN losses
Total Loss  |Smoke Loss  |Fire Loss   
------------ ------------ ------------
38.925      |24.840      |14.085      


VAL losses
Total Loss  |Smoke Loss  |Fire Loss   
------------ ------------ ------------
31.917      |20.812      |11.105      

VAL Metrics
SMOKE -> Precision: 0.847 - Recall: 0.778 - Accuracy: 0.825 - F1: 0.811
FIRE -> Precision: 0.896 - Recall: 0.843 - Accuracy: 0.934 - F1: 0.869

Saving model with new best validation loss: 31.917

=== EPOCH 28/124 ===
Learning Rate = 0.001

TRAIN losses
Total Loss  |Smoke Loss  |Fire Loss   
------------ ------------ ------------
38.707      |24.729      |13.978      


VAL losses
Total Loss  |Smoke Loss  |Fire Loss   
------------ ------------ ------------
31.964      |20.828      |11.136      

VAL Metrics
SMOKE -> Precision: 0.862 - Recall: 0.720 - Accuracy: 0.810 - F1: 0.784
FIRE -> Precision: 0.911 - Recall: 0.844 - Accuracy: 0.938 - F1: 0.877

=== EPOCH 29/124 ===
Learning Rate = 0.001

TRAIN losses
Total Loss  |Smoke Loss  |Fire Loss   
------------ ------------ ------------
38.689      |24.953      |13.736      


VAL losses
Total Loss  |Smoke Loss  |Fire Loss   
------------ ------------ ------------
32.296      |21.100      |11.196      

VAL Metrics
SMOKE -> Precision: 0.883 - Recall: 0.679 - Accuracy: 0.802 - F1: 0.767
FIRE -> Precision: 0.893 - Recall: 0.862 - Accuracy: 0.938 - F1: 0.877

=== EPOCH 30/124 ===
Learning Rate = 0.001

TRAIN losses
Total Loss  |Smoke Loss  |Fire Loss   
------------ ------------ ------------
38.256      |24.730      |13.527      


VAL losses
Total Loss  |Smoke Loss  |Fire Loss   
------------ ------------ ------------
33.065      |22.186      |10.879      

VAL Metrics
SMOKE -> Precision: 0.788 - Recall: 0.874 - Accuracy: 0.826 - F1: 0.829
FIRE -> Precision: 0.902 - Recall: 0.859 - Accuracy: 0.939 - F1: 0.880

=== EPOCH 31/124 ===
Learning Rate = 0.0008

TRAIN losses
Total Loss  |Smoke Loss  |Fire Loss   
------------ ------------ ------------
37.824      |24.489      |13.335      


VAL losses
Total Loss  |Smoke Loss  |Fire Loss   
------------ ------------ ------------
30.714      |20.342      |10.372      

VAL Metrics
SMOKE -> Precision: 0.836 - Recall: 0.798 - Accuracy: 0.827 - F1: 0.816
FIRE -> Precision: 0.875 - Recall: 0.892 - Accuracy: 0.939 - F1: 0.884

Saving model with new best validation loss: 30.714

=== EPOCH 32/124 ===
Learning Rate = 0.0008

TRAIN losses
Total Loss  |Smoke Loss  |Fire Loss   
------------ ------------ ------------
37.708      |24.203      |13.505      


VAL losses
Total Loss  |Smoke Loss  |Fire Loss   
------------ ------------ ------------
31.882      |21.595      |10.287      

VAL Metrics
SMOKE -> Precision: 0.887 - Recall: 0.660 - Accuracy: 0.796 - F1: 0.757
FIRE -> Precision: 0.889 - Recall: 0.869 - Accuracy: 0.938 - F1: 0.879

=== EPOCH 33/124 ===
Learning Rate = 0.0008

TRAIN losses
Total Loss  |Smoke Loss  |Fire Loss   
------------ ------------ ------------
36.700      |23.909      |12.791      


VAL losses
Total Loss  |Smoke Loss  |Fire Loss   
------------ ------------ ------------
30.370      |20.108      |10.261      

VAL Metrics
SMOKE -> Precision: 0.857 - Recall: 0.759 - Accuracy: 0.823 - F1: 0.805
FIRE -> Precision: 0.883 - Recall: 0.886 - Accuracy: 0.940 - F1: 0.885

Saving model with new best validation loss: 30.370

=== EPOCH 34/124 ===
Learning Rate = 0.0008

TRAIN losses
Total Loss  |Smoke Loss  |Fire Loss   
------------ ------------ ------------
37.205      |24.113      |13.092      


VAL losses
Total Loss  |Smoke Loss  |Fire Loss   
------------ ------------ ------------
33.233      |21.118      |12.116      

VAL Metrics
SMOKE -> Precision: 0.896 - Recall: 0.677 - Accuracy: 0.807 - F1: 0.771
FIRE -> Precision: 0.948 - Recall: 0.758 - Accuracy: 0.927 - F1: 0.842

=== EPOCH 35/124 ===
Learning Rate = 0.0008

TRAIN losses
Total Loss  |Smoke Loss  |Fire Loss   
------------ ------------ ------------
36.632      |23.790      |12.842      


VAL losses
Total Loss  |Smoke Loss  |Fire Loss   
------------ ------------ ------------
28.927      |18.948      |9.979       

VAL Metrics
SMOKE -> Precision: 0.874 - Recall: 0.803 - Accuracy: 0.849 - F1: 0.837
FIRE -> Precision: 0.891 - Recall: 0.895 - Accuracy: 0.944 - F1: 0.893

Saving model with new best validation loss: 28.927

=== EPOCH 36/124 ===
Learning Rate = 0.0008

TRAIN losses
Total Loss  |Smoke Loss  |Fire Loss   
------------ ------------ ------------
36.322      |23.439      |12.883      


VAL losses
Total Loss  |Smoke Loss  |Fire Loss   
------------ ------------ ------------
30.348      |19.724      |10.623      

VAL Metrics
SMOKE -> Precision: 0.876 - Recall: 0.757 - Accuracy: 0.831 - F1: 0.812
FIRE -> Precision: 0.855 - Recall: 0.917 - Accuracy: 0.938 - F1: 0.885

=== EPOCH 37/124 ===
Learning Rate = 0.0008

TRAIN losses
Total Loss  |Smoke Loss  |Fire Loss   
------------ ------------ ------------
36.138      |23.575      |12.563      


VAL losses
Total Loss  |Smoke Loss  |Fire Loss   
------------ ------------ ------------
28.175      |18.589      |9.586       

VAL Metrics
SMOKE -> Precision: 0.861 - Recall: 0.840 - Accuracy: 0.858 - F1: 0.850
FIRE -> Precision: 0.892 - Recall: 0.899 - Accuracy: 0.946 - F1: 0.895

Saving model with new best validation loss: 28.175

=== EPOCH 38/124 ===
Learning Rate = 0.0008

TRAIN losses
Total Loss  |Smoke Loss  |Fire Loss   
------------ ------------ ------------
35.729      |23.202      |12.527      


VAL losses
Total Loss  |Smoke Loss  |Fire Loss   
------------ ------------ ------------
28.972      |19.277      |9.695       

VAL Metrics
SMOKE -> Precision: 0.887 - Recall: 0.742 - Accuracy: 0.830 - F1: 0.808
FIRE -> Precision: 0.881 - Recall: 0.919 - Accuracy: 0.947 - F1: 0.899

=== EPOCH 39/124 ===
Learning Rate = 0.0008

TRAIN losses
Total Loss  |Smoke Loss  |Fire Loss   
------------ ------------ ------------
35.859      |23.320      |12.539      


VAL losses
Total Loss  |Smoke Loss  |Fire Loss   
------------ ------------ ------------
29.122      |19.194      |9.928       

VAL Metrics
SMOKE -> Precision: 0.872 - Recall: 0.790 - Accuracy: 0.843 - F1: 0.829
FIRE -> Precision: 0.927 - Recall: 0.841 - Accuracy: 0.942 - F1: 0.882

=== EPOCH 40/124 ===
Learning Rate = 0.0008

TRAIN losses
Total Loss  |Smoke Loss  |Fire Loss   
------------ ------------ ------------
35.691      |23.195      |12.496      


VAL losses
Total Loss  |Smoke Loss  |Fire Loss   
------------ ------------ ------------
27.163      |18.102      |9.061       

VAL Metrics
SMOKE -> Precision: 0.864 - Recall: 0.852 - Accuracy: 0.864 - F1: 0.858
FIRE -> Precision: 0.916 - Recall: 0.869 - Accuracy: 0.946 - F1: 0.892

Saving model with new best validation loss: 27.163

=== EPOCH 41/124 ===
Learning Rate = 0.0008

TRAIN losses
Total Loss  |Smoke Loss  |Fire Loss   
------------ ------------ ------------
35.904      |23.385      |12.519      


VAL losses
Total Loss  |Smoke Loss  |Fire Loss   
------------ ------------ ------------
28.684      |19.267      |9.417       

VAL Metrics
SMOKE -> Precision: 0.817 - Recall: 0.878 - Accuracy: 0.847 - F1: 0.847
FIRE -> Precision: 0.886 - Recall: 0.915 - Accuracy: 0.948 - F1: 0.900

=== EPOCH 42/124 ===
Learning Rate = 0.0008

TRAIN losses
Total Loss  |Smoke Loss  |Fire Loss   
------------ ------------ ------------
34.998      |22.998      |12.000      


VAL losses
Total Loss  |Smoke Loss  |Fire Loss   
------------ ------------ ------------
27.975      |18.487      |9.488       

VAL Metrics
SMOKE -> Precision: 0.872 - Recall: 0.799 - Accuracy: 0.847 - F1: 0.834
FIRE -> Precision: 0.886 - Recall: 0.897 - Accuracy: 0.944 - F1: 0.892

=== EPOCH 43/124 ===
Learning Rate = 0.0008

TRAIN losses
Total Loss  |Smoke Loss  |Fire Loss   
------------ ------------ ------------
34.966      |22.679      |12.287      


VAL losses
Total Loss  |Smoke Loss  |Fire Loss   
------------ ------------ ------------
28.886      |19.381      |9.505       

VAL Metrics
SMOKE -> Precision: 0.902 - Recall: 0.713 - Accuracy: 0.824 - F1: 0.796
FIRE -> Precision: 0.916 - Recall: 0.884 - Accuracy: 0.949 - F1: 0.900

=== EPOCH 44/124 ===
Learning Rate = 0.00064

TRAIN losses
Total Loss  |Smoke Loss  |Fire Loss   
------------ ------------ ------------
34.431      |22.423      |12.008      


VAL losses
Total Loss  |Smoke Loss  |Fire Loss   
------------ ------------ ------------
27.997      |18.230      |9.767       

VAL Metrics
SMOKE -> Precision: 0.876 - Recall: 0.794 - Accuracy: 0.847 - F1: 0.833
FIRE -> Precision: 0.877 - Recall: 0.915 - Accuracy: 0.945 - F1: 0.896

=== EPOCH 45/124 ===
Learning Rate = 0.00064

TRAIN losses
Total Loss  |Smoke Loss  |Fire Loss   
------------ ------------ ------------
34.314      |22.471      |11.844      


VAL losses
Total Loss  |Smoke Loss  |Fire Loss   
------------ ------------ ------------
27.826      |18.596      |9.231       

VAL Metrics
SMOKE -> Precision: 0.873 - Recall: 0.795 - Accuracy: 0.846 - F1: 0.832
FIRE -> Precision: 0.930 - Recall: 0.869 - Accuracy: 0.949 - F1: 0.899

=== EPOCH 46/124 ===
Learning Rate = 0.00064

TRAIN losses
Total Loss  |Smoke Loss  |Fire Loss   
------------ ------------ ------------
34.219      |22.312      |11.907      


VAL losses
Total Loss  |Smoke Loss  |Fire Loss   
------------ ------------ ------------
28.963      |19.577      |9.386       

VAL Metrics
SMOKE -> Precision: 0.809 - Recall: 0.903 - Accuracy: 0.850 - F1: 0.853
FIRE -> Precision: 0.888 - Recall: 0.916 - Accuracy: 0.948 - F1: 0.902

=== EPOCH 47/124 ===
Learning Rate = 0.0005120000000000001

TRAIN losses
Total Loss  |Smoke Loss  |Fire Loss   
------------ ------------ ------------
33.834      |21.915      |11.919      


VAL losses
Total Loss  |Smoke Loss  |Fire Loss   
------------ ------------ ------------
26.333      |17.367      |8.966       

VAL Metrics
SMOKE -> Precision: 0.871 - Recall: 0.841 - Accuracy: 0.864 - F1: 0.856
FIRE -> Precision: 0.913 - Recall: 0.886 - Accuracy: 0.948 - F1: 0.899

Saving model with new best validation loss: 26.333

=== EPOCH 48/124 ===
Learning Rate = 0.0005120000000000001

TRAIN losses
Total Loss  |Smoke Loss  |Fire Loss   
------------ ------------ ------------
33.881      |22.069      |11.812      


VAL losses
Total Loss  |Smoke Loss  |Fire Loss   
------------ ------------ ------------
26.533      |17.555      |8.978       

VAL Metrics
SMOKE -> Precision: 0.841 - Recall: 0.876 - Accuracy: 0.861 - F1: 0.858
FIRE -> Precision: 0.893 - Recall: 0.901 - Accuracy: 0.946 - F1: 0.897

=== EPOCH 49/124 ===
Learning Rate = 0.0005120000000000001

TRAIN losses
Total Loss  |Smoke Loss  |Fire Loss   
------------ ------------ ------------
33.681      |21.895      |11.786      


VAL losses
Total Loss  |Smoke Loss  |Fire Loss   
------------ ------------ ------------
26.700      |17.394      |9.306       

VAL Metrics
SMOKE -> Precision: 0.902 - Recall: 0.783 - Accuracy: 0.855 - F1: 0.838
FIRE -> Precision: 0.939 - Recall: 0.853 - Accuracy: 0.948 - F1: 0.894

=== EPOCH 50/124 ===
Learning Rate = 0.0005120000000000001

TRAIN losses
Total Loss  |Smoke Loss  |Fire Loss   
------------ ------------ ------------
32.849      |21.518      |11.331      


VAL losses
Total Loss  |Smoke Loss  |Fire Loss   
------------ ------------ ------------
25.667      |16.732      |8.935       

VAL Metrics
SMOKE -> Precision: 0.882 - Recall: 0.837 - Accuracy: 0.868 - F1: 0.859
FIRE -> Precision: 0.923 - Recall: 0.887 - Accuracy: 0.952 - F1: 0.905

Saving model with new best validation loss: 25.667

=== EPOCH 51/124 ===
Learning Rate = 0.0005120000000000001

TRAIN losses
Total Loss  |Smoke Loss  |Fire Loss   
------------ ------------ ------------
32.822      |21.372      |11.450      


VAL losses
Total Loss  |Smoke Loss  |Fire Loss   
------------ ------------ ------------
25.683      |16.914      |8.769       

VAL Metrics
SMOKE -> Precision: 0.888 - Recall: 0.824 - Accuracy: 0.865 - F1: 0.855
FIRE -> Precision: 0.929 - Recall: 0.872 - Accuracy: 0.950 - F1: 0.900

=== EPOCH 52/124 ===
Learning Rate = 0.0005120000000000001

TRAIN losses
Total Loss  |Smoke Loss  |Fire Loss   
------------ ------------ ------------
32.794      |21.451      |11.343      


VAL losses
Total Loss  |Smoke Loss  |Fire Loss   
------------ ------------ ------------
26.682      |17.276      |9.406       

VAL Metrics
SMOKE -> Precision: 0.855 - Recall: 0.877 - Accuracy: 0.869 - F1: 0.866
FIRE -> Precision: 0.878 - Recall: 0.924 - Accuracy: 0.947 - F1: 0.900

=== EPOCH 53/124 ===
Learning Rate = 0.0005120000000000001

TRAIN losses
Total Loss  |Smoke Loss  |Fire Loss   
------------ ------------ ------------
32.906      |21.412      |11.493      


VAL losses
Total Loss  |Smoke Loss  |Fire Loss   
------------ ------------ ------------
25.742      |16.683      |9.060       

VAL Metrics
SMOKE -> Precision: 0.884 - Recall: 0.848 - Accuracy: 0.873 - F1: 0.865
FIRE -> Precision: 0.926 - Recall: 0.880 - Accuracy: 0.951 - F1: 0.903

=== EPOCH 54/124 ===
Learning Rate = 0.0004096000000000001

TRAIN losses
Total Loss  |Smoke Loss  |Fire Loss   
------------ ------------ ------------
32.343      |21.137      |11.206      


VAL losses
Total Loss  |Smoke Loss  |Fire Loss   
------------ ------------ ------------
25.194      |16.498      |8.696       

VAL Metrics
SMOKE -> Precision: 0.899 - Recall: 0.820 - Accuracy: 0.869 - F1: 0.858
FIRE -> Precision: 0.923 - Recall: 0.892 - Accuracy: 0.953 - F1: 0.907

Saving model with new best validation loss: 25.194

=== EPOCH 55/124 ===
Learning Rate = 0.0004096000000000001

TRAIN losses
Total Loss  |Smoke Loss  |Fire Loss   
------------ ------------ ------------
32.468      |21.231      |11.237      


VAL losses
Total Loss  |Smoke Loss  |Fire Loss   
------------ ------------ ------------
25.773      |16.955      |8.818       

VAL Metrics
SMOKE -> Precision: 0.912 - Recall: 0.788 - Accuracy: 0.862 - F1: 0.846
FIRE -> Precision: 0.925 - Recall: 0.872 - Accuracy: 0.949 - F1: 0.898

=== EPOCH 56/124 ===
Learning Rate = 0.0004096000000000001

TRAIN losses
Total Loss  |Smoke Loss  |Fire Loss   
------------ ------------ ------------
31.778      |20.911      |10.867      


VAL losses
Total Loss  |Smoke Loss  |Fire Loss   
------------ ------------ ------------
26.835      |17.621      |9.215       

VAL Metrics
SMOKE -> Precision: 0.835 - Recall: 0.919 - Accuracy: 0.873 - F1: 0.875
FIRE -> Precision: 0.871 - Recall: 0.919 - Accuracy: 0.944 - F1: 0.894

=== EPOCH 57/124 ===
Learning Rate = 0.0004096000000000001

TRAIN losses
Total Loss  |Smoke Loss  |Fire Loss   
------------ ------------ ------------
32.076      |20.965      |11.111      


VAL losses
Total Loss  |Smoke Loss  |Fire Loss   
------------ ------------ ------------
25.097      |16.302      |8.795       

VAL Metrics
SMOKE -> Precision: 0.898 - Recall: 0.821 - Accuracy: 0.869 - F1: 0.858
FIRE -> Precision: 0.915 - Recall: 0.894 - Accuracy: 0.951 - F1: 0.904

Saving model with new best validation loss: 25.097

=== EPOCH 58/124 ===
Learning Rate = 0.0004096000000000001

TRAIN losses
Total Loss  |Smoke Loss  |Fire Loss   
------------ ------------ ------------
32.618      |21.203      |11.416      


VAL losses
Total Loss  |Smoke Loss  |Fire Loss   
------------ ------------ ------------
25.096      |16.132      |8.965       

VAL Metrics
SMOKE -> Precision: 0.908 - Recall: 0.815 - Accuracy: 0.872 - F1: 0.859
FIRE -> Precision: 0.940 - Recall: 0.862 - Accuracy: 0.950 - F1: 0.899

Saving model with new best validation loss: 25.096

=== EPOCH 59/124 ===
Learning Rate = 0.0004096000000000001

TRAIN losses
Total Loss  |Smoke Loss  |Fire Loss   
------------ ------------ ------------
32.247      |21.081      |11.166      


VAL losses
Total Loss  |Smoke Loss  |Fire Loss   
------------ ------------ ------------
26.334      |17.098      |9.236       

VAL Metrics
SMOKE -> Precision: 0.842 - Recall: 0.913 - Accuracy: 0.876 - F1: 0.876
FIRE -> Precision: 0.876 - Recall: 0.926 - Accuracy: 0.947 - F1: 0.900

=== EPOCH 60/124 ===
Learning Rate = 0.0004096000000000001

TRAIN losses
Total Loss  |Smoke Loss  |Fire Loss   
------------ ------------ ------------
31.814      |20.854      |10.959      


VAL losses
Total Loss  |Smoke Loss  |Fire Loss   
------------ ------------ ------------
25.455      |16.459      |8.996       

VAL Metrics
SMOKE -> Precision: 0.871 - Recall: 0.886 - Accuracy: 0.882 - F1: 0.878
FIRE -> Precision: 0.886 - Recall: 0.920 - Accuracy: 0.948 - F1: 0.902

=== EPOCH 61/124 ===
Learning Rate = 0.0003276800000000001

TRAIN losses
Total Loss  |Smoke Loss  |Fire Loss   
------------ ------------ ------------
31.731      |20.539      |11.193      


VAL losses
Total Loss  |Smoke Loss  |Fire Loss   
------------ ------------ ------------
24.280      |15.867      |8.413       

VAL Metrics
SMOKE -> Precision: 0.903 - Recall: 0.829 - Accuracy: 0.875 - F1: 0.865
FIRE -> Precision: 0.927 - Recall: 0.889 - Accuracy: 0.953 - F1: 0.908

Saving model with new best validation loss: 24.280

=== EPOCH 62/124 ===
Learning Rate = 0.0003276800000000001

TRAIN losses
Total Loss  |Smoke Loss  |Fire Loss   
------------ ------------ ------------
31.357      |20.496      |10.861      


VAL losses
Total Loss  |Smoke Loss  |Fire Loss   
------------ ------------ ------------
24.999      |16.188      |8.810       

VAL Metrics
SMOKE -> Precision: 0.918 - Recall: 0.816 - Accuracy: 0.876 - F1: 0.864
FIRE -> Precision: 0.926 - Recall: 0.869 - Accuracy: 0.948 - F1: 0.897

=== EPOCH 63/124 ===
Learning Rate = 0.0003276800000000001

TRAIN losses
Total Loss  |Smoke Loss  |Fire Loss   
------------ ------------ ------------
31.769      |20.768      |11.001      


VAL losses
Total Loss  |Smoke Loss  |Fire Loss   
------------ ------------ ------------
24.412      |15.515      |8.897       

VAL Metrics
SMOKE -> Precision: 0.891 - Recall: 0.861 - Accuracy: 0.882 - F1: 0.876
FIRE -> Precision: 0.943 - Recall: 0.859 - Accuracy: 0.950 - F1: 0.899

=== EPOCH 64/124 ===
Learning Rate = 0.0003276800000000001

TRAIN losses
Total Loss  |Smoke Loss  |Fire Loss   
------------ ------------ ------------
31.293      |20.498      |10.795      


VAL losses
Total Loss  |Smoke Loss  |Fire Loss   
------------ ------------ ------------
24.337      |15.898      |8.439       

VAL Metrics
SMOKE -> Precision: 0.896 - Recall: 0.835 - Accuracy: 0.874 - F1: 0.864
FIRE -> Precision: 0.911 - Recall: 0.908 - Accuracy: 0.953 - F1: 0.909

=== EPOCH 65/124 ===
Learning Rate = 0.0002621440000000001

TRAIN losses
Total Loss  |Smoke Loss  |Fire Loss   
------------ ------------ ------------
31.315      |20.419      |10.896      


VAL losses
Total Loss  |Smoke Loss  |Fire Loss   
------------ ------------ ------------
23.965      |15.610      |8.355       

VAL Metrics
SMOKE -> Precision: 0.878 - Recall: 0.904 - Accuracy: 0.893 - F1: 0.891
FIRE -> Precision: 0.908 - Recall: 0.913 - Accuracy: 0.953 - F1: 0.910

Saving model with new best validation loss: 23.965

=== EPOCH 66/124 ===
Learning Rate = 0.0002621440000000001

TRAIN losses
Total Loss  |Smoke Loss  |Fire Loss   
------------ ------------ ------------
31.018      |20.300      |10.718      


VAL losses
Total Loss  |Smoke Loss  |Fire Loss   
------------ ------------ ------------
24.713      |16.329      |8.384       

VAL Metrics
SMOKE -> Precision: 0.910 - Recall: 0.806 - Accuracy: 0.868 - F1: 0.855
FIRE -> Precision: 0.924 - Recall: 0.890 - Accuracy: 0.953 - F1: 0.907

=== EPOCH 67/124 ===
Learning Rate = 0.0002621440000000001

TRAIN losses
Total Loss  |Smoke Loss  |Fire Loss   
------------ ------------ ------------
31.326      |20.686      |10.640      


VAL losses
Total Loss  |Smoke Loss  |Fire Loss   
------------ ------------ ------------
24.106      |15.854      |8.251       

VAL Metrics
SMOKE -> Precision: 0.871 - Recall: 0.904 - Accuracy: 0.889 - F1: 0.887
FIRE -> Precision: 0.911 - Recall: 0.908 - Accuracy: 0.953 - F1: 0.909

=== EPOCH 68/124 ===
Learning Rate = 0.0002621440000000001

TRAIN losses
Total Loss  |Smoke Loss  |Fire Loss   
------------ ------------ ------------
30.704      |20.163      |10.540      


VAL losses
Total Loss  |Smoke Loss  |Fire Loss   
------------ ------------ ------------
24.338      |16.092      |8.246       

VAL Metrics
SMOKE -> Precision: 0.863 - Recall: 0.892 - Accuracy: 0.880 - F1: 0.877
FIRE -> Precision: 0.901 - Recall: 0.913 - Accuracy: 0.951 - F1: 0.907

=== EPOCH 69/124 ===
Learning Rate = 0.00020971520000000012

TRAIN losses
Total Loss  |Smoke Loss  |Fire Loss   
------------ ------------ ------------
30.493      |20.099      |10.394      


VAL losses
Total Loss  |Smoke Loss  |Fire Loss   
------------ ------------ ------------
24.044      |15.528      |8.516       

VAL Metrics
SMOKE -> Precision: 0.881 - Recall: 0.877 - Accuracy: 0.884 - F1: 0.879
FIRE -> Precision: 0.895 - Recall: 0.924 - Accuracy: 0.952 - F1: 0.910

=== EPOCH 70/124 ===
Learning Rate = 0.00020971520000000012

TRAIN losses
Total Loss  |Smoke Loss  |Fire Loss   
------------ ------------ ------------
30.085      |19.798      |10.287      


VAL losses
Total Loss  |Smoke Loss  |Fire Loss   
------------ ------------ ------------
23.552      |15.164      |8.388       

VAL Metrics
SMOKE -> Precision: 0.899 - Recall: 0.861 - Accuracy: 0.887 - F1: 0.880
FIRE -> Precision: 0.906 - Recall: 0.905 - Accuracy: 0.951 - F1: 0.906

Saving model with new best validation loss: 23.552

=== EPOCH 71/124 ===
Learning Rate = 0.00020971520000000012

TRAIN losses
Total Loss  |Smoke Loss  |Fire Loss   
------------ ------------ ------------
30.432      |20.020      |10.412      


VAL losses
Total Loss  |Smoke Loss  |Fire Loss   
------------ ------------ ------------
23.697      |15.309      |8.387       

VAL Metrics
SMOKE -> Precision: 0.899 - Recall: 0.865 - Accuracy: 0.889 - F1: 0.882
FIRE -> Precision: 0.926 - Recall: 0.877 - Accuracy: 0.950 - F1: 0.901

=== EPOCH 72/124 ===
Learning Rate = 0.00020971520000000012

TRAIN losses
Total Loss  |Smoke Loss  |Fire Loss   
------------ ------------ ------------
30.865      |20.279      |10.586      


VAL losses
Total Loss  |Smoke Loss  |Fire Loss   
------------ ------------ ------------
24.062      |15.656      |8.405       

VAL Metrics
SMOKE -> Precision: 0.904 - Recall: 0.831 - Accuracy: 0.876 - F1: 0.866
FIRE -> Precision: 0.899 - Recall: 0.917 - Accuracy: 0.952 - F1: 0.908

=== EPOCH 73/124 ===
Learning Rate = 0.00020971520000000012

TRAIN losses
Total Loss  |Smoke Loss  |Fire Loss   
------------ ------------ ------------
30.261      |19.859      |10.402      


VAL losses
Total Loss  |Smoke Loss  |Fire Loss   
------------ ------------ ------------
23.938      |15.789      |8.149       

VAL Metrics
SMOKE -> Precision: 0.862 - Recall: 0.920 - Accuracy: 0.890 - F1: 0.890
FIRE -> Precision: 0.910 - Recall: 0.914 - Accuracy: 0.954 - F1: 0.912

=== EPOCH 74/124 ===
Learning Rate = 0.0001677721600000001

TRAIN losses
Total Loss  |Smoke Loss  |Fire Loss   
------------ ------------ ------------
30.328      |19.777      |10.551      


VAL losses
Total Loss  |Smoke Loss  |Fire Loss   
------------ ------------ ------------
23.620      |15.342      |8.278       

VAL Metrics
SMOKE -> Precision: 0.876 - Recall: 0.893 - Accuracy: 0.888 - F1: 0.884
FIRE -> Precision: 0.896 - Recall: 0.921 - Accuracy: 0.952 - F1: 0.908

=== EPOCH 75/124 ===
Learning Rate = 0.0001677721600000001

TRAIN losses
Total Loss  |Smoke Loss  |Fire Loss   
------------ ------------ ------------
30.265      |19.800      |10.465      


VAL losses
Total Loss  |Smoke Loss  |Fire Loss   
------------ ------------ ------------
23.903      |15.025      |8.878       

VAL Metrics
SMOKE -> Precision: 0.893 - Recall: 0.872 - Accuracy: 0.888 - F1: 0.883
FIRE -> Precision: 0.876 - Recall: 0.935 - Accuracy: 0.949 - F1: 0.905

=== EPOCH 76/124 ===
Learning Rate = 0.0001677721600000001

TRAIN losses
Total Loss  |Smoke Loss  |Fire Loss   
------------ ------------ ------------
29.748      |19.605      |10.143      


VAL losses
Total Loss  |Smoke Loss  |Fire Loss   
------------ ------------ ------------
23.098      |14.887      |8.211       

VAL Metrics
SMOKE -> Precision: 0.893 - Recall: 0.890 - Accuracy: 0.896 - F1: 0.891
FIRE -> Precision: 0.915 - Recall: 0.902 - Accuracy: 0.953 - F1: 0.908

Saving model with new best validation loss: 23.098

=== EPOCH 77/124 ===
Learning Rate = 0.0001677721600000001

TRAIN losses
Total Loss  |Smoke Loss  |Fire Loss   
------------ ------------ ------------
29.872      |19.479      |10.394      


VAL losses
Total Loss  |Smoke Loss  |Fire Loss   
------------ ------------ ------------
23.316      |14.939      |8.377       

VAL Metrics
SMOKE -> Precision: 0.907 - Recall: 0.864 - Accuracy: 0.892 - F1: 0.885
FIRE -> Precision: 0.901 - Recall: 0.919 - Accuracy: 0.953 - F1: 0.910

=== EPOCH 78/124 ===
Learning Rate = 0.0001677721600000001

TRAIN losses
Total Loss  |Smoke Loss  |Fire Loss   
------------ ------------ ------------
29.804      |19.502      |10.301      


VAL losses
Total Loss  |Smoke Loss  |Fire Loss   
------------ ------------ ------------
24.188      |15.497      |8.691       

VAL Metrics
SMOKE -> Precision: 0.867 - Recall: 0.908 - Accuracy: 0.889 - F1: 0.887
FIRE -> Precision: 0.887 - Recall: 0.931 - Accuracy: 0.951 - F1: 0.908

=== EPOCH 79/124 ===
Learning Rate = 0.0001677721600000001

TRAIN losses
Total Loss  |Smoke Loss  |Fire Loss   
------------ ------------ ------------
30.078      |19.678      |10.400      


VAL losses
Total Loss  |Smoke Loss  |Fire Loss   
------------ ------------ ------------
23.262      |14.801      |8.462       

VAL Metrics
SMOKE -> Precision: 0.905 - Recall: 0.858 - Accuracy: 0.889 - F1: 0.881
FIRE -> Precision: 0.902 - Recall: 0.919 - Accuracy: 0.953 - F1: 0.910

=== EPOCH 80/124 ===
Learning Rate = 0.00013421772800000008

TRAIN losses
Total Loss  |Smoke Loss  |Fire Loss   
------------ ------------ ------------
29.702      |19.359      |10.342      


VAL losses
Total Loss  |Smoke Loss  |Fire Loss   
------------ ------------ ------------
23.292      |14.930      |8.362       

VAL Metrics
SMOKE -> Precision: 0.905 - Recall: 0.850 - Accuracy: 0.885 - F1: 0.877
FIRE -> Precision: 0.910 - Recall: 0.901 - Accuracy: 0.951 - F1: 0.905

=== EPOCH 81/124 ===
Learning Rate = 0.00013421772800000008

TRAIN losses
Total Loss  |Smoke Loss  |Fire Loss   
------------ ------------ ------------
29.925      |19.480      |10.445      


VAL losses
Total Loss  |Smoke Loss  |Fire Loss   
------------ ------------ ------------
23.001      |14.735      |8.266       

VAL Metrics
SMOKE -> Precision: 0.900 - Recall: 0.856 - Accuracy: 0.885 - F1: 0.877
FIRE -> Precision: 0.909 - Recall: 0.908 - Accuracy: 0.953 - F1: 0.909

Saving model with new best validation loss: 23.001

=== EPOCH 82/124 ===
Learning Rate = 0.00013421772800000008

TRAIN losses
Total Loss  |Smoke Loss  |Fire Loss   
------------ ------------ ------------
30.033      |19.455      |10.578      


VAL losses
Total Loss  |Smoke Loss  |Fire Loss   
------------ ------------ ------------
22.986      |14.789      |8.196       

VAL Metrics
SMOKE -> Precision: 0.902 - Recall: 0.863 - Accuracy: 0.889 - F1: 0.882
FIRE -> Precision: 0.906 - Recall: 0.915 - Accuracy: 0.953 - F1: 0.910

Saving model with new best validation loss: 22.986

=== EPOCH 83/124 ===
Learning Rate = 0.00013421772800000008

TRAIN losses
Total Loss  |Smoke Loss  |Fire Loss   
------------ ------------ ------------
29.669      |19.505      |10.164      


VAL losses
Total Loss  |Smoke Loss  |Fire Loss   
------------ ------------ ------------
23.074      |14.726      |8.348       

VAL Metrics
SMOKE -> Precision: 0.901 - Recall: 0.868 - Accuracy: 0.891 - F1: 0.884
FIRE -> Precision: 0.903 - Recall: 0.919 - Accuracy: 0.953 - F1: 0.911

=== EPOCH 84/124 ===
Learning Rate = 0.00013421772800000008

TRAIN losses
Total Loss  |Smoke Loss  |Fire Loss   
------------ ------------ ------------
29.592      |19.384      |10.208      


VAL losses
Total Loss  |Smoke Loss  |Fire Loss   
------------ ------------ ------------
23.025      |14.730      |8.294       

VAL Metrics
SMOKE -> Precision: 0.890 - Recall: 0.887 - Accuracy: 0.893 - F1: 0.888
FIRE -> Precision: 0.899 - Recall: 0.914 - Accuracy: 0.951 - F1: 0.907

=== EPOCH 85/124 ===
Learning Rate = 0.00013421772800000008

TRAIN losses
Total Loss  |Smoke Loss  |Fire Loss   
------------ ------------ ------------
29.310      |19.487      |9.823       


VAL losses
Total Loss  |Smoke Loss  |Fire Loss   
------------ ------------ ------------
22.914      |14.752      |8.162       

VAL Metrics
SMOKE -> Precision: 0.900 - Recall: 0.862 - Accuracy: 0.888 - F1: 0.881
FIRE -> Precision: 0.909 - Recall: 0.909 - Accuracy: 0.953 - F1: 0.909

Saving model with new best validation loss: 22.914

=== EPOCH 86/124 ===
Learning Rate = 0.00013421772800000008

TRAIN losses
Total Loss  |Smoke Loss  |Fire Loss   
------------ ------------ ------------
29.411      |19.240      |10.171      


VAL losses
Total Loss  |Smoke Loss  |Fire Loss   
------------ ------------ ------------
23.032      |14.937      |8.096       

VAL Metrics
SMOKE -> Precision: 0.913 - Recall: 0.842 - Accuracy: 0.885 - F1: 0.876
FIRE -> Precision: 0.915 - Recall: 0.909 - Accuracy: 0.955 - F1: 0.912

=== EPOCH 87/124 ===
Learning Rate = 0.00013421772800000008

TRAIN losses
Total Loss  |Smoke Loss  |Fire Loss   
------------ ------------ ------------
29.497      |19.399      |10.097      


VAL losses
Total Loss  |Smoke Loss  |Fire Loss   
------------ ------------ ------------
22.859      |14.625      |8.234       

VAL Metrics
SMOKE -> Precision: 0.907 - Recall: 0.855 - Accuracy: 0.888 - F1: 0.880
FIRE -> Precision: 0.921 - Recall: 0.897 - Accuracy: 0.953 - F1: 0.909

Saving model with new best validation loss: 22.859

=== EPOCH 88/124 ===
Learning Rate = 0.00013421772800000008

TRAIN losses
Total Loss  |Smoke Loss  |Fire Loss   
------------ ------------ ------------
29.172      |19.190      |9.983       


VAL losses
Total Loss  |Smoke Loss  |Fire Loss   
------------ ------------ ------------
23.183      |14.992      |8.191       

VAL Metrics
SMOKE -> Precision: 0.904 - Recall: 0.846 - Accuracy: 0.882 - F1: 0.874
FIRE -> Precision: 0.914 - Recall: 0.902 - Accuracy: 0.953 - F1: 0.908

=== EPOCH 89/124 ===
Learning Rate = 0.00013421772800000008

TRAIN losses
Total Loss  |Smoke Loss  |Fire Loss   
------------ ------------ ------------
29.264      |19.147      |10.117      


VAL losses
Total Loss  |Smoke Loss  |Fire Loss   
------------ ------------ ------------
22.989      |14.663      |8.326       

VAL Metrics
SMOKE -> Precision: 0.896 - Recall: 0.870 - Accuracy: 0.889 - F1: 0.883
FIRE -> Precision: 0.902 - Recall: 0.921 - Accuracy: 0.954 - F1: 0.911

=== EPOCH 90/124 ===
Learning Rate = 0.00013421772800000008

TRAIN losses
Total Loss  |Smoke Loss  |Fire Loss   
------------ ------------ ------------
29.243      |19.201      |10.043      


VAL losses
Total Loss  |Smoke Loss  |Fire Loss   
------------ ------------ ------------
22.734      |14.611      |8.123       

VAL Metrics
SMOKE -> Precision: 0.892 - Recall: 0.885 - Accuracy: 0.893 - F1: 0.889
FIRE -> Precision: 0.909 - Recall: 0.912 - Accuracy: 0.954 - F1: 0.910

Saving model with new best validation loss: 22.734

=== EPOCH 91/124 ===
Learning Rate = 0.00013421772800000008

TRAIN losses
Total Loss  |Smoke Loss  |Fire Loss   
------------ ------------ ------------
29.205      |19.036      |10.170      


VAL losses
Total Loss  |Smoke Loss  |Fire Loss   
------------ ------------ ------------
23.175      |14.892      |8.283       

VAL Metrics
SMOKE -> Precision: 0.904 - Recall: 0.841 - Accuracy: 0.880 - F1: 0.871
FIRE -> Precision: 0.903 - Recall: 0.915 - Accuracy: 0.953 - F1: 0.909

=== EPOCH 92/124 ===
Learning Rate = 0.00013421772800000008

TRAIN losses
Total Loss  |Smoke Loss  |Fire Loss   
------------ ------------ ------------
29.723      |19.435      |10.288      


VAL losses
Total Loss  |Smoke Loss  |Fire Loss   
------------ ------------ ------------
22.689      |14.707      |7.982       

VAL Metrics
SMOKE -> Precision: 0.902 - Recall: 0.870 - Accuracy: 0.892 - F1: 0.886
FIRE -> Precision: 0.921 - Recall: 0.897 - Accuracy: 0.954 - F1: 0.909

Saving model with new best validation loss: 22.689

=== EPOCH 93/124 ===
Learning Rate = 0.00013421772800000008

TRAIN losses
Total Loss  |Smoke Loss  |Fire Loss   
------------ ------------ ------------
29.180      |19.009      |10.170      


VAL losses
Total Loss  |Smoke Loss  |Fire Loss   
------------ ------------ ------------
22.766      |14.616      |8.151       

VAL Metrics
SMOKE -> Precision: 0.906 - Recall: 0.858 - Accuracy: 0.889 - F1: 0.882
FIRE -> Precision: 0.910 - Recall: 0.911 - Accuracy: 0.954 - F1: 0.910

=== EPOCH 94/124 ===
Learning Rate = 0.00013421772800000008

TRAIN losses
Total Loss  |Smoke Loss  |Fire Loss   
------------ ------------ ------------
29.291      |19.105      |10.186      


VAL losses
Total Loss  |Smoke Loss  |Fire Loss   
------------ ------------ ------------
22.752      |14.696      |8.055       

VAL Metrics
SMOKE -> Precision: 0.907 - Recall: 0.847 - Accuracy: 0.884 - F1: 0.876
FIRE -> Precision: 0.920 - Recall: 0.906 - Accuracy: 0.955 - F1: 0.913

=== EPOCH 95/124 ===
Learning Rate = 0.00013421772800000008

TRAIN losses
Total Loss  |Smoke Loss  |Fire Loss   
------------ ------------ ------------
29.065      |18.997      |10.068      


VAL losses
Total Loss  |Smoke Loss  |Fire Loss   
------------ ------------ ------------
22.625      |14.535      |8.089       

VAL Metrics
SMOKE -> Precision: 0.892 - Recall: 0.887 - Accuracy: 0.894 - F1: 0.889
FIRE -> Precision: 0.905 - Recall: 0.919 - Accuracy: 0.954 - F1: 0.912

Saving model with new best validation loss: 22.625

=== EPOCH 96/124 ===
Learning Rate = 0.00013421772800000008

TRAIN losses
Total Loss  |Smoke Loss  |Fire Loss   
------------ ------------ ------------
29.416      |19.187      |10.229      


VAL losses
Total Loss  |Smoke Loss  |Fire Loss   
------------ ------------ ------------
22.411      |14.290      |8.121       

VAL Metrics
SMOKE -> Precision: 0.905 - Recall: 0.864 - Accuracy: 0.891 - F1: 0.884
FIRE -> Precision: 0.909 - Recall: 0.919 - Accuracy: 0.955 - F1: 0.914

Saving model with new best validation loss: 22.411

=== EPOCH 97/124 ===
Learning Rate = 0.00013421772800000008

TRAIN losses
Total Loss  |Smoke Loss  |Fire Loss   
------------ ------------ ------------
29.112      |19.096      |10.017      


VAL losses
Total Loss  |Smoke Loss  |Fire Loss   
------------ ------------ ------------
22.543      |14.524      |8.020       

VAL Metrics
SMOKE -> Precision: 0.899 - Recall: 0.865 - Accuracy: 0.888 - F1: 0.882
FIRE -> Precision: 0.906 - Recall: 0.918 - Accuracy: 0.954 - F1: 0.912

=== EPOCH 98/124 ===
Learning Rate = 0.00013421772800000008

TRAIN losses
Total Loss  |Smoke Loss  |Fire Loss   
------------ ------------ ------------
29.205      |19.174      |10.032      


VAL losses
Total Loss  |Smoke Loss  |Fire Loss   
------------ ------------ ------------
22.364      |14.368      |7.996       

VAL Metrics
SMOKE -> Precision: 0.905 - Recall: 0.865 - Accuracy: 0.891 - F1: 0.884
FIRE -> Precision: 0.920 - Recall: 0.903 - Accuracy: 0.955 - F1: 0.911

Saving model with new best validation loss: 22.364

=== EPOCH 99/124 ===
Learning Rate = 0.00013421772800000008

TRAIN losses
Total Loss  |Smoke Loss  |Fire Loss   
------------ ------------ ------------
29.081      |19.002      |10.079      


VAL losses
Total Loss  |Smoke Loss  |Fire Loss   
------------ ------------ ------------
22.305      |14.312      |7.994       

VAL Metrics
SMOKE -> Precision: 0.909 - Recall: 0.860 - Accuracy: 0.892 - F1: 0.884
FIRE -> Precision: 0.925 - Recall: 0.905 - Accuracy: 0.956 - F1: 0.915

Saving model with new best validation loss: 22.305

=== EPOCH 100/124 ===
Learning Rate = 0.00013421772800000008

TRAIN losses
Total Loss  |Smoke Loss  |Fire Loss   
------------ ------------ ------------
28.932      |19.043      |9.888       


VAL losses
Total Loss  |Smoke Loss  |Fire Loss   
------------ ------------ ------------
22.772      |14.697      |8.075       

VAL Metrics
SMOKE -> Precision: 0.910 - Recall: 0.846 - Accuracy: 0.886 - F1: 0.877
FIRE -> Precision: 0.919 - Recall: 0.905 - Accuracy: 0.955 - F1: 0.911

=== EPOCH 101/124 ===
Learning Rate = 0.00013421772800000008

TRAIN losses
Total Loss  |Smoke Loss  |Fire Loss   
------------ ------------ ------------
29.069      |19.023      |10.045      


VAL losses
Total Loss  |Smoke Loss  |Fire Loss   
------------ ------------ ------------
22.470      |14.402      |8.068       

VAL Metrics
SMOKE -> Precision: 0.892 - Recall: 0.896 - Accuracy: 0.898 - F1: 0.894
FIRE -> Precision: 0.899 - Recall: 0.926 - Accuracy: 0.954 - F1: 0.913

=== EPOCH 102/124 ===
Learning Rate = 0.00013421772800000008

TRAIN losses
Total Loss  |Smoke Loss  |Fire Loss   
------------ ------------ ------------
29.015      |19.246      |9.769       


VAL losses
Total Loss  |Smoke Loss  |Fire Loss   
------------ ------------ ------------
22.347      |14.294      |8.053       

VAL Metrics
SMOKE -> Precision: 0.898 - Recall: 0.888 - Accuracy: 0.897 - F1: 0.893
FIRE -> Precision: 0.915 - Recall: 0.906 - Accuracy: 0.954 - F1: 0.910

=== EPOCH 103/124 ===
Learning Rate = 0.00010737418240000007

TRAIN losses
Total Loss  |Smoke Loss  |Fire Loss   
------------ ------------ ------------
28.833      |19.024      |9.809       


VAL losses
Total Loss  |Smoke Loss  |Fire Loss   
------------ ------------ ------------
22.376      |14.448      |7.928       

VAL Metrics
SMOKE -> Precision: 0.913 - Recall: 0.839 - Accuracy: 0.884 - F1: 0.874
FIRE -> Precision: 0.914 - Recall: 0.914 - Accuracy: 0.955 - F1: 0.914

=== EPOCH 104/124 ===
Learning Rate = 0.00010737418240000007

TRAIN losses
Total Loss  |Smoke Loss  |Fire Loss   
------------ ------------ ------------
28.774      |18.871      |9.903       


VAL losses
Total Loss  |Smoke Loss  |Fire Loss   
------------ ------------ ------------
22.256      |14.187      |8.069       

VAL Metrics
SMOKE -> Precision: 0.899 - Recall: 0.880 - Accuracy: 0.894 - F1: 0.889
FIRE -> Precision: 0.906 - Recall: 0.925 - Accuracy: 0.956 - F1: 0.916

Saving model with new best validation loss: 22.256

=== EPOCH 105/124 ===
Learning Rate = 0.00010737418240000007

TRAIN losses
Total Loss  |Smoke Loss  |Fire Loss   
------------ ------------ ------------
28.932      |19.040      |9.893       


VAL losses
Total Loss  |Smoke Loss  |Fire Loss   
------------ ------------ ------------
22.379      |14.322      |8.057       

VAL Metrics
SMOKE -> Precision: 0.896 - Recall: 0.889 - Accuracy: 0.897 - F1: 0.892
FIRE -> Precision: 0.907 - Recall: 0.913 - Accuracy: 0.953 - F1: 0.910

=== EPOCH 106/124 ===
Learning Rate = 0.00010737418240000007

TRAIN losses
Total Loss  |Smoke Loss  |Fire Loss   
------------ ------------ ------------
28.593      |18.918      |9.675       


VAL losses
Total Loss  |Smoke Loss  |Fire Loss   
------------ ------------ ------------
22.011      |14.055      |7.955       

VAL Metrics
SMOKE -> Precision: 0.908 - Recall: 0.876 - Accuracy: 0.898 - F1: 0.892
FIRE -> Precision: 0.919 - Recall: 0.907 - Accuracy: 0.955 - F1: 0.913

Saving model with new best validation loss: 22.011

=== EPOCH 107/124 ===
Learning Rate = 0.00010737418240000007

TRAIN losses
Total Loss  |Smoke Loss  |Fire Loss   
------------ ------------ ------------
28.780      |18.828      |9.952       


VAL losses
Total Loss  |Smoke Loss  |Fire Loss   
------------ ------------ ------------
22.209      |14.213      |7.996       

VAL Metrics
SMOKE -> Precision: 0.912 - Recall: 0.859 - Accuracy: 0.892 - F1: 0.884
FIRE -> Precision: 0.914 - Recall: 0.914 - Accuracy: 0.955 - F1: 0.914

=== EPOCH 108/124 ===
Learning Rate = 0.00010737418240000007

TRAIN losses
Total Loss  |Smoke Loss  |Fire Loss   
------------ ------------ ------------
28.871      |18.867      |10.004      


VAL losses
Total Loss  |Smoke Loss  |Fire Loss   
------------ ------------ ------------
22.315      |14.319      |7.996       

VAL Metrics
SMOKE -> Precision: 0.917 - Recall: 0.849 - Accuracy: 0.890 - F1: 0.882
FIRE -> Precision: 0.909 - Recall: 0.919 - Accuracy: 0.955 - F1: 0.914

=== EPOCH 109/124 ===
Learning Rate = 0.00010737418240000007

TRAIN losses
Total Loss  |Smoke Loss  |Fire Loss   
------------ ------------ ------------
28.884      |18.864      |10.020      


VAL losses
Total Loss  |Smoke Loss  |Fire Loss   
------------ ------------ ------------
22.272      |14.262      |8.010       

VAL Metrics
SMOKE -> Precision: 0.903 - Recall: 0.875 - Accuracy: 0.895 - F1: 0.889
FIRE -> Precision: 0.910 - Recall: 0.916 - Accuracy: 0.955 - F1: 0.913

=== EPOCH 110/124 ===
Learning Rate = 8.589934592000007e-05

TRAIN losses
Total Loss  |Smoke Loss  |Fire Loss   
------------ ------------ ------------
28.614      |18.832      |9.782       


VAL losses
Total Loss  |Smoke Loss  |Fire Loss   
------------ ------------ ------------
21.864      |13.999      |7.865       

VAL Metrics
SMOKE -> Precision: 0.904 - Recall: 0.881 - Accuracy: 0.898 - F1: 0.892
FIRE -> Precision: 0.918 - Recall: 0.914 - Accuracy: 0.956 - F1: 0.916

Saving model with new best validation loss: 21.864

=== EPOCH 111/124 ===
Learning Rate = 8.589934592000007e-05

TRAIN losses
Total Loss  |Smoke Loss  |Fire Loss   
------------ ------------ ------------
28.388      |18.519      |9.869       


VAL losses
Total Loss  |Smoke Loss  |Fire Loss   
------------ ------------ ------------
22.353      |14.338      |8.015       

VAL Metrics
SMOKE -> Precision: 0.911 - Recall: 0.853 - Accuracy: 0.889 - F1: 0.881
FIRE -> Precision: 0.921 - Recall: 0.906 - Accuracy: 0.956 - F1: 0.914

=== EPOCH 112/124 ===
Learning Rate = 8.589934592000007e-05

TRAIN losses
Total Loss  |Smoke Loss  |Fire Loss   
------------ ------------ ------------
28.814      |18.848      |9.966       


VAL losses
Total Loss  |Smoke Loss  |Fire Loss   
------------ ------------ ------------
22.363      |14.308      |8.055       

VAL Metrics
SMOKE -> Precision: 0.908 - Recall: 0.861 - Accuracy: 0.891 - F1: 0.884
FIRE -> Precision: 0.917 - Recall: 0.911 - Accuracy: 0.956 - F1: 0.914

=== EPOCH 113/124 ===
Learning Rate = 8.589934592000007e-05

TRAIN losses
Total Loss  |Smoke Loss  |Fire Loss   
------------ ------------ ------------
28.615      |18.867      |9.748       


VAL losses
Total Loss  |Smoke Loss  |Fire Loss   
------------ ------------ ------------
21.897      |13.986      |7.912       

VAL Metrics
SMOKE -> Precision: 0.903 - Recall: 0.881 - Accuracy: 0.897 - F1: 0.892
FIRE -> Precision: 0.926 - Recall: 0.899 - Accuracy: 0.955 - F1: 0.912

=== EPOCH 114/124 ===
Learning Rate = 6.871947673600006e-05

TRAIN losses
Total Loss  |Smoke Loss  |Fire Loss   
------------ ------------ ------------
28.297      |18.679      |9.618       


VAL losses
Total Loss  |Smoke Loss  |Fire Loss   
------------ ------------ ------------
22.085      |14.061      |8.025       

VAL Metrics
SMOKE -> Precision: 0.912 - Recall: 0.868 - Accuracy: 0.896 - F1: 0.889
FIRE -> Precision: 0.911 - Recall: 0.918 - Accuracy: 0.955 - F1: 0.914

=== EPOCH 115/124 ===
Learning Rate = 6.871947673600006e-05

TRAIN losses
Total Loss  |Smoke Loss  |Fire Loss   
------------ ------------ ------------
28.350      |18.492      |9.858       


VAL losses
Total Loss  |Smoke Loss  |Fire Loss   
------------ ------------ ------------
21.997      |13.929      |8.068       

VAL Metrics
SMOKE -> Precision: 0.906 - Recall: 0.888 - Accuracy: 0.902 - F1: 0.897
FIRE -> Precision: 0.906 - Recall: 0.925 - Accuracy: 0.956 - F1: 0.916

=== EPOCH 116/124 ===
Learning Rate = 6.871947673600006e-05

TRAIN losses
Total Loss  |Smoke Loss  |Fire Loss   
------------ ------------ ------------
28.131      |18.384      |9.747       


VAL losses
Total Loss  |Smoke Loss  |Fire Loss   
------------ ------------ ------------
21.793      |13.839      |7.954       

VAL Metrics
SMOKE -> Precision: 0.904 - Recall: 0.886 - Accuracy: 0.900 - F1: 0.895
FIRE -> Precision: 0.914 - Recall: 0.914 - Accuracy: 0.955 - F1: 0.914

Saving model with new best validation loss: 21.793

=== EPOCH 117/124 ===
Learning Rate = 6.871947673600006e-05

TRAIN losses
Total Loss  |Smoke Loss  |Fire Loss   
------------ ------------ ------------
28.824      |18.735      |10.089      


VAL losses
Total Loss  |Smoke Loss  |Fire Loss   
------------ ------------ ------------
21.935      |13.992      |7.943       

VAL Metrics
SMOKE -> Precision: 0.903 - Recall: 0.881 - Accuracy: 0.897 - F1: 0.892
FIRE -> Precision: 0.916 - Recall: 0.919 - Accuracy: 0.957 - F1: 0.918

=== EPOCH 118/124 ===
Learning Rate = 6.871947673600006e-05

TRAIN losses
Total Loss  |Smoke Loss  |Fire Loss   
------------ ------------ ------------
28.072      |18.361      |9.711       


VAL losses
Total Loss  |Smoke Loss  |Fire Loss   
------------ ------------ ------------
22.494      |14.194      |8.300       

VAL Metrics
SMOKE -> Precision: 0.892 - Recall: 0.891 - Accuracy: 0.896 - F1: 0.892
FIRE -> Precision: 0.896 - Recall: 0.939 - Accuracy: 0.956 - F1: 0.917

=== EPOCH 119/124 ===
Learning Rate = 6.871947673600006e-05

TRAIN losses
Total Loss  |Smoke Loss  |Fire Loss   
------------ ------------ ------------
28.323      |18.423      |9.900       


VAL losses
Total Loss  |Smoke Loss  |Fire Loss   
------------ ------------ ------------
21.997      |14.082      |7.915       

VAL Metrics
SMOKE -> Precision: 0.909 - Recall: 0.864 - Accuracy: 0.893 - F1: 0.886
FIRE -> Precision: 0.915 - Recall: 0.916 - Accuracy: 0.956 - F1: 0.915

=== EPOCH 120/124 ===
Learning Rate = 5.497558138880005e-05

TRAIN losses
Total Loss  |Smoke Loss  |Fire Loss   
------------ ------------ ------------
28.413      |18.508      |9.905       


VAL losses
Total Loss  |Smoke Loss  |Fire Loss   
------------ ------------ ------------
21.844      |13.950      |7.894       

VAL Metrics
SMOKE -> Precision: 0.906 - Recall: 0.874 - Accuracy: 0.896 - F1: 0.890
FIRE -> Precision: 0.914 - Recall: 0.914 - Accuracy: 0.956 - F1: 0.914

=== EPOCH 121/124 ===
Learning Rate = 5.497558138880005e-05

TRAIN losses
Total Loss  |Smoke Loss  |Fire Loss   
------------ ------------ ------------
28.111      |18.300      |9.811       


VAL losses
Total Loss  |Smoke Loss  |Fire Loss   
------------ ------------ ------------
22.127      |14.187      |7.941       

VAL Metrics
SMOKE -> Precision: 0.922 - Recall: 0.845 - Accuracy: 0.891 - F1: 0.882
FIRE -> Precision: 0.926 - Recall: 0.892 - Accuracy: 0.954 - F1: 0.909

=== EPOCH 122/124 ===
Learning Rate = 5.497558138880005e-05

TRAIN losses
Total Loss  |Smoke Loss  |Fire Loss   
------------ ------------ ------------
28.357      |18.517      |9.841       


VAL losses
Total Loss  |Smoke Loss  |Fire Loss   
------------ ------------ ------------
21.809      |13.950      |7.859       

VAL Metrics
SMOKE -> Precision: 0.910 - Recall: 0.874 - Accuracy: 0.898 - F1: 0.892
FIRE -> Precision: 0.916 - Recall: 0.914 - Accuracy: 0.956 - F1: 0.915

=== EPOCH 123/124 ===
Learning Rate = 4.3980465111040044e-05

TRAIN losses
Total Loss  |Smoke Loss  |Fire Loss   
------------ ------------ ------------
28.275      |18.555      |9.720       


VAL losses
Total Loss  |Smoke Loss  |Fire Loss   
------------ ------------ ------------
21.824      |13.911      |7.913       

VAL Metrics
SMOKE -> Precision: 0.899 - Recall: 0.893 - Accuracy: 0.900 - F1: 0.896
FIRE -> Precision: 0.914 - Recall: 0.917 - Accuracy: 0.956 - F1: 0.915

=== EPOCH 124/124 ===
Learning Rate = 4.3980465111040044e-05

TRAIN losses
Total Loss  |Smoke Loss  |Fire Loss   
------------ ------------ ------------
28.244      |18.597      |9.647       


VAL losses
Total Loss  |Smoke Loss  |Fire Loss   
------------ ------------ ------------
21.649      |13.877      |7.772       

VAL Metrics
SMOKE -> Precision: 0.899 - Recall: 0.884 - Accuracy: 0.897 - F1: 0.892
FIRE -> Precision: 0.920 - Recall: 0.911 - Accuracy: 0.956 - F1: 0.915

Saving model with new best validation loss: 21.649
Saving last model

***Script finished: 22:46:41

Time elapsed: 0:57:06.745393
