BED deeper. 448x448 images. 7x7 grid.

Before View Dataset Examples
DFS Removed wrong images: 0
DFS Removed due to overlapping: 58
DFS Removed due to more than 10: 2
Using BED 4x4
Model shape is torch.Size([3, 7, 7, 12])
BED Model Arquitecture
BED_448x448(
  (model): Sequential(
    (0): Conv2d(3, 64, kernel_size=(3, 3), stride=(1, 1), padding=(1, 1), bias=False)
    (1): BatchNorm2d(64, eps=1e-05, momentum=0.1, affine=False, track_running_stats=True)
    (2): ReLU()
    (3): Dropout2d(p=0.3, inplace=False)
    (4): MaxPool2d(kernel_size=2, stride=2, padding=0, dilation=1, ceil_mode=False)
    (5): Conv2d(64, 24, kernel_size=(3, 3), stride=(1, 1), padding=(1, 1), bias=False)
    (6): BatchNorm2d(24, eps=1e-05, momentum=0.1, affine=False, track_running_stats=True)
    (7): ReLU()
    (8): Dropout2d(p=0.3, inplace=False)
    (9): MaxPool2d(kernel_size=2, stride=2, padding=0, dilation=1, ceil_mode=False)
    (10): Conv2d(24, 16, kernel_size=(1, 1), stride=(1, 1), bias=False)
    (11): BatchNorm2d(16, eps=1e-05, momentum=0.1, affine=False, track_running_stats=True)
    (12): ReLU()
    (13): Conv2d(16, 32, kernel_size=(3, 3), stride=(1, 1), padding=(1, 1), bias=False)
    (14): BatchNorm2d(32, eps=1e-05, momentum=0.1, affine=False, track_running_stats=True)
    (15): ReLU()
    (16): Conv2d(32, 32, kernel_size=(1, 1), stride=(1, 1), bias=False)
    (17): BatchNorm2d(32, eps=1e-05, momentum=0.1, affine=False, track_running_stats=True)
    (18): ReLU()
    (19): Conv2d(32, 64, kernel_size=(3, 3), stride=(1, 1), padding=(1, 1), bias=False)
    (20): BatchNorm2d(64, eps=1e-05, momentum=0.1, affine=False, track_running_stats=True)
    (21): ReLU()
    (22): MaxPool2d(kernel_size=2, stride=2, padding=0, dilation=1, ceil_mode=False)
    (23): Conv2d(64, 32, kernel_size=(1, 1), stride=(1, 1), bias=False)
    (24): BatchNorm2d(32, eps=1e-05, momentum=0.1, affine=False, track_running_stats=True)
    (25): ReLU()
    (26): Conv2d(32, 64, kernel_size=(3, 3), stride=(1, 1), padding=(1, 1), bias=False)
    (27): BatchNorm2d(64, eps=1e-05, momentum=0.1, affine=False, track_running_stats=True)
    (28): ReLU()
    (29): Conv2d(64, 32, kernel_size=(1, 1), stride=(1, 1), bias=False)
    (30): BatchNorm2d(32, eps=1e-05, momentum=0.1, affine=False, track_running_stats=True)
    (31): ReLU()
    (32): Conv2d(32, 64, kernel_size=(3, 3), stride=(1, 1), padding=(1, 1), bias=False)
    (33): BatchNorm2d(64, eps=1e-05, momentum=0.1, affine=False, track_running_stats=True)
    (34): ReLU()
    (35): Conv2d(64, 32, kernel_size=(1, 1), stride=(1, 1), bias=False)
    (36): BatchNorm2d(32, eps=1e-05, momentum=0.1, affine=False, track_running_stats=True)
    (37): ReLU()
    (38): Conv2d(32, 64, kernel_size=(3, 3), stride=(1, 1), padding=(1, 1), bias=False)
    (39): BatchNorm2d(64, eps=1e-05, momentum=0.1, affine=False, track_running_stats=True)
    (40): ReLU()
    (41): MaxPool2d(kernel_size=2, stride=2, padding=0, dilation=1, ceil_mode=False)
    (42): Conv2d(64, 32, kernel_size=(1, 1), stride=(1, 1), bias=False)
    (43): BatchNorm2d(32, eps=1e-05, momentum=0.1, affine=False, track_running_stats=True)
    (44): ReLU()
    (45): Conv2d(32, 64, kernel_size=(3, 3), stride=(1, 1), padding=(1, 1), bias=False)
    (46): BatchNorm2d(64, eps=1e-05, momentum=0.1, affine=False, track_running_stats=True)
    (47): ReLU()
    (48): Conv2d(64, 32, kernel_size=(1, 1), stride=(1, 1), bias=False)
    (49): BatchNorm2d(32, eps=1e-05, momentum=0.1, affine=False, track_running_stats=True)
    (50): ReLU()
    (51): Conv2d(32, 64, kernel_size=(3, 3), stride=(1, 1), padding=(1, 1), bias=False)
    (52): BatchNorm2d(64, eps=1e-05, momentum=0.1, affine=False, track_running_stats=True)
    (53): ReLU()
    (54): Conv2d(64, 64, kernel_size=(3, 3), stride=(1, 1), padding=(1, 1), bias=False)
    (55): BatchNorm2d(64, eps=1e-05, momentum=0.1, affine=False, track_running_stats=True)
    (56): ReLU()
    (57): Conv2d(64, 128, kernel_size=(3, 3), stride=(1, 1), padding=(1, 1), bias=False)
    (58): BatchNorm2d(128, eps=1e-05, momentum=0.1, affine=False, track_running_stats=True)
    (59): ReLU()
    (60): MaxPool2d(kernel_size=2, stride=2, padding=0, dilation=1, ceil_mode=False)
    (61): Conv2d(128, 64, kernel_size=(1, 1), stride=(1, 1), bias=False)
    (62): BatchNorm2d(64, eps=1e-05, momentum=0.1, affine=False, track_running_stats=True)
    (63): ReLU()
    (64): Conv2d(64, 128, kernel_size=(3, 3), stride=(1, 1), padding=(1, 1), bias=False)
    (65): BatchNorm2d(128, eps=1e-05, momentum=0.1, affine=False, track_running_stats=True)
    (66): ReLU()
    (67): Conv2d(128, 64, kernel_size=(1, 1), stride=(1, 1), bias=False)
    (68): BatchNorm2d(64, eps=1e-05, momentum=0.1, affine=False, track_running_stats=True)
    (69): ReLU()
    (70): Conv2d(64, 128, kernel_size=(3, 3), stride=(1, 1), padding=(1, 1), bias=False)
    (71): BatchNorm2d(128, eps=1e-05, momentum=0.1, affine=False, track_running_stats=True)
    (72): ReLU()
    (73): Conv2d(128, 128, kernel_size=(3, 3), stride=(1, 1), padding=(1, 1), bias=False)
    (74): BatchNorm2d(128, eps=1e-05, momentum=0.1, affine=False, track_running_stats=True)
    (75): ReLU()
    (76): Conv2d(128, 128, kernel_size=(3, 3), stride=(1, 1), padding=(1, 1), bias=False)
    (77): BatchNorm2d(128, eps=1e-05, momentum=0.1, affine=False, track_running_stats=True)
    (78): ReLU()
    (79): MaxPool2d(kernel_size=2, stride=2, padding=0, dilation=1, ceil_mode=False)
    (80): Conv2d(128, 256, kernel_size=(3, 3), stride=(1, 1), padding=(1, 1), bias=False)
    (81): BatchNorm2d(256, eps=1e-05, momentum=0.1, affine=False, track_running_stats=True)
    (82): ReLU()
    (83): Conv2d(256, 256, kernel_size=(3, 3), stride=(1, 1), padding=(1, 1), bias=False)
    (84): BatchNorm2d(256, eps=1e-05, momentum=0.1, affine=False, track_running_stats=True)
    (85): ReLU()
    (86): Conv2d(256, 64, kernel_size=(1, 1), stride=(1, 1), bias=False)
    (87): BatchNorm2d(64, eps=1e-05, momentum=0.1, affine=False, track_running_stats=True)
    (88): ReLU()
    (89): Conv2d(64, 64, kernel_size=(1, 1), stride=(1, 1), bias=False)
    (90): BatchNorm2d(64, eps=1e-05, momentum=0.1, affine=False, track_running_stats=True)
    (91): ReLU()
    (92): Conv2d(64, 16, kernel_size=(1, 1), stride=(1, 1), bias=False)
    (93): BatchNorm2d(16, eps=1e-05, momentum=0.1, affine=False, track_running_stats=True)
    (94): ReLU()
    (95): Conv2d(16, 12, kernel_size=(1, 1), stride=(1, 1), bias=False)
  )
)

Trainable parameters = 1618176
Total parameters = 1618176

Using YoloLossMSE_2BBox
L1 lambda: 0.001

TRAIN DFIRE dataset
DFire Removed wrong images: 0
DFire Removed due to overlapping: 546
DFire Removed due to more than 3: 1764
TRAIN DFS dataset
DFS Removed wrong images: 0
DFS Removed due to overlapping: 288
DFS Removed due to more than 3: 1231
Concatenate Train DFire and DFS datasets
Train dataset len: 21112

TEST DFire dataset
DFire Removed wrong images: 0
DFire Removed due to overlapping: 118
DFire Removed due to more than 3: 445
TEST DFS dataset
DFS Removed wrong images: 0
DFS Removed due to overlapping: 58
DFS Removed due to more than 3: 277
Concatenate Test DFire and DFS datasets
Test dataset len: 5330
Starting script

Device: cuda
Learning Rate: 0.0005
Weight Decay: 0.0001
Batch Size: 32
IMG DIMS: (448, 448)
W: 448
H: 448
SX: 7
SY: 7
B: 2
C: 2

Confidence Threshold: 0.2
IOU mAP Threshold: 0.5
IOU NMS Threshold: 0.5

Max Train Obj per image: 3
Max Test Obj per image: 3


***Start Training: 11:46:00

Initializing Weights

=== EPOCH 0/114 ===
Learning Rate = 0.0005

TRAIN losses
Total Loss  |Box Loss    |Conf Loss   |No Obj Loss |Class Loss  
------------ ------------ ------------ ------------ ------------
197.229     |32.543      |25.356      |78.219      |8.820       

VAL losses
Total Loss  |Box Loss    |Conf Loss   |No Obj Loss |Class Loss  
------------ ------------ ------------ ------------ ------------
73.558      |26.021      |30.693      |11.862      |4.983       

Saving model with new best validation loss: 73.558

=== EPOCH 1/114 ===
Learning Rate = 0.0005

TRAIN losses
Total Loss  |Box Loss    |Conf Loss   |No Obj Loss |Class Loss  
------------ ------------ ------------ ------------ ------------
102.760     |22.747      |30.936      |8.225       |4.503       

VAL losses
Total Loss  |Box Loss    |Conf Loss   |No Obj Loss |Class Loss  
------------ ------------ ------------ ------------ ------------
62.167      |22.011      |29.079      |7.523       |3.553       

Saving model with new best validation loss: 62.167

=== EPOCH 2/114 ===
Learning Rate = 0.0005

TRAIN losses
Total Loss  |Box Loss    |Conf Loss   |No Obj Loss |Class Loss  
------------ ------------ ------------ ------------ ------------
88.405      |20.367      |30.669      |5.197       |3.610       

VAL losses
Total Loss  |Box Loss    |Conf Loss   |No Obj Loss |Class Loss  
------------ ------------ ------------ ------------ ------------
57.196      |19.531      |30.201      |4.328       |3.136       

Saving model with new best validation loss: 57.196

=== EPOCH 3/114 ===
Learning Rate = 0.0005

TRAIN losses
Total Loss  |Box Loss    |Conf Loss   |No Obj Loss |Class Loss  
------------ ------------ ------------ ------------ ------------
81.597      |18.991      |29.919      |4.678       |3.290       

VAL losses
Total Loss  |Box Loss    |Conf Loss   |No Obj Loss |Class Loss  
------------ ------------ ------------ ------------ ------------
54.528      |18.726      |28.483      |4.701       |2.618       

Saving model with new best validation loss: 54.528

=== EPOCH 4/114 ===
Learning Rate = 0.0005

TRAIN losses
Total Loss  |Box Loss    |Conf Loss   |No Obj Loss |Class Loss  
------------ ------------ ------------ ------------ ------------
77.147      |18.095      |28.998      |4.670       |3.075       

VAL losses
Total Loss  |Box Loss    |Conf Loss   |No Obj Loss |Class Loss  
------------ ------------ ------------ ------------ ------------
53.111      |17.835      |26.894      |5.636       |2.746       

Validation mAP: 0.084

Saving model with new best val mAP: 0.084

Saving model with new best validation loss: 53.111

=== EPOCH 5/114 ===
Learning Rate = 0.0005

TRAIN losses
Total Loss  |Box Loss    |Conf Loss   |No Obj Loss |Class Loss  
------------ ------------ ------------ ------------ ------------
74.337      |17.718      |28.540      |4.604       |2.902       

VAL losses
Total Loss  |Box Loss    |Conf Loss   |No Obj Loss |Class Loss  
------------ ------------ ------------ ------------ ------------
52.437      |17.896      |26.922      |4.912       |2.707       

Saving model with new best validation loss: 52.437

=== EPOCH 6/114 ===
Learning Rate = 0.0005

TRAIN losses
Total Loss  |Box Loss    |Conf Loss   |No Obj Loss |Class Loss  
------------ ------------ ------------ ------------ ------------
72.170      |17.189      |28.206      |4.608       |2.828       

VAL losses
Total Loss  |Box Loss    |Conf Loss   |No Obj Loss |Class Loss  
------------ ------------ ------------ ------------ ------------
51.479      |16.774      |28.072      |3.915       |2.718       

Saving model with new best validation loss: 51.479

=== EPOCH 7/114 ===
Learning Rate = 0.0005

TRAIN losses
Total Loss  |Box Loss    |Conf Loss   |No Obj Loss |Class Loss  
------------ ------------ ------------ ------------ ------------
70.375      |16.702      |27.735      |4.663       |2.725       

VAL losses
Total Loss  |Box Loss    |Conf Loss   |No Obj Loss |Class Loss  
------------ ------------ ------------ ------------ ------------
50.548      |16.761      |27.127      |4.073       |2.587       

Saving model with new best validation loss: 50.548

=== EPOCH 8/114 ===
Learning Rate = 0.0005

TRAIN losses
Total Loss  |Box Loss    |Conf Loss   |No Obj Loss |Class Loss  
------------ ------------ ------------ ------------ ------------
68.834      |16.146      |27.496      |4.689       |2.706       

VAL losses
Total Loss  |Box Loss    |Conf Loss   |No Obj Loss |Class Loss  
------------ ------------ ------------ ------------ ------------
49.505      |16.098      |27.020      |3.945       |2.442       

Saving model with new best validation loss: 49.505

=== EPOCH 9/114 ===
Learning Rate = 0.0005

TRAIN losses
Total Loss  |Box Loss    |Conf Loss   |No Obj Loss |Class Loss  
------------ ------------ ------------ ------------ ------------
67.563      |16.008      |27.076      |4.719       |2.609       

VAL losses
Total Loss  |Box Loss    |Conf Loss   |No Obj Loss |Class Loss  
------------ ------------ ------------ ------------ ------------
48.403      |15.611      |26.826      |3.737       |2.229       

Validation mAP: 0.155

Saving model with new best val mAP: 0.155

Saving model with new best validation loss: 48.403

=== EPOCH 10/114 ===
Learning Rate = 0.0005

TRAIN losses
Total Loss  |Box Loss    |Conf Loss   |No Obj Loss |Class Loss  
------------ ------------ ------------ ------------ ------------
66.617      |15.841      |26.630      |4.833       |2.480       

VAL losses
Total Loss  |Box Loss    |Conf Loss   |No Obj Loss |Class Loss  
------------ ------------ ------------ ------------ ------------
47.856      |15.645      |26.106      |4.017       |2.088       

Saving model with new best validation loss: 47.856

=== EPOCH 11/114 ===
Learning Rate = 0.0005

TRAIN losses
Total Loss  |Box Loss    |Conf Loss   |No Obj Loss |Class Loss  
------------ ------------ ------------ ------------ ------------
65.230      |15.385      |26.033      |5.014       |2.388       

VAL losses
Total Loss  |Box Loss    |Conf Loss   |No Obj Loss |Class Loss  
------------ ------------ ------------ ------------ ------------
47.628      |15.222      |23.033      |7.046       |2.327       

Saving model with new best validation loss: 47.628

=== EPOCH 12/114 ===
Learning Rate = 0.0005

TRAIN losses
Total Loss  |Box Loss    |Conf Loss   |No Obj Loss |Class Loss  
------------ ------------ ------------ ------------ ------------
64.560      |15.099      |25.800      |5.053       |2.395       

VAL losses
Total Loss  |Box Loss    |Conf Loss   |No Obj Loss |Class Loss  
------------ ------------ ------------ ------------ ------------
46.442      |14.850      |24.655      |4.782       |2.155       

Saving model with new best validation loss: 46.442

=== EPOCH 13/114 ===
Learning Rate = 0.0005

TRAIN losses
Total Loss  |Box Loss    |Conf Loss   |No Obj Loss |Class Loss  
------------ ------------ ------------ ------------ ------------
63.747      |14.912      |25.453      |5.167       |2.283       

VAL losses
Total Loss  |Box Loss    |Conf Loss   |No Obj Loss |Class Loss  
------------ ------------ ------------ ------------ ------------
46.947      |15.035      |24.671      |4.844       |2.397       

=== EPOCH 14/114 ===
Learning Rate = 0.0005

TRAIN losses
Total Loss  |Box Loss    |Conf Loss   |No Obj Loss |Class Loss  
------------ ------------ ------------ ------------ ------------
63.142      |14.716      |25.160      |5.219       |2.288       

Train mAP: 0.245

VAL losses
Total Loss  |Box Loss    |Conf Loss   |No Obj Loss |Class Loss  
------------ ------------ ------------ ------------ ------------
46.009      |14.526      |22.539      |6.800       |2.144       

Validation mAP: 0.222

Saving model with new best val mAP: 0.222

Saving model with new best validation loss: 46.009

=== EPOCH 15/114 ===
Learning Rate = 0.0005

TRAIN losses
Total Loss  |Box Loss    |Conf Loss   |No Obj Loss |Class Loss  
------------ ------------ ------------ ------------ ------------
62.220      |14.253      |24.689      |5.347       |2.316       

VAL losses
Total Loss  |Box Loss    |Conf Loss   |No Obj Loss |Class Loss  
------------ ------------ ------------ ------------ ------------
45.221      |14.680      |22.293      |6.147       |2.101       

Saving model with new best validation loss: 45.221

=== EPOCH 16/114 ===
Learning Rate = 0.0005

TRAIN losses
Total Loss  |Box Loss    |Conf Loss   |No Obj Loss |Class Loss  
------------ ------------ ------------ ------------ ------------
61.570      |14.283      |24.291      |5.404       |2.170       

VAL losses
Total Loss  |Box Loss    |Conf Loss   |No Obj Loss |Class Loss  
------------ ------------ ------------ ------------ ------------
44.483      |14.161      |22.958      |5.379       |1.985       

Saving model with new best validation loss: 44.483

=== EPOCH 17/114 ===
Learning Rate = 0.0005

TRAIN losses
Total Loss  |Box Loss    |Conf Loss   |No Obj Loss |Class Loss  
------------ ------------ ------------ ------------ ------------
60.619      |13.857      |23.782      |5.491       |2.139       

VAL losses
Total Loss  |Box Loss    |Conf Loss   |No Obj Loss |Class Loss  
------------ ------------ ------------ ------------ ------------
43.886      |14.068      |22.837      |4.996       |1.985       

Saving model with new best validation loss: 43.886

=== EPOCH 18/114 ===
Learning Rate = 0.0005

TRAIN losses
Total Loss  |Box Loss    |Conf Loss   |No Obj Loss |Class Loss  
------------ ------------ ------------ ------------ ------------
60.526      |13.606      |23.736      |5.495       |2.172       

VAL losses
Total Loss  |Box Loss    |Conf Loss   |No Obj Loss |Class Loss  
------------ ------------ ------------ ------------ ------------
43.253      |13.579      |22.375      |5.251       |2.049       

Saving model with new best validation loss: 43.253

=== EPOCH 19/114 ===
Learning Rate = 0.0005

TRAIN losses
Total Loss  |Box Loss    |Conf Loss   |No Obj Loss |Class Loss  
------------ ------------ ------------ ------------ ------------
59.848      |13.589      |23.407      |5.430       |2.136       

VAL losses
Total Loss  |Box Loss    |Conf Loss   |No Obj Loss |Class Loss  
------------ ------------ ------------ ------------ ------------
42.139      |13.399      |20.943      |5.933       |1.864       

Validation mAP: 0.227

Saving model with new best val mAP: 0.227

Saving model with new best validation loss: 42.139

=== EPOCH 20/114 ===
Learning Rate = 0.0005

TRAIN losses
Total Loss  |Box Loss    |Conf Loss   |No Obj Loss |Class Loss  
------------ ------------ ------------ ------------ ------------
59.219      |13.285      |23.136      |5.553       |2.102       

VAL losses
Total Loss  |Box Loss    |Conf Loss   |No Obj Loss |Class Loss  
------------ ------------ ------------ ------------ ------------
43.806      |14.107      |21.074      |6.545       |2.079       

=== EPOCH 21/114 ===
Learning Rate = 0.0005

TRAIN losses
Total Loss  |Box Loss    |Conf Loss   |No Obj Loss |Class Loss  
------------ ------------ ------------ ------------ ------------
59.117      |13.203      |22.946      |5.653       |2.124       

VAL losses
Total Loss  |Box Loss    |Conf Loss   |No Obj Loss |Class Loss  
------------ ------------ ------------ ------------ ------------
43.257      |13.496      |20.428      |7.170       |2.163       

=== EPOCH 22/114 ===
Learning Rate = 0.0005

TRAIN losses
Total Loss  |Box Loss    |Conf Loss   |No Obj Loss |Class Loss  
------------ ------------ ------------ ------------ ------------
58.646      |13.009      |22.947      |5.592       |2.026       

VAL losses
Total Loss  |Box Loss    |Conf Loss   |No Obj Loss |Class Loss  
------------ ------------ ------------ ------------ ------------
42.245      |13.298      |21.926      |4.897       |2.124       

=== EPOCH 23/114 ===
Learning Rate = 0.0004

TRAIN losses
Total Loss  |Box Loss    |Conf Loss   |No Obj Loss |Class Loss  
------------ ------------ ------------ ------------ ------------
56.781      |12.529      |22.191      |5.595       |1.937       

VAL losses
Total Loss  |Box Loss    |Conf Loss   |No Obj Loss |Class Loss  
------------ ------------ ------------ ------------ ------------
40.688      |12.961      |19.588      |6.315       |1.825       

Saving model with new best validation loss: 40.688

=== EPOCH 24/114 ===
Learning Rate = 0.0004

TRAIN losses
Total Loss  |Box Loss    |Conf Loss   |No Obj Loss |Class Loss  
------------ ------------ ------------ ------------ ------------
56.462      |12.436      |22.004      |5.643       |1.944       

VAL losses
Total Loss  |Box Loss    |Conf Loss   |No Obj Loss |Class Loss  
------------ ------------ ------------ ------------ ------------
40.510      |12.791      |20.962      |4.976       |1.782       

Validation mAP: 0.258

Saving model with new best val mAP: 0.258

Saving model with new best validation loss: 40.510

=== EPOCH 25/114 ===
Learning Rate = 0.0004

TRAIN losses
Total Loss  |Box Loss    |Conf Loss   |No Obj Loss |Class Loss  
------------ ------------ ------------ ------------ ------------
55.795      |12.428      |21.771      |5.624       |1.816       

VAL losses
Total Loss  |Box Loss    |Conf Loss   |No Obj Loss |Class Loss  
------------ ------------ ------------ ------------ ------------
40.790      |12.560      |21.572      |4.659       |2.000       

=== EPOCH 26/114 ===
Learning Rate = 0.0004

TRAIN losses
Total Loss  |Box Loss    |Conf Loss   |No Obj Loss |Class Loss  
------------ ------------ ------------ ------------ ------------
55.614      |12.151      |21.713      |5.695       |1.881       

VAL losses
Total Loss  |Box Loss    |Conf Loss   |No Obj Loss |Class Loss  
------------ ------------ ------------ ------------ ------------
39.699      |12.298      |19.776      |5.857       |1.768       

Saving model with new best validation loss: 39.699

=== EPOCH 27/114 ===
Learning Rate = 0.0004

TRAIN losses
Total Loss  |Box Loss    |Conf Loss   |No Obj Loss |Class Loss  
------------ ------------ ------------ ------------ ------------
55.082      |12.012      |21.395      |5.749       |1.793       

VAL losses
Total Loss  |Box Loss    |Conf Loss   |No Obj Loss |Class Loss  
------------ ------------ ------------ ------------ ------------
39.196      |12.020      |19.500      |5.883       |1.792       

Saving model with new best validation loss: 39.196

=== EPOCH 28/114 ===
Learning Rate = 0.0004

TRAIN losses
Total Loss  |Box Loss    |Conf Loss   |No Obj Loss |Class Loss  
------------ ------------ ------------ ------------ ------------
54.954      |12.026      |21.447      |5.679       |1.830       

VAL losses
Total Loss  |Box Loss    |Conf Loss   |No Obj Loss |Class Loss  
------------ ------------ ------------ ------------ ------------
39.353      |12.221      |19.710      |5.643       |1.778       

=== EPOCH 29/114 ===
Learning Rate = 0.0004

TRAIN losses
Total Loss  |Box Loss    |Conf Loss   |No Obj Loss |Class Loss  
------------ ------------ ------------ ------------ ------------
54.670      |11.877      |21.133      |5.741       |1.863       

Train mAP: 0.278

VAL losses
Total Loss  |Box Loss    |Conf Loss   |No Obj Loss |Class Loss  
------------ ------------ ------------ ------------ ------------
39.239      |12.094      |20.634      |4.750       |1.760       

Validation mAP: 0.275

Saving model with new best val mAP: 0.275

=== EPOCH 30/114 ===
Learning Rate = 0.0004

TRAIN losses
Total Loss  |Box Loss    |Conf Loss   |No Obj Loss |Class Loss  
------------ ------------ ------------ ------------ ------------
54.190      |11.672      |21.113      |5.719       |1.736       

VAL losses
Total Loss  |Box Loss    |Conf Loss   |No Obj Loss |Class Loss  
------------ ------------ ------------ ------------ ------------
40.116      |12.419      |19.574      |6.163       |1.959       

=== EPOCH 31/114 ===
Learning Rate = 0.00032

TRAIN losses
Total Loss  |Box Loss    |Conf Loss   |No Obj Loss |Class Loss  
------------ ------------ ------------ ------------ ------------
52.894      |11.411      |20.551      |5.742       |1.687       

VAL losses
Total Loss  |Box Loss    |Conf Loss   |No Obj Loss |Class Loss  
------------ ------------ ------------ ------------ ------------
38.430      |11.706      |18.454      |6.590       |1.680       

Saving model with new best validation loss: 38.430

=== EPOCH 32/114 ===
Learning Rate = 0.00032

TRAIN losses
Total Loss  |Box Loss    |Conf Loss   |No Obj Loss |Class Loss  
------------ ------------ ------------ ------------ ------------
52.433      |11.243      |20.390      |5.713       |1.660       

VAL losses
Total Loss  |Box Loss    |Conf Loss   |No Obj Loss |Class Loss  
------------ ------------ ------------ ------------ ------------
38.097      |11.854      |18.114      |6.475       |1.654       

Saving model with new best validation loss: 38.097

=== EPOCH 33/114 ===
Learning Rate = 0.00032

TRAIN losses
Total Loss  |Box Loss    |Conf Loss   |No Obj Loss |Class Loss  
------------ ------------ ------------ ------------ ------------
52.038      |11.152      |20.131      |5.703       |1.666       

VAL losses
Total Loss  |Box Loss    |Conf Loss   |No Obj Loss |Class Loss  
------------ ------------ ------------ ------------ ------------
38.175      |11.777      |18.802      |5.942       |1.654       

=== EPOCH 34/114 ===
Learning Rate = 0.00032

TRAIN losses
Total Loss  |Box Loss    |Conf Loss   |No Obj Loss |Class Loss  
------------ ------------ ------------ ------------ ------------
51.879      |11.045      |20.128      |5.791       |1.585       

VAL losses
Total Loss  |Box Loss    |Conf Loss   |No Obj Loss |Class Loss  
------------ ------------ ------------ ------------ ------------
37.817      |11.665      |18.317      |6.204       |1.632       

Validation mAP: 0.351

Saving model with new best val mAP: 0.351

Saving model with new best validation loss: 37.817

=== EPOCH 35/114 ===
Learning Rate = 0.00032

TRAIN losses
Total Loss  |Box Loss    |Conf Loss   |No Obj Loss |Class Loss  
------------ ------------ ------------ ------------ ------------
51.499      |10.914      |19.946      |5.745       |1.641       

VAL losses
Total Loss  |Box Loss    |Conf Loss   |No Obj Loss |Class Loss  
------------ ------------ ------------ ------------ ------------
38.489      |11.766      |19.101      |5.886       |1.737       

=== EPOCH 36/114 ===
Learning Rate = 0.00032

TRAIN losses
Total Loss  |Box Loss    |Conf Loss   |No Obj Loss |Class Loss  
------------ ------------ ------------ ------------ ------------
51.626      |10.924      |20.102      |5.719       |1.636       

VAL losses
Total Loss  |Box Loss    |Conf Loss   |No Obj Loss |Class Loss  
------------ ------------ ------------ ------------ ------------
38.007      |11.700      |18.736      |5.784       |1.787       

=== EPOCH 37/114 ===
Learning Rate = 0.00032

TRAIN losses
Total Loss  |Box Loss    |Conf Loss   |No Obj Loss |Class Loss  
------------ ------------ ------------ ------------ ------------
51.245      |10.863      |19.799      |5.764       |1.586       

VAL losses
Total Loss  |Box Loss    |Conf Loss   |No Obj Loss |Class Loss  
------------ ------------ ------------ ------------ ------------
37.653      |11.507      |18.295      |6.091       |1.760       

Saving model with new best validation loss: 37.653

=== EPOCH 38/114 ===
Learning Rate = 0.00032

TRAIN losses
Total Loss  |Box Loss    |Conf Loss   |No Obj Loss |Class Loss  
------------ ------------ ------------ ------------ ------------
50.849      |10.758      |19.604      |5.719       |1.552       

VAL losses
Total Loss  |Box Loss    |Conf Loss   |No Obj Loss |Class Loss  
------------ ------------ ------------ ------------ ------------
37.316      |11.456      |18.468      |5.730       |1.662       

Saving model with new best validation loss: 37.316

=== EPOCH 39/114 ===
Learning Rate = 0.00032

TRAIN losses
Total Loss  |Box Loss    |Conf Loss   |No Obj Loss |Class Loss  
------------ ------------ ------------ ------------ ------------
50.801      |10.805      |19.662      |5.701       |1.548       

VAL losses
Total Loss  |Box Loss    |Conf Loss   |No Obj Loss |Class Loss  
------------ ------------ ------------ ------------ ------------
37.800      |11.260      |20.217      |4.791       |1.532       

Validation mAP: 0.335

=== EPOCH 40/114 ===
Learning Rate = 0.00032

TRAIN losses
Total Loss  |Box Loss    |Conf Loss   |No Obj Loss |Class Loss  
------------ ------------ ------------ ------------ ------------
50.999      |10.894      |19.697      |5.708       |1.607       

VAL losses
Total Loss  |Box Loss    |Conf Loss   |No Obj Loss |Class Loss  
------------ ------------ ------------ ------------ ------------
37.810      |11.486      |19.689      |4.916       |1.718       

=== EPOCH 41/114 ===
Learning Rate = 0.00032

TRAIN losses
Total Loss  |Box Loss    |Conf Loss   |No Obj Loss |Class Loss  
------------ ------------ ------------ ------------ ------------
50.579      |10.636      |19.497      |5.741       |1.533       

VAL losses
Total Loss  |Box Loss    |Conf Loss   |No Obj Loss |Class Loss  
------------ ------------ ------------ ------------ ------------
36.885      |11.207      |18.683      |5.507       |1.488       

Saving model with new best validation loss: 36.885

=== EPOCH 42/114 ===
Learning Rate = 0.00032

TRAIN losses
Total Loss  |Box Loss    |Conf Loss   |No Obj Loss |Class Loss  
------------ ------------ ------------ ------------ ------------
50.702      |10.844      |19.476      |5.753       |1.571       

VAL losses
Total Loss  |Box Loss    |Conf Loss   |No Obj Loss |Class Loss  
------------ ------------ ------------ ------------ ------------
37.552      |11.388      |20.498      |4.016       |1.650       

=== EPOCH 43/114 ===
Learning Rate = 0.00032

TRAIN losses
Total Loss  |Box Loss    |Conf Loss   |No Obj Loss |Class Loss  
------------ ------------ ------------ ------------ ------------
50.299      |10.552      |19.393      |5.771       |1.502       

VAL losses
Total Loss  |Box Loss    |Conf Loss   |No Obj Loss |Class Loss  
------------ ------------ ------------ ------------ ------------
36.844      |11.165      |18.665      |5.444       |1.570       

Saving model with new best validation loss: 36.844

=== EPOCH 44/114 ===
Learning Rate = 0.00032

TRAIN losses
Total Loss  |Box Loss    |Conf Loss   |No Obj Loss |Class Loss  
------------ ------------ ------------ ------------ ------------
50.188      |10.510      |19.394      |5.718       |1.526       

Train mAP: 0.332

VAL losses
Total Loss  |Box Loss    |Conf Loss   |No Obj Loss |Class Loss  
------------ ------------ ------------ ------------ ------------
37.646      |11.478      |17.345      |7.090       |1.732       

Validation mAP: 0.304

=== EPOCH 45/114 ===
Learning Rate = 0.00025600000000000004

TRAIN losses
Total Loss  |Box Loss    |Conf Loss   |No Obj Loss |Class Loss  
------------ ------------ ------------ ------------ ------------
49.203      |10.348      |19.009      |5.667       |1.465       

VAL losses
Total Loss  |Box Loss    |Conf Loss   |No Obj Loss |Class Loss  
------------ ------------ ------------ ------------ ------------
36.375      |11.123      |18.192      |5.417       |1.643       

Saving model with new best validation loss: 36.375

=== EPOCH 46/114 ===
Learning Rate = 0.00025600000000000004

TRAIN losses
Total Loss  |Box Loss    |Conf Loss   |No Obj Loss |Class Loss  
------------ ------------ ------------ ------------ ------------
48.636      |10.145      |18.665      |5.704       |1.448       

VAL losses
Total Loss  |Box Loss    |Conf Loss   |No Obj Loss |Class Loss  
------------ ------------ ------------ ------------ ------------
36.465      |10.932      |18.599      |5.175       |1.758       

=== EPOCH 47/114 ===
Learning Rate = 0.00025600000000000004

TRAIN losses
Total Loss  |Box Loss    |Conf Loss   |No Obj Loss |Class Loss  
------------ ------------ ------------ ------------ ------------
48.590      |10.199      |18.720      |5.698       |1.370       

VAL losses
Total Loss  |Box Loss    |Conf Loss   |No Obj Loss |Class Loss  
------------ ------------ ------------ ------------ ------------
36.237      |10.937      |18.199      |5.552       |1.549       

Saving model with new best validation loss: 36.237

=== EPOCH 48/114 ===
Learning Rate = 0.00025600000000000004

TRAIN losses
Total Loss  |Box Loss    |Conf Loss   |No Obj Loss |Class Loss  
------------ ------------ ------------ ------------ ------------
48.379      |10.087      |18.699      |5.628       |1.400       

VAL losses
Total Loss  |Box Loss    |Conf Loss   |No Obj Loss |Class Loss  
------------ ------------ ------------ ------------ ------------
36.677      |11.054      |17.433      |6.626       |1.564       

=== EPOCH 49/114 ===
Learning Rate = 0.00025600000000000004

TRAIN losses
Total Loss  |Box Loss    |Conf Loss   |No Obj Loss |Class Loss  
------------ ------------ ------------ ------------ ------------
48.141      |9.979       |18.615      |5.619       |1.399       

VAL losses
Total Loss  |Box Loss    |Conf Loss   |No Obj Loss |Class Loss  
------------ ------------ ------------ ------------ ------------
36.300      |11.090      |17.925      |5.804       |1.481       

Validation mAP: 0.332

=== EPOCH 50/114 ===
Learning Rate = 0.00025600000000000004

TRAIN losses
Total Loss  |Box Loss    |Conf Loss   |No Obj Loss |Class Loss  
------------ ------------ ------------ ------------ ------------
48.125      |10.137      |18.442      |5.670       |1.399       

VAL losses
Total Loss  |Box Loss    |Conf Loss   |No Obj Loss |Class Loss  
------------ ------------ ------------ ------------ ------------
35.800      |10.969      |17.764      |5.581       |1.486       

Saving model with new best validation loss: 35.800

=== EPOCH 51/114 ===
Learning Rate = 0.00025600000000000004

TRAIN losses
Total Loss  |Box Loss    |Conf Loss   |No Obj Loss |Class Loss  
------------ ------------ ------------ ------------ ------------
47.575      |9.910       |18.298      |5.641       |1.266       

VAL losses
Total Loss  |Box Loss    |Conf Loss   |No Obj Loss |Class Loss  
------------ ------------ ------------ ------------ ------------
35.780      |10.841      |17.267      |6.211       |1.462       

Saving model with new best validation loss: 35.780

=== EPOCH 52/114 ===
Learning Rate = 0.00025600000000000004

TRAIN losses
Total Loss  |Box Loss    |Conf Loss   |No Obj Loss |Class Loss  
------------ ------------ ------------ ------------ ------------
47.859      |9.960       |18.371      |5.692       |1.376       

VAL losses
Total Loss  |Box Loss    |Conf Loss   |No Obj Loss |Class Loss  
------------ ------------ ------------ ------------ ------------
35.814      |10.841      |17.826      |5.628       |1.519       

=== EPOCH 53/114 ===
Learning Rate = 0.00025600000000000004

TRAIN losses
Total Loss  |Box Loss    |Conf Loss   |No Obj Loss |Class Loss  
------------ ------------ ------------ ------------ ------------
47.677      |9.947       |18.239      |5.722       |1.334       

VAL losses
Total Loss  |Box Loss    |Conf Loss   |No Obj Loss |Class Loss  
------------ ------------ ------------ ------------ ------------
36.946      |11.288      |18.033      |6.017       |1.609       

=== EPOCH 54/114 ===
Learning Rate = 0.00020480000000000004

TRAIN losses
Total Loss  |Box Loss    |Conf Loss   |No Obj Loss |Class Loss  
------------ ------------ ------------ ------------ ------------
46.655      |9.599       |17.990      |5.649       |1.290       

VAL losses
Total Loss  |Box Loss    |Conf Loss   |No Obj Loss |Class Loss  
------------ ------------ ------------ ------------ ------------
35.507      |10.746      |17.628      |5.657       |1.477       

Validation mAP: 0.344

Saving model with new best validation loss: 35.507

=== EPOCH 55/114 ===
Learning Rate = 0.00020480000000000004

TRAIN losses
Total Loss  |Box Loss    |Conf Loss   |No Obj Loss |Class Loss  
------------ ------------ ------------ ------------ ------------
46.453      |9.498       |17.902      |5.577       |1.264       

VAL losses
Total Loss  |Box Loss    |Conf Loss   |No Obj Loss |Class Loss  
------------ ------------ ------------ ------------ ------------
35.418      |10.727      |16.964      |6.229       |1.498       

Saving model with new best validation loss: 35.418

=== EPOCH 56/114 ===
Learning Rate = 0.00020480000000000004

TRAIN losses
Total Loss  |Box Loss    |Conf Loss   |No Obj Loss |Class Loss  
------------ ------------ ------------ ------------ ------------
46.245      |9.482       |17.849      |5.612       |1.258       

VAL losses
Total Loss  |Box Loss    |Conf Loss   |No Obj Loss |Class Loss  
------------ ------------ ------------ ------------ ------------
35.011      |10.383      |16.875      |6.347       |1.407       

Saving model with new best validation loss: 35.011

=== EPOCH 57/114 ===
Learning Rate = 0.00020480000000000004

TRAIN losses
Total Loss  |Box Loss    |Conf Loss   |No Obj Loss |Class Loss  
------------ ------------ ------------ ------------ ------------
46.181      |9.417       |17.843      |5.617       |1.305       

VAL losses
Total Loss  |Box Loss    |Conf Loss   |No Obj Loss |Class Loss  
------------ ------------ ------------ ------------ ------------
34.831      |10.502      |17.346      |5.608       |1.375       

Saving model with new best validation loss: 34.831

=== EPOCH 58/114 ===
Learning Rate = 0.00020480000000000004

TRAIN losses
Total Loss  |Box Loss    |Conf Loss   |No Obj Loss |Class Loss  
------------ ------------ ------------ ------------ ------------
45.946      |9.471       |17.657      |5.583       |1.214       

VAL losses
Total Loss  |Box Loss    |Conf Loss   |No Obj Loss |Class Loss  
------------ ------------ ------------ ------------ ------------
35.712      |10.830      |16.679      |6.732       |1.470       

=== EPOCH 59/114 ===
Learning Rate = 0.00020480000000000004

TRAIN losses
Total Loss  |Box Loss    |Conf Loss   |No Obj Loss |Class Loss  
------------ ------------ ------------ ------------ ------------
45.888      |9.433       |17.619      |5.603       |1.252       

Train mAP: 0.392

VAL losses
Total Loss  |Box Loss    |Conf Loss   |No Obj Loss |Class Loss  
------------ ------------ ------------ ------------ ------------
35.298      |10.807      |16.946      |6.056       |1.489       

Validation mAP: 0.350

=== EPOCH 60/114 ===
Learning Rate = 0.00020480000000000004

TRAIN losses
Total Loss  |Box Loss    |Conf Loss   |No Obj Loss |Class Loss  
------------ ------------ ------------ ------------ ------------
45.767      |9.438       |17.533      |5.602       |1.228       

VAL losses
Total Loss  |Box Loss    |Conf Loss   |No Obj Loss |Class Loss  
------------ ------------ ------------ ------------ ------------
35.319      |10.624      |17.721      |5.521       |1.454       

=== EPOCH 61/114 ===
Learning Rate = 0.00016384000000000006

TRAIN losses
Total Loss  |Box Loss    |Conf Loss   |No Obj Loss |Class Loss  
------------ ------------ ------------ ------------ ------------
45.080      |9.269       |17.325      |5.562       |1.179       

VAL losses
Total Loss  |Box Loss    |Conf Loss   |No Obj Loss |Class Loss  
------------ ------------ ------------ ------------ ------------
35.048      |10.597      |16.816      |6.035       |1.599       

=== EPOCH 62/114 ===
Learning Rate = 0.00016384000000000006

TRAIN losses
Total Loss  |Box Loss    |Conf Loss   |No Obj Loss |Class Loss  
------------ ------------ ------------ ------------ ------------
44.584      |9.025       |17.189      |5.462       |1.240       

VAL losses
Total Loss  |Box Loss    |Conf Loss   |No Obj Loss |Class Loss  
------------ ------------ ------------ ------------ ------------
34.778      |10.389      |17.322      |5.640       |1.426       

Saving model with new best validation loss: 34.778

=== EPOCH 63/114 ===
Learning Rate = 0.00016384000000000006

TRAIN losses
Total Loss  |Box Loss    |Conf Loss   |No Obj Loss |Class Loss  
------------ ------------ ------------ ------------ ------------
44.479      |9.178       |17.058      |5.427       |1.187       

VAL losses
Total Loss  |Box Loss    |Conf Loss   |No Obj Loss |Class Loss  
------------ ------------ ------------ ------------ ------------
34.668      |10.462      |16.496      |6.296       |1.413       

Saving model with new best validation loss: 34.668

=== EPOCH 64/114 ===
Learning Rate = 0.00016384000000000006

TRAIN losses
Total Loss  |Box Loss    |Conf Loss   |No Obj Loss |Class Loss  
------------ ------------ ------------ ------------ ------------
44.451      |9.148       |17.044      |5.514       |1.171       

VAL losses
Total Loss  |Box Loss    |Conf Loss   |No Obj Loss |Class Loss  
------------ ------------ ------------ ------------ ------------
34.432      |10.349      |17.367      |5.390       |1.326       

Validation mAP: 0.361

Saving model with new best val mAP: 0.361

Saving model with new best validation loss: 34.432

=== EPOCH 65/114 ===
Learning Rate = 0.00016384000000000006

TRAIN losses
Total Loss  |Box Loss    |Conf Loss   |No Obj Loss |Class Loss  
------------ ------------ ------------ ------------ ------------
44.267      |9.045       |17.072      |5.471       |1.143       

VAL losses
Total Loss  |Box Loss    |Conf Loss   |No Obj Loss |Class Loss  
------------ ------------ ------------ ------------ ------------
34.290      |10.303      |17.016      |5.619       |1.351       

Saving model with new best validation loss: 34.290

=== EPOCH 66/114 ===
Learning Rate = 0.00016384000000000006

TRAIN losses
Total Loss  |Box Loss    |Conf Loss   |No Obj Loss |Class Loss  
------------ ------------ ------------ ------------ ------------
44.248      |8.864       |17.157      |5.519       |1.173       

VAL losses
Total Loss  |Box Loss    |Conf Loss   |No Obj Loss |Class Loss  
------------ ------------ ------------ ------------ ------------
33.947      |10.165      |16.450      |6.044       |1.289       

Saving model with new best validation loss: 33.947

=== EPOCH 67/114 ===
Learning Rate = 0.00016384000000000006

TRAIN losses
Total Loss  |Box Loss    |Conf Loss   |No Obj Loss |Class Loss  
------------ ------------ ------------ ------------ ------------
44.002      |8.936       |16.787      |5.557       |1.161       

VAL losses
Total Loss  |Box Loss    |Conf Loss   |No Obj Loss |Class Loss  
------------ ------------ ------------ ------------ ------------
34.243      |10.126      |17.511      |5.157       |1.448       

=== EPOCH 68/114 ===
Learning Rate = 0.00016384000000000006

TRAIN losses
Total Loss  |Box Loss    |Conf Loss   |No Obj Loss |Class Loss  
------------ ------------ ------------ ------------ ------------
44.016      |9.016       |16.937      |5.392       |1.160       

VAL losses
Total Loss  |Box Loss    |Conf Loss   |No Obj Loss |Class Loss  
------------ ------------ ------------ ------------ ------------
34.829      |10.558      |16.631      |6.153       |1.488       

=== EPOCH 69/114 ===
Learning Rate = 0.00016384000000000006

TRAIN losses
Total Loss  |Box Loss    |Conf Loss   |No Obj Loss |Class Loss  
------------ ------------ ------------ ------------ ------------
43.844      |8.806       |16.943      |5.469       |1.121       

VAL losses
Total Loss  |Box Loss    |Conf Loss   |No Obj Loss |Class Loss  
------------ ------------ ------------ ------------ ------------
34.073      |10.225      |16.588      |5.899       |1.360       

Validation mAP: 0.407

Saving model with new best val mAP: 0.407

=== EPOCH 70/114 ===
Learning Rate = 0.00013107200000000006

TRAIN losses
Total Loss  |Box Loss    |Conf Loss   |No Obj Loss |Class Loss  
------------ ------------ ------------ ------------ ------------
42.840      |8.643       |16.494      |5.392       |1.017       

VAL losses
Total Loss  |Box Loss    |Conf Loss   |No Obj Loss |Class Loss  
------------ ------------ ------------ ------------ ------------
33.933      |10.278      |16.917      |5.347       |1.391       

Saving model with new best validation loss: 33.933

=== EPOCH 71/114 ===
Learning Rate = 0.00013107200000000006

TRAIN losses
Total Loss  |Box Loss    |Conf Loss   |No Obj Loss |Class Loss  
------------ ------------ ------------ ------------ ------------
42.592      |8.608       |16.215      |5.414       |1.078       

VAL losses
Total Loss  |Box Loss    |Conf Loss   |No Obj Loss |Class Loss  
------------ ------------ ------------ ------------ ------------
34.161      |10.169      |16.528      |6.007       |1.458       

=== EPOCH 72/114 ===
Learning Rate = 0.00013107200000000006

TRAIN losses
Total Loss  |Box Loss    |Conf Loss   |No Obj Loss |Class Loss  
------------ ------------ ------------ ------------ ------------
42.689      |8.566       |16.427      |5.392       |1.083       

VAL losses
Total Loss  |Box Loss    |Conf Loss   |No Obj Loss |Class Loss  
------------ ------------ ------------ ------------ ------------
34.043      |10.338      |16.472      |5.793       |1.440       

=== EPOCH 73/114 ===
Learning Rate = 0.00010485760000000006

TRAIN losses
Total Loss  |Box Loss    |Conf Loss   |No Obj Loss |Class Loss  
------------ ------------ ------------ ------------ ------------
41.966      |8.478       |16.025      |5.414       |1.015       

VAL losses
Total Loss  |Box Loss    |Conf Loss   |No Obj Loss |Class Loss  
------------ ------------ ------------ ------------ ------------
33.806      |10.053      |16.851      |5.474       |1.428       

Saving model with new best validation loss: 33.806

=== EPOCH 74/114 ===
Learning Rate = 0.00010485760000000006

TRAIN losses
Total Loss  |Box Loss    |Conf Loss   |No Obj Loss |Class Loss  
------------ ------------ ------------ ------------ ------------
41.539      |8.304       |15.816      |5.382       |1.050       

Train mAP: 0.471

VAL losses
Total Loss  |Box Loss    |Conf Loss   |No Obj Loss |Class Loss  
------------ ------------ ------------ ------------ ------------
33.646      |10.023      |16.683      |5.515       |1.425       

Validation mAP: 0.404

Saving model with new best validation loss: 33.646

=== EPOCH 75/114 ===
Learning Rate = 0.00010485760000000006

TRAIN losses
Total Loss  |Box Loss    |Conf Loss   |No Obj Loss |Class Loss  
------------ ------------ ------------ ------------ ------------
41.727      |8.331       |16.050      |5.313       |1.042       

VAL losses
Total Loss  |Box Loss    |Conf Loss   |No Obj Loss |Class Loss  
------------ ------------ ------------ ------------ ------------
33.520      |10.045      |16.280      |5.798       |1.397       

Saving model with new best validation loss: 33.520

=== EPOCH 76/114 ===
Learning Rate = 0.00010485760000000006

TRAIN losses
Total Loss  |Box Loss    |Conf Loss   |No Obj Loss |Class Loss  
------------ ------------ ------------ ------------ ------------
41.480      |8.201       |15.883      |5.380       |1.046       

VAL losses
Total Loss  |Box Loss    |Conf Loss   |No Obj Loss |Class Loss  
------------ ------------ ------------ ------------ ------------
33.674      |10.120      |16.851      |5.347       |1.356       

=== EPOCH 77/114 ===
Learning Rate = 0.00010485760000000006

TRAIN losses
Total Loss  |Box Loss    |Conf Loss   |No Obj Loss |Class Loss  
------------ ------------ ------------ ------------ ------------
41.196      |8.295       |15.737      |5.236       |0.985       

VAL losses
Total Loss  |Box Loss    |Conf Loss   |No Obj Loss |Class Loss  
------------ ------------ ------------ ------------ ------------
33.735      |9.992       |16.334      |6.070       |1.340       

=== EPOCH 78/114 ===
Learning Rate = 0.00010485760000000006

TRAIN losses
Total Loss  |Box Loss    |Conf Loss   |No Obj Loss |Class Loss  
------------ ------------ ------------ ------------ ------------
41.267      |8.296       |15.792      |5.288       |0.994       

VAL losses
Total Loss  |Box Loss    |Conf Loss   |No Obj Loss |Class Loss  
------------ ------------ ------------ ------------ ------------
33.560      |9.969       |16.395      |5.823       |1.372       

=== EPOCH 79/114 ===
Learning Rate = 8.388608000000005e-05

TRAIN losses
Total Loss  |Box Loss    |Conf Loss   |No Obj Loss |Class Loss  
------------ ------------ ------------ ------------ ------------
40.646      |8.098       |15.564      |5.215       |1.008       

VAL losses
Total Loss  |Box Loss    |Conf Loss   |No Obj Loss |Class Loss  
------------ ------------ ------------ ------------ ------------
33.310      |9.920       |16.791      |5.280       |1.319       

Validation mAP: 0.409

Saving model with new best val mAP: 0.409

Saving model with new best validation loss: 33.310

=== EPOCH 80/114 ===
Learning Rate = 8.388608000000005e-05

TRAIN losses
Total Loss  |Box Loss    |Conf Loss   |No Obj Loss |Class Loss  
------------ ------------ ------------ ------------ ------------
40.399      |8.009       |15.487      |5.211       |0.965       

VAL losses
Total Loss  |Box Loss    |Conf Loss   |No Obj Loss |Class Loss  
------------ ------------ ------------ ------------ ------------
33.498      |9.973       |16.288      |5.858       |1.380       

=== EPOCH 81/114 ===
Learning Rate = 8.388608000000005e-05

TRAIN losses
Total Loss  |Box Loss    |Conf Loss   |No Obj Loss |Class Loss  
------------ ------------ ------------ ------------ ------------
40.692      |8.144       |15.531      |5.245       |1.032       

VAL losses
Total Loss  |Box Loss    |Conf Loss   |No Obj Loss |Class Loss  
------------ ------------ ------------ ------------ ------------
33.138      |9.893       |16.008      |5.925       |1.312       

Saving model with new best validation loss: 33.138

=== EPOCH 82/114 ===
Learning Rate = 8.388608000000005e-05

TRAIN losses
Total Loss  |Box Loss    |Conf Loss   |No Obj Loss |Class Loss  
------------ ------------ ------------ ------------ ------------
40.397      |8.057       |15.497      |5.140       |1.016       

VAL losses
Total Loss  |Box Loss    |Conf Loss   |No Obj Loss |Class Loss  
------------ ------------ ------------ ------------ ------------
33.399      |9.968       |16.927      |5.156       |1.348       

=== EPOCH 83/114 ===
Learning Rate = 8.388608000000005e-05

TRAIN losses
Total Loss  |Box Loss    |Conf Loss   |No Obj Loss |Class Loss  
------------ ------------ ------------ ------------ ------------
40.360      |8.038       |15.433      |5.228       |0.962       

VAL losses
Total Loss  |Box Loss    |Conf Loss   |No Obj Loss |Class Loss  
------------ ------------ ------------ ------------ ------------
32.995      |9.746       |16.085      |5.821       |1.343       

Saving model with new best validation loss: 32.995

=== EPOCH 84/114 ===
Learning Rate = 8.388608000000005e-05

TRAIN losses
Total Loss  |Box Loss    |Conf Loss   |No Obj Loss |Class Loss  
------------ ------------ ------------ ------------ ------------
40.139      |8.012       |15.220      |5.208       |1.017       

VAL losses
Total Loss  |Box Loss    |Conf Loss   |No Obj Loss |Class Loss  
------------ ------------ ------------ ------------ ------------
33.298      |9.956       |15.902      |6.185       |1.255       

Validation mAP: 0.409

=== EPOCH 85/114 ===
Learning Rate = 8.388608000000005e-05

TRAIN losses
Total Loss  |Box Loss    |Conf Loss   |No Obj Loss |Class Loss  
------------ ------------ ------------ ------------ ------------
40.141      |8.012       |15.208      |5.296       |0.988       

VAL losses
Total Loss  |Box Loss    |Conf Loss   |No Obj Loss |Class Loss  
------------ ------------ ------------ ------------ ------------
33.725      |10.200      |16.191      |5.908       |1.426       

=== EPOCH 86/114 ===
Learning Rate = 8.388608000000005e-05

TRAIN losses
Total Loss  |Box Loss    |Conf Loss   |No Obj Loss |Class Loss  
------------ ------------ ------------ ------------ ------------
39.601      |7.835       |15.092      |5.130       |0.949       

VAL losses
Total Loss  |Box Loss    |Conf Loss   |No Obj Loss |Class Loss  
------------ ------------ ------------ ------------ ------------
33.715      |10.047      |16.592      |5.626       |1.450       

=== EPOCH 87/114 ===
Learning Rate = 6.710886400000004e-05

TRAIN losses
Total Loss  |Box Loss    |Conf Loss   |No Obj Loss |Class Loss  
------------ ------------ ------------ ------------ ------------
39.255      |7.785       |14.939      |5.108       |0.906       

VAL losses
Total Loss  |Box Loss    |Conf Loss   |No Obj Loss |Class Loss  
------------ ------------ ------------ ------------ ------------
33.461      |9.961       |15.706      |6.455       |1.340       

=== EPOCH 88/114 ===
Learning Rate = 6.710886400000004e-05

TRAIN losses
Total Loss  |Box Loss    |Conf Loss   |No Obj Loss |Class Loss  
------------ ------------ ------------ ------------ ------------
39.297      |7.849       |14.972      |5.053       |0.960       

VAL losses
Total Loss  |Box Loss    |Conf Loss   |No Obj Loss |Class Loss  
------------ ------------ ------------ ------------ ------------
33.297      |9.812       |16.015      |6.107       |1.362       

=== EPOCH 89/114 ===
Learning Rate = 6.710886400000004e-05

TRAIN losses
Total Loss  |Box Loss    |Conf Loss   |No Obj Loss |Class Loss  
------------ ------------ ------------ ------------ ------------
39.157      |7.780       |14.925      |5.044       |0.929       

Train mAP: 0.497

VAL losses
Total Loss  |Box Loss    |Conf Loss   |No Obj Loss |Class Loss  
------------ ------------ ------------ ------------ ------------
33.485      |9.981       |16.557      |5.625       |1.323       

Validation mAP: 0.419

Saving model with new best val mAP: 0.419

=== EPOCH 90/114 ===
Learning Rate = 5.3687091200000036e-05

TRAIN losses
Total Loss  |Box Loss    |Conf Loss   |No Obj Loss |Class Loss  
------------ ------------ ------------ ------------ ------------
38.873      |7.675       |14.852      |5.094       |0.861       

VAL losses
Total Loss  |Box Loss    |Conf Loss   |No Obj Loss |Class Loss  
------------ ------------ ------------ ------------ ------------
33.051      |9.831       |16.103      |5.847       |1.270       

=== EPOCH 91/114 ===
Learning Rate = 5.3687091200000036e-05

TRAIN losses
Total Loss  |Box Loss    |Conf Loss   |No Obj Loss |Class Loss  
------------ ------------ ------------ ------------ ------------
38.300      |7.525       |14.563      |5.033       |0.852       

VAL losses
Total Loss  |Box Loss    |Conf Loss   |No Obj Loss |Class Loss  
------------ ------------ ------------ ------------ ------------
33.131      |9.869       |15.868      |6.047       |1.346       

=== EPOCH 92/114 ===
Learning Rate = 5.3687091200000036e-05

TRAIN losses
Total Loss  |Box Loss    |Conf Loss   |No Obj Loss |Class Loss  
------------ ------------ ------------ ------------ ------------
38.493      |7.658       |14.616      |4.990       |0.879       

VAL losses
Total Loss  |Box Loss    |Conf Loss   |No Obj Loss |Class Loss  
------------ ------------ ------------ ------------ ------------
33.081      |9.782       |15.881      |6.116       |1.301       

=== EPOCH 93/114 ===
Learning Rate = 4.2949672960000034e-05

TRAIN losses
Total Loss  |Box Loss    |Conf Loss   |No Obj Loss |Class Loss  
------------ ------------ ------------ ------------ ------------
38.055      |7.526       |14.446      |4.966       |0.875       

VAL losses
Total Loss  |Box Loss    |Conf Loss   |No Obj Loss |Class Loss  
------------ ------------ ------------ ------------ ------------
32.979      |9.796       |16.305      |5.531       |1.346       

Saving model with new best validation loss: 32.979

=== EPOCH 94/114 ===
Learning Rate = 4.2949672960000034e-05

TRAIN losses
Total Loss  |Box Loss    |Conf Loss   |No Obj Loss |Class Loss  
------------ ------------ ------------ ------------ ------------
37.981      |7.566       |14.428      |4.924       |0.853       

VAL losses
Total Loss  |Box Loss    |Conf Loss   |No Obj Loss |Class Loss  
------------ ------------ ------------ ------------ ------------
33.128      |9.803       |16.261      |5.711       |1.354       

Validation mAP: 0.416

=== EPOCH 95/114 ===
Learning Rate = 4.2949672960000034e-05

TRAIN losses
Total Loss  |Box Loss    |Conf Loss   |No Obj Loss |Class Loss  
------------ ------------ ------------ ------------ ------------
37.922      |7.410       |14.388      |5.018       |0.906       

VAL losses
Total Loss  |Box Loss    |Conf Loss   |No Obj Loss |Class Loss  
------------ ------------ ------------ ------------ ------------
33.097      |9.782       |16.359      |5.588       |1.368       

=== EPOCH 96/114 ===
Learning Rate = 3.435973836800003e-05

TRAIN losses
Total Loss  |Box Loss    |Conf Loss   |No Obj Loss |Class Loss  
------------ ------------ ------------ ------------ ------------
37.642      |7.348       |14.253      |5.028       |0.866       

VAL losses
Total Loss  |Box Loss    |Conf Loss   |No Obj Loss |Class Loss  
------------ ------------ ------------ ------------ ------------
32.924      |9.808       |16.206      |5.555       |1.354       

Saving model with new best validation loss: 32.924

=== EPOCH 97/114 ===
Learning Rate = 3.435973836800003e-05

TRAIN losses
Total Loss  |Box Loss    |Conf Loss   |No Obj Loss |Class Loss  
------------ ------------ ------------ ------------ ------------
37.656      |7.511       |14.285      |4.891       |0.860       

VAL losses
Total Loss  |Box Loss    |Conf Loss   |No Obj Loss |Class Loss  
------------ ------------ ------------ ------------ ------------
32.985      |9.833       |15.889      |5.942       |1.321       

=== EPOCH 98/114 ===
Learning Rate = 3.435973836800003e-05

TRAIN losses
Total Loss  |Box Loss    |Conf Loss   |No Obj Loss |Class Loss  
------------ ------------ ------------ ------------ ------------
37.327      |7.435       |14.130      |4.852       |0.819       

VAL losses
Total Loss  |Box Loss    |Conf Loss   |No Obj Loss |Class Loss  
------------ ------------ ------------ ------------ ------------
32.610      |9.646       |16.227      |5.430       |1.308       

Saving model with new best validation loss: 32.610

=== EPOCH 99/114 ===
Learning Rate = 3.435973836800003e-05

TRAIN losses
Total Loss  |Box Loss    |Conf Loss   |No Obj Loss |Class Loss  
------------ ------------ ------------ ------------ ------------
37.530      |7.334       |14.265      |4.989       |0.881       

VAL losses
Total Loss  |Box Loss    |Conf Loss   |No Obj Loss |Class Loss  
------------ ------------ ------------ ------------ ------------
32.965      |9.819       |16.313      |5.538       |1.295       

Validation mAP: 0.422

Saving model with new best val mAP: 0.422

=== EPOCH 100/114 ===
Learning Rate = 3.435973836800003e-05

TRAIN losses
Total Loss  |Box Loss    |Conf Loss   |No Obj Loss |Class Loss  
------------ ------------ ------------ ------------ ------------
37.665      |7.556       |14.263      |4.906       |0.879       

VAL losses
Total Loss  |Box Loss    |Conf Loss   |No Obj Loss |Class Loss  
------------ ------------ ------------ ------------ ------------
32.792      |9.798       |16.301      |5.378       |1.314       

=== EPOCH 101/114 ===
Learning Rate = 3.435973836800003e-05

TRAIN losses
Total Loss  |Box Loss    |Conf Loss   |No Obj Loss |Class Loss  
------------ ------------ ------------ ------------ ------------
37.347      |7.361       |14.075      |4.961       |0.892       

VAL losses
Total Loss  |Box Loss    |Conf Loss   |No Obj Loss |Class Loss  
------------ ------------ ------------ ------------ ------------
33.017      |9.792       |16.118      |5.753       |1.353       

=== EPOCH 102/114 ===
Learning Rate = 2.7487790694400027e-05

TRAIN losses
Total Loss  |Box Loss    |Conf Loss   |No Obj Loss |Class Loss  
------------ ------------ ------------ ------------ ------------
37.036      |7.288       |14.051      |4.861       |0.837       

VAL losses
Total Loss  |Box Loss    |Conf Loss   |No Obj Loss |Class Loss  
------------ ------------ ------------ ------------ ------------
32.926      |9.705       |16.426      |5.416       |1.378       

=== EPOCH 103/114 ===
Learning Rate = 2.7487790694400027e-05

TRAIN losses
Total Loss  |Box Loss    |Conf Loss   |No Obj Loss |Class Loss  
------------ ------------ ------------ ------------ ------------
36.719      |7.252       |13.854      |4.823       |0.825       

VAL losses
Total Loss  |Box Loss    |Conf Loss   |No Obj Loss |Class Loss  
------------ ------------ ------------ ------------ ------------
32.807      |9.634       |15.963      |5.889       |1.320       

=== EPOCH 104/114 ===
Learning Rate = 2.7487790694400027e-05

TRAIN losses
Total Loss  |Box Loss    |Conf Loss   |No Obj Loss |Class Loss  
------------ ------------ ------------ ------------ ------------
36.952      |7.243       |14.062      |4.846       |0.822       

Train mAP: 0.512

VAL losses
Total Loss  |Box Loss    |Conf Loss   |No Obj Loss |Class Loss  
------------ ------------ ------------ ------------ ------------
32.919      |9.702       |16.419      |5.453       |1.345       

Validation mAP: 0.415

=== EPOCH 105/114 ===
Learning Rate = 2.1990232555520022e-05

TRAIN losses
Total Loss  |Box Loss    |Conf Loss   |No Obj Loss |Class Loss  
------------ ------------ ------------ ------------ ------------
36.611      |7.240       |13.897      |4.740       |0.804       

VAL losses
Total Loss  |Box Loss    |Conf Loss   |No Obj Loss |Class Loss  
------------ ------------ ------------ ------------ ------------
32.898      |9.754       |16.069      |5.778       |1.297       

=== EPOCH 106/114 ===
Learning Rate = 2.1990232555520022e-05

TRAIN losses
Total Loss  |Box Loss    |Conf Loss   |No Obj Loss |Class Loss  
------------ ------------ ------------ ------------ ------------
36.544      |7.156       |13.848      |4.814       |0.823       

VAL losses
Total Loss  |Box Loss    |Conf Loss   |No Obj Loss |Class Loss  
------------ ------------ ------------ ------------ ------------
32.771      |9.658       |16.067      |5.696       |1.350       

=== EPOCH 107/114 ===
Learning Rate = 2.1990232555520022e-05

TRAIN losses
Total Loss  |Box Loss    |Conf Loss   |No Obj Loss |Class Loss  
------------ ------------ ------------ ------------ ------------
36.706      |7.376       |13.850      |4.771       |0.814       

VAL losses
Total Loss  |Box Loss    |Conf Loss   |No Obj Loss |Class Loss  
------------ ------------ ------------ ------------ ------------
32.677      |9.586       |15.796      |5.969       |1.326       

=== EPOCH 108/114 ===
Learning Rate = 1.7592186044416018e-05

TRAIN losses
Total Loss  |Box Loss    |Conf Loss   |No Obj Loss |Class Loss  
------------ ------------ ------------ ------------ ------------
36.323      |7.143       |13.788      |4.759       |0.766       

VAL losses
Total Loss  |Box Loss    |Conf Loss   |No Obj Loss |Class Loss  
------------ ------------ ------------ ------------ ------------
32.690      |9.653       |15.912      |5.810       |1.315       

=== EPOCH 109/114 ===
Learning Rate = 1.7592186044416018e-05

TRAIN losses
Total Loss  |Box Loss    |Conf Loss   |No Obj Loss |Class Loss  
------------ ------------ ------------ ------------ ------------
36.502      |7.157       |13.888      |4.804       |0.806       

VAL losses
Total Loss  |Box Loss    |Conf Loss   |No Obj Loss |Class Loss  
------------ ------------ ------------ ------------ ------------
32.834      |9.705       |16.065      |5.752       |1.312       

Validation mAP: 0.438

Saving model with new best val mAP: 0.438

=== EPOCH 110/114 ===
Learning Rate = 1.7592186044416018e-05

TRAIN losses
Total Loss  |Box Loss    |Conf Loss   |No Obj Loss |Class Loss  
------------ ------------ ------------ ------------ ------------
36.193      |7.175       |13.574      |4.778       |0.834       

VAL losses
Total Loss  |Box Loss    |Conf Loss   |No Obj Loss |Class Loss  
------------ ------------ ------------ ------------ ------------
32.732      |9.727       |16.177      |5.550       |1.278       

=== EPOCH 111/114 ===
Learning Rate = 1.4073748835532815e-05

TRAIN losses
Total Loss  |Box Loss    |Conf Loss   |No Obj Loss |Class Loss  
------------ ------------ ------------ ------------ ------------
35.997      |7.053       |13.636      |4.652       |0.846       

VAL losses
Total Loss  |Box Loss    |Conf Loss   |No Obj Loss |Class Loss  
------------ ------------ ------------ ------------ ------------
32.560      |9.607       |15.672      |6.015       |1.266       

Saving model with new best validation loss: 32.560

=== EPOCH 112/114 ===
Learning Rate = 1.4073748835532815e-05

TRAIN losses
Total Loss  |Box Loss    |Conf Loss   |No Obj Loss |Class Loss  
------------ ------------ ------------ ------------ ------------
36.064      |7.219       |13.527      |4.729       |0.802       

VAL losses
Total Loss  |Box Loss    |Conf Loss   |No Obj Loss |Class Loss  
------------ ------------ ------------ ------------ ------------
32.607      |9.588       |15.936      |5.806       |1.277       

=== EPOCH 113/114 ===
Learning Rate = 1.4073748835532815e-05

TRAIN losses
Total Loss  |Box Loss    |Conf Loss   |No Obj Loss |Class Loss  
------------ ------------ ------------ ------------ ------------
35.939      |7.091       |13.596      |4.692       |0.781       

VAL losses
Total Loss  |Box Loss    |Conf Loss   |No Obj Loss |Class Loss  
------------ ------------ ------------ ------------ ------------
32.794      |9.695       |15.981      |5.818       |1.300       

=== EPOCH 114/114 ===
Learning Rate = 1.1258999068426253e-05

TRAIN losses
Total Loss  |Box Loss    |Conf Loss   |No Obj Loss |Class Loss  
------------ ------------ ------------ ------------ ------------
35.847      |7.028       |13.553      |4.718       |0.783       

VAL losses
Total Loss  |Box Loss    |Conf Loss   |No Obj Loss |Class Loss  
------------ ------------ ------------ ------------ ------------
32.703      |9.649       |15.997      |5.756       |1.301       

Validation mAP: 0.433
Saving last model

***Script finished: 15:25:44

Time elapsed: 3:39:43.944688
