Original Tinyissimo Detector.
	No Sigmoid, No Softmax. Permute out of the model.
	Only DFire.


Datasets Length
	Train: Full
	Val: Full

Load Model: False

Device: cuda
Optimizer:
	Learning Rate: 0.001
	Gradients Clip Norm: 500
	Weight Decay: 0.001
Scheduler:
	Scheduler factor: 0.8
	Scheduler patience: 3
	Scheduler threshold: 0.01
	Scheduler min learning rate: 1e-06

Batch Size: 64
Num Workers: 8
Pin Memory: True
Epochs: 100
IMG DIMS:
	Width: 88
	Height: 88

Grid, Bounding Boxes, Classes and Thresholds:
	Grid: 4
	Number of Bounding Boxes per Cell: 2
	Number of Classes: 2
	Maximum Number of Objects per Image: 10
	IOU Threshold: 0.5
	Score Threshold: 0.2


Loss Function: YOLOV1_LOSS
Lambda for L1 regularization: 0

Using Tinyissimo Detector

Trainable parameters = 468880
Total parameters = 468880

Input shape is torch.Size([4, 3, 88, 88])
Model shape is torch.Size([4, 12, 4, 4])

BED Model Arquitecture
Tinyissimo(
  (tiny_model): Sequential(
    (0): Conv2d(3, 16, kernel_size=(3, 3), stride=(1, 1), padding=same, bias=False)
    (1): BatchNorm2d(16, eps=1e-05, momentum=0.1, affine=True, track_running_stats=True)
    (2): ReLU()
    (3): Conv2d(16, 16, kernel_size=(3, 3), stride=(1, 1), padding=same, bias=False)
    (4): BatchNorm2d(16, eps=1e-05, momentum=0.1, affine=True, track_running_stats=True)
    (5): ReLU()
    (6): MaxPool2d(kernel_size=2, stride=2, padding=0, dilation=1, ceil_mode=False)
    (7): Conv2d(16, 16, kernel_size=(3, 3), stride=(1, 1), padding=same, bias=False)
    (8): BatchNorm2d(16, eps=1e-05, momentum=0.1, affine=True, track_running_stats=True)
    (9): ReLU()
    (10): Conv2d(16, 32, kernel_size=(3, 3), stride=(1, 1), padding=same, bias=False)
    (11): BatchNorm2d(32, eps=1e-05, momentum=0.1, affine=True, track_running_stats=True)
    (12): ReLU()
    (13): MaxPool2d(kernel_size=2, stride=2, padding=0, dilation=1, ceil_mode=False)
    (14): Conv2d(32, 32, kernel_size=(3, 3), stride=(1, 1), padding=same, bias=False)
    (15): BatchNorm2d(32, eps=1e-05, momentum=0.1, affine=True, track_running_stats=True)
    (16): ReLU()
    (17): Conv2d(32, 64, kernel_size=(3, 3), stride=(1, 1), padding=same, bias=False)
    (18): BatchNorm2d(64, eps=1e-05, momentum=0.1, affine=True, track_running_stats=True)
    (19): ReLU()
    (20): MaxPool2d(kernel_size=2, stride=2, padding=0, dilation=1, ceil_mode=False)
    (21): Conv2d(64, 64, kernel_size=(3, 3), stride=(1, 1), padding=same, bias=False)
    (22): BatchNorm2d(64, eps=1e-05, momentum=0.1, affine=True, track_running_stats=True)
    (23): ReLU()
    (24): Conv2d(64, 64, kernel_size=(3, 3), stride=(1, 1), padding=same, bias=False)
    (25): BatchNorm2d(64, eps=1e-05, momentum=0.1, affine=True, track_running_stats=True)
    (26): ReLU()
    (27): MaxPool2d(kernel_size=2, stride=2, padding=0, dilation=1, ceil_mode=False)
    (28): Conv2d(64, 128, kernel_size=(3, 3), stride=(1, 1), padding=same, bias=False)
    (29): BatchNorm2d(128, eps=1e-05, momentum=0.1, affine=True, track_running_stats=True)
    (30): ReLU()
    (31): Conv2d(128, 128, kernel_size=(3, 3), stride=(1, 1), padding=same, bias=False)
    (32): BatchNorm2d(128, eps=1e-05, momentum=0.1, affine=True, track_running_stats=True)
    (33): ReLU()
    (34): MaxPool2d(kernel_size=2, stride=2, padding=0, dilation=1, ceil_mode=False)
    (35): Flatten(start_dim=1, end_dim=-1)
    (36): Linear(in_features=512, out_features=192, bias=True)
    (37): ReLU()
    (38): Dropout(p=0.5, inplace=False)
    (39): Linear(in_features=192, out_features=192, bias=True)
    (40): Reshape()
  )
)

Model Summary
==========================================================================================
Layer (type:depth-idx)                   Output Shape              Param #
==========================================================================================
Tinyissimo                               [1, 12, 4, 4]             --
├─Sequential: 1-1                        [1, 12, 4, 4]             --
│    └─Conv2d: 2-1                       [1, 16, 88, 88]           432
│    └─BatchNorm2d: 2-2                  [1, 16, 88, 88]           32
│    └─ReLU: 2-3                         [1, 16, 88, 88]           --
│    └─Conv2d: 2-4                       [1, 16, 88, 88]           2,304
│    └─BatchNorm2d: 2-5                  [1, 16, 88, 88]           32
│    └─ReLU: 2-6                         [1, 16, 88, 88]           --
│    └─MaxPool2d: 2-7                    [1, 16, 44, 44]           --
│    └─Conv2d: 2-8                       [1, 16, 44, 44]           2,304
│    └─BatchNorm2d: 2-9                  [1, 16, 44, 44]           32
│    └─ReLU: 2-10                        [1, 16, 44, 44]           --
│    └─Conv2d: 2-11                      [1, 32, 44, 44]           4,608
│    └─BatchNorm2d: 2-12                 [1, 32, 44, 44]           64
│    └─ReLU: 2-13                        [1, 32, 44, 44]           --
│    └─MaxPool2d: 2-14                   [1, 32, 22, 22]           --
│    └─Conv2d: 2-15                      [1, 32, 22, 22]           9,216
│    └─BatchNorm2d: 2-16                 [1, 32, 22, 22]           64
│    └─ReLU: 2-17                        [1, 32, 22, 22]           --
│    └─Conv2d: 2-18                      [1, 64, 22, 22]           18,432
│    └─BatchNorm2d: 2-19                 [1, 64, 22, 22]           128
│    └─ReLU: 2-20                        [1, 64, 22, 22]           --
│    └─MaxPool2d: 2-21                   [1, 64, 11, 11]           --
│    └─Conv2d: 2-22                      [1, 64, 11, 11]           36,864
│    └─BatchNorm2d: 2-23                 [1, 64, 11, 11]           128
│    └─ReLU: 2-24                        [1, 64, 11, 11]           --
│    └─Conv2d: 2-25                      [1, 64, 11, 11]           36,864
│    └─BatchNorm2d: 2-26                 [1, 64, 11, 11]           128
│    └─ReLU: 2-27                        [1, 64, 11, 11]           --
│    └─MaxPool2d: 2-28                   [1, 64, 5, 5]             --
│    └─Conv2d: 2-29                      [1, 128, 5, 5]            73,728
│    └─BatchNorm2d: 2-30                 [1, 128, 5, 5]            256
│    └─ReLU: 2-31                        [1, 128, 5, 5]            --
│    └─Conv2d: 2-32                      [1, 128, 5, 5]            147,456
│    └─BatchNorm2d: 2-33                 [1, 128, 5, 5]            256
│    └─ReLU: 2-34                        [1, 128, 5, 5]            --
│    └─MaxPool2d: 2-35                   [1, 128, 2, 2]            --
│    └─Flatten: 2-36                     [1, 512]                  --
│    └─Linear: 2-37                      [1, 192]                  98,496
│    └─ReLU: 2-38                        [1, 192]                  --
│    └─Dropout: 2-39                     [1, 192]                  --
│    └─Linear: 2-40                      [1, 192]                  37,056
│    └─Reshape: 2-41                     [1, 12, 4, 4]             --
==========================================================================================
Total params: 468,880
Trainable params: 468,880
Non-trainable params: 0
Total mult-adds (M): 62.54
==========================================================================================
Input size (MB): 0.09
Forward/backward pass size (MB): 6.55
Params size (MB): 1.88
Estimated Total Size (MB): 8.52
==========================================================================================
Starting script


***Start Training: 16:41:11


=== EPOCH 0/99 ===
Learning Rate = 0.001

TRAIN STATS
Total Loss |Box Loss  |Conf Loss |NoObj Loss|Class Loss|     | No mAP in this epoch |
-----------|----------|--------------------------------|
83.18      |42.65     |21.62     |8.02      |10.89     |

VAL STATS
Total Loss |Box Loss  |Conf Loss |NoObj Loss|Class Loss|     | No mAP in this epoch |
-----------|----------|--------------------------------|
127.54     |70.49     |37.75     |1.76      |17.54     |

Saving model with new best validation loss: 127.538

=== EPOCH 1/99 ===
Learning Rate = 0.001

TRAIN STATS
Total Loss |Box Loss  |Conf Loss |NoObj Loss|Class Loss|     | No mAP in this epoch |
-----------|----------|--------------------------------|
60.03      |28.00     |21.21     |2.62      |8.20      |

VAL STATS
Total Loss |Box Loss  |Conf Loss |NoObj Loss|Class Loss|     | No mAP in this epoch |
-----------|----------|--------------------------------|
116.67     |62.35     |37.20     |1.89      |15.23     |

Saving model with new best validation loss: 116.667

=== EPOCH 2/99 ===
Learning Rate = 0.001

TRAIN STATS
Total Loss |Box Loss  |Conf Loss |NoObj Loss|Class Loss|     | No mAP in this epoch |
-----------|----------|--------------------------------|
57.93      |27.08     |21.00     |2.72      |7.12      |

VAL STATS
Total Loss |Box Loss  |Conf Loss |NoObj Loss|Class Loss|     | No mAP in this epoch |
-----------|----------|--------------------------------|
115.41     |61.50     |37.66     |1.79      |14.46     |

Saving model with new best validation loss: 115.413

=== EPOCH 3/99 ===
Learning Rate = 0.001

TRAIN STATS
Total Loss |Box Loss  |Conf Loss |NoObj Loss|Class Loss|     | No mAP in this epoch |
-----------|----------|--------------------------------|
56.37      |25.98     |20.94     |2.67      |6.77      |

VAL STATS
Total Loss |Box Loss  |Conf Loss |NoObj Loss|Class Loss|     | No mAP in this epoch |
-----------|----------|--------------------------------|
111.80     |60.90     |36.20     |2.45      |12.24     |

Saving model with new best validation loss: 111.800

=== EPOCH 4/99 ===
Learning Rate = 0.001

TRAIN STATS
Total Loss |Box Loss  |Conf Loss |NoObj Loss|Class Loss|    |Smoke AP   |Smoke AR  |Fire AP   |Fire AR   |mAP:0.50  |
-----------|----------|--------------------------------|    |-----------|----------|--------------------------------|
54.15      |24.93     |20.16     |2.86      |6.20      |    |0.0834     |0.2558    |0.0020    |0.0065    |0.0427    |

VAL STATS
Total Loss |Box Loss  |Conf Loss |NoObj Loss|Class Loss|    |Smoke AP   |Smoke AR  |Fire AP   |Fire AR   |mAP:0.50  |
-----------|----------|--------------------------------|    |-----------|----------|--------------------------------|
114.12     |62.95     |36.39     |2.19      |12.59     |    |0.0810     |0.1943    |0.0020    |0.0010    |0.0415    |

Saving model with new best mAP: 0.0415

=== EPOCH 5/99 ===
Learning Rate = 0.001

TRAIN STATS
Total Loss |Box Loss  |Conf Loss |NoObj Loss|Class Loss|     | No mAP in this epoch |
-----------|----------|--------------------------------|
53.18      |24.38     |19.94     |2.97      |5.90      |

VAL STATS
Total Loss |Box Loss  |Conf Loss |NoObj Loss|Class Loss|     | No mAP in this epoch |
-----------|----------|--------------------------------|
114.10     |60.84     |36.46     |2.17      |14.63     |


=== EPOCH 6/99 ===
Learning Rate = 0.001

TRAIN STATS
Total Loss |Box Loss  |Conf Loss |NoObj Loss|Class Loss|     | No mAP in this epoch |
-----------|----------|--------------------------------|
51.97      |23.72     |19.46     |3.07      |5.71      |

VAL STATS
Total Loss |Box Loss  |Conf Loss |NoObj Loss|Class Loss|     | No mAP in this epoch |
-----------|----------|--------------------------------|
109.12     |59.37     |34.41     |3.42      |11.93     |

Saving model with new best validation loss: 109.121

=== EPOCH 7/99 ===
Learning Rate = 0.001

TRAIN STATS
Total Loss |Box Loss  |Conf Loss |NoObj Loss|Class Loss|     | No mAP in this epoch |
-----------|----------|--------------------------------|
50.48      |22.68     |19.42     |3.04      |5.34      |

VAL STATS
Total Loss |Box Loss  |Conf Loss |NoObj Loss|Class Loss|     | No mAP in this epoch |
-----------|----------|--------------------------------|
107.90     |57.96     |35.33     |2.39      |12.21     |

Saving model with new best validation loss: 107.898

=== EPOCH 8/99 ===
Learning Rate = 0.001

TRAIN STATS
Total Loss |Box Loss  |Conf Loss |NoObj Loss|Class Loss|     | No mAP in this epoch |
-----------|----------|--------------------------------|
50.08      |22.38     |19.17     |3.16      |5.37      |

VAL STATS
Total Loss |Box Loss  |Conf Loss |NoObj Loss|Class Loss|     | No mAP in this epoch |
-----------|----------|--------------------------------|
108.77     |59.93     |34.84     |2.51      |11.49     |


=== EPOCH 9/99 ===
Learning Rate = 0.001

TRAIN STATS
Total Loss |Box Loss  |Conf Loss |NoObj Loss|Class Loss|    |Smoke AP   |Smoke AR  |Fire AP   |Fire AR   |mAP:0.50  |
-----------|----------|--------------------------------|    |-----------|----------|--------------------------------|
49.80      |22.61     |18.88     |3.20      |5.12      |    |0.1266     |0.3033    |0.0012    |0.0206    |0.0639    |

VAL STATS
Total Loss |Box Loss  |Conf Loss |NoObj Loss|Class Loss|    |Smoke AP   |Smoke AR  |Fire AP   |Fire AR   |mAP:0.50  |
-----------|----------|--------------------------------|    |-----------|----------|--------------------------------|
106.13     |56.16     |35.64     |1.85      |12.48     |    |0.1037     |0.2022    |0.0050    |0.0052    |0.0543    |

Saving model with new best validation loss: 106.132
Saving model with new best mAP: 0.0543

=== EPOCH 10/99 ===
Learning Rate = 0.001

TRAIN STATS
Total Loss |Box Loss  |Conf Loss |NoObj Loss|Class Loss|     | No mAP in this epoch |
-----------|----------|--------------------------------|
48.40      |20.83     |19.21     |3.24      |5.12      |

VAL STATS
Total Loss |Box Loss  |Conf Loss |NoObj Loss|Class Loss|     | No mAP in this epoch |
-----------|----------|--------------------------------|
106.66     |56.10     |36.99     |1.77      |11.80     |


=== EPOCH 11/99 ===
Learning Rate = 0.001

TRAIN STATS
Total Loss |Box Loss  |Conf Loss |NoObj Loss|Class Loss|     | No mAP in this epoch |
-----------|----------|--------------------------------|
47.74      |20.28     |19.45     |3.11      |4.91      |

VAL STATS
Total Loss |Box Loss  |Conf Loss |NoObj Loss|Class Loss|     | No mAP in this epoch |
-----------|----------|--------------------------------|
103.57     |54.47     |35.73     |2.41      |10.96     |

Saving model with new best validation loss: 103.573

=== EPOCH 12/99 ===
Learning Rate = 0.001

TRAIN STATS
Total Loss |Box Loss  |Conf Loss |NoObj Loss|Class Loss|     | No mAP in this epoch |
-----------|----------|--------------------------------|
46.28      |19.24     |19.13     |3.17      |4.73      |

VAL STATS
Total Loss |Box Loss  |Conf Loss |NoObj Loss|Class Loss|     | No mAP in this epoch |
-----------|----------|--------------------------------|
103.76     |52.54     |37.70     |1.28      |12.24     |


=== EPOCH 13/99 ===
Learning Rate = 0.001

TRAIN STATS
Total Loss |Box Loss  |Conf Loss |NoObj Loss|Class Loss|     | No mAP in this epoch |
-----------|----------|--------------------------------|
45.95      |18.92     |19.05     |3.12      |4.86      |

VAL STATS
Total Loss |Box Loss  |Conf Loss |NoObj Loss|Class Loss|     | No mAP in this epoch |
-----------|----------|--------------------------------|
102.32     |53.37     |35.90     |2.05      |11.00     |

Saving model with new best validation loss: 102.324

=== EPOCH 14/99 ===
Learning Rate = 0.001

TRAIN STATS
Total Loss |Box Loss  |Conf Loss |NoObj Loss|Class Loss|    |Smoke AP   |Smoke AR  |Fire AP   |Fire AR   |mAP:0.50  |
-----------|----------|--------------------------------|    |-----------|----------|--------------------------------|
45.67      |18.68     |18.89     |3.28      |4.82      |    |0.1789     |0.3378    |0.0060    |0.0470    |0.0925    |

VAL STATS
Total Loss |Box Loss  |Conf Loss |NoObj Loss|Class Loss|    |Smoke AP   |Smoke AR  |Fire AP   |Fire AR   |mAP:0.50  |
-----------|----------|--------------------------------|    |-----------|----------|--------------------------------|
101.82     |53.46     |35.22     |2.25      |10.89     |    |0.1748     |0.2544    |0.0120    |0.0219    |0.0934    |

Saving model with new best validation loss: 101.821
Saving model with new best mAP: 0.0934

=== EPOCH 15/99 ===
Learning Rate = 0.001

TRAIN STATS
Total Loss |Box Loss  |Conf Loss |NoObj Loss|Class Loss|     | No mAP in this epoch |
-----------|----------|--------------------------------|
44.39      |18.22     |18.29     |3.27      |4.60      |

VAL STATS
Total Loss |Box Loss  |Conf Loss |NoObj Loss|Class Loss|     | No mAP in this epoch |
-----------|----------|--------------------------------|
101.04     |53.79     |33.93     |2.65      |10.68     |

Saving model with new best validation loss: 101.037

=== EPOCH 16/99 ===
Learning Rate = 0.001

TRAIN STATS
Total Loss |Box Loss  |Conf Loss |NoObj Loss|Class Loss|     | No mAP in this epoch |
-----------|----------|--------------------------------|
44.42      |18.23     |18.33     |3.34      |4.52      |

VAL STATS
Total Loss |Box Loss  |Conf Loss |NoObj Loss|Class Loss|     | No mAP in this epoch |
-----------|----------|--------------------------------|
99.11      |51.44     |34.79     |2.13      |10.74     |

Saving model with new best validation loss: 99.114

=== EPOCH 17/99 ===
Learning Rate = 0.001

TRAIN STATS
Total Loss |Box Loss  |Conf Loss |NoObj Loss|Class Loss|     | No mAP in this epoch |
-----------|----------|--------------------------------|
43.45      |17.61     |18.09     |3.33      |4.43      |

VAL STATS
Total Loss |Box Loss  |Conf Loss |NoObj Loss|Class Loss|     | No mAP in this epoch |
-----------|----------|--------------------------------|
97.82      |51.53     |33.93     |2.30      |10.06     |

Saving model with new best validation loss: 97.818

=== EPOCH 18/99 ===
Learning Rate = 0.001

TRAIN STATS
Total Loss |Box Loss  |Conf Loss |NoObj Loss|Class Loss|     | No mAP in this epoch |
-----------|----------|--------------------------------|
43.07      |17.42     |17.82     |3.40      |4.42      |

VAL STATS
Total Loss |Box Loss  |Conf Loss |NoObj Loss|Class Loss|     | No mAP in this epoch |
-----------|----------|--------------------------------|
98.65      |50.99     |34.78     |1.92      |10.96     |


=== EPOCH 19/99 ===
Learning Rate = 0.001

TRAIN STATS
Total Loss |Box Loss  |Conf Loss |NoObj Loss|Class Loss|    |Smoke AP   |Smoke AR  |Fire AP   |Fire AR   |mAP:0.50  |
-----------|----------|--------------------------------|    |-----------|----------|--------------------------------|
42.71      |17.14     |17.82     |3.39      |4.35      |    |0.2449     |0.3951    |0.0046    |0.0587    |0.1247    |

VAL STATS
Total Loss |Box Loss  |Conf Loss |NoObj Loss|Class Loss|    |Smoke AP   |Smoke AR  |Fire AP   |Fire AR   |mAP:0.50  |
-----------|----------|--------------------------------|    |-----------|----------|--------------------------------|
98.32      |51.36     |33.43     |2.72      |10.81     |    |0.2025     |0.2927    |0.0086    |0.0354    |0.1055    |

Saving model with new best mAP: 0.1055

=== EPOCH 20/99 ===
Learning Rate = 0.001

TRAIN STATS
Total Loss |Box Loss  |Conf Loss |NoObj Loss|Class Loss|     | No mAP in this epoch |
-----------|----------|--------------------------------|
42.41      |17.10     |17.59     |3.42      |4.29      |

VAL STATS
Total Loss |Box Loss  |Conf Loss |NoObj Loss|Class Loss|     | No mAP in this epoch |
-----------|----------|--------------------------------|
98.04      |52.38     |32.29     |3.56      |9.81      |


=== EPOCH 21/99 ===
Learning Rate = 0.001

TRAIN STATS
Total Loss |Box Loss  |Conf Loss |NoObj Loss|Class Loss|     | No mAP in this epoch |
-----------|----------|--------------------------------|
41.95      |16.74     |17.46     |3.45      |4.30      |

VAL STATS
Total Loss |Box Loss  |Conf Loss |NoObj Loss|Class Loss|     | No mAP in this epoch |
-----------|----------|--------------------------------|
98.64      |51.35     |34.70     |2.05      |10.54     |


=== EPOCH 22/99 ===
Learning Rate = 0.0008

TRAIN STATS
Total Loss |Box Loss  |Conf Loss |NoObj Loss|Class Loss|     | No mAP in this epoch |
-----------|----------|--------------------------------|
40.79      |16.29     |17.06     |3.44      |4.02      |

VAL STATS
Total Loss |Box Loss  |Conf Loss |NoObj Loss|Class Loss|     | No mAP in this epoch |
-----------|----------|--------------------------------|
97.78      |51.16     |33.52     |2.36      |10.74     |

Saving model with new best validation loss: 97.782

=== EPOCH 23/99 ===
Learning Rate = 0.0008

TRAIN STATS
Total Loss |Box Loss  |Conf Loss |NoObj Loss|Class Loss|     | No mAP in this epoch |
-----------|----------|--------------------------------|
40.34      |15.93     |16.78     |3.49      |4.14      |

VAL STATS
Total Loss |Box Loss  |Conf Loss |NoObj Loss|Class Loss|     | No mAP in this epoch |
-----------|----------|--------------------------------|
97.08      |51.35     |32.74     |2.53      |10.46     |

Saving model with new best validation loss: 97.082

=== EPOCH 24/99 ===
Learning Rate = 0.0008

TRAIN STATS
Total Loss |Box Loss  |Conf Loss |NoObj Loss|Class Loss|    |Smoke AP   |Smoke AR  |Fire AP   |Fire AR   |mAP:0.50  |
-----------|----------|--------------------------------|    |-----------|----------|--------------------------------|
40.44      |16.00     |16.85     |3.50      |4.09      |    |0.2844     |0.4440    |0.0091    |0.0694    |0.1467    |

VAL STATS
Total Loss |Box Loss  |Conf Loss |NoObj Loss|Class Loss|    |Smoke AP   |Smoke AR  |Fire AP   |Fire AR   |mAP:0.50  |
-----------|----------|--------------------------------|    |-----------|----------|--------------------------------|
98.03      |50.78     |34.35     |1.79      |11.10     |    |0.1957     |0.2672    |0.0118    |0.0395    |0.1037    |


=== EPOCH 25/99 ===
Learning Rate = 0.0008

TRAIN STATS
Total Loss |Box Loss  |Conf Loss |NoObj Loss|Class Loss|     | No mAP in this epoch |
-----------|----------|--------------------------------|
40.31      |15.91     |16.75     |3.53      |4.12      |

VAL STATS
Total Loss |Box Loss  |Conf Loss |NoObj Loss|Class Loss|     | No mAP in this epoch |
-----------|----------|--------------------------------|
96.76      |50.27     |33.25     |2.32      |10.91     |

Saving model with new best validation loss: 96.761

=== EPOCH 26/99 ===
Learning Rate = 0.0008

TRAIN STATS
Total Loss |Box Loss  |Conf Loss |NoObj Loss|Class Loss|     | No mAP in this epoch |
-----------|----------|--------------------------------|
39.42      |15.56     |16.32     |3.61      |3.94      |

VAL STATS
Total Loss |Box Loss  |Conf Loss |NoObj Loss|Class Loss|     | No mAP in this epoch |
-----------|----------|--------------------------------|
95.59      |49.87     |32.44     |2.52      |10.76     |

Saving model with new best validation loss: 95.590

=== EPOCH 27/99 ===
Learning Rate = 0.0008

TRAIN STATS
Total Loss |Box Loss  |Conf Loss |NoObj Loss|Class Loss|     | No mAP in this epoch |
-----------|----------|--------------------------------|
38.82      |15.32     |16.08     |3.59      |3.84      |

VAL STATS
Total Loss |Box Loss  |Conf Loss |NoObj Loss|Class Loss|     | No mAP in this epoch |
-----------|----------|--------------------------------|
95.32      |48.97     |33.34     |2.09      |10.93     |

Saving model with new best validation loss: 95.320

=== EPOCH 28/99 ===
Learning Rate = 0.0008

TRAIN STATS
Total Loss |Box Loss  |Conf Loss |NoObj Loss|Class Loss|     | No mAP in this epoch |
-----------|----------|--------------------------------|
38.98      |15.31     |16.14     |3.53      |4.00      |

VAL STATS
Total Loss |Box Loss  |Conf Loss |NoObj Loss|Class Loss|     | No mAP in this epoch |
-----------|----------|--------------------------------|
94.23      |48.48     |32.88     |2.23      |10.65     |

Saving model with new best validation loss: 94.235

=== EPOCH 29/99 ===
Learning Rate = 0.0008

TRAIN STATS
Total Loss |Box Loss  |Conf Loss |NoObj Loss|Class Loss|    |Smoke AP   |Smoke AR  |Fire AP   |Fire AR   |mAP:0.50  |
-----------|----------|--------------------------------|    |-----------|----------|--------------------------------|
38.21      |14.93     |15.85     |3.64      |3.79      |    |0.3267     |0.4865    |0.0262    |0.1078    |0.1765    |

VAL STATS
Total Loss |Box Loss  |Conf Loss |NoObj Loss|Class Loss|    |Smoke AP   |Smoke AR  |Fire AP   |Fire AR   |mAP:0.50  |
-----------|----------|--------------------------------|    |-----------|----------|--------------------------------|
92.70      |48.86     |31.23     |3.07      |9.54      |    |0.2690     |0.3400    |0.0118    |0.0427    |0.1404    |

Saving model with new best validation loss: 92.705
Saving model with new best mAP: 0.1404

=== EPOCH 30/99 ===
Learning Rate = 0.0008

TRAIN STATS
Total Loss |Box Loss  |Conf Loss |NoObj Loss|Class Loss|     | No mAP in this epoch |
-----------|----------|--------------------------------|
38.32      |15.05     |15.91     |3.63      |3.74      |

VAL STATS
Total Loss |Box Loss  |Conf Loss |NoObj Loss|Class Loss|     | No mAP in this epoch |
-----------|----------|--------------------------------|
93.42      |48.58     |31.54     |2.84      |10.46     |


=== EPOCH 31/99 ===
Learning Rate = 0.0008

TRAIN STATS
Total Loss |Box Loss  |Conf Loss |NoObj Loss|Class Loss|     | No mAP in this epoch |
-----------|----------|--------------------------------|
38.03      |14.84     |15.68     |3.67      |3.85      |

VAL STATS
Total Loss |Box Loss  |Conf Loss |NoObj Loss|Class Loss|     | No mAP in this epoch |
-----------|----------|--------------------------------|
91.01      |47.17     |31.42     |3.05      |9.36      |

Saving model with new best validation loss: 91.013

=== EPOCH 32/99 ===
Learning Rate = 0.0008

TRAIN STATS
Total Loss |Box Loss  |Conf Loss |NoObj Loss|Class Loss|     | No mAP in this epoch |
-----------|----------|--------------------------------|
37.28      |14.50     |15.50     |3.70      |3.58      |

VAL STATS
Total Loss |Box Loss  |Conf Loss |NoObj Loss|Class Loss|     | No mAP in this epoch |
-----------|----------|--------------------------------|
92.57      |48.33     |31.21     |2.82      |10.21     |


=== EPOCH 33/99 ===
Learning Rate = 0.0008

TRAIN STATS
Total Loss |Box Loss  |Conf Loss |NoObj Loss|Class Loss|     | No mAP in this epoch |
-----------|----------|--------------------------------|
37.27      |14.45     |15.49     |3.73      |3.60      |

VAL STATS
Total Loss |Box Loss  |Conf Loss |NoObj Loss|Class Loss|     | No mAP in this epoch |
-----------|----------|--------------------------------|
92.31      |47.94     |32.28     |2.30      |9.80      |


=== EPOCH 34/99 ===
Learning Rate = 0.0008

TRAIN STATS
Total Loss |Box Loss  |Conf Loss |NoObj Loss|Class Loss|    |Smoke AP   |Smoke AR  |Fire AP   |Fire AR   |mAP:0.50  |
-----------|----------|--------------------------------|    |-----------|----------|--------------------------------|
36.78      |14.21     |15.38     |3.64      |3.55      |    |0.3499     |0.5036    |0.0329    |0.1313    |0.1914    |

VAL STATS
Total Loss |Box Loss  |Conf Loss |NoObj Loss|Class Loss|    |Smoke AP   |Smoke AR  |Fire AP   |Fire AR   |mAP:0.50  |
-----------|----------|--------------------------------|    |-----------|----------|--------------------------------|
91.44      |46.53     |32.29     |2.23      |10.39     |    |0.2665     |0.3430    |0.0190    |0.0562    |0.1427    |

Saving model with new best mAP: 0.1427

=== EPOCH 35/99 ===
Learning Rate = 0.0008

TRAIN STATS
Total Loss |Box Loss  |Conf Loss |NoObj Loss|Class Loss|     | No mAP in this epoch |
-----------|----------|--------------------------------|
36.44      |14.01     |15.15     |3.67      |3.62      |

VAL STATS
Total Loss |Box Loss  |Conf Loss |NoObj Loss|Class Loss|     | No mAP in this epoch |
-----------|----------|--------------------------------|
90.62      |46.78     |31.32     |2.57      |9.95      |

Saving model with new best validation loss: 90.618

=== EPOCH 36/99 ===
Learning Rate = 0.0008

TRAIN STATS
Total Loss |Box Loss  |Conf Loss |NoObj Loss|Class Loss|     | No mAP in this epoch |
-----------|----------|--------------------------------|
36.00      |13.81     |15.00     |3.66      |3.53      |

VAL STATS
Total Loss |Box Loss  |Conf Loss |NoObj Loss|Class Loss|     | No mAP in this epoch |
-----------|----------|--------------------------------|
90.64      |45.86     |32.03     |2.25      |10.50     |


=== EPOCH 37/99 ===
Learning Rate = 0.0008

TRAIN STATS
Total Loss |Box Loss  |Conf Loss |NoObj Loss|Class Loss|     | No mAP in this epoch |
-----------|----------|--------------------------------|
35.81      |13.72     |15.02     |3.66      |3.41      |

VAL STATS
Total Loss |Box Loss  |Conf Loss |NoObj Loss|Class Loss|     | No mAP in this epoch |
-----------|----------|--------------------------------|
90.33      |46.44     |31.02     |2.80      |10.08     |

Saving model with new best validation loss: 90.335

=== EPOCH 38/99 ===
Learning Rate = 0.0008

TRAIN STATS
Total Loss |Box Loss  |Conf Loss |NoObj Loss|Class Loss|     | No mAP in this epoch |
-----------|----------|--------------------------------|
35.88      |13.91     |14.93     |3.67      |3.37      |

VAL STATS
Total Loss |Box Loss  |Conf Loss |NoObj Loss|Class Loss|     | No mAP in this epoch |
-----------|----------|--------------------------------|
88.81      |44.73     |31.51     |2.48      |10.09     |

Saving model with new best validation loss: 88.815

=== EPOCH 39/99 ===
Learning Rate = 0.0008

TRAIN STATS
Total Loss |Box Loss  |Conf Loss |NoObj Loss|Class Loss|    |Smoke AP   |Smoke AR  |Fire AP   |Fire AR   |mAP:0.50  |
-----------|----------|--------------------------------|    |-----------|----------|--------------------------------|
35.00      |13.33     |14.70     |3.69      |3.27      |    |0.3817     |0.5266    |0.0452    |0.1663    |0.2134    |

VAL STATS
Total Loss |Box Loss  |Conf Loss |NoObj Loss|Class Loss|    |Smoke AP   |Smoke AR  |Fire AP   |Fire AR   |mAP:0.50  |
-----------|----------|--------------------------------|    |-----------|----------|--------------------------------|
88.97      |46.03     |30.94     |2.74      |9.25      |    |0.2955     |0.3661    |0.0295    |0.0812    |0.1625    |

Saving model with new best mAP: 0.1625

=== EPOCH 40/99 ===
Learning Rate = 0.0008

TRAIN STATS
Total Loss |Box Loss  |Conf Loss |NoObj Loss|Class Loss|     | No mAP in this epoch |
-----------|----------|--------------------------------|
34.89      |13.44     |14.51     |3.71      |3.23      |

VAL STATS
Total Loss |Box Loss  |Conf Loss |NoObj Loss|Class Loss|     | No mAP in this epoch |
-----------|----------|--------------------------------|
88.75      |45.31     |31.28     |2.54      |9.62      |

Saving model with new best validation loss: 88.748

=== EPOCH 41/99 ===
Learning Rate = 0.0008

TRAIN STATS
Total Loss |Box Loss  |Conf Loss |NoObj Loss|Class Loss|     | No mAP in this epoch |
-----------|----------|--------------------------------|
35.28      |13.56     |14.63     |3.70      |3.40      |

VAL STATS
Total Loss |Box Loss  |Conf Loss |NoObj Loss|Class Loss|     | No mAP in this epoch |
-----------|----------|--------------------------------|
89.11      |45.32     |32.12     |2.06      |9.60      |


=== EPOCH 42/99 ===
Learning Rate = 0.0008

TRAIN STATS
Total Loss |Box Loss  |Conf Loss |NoObj Loss|Class Loss|     | No mAP in this epoch |
-----------|----------|--------------------------------|
34.17      |12.85     |14.50     |3.66      |3.16      |

VAL STATS
Total Loss |Box Loss  |Conf Loss |NoObj Loss|Class Loss|     | No mAP in this epoch |
-----------|----------|--------------------------------|
87.72      |45.45     |30.69     |2.65      |8.94      |

Saving model with new best validation loss: 87.724

=== EPOCH 43/99 ===
Learning Rate = 0.0008

TRAIN STATS
Total Loss |Box Loss  |Conf Loss |NoObj Loss|Class Loss|     | No mAP in this epoch |
-----------|----------|--------------------------------|
34.09      |12.97     |14.34     |3.71      |3.07      |

VAL STATS
Total Loss |Box Loss  |Conf Loss |NoObj Loss|Class Loss|     | No mAP in this epoch |
-----------|----------|--------------------------------|
88.98      |45.47     |30.54     |2.69      |10.28     |


=== EPOCH 44/99 ===
Learning Rate = 0.0008

TRAIN STATS
Total Loss |Box Loss  |Conf Loss |NoObj Loss|Class Loss|    |Smoke AP   |Smoke AR  |Fire AP   |Fire AR   |mAP:0.50  |
-----------|----------|--------------------------------|    |-----------|----------|--------------------------------|
34.52      |13.13     |14.36     |3.76      |3.26      |    |0.4014     |0.5490    |0.0491    |0.1803    |0.2252    |

VAL STATS
Total Loss |Box Loss  |Conf Loss |NoObj Loss|Class Loss|    |Smoke AP   |Smoke AR  |Fire AP   |Fire AR   |mAP:0.50  |
-----------|----------|--------------------------------|    |-----------|----------|--------------------------------|
88.45      |45.44     |29.91     |3.30      |9.79      |    |0.2915     |0.3789    |0.0426    |0.0926    |0.1671    |

Saving model with new best mAP: 0.1671

=== EPOCH 45/99 ===
Learning Rate = 0.0008

TRAIN STATS
Total Loss |Box Loss  |Conf Loss |NoObj Loss|Class Loss|     | No mAP in this epoch |
-----------|----------|--------------------------------|
34.16      |13.04     |14.19     |3.72      |3.21      |

VAL STATS
Total Loss |Box Loss  |Conf Loss |NoObj Loss|Class Loss|     | No mAP in this epoch |
-----------|----------|--------------------------------|
89.29      |44.69     |31.20     |2.36      |11.04     |


=== EPOCH 46/99 ===
Learning Rate = 0.0008

TRAIN STATS
Total Loss |Box Loss  |Conf Loss |NoObj Loss|Class Loss|     | No mAP in this epoch |
-----------|----------|--------------------------------|
33.70      |12.77     |14.12     |3.74      |3.07      |

VAL STATS
Total Loss |Box Loss  |Conf Loss |NoObj Loss|Class Loss|     | No mAP in this epoch |
-----------|----------|--------------------------------|
89.06      |45.29     |31.04     |2.50      |10.23     |


=== EPOCH 47/99 ===
Learning Rate = 0.00064

TRAIN STATS
Total Loss |Box Loss  |Conf Loss |NoObj Loss|Class Loss|     | No mAP in this epoch |
-----------|----------|--------------------------------|
33.31      |12.55     |13.92     |3.71      |3.12      |

VAL STATS
Total Loss |Box Loss  |Conf Loss |NoObj Loss|Class Loss|     | No mAP in this epoch |
-----------|----------|--------------------------------|
89.16      |44.79     |31.00     |2.47      |10.89     |


=== EPOCH 48/99 ===
Learning Rate = 0.00064

TRAIN STATS
Total Loss |Box Loss  |Conf Loss |NoObj Loss|Class Loss|     | No mAP in this epoch |
-----------|----------|--------------------------------|
33.21      |12.50     |13.83     |3.77      |3.11      |

VAL STATS
Total Loss |Box Loss  |Conf Loss |NoObj Loss|Class Loss|     | No mAP in this epoch |
-----------|----------|--------------------------------|
87.99      |45.34     |30.60     |2.55      |9.49      |


=== EPOCH 49/99 ===
Learning Rate = 0.00064

TRAIN STATS
Total Loss |Box Loss  |Conf Loss |NoObj Loss|Class Loss|    |Smoke AP   |Smoke AR  |Fire AP   |Fire AR   |mAP:0.50  |
-----------|----------|--------------------------------|    |-----------|----------|--------------------------------|
33.12      |12.31     |13.96     |3.79      |3.06      |    |0.4284     |0.5720    |0.0578    |0.2023    |0.2431    |

VAL STATS
Total Loss |Box Loss  |Conf Loss |NoObj Loss|Class Loss|    |Smoke AP   |Smoke AR  |Fire AP   |Fire AR   |mAP:0.50  |
-----------|----------|--------------------------------|    |-----------|----------|--------------------------------|
89.27      |45.84     |30.11     |2.79      |10.53     |    |0.3279     |0.3989    |0.0294    |0.0739    |0.1786    |

Saving model with new best mAP: 0.1786

=== EPOCH 50/99 ===
Learning Rate = 0.00064

TRAIN STATS
Total Loss |Box Loss  |Conf Loss |NoObj Loss|Class Loss|     | No mAP in this epoch |
-----------|----------|--------------------------------|
32.93      |12.46     |13.74     |3.73      |3.00      |

VAL STATS
Total Loss |Box Loss  |Conf Loss |NoObj Loss|Class Loss|     | No mAP in this epoch |
-----------|----------|--------------------------------|
88.43      |45.73     |30.55     |2.57      |9.58      |


=== EPOCH 51/99 ===
Learning Rate = 0.0005120000000000001

TRAIN STATS
Total Loss |Box Loss  |Conf Loss |NoObj Loss|Class Loss|     | No mAP in this epoch |
-----------|----------|--------------------------------|
32.47      |12.24     |13.55     |3.72      |2.96      |

VAL STATS
Total Loss |Box Loss  |Conf Loss |NoObj Loss|Class Loss|     | No mAP in this epoch |
-----------|----------|--------------------------------|
87.32      |45.04     |30.08     |2.68      |9.52      |

Saving model with new best validation loss: 87.321

=== EPOCH 52/99 ===
Learning Rate = 0.0005120000000000001

TRAIN STATS
Total Loss |Box Loss  |Conf Loss |NoObj Loss|Class Loss|     | No mAP in this epoch |
-----------|----------|--------------------------------|
31.96      |11.94     |13.35     |3.71      |2.97      |

VAL STATS
Total Loss |Box Loss  |Conf Loss |NoObj Loss|Class Loss|     | No mAP in this epoch |
-----------|----------|--------------------------------|
87.50      |44.65     |30.05     |2.66      |10.14     |


=== EPOCH 53/99 ===
Learning Rate = 0.0005120000000000001

TRAIN STATS
Total Loss |Box Loss  |Conf Loss |NoObj Loss|Class Loss|     | No mAP in this epoch |
-----------|----------|--------------------------------|
31.65      |11.80     |13.28     |3.70      |2.87      |

VAL STATS
Total Loss |Box Loss  |Conf Loss |NoObj Loss|Class Loss|     | No mAP in this epoch |
-----------|----------|--------------------------------|
88.63      |45.83     |30.04     |2.84      |9.92      |


=== EPOCH 54/99 ===
Learning Rate = 0.0005120000000000001

TRAIN STATS
Total Loss |Box Loss  |Conf Loss |NoObj Loss|Class Loss|    |Smoke AP   |Smoke AR  |Fire AP   |Fire AR   |mAP:0.50  |
-----------|----------|--------------------------------|    |-----------|----------|--------------------------------|
31.23      |11.71     |13.00     |3.69      |2.83      |    |0.4524     |0.5963    |0.0710    |0.2280    |0.2617    |

VAL STATS
Total Loss |Box Loss  |Conf Loss |NoObj Loss|Class Loss|    |Smoke AP   |Smoke AR  |Fire AP   |Fire AR   |mAP:0.50  |
-----------|----------|--------------------------------|    |-----------|----------|--------------------------------|
88.53      |44.58     |30.73     |2.29      |10.92     |    |0.3183     |0.3886    |0.0327    |0.0791    |0.1755    |


=== EPOCH 55/99 ===
Learning Rate = 0.0005120000000000001

TRAIN STATS
Total Loss |Box Loss  |Conf Loss |NoObj Loss|Class Loss|     | No mAP in this epoch |
-----------|----------|--------------------------------|
31.31      |11.80     |13.00     |3.70      |2.81      |

VAL STATS
Total Loss |Box Loss  |Conf Loss |NoObj Loss|Class Loss|     | No mAP in this epoch |
-----------|----------|--------------------------------|
87.19      |44.78     |29.73     |2.87      |9.80      |

Saving model with new best validation loss: 87.187

=== EPOCH 56/99 ===
Learning Rate = 0.0005120000000000001

TRAIN STATS
Total Loss |Box Loss  |Conf Loss |NoObj Loss|Class Loss|     | No mAP in this epoch |
-----------|----------|--------------------------------|
31.18      |11.70     |13.08     |3.64      |2.76      |

VAL STATS
Total Loss |Box Loss  |Conf Loss |NoObj Loss|Class Loss|     | No mAP in this epoch |
-----------|----------|--------------------------------|
86.78      |44.84     |29.52     |2.80      |9.62      |

Saving model with new best validation loss: 86.777

=== EPOCH 57/99 ===
Learning Rate = 0.0005120000000000001

TRAIN STATS
Total Loss |Box Loss  |Conf Loss |NoObj Loss|Class Loss|     | No mAP in this epoch |
-----------|----------|--------------------------------|
30.68      |11.39     |12.93     |3.67      |2.69      |

VAL STATS
Total Loss |Box Loss  |Conf Loss |NoObj Loss|Class Loss|     | No mAP in this epoch |
-----------|----------|--------------------------------|
87.03      |44.27     |30.12     |2.40      |10.24     |


=== EPOCH 58/99 ===
Learning Rate = 0.0005120000000000001

TRAIN STATS
Total Loss |Box Loss  |Conf Loss |NoObj Loss|Class Loss|     | No mAP in this epoch |
-----------|----------|--------------------------------|
30.50      |11.50     |12.78     |3.65      |2.57      |

VAL STATS
Total Loss |Box Loss  |Conf Loss |NoObj Loss|Class Loss|     | No mAP in this epoch |
-----------|----------|--------------------------------|
87.48      |44.01     |30.42     |2.29      |10.76     |


=== EPOCH 59/99 ===
Learning Rate = 0.0005120000000000001

TRAIN STATS
Total Loss |Box Loss  |Conf Loss |NoObj Loss|Class Loss|    |Smoke AP   |Smoke AR  |Fire AP   |Fire AR   |mAP:0.50  |
-----------|----------|--------------------------------|    |-----------|----------|--------------------------------|
30.76      |11.42     |12.89     |3.63      |2.82      |    |0.4769     |0.6101    |0.0798    |0.2341    |0.2784    |

VAL STATS
Total Loss |Box Loss  |Conf Loss |NoObj Loss|Class Loss|    |Smoke AP   |Smoke AR  |Fire AP   |Fire AR   |mAP:0.50  |
-----------|----------|--------------------------------|    |-----------|----------|--------------------------------|
86.93      |45.00     |29.49     |2.64      |9.81      |    |0.3356     |0.4068    |0.0398    |0.0822    |0.1877    |

Saving model with new best mAP: 0.1877

=== EPOCH 60/99 ===
Learning Rate = 0.0005120000000000001

TRAIN STATS
Total Loss |Box Loss  |Conf Loss |NoObj Loss|Class Loss|     | No mAP in this epoch |
-----------|----------|--------------------------------|
30.28      |11.28     |12.65     |3.65      |2.70      |

VAL STATS
Total Loss |Box Loss  |Conf Loss |NoObj Loss|Class Loss|     | No mAP in this epoch |
-----------|----------|--------------------------------|
85.66      |44.23     |29.36     |2.85      |9.22      |

Saving model with new best validation loss: 85.658

=== EPOCH 61/99 ===
Learning Rate = 0.0005120000000000001

TRAIN STATS
Total Loss |Box Loss  |Conf Loss |NoObj Loss|Class Loss|     | No mAP in this epoch |
-----------|----------|--------------------------------|
29.97      |11.01     |12.74     |3.61      |2.61      |

VAL STATS
Total Loss |Box Loss  |Conf Loss |NoObj Loss|Class Loss|     | No mAP in this epoch |
-----------|----------|--------------------------------|
86.10      |44.40     |29.16     |2.91      |9.64      |


=== EPOCH 62/99 ===
Learning Rate = 0.0005120000000000001

TRAIN STATS
Total Loss |Box Loss  |Conf Loss |NoObj Loss|Class Loss|     | No mAP in this epoch |
-----------|----------|--------------------------------|
30.39      |11.25     |12.69     |3.65      |2.79      |

VAL STATS
Total Loss |Box Loss  |Conf Loss |NoObj Loss|Class Loss|     | No mAP in this epoch |
-----------|----------|--------------------------------|
87.49      |44.03     |29.82     |2.77      |10.87     |


=== EPOCH 63/99 ===
Learning Rate = 0.0005120000000000001

TRAIN STATS
Total Loss |Box Loss  |Conf Loss |NoObj Loss|Class Loss|     | No mAP in this epoch |
-----------|----------|--------------------------------|
30.66      |11.31     |12.79     |3.75      |2.81      |

VAL STATS
Total Loss |Box Loss  |Conf Loss |NoObj Loss|Class Loss|     | No mAP in this epoch |
-----------|----------|--------------------------------|
86.40      |44.15     |30.07     |2.44      |9.74      |


=== EPOCH 64/99 ===
Learning Rate = 0.0005120000000000001

TRAIN STATS
Total Loss |Box Loss  |Conf Loss |NoObj Loss|Class Loss|    |Smoke AP   |Smoke AR  |Fire AP   |Fire AR   |mAP:0.50  |
-----------|----------|--------------------------------|    |-----------|----------|--------------------------------|
30.21      |11.36     |12.66     |3.60      |2.58      |    |0.4688     |0.6094    |0.0873    |0.2340    |0.2780    |

VAL STATS
Total Loss |Box Loss  |Conf Loss |NoObj Loss|Class Loss|    |Smoke AP   |Smoke AR  |Fire AP   |Fire AR   |mAP:0.50  |
-----------|----------|--------------------------------|    |-----------|----------|--------------------------------|
87.39      |45.39     |29.61     |2.73      |9.66      |    |0.3358     |0.4092    |0.0472    |0.0905    |0.1915    |

Saving model with new best mAP: 0.1915

=== EPOCH 65/99 ===
Learning Rate = 0.0004096000000000001

TRAIN STATS
Total Loss |Box Loss  |Conf Loss |NoObj Loss|Class Loss|     | No mAP in this epoch |
-----------|----------|--------------------------------|
29.42      |10.94     |12.40     |3.59      |2.49      |

VAL STATS
Total Loss |Box Loss  |Conf Loss |NoObj Loss|Class Loss|     | No mAP in this epoch |
-----------|----------|--------------------------------|
86.37      |44.39     |29.62     |2.70      |9.66      |


=== EPOCH 66/99 ===
Learning Rate = 0.0004096000000000001

TRAIN STATS
Total Loss |Box Loss  |Conf Loss |NoObj Loss|Class Loss|     | No mAP in this epoch |
-----------|----------|--------------------------------|
29.79      |11.01     |12.50     |3.59      |2.70      |

VAL STATS
Total Loss |Box Loss  |Conf Loss |NoObj Loss|Class Loss|     | No mAP in this epoch |
-----------|----------|--------------------------------|
84.66      |43.13     |29.21     |2.77      |9.54      |

Saving model with new best validation loss: 84.657

=== EPOCH 67/99 ===
Learning Rate = 0.0004096000000000001

TRAIN STATS
Total Loss |Box Loss  |Conf Loss |NoObj Loss|Class Loss|     | No mAP in this epoch |
-----------|----------|--------------------------------|
29.33      |10.82     |12.34     |3.62      |2.55      |

VAL STATS
Total Loss |Box Loss  |Conf Loss |NoObj Loss|Class Loss|     | No mAP in this epoch |
-----------|----------|--------------------------------|
86.59      |43.74     |29.86     |2.59      |10.41     |


=== EPOCH 68/99 ===
Learning Rate = 0.0004096000000000001

TRAIN STATS
Total Loss |Box Loss  |Conf Loss |NoObj Loss|Class Loss|     | No mAP in this epoch |
-----------|----------|--------------------------------|
29.13      |10.72     |12.17     |3.55      |2.68      |

VAL STATS
Total Loss |Box Loss  |Conf Loss |NoObj Loss|Class Loss|     | No mAP in this epoch |
-----------|----------|--------------------------------|
84.09      |43.47     |28.57     |3.13      |8.91      |

Saving model with new best validation loss: 84.086

=== EPOCH 69/99 ===
Learning Rate = 0.0004096000000000001

TRAIN STATS
Total Loss |Box Loss  |Conf Loss |NoObj Loss|Class Loss|    |Smoke AP   |Smoke AR  |Fire AP   |Fire AR   |mAP:0.50  |
-----------|----------|--------------------------------|    |-----------|----------|--------------------------------|
28.86      |10.70     |12.18     |3.48      |2.50      |    |0.4881     |0.6291    |0.0949    |0.2627    |0.2915    |

VAL STATS
Total Loss |Box Loss  |Conf Loss |NoObj Loss|Class Loss|    |Smoke AP   |Smoke AR  |Fire AP   |Fire AR   |mAP:0.50  |
-----------|----------|--------------------------------|    |-----------|----------|--------------------------------|
85.81      |43.83     |29.12     |2.78      |10.08     |    |0.3537     |0.4262    |0.0428    |0.0884    |0.1983    |

Saving model with new best mAP: 0.1983

=== EPOCH 70/99 ===
Learning Rate = 0.0004096000000000001

TRAIN STATS
Total Loss |Box Loss  |Conf Loss |NoObj Loss|Class Loss|     | No mAP in this epoch |
-----------|----------|--------------------------------|
29.17      |10.71     |12.23     |3.62      |2.61      |

VAL STATS
Total Loss |Box Loss  |Conf Loss |NoObj Loss|Class Loss|     | No mAP in this epoch |
-----------|----------|--------------------------------|
86.31      |44.64     |28.60     |3.14      |9.92      |


=== EPOCH 71/99 ===
Learning Rate = 0.0004096000000000001

TRAIN STATS
Total Loss |Box Loss  |Conf Loss |NoObj Loss|Class Loss|     | No mAP in this epoch |
-----------|----------|--------------------------------|
28.74      |10.61     |12.10     |3.58      |2.44      |

VAL STATS
Total Loss |Box Loss  |Conf Loss |NoObj Loss|Class Loss|     | No mAP in this epoch |
-----------|----------|--------------------------------|
84.83      |43.16     |29.06     |2.64      |9.97      |


=== EPOCH 72/99 ===
Learning Rate = 0.0004096000000000001

TRAIN STATS
Total Loss |Box Loss  |Conf Loss |NoObj Loss|Class Loss|     | No mAP in this epoch |
-----------|----------|--------------------------------|
28.93      |10.63     |12.23     |3.56      |2.51      |

VAL STATS
Total Loss |Box Loss  |Conf Loss |NoObj Loss|Class Loss|     | No mAP in this epoch |
-----------|----------|--------------------------------|
85.65      |43.93     |29.08     |2.69      |9.94      |


=== EPOCH 73/99 ===
Learning Rate = 0.0003276800000000001

TRAIN STATS
Total Loss |Box Loss  |Conf Loss |NoObj Loss|Class Loss|     | No mAP in this epoch |
-----------|----------|--------------------------------|
28.28      |10.44     |11.90     |3.56      |2.39      |

VAL STATS
Total Loss |Box Loss  |Conf Loss |NoObj Loss|Class Loss|     | No mAP in this epoch |
-----------|----------|--------------------------------|
84.07      |42.89     |28.99     |2.62      |9.57      |

Saving model with new best validation loss: 84.071

=== EPOCH 74/99 ===
Learning Rate = 0.0003276800000000001

TRAIN STATS
Total Loss |Box Loss  |Conf Loss |NoObj Loss|Class Loss|    |Smoke AP   |Smoke AR  |Fire AP   |Fire AR   |mAP:0.50  |
-----------|----------|--------------------------------|    |-----------|----------|--------------------------------|
28.23      |10.22     |12.02     |3.52      |2.47      |    |0.5149     |0.6424    |0.1059    |0.2733    |0.3104    |

VAL STATS
Total Loss |Box Loss  |Conf Loss |NoObj Loss|Class Loss|    |Smoke AP   |Smoke AR  |Fire AP   |Fire AR   |mAP:0.50  |
-----------|----------|--------------------------------|    |-----------|----------|--------------------------------|
86.85      |44.41     |29.61     |2.52      |10.32     |    |0.3484     |0.4238    |0.0486    |0.0926    |0.1985    |

Saving model with new best mAP: 0.1985

=== EPOCH 75/99 ===
Learning Rate = 0.0003276800000000001

TRAIN STATS
Total Loss |Box Loss  |Conf Loss |NoObj Loss|Class Loss|     | No mAP in this epoch |
-----------|----------|--------------------------------|
28.48      |10.35     |12.07     |3.48      |2.58      |

VAL STATS
Total Loss |Box Loss  |Conf Loss |NoObj Loss|Class Loss|     | No mAP in this epoch |
-----------|----------|--------------------------------|
85.19      |42.33     |29.74     |2.40      |10.72     |


=== EPOCH 76/99 ===
Learning Rate = 0.0003276800000000001

TRAIN STATS
Total Loss |Box Loss  |Conf Loss |NoObj Loss|Class Loss|     | No mAP in this epoch |
-----------|----------|--------------------------------|
27.68      |10.05     |11.78     |3.43      |2.42      |

VAL STATS
Total Loss |Box Loss  |Conf Loss |NoObj Loss|Class Loss|     | No mAP in this epoch |
-----------|----------|--------------------------------|
85.34      |43.42     |28.91     |2.83      |10.17     |


=== EPOCH 77/99 ===
Learning Rate = 0.0003276800000000001

TRAIN STATS
Total Loss |Box Loss  |Conf Loss |NoObj Loss|Class Loss|     | No mAP in this epoch |
-----------|----------|--------------------------------|
28.30      |10.33     |11.98     |3.46      |2.52      |

VAL STATS
Total Loss |Box Loss  |Conf Loss |NoObj Loss|Class Loss|     | No mAP in this epoch |
-----------|----------|--------------------------------|
85.56      |43.64     |29.35     |2.45      |10.12     |


=== EPOCH 78/99 ===
Learning Rate = 0.0002621440000000001

TRAIN STATS
Total Loss |Box Loss  |Conf Loss |NoObj Loss|Class Loss|     | No mAP in this epoch |
-----------|----------|--------------------------------|
27.59      |10.15     |11.60     |3.50      |2.35      |

VAL STATS
Total Loss |Box Loss  |Conf Loss |NoObj Loss|Class Loss|     | No mAP in this epoch |
-----------|----------|--------------------------------|
86.16      |44.13     |29.27     |2.55      |10.20     |


=== EPOCH 79/99 ===
Learning Rate = 0.0002621440000000001

TRAIN STATS
Total Loss |Box Loss  |Conf Loss |NoObj Loss|Class Loss|    |Smoke AP   |Smoke AR  |Fire AP   |Fire AR   |mAP:0.50  |
-----------|----------|--------------------------------|    |-----------|----------|--------------------------------|
27.52      |10.17     |11.61     |3.39      |2.34      |    |0.5236     |0.6503    |0.1091    |0.2755    |0.3163    |

VAL STATS
Total Loss |Box Loss  |Conf Loss |NoObj Loss|Class Loss|    |Smoke AP   |Smoke AR  |Fire AP   |Fire AR   |mAP:0.50  |
-----------|----------|--------------------------------|    |-----------|----------|--------------------------------|
85.59      |42.94     |29.63     |2.51      |10.51     |    |0.3568     |0.4287    |0.0579    |0.1082    |0.2073    |

Saving model with new best mAP: 0.2073

=== EPOCH 80/99 ===
Learning Rate = 0.0002621440000000001

TRAIN STATS
Total Loss |Box Loss  |Conf Loss |NoObj Loss|Class Loss|     | No mAP in this epoch |
-----------|----------|--------------------------------|
27.46      |10.10     |11.50     |3.49      |2.36      |

VAL STATS
Total Loss |Box Loss  |Conf Loss |NoObj Loss|Class Loss|     | No mAP in this epoch |
-----------|----------|--------------------------------|
84.81      |42.55     |29.55     |2.45      |10.26     |


=== EPOCH 81/99 ===
Learning Rate = 0.0002621440000000001

TRAIN STATS
Total Loss |Box Loss  |Conf Loss |NoObj Loss|Class Loss|     | No mAP in this epoch |
-----------|----------|--------------------------------|
27.45      |10.05     |11.54     |3.45      |2.41      |

VAL STATS
Total Loss |Box Loss  |Conf Loss |NoObj Loss|Class Loss|     | No mAP in this epoch |
-----------|----------|--------------------------------|
85.74      |43.32     |29.41     |2.58      |10.43     |


=== EPOCH 82/99 ===
Learning Rate = 0.00020971520000000012

TRAIN STATS
Total Loss |Box Loss  |Conf Loss |NoObj Loss|Class Loss|     | No mAP in this epoch |
-----------|----------|--------------------------------|
27.41      |10.08     |11.58     |3.39      |2.36      |

VAL STATS
Total Loss |Box Loss  |Conf Loss |NoObj Loss|Class Loss|     | No mAP in this epoch |
-----------|----------|--------------------------------|
86.81      |44.44     |29.13     |2.68      |10.56     |


=== EPOCH 83/99 ===
Learning Rate = 0.00020971520000000012

TRAIN STATS
Total Loss |Box Loss  |Conf Loss |NoObj Loss|Class Loss|     | No mAP in this epoch |
-----------|----------|--------------------------------|
26.82      |9.74      |11.35     |3.38      |2.35      |

VAL STATS
Total Loss |Box Loss  |Conf Loss |NoObj Loss|Class Loss|     | No mAP in this epoch |
-----------|----------|--------------------------------|
85.40      |43.12     |29.24     |2.57      |10.46     |


=== EPOCH 84/99 ===
Learning Rate = 0.00020971520000000012

TRAIN STATS
Total Loss |Box Loss  |Conf Loss |NoObj Loss|Class Loss|    |Smoke AP   |Smoke AR  |Fire AP   |Fire AR   |mAP:0.50  |
-----------|----------|--------------------------------|    |-----------|----------|--------------------------------|
26.51      |9.68      |11.21     |3.40      |2.23      |    |0.5263     |0.6565    |0.1197    |0.2972    |0.3230    |

VAL STATS
Total Loss |Box Loss  |Conf Loss |NoObj Loss|Class Loss|    |Smoke AP   |Smoke AR  |Fire AP   |Fire AR   |mAP:0.50  |
-----------|----------|--------------------------------|    |-----------|----------|--------------------------------|
84.85      |42.88     |28.84     |2.79      |10.34     |    |0.3735     |0.4408    |0.0627    |0.1030    |0.2181    |

Saving model with new best mAP: 0.2181

=== EPOCH 85/99 ===
Learning Rate = 0.00020971520000000012

TRAIN STATS
Total Loss |Box Loss  |Conf Loss |NoObj Loss|Class Loss|     | No mAP in this epoch |
-----------|----------|--------------------------------|
27.08      |9.96      |11.42     |3.38      |2.32      |

VAL STATS
Total Loss |Box Loss  |Conf Loss |NoObj Loss|Class Loss|     | No mAP in this epoch |
-----------|----------|--------------------------------|
84.95      |42.92     |29.13     |2.61      |10.29     |


=== EPOCH 86/99 ===
Learning Rate = 0.0001677721600000001

TRAIN STATS
Total Loss |Box Loss  |Conf Loss |NoObj Loss|Class Loss|     | No mAP in this epoch |
-----------|----------|--------------------------------|
26.07      |9.51      |10.98     |3.31      |2.26      |

VAL STATS
Total Loss |Box Loss  |Conf Loss |NoObj Loss|Class Loss|     | No mAP in this epoch |
-----------|----------|--------------------------------|
84.32      |42.60     |28.84     |2.71      |10.17     |


=== EPOCH 87/99 ===
Learning Rate = 0.0001677721600000001

TRAIN STATS
Total Loss |Box Loss  |Conf Loss |NoObj Loss|Class Loss|     | No mAP in this epoch |
-----------|----------|--------------------------------|
26.44      |9.76      |11.18     |3.37      |2.13      |

VAL STATS
Total Loss |Box Loss  |Conf Loss |NoObj Loss|Class Loss|     | No mAP in this epoch |
-----------|----------|--------------------------------|
84.19      |42.05     |28.96     |2.65      |10.53     |


=== EPOCH 88/99 ===
Learning Rate = 0.0001677721600000001

TRAIN STATS
Total Loss |Box Loss  |Conf Loss |NoObj Loss|Class Loss|     | No mAP in this epoch |
-----------|----------|--------------------------------|
26.51      |9.60      |11.34     |3.33      |2.24      |

VAL STATS
Total Loss |Box Loss  |Conf Loss |NoObj Loss|Class Loss|     | No mAP in this epoch |
-----------|----------|--------------------------------|
83.88      |41.82     |29.15     |2.60      |10.31     |

Saving model with new best validation loss: 83.876

=== EPOCH 89/99 ===
Learning Rate = 0.0001677721600000001

TRAIN STATS
Total Loss |Box Loss  |Conf Loss |NoObj Loss|Class Loss|    |Smoke AP   |Smoke AR  |Fire AP   |Fire AR   |mAP:0.50  |
-----------|----------|--------------------------------|    |-----------|----------|--------------------------------|
25.88      |9.38      |10.86     |3.37      |2.27      |    |0.5583     |0.6771    |0.1501    |0.3111    |0.3542    |

VAL STATS
Total Loss |Box Loss  |Conf Loss |NoObj Loss|Class Loss|    |Smoke AP   |Smoke AR  |Fire AP   |Fire AR   |mAP:0.50  |
-----------|----------|--------------------------------|    |-----------|----------|--------------------------------|
83.91      |41.80     |29.01     |2.61      |10.49     |    |0.3645     |0.4341    |0.0636    |0.1061    |0.2140    |


=== EPOCH 90/99 ===
Learning Rate = 0.0001677721600000001

TRAIN STATS
Total Loss |Box Loss  |Conf Loss |NoObj Loss|Class Loss|     | No mAP in this epoch |
-----------|----------|--------------------------------|
26.11      |9.55      |11.08     |3.29      |2.19      |

VAL STATS
Total Loss |Box Loss  |Conf Loss |NoObj Loss|Class Loss|     | No mAP in this epoch |
-----------|----------|--------------------------------|
84.53      |42.15     |29.20     |2.56      |10.62     |


=== EPOCH 91/99 ===
Learning Rate = 0.0001677721600000001

TRAIN STATS
Total Loss |Box Loss  |Conf Loss |NoObj Loss|Class Loss|     | No mAP in this epoch |
-----------|----------|--------------------------------|
26.06      |9.45      |11.08     |3.32      |2.22      |

VAL STATS
Total Loss |Box Loss  |Conf Loss |NoObj Loss|Class Loss|     | No mAP in this epoch |
-----------|----------|--------------------------------|
83.99      |42.05     |28.91     |2.62      |10.40     |


=== EPOCH 92/99 ===
Learning Rate = 0.0001677721600000001

TRAIN STATS
Total Loss |Box Loss  |Conf Loss |NoObj Loss|Class Loss|     | No mAP in this epoch |
-----------|----------|--------------------------------|
26.25      |9.51      |11.16     |3.38      |2.20      |

VAL STATS
Total Loss |Box Loss  |Conf Loss |NoObj Loss|Class Loss|     | No mAP in this epoch |
-----------|----------|--------------------------------|
83.48      |41.66     |29.09     |2.51      |10.23     |

Saving model with new best validation loss: 83.477

=== EPOCH 93/99 ===
Learning Rate = 0.0001677721600000001

TRAIN STATS
Total Loss |Box Loss  |Conf Loss |NoObj Loss|Class Loss|     | No mAP in this epoch |
-----------|----------|--------------------------------|
25.79      |9.21      |10.99     |3.41      |2.19      |

VAL STATS
Total Loss |Box Loss  |Conf Loss |NoObj Loss|Class Loss|     | No mAP in this epoch |
-----------|----------|--------------------------------|
84.18      |42.04     |29.22     |2.56      |10.35     |


=== EPOCH 94/99 ===
Learning Rate = 0.0001677721600000001

TRAIN STATS
Total Loss |Box Loss  |Conf Loss |NoObj Loss|Class Loss|    |Smoke AP   |Smoke AR  |Fire AP   |Fire AR   |mAP:0.50  |
-----------|----------|--------------------------------|    |-----------|----------|--------------------------------|
25.59      |9.32      |10.90     |3.26      |2.11      |    |0.5660     |0.6811    |0.1396    |0.3159    |0.3528    |

VAL STATS
Total Loss |Box Loss  |Conf Loss |NoObj Loss|Class Loss|    |Smoke AP   |Smoke AR  |Fire AP   |Fire AR   |mAP:0.50  |
-----------|----------|--------------------------------|    |-----------|----------|--------------------------------|
83.36      |42.08     |28.53     |2.89      |9.87      |    |0.3656     |0.4402    |0.0693    |0.1186    |0.2175    |

Saving model with new best validation loss: 83.362

=== EPOCH 95/99 ===
Learning Rate = 0.0001677721600000001

TRAIN STATS
Total Loss |Box Loss  |Conf Loss |NoObj Loss|Class Loss|     | No mAP in this epoch |
-----------|----------|--------------------------------|
25.74      |9.40      |10.93     |3.23      |2.17      |

VAL STATS
Total Loss |Box Loss  |Conf Loss |NoObj Loss|Class Loss|     | No mAP in this epoch |
-----------|----------|--------------------------------|
83.41      |41.33     |29.00     |2.52      |10.56     |


=== EPOCH 96/99 ===
Learning Rate = 0.0001677721600000001

TRAIN STATS
Total Loss |Box Loss  |Conf Loss |NoObj Loss|Class Loss|     | No mAP in this epoch |
-----------|----------|--------------------------------|
25.67      |9.30      |10.86     |3.33      |2.19      |

VAL STATS
Total Loss |Box Loss  |Conf Loss |NoObj Loss|Class Loss|     | No mAP in this epoch |
-----------|----------|--------------------------------|
85.10      |42.52     |29.22     |2.46      |10.90     |


=== EPOCH 97/99 ===
Learning Rate = 0.0001677721600000001

TRAIN STATS
Total Loss |Box Loss  |Conf Loss |NoObj Loss|Class Loss|     | No mAP in this epoch |
-----------|----------|--------------------------------|
25.38      |9.12      |10.74     |3.26      |2.26      |

VAL STATS
Total Loss |Box Loss  |Conf Loss |NoObj Loss|Class Loss|     | No mAP in this epoch |
-----------|----------|--------------------------------|
83.37      |41.70     |28.85     |2.62      |10.20     |


=== EPOCH 98/99 ===
Learning Rate = 0.0001677721600000001

TRAIN STATS
Total Loss |Box Loss  |Conf Loss |NoObj Loss|Class Loss|     | No mAP in this epoch |
-----------|----------|--------------------------------|
25.67      |9.27      |10.90     |3.28      |2.23      |

VAL STATS
Total Loss |Box Loss  |Conf Loss |NoObj Loss|Class Loss|     | No mAP in this epoch |
-----------|----------|--------------------------------|
84.05      |41.40     |29.20     |2.58      |10.87     |


=== EPOCH 99/99 ===
Learning Rate = 0.00013421772800000008

TRAIN STATS
Total Loss |Box Loss  |Conf Loss |NoObj Loss|Class Loss|    |Smoke AP   |Smoke AR  |Fire AP   |Fire AR   |mAP:0.50  |
-----------|----------|--------------------------------|    |-----------|----------|--------------------------------|
26.02      |9.49      |11.06     |3.27      |2.20      |    |0.5535     |0.6772    |0.1501    |0.3274    |0.3518    |

VAL STATS
Total Loss |Box Loss  |Conf Loss |NoObj Loss|Class Loss|    |Smoke AP   |Smoke AR  |Fire AP   |Fire AR   |mAP:0.50  |
-----------|----------|--------------------------------|    |-----------|----------|--------------------------------|
83.72      |41.69     |28.93     |2.64      |10.47     |    |0.3764     |0.4426    |0.0703    |0.1165    |0.2234    |

Saving model with new best mAP: 0.2234
Saving last model

***Script finished: 17:09:11

Time elapsed: 0:28:00.171408


DFire Aladdin Metrics:

mAP @0.50   0.2161
Average Precision
- Smoke     0.3684
- Fire      0.0639
Class Precision
- Smoke     0.6015
- Fire      0.3003
Class Recall
- Smoke     0.4426
- Fire      0.1165


DFire Aladdin Metrics: threshold changed to 0.001

mAP @0.50   0.2308
Average Precision
- Smoke     0.3920
- Fire      0.0696
Class Precision
- Smoke     0.0234
- Fire      0.0368
Class Recall
- Smoke     0.5112
- Fire      0.1488


DFire Aladdin Metrics: threshold changed back to 0.2 and IOU to 0.3

mAP @0.50   0.3265
Average Precision
- Smoke     0.4844
- Fire      0.1686
Class Precision
- Smoke     0.7170
- Fire      0.5389
Class Recall
- Smoke     0.5276
- Fire      0.2092


DFire Aladdin Metrics: threshold 0.001 again and IOU to 0.3

mAP @0.50   0.3609
Average Precision
- Smoke     0.5264
- Fire      0.1954
Class Precision
- Smoke     0.0290
- Fire      0.0709
Class Recall
- Smoke     0.6333
- Fire      0.2862
