BED Classifier XS Tiny. Trying to reduce it: v4, One Head. 255 Normalization. Weighted for Precision. Little Dataset
DFire Removed wrong images: 0
DFire empty images: 31
DFire only smoke images: 17
DFire only fire images: 2
DFire smoke and fire images: 14

TRAIN DFIRE dataset
DFire Removed wrong images: 0
DFire empty images: 3714
DFire only smoke images: 2234
DFire only fire images: 474
DFire smoke and fire images: 1770
Train dataset len: 8192

TEST DFire dataset
DFire Removed wrong images: 0
DFire empty images: 241
DFire only smoke images: 141
DFire only fire images: 30
DFire smoke and fire images: 100
Test dataset len: 512
Using BED Classifier
Model shape is tensor([[ 0.2087,  0.0140],
        [ 0.2634,  0.0460],
        [ 0.2952,  0.0957],
        [ 0.3453, -0.0097]], device='cuda:0', grad_fn=<AddmmBackward0>)
BED Model Arquitecture
BED_CLASSIFIER(
  (model): Sequential(
    (0): Conv2d(3, 32, kernel_size=(3, 3), stride=(1, 1), padding=(1, 1), bias=False)
    (1): BatchNorm2d(32, eps=1e-05, momentum=0.1, affine=False, track_running_stats=True)
    (2): ReLU()
    (3): Dropout2d(p=0.3, inplace=False)
    (4): MaxPool2d(kernel_size=2, stride=2, padding=0, dilation=1, ceil_mode=False)
    (5): Conv2d(32, 16, kernel_size=(3, 3), stride=(1, 1), padding=(1, 1), bias=False)
    (6): BatchNorm2d(16, eps=1e-05, momentum=0.1, affine=False, track_running_stats=True)
    (7): ReLU()
    (8): Dropout2d(p=0.3, inplace=False)
    (9): MaxPool2d(kernel_size=2, stride=2, padding=0, dilation=1, ceil_mode=False)
    (10): Conv2d(16, 16, kernel_size=(1, 1), stride=(1, 1), bias=False)
    (11): BatchNorm2d(16, eps=1e-05, momentum=0.1, affine=False, track_running_stats=True)
    (12): ReLU()
    (13): Conv2d(16, 32, kernel_size=(3, 3), stride=(1, 1), padding=(1, 1), bias=False)
    (14): BatchNorm2d(32, eps=1e-05, momentum=0.1, affine=False, track_running_stats=True)
    (15): ReLU()
    (16): Conv2d(32, 32, kernel_size=(1, 1), stride=(1, 1), bias=False)
    (17): BatchNorm2d(32, eps=1e-05, momentum=0.1, affine=False, track_running_stats=True)
    (18): ReLU()
    (19): Conv2d(32, 64, kernel_size=(3, 3), stride=(1, 1), padding=(1, 1), bias=False)
    (20): BatchNorm2d(64, eps=1e-05, momentum=0.1, affine=False, track_running_stats=True)
    (21): ReLU()
    (22): MaxPool2d(kernel_size=2, stride=2, padding=0, dilation=1, ceil_mode=False)
    (23): Conv2d(64, 32, kernel_size=(1, 1), stride=(1, 1), bias=False)
    (24): BatchNorm2d(32, eps=1e-05, momentum=0.1, affine=False, track_running_stats=True)
    (25): ReLU()
    (26): Conv2d(32, 64, kernel_size=(3, 3), stride=(1, 1), padding=(1, 1), bias=False)
    (27): BatchNorm2d(64, eps=1e-05, momentum=0.1, affine=False, track_running_stats=True)
    (28): ReLU()
    (29): Conv2d(64, 32, kernel_size=(1, 1), stride=(1, 1), bias=False)
    (30): BatchNorm2d(32, eps=1e-05, momentum=0.1, affine=False, track_running_stats=True)
    (31): ReLU()
    (32): Conv2d(32, 64, kernel_size=(3, 3), stride=(1, 1), padding=(1, 1), bias=False)
    (33): BatchNorm2d(64, eps=1e-05, momentum=0.1, affine=False, track_running_stats=True)
    (34): ReLU()
    (35): Conv2d(64, 32, kernel_size=(1, 1), stride=(1, 1), bias=False)
    (36): BatchNorm2d(32, eps=1e-05, momentum=0.1, affine=False, track_running_stats=True)
    (37): ReLU()
    (38): Conv2d(32, 64, kernel_size=(3, 3), stride=(1, 1), padding=(1, 1), bias=False)
    (39): BatchNorm2d(64, eps=1e-05, momentum=0.1, affine=False, track_running_stats=True)
    (40): ReLU()
    (41): AdaptiveAvgPool2d(output_size=(1, 1))
    (42): Flatten(start_dim=1, end_dim=-1)
    (43): Dropout(p=0.2, inplace=False)
    (44): Linear(in_features=64, out_features=16, bias=True)
    (45): ReLU()
    (46): Linear(in_features=16, out_features=2, bias=True)
  )
)

Trainable parameters = 92306
Total parameters = 92306

Starting script

Device: cuda
Learning Rate: 0.001
Weight Decay: 0.001
Batch Size: 64
IMG DIMS: (224, 224)
W: 224
H: 224
Loss Function: BCE
Smoke Precision Weight: 0.7

***Start Training: 11:32:48

Initializing Weights

=== EPOCH 0/124 ===
Learning Rate = 0.001

TRAIN losses
Total Loss  |Smoke Loss  |Fire Loss   
------------ ------------ ------------
72.230      |36.905      |35.325      


VAL losses
Total Loss  |Smoke Loss  |Fire Loss   
------------ ------------ ------------
63.492      |36.350      |27.142      

VAL Metrics
SMOKE -> Precision: 0.000 - Recall: 0.000 - Accuracy: 0.529 - F1: 0.000
FIRE -> Precision: 0.000 - Recall: 0.000 - Accuracy: 0.746 - F1: 0.000

Saving model with new best validation loss: 63.492

=== EPOCH 1/124 ===
Learning Rate = 0.001

TRAIN losses
Total Loss  |Smoke Loss  |Fire Loss   
------------ ------------ ------------
65.317      |36.493      |28.823      


VAL losses
Total Loss  |Smoke Loss  |Fire Loss   
------------ ------------ ------------
60.391      |35.777      |24.614      

VAL Metrics
SMOKE -> Precision: 0.000 - Recall: 0.000 - Accuracy: 0.529 - F1: 0.000
FIRE -> Precision: 0.750 - Recall: 0.508 - Accuracy: 0.832 - F1: 0.606

Saving model with new best validation loss: 60.391

=== EPOCH 2/124 ===
Learning Rate = 0.001

TRAIN losses
Total Loss  |Smoke Loss  |Fire Loss   
------------ ------------ ------------
63.229      |36.306      |26.923      


VAL losses
Total Loss  |Smoke Loss  |Fire Loss   
------------ ------------ ------------
60.734      |35.854      |24.880      

VAL Metrics
SMOKE -> Precision: 0.000 - Recall: 0.000 - Accuracy: 0.529 - F1: 0.000
FIRE -> Precision: 0.719 - Recall: 0.631 - Accuracy: 0.844 - F1: 0.672

=== EPOCH 3/124 ===
Learning Rate = 0.001

TRAIN losses
Total Loss  |Smoke Loss  |Fire Loss   
------------ ------------ ------------
61.489      |35.861      |25.629      


VAL losses
Total Loss  |Smoke Loss  |Fire Loss   
------------ ------------ ------------
57.437      |35.294      |22.144      

VAL Metrics
SMOKE -> Precision: 0.000 - Recall: 0.000 - Accuracy: 0.529 - F1: 0.000
FIRE -> Precision: 0.787 - Recall: 0.538 - Accuracy: 0.846 - F1: 0.639

Saving model with new best validation loss: 57.437

=== EPOCH 4/124 ===
Learning Rate = 0.001

TRAIN losses
Total Loss  |Smoke Loss  |Fire Loss   
------------ ------------ ------------
60.430      |35.944      |24.486      


VAL losses
Total Loss  |Smoke Loss  |Fire Loss   
------------ ------------ ------------
57.103      |35.394      |21.709      

VAL Metrics
SMOKE -> Precision: 0.607 - Recall: 0.212 - Accuracy: 0.564 - F1: 0.314
FIRE -> Precision: 0.720 - Recall: 0.592 - Accuracy: 0.838 - F1: 0.650

Saving model with new best validation loss: 57.103

=== EPOCH 5/124 ===
Learning Rate = 0.001

TRAIN losses
Total Loss  |Smoke Loss  |Fire Loss   
------------ ------------ ------------
58.148      |35.524      |22.623      


VAL losses
Total Loss  |Smoke Loss  |Fire Loss   
------------ ------------ ------------
54.633      |34.358      |20.275      

VAL Metrics
SMOKE -> Precision: 0.773 - Recall: 0.282 - Accuracy: 0.623 - F1: 0.413
FIRE -> Precision: 0.798 - Recall: 0.700 - Accuracy: 0.879 - F1: 0.746

Saving model with new best validation loss: 54.633

=== EPOCH 6/124 ===
Learning Rate = 0.001

TRAIN losses
Total Loss  |Smoke Loss  |Fire Loss   
------------ ------------ ------------
57.389      |35.063      |22.326      


VAL losses
Total Loss  |Smoke Loss  |Fire Loss   
------------ ------------ ------------
51.972      |33.717      |18.255      

VAL Metrics
SMOKE -> Precision: 0.803 - Recall: 0.237 - Accuracy: 0.613 - F1: 0.365
FIRE -> Precision: 0.809 - Recall: 0.685 - Accuracy: 0.879 - F1: 0.742

Saving model with new best validation loss: 51.972

=== EPOCH 7/124 ===
Learning Rate = 0.001

TRAIN losses
Total Loss  |Smoke Loss  |Fire Loss   
------------ ------------ ------------
56.078      |34.575      |21.503      


VAL losses
Total Loss  |Smoke Loss  |Fire Loss   
------------ ------------ ------------
51.067      |32.970      |18.097      

VAL Metrics
SMOKE -> Precision: 0.817 - Recall: 0.278 - Accuracy: 0.631 - F1: 0.415
FIRE -> Precision: 0.840 - Recall: 0.685 - Accuracy: 0.887 - F1: 0.754

Saving model with new best validation loss: 51.067

=== EPOCH 8/124 ===
Learning Rate = 0.001

TRAIN losses
Total Loss  |Smoke Loss  |Fire Loss   
------------ ------------ ------------
55.097      |34.126      |20.972      


VAL losses
Total Loss  |Smoke Loss  |Fire Loss   
------------ ------------ ------------
50.834      |33.047      |17.787      

VAL Metrics
SMOKE -> Precision: 0.802 - Recall: 0.303 - Accuracy: 0.637 - F1: 0.440
FIRE -> Precision: 0.790 - Recall: 0.723 - Accuracy: 0.881 - F1: 0.755

Saving model with new best validation loss: 50.834

=== EPOCH 9/124 ===
Learning Rate = 0.001

TRAIN losses
Total Loss  |Smoke Loss  |Fire Loss   
------------ ------------ ------------
54.242      |33.690      |20.552      


VAL losses
Total Loss  |Smoke Loss  |Fire Loss   
------------ ------------ ------------
51.324      |32.316      |19.008      

VAL Metrics
SMOKE -> Precision: 0.796 - Recall: 0.307 - Accuracy: 0.637 - F1: 0.443
FIRE -> Precision: 0.856 - Recall: 0.638 - Accuracy: 0.881 - F1: 0.731

=== EPOCH 10/124 ===
Learning Rate = 0.001

TRAIN losses
Total Loss  |Smoke Loss  |Fire Loss   
------------ ------------ ------------
53.297      |33.224      |20.072      


VAL losses
Total Loss  |Smoke Loss  |Fire Loss   
------------ ------------ ------------
48.975      |31.779      |17.196      

VAL Metrics
SMOKE -> Precision: 0.813 - Recall: 0.361 - Accuracy: 0.660 - F1: 0.500
FIRE -> Precision: 0.818 - Recall: 0.692 - Accuracy: 0.883 - F1: 0.750

Saving model with new best validation loss: 48.975

=== EPOCH 11/124 ===
Learning Rate = 0.001

TRAIN losses
Total Loss  |Smoke Loss  |Fire Loss   
------------ ------------ ------------
52.306      |33.013      |19.293      


VAL losses
Total Loss  |Smoke Loss  |Fire Loss   
------------ ------------ ------------
47.671      |30.870      |16.801      

VAL Metrics
SMOKE -> Precision: 0.852 - Recall: 0.432 - Accuracy: 0.697 - F1: 0.573
FIRE -> Precision: 0.823 - Recall: 0.715 - Accuracy: 0.889 - F1: 0.765

Saving model with new best validation loss: 47.671

=== EPOCH 12/124 ===
Learning Rate = 0.001

TRAIN losses
Total Loss  |Smoke Loss  |Fire Loss   
------------ ------------ ------------
51.901      |32.628      |19.273      


VAL losses
Total Loss  |Smoke Loss  |Fire Loss   
------------ ------------ ------------
50.108      |31.793      |18.315      

VAL Metrics
SMOKE -> Precision: 0.881 - Recall: 0.307 - Accuracy: 0.654 - F1: 0.455
FIRE -> Precision: 0.878 - Recall: 0.608 - Accuracy: 0.879 - F1: 0.718

=== EPOCH 13/124 ===
Learning Rate = 0.001

TRAIN losses
Total Loss  |Smoke Loss  |Fire Loss   
------------ ------------ ------------
51.293      |32.282      |19.011      


VAL losses
Total Loss  |Smoke Loss  |Fire Loss   
------------ ------------ ------------
47.597      |31.097      |16.500      

VAL Metrics
SMOKE -> Precision: 0.816 - Recall: 0.349 - Accuracy: 0.656 - F1: 0.488
FIRE -> Precision: 0.891 - Recall: 0.692 - Accuracy: 0.900 - F1: 0.779

Saving model with new best validation loss: 47.597

=== EPOCH 14/124 ===
Learning Rate = 0.001

TRAIN losses
Total Loss  |Smoke Loss  |Fire Loss   
------------ ------------ ------------
50.529      |32.100      |18.429      


VAL losses
Total Loss  |Smoke Loss  |Fire Loss   
------------ ------------ ------------
46.654      |31.089      |15.565      

VAL Metrics
SMOKE -> Precision: 0.728 - Recall: 0.643 - Accuracy: 0.719 - F1: 0.683
FIRE -> Precision: 0.842 - Recall: 0.777 - Accuracy: 0.906 - F1: 0.808

Saving model with new best validation loss: 46.654

=== EPOCH 15/124 ===
Learning Rate = 0.001

TRAIN losses
Total Loss  |Smoke Loss  |Fire Loss   
------------ ------------ ------------
49.968      |31.583      |18.385      


VAL losses
Total Loss  |Smoke Loss  |Fire Loss   
------------ ------------ ------------
46.138      |30.063      |16.075      

VAL Metrics
SMOKE -> Precision: 0.762 - Recall: 0.506 - Accuracy: 0.693 - F1: 0.608
FIRE -> Precision: 0.811 - Recall: 0.823 - Accuracy: 0.906 - F1: 0.817

Saving model with new best validation loss: 46.138

=== EPOCH 16/124 ===
Learning Rate = 0.001

TRAIN losses
Total Loss  |Smoke Loss  |Fire Loss   
------------ ------------ ------------
48.861      |31.308      |17.554      


VAL losses
Total Loss  |Smoke Loss  |Fire Loss   
------------ ------------ ------------
45.026      |29.582      |15.444      

VAL Metrics
SMOKE -> Precision: 0.843 - Recall: 0.444 - Accuracy: 0.699 - F1: 0.582
FIRE -> Precision: 0.864 - Recall: 0.731 - Accuracy: 0.902 - F1: 0.792

Saving model with new best validation loss: 45.026

=== EPOCH 17/124 ===
Learning Rate = 0.001

TRAIN losses
Total Loss  |Smoke Loss  |Fire Loss   
------------ ------------ ------------
48.635      |31.061      |17.574      


VAL losses
Total Loss  |Smoke Loss  |Fire Loss   
------------ ------------ ------------
46.302      |30.199      |16.103      

VAL Metrics
SMOKE -> Precision: 0.884 - Recall: 0.315 - Accuracy: 0.658 - F1: 0.465
FIRE -> Precision: 0.927 - Recall: 0.685 - Accuracy: 0.906 - F1: 0.788

=== EPOCH 18/124 ===
Learning Rate = 0.001

TRAIN losses
Total Loss  |Smoke Loss  |Fire Loss   
------------ ------------ ------------
48.609      |31.060      |17.549      


VAL losses
Total Loss  |Smoke Loss  |Fire Loss   
------------ ------------ ------------
46.522      |30.156      |16.366      

VAL Metrics
SMOKE -> Precision: 0.824 - Recall: 0.369 - Accuracy: 0.666 - F1: 0.510
FIRE -> Precision: 0.947 - Recall: 0.685 - Accuracy: 0.910 - F1: 0.795

=== EPOCH 19/124 ===
Learning Rate = 0.001

TRAIN losses
Total Loss  |Smoke Loss  |Fire Loss   
------------ ------------ ------------
47.869      |30.666      |17.202      


VAL losses
Total Loss  |Smoke Loss  |Fire Loss   
------------ ------------ ------------
44.055      |29.541      |14.514      

VAL Metrics
SMOKE -> Precision: 0.750 - Recall: 0.622 - Accuracy: 0.725 - F1: 0.680
FIRE -> Precision: 0.903 - Recall: 0.785 - Accuracy: 0.924 - F1: 0.840

Saving model with new best validation loss: 44.055

=== EPOCH 20/124 ===
Learning Rate = 0.001

TRAIN losses
Total Loss  |Smoke Loss  |Fire Loss   
------------ ------------ ------------
47.358      |30.150      |17.207      


VAL losses
Total Loss  |Smoke Loss  |Fire Loss   
------------ ------------ ------------
42.661      |28.341      |14.320      

VAL Metrics
SMOKE -> Precision: 0.818 - Recall: 0.485 - Accuracy: 0.707 - F1: 0.609
FIRE -> Precision: 0.853 - Recall: 0.846 - Accuracy: 0.924 - F1: 0.849

Saving model with new best validation loss: 42.661

=== EPOCH 21/124 ===
Learning Rate = 0.001

TRAIN losses
Total Loss  |Smoke Loss  |Fire Loss   
------------ ------------ ------------
46.996      |30.101      |16.895      


VAL losses
Total Loss  |Smoke Loss  |Fire Loss   
------------ ------------ ------------
42.696      |28.407      |14.289      

VAL Metrics
SMOKE -> Precision: 0.809 - Recall: 0.527 - Accuracy: 0.719 - F1: 0.638
FIRE -> Precision: 0.835 - Recall: 0.854 - Accuracy: 0.920 - F1: 0.844

=== EPOCH 22/124 ===
Learning Rate = 0.001

TRAIN losses
Total Loss  |Smoke Loss  |Fire Loss   
------------ ------------ ------------
45.996      |29.830      |16.166      


VAL losses
Total Loss  |Smoke Loss  |Fire Loss   
------------ ------------ ------------
44.045      |30.970      |13.075      

VAL Metrics
SMOKE -> Precision: 0.862 - Recall: 0.311 - Accuracy: 0.652 - F1: 0.457
FIRE -> Precision: 0.926 - Recall: 0.769 - Accuracy: 0.926 - F1: 0.840

=== EPOCH 23/124 ===
Learning Rate = 0.001

TRAIN losses
Total Loss  |Smoke Loss  |Fire Loss   
------------ ------------ ------------
45.866      |29.714      |16.152      


VAL losses
Total Loss  |Smoke Loss  |Fire Loss   
------------ ------------ ------------
40.845      |27.451      |13.394      

VAL Metrics
SMOKE -> Precision: 0.831 - Recall: 0.552 - Accuracy: 0.736 - F1: 0.663
FIRE -> Precision: 0.857 - Recall: 0.831 - Accuracy: 0.922 - F1: 0.844

Saving model with new best validation loss: 40.845

=== EPOCH 24/124 ===
Learning Rate = 0.001

TRAIN losses
Total Loss  |Smoke Loss  |Fire Loss   
------------ ------------ ------------
45.101      |29.261      |15.840      


VAL losses
Total Loss  |Smoke Loss  |Fire Loss   
------------ ------------ ------------
45.163      |29.636      |15.528      

VAL Metrics
SMOKE -> Precision: 0.800 - Recall: 0.548 - Accuracy: 0.723 - F1: 0.650
FIRE -> Precision: 0.957 - Recall: 0.677 - Accuracy: 0.910 - F1: 0.793

=== EPOCH 25/124 ===
Learning Rate = 0.001

TRAIN losses
Total Loss  |Smoke Loss  |Fire Loss   
------------ ------------ ------------
45.481      |29.429      |16.052      


VAL losses
Total Loss  |Smoke Loss  |Fire Loss   
------------ ------------ ------------
43.025      |27.975      |15.050      

VAL Metrics
SMOKE -> Precision: 0.814 - Recall: 0.564 - Accuracy: 0.734 - F1: 0.667
FIRE -> Precision: 0.979 - Recall: 0.715 - Accuracy: 0.924 - F1: 0.827

=== EPOCH 26/124 ===
Learning Rate = 0.001

TRAIN losses
Total Loss  |Smoke Loss  |Fire Loss   
------------ ------------ ------------
45.041      |29.230      |15.811      


VAL losses
Total Loss  |Smoke Loss  |Fire Loss   
------------ ------------ ------------
43.298      |28.678      |14.620      

VAL Metrics
SMOKE -> Precision: 0.842 - Recall: 0.398 - Accuracy: 0.682 - F1: 0.541
FIRE -> Precision: 0.950 - Recall: 0.731 - Accuracy: 0.922 - F1: 0.826

=== EPOCH 27/124 ===
Learning Rate = 0.0008

TRAIN losses
Total Loss  |Smoke Loss  |Fire Loss   
------------ ------------ ------------
43.982      |28.635      |15.348      


VAL losses
Total Loss  |Smoke Loss  |Fire Loss   
------------ ------------ ------------
40.677      |27.603      |13.075      

VAL Metrics
SMOKE -> Precision: 0.768 - Recall: 0.631 - Accuracy: 0.736 - F1: 0.692
FIRE -> Precision: 0.878 - Recall: 0.885 - Accuracy: 0.939 - F1: 0.881

Saving model with new best validation loss: 40.677

=== EPOCH 28/124 ===
Learning Rate = 0.0008

TRAIN losses
Total Loss  |Smoke Loss  |Fire Loss   
------------ ------------ ------------
42.830      |28.061      |14.769      


VAL losses
Total Loss  |Smoke Loss  |Fire Loss   
------------ ------------ ------------
39.194      |26.418      |12.776      

VAL Metrics
SMOKE -> Precision: 0.804 - Recall: 0.631 - Accuracy: 0.754 - F1: 0.707
FIRE -> Precision: 0.915 - Recall: 0.823 - Accuracy: 0.936 - F1: 0.866

Saving model with new best validation loss: 39.194

=== EPOCH 29/124 ===
Learning Rate = 0.0008

TRAIN losses
Total Loss  |Smoke Loss  |Fire Loss   
------------ ------------ ------------
42.790      |28.018      |14.773      


VAL losses
Total Loss  |Smoke Loss  |Fire Loss   
------------ ------------ ------------
40.765      |27.566      |13.199      

VAL Metrics
SMOKE -> Precision: 0.873 - Recall: 0.485 - Accuracy: 0.725 - F1: 0.624
FIRE -> Precision: 0.952 - Recall: 0.762 - Accuracy: 0.930 - F1: 0.846

=== EPOCH 30/124 ===
Learning Rate = 0.0008

TRAIN losses
Total Loss  |Smoke Loss  |Fire Loss   
------------ ------------ ------------
42.866      |28.116      |14.750      


VAL losses
Total Loss  |Smoke Loss  |Fire Loss   
------------ ------------ ------------
43.654      |27.835      |15.819      

VAL Metrics
SMOKE -> Precision: 0.899 - Recall: 0.407 - Accuracy: 0.699 - F1: 0.560
FIRE -> Precision: 0.989 - Recall: 0.662 - Accuracy: 0.912 - F1: 0.793

=== EPOCH 31/124 ===
Learning Rate = 0.0008

TRAIN losses
Total Loss  |Smoke Loss  |Fire Loss   
------------ ------------ ------------
42.777      |27.860      |14.917      


VAL losses
Total Loss  |Smoke Loss  |Fire Loss   
------------ ------------ ------------
39.477      |26.285      |13.192      

VAL Metrics
SMOKE -> Precision: 0.819 - Recall: 0.618 - Accuracy: 0.756 - F1: 0.704
FIRE -> Precision: 0.883 - Recall: 0.869 - Accuracy: 0.938 - F1: 0.876

=== EPOCH 32/124 ===
Learning Rate = 0.00064

TRAIN losses
Total Loss  |Smoke Loss  |Fire Loss   
------------ ------------ ------------
41.920      |27.628      |14.291      


VAL losses
Total Loss  |Smoke Loss  |Fire Loss   
------------ ------------ ------------
38.970      |26.308      |12.662      

VAL Metrics
SMOKE -> Precision: 0.777 - Recall: 0.710 - Accuracy: 0.768 - F1: 0.742
FIRE -> Precision: 0.953 - Recall: 0.785 - Accuracy: 0.936 - F1: 0.861

Saving model with new best validation loss: 38.970

=== EPOCH 33/124 ===
Learning Rate = 0.00064

TRAIN losses
Total Loss  |Smoke Loss  |Fire Loss   
------------ ------------ ------------
41.130      |26.891      |14.239      


VAL losses
Total Loss  |Smoke Loss  |Fire Loss   
------------ ------------ ------------
39.364      |26.585      |12.779      

VAL Metrics
SMOKE -> Precision: 0.841 - Recall: 0.527 - Accuracy: 0.730 - F1: 0.648
FIRE -> Precision: 0.938 - Recall: 0.808 - Accuracy: 0.938 - F1: 0.868

=== EPOCH 34/124 ===
Learning Rate = 0.00064

TRAIN losses
Total Loss  |Smoke Loss  |Fire Loss   
------------ ------------ ------------
40.851      |27.198      |13.652      


VAL losses
Total Loss  |Smoke Loss  |Fire Loss   
------------ ------------ ------------
39.618      |26.049      |13.569      

VAL Metrics
SMOKE -> Precision: 0.855 - Recall: 0.465 - Accuracy: 0.711 - F1: 0.602
FIRE -> Precision: 1.000 - Recall: 0.738 - Accuracy: 0.934 - F1: 0.850

=== EPOCH 35/124 ===
Learning Rate = 0.00064

TRAIN losses
Total Loss  |Smoke Loss  |Fire Loss   
------------ ------------ ------------
40.947      |27.008      |13.939      


VAL losses
Total Loss  |Smoke Loss  |Fire Loss   
------------ ------------ ------------
37.607      |25.302      |12.306      

VAL Metrics
SMOKE -> Precision: 0.808 - Recall: 0.647 - Accuracy: 0.762 - F1: 0.719
FIRE -> Precision: 0.971 - Recall: 0.769 - Accuracy: 0.936 - F1: 0.858

Saving model with new best validation loss: 37.607

=== EPOCH 36/124 ===
Learning Rate = 0.00064

TRAIN losses
Total Loss  |Smoke Loss  |Fire Loss   
------------ ------------ ------------
40.566      |26.475      |14.092      


VAL losses
Total Loss  |Smoke Loss  |Fire Loss   
------------ ------------ ------------
36.742      |24.675      |12.067      

VAL Metrics
SMOKE -> Precision: 0.848 - Recall: 0.627 - Accuracy: 0.771 - F1: 0.721
FIRE -> Precision: 0.952 - Recall: 0.769 - Accuracy: 0.932 - F1: 0.851

Saving model with new best validation loss: 36.742

=== EPOCH 37/124 ===
Learning Rate = 0.00064

TRAIN losses
Total Loss  |Smoke Loss  |Fire Loss   
------------ ------------ ------------
40.026      |26.277      |13.749      


VAL losses
Total Loss  |Smoke Loss  |Fire Loss   
------------ ------------ ------------
36.541      |24.797      |11.745      

VAL Metrics
SMOKE -> Precision: 0.798 - Recall: 0.656 - Accuracy: 0.760 - F1: 0.720
FIRE -> Precision: 0.876 - Recall: 0.869 - Accuracy: 0.936 - F1: 0.873

Saving model with new best validation loss: 36.541

=== EPOCH 38/124 ===
Learning Rate = 0.00064

TRAIN losses
Total Loss  |Smoke Loss  |Fire Loss   
------------ ------------ ------------
40.296      |26.358      |13.939      


VAL losses
Total Loss  |Smoke Loss  |Fire Loss   
------------ ------------ ------------
36.437      |24.687      |11.750      

VAL Metrics
SMOKE -> Precision: 0.828 - Recall: 0.660 - Accuracy: 0.775 - F1: 0.734
FIRE -> Precision: 0.881 - Recall: 0.854 - Accuracy: 0.934 - F1: 0.867

Saving model with new best validation loss: 36.437

=== EPOCH 39/124 ===
Learning Rate = 0.00064

TRAIN losses
Total Loss  |Smoke Loss  |Fire Loss   
------------ ------------ ------------
39.138      |26.035      |13.104      


VAL losses
Total Loss  |Smoke Loss  |Fire Loss   
------------ ------------ ------------
37.098      |25.415      |11.683      

VAL Metrics
SMOKE -> Precision: 0.843 - Recall: 0.556 - Accuracy: 0.742 - F1: 0.670
FIRE -> Precision: 0.948 - Recall: 0.838 - Accuracy: 0.947 - F1: 0.890

=== EPOCH 40/124 ===
Learning Rate = 0.00064

TRAIN losses
Total Loss  |Smoke Loss  |Fire Loss   
------------ ------------ ------------
39.929      |26.331      |13.598      


VAL losses
Total Loss  |Smoke Loss  |Fire Loss   
------------ ------------ ------------
35.539      |23.917      |11.622      

VAL Metrics
SMOKE -> Precision: 0.819 - Recall: 0.693 - Accuracy: 0.783 - F1: 0.751
FIRE -> Precision: 0.907 - Recall: 0.823 - Accuracy: 0.934 - F1: 0.863

Saving model with new best validation loss: 35.539

=== EPOCH 41/124 ===
Learning Rate = 0.00064

TRAIN losses
Total Loss  |Smoke Loss  |Fire Loss   
------------ ------------ ------------
39.267      |26.031      |13.236      


VAL losses
Total Loss  |Smoke Loss  |Fire Loss   
------------ ------------ ------------
38.055      |26.108      |11.947      

VAL Metrics
SMOKE -> Precision: 0.851 - Recall: 0.523 - Accuracy: 0.732 - F1: 0.648
FIRE -> Precision: 0.954 - Recall: 0.792 - Accuracy: 0.938 - F1: 0.866

=== EPOCH 42/124 ===
Learning Rate = 0.00064

TRAIN losses
Total Loss  |Smoke Loss  |Fire Loss   
------------ ------------ ------------
39.449      |25.876      |13.572      


VAL losses
Total Loss  |Smoke Loss  |Fire Loss   
------------ ------------ ------------
36.017      |24.229      |11.788      

VAL Metrics
SMOKE -> Precision: 0.822 - Recall: 0.689 - Accuracy: 0.783 - F1: 0.749
FIRE -> Precision: 0.877 - Recall: 0.877 - Accuracy: 0.938 - F1: 0.877

=== EPOCH 43/124 ===
Learning Rate = 0.00064

TRAIN losses
Total Loss  |Smoke Loss  |Fire Loss   
------------ ------------ ------------
38.847      |25.725      |13.122      


VAL losses
Total Loss  |Smoke Loss  |Fire Loss   
------------ ------------ ------------
36.093      |24.519      |11.573      

VAL Metrics
SMOKE -> Precision: 0.801 - Recall: 0.768 - Accuracy: 0.801 - F1: 0.784
FIRE -> Precision: 0.889 - Recall: 0.862 - Accuracy: 0.938 - F1: 0.875

=== EPOCH 44/124 ===
Learning Rate = 0.0005120000000000001

TRAIN losses
Total Loss  |Smoke Loss  |Fire Loss   
------------ ------------ ------------
38.269      |25.338      |12.930      


VAL losses
Total Loss  |Smoke Loss  |Fire Loss   
------------ ------------ ------------
36.128      |24.260      |11.868      

VAL Metrics
SMOKE -> Precision: 0.833 - Recall: 0.581 - Accuracy: 0.748 - F1: 0.685
FIRE -> Precision: 0.946 - Recall: 0.815 - Accuracy: 0.941 - F1: 0.876

=== EPOCH 45/124 ===
Learning Rate = 0.0005120000000000001

TRAIN losses
Total Loss  |Smoke Loss  |Fire Loss   
------------ ------------ ------------
38.315      |25.388      |12.928      


VAL losses
Total Loss  |Smoke Loss  |Fire Loss   
------------ ------------ ------------
35.117      |23.654      |11.463      

VAL Metrics
SMOKE -> Precision: 0.832 - Recall: 0.676 - Accuracy: 0.783 - F1: 0.746
FIRE -> Precision: 0.981 - Recall: 0.785 - Accuracy: 0.941 - F1: 0.872

Saving model with new best validation loss: 35.117

=== EPOCH 46/124 ===
Learning Rate = 0.0005120000000000001

TRAIN losses
Total Loss  |Smoke Loss  |Fire Loss   
------------ ------------ ------------
37.939      |24.929      |13.010      


VAL losses
Total Loss  |Smoke Loss  |Fire Loss   
------------ ------------ ------------
35.212      |24.097      |11.115      

VAL Metrics
SMOKE -> Precision: 0.836 - Recall: 0.593 - Accuracy: 0.754 - F1: 0.694
FIRE -> Precision: 0.924 - Recall: 0.846 - Accuracy: 0.943 - F1: 0.884

=== EPOCH 47/124 ===
Learning Rate = 0.0005120000000000001

TRAIN losses
Total Loss  |Smoke Loss  |Fire Loss   
------------ ------------ ------------
37.919      |25.008      |12.911      


VAL losses
Total Loss  |Smoke Loss  |Fire Loss   
------------ ------------ ------------
34.606      |23.596      |11.010      

VAL Metrics
SMOKE -> Precision: 0.803 - Recall: 0.780 - Accuracy: 0.807 - F1: 0.792
FIRE -> Precision: 0.904 - Recall: 0.869 - Accuracy: 0.943 - F1: 0.886

Saving model with new best validation loss: 34.606

=== EPOCH 48/124 ===
Learning Rate = 0.0005120000000000001

TRAIN losses
Total Loss  |Smoke Loss  |Fire Loss   
------------ ------------ ------------
37.190      |24.882      |12.308      


VAL losses
Total Loss  |Smoke Loss  |Fire Loss   
------------ ------------ ------------
34.550      |23.263      |11.287      

VAL Metrics
SMOKE -> Precision: 0.825 - Recall: 0.685 - Accuracy: 0.783 - F1: 0.748
FIRE -> Precision: 0.957 - Recall: 0.854 - Accuracy: 0.953 - F1: 0.902

Saving model with new best validation loss: 34.550

=== EPOCH 49/124 ===
Learning Rate = 0.0005120000000000001

TRAIN losses
Total Loss  |Smoke Loss  |Fire Loss   
------------ ------------ ------------
36.832      |24.374      |12.458      


VAL losses
Total Loss  |Smoke Loss  |Fire Loss   
------------ ------------ ------------
36.052      |24.027      |12.025      

VAL Metrics
SMOKE -> Precision: 0.883 - Recall: 0.598 - Accuracy: 0.773 - F1: 0.713
FIRE -> Precision: 0.972 - Recall: 0.792 - Accuracy: 0.941 - F1: 0.873

=== EPOCH 50/124 ===
Learning Rate = 0.0005120000000000001

TRAIN losses
Total Loss  |Smoke Loss  |Fire Loss   
------------ ------------ ------------
37.407      |24.572      |12.834      


VAL losses
Total Loss  |Smoke Loss  |Fire Loss   
------------ ------------ ------------
33.457      |22.652      |10.805      

VAL Metrics
SMOKE -> Precision: 0.832 - Recall: 0.739 - Accuracy: 0.807 - F1: 0.782
FIRE -> Precision: 0.911 - Recall: 0.862 - Accuracy: 0.943 - F1: 0.885

Saving model with new best validation loss: 33.457

=== EPOCH 51/124 ===
Learning Rate = 0.0005120000000000001

TRAIN losses
Total Loss  |Smoke Loss  |Fire Loss   
------------ ------------ ------------
37.520      |24.863      |12.657      


VAL losses
Total Loss  |Smoke Loss  |Fire Loss   
------------ ------------ ------------
34.488      |23.222      |11.266      

VAL Metrics
SMOKE -> Precision: 0.840 - Recall: 0.697 - Accuracy: 0.795 - F1: 0.762
FIRE -> Precision: 0.956 - Recall: 0.838 - Accuracy: 0.949 - F1: 0.893

=== EPOCH 52/124 ===
Learning Rate = 0.0005120000000000001

TRAIN losses
Total Loss  |Smoke Loss  |Fire Loss   
------------ ------------ ------------
37.197      |24.524      |12.673      


VAL losses
Total Loss  |Smoke Loss  |Fire Loss   
------------ ------------ ------------
33.472      |22.965      |10.508      

VAL Metrics
SMOKE -> Precision: 0.781 - Recall: 0.813 - Accuracy: 0.805 - F1: 0.797
FIRE -> Precision: 0.913 - Recall: 0.892 - Accuracy: 0.951 - F1: 0.903

=== EPOCH 53/124 ===
Learning Rate = 0.0005120000000000001

TRAIN losses
Total Loss  |Smoke Loss  |Fire Loss   
------------ ------------ ------------
36.884      |24.423      |12.461      


VAL losses
Total Loss  |Smoke Loss  |Fire Loss   
------------ ------------ ------------
34.362      |23.278      |11.084      

VAL Metrics
SMOKE -> Precision: 0.852 - Recall: 0.693 - Accuracy: 0.799 - F1: 0.764
FIRE -> Precision: 0.881 - Recall: 0.908 - Accuracy: 0.945 - F1: 0.894

=== EPOCH 54/124 ===
Learning Rate = 0.0004096000000000001

TRAIN losses
Total Loss  |Smoke Loss  |Fire Loss   
------------ ------------ ------------
36.038      |24.175      |11.863      


VAL losses
Total Loss  |Smoke Loss  |Fire Loss   
------------ ------------ ------------
33.263      |22.586      |10.677      

VAL Metrics
SMOKE -> Precision: 0.847 - Recall: 0.689 - Accuracy: 0.795 - F1: 0.760
FIRE -> Precision: 0.934 - Recall: 0.877 - Accuracy: 0.953 - F1: 0.905

Saving model with new best validation loss: 33.263

=== EPOCH 55/124 ===
Learning Rate = 0.0004096000000000001

TRAIN losses
Total Loss  |Smoke Loss  |Fire Loss   
------------ ------------ ------------
35.651      |23.737      |11.915      


VAL losses
Total Loss  |Smoke Loss  |Fire Loss   
------------ ------------ ------------
32.918      |22.286      |10.632      

VAL Metrics
SMOKE -> Precision: 0.833 - Recall: 0.722 - Accuracy: 0.801 - F1: 0.773
FIRE -> Precision: 0.926 - Recall: 0.862 - Accuracy: 0.947 - F1: 0.892

Saving model with new best validation loss: 32.918

=== EPOCH 56/124 ===
Learning Rate = 0.0004096000000000001

TRAIN losses
Total Loss  |Smoke Loss  |Fire Loss   
------------ ------------ ------------
35.649      |23.852      |11.798      


VAL losses
Total Loss  |Smoke Loss  |Fire Loss   
------------ ------------ ------------
31.967      |21.708      |10.259      

VAL Metrics
SMOKE -> Precision: 0.830 - Recall: 0.788 - Accuracy: 0.824 - F1: 0.809
FIRE -> Precision: 0.927 - Recall: 0.877 - Accuracy: 0.951 - F1: 0.901

Saving model with new best validation loss: 31.967

=== EPOCH 57/124 ===
Learning Rate = 0.0004096000000000001

TRAIN losses
Total Loss  |Smoke Loss  |Fire Loss   
------------ ------------ ------------
35.935      |23.996      |11.940      


VAL losses
Total Loss  |Smoke Loss  |Fire Loss   
------------ ------------ ------------
32.750      |22.102      |10.648      

VAL Metrics
SMOKE -> Precision: 0.857 - Recall: 0.697 - Accuracy: 0.803 - F1: 0.769
FIRE -> Precision: 0.956 - Recall: 0.831 - Accuracy: 0.947 - F1: 0.889

=== EPOCH 58/124 ===
Learning Rate = 0.0004096000000000001

TRAIN losses
Total Loss  |Smoke Loss  |Fire Loss   
------------ ------------ ------------
35.763      |23.759      |12.004      


VAL losses
Total Loss  |Smoke Loss  |Fire Loss   
------------ ------------ ------------
31.859      |21.388      |10.471      

VAL Metrics
SMOKE -> Precision: 0.845 - Recall: 0.722 - Accuracy: 0.807 - F1: 0.779
FIRE -> Precision: 0.919 - Recall: 0.877 - Accuracy: 0.949 - F1: 0.898

Saving model with new best validation loss: 31.859

=== EPOCH 59/124 ===
Learning Rate = 0.0004096000000000001

TRAIN losses
Total Loss  |Smoke Loss  |Fire Loss   
------------ ------------ ------------
35.137      |23.629      |11.508      


VAL losses
Total Loss  |Smoke Loss  |Fire Loss   
------------ ------------ ------------
32.075      |21.402      |10.673      

VAL Metrics
SMOKE -> Precision: 0.853 - Recall: 0.747 - Accuracy: 0.820 - F1: 0.796
FIRE -> Precision: 0.911 - Recall: 0.862 - Accuracy: 0.943 - F1: 0.885

=== EPOCH 60/124 ===
Learning Rate = 0.0004096000000000001

TRAIN losses
Total Loss  |Smoke Loss  |Fire Loss   
------------ ------------ ------------
35.122      |23.394      |11.729      


VAL losses
Total Loss  |Smoke Loss  |Fire Loss   
------------ ------------ ------------
33.401      |21.808      |11.593      

VAL Metrics
SMOKE -> Precision: 0.834 - Recall: 0.751 - Accuracy: 0.812 - F1: 0.790
FIRE -> Precision: 0.964 - Recall: 0.823 - Accuracy: 0.947 - F1: 0.888

=== EPOCH 61/124 ===
Learning Rate = 0.0004096000000000001

TRAIN losses
Total Loss  |Smoke Loss  |Fire Loss   
------------ ------------ ------------
34.727      |23.373      |11.354      


VAL losses
Total Loss  |Smoke Loss  |Fire Loss   
------------ ------------ ------------
31.988      |21.704      |10.285      

VAL Metrics
SMOKE -> Precision: 0.896 - Recall: 0.643 - Accuracy: 0.797 - F1: 0.749
FIRE -> Precision: 0.926 - Recall: 0.869 - Accuracy: 0.949 - F1: 0.897

=== EPOCH 62/124 ===
Learning Rate = 0.0003276800000000001

TRAIN losses
Total Loss  |Smoke Loss  |Fire Loss   
------------ ------------ ------------
34.622      |22.958      |11.663      


VAL losses
Total Loss  |Smoke Loss  |Fire Loss   
------------ ------------ ------------
31.303      |20.379      |10.924      

VAL Metrics
SMOKE -> Precision: 0.840 - Recall: 0.784 - Accuracy: 0.828 - F1: 0.811
FIRE -> Precision: 0.972 - Recall: 0.815 - Accuracy: 0.947 - F1: 0.887

Saving model with new best validation loss: 31.303

=== EPOCH 63/124 ===
Learning Rate = 0.0003276800000000001

TRAIN losses
Total Loss  |Smoke Loss  |Fire Loss   
------------ ------------ ------------
33.919      |22.771      |11.148      


VAL losses
Total Loss  |Smoke Loss  |Fire Loss   
------------ ------------ ------------
30.950      |20.604      |10.346      

VAL Metrics
SMOKE -> Precision: 0.844 - Recall: 0.763 - Accuracy: 0.822 - F1: 0.802
FIRE -> Precision: 0.926 - Recall: 0.862 - Accuracy: 0.947 - F1: 0.892

Saving model with new best validation loss: 30.950

=== EPOCH 64/124 ===
Learning Rate = 0.0003276800000000001

TRAIN losses
Total Loss  |Smoke Loss  |Fire Loss   
------------ ------------ ------------
34.509      |23.065      |11.444      


VAL losses
Total Loss  |Smoke Loss  |Fire Loss   
------------ ------------ ------------
31.385      |20.682      |10.703      

VAL Metrics
SMOKE -> Precision: 0.857 - Recall: 0.747 - Accuracy: 0.822 - F1: 0.798
FIRE -> Precision: 0.902 - Recall: 0.854 - Accuracy: 0.939 - F1: 0.877

=== EPOCH 65/124 ===
Learning Rate = 0.0003276800000000001

TRAIN losses
Total Loss  |Smoke Loss  |Fire Loss   
------------ ------------ ------------
33.954      |23.122      |10.832      


VAL losses
Total Loss  |Smoke Loss  |Fire Loss   
------------ ------------ ------------
32.662      |22.041      |10.620      

VAL Metrics
SMOKE -> Precision: 0.802 - Recall: 0.822 - Accuracy: 0.820 - F1: 0.811
FIRE -> Precision: 0.957 - Recall: 0.846 - Accuracy: 0.951 - F1: 0.898

=== EPOCH 66/124 ===
Learning Rate = 0.0003276800000000001

TRAIN losses
Total Loss  |Smoke Loss  |Fire Loss   
------------ ------------ ------------
34.240      |22.913      |11.327      


VAL losses
Total Loss  |Smoke Loss  |Fire Loss   
------------ ------------ ------------
31.564      |21.434      |10.130      

VAL Metrics
SMOKE -> Precision: 0.862 - Recall: 0.701 - Accuracy: 0.807 - F1: 0.773
FIRE -> Precision: 0.919 - Recall: 0.877 - Accuracy: 0.949 - F1: 0.898

=== EPOCH 67/124 ===
Learning Rate = 0.0002621440000000001

TRAIN losses
Total Loss  |Smoke Loss  |Fire Loss   
------------ ------------ ------------
33.982      |22.701      |11.281      


VAL losses
Total Loss  |Smoke Loss  |Fire Loss   
------------ ------------ ------------
31.094      |20.951      |10.143      

VAL Metrics
SMOKE -> Precision: 0.852 - Recall: 0.718 - Accuracy: 0.809 - F1: 0.779
FIRE -> Precision: 0.957 - Recall: 0.854 - Accuracy: 0.953 - F1: 0.902

=== EPOCH 68/124 ===
Learning Rate = 0.0002621440000000001

TRAIN losses
Total Loss  |Smoke Loss  |Fire Loss   
------------ ------------ ------------
33.306      |22.498      |10.809      


VAL losses
Total Loss  |Smoke Loss  |Fire Loss   
------------ ------------ ------------
30.955      |20.757      |10.198      

VAL Metrics
SMOKE -> Precision: 0.830 - Recall: 0.768 - Accuracy: 0.816 - F1: 0.797
FIRE -> Precision: 0.871 - Recall: 0.885 - Accuracy: 0.938 - F1: 0.878

=== EPOCH 69/124 ===
Learning Rate = 0.0002621440000000001

TRAIN losses
Total Loss  |Smoke Loss  |Fire Loss   
------------ ------------ ------------
33.912      |22.879      |11.033      


VAL losses
Total Loss  |Smoke Loss  |Fire Loss   
------------ ------------ ------------
30.482      |20.704      |9.778       

VAL Metrics
SMOKE -> Precision: 0.845 - Recall: 0.747 - Accuracy: 0.816 - F1: 0.793
FIRE -> Precision: 0.943 - Recall: 0.885 - Accuracy: 0.957 - F1: 0.913

Saving model with new best validation loss: 30.482

=== EPOCH 70/124 ===
Learning Rate = 0.0002621440000000001

TRAIN losses
Total Loss  |Smoke Loss  |Fire Loss   
------------ ------------ ------------
33.741      |22.169      |11.572      


VAL losses
Total Loss  |Smoke Loss  |Fire Loss   
------------ ------------ ------------
30.499      |20.515      |9.984       

VAL Metrics
SMOKE -> Precision: 0.823 - Recall: 0.788 - Accuracy: 0.820 - F1: 0.805
FIRE -> Precision: 0.941 - Recall: 0.862 - Accuracy: 0.951 - F1: 0.900

=== EPOCH 71/124 ===
Learning Rate = 0.0002621440000000001

TRAIN losses
Total Loss  |Smoke Loss  |Fire Loss   
------------ ------------ ------------
33.448      |22.424      |11.023      


VAL losses
Total Loss  |Smoke Loss  |Fire Loss   
------------ ------------ ------------
30.379      |20.569      |9.810       

VAL Metrics
SMOKE -> Precision: 0.860 - Recall: 0.739 - Accuracy: 0.820 - F1: 0.795
FIRE -> Precision: 0.919 - Recall: 0.869 - Accuracy: 0.947 - F1: 0.893

Saving model with new best validation loss: 30.379

=== EPOCH 72/124 ===
Learning Rate = 0.0002621440000000001

TRAIN losses
Total Loss  |Smoke Loss  |Fire Loss   
------------ ------------ ------------
33.438      |22.408      |11.030      


VAL losses
Total Loss  |Smoke Loss  |Fire Loss   
------------ ------------ ------------
30.275      |20.470      |9.804       

VAL Metrics
SMOKE -> Precision: 0.838 - Recall: 0.797 - Accuracy: 0.832 - F1: 0.817
FIRE -> Precision: 0.906 - Recall: 0.892 - Accuracy: 0.949 - F1: 0.899

Saving model with new best validation loss: 30.275

=== EPOCH 73/124 ===
Learning Rate = 0.0002621440000000001

TRAIN losses
Total Loss  |Smoke Loss  |Fire Loss   
------------ ------------ ------------
33.104      |22.211      |10.893      


VAL losses
Total Loss  |Smoke Loss  |Fire Loss   
------------ ------------ ------------
30.245      |20.103      |10.142      

VAL Metrics
SMOKE -> Precision: 0.848 - Recall: 0.788 - Accuracy: 0.834 - F1: 0.817
FIRE -> Precision: 0.950 - Recall: 0.869 - Accuracy: 0.955 - F1: 0.908

Saving model with new best validation loss: 30.245

=== EPOCH 74/124 ===
Learning Rate = 0.0002621440000000001

TRAIN losses
Total Loss  |Smoke Loss  |Fire Loss   
------------ ------------ ------------
32.448      |22.012      |10.436      


VAL losses
Total Loss  |Smoke Loss  |Fire Loss   
------------ ------------ ------------
29.803      |19.806      |9.997       

VAL Metrics
SMOKE -> Precision: 0.853 - Recall: 0.747 - Accuracy: 0.820 - F1: 0.796
FIRE -> Precision: 0.927 - Recall: 0.885 - Accuracy: 0.953 - F1: 0.906

Saving model with new best validation loss: 29.803

=== EPOCH 75/124 ===
Learning Rate = 0.0002621440000000001

TRAIN losses
Total Loss  |Smoke Loss  |Fire Loss   
------------ ------------ ------------
33.431      |22.187      |11.244      


VAL losses
Total Loss  |Smoke Loss  |Fire Loss   
------------ ------------ ------------
30.149      |20.050      |10.099      

VAL Metrics
SMOKE -> Precision: 0.871 - Recall: 0.755 - Accuracy: 0.832 - F1: 0.809
FIRE -> Precision: 0.906 - Recall: 0.885 - Accuracy: 0.947 - F1: 0.895

=== EPOCH 76/124 ===
Learning Rate = 0.0002621440000000001

TRAIN losses
Total Loss  |Smoke Loss  |Fire Loss   
------------ ------------ ------------
32.725      |22.066      |10.659      


VAL losses
Total Loss  |Smoke Loss  |Fire Loss   
------------ ------------ ------------
31.334      |20.793      |10.540      

VAL Metrics
SMOKE -> Precision: 0.858 - Recall: 0.701 - Accuracy: 0.805 - F1: 0.772
FIRE -> Precision: 0.926 - Recall: 0.869 - Accuracy: 0.949 - F1: 0.897

=== EPOCH 77/124 ===
Learning Rate = 0.0002621440000000001

TRAIN losses
Total Loss  |Smoke Loss  |Fire Loss   
------------ ------------ ------------
33.461      |22.412      |11.049      


VAL losses
Total Loss  |Smoke Loss  |Fire Loss   
------------ ------------ ------------
31.082      |20.947      |10.135      

VAL Metrics
SMOKE -> Precision: 0.888 - Recall: 0.660 - Accuracy: 0.801 - F1: 0.757
FIRE -> Precision: 0.965 - Recall: 0.838 - Accuracy: 0.951 - F1: 0.897

=== EPOCH 78/124 ===
Learning Rate = 0.00020971520000000012

TRAIN losses
Total Loss  |Smoke Loss  |Fire Loss   
------------ ------------ ------------
32.562      |21.774      |10.788      


VAL losses
Total Loss  |Smoke Loss  |Fire Loss   
------------ ------------ ------------
30.228      |20.780      |9.448       

VAL Metrics
SMOKE -> Precision: 0.898 - Recall: 0.697 - Accuracy: 0.820 - F1: 0.785
FIRE -> Precision: 0.926 - Recall: 0.862 - Accuracy: 0.947 - F1: 0.892

=== EPOCH 79/124 ===
Learning Rate = 0.00020971520000000012

TRAIN losses
Total Loss  |Smoke Loss  |Fire Loss   
------------ ------------ ------------
32.119      |21.771      |10.349      


VAL losses
Total Loss  |Smoke Loss  |Fire Loss   
------------ ------------ ------------
30.158      |20.150      |10.008      

VAL Metrics
SMOKE -> Precision: 0.840 - Recall: 0.784 - Accuracy: 0.828 - F1: 0.811
FIRE -> Precision: 0.904 - Recall: 0.869 - Accuracy: 0.943 - F1: 0.886

=== EPOCH 80/124 ===
Learning Rate = 0.00020971520000000012

TRAIN losses
Total Loss  |Smoke Loss  |Fire Loss   
------------ ------------ ------------
32.515      |21.913      |10.601      


VAL losses
Total Loss  |Smoke Loss  |Fire Loss   
------------ ------------ ------------
29.213      |19.666      |9.547       

VAL Metrics
SMOKE -> Precision: 0.862 - Recall: 0.776 - Accuracy: 0.836 - F1: 0.817
FIRE -> Precision: 0.919 - Recall: 0.869 - Accuracy: 0.947 - F1: 0.893

Saving model with new best validation loss: 29.213

=== EPOCH 81/124 ===
Learning Rate = 0.00020971520000000012

TRAIN losses
Total Loss  |Smoke Loss  |Fire Loss   
------------ ------------ ------------
32.235      |21.515      |10.721      


VAL losses
Total Loss  |Smoke Loss  |Fire Loss   
------------ ------------ ------------
29.545      |19.933      |9.612       

VAL Metrics
SMOKE -> Precision: 0.813 - Recall: 0.813 - Accuracy: 0.824 - F1: 0.813
FIRE -> Precision: 0.898 - Recall: 0.885 - Accuracy: 0.945 - F1: 0.891

=== EPOCH 82/124 ===
Learning Rate = 0.00020971520000000012

TRAIN losses
Total Loss  |Smoke Loss  |Fire Loss   
------------ ------------ ------------
31.745      |21.564      |10.181      


VAL losses
Total Loss  |Smoke Loss  |Fire Loss   
------------ ------------ ------------
29.399      |19.480      |9.919       

VAL Metrics
SMOKE -> Precision: 0.815 - Recall: 0.838 - Accuracy: 0.834 - F1: 0.826
FIRE -> Precision: 0.934 - Recall: 0.869 - Accuracy: 0.951 - F1: 0.900

=== EPOCH 83/124 ===
Learning Rate = 0.00020971520000000012

TRAIN losses
Total Loss  |Smoke Loss  |Fire Loss   
------------ ------------ ------------
32.048      |21.626      |10.422      


VAL losses
Total Loss  |Smoke Loss  |Fire Loss   
------------ ------------ ------------
29.989      |19.740      |10.248      

VAL Metrics
SMOKE -> Precision: 0.824 - Recall: 0.817 - Accuracy: 0.832 - F1: 0.821
FIRE -> Precision: 0.942 - Recall: 0.877 - Accuracy: 0.955 - F1: 0.908

=== EPOCH 84/124 ===
Learning Rate = 0.0001677721600000001

TRAIN losses
Total Loss  |Smoke Loss  |Fire Loss   
------------ ------------ ------------
31.810      |21.558      |10.252      


VAL losses
Total Loss  |Smoke Loss  |Fire Loss   
------------ ------------ ------------
30.103      |20.471      |9.632       

VAL Metrics
SMOKE -> Precision: 0.888 - Recall: 0.722 - Accuracy: 0.826 - F1: 0.796
FIRE -> Precision: 0.913 - Recall: 0.885 - Accuracy: 0.949 - F1: 0.898

=== EPOCH 85/124 ===
Learning Rate = 0.0001677721600000001

TRAIN losses
Total Loss  |Smoke Loss  |Fire Loss   
------------ ------------ ------------
31.407      |20.985      |10.422      


VAL losses
Total Loss  |Smoke Loss  |Fire Loss   
------------ ------------ ------------
29.181      |19.358      |9.824       

VAL Metrics
SMOKE -> Precision: 0.831 - Recall: 0.813 - Accuracy: 0.834 - F1: 0.822
FIRE -> Precision: 0.906 - Recall: 0.892 - Accuracy: 0.949 - F1: 0.899

Saving model with new best validation loss: 29.181

=== EPOCH 86/124 ===
Learning Rate = 0.0001677721600000001

TRAIN losses
Total Loss  |Smoke Loss  |Fire Loss   
------------ ------------ ------------
31.236      |21.092      |10.144      


VAL losses
Total Loss  |Smoke Loss  |Fire Loss   
------------ ------------ ------------
29.457      |19.070      |10.386      

VAL Metrics
SMOKE -> Precision: 0.860 - Recall: 0.793 - Accuracy: 0.842 - F1: 0.825
FIRE -> Precision: 0.919 - Recall: 0.869 - Accuracy: 0.947 - F1: 0.893

=== EPOCH 87/124 ===
Learning Rate = 0.0001677721600000001

TRAIN losses
Total Loss  |Smoke Loss  |Fire Loss   
------------ ------------ ------------
31.761      |21.470      |10.291      


VAL losses
Total Loss  |Smoke Loss  |Fire Loss   
------------ ------------ ------------
28.685      |19.215      |9.470       

VAL Metrics
SMOKE -> Precision: 0.863 - Recall: 0.759 - Accuracy: 0.830 - F1: 0.808
FIRE -> Precision: 0.927 - Recall: 0.885 - Accuracy: 0.953 - F1: 0.906

Saving model with new best validation loss: 28.685

=== EPOCH 88/124 ===
Learning Rate = 0.0001677721600000001

TRAIN losses
Total Loss  |Smoke Loss  |Fire Loss   
------------ ------------ ------------
30.980      |20.982      |9.998       


VAL losses
Total Loss  |Smoke Loss  |Fire Loss   
------------ ------------ ------------
29.942      |20.144      |9.798       

VAL Metrics
SMOKE -> Precision: 0.887 - Recall: 0.685 - Accuracy: 0.811 - F1: 0.773
FIRE -> Precision: 0.950 - Recall: 0.885 - Accuracy: 0.959 - F1: 0.916

=== EPOCH 89/124 ===
Learning Rate = 0.0001677721600000001

TRAIN losses
Total Loss  |Smoke Loss  |Fire Loss   
------------ ------------ ------------
31.684      |21.183      |10.501      


VAL losses
Total Loss  |Smoke Loss  |Fire Loss   
------------ ------------ ------------
29.959      |19.628      |10.331      

VAL Metrics
SMOKE -> Precision: 0.825 - Recall: 0.842 - Accuracy: 0.842 - F1: 0.834
FIRE -> Precision: 0.933 - Recall: 0.854 - Accuracy: 0.947 - F1: 0.892

=== EPOCH 90/124 ===
Learning Rate = 0.0001677721600000001

TRAIN losses
Total Loss  |Smoke Loss  |Fire Loss   
------------ ------------ ------------
31.380      |21.008      |10.373      


VAL losses
Total Loss  |Smoke Loss  |Fire Loss   
------------ ------------ ------------
29.328      |19.276      |10.052      

VAL Metrics
SMOKE -> Precision: 0.840 - Recall: 0.805 - Accuracy: 0.836 - F1: 0.822
FIRE -> Precision: 0.927 - Recall: 0.877 - Accuracy: 0.951 - F1: 0.901

=== EPOCH 91/124 ===
Learning Rate = 0.00013421772800000008

TRAIN losses
Total Loss  |Smoke Loss  |Fire Loss   
------------ ------------ ------------
31.226      |20.942      |10.285      


VAL losses
Total Loss  |Smoke Loss  |Fire Loss   
------------ ------------ ------------
29.037      |19.192      |9.845       

VAL Metrics
SMOKE -> Precision: 0.866 - Recall: 0.780 - Accuracy: 0.840 - F1: 0.821
FIRE -> Precision: 0.899 - Recall: 0.892 - Accuracy: 0.947 - F1: 0.896

=== EPOCH 92/124 ===
Learning Rate = 0.00013421772800000008

TRAIN losses
Total Loss  |Smoke Loss  |Fire Loss   
------------ ------------ ------------
30.996      |20.901      |10.095      


VAL losses
Total Loss  |Smoke Loss  |Fire Loss   
------------ ------------ ------------
29.361      |19.520      |9.841       

VAL Metrics
SMOKE -> Precision: 0.874 - Recall: 0.747 - Accuracy: 0.830 - F1: 0.805
FIRE -> Precision: 0.920 - Recall: 0.885 - Accuracy: 0.951 - F1: 0.902

=== EPOCH 93/124 ===
Learning Rate = 0.00013421772800000008

TRAIN losses
Total Loss  |Smoke Loss  |Fire Loss   
------------ ------------ ------------
31.077      |20.933      |10.144      


VAL losses
Total Loss  |Smoke Loss  |Fire Loss   
------------ ------------ ------------
28.613      |19.180      |9.433       

VAL Metrics
SMOKE -> Precision: 0.874 - Recall: 0.776 - Accuracy: 0.842 - F1: 0.822
FIRE -> Precision: 0.921 - Recall: 0.892 - Accuracy: 0.953 - F1: 0.906

Saving model with new best validation loss: 28.613

=== EPOCH 94/124 ===
Learning Rate = 0.00013421772800000008

TRAIN losses
Total Loss  |Smoke Loss  |Fire Loss   
------------ ------------ ------------
30.735      |20.836      |9.898       


VAL losses
Total Loss  |Smoke Loss  |Fire Loss   
------------ ------------ ------------
29.675      |19.524      |10.151      

VAL Metrics
SMOKE -> Precision: 0.891 - Recall: 0.714 - Accuracy: 0.824 - F1: 0.793
FIRE -> Precision: 0.950 - Recall: 0.869 - Accuracy: 0.955 - F1: 0.908

=== EPOCH 95/124 ===
Learning Rate = 0.00013421772800000008

TRAIN losses
Total Loss  |Smoke Loss  |Fire Loss   
------------ ------------ ------------
31.291      |21.345      |9.946       


VAL losses
Total Loss  |Smoke Loss  |Fire Loss   
------------ ------------ ------------
28.312      |18.519      |9.793       

VAL Metrics
SMOKE -> Precision: 0.871 - Recall: 0.755 - Accuracy: 0.832 - F1: 0.809
FIRE -> Precision: 0.919 - Recall: 0.877 - Accuracy: 0.949 - F1: 0.898

Saving model with new best validation loss: 28.312

=== EPOCH 96/124 ===
Learning Rate = 0.00013421772800000008

TRAIN losses
Total Loss  |Smoke Loss  |Fire Loss   
------------ ------------ ------------
30.487      |20.528      |9.959       


VAL losses
Total Loss  |Smoke Loss  |Fire Loss   
------------ ------------ ------------
28.660      |18.600      |10.060      

VAL Metrics
SMOKE -> Precision: 0.889 - Recall: 0.763 - Accuracy: 0.844 - F1: 0.821
FIRE -> Precision: 0.933 - Recall: 0.862 - Accuracy: 0.949 - F1: 0.896

=== EPOCH 97/124 ===
Learning Rate = 0.00013421772800000008

TRAIN losses
Total Loss  |Smoke Loss  |Fire Loss   
------------ ------------ ------------
30.599      |20.726      |9.873       


VAL losses
Total Loss  |Smoke Loss  |Fire Loss   
------------ ------------ ------------
28.813      |18.803      |10.009      

VAL Metrics
SMOKE -> Precision: 0.883 - Recall: 0.722 - Accuracy: 0.824 - F1: 0.795
FIRE -> Precision: 0.942 - Recall: 0.877 - Accuracy: 0.955 - F1: 0.908

=== EPOCH 98/124 ===
Learning Rate = 0.00013421772800000008

TRAIN losses
Total Loss  |Smoke Loss  |Fire Loss   
------------ ------------ ------------
30.075      |20.382      |9.693       


VAL losses
Total Loss  |Smoke Loss  |Fire Loss   
------------ ------------ ------------
28.710      |18.984      |9.726       

VAL Metrics
SMOKE -> Precision: 0.878 - Recall: 0.747 - Accuracy: 0.832 - F1: 0.807
FIRE -> Precision: 0.921 - Recall: 0.892 - Accuracy: 0.953 - F1: 0.906

=== EPOCH 99/124 ===
Learning Rate = 0.00010737418240000007

TRAIN losses
Total Loss  |Smoke Loss  |Fire Loss   
------------ ------------ ------------
30.508      |20.477      |10.030      


VAL losses
Total Loss  |Smoke Loss  |Fire Loss   
------------ ------------ ------------
28.666      |18.714      |9.952       

VAL Metrics
SMOKE -> Precision: 0.872 - Recall: 0.817 - Accuracy: 0.857 - F1: 0.844
FIRE -> Precision: 0.904 - Recall: 0.869 - Accuracy: 0.943 - F1: 0.886

=== EPOCH 100/124 ===
Learning Rate = 0.00010737418240000007

TRAIN losses
Total Loss  |Smoke Loss  |Fire Loss   
------------ ------------ ------------
30.160      |20.652      |9.508       


VAL losses
Total Loss  |Smoke Loss  |Fire Loss   
------------ ------------ ------------
28.040      |18.358      |9.682       

VAL Metrics
SMOKE -> Precision: 0.873 - Recall: 0.772 - Accuracy: 0.840 - F1: 0.819
FIRE -> Precision: 0.892 - Recall: 0.892 - Accuracy: 0.945 - F1: 0.892

Saving model with new best validation loss: 28.040

=== EPOCH 101/124 ===
Learning Rate = 0.00010737418240000007

TRAIN losses
Total Loss  |Smoke Loss  |Fire Loss   
------------ ------------ ------------
30.341      |20.499      |9.842       


VAL losses
Total Loss  |Smoke Loss  |Fire Loss   
------------ ------------ ------------
28.525      |18.238      |10.287      

VAL Metrics
SMOKE -> Precision: 0.879 - Recall: 0.784 - Accuracy: 0.848 - F1: 0.829
FIRE -> Precision: 0.940 - Recall: 0.838 - Accuracy: 0.945 - F1: 0.886

=== EPOCH 102/124 ===
Learning Rate = 0.00010737418240000007

TRAIN losses
Total Loss  |Smoke Loss  |Fire Loss   
------------ ------------ ------------
30.498      |20.419      |10.079      


VAL losses
Total Loss  |Smoke Loss  |Fire Loss   
------------ ------------ ------------
28.280      |18.774      |9.506       

VAL Metrics
SMOKE -> Precision: 0.827 - Recall: 0.851 - Accuracy: 0.846 - F1: 0.838
FIRE -> Precision: 0.885 - Recall: 0.892 - Accuracy: 0.943 - F1: 0.889

=== EPOCH 103/124 ===
Learning Rate = 0.00010737418240000007

TRAIN losses
Total Loss  |Smoke Loss  |Fire Loss   
------------ ------------ ------------
30.502      |20.518      |9.983       


VAL losses
Total Loss  |Smoke Loss  |Fire Loss   
------------ ------------ ------------
28.293      |18.357      |9.936       

VAL Metrics
SMOKE -> Precision: 0.891 - Recall: 0.747 - Accuracy: 0.838 - F1: 0.813
FIRE -> Precision: 0.927 - Recall: 0.877 - Accuracy: 0.951 - F1: 0.901

=== EPOCH 104/124 ===
Learning Rate = 8.589934592000007e-05

TRAIN losses
Total Loss  |Smoke Loss  |Fire Loss   
------------ ------------ ------------
30.068      |20.656      |9.413       


VAL losses
Total Loss  |Smoke Loss  |Fire Loss   
------------ ------------ ------------
28.054      |18.212      |9.842       

VAL Metrics
SMOKE -> Precision: 0.872 - Recall: 0.788 - Accuracy: 0.846 - F1: 0.828
FIRE -> Precision: 0.900 - Recall: 0.900 - Accuracy: 0.949 - F1: 0.900

=== EPOCH 105/124 ===
Learning Rate = 8.589934592000007e-05

TRAIN losses
Total Loss  |Smoke Loss  |Fire Loss   
------------ ------------ ------------
29.960      |20.444      |9.516       


VAL losses
Total Loss  |Smoke Loss  |Fire Loss   
------------ ------------ ------------
28.016      |18.221      |9.795       

VAL Metrics
SMOKE -> Precision: 0.864 - Recall: 0.793 - Accuracy: 0.844 - F1: 0.827
FIRE -> Precision: 0.927 - Recall: 0.885 - Accuracy: 0.953 - F1: 0.906

Saving model with new best validation loss: 28.016

=== EPOCH 106/124 ===
Learning Rate = 8.589934592000007e-05

TRAIN losses
Total Loss  |Smoke Loss  |Fire Loss   
------------ ------------ ------------
30.154      |20.462      |9.693       


VAL losses
Total Loss  |Smoke Loss  |Fire Loss   
------------ ------------ ------------
27.871      |18.082      |9.789       

VAL Metrics
SMOKE -> Precision: 0.844 - Recall: 0.830 - Accuracy: 0.848 - F1: 0.837
FIRE -> Precision: 0.898 - Recall: 0.877 - Accuracy: 0.943 - F1: 0.887

Saving model with new best validation loss: 27.871

=== EPOCH 107/124 ===
Learning Rate = 8.589934592000007e-05

TRAIN losses
Total Loss  |Smoke Loss  |Fire Loss   
------------ ------------ ------------
30.078      |20.493      |9.586       


VAL losses
Total Loss  |Smoke Loss  |Fire Loss   
------------ ------------ ------------
28.487      |18.432      |10.054      

VAL Metrics
SMOKE -> Precision: 0.891 - Recall: 0.743 - Accuracy: 0.836 - F1: 0.810
FIRE -> Precision: 0.957 - Recall: 0.862 - Accuracy: 0.955 - F1: 0.907

=== EPOCH 108/124 ===
Learning Rate = 8.589934592000007e-05

TRAIN losses
Total Loss  |Smoke Loss  |Fire Loss   
------------ ------------ ------------
29.570      |19.936      |9.634       


VAL losses
Total Loss  |Smoke Loss  |Fire Loss   
------------ ------------ ------------
28.287      |18.131      |10.156      

VAL Metrics
SMOKE -> Precision: 0.875 - Recall: 0.784 - Accuracy: 0.846 - F1: 0.827
FIRE -> Precision: 0.942 - Recall: 0.869 - Accuracy: 0.953 - F1: 0.904

=== EPOCH 109/124 ===
Learning Rate = 8.589934592000007e-05

TRAIN losses
Total Loss  |Smoke Loss  |Fire Loss   
------------ ------------ ------------
30.422      |20.238      |10.184      


VAL losses
Total Loss  |Smoke Loss  |Fire Loss   
------------ ------------ ------------
27.460      |17.916      |9.544       

VAL Metrics
SMOKE -> Precision: 0.890 - Recall: 0.772 - Accuracy: 0.848 - F1: 0.827
FIRE -> Precision: 0.919 - Recall: 0.869 - Accuracy: 0.947 - F1: 0.893

Saving model with new best validation loss: 27.460

=== EPOCH 110/124 ===
Learning Rate = 8.589934592000007e-05

TRAIN losses
Total Loss  |Smoke Loss  |Fire Loss   
------------ ------------ ------------
29.739      |20.165      |9.574       


VAL losses
Total Loss  |Smoke Loss  |Fire Loss   
------------ ------------ ------------
27.757      |17.880      |9.877       

VAL Metrics
SMOKE -> Precision: 0.866 - Recall: 0.830 - Accuracy: 0.859 - F1: 0.847
FIRE -> Precision: 0.941 - Recall: 0.862 - Accuracy: 0.951 - F1: 0.900

=== EPOCH 111/124 ===
Learning Rate = 8.589934592000007e-05

TRAIN losses
Total Loss  |Smoke Loss  |Fire Loss   
------------ ------------ ------------
29.908      |20.167      |9.741       


VAL losses
Total Loss  |Smoke Loss  |Fire Loss   
------------ ------------ ------------
27.372      |17.867      |9.505       

VAL Metrics
SMOKE -> Precision: 0.852 - Recall: 0.834 - Accuracy: 0.854 - F1: 0.843
FIRE -> Precision: 0.919 - Recall: 0.877 - Accuracy: 0.949 - F1: 0.898

Saving model with new best validation loss: 27.372

=== EPOCH 112/124 ===
Learning Rate = 8.589934592000007e-05

TRAIN losses
Total Loss  |Smoke Loss  |Fire Loss   
------------ ------------ ------------
29.099      |19.896      |9.204       


VAL losses
Total Loss  |Smoke Loss  |Fire Loss   
------------ ------------ ------------
27.978      |18.182      |9.796       

VAL Metrics
SMOKE -> Precision: 0.890 - Recall: 0.772 - Accuracy: 0.848 - F1: 0.827
FIRE -> Precision: 0.926 - Recall: 0.869 - Accuracy: 0.949 - F1: 0.897

=== EPOCH 113/124 ===
Learning Rate = 8.589934592000007e-05

TRAIN losses
Total Loss  |Smoke Loss  |Fire Loss   
------------ ------------ ------------
30.102      |20.089      |10.013      


VAL losses
Total Loss  |Smoke Loss  |Fire Loss   
------------ ------------ ------------
27.390      |17.713      |9.677       

VAL Metrics
SMOKE -> Precision: 0.873 - Recall: 0.772 - Accuracy: 0.840 - F1: 0.819
FIRE -> Precision: 0.934 - Recall: 0.877 - Accuracy: 0.953 - F1: 0.905

=== EPOCH 114/124 ===
Learning Rate = 8.589934592000007e-05

TRAIN losses
Total Loss  |Smoke Loss  |Fire Loss   
------------ ------------ ------------
30.194      |20.067      |10.127      


VAL losses
Total Loss  |Smoke Loss  |Fire Loss   
------------ ------------ ------------
27.883      |17.793      |10.090      

VAL Metrics
SMOKE -> Precision: 0.878 - Recall: 0.834 - Accuracy: 0.867 - F1: 0.855
FIRE -> Precision: 0.926 - Recall: 0.862 - Accuracy: 0.947 - F1: 0.892

=== EPOCH 115/124 ===
Learning Rate = 6.871947673600006e-05

TRAIN losses
Total Loss  |Smoke Loss  |Fire Loss   
------------ ------------ ------------
29.483      |20.068      |9.415       


VAL losses
Total Loss  |Smoke Loss  |Fire Loss   
------------ ------------ ------------
28.044      |17.940      |10.104      

VAL Metrics
SMOKE -> Precision: 0.833 - Recall: 0.830 - Accuracy: 0.842 - F1: 0.832
FIRE -> Precision: 0.926 - Recall: 0.862 - Accuracy: 0.947 - F1: 0.892

=== EPOCH 116/124 ===
Learning Rate = 6.871947673600006e-05

TRAIN losses
Total Loss  |Smoke Loss  |Fire Loss   
------------ ------------ ------------
29.607      |19.826      |9.781       


VAL losses
Total Loss  |Smoke Loss  |Fire Loss   
------------ ------------ ------------
27.639      |17.779      |9.860       

VAL Metrics
SMOKE -> Precision: 0.858 - Recall: 0.805 - Accuracy: 0.846 - F1: 0.831
FIRE -> Precision: 0.898 - Recall: 0.885 - Accuracy: 0.945 - F1: 0.891

=== EPOCH 117/124 ===
Learning Rate = 6.871947673600006e-05

TRAIN losses
Total Loss  |Smoke Loss  |Fire Loss   
------------ ------------ ------------
29.190      |19.977      |9.213       


VAL losses
Total Loss  |Smoke Loss  |Fire Loss   
------------ ------------ ------------
28.036      |18.017      |10.020      

VAL Metrics
SMOKE -> Precision: 0.880 - Recall: 0.759 - Accuracy: 0.838 - F1: 0.815
FIRE -> Precision: 0.926 - Recall: 0.862 - Accuracy: 0.947 - F1: 0.892

=== EPOCH 118/124 ===
Learning Rate = 5.497558138880005e-05

TRAIN losses
Total Loss  |Smoke Loss  |Fire Loss   
------------ ------------ ------------
29.422      |19.923      |9.499       


VAL losses
Total Loss  |Smoke Loss  |Fire Loss   
------------ ------------ ------------
27.978      |17.976      |10.002      

VAL Metrics
SMOKE -> Precision: 0.900 - Recall: 0.751 - Accuracy: 0.844 - F1: 0.819
FIRE -> Precision: 0.918 - Recall: 0.862 - Accuracy: 0.945 - F1: 0.889

=== EPOCH 119/124 ===
Learning Rate = 5.497558138880005e-05

TRAIN losses
Total Loss  |Smoke Loss  |Fire Loss   
------------ ------------ ------------
29.379      |19.755      |9.624       


VAL losses
Total Loss  |Smoke Loss  |Fire Loss   
------------ ------------ ------------
27.146      |17.677      |9.468       

VAL Metrics
SMOKE -> Precision: 0.892 - Recall: 0.788 - Accuracy: 0.855 - F1: 0.837
FIRE -> Precision: 0.906 - Recall: 0.885 - Accuracy: 0.947 - F1: 0.895

Saving model with new best validation loss: 27.146

=== EPOCH 120/124 ===
Learning Rate = 5.497558138880005e-05

TRAIN losses
Total Loss  |Smoke Loss  |Fire Loss   
------------ ------------ ------------
29.443      |19.864      |9.578       


VAL losses
Total Loss  |Smoke Loss  |Fire Loss   
------------ ------------ ------------
28.029      |17.963      |10.066      

VAL Metrics
SMOKE -> Precision: 0.858 - Recall: 0.805 - Accuracy: 0.846 - F1: 0.831
FIRE -> Precision: 0.919 - Recall: 0.877 - Accuracy: 0.949 - F1: 0.898

=== EPOCH 121/124 ===
Learning Rate = 5.497558138880005e-05

TRAIN losses
Total Loss  |Smoke Loss  |Fire Loss   
------------ ------------ ------------
28.993      |19.741      |9.252       


VAL losses
Total Loss  |Smoke Loss  |Fire Loss   
------------ ------------ ------------
27.894      |18.144      |9.750       

VAL Metrics
SMOKE -> Precision: 0.860 - Recall: 0.788 - Accuracy: 0.840 - F1: 0.823
FIRE -> Precision: 0.905 - Recall: 0.877 - Accuracy: 0.945 - F1: 0.891

=== EPOCH 122/124 ===
Learning Rate = 5.497558138880005e-05

TRAIN losses
Total Loss  |Smoke Loss  |Fire Loss   
------------ ------------ ------------
30.097      |20.052      |10.045      


VAL losses
Total Loss  |Smoke Loss  |Fire Loss   
------------ ------------ ------------
27.565      |17.773      |9.792       

VAL Metrics
SMOKE -> Precision: 0.868 - Recall: 0.817 - Accuracy: 0.855 - F1: 0.842
FIRE -> Precision: 0.913 - Recall: 0.885 - Accuracy: 0.949 - F1: 0.898

=== EPOCH 123/124 ===
Learning Rate = 4.3980465111040044e-05

TRAIN losses
Total Loss  |Smoke Loss  |Fire Loss   
------------ ------------ ------------
29.189      |19.772      |9.417       


VAL losses
Total Loss  |Smoke Loss  |Fire Loss   
------------ ------------ ------------
27.939      |17.943      |9.996       

VAL Metrics
SMOKE -> Precision: 0.870 - Recall: 0.805 - Accuracy: 0.852 - F1: 0.836
FIRE -> Precision: 0.898 - Recall: 0.885 - Accuracy: 0.945 - F1: 0.891

=== EPOCH 124/124 ===
Learning Rate = 4.3980465111040044e-05

TRAIN losses
Total Loss  |Smoke Loss  |Fire Loss   
------------ ------------ ------------
29.601      |19.901      |9.700       


VAL losses
Total Loss  |Smoke Loss  |Fire Loss   
------------ ------------ ------------
27.623      |17.797      |9.827       

VAL Metrics
SMOKE -> Precision: 0.866 - Recall: 0.780 - Accuracy: 0.840 - F1: 0.821
FIRE -> Precision: 0.912 - Recall: 0.877 - Accuracy: 0.947 - F1: 0.894
Saving last model

***Script finished: 11:59:18

Time elapsed: 0:26:29.805913
