Shuffle Net Classifier. First Test.
DFire Removed wrong images: 0
DFire empty images: 31
DFire only smoke images: 17
DFire only fire images: 2
DFire smoke and fire images: 14
Using SHUFFLE Classifier
Model Pretrained has 1024 in features in last layer
Model shape is tensor([[ 0.0150, -0.0641],
        [ 0.0200, -0.0730],
        [ 0.0153, -0.0683],
        [ 0.0095, -0.0651]], device='cuda:0', grad_fn=<CatBackward0>)
BED Model Arquitecture
PRETRAINED_SHUFFLE(
  (base_model): Sequential(
    (0): Sequential(
      (0): Conv2d(3, 24, kernel_size=(3, 3), stride=(2, 2), padding=(1, 1), bias=False)
      (1): BatchNorm2d(24, eps=1e-05, momentum=0.1, affine=True, track_running_stats=True)
      (2): ReLU(inplace=True)
    )
    (1): MaxPool2d(kernel_size=3, stride=2, padding=1, dilation=1, ceil_mode=False)
    (2): Sequential(
      (0): InvertedResidual(
        (branch1): Sequential(
          (0): Conv2d(24, 24, kernel_size=(3, 3), stride=(2, 2), padding=(1, 1), groups=24, bias=False)
          (1): BatchNorm2d(24, eps=1e-05, momentum=0.1, affine=True, track_running_stats=True)
          (2): Conv2d(24, 24, kernel_size=(1, 1), stride=(1, 1), bias=False)
          (3): BatchNorm2d(24, eps=1e-05, momentum=0.1, affine=True, track_running_stats=True)
          (4): ReLU(inplace=True)
        )
        (branch2): Sequential(
          (0): Conv2d(24, 24, kernel_size=(1, 1), stride=(1, 1), bias=False)
          (1): BatchNorm2d(24, eps=1e-05, momentum=0.1, affine=True, track_running_stats=True)
          (2): ReLU(inplace=True)
          (3): Conv2d(24, 24, kernel_size=(3, 3), stride=(2, 2), padding=(1, 1), groups=24, bias=False)
          (4): BatchNorm2d(24, eps=1e-05, momentum=0.1, affine=True, track_running_stats=True)
          (5): Conv2d(24, 24, kernel_size=(1, 1), stride=(1, 1), bias=False)
          (6): BatchNorm2d(24, eps=1e-05, momentum=0.1, affine=True, track_running_stats=True)
          (7): ReLU(inplace=True)
        )
      )
      (1): InvertedResidual(
        (branch1): Sequential()
        (branch2): Sequential(
          (0): Conv2d(24, 24, kernel_size=(1, 1), stride=(1, 1), bias=False)
          (1): BatchNorm2d(24, eps=1e-05, momentum=0.1, affine=True, track_running_stats=True)
          (2): ReLU(inplace=True)
          (3): Conv2d(24, 24, kernel_size=(3, 3), stride=(1, 1), padding=(1, 1), groups=24, bias=False)
          (4): BatchNorm2d(24, eps=1e-05, momentum=0.1, affine=True, track_running_stats=True)
          (5): Conv2d(24, 24, kernel_size=(1, 1), stride=(1, 1), bias=False)
          (6): BatchNorm2d(24, eps=1e-05, momentum=0.1, affine=True, track_running_stats=True)
          (7): ReLU(inplace=True)
        )
      )
      (2): InvertedResidual(
        (branch1): Sequential()
        (branch2): Sequential(
          (0): Conv2d(24, 24, kernel_size=(1, 1), stride=(1, 1), bias=False)
          (1): BatchNorm2d(24, eps=1e-05, momentum=0.1, affine=True, track_running_stats=True)
          (2): ReLU(inplace=True)
          (3): Conv2d(24, 24, kernel_size=(3, 3), stride=(1, 1), padding=(1, 1), groups=24, bias=False)
          (4): BatchNorm2d(24, eps=1e-05, momentum=0.1, affine=True, track_running_stats=True)
          (5): Conv2d(24, 24, kernel_size=(1, 1), stride=(1, 1), bias=False)
          (6): BatchNorm2d(24, eps=1e-05, momentum=0.1, affine=True, track_running_stats=True)
          (7): ReLU(inplace=True)
        )
      )
      (3): InvertedResidual(
        (branch1): Sequential()
        (branch2): Sequential(
          (0): Conv2d(24, 24, kernel_size=(1, 1), stride=(1, 1), bias=False)
          (1): BatchNorm2d(24, eps=1e-05, momentum=0.1, affine=True, track_running_stats=True)
          (2): ReLU(inplace=True)
          (3): Conv2d(24, 24, kernel_size=(3, 3), stride=(1, 1), padding=(1, 1), groups=24, bias=False)
          (4): BatchNorm2d(24, eps=1e-05, momentum=0.1, affine=True, track_running_stats=True)
          (5): Conv2d(24, 24, kernel_size=(1, 1), stride=(1, 1), bias=False)
          (6): BatchNorm2d(24, eps=1e-05, momentum=0.1, affine=True, track_running_stats=True)
          (7): ReLU(inplace=True)
        )
      )
    )
    (3): Sequential(
      (0): InvertedResidual(
        (branch1): Sequential(
          (0): Conv2d(48, 48, kernel_size=(3, 3), stride=(2, 2), padding=(1, 1), groups=48, bias=False)
          (1): BatchNorm2d(48, eps=1e-05, momentum=0.1, affine=True, track_running_stats=True)
          (2): Conv2d(48, 48, kernel_size=(1, 1), stride=(1, 1), bias=False)
          (3): BatchNorm2d(48, eps=1e-05, momentum=0.1, affine=True, track_running_stats=True)
          (4): ReLU(inplace=True)
        )
        (branch2): Sequential(
          (0): Conv2d(48, 48, kernel_size=(1, 1), stride=(1, 1), bias=False)
          (1): BatchNorm2d(48, eps=1e-05, momentum=0.1, affine=True, track_running_stats=True)
          (2): ReLU(inplace=True)
          (3): Conv2d(48, 48, kernel_size=(3, 3), stride=(2, 2), padding=(1, 1), groups=48, bias=False)
          (4): BatchNorm2d(48, eps=1e-05, momentum=0.1, affine=True, track_running_stats=True)
          (5): Conv2d(48, 48, kernel_size=(1, 1), stride=(1, 1), bias=False)
          (6): BatchNorm2d(48, eps=1e-05, momentum=0.1, affine=True, track_running_stats=True)
          (7): ReLU(inplace=True)
        )
      )
      (1): InvertedResidual(
        (branch1): Sequential()
        (branch2): Sequential(
          (0): Conv2d(48, 48, kernel_size=(1, 1), stride=(1, 1), bias=False)
          (1): BatchNorm2d(48, eps=1e-05, momentum=0.1, affine=True, track_running_stats=True)
          (2): ReLU(inplace=True)
          (3): Conv2d(48, 48, kernel_size=(3, 3), stride=(1, 1), padding=(1, 1), groups=48, bias=False)
          (4): BatchNorm2d(48, eps=1e-05, momentum=0.1, affine=True, track_running_stats=True)
          (5): Conv2d(48, 48, kernel_size=(1, 1), stride=(1, 1), bias=False)
          (6): BatchNorm2d(48, eps=1e-05, momentum=0.1, affine=True, track_running_stats=True)
          (7): ReLU(inplace=True)
        )
      )
      (2): InvertedResidual(
        (branch1): Sequential()
        (branch2): Sequential(
          (0): Conv2d(48, 48, kernel_size=(1, 1), stride=(1, 1), bias=False)
          (1): BatchNorm2d(48, eps=1e-05, momentum=0.1, affine=True, track_running_stats=True)
          (2): ReLU(inplace=True)
          (3): Conv2d(48, 48, kernel_size=(3, 3), stride=(1, 1), padding=(1, 1), groups=48, bias=False)
          (4): BatchNorm2d(48, eps=1e-05, momentum=0.1, affine=True, track_running_stats=True)
          (5): Conv2d(48, 48, kernel_size=(1, 1), stride=(1, 1), bias=False)
          (6): BatchNorm2d(48, eps=1e-05, momentum=0.1, affine=True, track_running_stats=True)
          (7): ReLU(inplace=True)
        )
      )
      (3): InvertedResidual(
        (branch1): Sequential()
        (branch2): Sequential(
          (0): Conv2d(48, 48, kernel_size=(1, 1), stride=(1, 1), bias=False)
          (1): BatchNorm2d(48, eps=1e-05, momentum=0.1, affine=True, track_running_stats=True)
          (2): ReLU(inplace=True)
          (3): Conv2d(48, 48, kernel_size=(3, 3), stride=(1, 1), padding=(1, 1), groups=48, bias=False)
          (4): BatchNorm2d(48, eps=1e-05, momentum=0.1, affine=True, track_running_stats=True)
          (5): Conv2d(48, 48, kernel_size=(1, 1), stride=(1, 1), bias=False)
          (6): BatchNorm2d(48, eps=1e-05, momentum=0.1, affine=True, track_running_stats=True)
          (7): ReLU(inplace=True)
        )
      )
      (4): InvertedResidual(
        (branch1): Sequential()
        (branch2): Sequential(
          (0): Conv2d(48, 48, kernel_size=(1, 1), stride=(1, 1), bias=False)
          (1): BatchNorm2d(48, eps=1e-05, momentum=0.1, affine=True, track_running_stats=True)
          (2): ReLU(inplace=True)
          (3): Conv2d(48, 48, kernel_size=(3, 3), stride=(1, 1), padding=(1, 1), groups=48, bias=False)
          (4): BatchNorm2d(48, eps=1e-05, momentum=0.1, affine=True, track_running_stats=True)
          (5): Conv2d(48, 48, kernel_size=(1, 1), stride=(1, 1), bias=False)
          (6): BatchNorm2d(48, eps=1e-05, momentum=0.1, affine=True, track_running_stats=True)
          (7): ReLU(inplace=True)
        )
      )
      (5): InvertedResidual(
        (branch1): Sequential()
        (branch2): Sequential(
          (0): Conv2d(48, 48, kernel_size=(1, 1), stride=(1, 1), bias=False)
          (1): BatchNorm2d(48, eps=1e-05, momentum=0.1, affine=True, track_running_stats=True)
          (2): ReLU(inplace=True)
          (3): Conv2d(48, 48, kernel_size=(3, 3), stride=(1, 1), padding=(1, 1), groups=48, bias=False)
          (4): BatchNorm2d(48, eps=1e-05, momentum=0.1, affine=True, track_running_stats=True)
          (5): Conv2d(48, 48, kernel_size=(1, 1), stride=(1, 1), bias=False)
          (6): BatchNorm2d(48, eps=1e-05, momentum=0.1, affine=True, track_running_stats=True)
          (7): ReLU(inplace=True)
        )
      )
      (6): InvertedResidual(
        (branch1): Sequential()
        (branch2): Sequential(
          (0): Conv2d(48, 48, kernel_size=(1, 1), stride=(1, 1), bias=False)
          (1): BatchNorm2d(48, eps=1e-05, momentum=0.1, affine=True, track_running_stats=True)
          (2): ReLU(inplace=True)
          (3): Conv2d(48, 48, kernel_size=(3, 3), stride=(1, 1), padding=(1, 1), groups=48, bias=False)
          (4): BatchNorm2d(48, eps=1e-05, momentum=0.1, affine=True, track_running_stats=True)
          (5): Conv2d(48, 48, kernel_size=(1, 1), stride=(1, 1), bias=False)
          (6): BatchNorm2d(48, eps=1e-05, momentum=0.1, affine=True, track_running_stats=True)
          (7): ReLU(inplace=True)
        )
      )
      (7): InvertedResidual(
        (branch1): Sequential()
        (branch2): Sequential(
          (0): Conv2d(48, 48, kernel_size=(1, 1), stride=(1, 1), bias=False)
          (1): BatchNorm2d(48, eps=1e-05, momentum=0.1, affine=True, track_running_stats=True)
          (2): ReLU(inplace=True)
          (3): Conv2d(48, 48, kernel_size=(3, 3), stride=(1, 1), padding=(1, 1), groups=48, bias=False)
          (4): BatchNorm2d(48, eps=1e-05, momentum=0.1, affine=True, track_running_stats=True)
          (5): Conv2d(48, 48, kernel_size=(1, 1), stride=(1, 1), bias=False)
          (6): BatchNorm2d(48, eps=1e-05, momentum=0.1, affine=True, track_running_stats=True)
          (7): ReLU(inplace=True)
        )
      )
    )
    (4): Sequential(
      (0): InvertedResidual(
        (branch1): Sequential(
          (0): Conv2d(96, 96, kernel_size=(3, 3), stride=(2, 2), padding=(1, 1), groups=96, bias=False)
          (1): BatchNorm2d(96, eps=1e-05, momentum=0.1, affine=True, track_running_stats=True)
          (2): Conv2d(96, 96, kernel_size=(1, 1), stride=(1, 1), bias=False)
          (3): BatchNorm2d(96, eps=1e-05, momentum=0.1, affine=True, track_running_stats=True)
          (4): ReLU(inplace=True)
        )
        (branch2): Sequential(
          (0): Conv2d(96, 96, kernel_size=(1, 1), stride=(1, 1), bias=False)
          (1): BatchNorm2d(96, eps=1e-05, momentum=0.1, affine=True, track_running_stats=True)
          (2): ReLU(inplace=True)
          (3): Conv2d(96, 96, kernel_size=(3, 3), stride=(2, 2), padding=(1, 1), groups=96, bias=False)
          (4): BatchNorm2d(96, eps=1e-05, momentum=0.1, affine=True, track_running_stats=True)
          (5): Conv2d(96, 96, kernel_size=(1, 1), stride=(1, 1), bias=False)
          (6): BatchNorm2d(96, eps=1e-05, momentum=0.1, affine=True, track_running_stats=True)
          (7): ReLU(inplace=True)
        )
      )
      (1): InvertedResidual(
        (branch1): Sequential()
        (branch2): Sequential(
          (0): Conv2d(96, 96, kernel_size=(1, 1), stride=(1, 1), bias=False)
          (1): BatchNorm2d(96, eps=1e-05, momentum=0.1, affine=True, track_running_stats=True)
          (2): ReLU(inplace=True)
          (3): Conv2d(96, 96, kernel_size=(3, 3), stride=(1, 1), padding=(1, 1), groups=96, bias=False)
          (4): BatchNorm2d(96, eps=1e-05, momentum=0.1, affine=True, track_running_stats=True)
          (5): Conv2d(96, 96, kernel_size=(1, 1), stride=(1, 1), bias=False)
          (6): BatchNorm2d(96, eps=1e-05, momentum=0.1, affine=True, track_running_stats=True)
          (7): ReLU(inplace=True)
        )
      )
      (2): InvertedResidual(
        (branch1): Sequential()
        (branch2): Sequential(
          (0): Conv2d(96, 96, kernel_size=(1, 1), stride=(1, 1), bias=False)
          (1): BatchNorm2d(96, eps=1e-05, momentum=0.1, affine=True, track_running_stats=True)
          (2): ReLU(inplace=True)
          (3): Conv2d(96, 96, kernel_size=(3, 3), stride=(1, 1), padding=(1, 1), groups=96, bias=False)
          (4): BatchNorm2d(96, eps=1e-05, momentum=0.1, affine=True, track_running_stats=True)
          (5): Conv2d(96, 96, kernel_size=(1, 1), stride=(1, 1), bias=False)
          (6): BatchNorm2d(96, eps=1e-05, momentum=0.1, affine=True, track_running_stats=True)
          (7): ReLU(inplace=True)
        )
      )
      (3): InvertedResidual(
        (branch1): Sequential()
        (branch2): Sequential(
          (0): Conv2d(96, 96, kernel_size=(1, 1), stride=(1, 1), bias=False)
          (1): BatchNorm2d(96, eps=1e-05, momentum=0.1, affine=True, track_running_stats=True)
          (2): ReLU(inplace=True)
          (3): Conv2d(96, 96, kernel_size=(3, 3), stride=(1, 1), padding=(1, 1), groups=96, bias=False)
          (4): BatchNorm2d(96, eps=1e-05, momentum=0.1, affine=True, track_running_stats=True)
          (5): Conv2d(96, 96, kernel_size=(1, 1), stride=(1, 1), bias=False)
          (6): BatchNorm2d(96, eps=1e-05, momentum=0.1, affine=True, track_running_stats=True)
          (7): ReLU(inplace=True)
        )
      )
    )
    (5): Sequential(
      (0): Conv2d(192, 1024, kernel_size=(1, 1), stride=(1, 1), bias=False)
      (1): BatchNorm2d(1024, eps=1e-05, momentum=0.1, affine=True, track_running_stats=True)
      (2): ReLU(inplace=True)
    )
  )
  (pool): AdaptiveAvgPool2d(output_size=(1, 1))
  (smoke): Sequential(
    (0): Dropout(p=0.2, inplace=False)
    (1): Linear(in_features=1024, out_features=16, bias=True)
    (2): ReLU()
    (3): Linear(in_features=16, out_features=1, bias=True)
  )
  (fire): Sequential(
    (0): Dropout(p=0.2, inplace=False)
    (1): Linear(in_features=1024, out_features=16, bias=True)
    (2): ReLU()
    (3): Linear(in_features=16, out_features=1, bias=True)
  )
)

Trainable parameters = 32834
Total parameters = 374626


TRAIN DFIRE dataset
DFire Removed wrong images: 0
DFire empty images: 7833
DFire only smoke images: 4681
DFire only fire images: 944
DFire smoke and fire images: 3763
Train dataset len: 17221

TEST DFire dataset
DFire Removed wrong images: 0
DFire empty images: 2005
DFire only smoke images: 1186
DFire only fire images: 220
DFire smoke and fire images: 895
Test dataset len: 4306
Device: cuda
Learning Rate: 0.001
Weight Decay: 0.001
Batch Size: 64
IMG DIMS: (224, 224)
W: 224
H: 224
Loss Function: BCE
Starting script


***Start Training: 22:46:09

Pretrained Weights

=== EPOCH 0/19 ===
Learning Rate = 0.001

TRAIN losses
Total Loss  |Smoke Loss  |Fire Loss   
------------ ------------ ------------
67.845      |40.503      |27.342      


VAL losses
Total Loss  |Smoke Loss  |Fire Loss   
------------ ------------ ------------
54.351      |36.542      |17.809      

VAL Metrics
SMOKE -> Precision: 0.729 - Recall: 0.681 - Accuracy: 0.725 - F1: 0.704
FIRE -> Precision: 0.830 - Recall: 0.765 - Accuracy: 0.899 - F1: 0.796

Saving model with new best validation loss: 54.351

=== EPOCH 1/19 ===
Learning Rate = 0.001

TRAIN losses
Total Loss  |Smoke Loss  |Fire Loss   
------------ ------------ ------------
52.820      |35.179      |17.641      


VAL losses
Total Loss  |Smoke Loss  |Fire Loss   
------------ ------------ ------------
47.782      |32.963      |14.819      

VAL Metrics
SMOKE -> Precision: 0.773 - Recall: 0.698 - Accuracy: 0.756 - F1: 0.733
FIRE -> Precision: 0.817 - Recall: 0.846 - Accuracy: 0.911 - F1: 0.831

Saving model with new best validation loss: 47.782

=== EPOCH 2/19 ===
Learning Rate = 0.001

TRAIN losses
Total Loss  |Smoke Loss  |Fire Loss   
------------ ------------ ------------
49.105      |33.219      |15.886      


VAL losses
Total Loss  |Smoke Loss  |Fire Loss   
------------ ------------ ------------
44.250      |31.207      |13.043      

VAL Metrics
SMOKE -> Precision: 0.764 - Recall: 0.765 - Accuracy: 0.773 - F1: 0.764
FIRE -> Precision: 0.861 - Recall: 0.817 - Accuracy: 0.919 - F1: 0.839

Saving model with new best validation loss: 44.250

=== EPOCH 3/19 ===
Learning Rate = 0.001

TRAIN losses
Total Loss  |Smoke Loss  |Fire Loss   
------------ ------------ ------------
46.648      |31.650      |14.998      


VAL losses
Total Loss  |Smoke Loss  |Fire Loss   
------------ ------------ ------------
42.064      |29.754      |12.310      

VAL Metrics
SMOKE -> Precision: 0.813 - Recall: 0.714 - Accuracy: 0.783 - F1: 0.760
FIRE -> Precision: 0.869 - Recall: 0.834 - Accuracy: 0.925 - F1: 0.851

Saving model with new best validation loss: 42.064

=== EPOCH 4/19 ===
Learning Rate = 0.001

TRAIN losses
Total Loss  |Smoke Loss  |Fire Loss   
------------ ------------ ------------
45.380      |30.978      |14.402      


VAL losses
Total Loss  |Smoke Loss  |Fire Loss   
------------ ------------ ------------
40.772      |28.794      |11.978      

VAL Metrics
SMOKE -> Precision: 0.804 - Recall: 0.754 - Accuracy: 0.793 - F1: 0.778
FIRE -> Precision: 0.866 - Recall: 0.870 - Accuracy: 0.931 - F1: 0.868

Saving model with new best validation loss: 40.772

=== EPOCH 5/19 ===
Learning Rate = 0.001

TRAIN losses
Total Loss  |Smoke Loss  |Fire Loss   
------------ ------------ ------------
44.852      |30.693      |14.159      


VAL losses
Total Loss  |Smoke Loss  |Fire Loss   
------------ ------------ ------------
39.542      |28.171      |11.371      

VAL Metrics
SMOKE -> Precision: 0.804 - Recall: 0.781 - Accuracy: 0.803 - F1: 0.793
FIRE -> Precision: 0.885 - Recall: 0.856 - Accuracy: 0.934 - F1: 0.870

Saving model with new best validation loss: 39.542

=== EPOCH 6/19 ===
Learning Rate = 0.001

TRAIN losses
Total Loss  |Smoke Loss  |Fire Loss   
------------ ------------ ------------
43.960      |29.973      |13.987      


VAL losses
Total Loss  |Smoke Loss  |Fire Loss   
------------ ------------ ------------
38.744      |27.647      |11.097      

VAL Metrics
SMOKE -> Precision: 0.816 - Recall: 0.768 - Accuracy: 0.805 - F1: 0.791
FIRE -> Precision: 0.897 - Recall: 0.846 - Accuracy: 0.935 - F1: 0.871

Saving model with new best validation loss: 38.744

=== EPOCH 7/19 ===
Learning Rate = 0.001

TRAIN losses
Total Loss  |Smoke Loss  |Fire Loss   
------------ ------------ ------------
43.310      |29.794      |13.516      


VAL losses
Total Loss  |Smoke Loss  |Fire Loss   
------------ ------------ ------------
37.880      |26.997      |10.883      

VAL Metrics
SMOKE -> Precision: 0.818 - Recall: 0.785 - Accuracy: 0.812 - F1: 0.801
FIRE -> Precision: 0.911 - Recall: 0.825 - Accuracy: 0.934 - F1: 0.866

Saving model with new best validation loss: 37.880

=== EPOCH 8/19 ===
Learning Rate = 0.001

TRAIN losses
Total Loss  |Smoke Loss  |Fire Loss   
------------ ------------ ------------
42.488      |29.183      |13.305      


VAL losses
Total Loss  |Smoke Loss  |Fire Loss   
------------ ------------ ------------
37.310      |26.731      |10.579      

VAL Metrics
SMOKE -> Precision: 0.824 - Recall: 0.773 - Accuracy: 0.811 - F1: 0.798
FIRE -> Precision: 0.909 - Recall: 0.848 - Accuracy: 0.939 - F1: 0.877

Saving model with new best validation loss: 37.310

=== EPOCH 9/19 ===
Learning Rate = 0.001

TRAIN losses
Total Loss  |Smoke Loss  |Fire Loss   
------------ ------------ ------------
42.144      |29.196      |12.948      


VAL losses
Total Loss  |Smoke Loss  |Fire Loss   
------------ ------------ ------------
37.226      |26.804      |10.422      

VAL Metrics
SMOKE -> Precision: 0.789 - Recall: 0.848 - Accuracy: 0.818 - F1: 0.817
FIRE -> Precision: 0.903 - Recall: 0.858 - Accuracy: 0.939 - F1: 0.880

Saving model with new best validation loss: 37.226

=== EPOCH 10/19 ===
Learning Rate = 0.001

TRAIN losses
Total Loss  |Smoke Loss  |Fire Loss   
------------ ------------ ------------
41.699      |28.808      |12.891      


VAL losses
Total Loss  |Smoke Loss  |Fire Loss   
------------ ------------ ------------
36.744      |26.450      |10.294      

VAL Metrics
SMOKE -> Precision: 0.879 - Recall: 0.714 - Accuracy: 0.815 - F1: 0.788
FIRE -> Precision: 0.918 - Recall: 0.840 - Accuracy: 0.939 - F1: 0.877

Saving model with new best validation loss: 36.744

=== EPOCH 11/19 ===
Learning Rate = 0.001

TRAIN losses
Total Loss  |Smoke Loss  |Fire Loss   
------------ ------------ ------------
41.224      |28.387      |12.836      


VAL losses
Total Loss  |Smoke Loss  |Fire Loss   
------------ ------------ ------------
35.884      |25.776      |10.108      

VAL Metrics
SMOKE -> Precision: 0.816 - Recall: 0.816 - Accuracy: 0.823 - F1: 0.816
FIRE -> Precision: 0.896 - Recall: 0.873 - Accuracy: 0.941 - F1: 0.884

Saving model with new best validation loss: 35.884

=== EPOCH 12/19 ===
Learning Rate = 0.001

TRAIN losses
Total Loss  |Smoke Loss  |Fire Loss   
------------ ------------ ------------
41.097      |28.132      |12.965      


VAL losses
Total Loss  |Smoke Loss  |Fire Loss   
------------ ------------ ------------
35.367      |25.372      |9.995       

VAL Metrics
SMOKE -> Precision: 0.832 - Recall: 0.788 - Accuracy: 0.821 - F1: 0.809
FIRE -> Precision: 0.910 - Recall: 0.860 - Accuracy: 0.942 - F1: 0.885

Saving model with new best validation loss: 35.367

=== EPOCH 13/19 ===
Learning Rate = 0.001

TRAIN losses
Total Loss  |Smoke Loss  |Fire Loss   
------------ ------------ ------------
41.030      |28.226      |12.804      


VAL losses
Total Loss  |Smoke Loss  |Fire Loss   
------------ ------------ ------------
34.931      |25.067      |9.863       

VAL Metrics
SMOKE -> Precision: 0.841 - Recall: 0.784 - Accuracy: 0.825 - F1: 0.812
FIRE -> Precision: 0.908 - Recall: 0.862 - Accuracy: 0.942 - F1: 0.884

Saving model with new best validation loss: 34.931

=== EPOCH 14/19 ===
Learning Rate = 0.001

TRAIN losses
Total Loss  |Smoke Loss  |Fire Loss   
------------ ------------ ------------
40.807      |28.125      |12.683      


VAL losses
Total Loss  |Smoke Loss  |Fire Loss   
------------ ------------ ------------
34.756      |24.824      |9.932       

VAL Metrics
SMOKE -> Precision: 0.849 - Recall: 0.781 - Accuracy: 0.828 - F1: 0.814
FIRE -> Precision: 0.899 - Recall: 0.880 - Accuracy: 0.943 - F1: 0.889

Saving model with new best validation loss: 34.756

=== EPOCH 15/19 ===
Learning Rate = 0.001

TRAIN losses
Total Loss  |Smoke Loss  |Fire Loss   
------------ ------------ ------------
40.594      |27.888      |12.706      


VAL losses
Total Loss  |Smoke Loss  |Fire Loss   
------------ ------------ ------------
34.469      |24.653      |9.817       

VAL Metrics
SMOKE -> Precision: 0.832 - Recall: 0.821 - Accuracy: 0.834 - F1: 0.826
FIRE -> Precision: 0.913 - Recall: 0.856 - Accuracy: 0.942 - F1: 0.884

Saving model with new best validation loss: 34.469

=== EPOCH 16/19 ===
Learning Rate = 0.001

TRAIN losses
Total Loss  |Smoke Loss  |Fire Loss   
------------ ------------ ------------
40.746      |28.022      |12.723      


VAL losses
Total Loss  |Smoke Loss  |Fire Loss   
------------ ------------ ------------
34.400      |24.614      |9.785       

VAL Metrics
SMOKE -> Precision: 0.852 - Recall: 0.779 - Accuracy: 0.829 - F1: 0.814
FIRE -> Precision: 0.912 - Recall: 0.862 - Accuracy: 0.943 - F1: 0.887

Saving model with new best validation loss: 34.400

=== EPOCH 17/19 ===
Learning Rate = 0.001

TRAIN losses
Total Loss  |Smoke Loss  |Fire Loss   
------------ ------------ ------------
40.472      |27.663      |12.808      


VAL losses
Total Loss  |Smoke Loss  |Fire Loss   
------------ ------------ ------------
34.112      |24.351      |9.761       

VAL Metrics
SMOKE -> Precision: 0.855 - Recall: 0.777 - Accuracy: 0.829 - F1: 0.814
FIRE -> Precision: 0.898 - Recall: 0.878 - Accuracy: 0.943 - F1: 0.888

Saving model with new best validation loss: 34.112

=== EPOCH 18/19 ===
Learning Rate = 0.001

TRAIN losses
Total Loss  |Smoke Loss  |Fire Loss   
------------ ------------ ------------
40.035      |27.360      |12.675      


VAL losses
Total Loss  |Smoke Loss  |Fire Loss   
------------ ------------ ------------
33.982      |24.172      |9.810       

VAL Metrics
SMOKE -> Precision: 0.832 - Recall: 0.835 - Accuracy: 0.839 - F1: 0.833
FIRE -> Precision: 0.898 - Recall: 0.883 - Accuracy: 0.944 - F1: 0.891

Saving model with new best validation loss: 33.982

=== EPOCH 19/19 ===
Learning Rate = 0.001

TRAIN losses
Total Loss  |Smoke Loss  |Fire Loss   
------------ ------------ ------------
39.725      |27.305      |12.420      


VAL losses
Total Loss  |Smoke Loss  |Fire Loss   
------------ ------------ ------------
33.780      |24.106      |9.674       

VAL Metrics
SMOKE -> Precision: 0.854 - Recall: 0.790 - Accuracy: 0.834 - F1: 0.821
FIRE -> Precision: 0.905 - Recall: 0.868 - Accuracy: 0.942 - F1: 0.886

Saving model with new best validation loss: 33.780
Saving last model

***Script finished: 22:54:53

Time elapsed: 0:08:44.485201

Trainable parameters = 374626
Total parameters = 374626

Starting script


***Start Training: 23:06:21

Pretrained Weights

=== EPOCH 0/49 ===
Learning Rate = 1e-05

TRAIN losses
Total Loss  |Smoke Loss  |Fire Loss   
------------ ------------ ------------
38.843      |26.841      |12.001      


VAL losses
Total Loss  |Smoke Loss  |Fire Loss   
------------ ------------ ------------
32.535      |23.257      |9.278       

VAL Metrics
SMOKE -> Precision: 0.847 - Recall: 0.821 - Accuracy: 0.842 - F1: 0.834
FIRE -> Precision: 0.911 - Recall: 0.875 - Accuracy: 0.945 - F1: 0.892

Saving model with new best validation loss: 32.535

=== EPOCH 1/49 ===
Learning Rate = 1e-05

TRAIN losses
Total Loss  |Smoke Loss  |Fire Loss   
------------ ------------ ------------
38.400      |26.412      |11.988      


VAL losses
Total Loss  |Smoke Loss  |Fire Loss   
------------ ------------ ------------
31.795      |22.741      |9.055       

VAL Metrics
SMOKE -> Precision: 0.855 - Recall: 0.830 - Accuracy: 0.851 - F1: 0.843
FIRE -> Precision: 0.908 - Recall: 0.894 - Accuracy: 0.949 - F1: 0.901

Saving model with new best validation loss: 31.795

=== EPOCH 2/49 ===
Learning Rate = 1e-05

TRAIN losses
Total Loss  |Smoke Loss  |Fire Loss   
------------ ------------ ------------
36.914      |25.557      |11.356      


VAL losses
Total Loss  |Smoke Loss  |Fire Loss   
------------ ------------ ------------
31.140      |22.336      |8.804       

VAL Metrics
SMOKE -> Precision: 0.857 - Recall: 0.840 - Accuracy: 0.855 - F1: 0.848
FIRE -> Precision: 0.916 - Recall: 0.889 - Accuracy: 0.950 - F1: 0.902

Saving model with new best validation loss: 31.140

=== EPOCH 3/49 ===
Learning Rate = 1e-05

TRAIN losses
Total Loss  |Smoke Loss  |Fire Loss   
------------ ------------ ------------
36.171      |25.158      |11.013      


VAL losses
Total Loss  |Smoke Loss  |Fire Loss   
------------ ------------ ------------
30.533      |21.896      |8.637       

VAL Metrics
SMOKE -> Precision: 0.868 - Recall: 0.838 - Accuracy: 0.861 - F1: 0.853
FIRE -> Precision: 0.916 - Recall: 0.894 - Accuracy: 0.951 - F1: 0.905

Saving model with new best validation loss: 30.533

=== EPOCH 4/49 ===
Learning Rate = 1e-05

TRAIN losses
Total Loss  |Smoke Loss  |Fire Loss   
------------ ------------ ------------
36.104      |24.881      |11.224      


VAL losses
Total Loss  |Smoke Loss  |Fire Loss   
------------ ------------ ------------
29.960      |21.500      |8.459       

VAL Metrics
SMOKE -> Precision: 0.863 - Recall: 0.852 - Accuracy: 0.864 - F1: 0.858
FIRE -> Precision: 0.920 - Recall: 0.895 - Accuracy: 0.953 - F1: 0.907

Saving model with new best validation loss: 29.960

=== EPOCH 5/49 ===
Learning Rate = 1e-05

TRAIN losses
Total Loss  |Smoke Loss  |Fire Loss   
------------ ------------ ------------
35.061      |24.210      |10.851      


VAL losses
Total Loss  |Smoke Loss  |Fire Loss   
------------ ------------ ------------
29.593      |21.249      |8.344       

VAL Metrics
SMOKE -> Precision: 0.868 - Recall: 0.850 - Accuracy: 0.866 - F1: 0.859
FIRE -> Precision: 0.912 - Recall: 0.899 - Accuracy: 0.951 - F1: 0.906

Saving model with new best validation loss: 29.593

=== EPOCH 6/49 ===
Learning Rate = 1e-05

TRAIN losses
Total Loss  |Smoke Loss  |Fire Loss   
------------ ------------ ------------
34.332      |23.840      |10.492      


VAL losses
Total Loss  |Smoke Loss  |Fire Loss   
------------ ------------ ------------
28.937      |20.753      |8.184       

VAL Metrics
SMOKE -> Precision: 0.867 - Recall: 0.865 - Accuracy: 0.871 - F1: 0.866
FIRE -> Precision: 0.926 - Recall: 0.897 - Accuracy: 0.955 - F1: 0.911

Saving model with new best validation loss: 28.937

=== EPOCH 7/49 ===
Learning Rate = 1e-05

TRAIN losses
Total Loss  |Smoke Loss  |Fire Loss   
------------ ------------ ------------
33.810      |23.515      |10.294      


VAL losses
Total Loss  |Smoke Loss  |Fire Loss   
------------ ------------ ------------
28.504      |20.442      |8.061       

VAL Metrics
SMOKE -> Precision: 0.872 - Recall: 0.865 - Accuracy: 0.874 - F1: 0.869
FIRE -> Precision: 0.924 - Recall: 0.894 - Accuracy: 0.953 - F1: 0.908

Saving model with new best validation loss: 28.504

=== EPOCH 8/49 ===
Learning Rate = 1e-05

TRAIN losses
Total Loss  |Smoke Loss  |Fire Loss   
------------ ------------ ------------
33.279      |22.960      |10.318      


VAL losses
Total Loss  |Smoke Loss  |Fire Loss   
------------ ------------ ------------
28.226      |20.272      |7.955       

VAL Metrics
SMOKE -> Precision: 0.884 - Recall: 0.845 - Accuracy: 0.872 - F1: 0.864
FIRE -> Precision: 0.932 - Recall: 0.893 - Accuracy: 0.955 - F1: 0.912

Saving model with new best validation loss: 28.226

=== EPOCH 9/49 ===
Learning Rate = 1e-05

TRAIN losses
Total Loss  |Smoke Loss  |Fire Loss   
------------ ------------ ------------
32.718      |22.729      |9.988       


VAL losses
Total Loss  |Smoke Loss  |Fire Loss   
------------ ------------ ------------
27.881      |19.961      |7.920       

VAL Metrics
SMOKE -> Precision: 0.880 - Recall: 0.864 - Accuracy: 0.878 - F1: 0.872
FIRE -> Precision: 0.919 - Recall: 0.909 - Accuracy: 0.956 - F1: 0.914

Saving model with new best validation loss: 27.881

=== EPOCH 10/49 ===
Learning Rate = 1e-05

TRAIN losses
Total Loss  |Smoke Loss  |Fire Loss   
------------ ------------ ------------
32.544      |22.582      |9.961       


VAL losses
Total Loss  |Smoke Loss  |Fire Loss   
------------ ------------ ------------
27.478      |19.698      |7.780       

VAL Metrics
SMOKE -> Precision: 0.883 - Recall: 0.866 - Accuracy: 0.880 - F1: 0.874
FIRE -> Precision: 0.925 - Recall: 0.900 - Accuracy: 0.955 - F1: 0.912

Saving model with new best validation loss: 27.478

=== EPOCH 11/49 ===
Learning Rate = 1e-05

TRAIN losses
Total Loss  |Smoke Loss  |Fire Loss   
------------ ------------ ------------
32.041      |22.103      |9.938       


VAL losses
Total Loss  |Smoke Loss  |Fire Loss   
------------ ------------ ------------
27.152      |19.454      |7.698       

VAL Metrics
SMOKE -> Precision: 0.888 - Recall: 0.869 - Accuracy: 0.884 - F1: 0.878
FIRE -> Precision: 0.926 - Recall: 0.905 - Accuracy: 0.957 - F1: 0.915

Saving model with new best validation loss: 27.152

=== EPOCH 12/49 ===
Learning Rate = 1e-05

TRAIN losses
Total Loss  |Smoke Loss  |Fire Loss   
------------ ------------ ------------
31.495      |21.790      |9.705       


VAL losses
Total Loss  |Smoke Loss  |Fire Loss   
------------ ------------ ------------
26.809      |19.199      |7.611       

VAL Metrics
SMOKE -> Precision: 0.887 - Recall: 0.871 - Accuracy: 0.885 - F1: 0.879
FIRE -> Precision: 0.929 - Recall: 0.905 - Accuracy: 0.957 - F1: 0.916

Saving model with new best validation loss: 26.809

=== EPOCH 13/49 ===
Learning Rate = 1e-05

TRAIN losses
Total Loss  |Smoke Loss  |Fire Loss   
------------ ------------ ------------
31.593      |21.920      |9.673       


VAL losses
Total Loss  |Smoke Loss  |Fire Loss   
------------ ------------ ------------
26.532      |19.011      |7.521       

VAL Metrics
SMOKE -> Precision: 0.884 - Recall: 0.875 - Accuracy: 0.884 - F1: 0.879
FIRE -> Precision: 0.929 - Recall: 0.903 - Accuracy: 0.957 - F1: 0.915

Saving model with new best validation loss: 26.532

=== EPOCH 14/49 ===
Learning Rate = 1e-05

TRAIN losses
Total Loss  |Smoke Loss  |Fire Loss   
------------ ------------ ------------
30.820      |21.371      |9.449       


VAL losses
Total Loss  |Smoke Loss  |Fire Loss   
------------ ------------ ------------
26.200      |18.794      |7.405       

VAL Metrics
SMOKE -> Precision: 0.888 - Recall: 0.877 - Accuracy: 0.887 - F1: 0.882
FIRE -> Precision: 0.936 - Recall: 0.902 - Accuracy: 0.958 - F1: 0.918

Saving model with new best validation loss: 26.200

=== EPOCH 15/49 ===
Learning Rate = 1e-05

TRAIN losses
Total Loss  |Smoke Loss  |Fire Loss   
------------ ------------ ------------
30.502      |21.133      |9.369       


VAL losses
Total Loss  |Smoke Loss  |Fire Loss   
------------ ------------ ------------
25.969      |18.577      |7.392       

VAL Metrics
SMOKE -> Precision: 0.899 - Recall: 0.866 - Accuracy: 0.889 - F1: 0.882
FIRE -> Precision: 0.939 - Recall: 0.903 - Accuracy: 0.960 - F1: 0.921

Saving model with new best validation loss: 25.969

=== EPOCH 16/49 ===
Learning Rate = 1e-05

TRAIN losses
Total Loss  |Smoke Loss  |Fire Loss   
------------ ------------ ------------
30.320      |20.920      |9.400       


VAL losses
Total Loss  |Smoke Loss  |Fire Loss   
------------ ------------ ------------
25.851      |18.462      |7.389       

VAL Metrics
SMOKE -> Precision: 0.894 - Recall: 0.871 - Accuracy: 0.888 - F1: 0.882
FIRE -> Precision: 0.934 - Recall: 0.906 - Accuracy: 0.959 - F1: 0.920

Saving model with new best validation loss: 25.851

=== EPOCH 17/49 ===
Learning Rate = 1e-05

TRAIN losses
Total Loss  |Smoke Loss  |Fire Loss   
------------ ------------ ------------
29.771      |20.779      |8.993       


VAL losses
Total Loss  |Smoke Loss  |Fire Loss   
------------ ------------ ------------
25.467      |18.191      |7.276       

VAL Metrics
SMOKE -> Precision: 0.891 - Recall: 0.881 - Accuracy: 0.891 - F1: 0.886
FIRE -> Precision: 0.937 - Recall: 0.908 - Accuracy: 0.960 - F1: 0.922

Saving model with new best validation loss: 25.467

=== EPOCH 18/49 ===
Learning Rate = 1e-05

TRAIN losses
Total Loss  |Smoke Loss  |Fire Loss   
------------ ------------ ------------
29.237      |20.302      |8.935       


VAL losses
Total Loss  |Smoke Loss  |Fire Loss   
------------ ------------ ------------
25.242      |18.076      |7.166       

VAL Metrics
SMOKE -> Precision: 0.896 - Recall: 0.877 - Accuracy: 0.892 - F1: 0.887
FIRE -> Precision: 0.935 - Recall: 0.911 - Accuracy: 0.961 - F1: 0.923

Saving model with new best validation loss: 25.242

=== EPOCH 19/49 ===
Learning Rate = 1e-05

TRAIN losses
Total Loss  |Smoke Loss  |Fire Loss   
------------ ------------ ------------
29.484      |20.413      |9.071       


VAL losses
Total Loss  |Smoke Loss  |Fire Loss   
------------ ------------ ------------
24.948      |17.810      |7.139       

VAL Metrics
SMOKE -> Precision: 0.900 - Recall: 0.873 - Accuracy: 0.892 - F1: 0.887
FIRE -> Precision: 0.943 - Recall: 0.901 - Accuracy: 0.960 - F1: 0.922

Saving model with new best validation loss: 24.948

=== EPOCH 20/49 ===
Learning Rate = 1e-05

TRAIN losses
Total Loss  |Smoke Loss  |Fire Loss   
------------ ------------ ------------
29.127      |20.026      |9.101       


VAL losses
Total Loss  |Smoke Loss  |Fire Loss   
------------ ------------ ------------
24.744      |17.678      |7.066       

VAL Metrics
SMOKE -> Precision: 0.895 - Recall: 0.884 - Accuracy: 0.894 - F1: 0.889
FIRE -> Precision: 0.935 - Recall: 0.914 - Accuracy: 0.961 - F1: 0.924

Saving model with new best validation loss: 24.744

=== EPOCH 21/49 ===
Learning Rate = 1e-05

TRAIN losses
Total Loss  |Smoke Loss  |Fire Loss   
------------ ------------ ------------
28.775      |19.906      |8.869       


VAL losses
Total Loss  |Smoke Loss  |Fire Loss   
------------ ------------ ------------
24.474      |17.412      |7.062       

VAL Metrics
SMOKE -> Precision: 0.898 - Recall: 0.891 - Accuracy: 0.899 - F1: 0.894
FIRE -> Precision: 0.937 - Recall: 0.914 - Accuracy: 0.962 - F1: 0.926

Saving model with new best validation loss: 24.474

=== EPOCH 22/49 ===
Learning Rate = 1e-05

TRAIN losses
Total Loss  |Smoke Loss  |Fire Loss   
------------ ------------ ------------
28.619      |19.933      |8.686       


VAL losses
Total Loss  |Smoke Loss  |Fire Loss   
------------ ------------ ------------
24.254      |17.284      |6.970       

VAL Metrics
SMOKE -> Precision: 0.908 - Recall: 0.880 - Accuracy: 0.899 - F1: 0.893
FIRE -> Precision: 0.945 - Recall: 0.909 - Accuracy: 0.963 - F1: 0.927

Saving model with new best validation loss: 24.254

=== EPOCH 23/49 ===
Learning Rate = 1e-05

TRAIN losses
Total Loss  |Smoke Loss  |Fire Loss   
------------ ------------ ------------
28.099      |19.439      |8.661       


VAL losses
Total Loss  |Smoke Loss  |Fire Loss   
------------ ------------ ------------
24.053      |17.142      |6.911       

VAL Metrics
SMOKE -> Precision: 0.904 - Recall: 0.886 - Accuracy: 0.900 - F1: 0.895
FIRE -> Precision: 0.942 - Recall: 0.913 - Accuracy: 0.963 - F1: 0.927

Saving model with new best validation loss: 24.053

=== EPOCH 24/49 ===
Learning Rate = 1e-05

TRAIN losses
Total Loss  |Smoke Loss  |Fire Loss   
------------ ------------ ------------
27.693      |19.169      |8.523       


VAL losses
Total Loss  |Smoke Loss  |Fire Loss   
------------ ------------ ------------
23.801      |16.951      |6.850       

VAL Metrics
SMOKE -> Precision: 0.903 - Recall: 0.892 - Accuracy: 0.902 - F1: 0.898
FIRE -> Precision: 0.945 - Recall: 0.915 - Accuracy: 0.964 - F1: 0.930

Saving model with new best validation loss: 23.801

=== EPOCH 25/49 ===
Learning Rate = 1e-05

TRAIN losses
Total Loss  |Smoke Loss  |Fire Loss   
------------ ------------ ------------
27.963      |19.502      |8.462       


VAL losses
Total Loss  |Smoke Loss  |Fire Loss   
------------ ------------ ------------
23.770      |16.951      |6.819       

VAL Metrics
SMOKE -> Precision: 0.906 - Recall: 0.887 - Accuracy: 0.902 - F1: 0.897
FIRE -> Precision: 0.942 - Recall: 0.918 - Accuracy: 0.964 - F1: 0.930

Saving model with new best validation loss: 23.770

=== EPOCH 26/49 ===
Learning Rate = 1e-05

TRAIN losses
Total Loss  |Smoke Loss  |Fire Loss   
------------ ------------ ------------
27.592      |19.062      |8.529       


VAL losses
Total Loss  |Smoke Loss  |Fire Loss   
------------ ------------ ------------
23.510      |16.752      |6.757       

VAL Metrics
SMOKE -> Precision: 0.911 - Recall: 0.894 - Accuracy: 0.907 - F1: 0.902
FIRE -> Precision: 0.943 - Recall: 0.917 - Accuracy: 0.964 - F1: 0.930

Saving model with new best validation loss: 23.510

=== EPOCH 27/49 ===
Learning Rate = 1e-05

TRAIN losses
Total Loss  |Smoke Loss  |Fire Loss   
------------ ------------ ------------
27.199      |18.803      |8.396       


VAL losses
Total Loss  |Smoke Loss  |Fire Loss   
------------ ------------ ------------
23.314      |16.615      |6.699       

VAL Metrics
SMOKE -> Precision: 0.900 - Recall: 0.904 - Accuracy: 0.906 - F1: 0.902
FIRE -> Precision: 0.944 - Recall: 0.917 - Accuracy: 0.965 - F1: 0.931

Saving model with new best validation loss: 23.314

=== EPOCH 28/49 ===
Learning Rate = 1e-05

TRAIN losses
Total Loss  |Smoke Loss  |Fire Loss   
------------ ------------ ------------
26.938      |18.702      |8.236       


VAL losses
Total Loss  |Smoke Loss  |Fire Loss   
------------ ------------ ------------
23.132      |16.472      |6.661       

VAL Metrics
SMOKE -> Precision: 0.904 - Recall: 0.904 - Accuracy: 0.907 - F1: 0.904
FIRE -> Precision: 0.947 - Recall: 0.918 - Accuracy: 0.965 - F1: 0.932

Saving model with new best validation loss: 23.132

=== EPOCH 29/49 ===
Learning Rate = 1e-05

TRAIN losses
Total Loss  |Smoke Loss  |Fire Loss   
------------ ------------ ------------
26.637      |18.467      |8.170       


VAL losses
Total Loss  |Smoke Loss  |Fire Loss   
------------ ------------ ------------
23.314      |16.401      |6.912       

VAL Metrics
SMOKE -> Precision: 0.898 - Recall: 0.905 - Accuracy: 0.905 - F1: 0.902
FIRE -> Precision: 0.917 - Recall: 0.938 - Accuracy: 0.962 - F1: 0.927

=== EPOCH 30/49 ===
Learning Rate = 1e-05

TRAIN losses
Total Loss  |Smoke Loss  |Fire Loss   
------------ ------------ ------------
26.819      |18.493      |8.326       


VAL losses
Total Loss  |Smoke Loss  |Fire Loss   
------------ ------------ ------------
22.842      |16.267      |6.575       

VAL Metrics
SMOKE -> Precision: 0.909 - Recall: 0.891 - Accuracy: 0.905 - F1: 0.900
FIRE -> Precision: 0.951 - Recall: 0.917 - Accuracy: 0.966 - F1: 0.934

Saving model with new best validation loss: 22.842

=== EPOCH 31/49 ===
Learning Rate = 1e-05

TRAIN losses
Total Loss  |Smoke Loss  |Fire Loss   
------------ ------------ ------------
26.664      |18.511      |8.154       


VAL losses
Total Loss  |Smoke Loss  |Fire Loss   
------------ ------------ ------------
22.673      |16.132      |6.540       

VAL Metrics
SMOKE -> Precision: 0.911 - Recall: 0.893 - Accuracy: 0.907 - F1: 0.902
FIRE -> Precision: 0.952 - Recall: 0.917 - Accuracy: 0.967 - F1: 0.934

Saving model with new best validation loss: 22.673

=== EPOCH 32/49 ===
Learning Rate = 1e-05

TRAIN losses
Total Loss  |Smoke Loss  |Fire Loss   
------------ ------------ ------------
25.922      |17.900      |8.022       


VAL losses
Total Loss  |Smoke Loss  |Fire Loss   
------------ ------------ ------------
22.475      |15.975      |6.500       

VAL Metrics
SMOKE -> Precision: 0.911 - Recall: 0.896 - Accuracy: 0.908 - F1: 0.903
FIRE -> Precision: 0.955 - Recall: 0.915 - Accuracy: 0.967 - F1: 0.935

Saving model with new best validation loss: 22.475

=== EPOCH 33/49 ===
Learning Rate = 1e-05

TRAIN losses
Total Loss  |Smoke Loss  |Fire Loss   
------------ ------------ ------------
26.071      |18.161      |7.910       


VAL losses
Total Loss  |Smoke Loss  |Fire Loss   
------------ ------------ ------------
22.438      |15.964      |6.475       

VAL Metrics
SMOKE -> Precision: 0.917 - Recall: 0.887 - Accuracy: 0.907 - F1: 0.902
FIRE -> Precision: 0.949 - Recall: 0.926 - Accuracy: 0.968 - F1: 0.938

Saving model with new best validation loss: 22.438

=== EPOCH 34/49 ===
Learning Rate = 1e-05

TRAIN losses
Total Loss  |Smoke Loss  |Fire Loss   
------------ ------------ ------------
25.583      |17.722      |7.861       


VAL losses
Total Loss  |Smoke Loss  |Fire Loss   
------------ ------------ ------------
22.189      |15.750      |6.438       

VAL Metrics
SMOKE -> Precision: 0.919 - Recall: 0.892 - Accuracy: 0.910 - F1: 0.906
FIRE -> Precision: 0.945 - Recall: 0.925 - Accuracy: 0.967 - F1: 0.935

Saving model with new best validation loss: 22.189

=== EPOCH 35/49 ===
Learning Rate = 1e-05

TRAIN losses
Total Loss  |Smoke Loss  |Fire Loss   
------------ ------------ ------------
25.809      |17.936      |7.873       


VAL losses
Total Loss  |Smoke Loss  |Fire Loss   
------------ ------------ ------------
22.066      |15.648      |6.418       

VAL Metrics
SMOKE -> Precision: 0.909 - Recall: 0.905 - Accuracy: 0.910 - F1: 0.907
FIRE -> Precision: 0.944 - Recall: 0.928 - Accuracy: 0.967 - F1: 0.936

Saving model with new best validation loss: 22.066

=== EPOCH 36/49 ===
Learning Rate = 1e-05

TRAIN losses
Total Loss  |Smoke Loss  |Fire Loss   
------------ ------------ ------------
25.309      |17.547      |7.761       


VAL losses
Total Loss  |Smoke Loss  |Fire Loss   
------------ ------------ ------------
21.875      |15.462      |6.413       

VAL Metrics
SMOKE -> Precision: 0.918 - Recall: 0.899 - Accuracy: 0.913 - F1: 0.908
FIRE -> Precision: 0.941 - Recall: 0.928 - Accuracy: 0.966 - F1: 0.935

Saving model with new best validation loss: 21.875

=== EPOCH 37/49 ===
Learning Rate = 1e-05

TRAIN losses
Total Loss  |Smoke Loss  |Fire Loss   
------------ ------------ ------------
25.037      |17.357      |7.680       


VAL losses
Total Loss  |Smoke Loss  |Fire Loss   
------------ ------------ ------------
21.854      |15.479      |6.375       

VAL Metrics
SMOKE -> Precision: 0.925 - Recall: 0.889 - Accuracy: 0.912 - F1: 0.907
FIRE -> Precision: 0.950 - Recall: 0.929 - Accuracy: 0.969 - F1: 0.939

Saving model with new best validation loss: 21.854

=== EPOCH 38/49 ===
Learning Rate = 1e-05

TRAIN losses
Total Loss  |Smoke Loss  |Fire Loss   
------------ ------------ ------------
24.789      |17.241      |7.548       


VAL losses
Total Loss  |Smoke Loss  |Fire Loss   
------------ ------------ ------------
21.670      |15.371      |6.299       

VAL Metrics
SMOKE -> Precision: 0.919 - Recall: 0.899 - Accuracy: 0.913 - F1: 0.909
FIRE -> Precision: 0.952 - Recall: 0.923 - Accuracy: 0.968 - F1: 0.937

Saving model with new best validation loss: 21.670

=== EPOCH 39/49 ===
Learning Rate = 1e-05

TRAIN losses
Total Loss  |Smoke Loss  |Fire Loss   
------------ ------------ ------------
25.054      |17.406      |7.648       


VAL losses
Total Loss  |Smoke Loss  |Fire Loss   
------------ ------------ ------------
21.486      |15.202      |6.284       

VAL Metrics
SMOKE -> Precision: 0.916 - Recall: 0.907 - Accuracy: 0.915 - F1: 0.911
FIRE -> Precision: 0.954 - Recall: 0.926 - Accuracy: 0.969 - F1: 0.940

Saving model with new best validation loss: 21.486

=== EPOCH 40/49 ===
Learning Rate = 1e-05

TRAIN losses
Total Loss  |Smoke Loss  |Fire Loss   
------------ ------------ ------------
24.917      |17.161      |7.756       


VAL losses
Total Loss  |Smoke Loss  |Fire Loss   
------------ ------------ ------------
21.457      |15.199      |6.259       

VAL Metrics
SMOKE -> Precision: 0.918 - Recall: 0.901 - Accuracy: 0.913 - F1: 0.909
FIRE -> Precision: 0.954 - Recall: 0.926 - Accuracy: 0.969 - F1: 0.940

Saving model with new best validation loss: 21.457

=== EPOCH 41/49 ===
Learning Rate = 1e-05

TRAIN losses
Total Loss  |Smoke Loss  |Fire Loss   
------------ ------------ ------------
24.218      |16.761      |7.457       


VAL losses
Total Loss  |Smoke Loss  |Fire Loss   
------------ ------------ ------------
21.349      |15.069      |6.280       

VAL Metrics
SMOKE -> Precision: 0.922 - Recall: 0.897 - Accuracy: 0.914 - F1: 0.910
FIRE -> Precision: 0.953 - Recall: 0.923 - Accuracy: 0.969 - F1: 0.938

Saving model with new best validation loss: 21.349

=== EPOCH 42/49 ===
Learning Rate = 1e-05

TRAIN losses
Total Loss  |Smoke Loss  |Fire Loss   
------------ ------------ ------------
24.117      |16.714      |7.403       


VAL losses
Total Loss  |Smoke Loss  |Fire Loss   
------------ ------------ ------------
21.176      |14.934      |6.242       

VAL Metrics
SMOKE -> Precision: 0.918 - Recall: 0.906 - Accuracy: 0.916 - F1: 0.912
FIRE -> Precision: 0.952 - Recall: 0.927 - Accuracy: 0.969 - F1: 0.939

Saving model with new best validation loss: 21.176

=== EPOCH 43/49 ===
Learning Rate = 1e-05

TRAIN losses
Total Loss  |Smoke Loss  |Fire Loss   
------------ ------------ ------------
24.333      |16.807      |7.527       


VAL losses
Total Loss  |Smoke Loss  |Fire Loss   
------------ ------------ ------------
21.073      |14.857      |6.216       

VAL Metrics
SMOKE -> Precision: 0.916 - Recall: 0.904 - Accuracy: 0.914 - F1: 0.910
FIRE -> Precision: 0.943 - Recall: 0.931 - Accuracy: 0.968 - F1: 0.937

Saving model with new best validation loss: 21.073

=== EPOCH 44/49 ===
Learning Rate = 1e-05

TRAIN losses
Total Loss  |Smoke Loss  |Fire Loss   
------------ ------------ ------------
23.676      |16.275      |7.401       


VAL losses
Total Loss  |Smoke Loss  |Fire Loss   
------------ ------------ ------------
20.971      |14.813      |6.158       

VAL Metrics
SMOKE -> Precision: 0.915 - Recall: 0.908 - Accuracy: 0.915 - F1: 0.912
FIRE -> Precision: 0.951 - Recall: 0.928 - Accuracy: 0.969 - F1: 0.939

Saving model with new best validation loss: 20.971

=== EPOCH 45/49 ===
Learning Rate = 1e-05

TRAIN losses
Total Loss  |Smoke Loss  |Fire Loss   
------------ ------------ ------------
24.048      |16.496      |7.551       


VAL losses
Total Loss  |Smoke Loss  |Fire Loss   
------------ ------------ ------------
20.843      |14.676      |6.167       

VAL Metrics
SMOKE -> Precision: 0.918 - Recall: 0.906 - Accuracy: 0.916 - F1: 0.912
FIRE -> Precision: 0.949 - Recall: 0.931 - Accuracy: 0.969 - F1: 0.940

Saving model with new best validation loss: 20.843

=== EPOCH 46/49 ===
Learning Rate = 1e-05

TRAIN losses
Total Loss  |Smoke Loss  |Fire Loss   
------------ ------------ ------------
23.779      |16.485      |7.294       


VAL losses
Total Loss  |Smoke Loss  |Fire Loss   
------------ ------------ ------------
20.732      |14.616      |6.116       

VAL Metrics
SMOKE -> Precision: 0.918 - Recall: 0.906 - Accuracy: 0.916 - F1: 0.912
FIRE -> Precision: 0.947 - Recall: 0.932 - Accuracy: 0.969 - F1: 0.939

Saving model with new best validation loss: 20.732

=== EPOCH 47/49 ===
Learning Rate = 1e-05

TRAIN losses
Total Loss  |Smoke Loss  |Fire Loss   
------------ ------------ ------------
23.554      |16.253      |7.301       


VAL losses
Total Loss  |Smoke Loss  |Fire Loss   
------------ ------------ ------------
20.644      |14.517      |6.127       

VAL Metrics
SMOKE -> Precision: 0.915 - Recall: 0.914 - Accuracy: 0.918 - F1: 0.915
FIRE -> Precision: 0.949 - Recall: 0.932 - Accuracy: 0.969 - F1: 0.940

Saving model with new best validation loss: 20.644

=== EPOCH 48/49 ===
Learning Rate = 1e-05

TRAIN losses
Total Loss  |Smoke Loss  |Fire Loss   
------------ ------------ ------------
23.347      |16.149      |7.198       


VAL losses
Total Loss  |Smoke Loss  |Fire Loss   
------------ ------------ ------------
20.564      |14.472      |6.092       

VAL Metrics
SMOKE -> Precision: 0.921 - Recall: 0.905 - Accuracy: 0.917 - F1: 0.913
FIRE -> Precision: 0.951 - Recall: 0.931 - Accuracy: 0.970 - F1: 0.941

Saving model with new best validation loss: 20.564

=== EPOCH 49/49 ===
Learning Rate = 1e-05

TRAIN losses
Total Loss  |Smoke Loss  |Fire Loss   
------------ ------------ ------------
23.168      |16.220      |6.948       


VAL losses
Total Loss  |Smoke Loss  |Fire Loss   
------------ ------------ ------------
20.434      |14.359      |6.075       

VAL Metrics
SMOKE -> Precision: 0.923 - Recall: 0.906 - Accuracy: 0.918 - F1: 0.914
FIRE -> Precision: 0.954 - Recall: 0.927 - Accuracy: 0.969 - F1: 0.940

Saving model with new best validation loss: 20.434
Saving last model

***Script finished: 23:28:36

Time elapsed: 0:22:15.028462
