Minimum OPTIM BED: transfer and freeze backbone.

Before View Dataset Examples
DFS Removed wrong images: 0
DFS Removed due to overlapping: 58
DFS Removed due to more than 10: 2
Using Pretrained OPTIM BED 224x224
Using Pretrained OPTIM BED 224x224
Model shape is torch.Size([4, 7, 7, 12])
BED Model Arquitecture
PRETRAINED_OPTIM_BED(
  (base_model): Sequential(
    (0): Sequential(
      (0): Conv2d(3, 64, kernel_size=(3, 3), stride=(1, 1), padding=(1, 1), bias=False)
      (1): BatchNorm2d(64, eps=1e-05, momentum=0.1, affine=False, track_running_stats=True)
      (2): ReLU()
      (3): Dropout2d(p=0.3, inplace=False)
      (4): MaxPool2d(kernel_size=2, stride=2, padding=0, dilation=1, ceil_mode=False)
      (5): Conv2d(64, 24, kernel_size=(3, 3), stride=(1, 1), padding=(1, 1), bias=False)
      (6): BatchNorm2d(24, eps=1e-05, momentum=0.1, affine=False, track_running_stats=True)
      (7): ReLU()
      (8): Dropout2d(p=0.3, inplace=False)
      (9): MaxPool2d(kernel_size=2, stride=2, padding=0, dilation=1, ceil_mode=False)
      (10): Conv2d(24, 16, kernel_size=(1, 1), stride=(1, 1), bias=False)
      (11): BatchNorm2d(16, eps=1e-05, momentum=0.1, affine=False, track_running_stats=True)
      (12): ReLU()
      (13): Conv2d(16, 32, kernel_size=(3, 3), stride=(1, 1), padding=(1, 1), bias=False)
      (14): BatchNorm2d(32, eps=1e-05, momentum=0.1, affine=False, track_running_stats=True)
      (15): ReLU()
      (16): Conv2d(32, 32, kernel_size=(1, 1), stride=(1, 1), bias=False)
      (17): BatchNorm2d(32, eps=1e-05, momentum=0.1, affine=False, track_running_stats=True)
      (18): ReLU()
      (19): Conv2d(32, 64, kernel_size=(3, 3), stride=(1, 1), padding=(1, 1), bias=False)
      (20): BatchNorm2d(64, eps=1e-05, momentum=0.1, affine=False, track_running_stats=True)
      (21): ReLU()
      (22): MaxPool2d(kernel_size=2, stride=2, padding=0, dilation=1, ceil_mode=False)
      (23): Conv2d(64, 32, kernel_size=(1, 1), stride=(1, 1), bias=False)
      (24): BatchNorm2d(32, eps=1e-05, momentum=0.1, affine=False, track_running_stats=True)
      (25): ReLU()
      (26): Conv2d(32, 64, kernel_size=(3, 3), stride=(1, 1), padding=(1, 1), bias=False)
      (27): BatchNorm2d(64, eps=1e-05, momentum=0.1, affine=False, track_running_stats=True)
      (28): ReLU()
      (29): Conv2d(64, 32, kernel_size=(1, 1), stride=(1, 1), bias=False)
      (30): BatchNorm2d(32, eps=1e-05, momentum=0.1, affine=False, track_running_stats=True)
      (31): ReLU()
      (32): Conv2d(32, 64, kernel_size=(3, 3), stride=(1, 1), padding=(1, 1), bias=False)
      (33): BatchNorm2d(64, eps=1e-05, momentum=0.1, affine=False, track_running_stats=True)
      (34): ReLU()
      (35): Conv2d(64, 32, kernel_size=(1, 1), stride=(1, 1), bias=False)
      (36): BatchNorm2d(32, eps=1e-05, momentum=0.1, affine=False, track_running_stats=True)
      (37): ReLU()
      (38): Conv2d(32, 64, kernel_size=(3, 3), stride=(1, 1), padding=(1, 1), bias=False)
      (39): BatchNorm2d(64, eps=1e-05, momentum=0.1, affine=False, track_running_stats=True)
      (40): ReLU()
    )
  )
  (head_model): Sequential(
    (0): MaxPool2d(kernel_size=2, stride=2, padding=0, dilation=1, ceil_mode=False)
    (1): Conv2d(64, 32, kernel_size=(1, 1), stride=(1, 1), bias=False)
    (2): BatchNorm2d(32, eps=1e-05, momentum=0.1, affine=False, track_running_stats=True)
    (3): ReLU()
    (4): Conv2d(32, 64, kernel_size=(3, 3), stride=(1, 1), padding=(1, 1), bias=False)
    (5): BatchNorm2d(64, eps=1e-05, momentum=0.1, affine=False, track_running_stats=True)
    (6): ReLU()
    (7): Conv2d(64, 32, kernel_size=(1, 1), stride=(1, 1), bias=False)
    (8): BatchNorm2d(32, eps=1e-05, momentum=0.1, affine=False, track_running_stats=True)
    (9): ReLU()
    (10): Conv2d(32, 64, kernel_size=(3, 3), stride=(1, 1), padding=(1, 1), bias=False)
    (11): BatchNorm2d(64, eps=1e-05, momentum=0.1, affine=False, track_running_stats=True)
    (12): ReLU()
    (13): Conv2d(64, 64, kernel_size=(3, 3), stride=(1, 1), padding=(1, 1), bias=False)
    (14): BatchNorm2d(64, eps=1e-05, momentum=0.1, affine=False, track_running_stats=True)
    (15): ReLU()
    (16): Conv2d(64, 64, kernel_size=(3, 3), stride=(1, 1), padding=(1, 1), bias=False)
    (17): BatchNorm2d(64, eps=1e-05, momentum=0.1, affine=False, track_running_stats=True)
    (18): ReLU()
    (19): MaxPool2d(kernel_size=2, stride=2, padding=0, dilation=1, ceil_mode=False)
    (20): Conv2d(64, 128, kernel_size=(3, 3), stride=(1, 1), padding=(1, 1), bias=False)
    (21): BatchNorm2d(128, eps=1e-05, momentum=0.1, affine=False, track_running_stats=True)
    (22): ReLU()
    (23): Conv2d(128, 128, kernel_size=(3, 3), stride=(1, 1), padding=(1, 1), bias=False)
    (24): BatchNorm2d(128, eps=1e-05, momentum=0.1, affine=False, track_running_stats=True)
    (25): ReLU()
    (26): Conv2d(128, 128, kernel_size=(1, 1), stride=(1, 1), bias=False)
    (27): BatchNorm2d(128, eps=1e-05, momentum=0.1, affine=False, track_running_stats=True)
    (28): ReLU()
    (29): Conv2d(128, 64, kernel_size=(1, 1), stride=(1, 1), bias=False)
    (30): BatchNorm2d(64, eps=1e-05, momentum=0.1, affine=False, track_running_stats=True)
    (31): ReLU()
    (32): Conv2d(64, 32, kernel_size=(1, 1), stride=(1, 1), bias=False)
    (33): BatchNorm2d(32, eps=1e-05, momentum=0.1, affine=False, track_running_stats=True)
    (34): ReLU()
    (35): Conv2d(32, 12, kernel_size=(1, 1), stride=(1, 1), bias=False)
  )
)

Trainable parameters = 362880
Total parameters = 464320

Using YoloLossMSE_2BBox
L1 lambda: 0.0005

TRAIN DFIRE dataset
DFire Removed wrong images: 0
DFire Removed due to overlapping: 546
DFire Removed due to more than 3: 1764
TRAIN DFS dataset
DFS Removed wrong images: 0
DFS Removed due to overlapping: 288
DFS Removed due to more than 3: 1231
Concatenate Train DFire and DFS datasets
Train dataset len: 21112

TEST DFire dataset
DFire Removed wrong images: 0
DFire Removed due to overlapping: 118
DFire Removed due to more than 3: 445
TEST DFS dataset
DFS Removed wrong images: 0
DFS Removed due to overlapping: 58
DFS Removed due to more than 3: 277
Concatenate Test DFire and DFS datasets
Test dataset len: 5330
Starting script

Device: cuda
Learning Rate: 0.0005
Weight Decay: 1e-05
Batch Size: 64
IMG DIMS: (224, 224)
W: 224
H: 224
SX: 7
SY: 7
B: 2
C: 2

Confidence Threshold: 0.2
IOU mAP Threshold: 0.5
IOU NMS Threshold: 0.5

Max Train Obj per image: 3
Max Test Obj per image: 3


***Start Training: 22:42:24

Using a Pretrained Model

=== EPOCH 0/89 ===
Learning Rate = 0.0005

TRAIN losses
Total Loss  |Box Loss    |Conf Loss   |No Obj Loss |Class Loss  
------------ ------------ ------------ ------------ ------------
317.535     |53.462      |40.674      |201.518     |12.465      

VAL losses
Total Loss  |Box Loss    |Conf Loss   |No Obj Loss |Class Loss  
------------ ------------ ------------ ------------ ------------
168.754     |58.193      |56.443      |43.822      |10.295      

Saving model with new best validation loss: 168.754

=== EPOCH 1/89 ===
Learning Rate = 0.0005

TRAIN losses
Total Loss  |Box Loss    |Conf Loss   |No Obj Loss |Class Loss  
------------ ------------ ------------ ------------ ------------
132.620     |41.699      |55.539      |18.029      |7.803       

VAL losses
Total Loss  |Box Loss    |Conf Loss   |No Obj Loss |Class Loss  
------------ ------------ ------------ ------------ ------------
133.851     |49.018      |61.039      |13.970      |9.825       

Saving model with new best validation loss: 133.851

=== EPOCH 2/89 ===
Learning Rate = 0.0005

TRAIN losses
Total Loss  |Box Loss    |Conf Loss   |No Obj Loss |Class Loss  
------------ ------------ ------------ ------------ ------------
119.910     |37.431      |55.101      |10.893      |6.854       

VAL losses
Total Loss  |Box Loss    |Conf Loss   |No Obj Loss |Class Loss  
------------ ------------ ------------ ------------ ------------
119.546     |43.429      |58.820      |10.107      |7.190       

Saving model with new best validation loss: 119.546

=== EPOCH 3/89 ===
Learning Rate = 0.0005

TRAIN losses
Total Loss  |Box Loss    |Conf Loss   |No Obj Loss |Class Loss  
------------ ------------ ------------ ------------ ------------
116.043     |35.607      |53.969      |10.028      |6.764       

VAL losses
Total Loss  |Box Loss    |Conf Loss   |No Obj Loss |Class Loss  
------------ ------------ ------------ ------------ ------------
118.505     |43.591      |58.412      |9.640       |6.862       

Saving model with new best validation loss: 118.505

=== EPOCH 4/89 ===
Learning Rate = 0.0005

TRAIN losses
Total Loss  |Box Loss    |Conf Loss   |No Obj Loss |Class Loss  
------------ ------------ ------------ ------------ ------------
112.556     |34.112      |52.620      |9.860       |6.241       

VAL losses
Total Loss  |Box Loss    |Conf Loss   |No Obj Loss |Class Loss  
------------ ------------ ------------ ------------ ------------
114.663     |41.755      |55.396      |10.995      |6.517       

Validation mAP: 0.124

Saving model with new best val mAP: 0.124

Saving model with new best validation loss: 114.663

=== EPOCH 5/89 ===
Learning Rate = 0.0005

TRAIN losses
Total Loss  |Box Loss    |Conf Loss   |No Obj Loss |Class Loss  
------------ ------------ ------------ ------------ ------------
110.975     |33.500      |51.683      |9.861       |6.152       

VAL losses
Total Loss  |Box Loss    |Conf Loss   |No Obj Loss |Class Loss  
------------ ------------ ------------ ------------ ------------
111.905     |39.813      |55.820      |9.523       |6.750       

Saving model with new best validation loss: 111.905

=== EPOCH 6/89 ===
Learning Rate = 0.0005

TRAIN losses
Total Loss  |Box Loss    |Conf Loss   |No Obj Loss |Class Loss  
------------ ------------ ------------ ------------ ------------
109.579     |32.695      |51.409      |9.782       |5.865       

VAL losses
Total Loss  |Box Loss    |Conf Loss   |No Obj Loss |Class Loss  
------------ ------------ ------------ ------------ ------------
110.818     |40.089      |51.884      |11.987      |6.858       

Saving model with new best validation loss: 110.818

=== EPOCH 7/89 ===
Learning Rate = 0.0005

TRAIN losses
Total Loss  |Box Loss    |Conf Loss   |No Obj Loss |Class Loss  
------------ ------------ ------------ ------------ ------------
107.718     |31.991      |50.261      |9.869       |5.715       

VAL losses
Total Loss  |Box Loss    |Conf Loss   |No Obj Loss |Class Loss  
------------ ------------ ------------ ------------ ------------
107.804     |38.448      |52.839      |10.458      |6.059       

Saving model with new best validation loss: 107.804

=== EPOCH 8/89 ===
Learning Rate = 0.0005

TRAIN losses
Total Loss  |Box Loss    |Conf Loss   |No Obj Loss |Class Loss  
------------ ------------ ------------ ------------ ------------
107.181     |31.678      |50.033      |9.805       |5.733       

VAL losses
Total Loss  |Box Loss    |Conf Loss   |No Obj Loss |Class Loss  
------------ ------------ ------------ ------------ ------------
106.858     |38.030      |53.275      |9.767       |5.786       

Saving model with new best validation loss: 106.858

=== EPOCH 9/89 ===
Learning Rate = 0.0005

TRAIN losses
Total Loss  |Box Loss    |Conf Loss   |No Obj Loss |Class Loss  
------------ ------------ ------------ ------------ ------------
106.279     |31.131      |49.707      |9.943       |5.504       

VAL losses
Total Loss  |Box Loss    |Conf Loss   |No Obj Loss |Class Loss  
------------ ------------ ------------ ------------ ------------
108.281     |39.614      |52.421      |9.721       |6.524       

Validation mAP: 0.147

Saving model with new best val mAP: 0.147

=== EPOCH 10/89 ===
Learning Rate = 0.0005

TRAIN losses
Total Loss  |Box Loss    |Conf Loss   |No Obj Loss |Class Loss  
------------ ------------ ------------ ------------ ------------
105.363     |30.662      |49.337      |9.897       |5.416       

VAL losses
Total Loss  |Box Loss    |Conf Loss   |No Obj Loss |Class Loss  
------------ ------------ ------------ ------------ ------------
106.484     |38.545      |52.621      |9.801       |5.518       

Saving model with new best validation loss: 106.484

=== EPOCH 11/89 ===
Learning Rate = 0.0005

TRAIN losses
Total Loss  |Box Loss    |Conf Loss   |No Obj Loss |Class Loss  
------------ ------------ ------------ ------------ ------------
104.512     |30.421      |48.947      |9.882       |5.160       

VAL losses
Total Loss  |Box Loss    |Conf Loss   |No Obj Loss |Class Loss  
------------ ------------ ------------ ------------ ------------
104.513     |37.219      |52.032      |9.406       |5.856       

Saving model with new best validation loss: 104.513

=== EPOCH 12/89 ===
Learning Rate = 0.0005

TRAIN losses
Total Loss  |Box Loss    |Conf Loss   |No Obj Loss |Class Loss  
------------ ------------ ------------ ------------ ------------
103.748     |29.931      |48.578      |9.950       |5.132       

VAL losses
Total Loss  |Box Loss    |Conf Loss   |No Obj Loss |Class Loss  
------------ ------------ ------------ ------------ ------------
106.641     |38.442      |51.549      |10.659      |5.990       

=== EPOCH 13/89 ===
Learning Rate = 0.0005

TRAIN losses
Total Loss  |Box Loss    |Conf Loss   |No Obj Loss |Class Loss  
------------ ------------ ------------ ------------ ------------
103.325     |29.748      |48.243      |9.989       |5.135       

VAL losses
Total Loss  |Box Loss    |Conf Loss   |No Obj Loss |Class Loss  
------------ ------------ ------------ ------------ ------------
103.800     |36.580      |50.868      |10.707      |5.645       

Saving model with new best validation loss: 103.800

=== EPOCH 14/89 ===
Learning Rate = 0.0005

TRAIN losses
Total Loss  |Box Loss    |Conf Loss   |No Obj Loss |Class Loss  
------------ ------------ ------------ ------------ ------------
102.372     |29.114      |48.148      |9.873       |4.972       

Train mAP: 0.222

VAL losses
Total Loss  |Box Loss    |Conf Loss   |No Obj Loss |Class Loss  
------------ ------------ ------------ ------------ ------------
105.011     |36.898      |52.071      |10.362      |5.680       

Validation mAP: 0.181

Saving model with new best val mAP: 0.181

=== EPOCH 15/89 ===
Learning Rate = 0.0005

TRAIN losses
Total Loss  |Box Loss    |Conf Loss   |No Obj Loss |Class Loss  
------------ ------------ ------------ ------------ ------------
102.190     |29.055      |47.612      |10.135      |5.068       

VAL losses
Total Loss  |Box Loss    |Conf Loss   |No Obj Loss |Class Loss  
------------ ------------ ------------ ------------ ------------
103.712     |36.072      |51.195      |10.044      |6.400       

Saving model with new best validation loss: 103.712

=== EPOCH 16/89 ===
Learning Rate = 0.0005

TRAIN losses
Total Loss  |Box Loss    |Conf Loss   |No Obj Loss |Class Loss  
------------ ------------ ------------ ------------ ------------
102.048     |28.965      |47.667      |10.039      |5.003       

VAL losses
Total Loss  |Box Loss    |Conf Loss   |No Obj Loss |Class Loss  
------------ ------------ ------------ ------------ ------------
102.945     |36.111      |51.625      |9.655       |5.554       

Saving model with new best validation loss: 102.945

=== EPOCH 17/89 ===
Learning Rate = 0.0005

TRAIN losses
Total Loss  |Box Loss    |Conf Loss   |No Obj Loss |Class Loss  
------------ ------------ ------------ ------------ ------------
101.309     |28.791      |47.178      |10.076      |4.834       

VAL losses
Total Loss  |Box Loss    |Conf Loss   |No Obj Loss |Class Loss  
------------ ------------ ------------ ------------ ------------
100.757     |35.395      |50.090      |9.806       |5.466       

Saving model with new best validation loss: 100.757

=== EPOCH 18/89 ===
Learning Rate = 0.0005

TRAIN losses
Total Loss  |Box Loss    |Conf Loss   |No Obj Loss |Class Loss  
------------ ------------ ------------ ------------ ------------
101.213     |28.570      |47.309      |10.077      |4.776       

VAL losses
Total Loss  |Box Loss    |Conf Loss   |No Obj Loss |Class Loss  
------------ ------------ ------------ ------------ ------------
102.474     |35.887      |50.782      |10.100      |5.705       

=== EPOCH 19/89 ===
Learning Rate = 0.0005

TRAIN losses
Total Loss  |Box Loss    |Conf Loss   |No Obj Loss |Class Loss  
------------ ------------ ------------ ------------ ------------
100.406     |28.128      |46.846      |9.992       |4.910       

VAL losses
Total Loss  |Box Loss    |Conf Loss   |No Obj Loss |Class Loss  
------------ ------------ ------------ ------------ ------------
101.119     |35.788      |49.518      |10.145      |5.668       

Validation mAP: 0.177

=== EPOCH 20/89 ===
Learning Rate = 0.0005

TRAIN losses
Total Loss  |Box Loss    |Conf Loss   |No Obj Loss |Class Loss  
------------ ------------ ------------ ------------ ------------
100.901     |28.227      |47.220      |9.985       |4.890       

VAL losses
Total Loss  |Box Loss    |Conf Loss   |No Obj Loss |Class Loss  
------------ ------------ ------------ ------------ ------------
99.805      |34.873      |49.402      |10.178      |5.352       

Saving model with new best validation loss: 99.805

=== EPOCH 21/89 ===
Learning Rate = 0.0005

TRAIN losses
Total Loss  |Box Loss    |Conf Loss   |No Obj Loss |Class Loss  
------------ ------------ ------------ ------------ ------------
99.686      |27.733      |46.683      |10.085      |4.552       

VAL losses
Total Loss  |Box Loss    |Conf Loss   |No Obj Loss |Class Loss  
------------ ------------ ------------ ------------ ------------
100.569     |34.973      |50.913      |9.482       |5.201       

=== EPOCH 22/89 ===
Learning Rate = 0.0005

TRAIN losses
Total Loss  |Box Loss    |Conf Loss   |No Obj Loss |Class Loss  
------------ ------------ ------------ ------------ ------------
99.285      |27.430      |46.324      |10.154      |4.697       

VAL losses
Total Loss  |Box Loss    |Conf Loss   |No Obj Loss |Class Loss  
------------ ------------ ------------ ------------ ------------
98.416      |33.896      |49.992      |9.432       |5.095       

Saving model with new best validation loss: 98.416

=== EPOCH 23/89 ===
Learning Rate = 0.0005

TRAIN losses
Total Loss  |Box Loss    |Conf Loss   |No Obj Loss |Class Loss  
------------ ------------ ------------ ------------ ------------
98.979      |27.423      |46.141      |10.110      |4.578       

VAL losses
Total Loss  |Box Loss    |Conf Loss   |No Obj Loss |Class Loss  
------------ ------------ ------------ ------------ ------------
101.507     |34.750      |52.990      |8.195       |5.572       

=== EPOCH 24/89 ===
Learning Rate = 0.0005

TRAIN losses
Total Loss  |Box Loss    |Conf Loss   |No Obj Loss |Class Loss  
------------ ------------ ------------ ------------ ------------
99.500      |27.457      |46.464      |10.044      |4.758       

VAL losses
Total Loss  |Box Loss    |Conf Loss   |No Obj Loss |Class Loss  
------------ ------------ ------------ ------------ ------------
100.999     |35.607      |51.124      |8.645       |5.622       

Validation mAP: 0.203

Saving model with new best val mAP: 0.203

=== EPOCH 25/89 ===
Learning Rate = 0.0005

TRAIN losses
Total Loss  |Box Loss    |Conf Loss   |No Obj Loss |Class Loss  
------------ ------------ ------------ ------------ ------------
98.673      |27.320      |46.028      |9.977       |4.523       

VAL losses
Total Loss  |Box Loss    |Conf Loss   |No Obj Loss |Class Loss  
------------ ------------ ------------ ------------ ------------
100.229     |34.799      |47.498      |12.672      |5.259       

=== EPOCH 26/89 ===
Learning Rate = 0.0004

TRAIN losses
Total Loss  |Box Loss    |Conf Loss   |No Obj Loss |Class Loss  
------------ ------------ ------------ ------------ ------------
97.828      |26.989      |45.592      |10.123      |4.264       

VAL losses
Total Loss  |Box Loss    |Conf Loss   |No Obj Loss |Class Loss  
------------ ------------ ------------ ------------ ------------
99.421      |34.810      |48.631      |10.766      |5.215       

=== EPOCH 27/89 ===
Learning Rate = 0.0004

TRAIN losses
Total Loss  |Box Loss    |Conf Loss   |No Obj Loss |Class Loss  
------------ ------------ ------------ ------------ ------------
97.460      |26.665      |45.364      |10.227      |4.328       

VAL losses
Total Loss  |Box Loss    |Conf Loss   |No Obj Loss |Class Loss  
------------ ------------ ------------ ------------ ------------
99.201      |34.055      |48.435      |11.138      |5.572       

=== EPOCH 28/89 ===
Learning Rate = 0.0004

TRAIN losses
Total Loss  |Box Loss    |Conf Loss   |No Obj Loss |Class Loss  
------------ ------------ ------------ ------------ ------------
97.084      |26.204      |45.355      |10.238      |4.391       

VAL losses
Total Loss  |Box Loss    |Conf Loss   |No Obj Loss |Class Loss  
------------ ------------ ------------ ------------ ------------
98.136      |33.157      |51.252      |8.500       |5.227       

Saving model with new best validation loss: 98.136

=== EPOCH 29/89 ===
Learning Rate = 0.0004

TRAIN losses
Total Loss  |Box Loss    |Conf Loss   |No Obj Loss |Class Loss  
------------ ------------ ------------ ------------ ------------
97.040      |26.323      |45.473      |10.100      |4.228       

Train mAP: 0.257

VAL losses
Total Loss  |Box Loss    |Conf Loss   |No Obj Loss |Class Loss  
------------ ------------ ------------ ------------ ------------
97.173      |32.853      |48.903      |10.072      |5.344       

Validation mAP: 0.216

Saving model with new best val mAP: 0.216

Saving model with new best validation loss: 97.173

=== EPOCH 30/89 ===
Learning Rate = 0.0004

TRAIN losses
Total Loss  |Box Loss    |Conf Loss   |No Obj Loss |Class Loss  
------------ ------------ ------------ ------------ ------------
96.539      |26.020      |44.895      |10.268      |4.417       

VAL losses
Total Loss  |Box Loss    |Conf Loss   |No Obj Loss |Class Loss  
------------ ------------ ------------ ------------ ------------
97.115      |33.119      |49.862      |8.873       |5.260       

Saving model with new best validation loss: 97.115

=== EPOCH 31/89 ===
Learning Rate = 0.0004

TRAIN losses
Total Loss  |Box Loss    |Conf Loss   |No Obj Loss |Class Loss  
------------ ------------ ------------ ------------ ------------
96.618      |26.147      |45.175      |10.184      |4.151       

VAL losses
Total Loss  |Box Loss    |Conf Loss   |No Obj Loss |Class Loss  
------------ ------------ ------------ ------------ ------------
97.171      |33.216      |49.263      |9.509       |5.182       

=== EPOCH 32/89 ===
Learning Rate = 0.0004

TRAIN losses
Total Loss  |Box Loss    |Conf Loss   |No Obj Loss |Class Loss  
------------ ------------ ------------ ------------ ------------
96.071      |26.039      |44.590      |10.266      |4.191       

VAL losses
Total Loss  |Box Loss    |Conf Loss   |No Obj Loss |Class Loss  
------------ ------------ ------------ ------------ ------------
98.844      |33.468      |50.031      |9.831       |5.514       

=== EPOCH 33/89 ===
Learning Rate = 0.00032

TRAIN losses
Total Loss  |Box Loss    |Conf Loss   |No Obj Loss |Class Loss  
------------ ------------ ------------ ------------ ------------
95.276      |25.526      |44.477      |10.134      |4.138       

VAL losses
Total Loss  |Box Loss    |Conf Loss   |No Obj Loss |Class Loss  
------------ ------------ ------------ ------------ ------------
95.658      |32.550      |47.522      |10.487      |5.099       

Saving model with new best validation loss: 95.658

=== EPOCH 34/89 ===
Learning Rate = 0.00032

TRAIN losses
Total Loss  |Box Loss    |Conf Loss   |No Obj Loss |Class Loss  
------------ ------------ ------------ ------------ ------------
94.640      |25.197      |44.256      |10.191      |3.990       

VAL losses
Total Loss  |Box Loss    |Conf Loss   |No Obj Loss |Class Loss  
------------ ------------ ------------ ------------ ------------
95.107      |32.283      |46.892      |10.972      |4.960       

Validation mAP: 0.249

Saving model with new best val mAP: 0.249

Saving model with new best validation loss: 95.107

=== EPOCH 35/89 ===
Learning Rate = 0.00032

TRAIN losses
Total Loss  |Box Loss    |Conf Loss   |No Obj Loss |Class Loss  
------------ ------------ ------------ ------------ ------------
94.287      |25.251      |43.887      |10.250      |3.885       

VAL losses
Total Loss  |Box Loss    |Conf Loss   |No Obj Loss |Class Loss  
------------ ------------ ------------ ------------ ------------
95.590      |31.810      |48.305      |10.416      |5.059       

=== EPOCH 36/89 ===
Learning Rate = 0.00032

TRAIN losses
Total Loss  |Box Loss    |Conf Loss   |No Obj Loss |Class Loss  
------------ ------------ ------------ ------------ ------------
94.150      |24.915      |44.072      |10.198      |3.941       

VAL losses
Total Loss  |Box Loss    |Conf Loss   |No Obj Loss |Class Loss  
------------ ------------ ------------ ------------ ------------
95.980      |32.736      |47.456      |10.287      |5.501       

=== EPOCH 37/89 ===
Learning Rate = 0.00032

TRAIN losses
Total Loss  |Box Loss    |Conf Loss   |No Obj Loss |Class Loss  
------------ ------------ ------------ ------------ ------------
94.285      |25.051      |43.962      |10.202      |4.034       

VAL losses
Total Loss  |Box Loss    |Conf Loss   |No Obj Loss |Class Loss  
------------ ------------ ------------ ------------ ------------
94.692      |32.041      |47.473      |10.280      |4.898       

Saving model with new best validation loss: 94.692

=== EPOCH 38/89 ===
Learning Rate = 0.00032

TRAIN losses
Total Loss  |Box Loss    |Conf Loss   |No Obj Loss |Class Loss  
------------ ------------ ------------ ------------ ------------
94.179      |25.071      |43.845      |10.239      |3.974       

VAL losses
Total Loss  |Box Loss    |Conf Loss   |No Obj Loss |Class Loss  
------------ ------------ ------------ ------------ ------------
94.771      |32.131      |47.223      |10.380      |5.037       

=== EPOCH 39/89 ===
Learning Rate = 0.00032

TRAIN losses
Total Loss  |Box Loss    |Conf Loss   |No Obj Loss |Class Loss  
------------ ------------ ------------ ------------ ------------
93.941      |24.853      |43.906      |10.136      |3.983       

VAL losses
Total Loss  |Box Loss    |Conf Loss   |No Obj Loss |Class Loss  
------------ ------------ ------------ ------------ ------------
95.385      |31.981      |49.387      |8.796       |5.221       

Validation mAP: 0.247

=== EPOCH 40/89 ===
Learning Rate = 0.00032

TRAIN losses
Total Loss  |Box Loss    |Conf Loss   |No Obj Loss |Class Loss  
------------ ------------ ------------ ------------ ------------
93.692      |24.961      |43.586      |10.245      |3.823       

VAL losses
Total Loss  |Box Loss    |Conf Loss   |No Obj Loss |Class Loss  
------------ ------------ ------------ ------------ ------------
94.947      |32.157      |47.815      |10.110      |4.866       

=== EPOCH 41/89 ===
Learning Rate = 0.00025600000000000004

TRAIN losses
Total Loss  |Box Loss    |Conf Loss   |No Obj Loss |Class Loss  
------------ ------------ ------------ ------------ ------------
92.954      |24.709      |43.097      |10.249      |3.817       

VAL losses
Total Loss  |Box Loss    |Conf Loss   |No Obj Loss |Class Loss  
------------ ------------ ------------ ------------ ------------
94.145      |31.754      |47.666      |9.834       |4.891       

Saving model with new best validation loss: 94.145

=== EPOCH 42/89 ===
Learning Rate = 0.00025600000000000004

TRAIN losses
Total Loss  |Box Loss    |Conf Loss   |No Obj Loss |Class Loss  
------------ ------------ ------------ ------------ ------------
92.126      |24.352      |42.860      |10.149      |3.683       

VAL losses
Total Loss  |Box Loss    |Conf Loss   |No Obj Loss |Class Loss  
------------ ------------ ------------ ------------ ------------
92.945      |31.513      |45.554      |11.256      |4.622       

Saving model with new best validation loss: 92.945

=== EPOCH 43/89 ===
Learning Rate = 0.00025600000000000004

TRAIN losses
Total Loss  |Box Loss    |Conf Loss   |No Obj Loss |Class Loss  
------------ ------------ ------------ ------------ ------------
91.817      |24.072      |42.881      |10.205      |3.575       

VAL losses
Total Loss  |Box Loss    |Conf Loss   |No Obj Loss |Class Loss  
------------ ------------ ------------ ------------ ------------
93.839      |31.872      |46.055      |10.636      |5.275       

=== EPOCH 44/89 ===
Learning Rate = 0.00025600000000000004

TRAIN losses
Total Loss  |Box Loss    |Conf Loss   |No Obj Loss |Class Loss  
------------ ------------ ------------ ------------ ------------
92.257      |24.279      |43.002      |10.196      |3.694       

Train mAP: 0.290

VAL losses
Total Loss  |Box Loss    |Conf Loss   |No Obj Loss |Class Loss  
------------ ------------ ------------ ------------ ------------
93.529      |31.570      |45.992      |11.158      |4.810       

Validation mAP: 0.236

=== EPOCH 45/89 ===
Learning Rate = 0.00025600000000000004

TRAIN losses
Total Loss  |Box Loss    |Conf Loss   |No Obj Loss |Class Loss  
------------ ------------ ------------ ------------ ------------
92.232      |24.205      |42.830      |10.360      |3.745       

VAL losses
Total Loss  |Box Loss    |Conf Loss   |No Obj Loss |Class Loss  
------------ ------------ ------------ ------------ ------------
93.691      |31.026      |47.130      |10.610      |4.925       

=== EPOCH 46/89 ===
Learning Rate = 0.00020480000000000004

TRAIN losses
Total Loss  |Box Loss    |Conf Loss   |No Obj Loss |Class Loss  
------------ ------------ ------------ ------------ ------------
91.652      |24.037      |42.697      |10.179      |3.648       

VAL losses
Total Loss  |Box Loss    |Conf Loss   |No Obj Loss |Class Loss  
------------ ------------ ------------ ------------ ------------
92.921      |30.943      |47.073      |10.087      |4.818       

Saving model with new best validation loss: 92.921

=== EPOCH 47/89 ===
Learning Rate = 0.00020480000000000004

TRAIN losses
Total Loss  |Box Loss    |Conf Loss   |No Obj Loss |Class Loss  
------------ ------------ ------------ ------------ ------------
91.255      |23.790      |42.617      |10.144      |3.615       

VAL losses
Total Loss  |Box Loss    |Conf Loss   |No Obj Loss |Class Loss  
------------ ------------ ------------ ------------ ------------
92.849      |31.311      |46.289      |10.222      |5.028       

Saving model with new best validation loss: 92.849

=== EPOCH 48/89 ===
Learning Rate = 0.00020480000000000004

TRAIN losses
Total Loss  |Box Loss    |Conf Loss   |No Obj Loss |Class Loss  
------------ ------------ ------------ ------------ ------------
90.765      |23.494      |42.330      |10.223      |3.632       

VAL losses
Total Loss  |Box Loss    |Conf Loss   |No Obj Loss |Class Loss  
------------ ------------ ------------ ------------ ------------
92.885      |31.100      |46.796      |10.049      |4.941       

=== EPOCH 49/89 ===
Learning Rate = 0.00016384000000000006

TRAIN losses
Total Loss  |Box Loss    |Conf Loss   |No Obj Loss |Class Loss  
------------ ------------ ------------ ------------ ------------
90.696      |23.567      |42.223      |10.189      |3.633       

VAL losses
Total Loss  |Box Loss    |Conf Loss   |No Obj Loss |Class Loss  
------------ ------------ ------------ ------------ ------------
92.181      |30.813      |45.858      |10.766      |4.745       

Validation mAP: 0.268

Saving model with new best val mAP: 0.268

Saving model with new best validation loss: 92.181

=== EPOCH 50/89 ===
Learning Rate = 0.00016384000000000006

TRAIN losses
Total Loss  |Box Loss    |Conf Loss   |No Obj Loss |Class Loss  
------------ ------------ ------------ ------------ ------------
89.565      |22.770      |42.079      |10.119      |3.519       

VAL losses
Total Loss  |Box Loss    |Conf Loss   |No Obj Loss |Class Loss  
------------ ------------ ------------ ------------ ------------
92.444      |30.783      |46.697      |10.044      |4.921       

=== EPOCH 51/89 ===
Learning Rate = 0.00016384000000000006

TRAIN losses
Total Loss  |Box Loss    |Conf Loss   |No Obj Loss |Class Loss  
------------ ------------ ------------ ------------ ------------
89.480      |23.288      |41.669      |9.979       |3.470       

VAL losses
Total Loss  |Box Loss    |Conf Loss   |No Obj Loss |Class Loss  
------------ ------------ ------------ ------------ ------------
92.302      |30.842      |45.593      |10.722      |5.145       

=== EPOCH 52/89 ===
Learning Rate = 0.00016384000000000006

TRAIN losses
Total Loss  |Box Loss    |Conf Loss   |No Obj Loss |Class Loss  
------------ ------------ ------------ ------------ ------------
89.708      |23.166      |41.824      |10.209      |3.439       

VAL losses
Total Loss  |Box Loss    |Conf Loss   |No Obj Loss |Class Loss  
------------ ------------ ------------ ------------ ------------
91.951      |30.652      |45.386      |10.771      |5.142       

Saving model with new best validation loss: 91.951

=== EPOCH 53/89 ===
Learning Rate = 0.00016384000000000006

TRAIN losses
Total Loss  |Box Loss    |Conf Loss   |No Obj Loss |Class Loss  
------------ ------------ ------------ ------------ ------------
89.213      |22.879      |41.498      |10.192      |3.576       

VAL losses
Total Loss  |Box Loss    |Conf Loss   |No Obj Loss |Class Loss  
------------ ------------ ------------ ------------ ------------
91.916      |30.433      |46.302      |10.096      |5.085       

Saving model with new best validation loss: 91.916

=== EPOCH 54/89 ===
Learning Rate = 0.00016384000000000006

TRAIN losses
Total Loss  |Box Loss    |Conf Loss   |No Obj Loss |Class Loss  
------------ ------------ ------------ ------------ ------------
89.255      |22.867      |41.669      |10.170      |3.483       

VAL losses
Total Loss  |Box Loss    |Conf Loss   |No Obj Loss |Class Loss  
------------ ------------ ------------ ------------ ------------
91.627      |30.215      |45.499      |10.984      |4.929       

Validation mAP: 0.261

Saving model with new best validation loss: 91.627

=== EPOCH 55/89 ===
Learning Rate = 0.00016384000000000006

TRAIN losses
Total Loss  |Box Loss    |Conf Loss   |No Obj Loss |Class Loss  
------------ ------------ ------------ ------------ ------------
89.268      |22.869      |41.644      |10.191      |3.500       

VAL losses
Total Loss  |Box Loss    |Conf Loss   |No Obj Loss |Class Loss  
------------ ------------ ------------ ------------ ------------
91.342      |30.173      |44.905      |11.226      |5.037       

Saving model with new best validation loss: 91.342

=== EPOCH 56/89 ===
Learning Rate = 0.00016384000000000006

TRAIN losses
Total Loss  |Box Loss    |Conf Loss   |No Obj Loss |Class Loss  
------------ ------------ ------------ ------------ ------------
88.888      |22.575      |41.488      |10.308      |3.455       

VAL losses
Total Loss  |Box Loss    |Conf Loss   |No Obj Loss |Class Loss  
------------ ------------ ------------ ------------ ------------
91.974      |30.709      |46.052      |10.259      |4.954       

=== EPOCH 57/89 ===
Learning Rate = 0.00016384000000000006

TRAIN losses
Total Loss  |Box Loss    |Conf Loss   |No Obj Loss |Class Loss  
------------ ------------ ------------ ------------ ------------
88.970      |22.900      |41.318      |10.139      |3.550       

VAL losses
Total Loss  |Box Loss    |Conf Loss   |No Obj Loss |Class Loss  
------------ ------------ ------------ ------------ ------------
90.572      |29.877      |45.513      |10.330      |4.852       

Saving model with new best validation loss: 90.572

=== EPOCH 58/89 ===
Learning Rate = 0.00016384000000000006

TRAIN losses
Total Loss  |Box Loss    |Conf Loss   |No Obj Loss |Class Loss  
------------ ------------ ------------ ------------ ------------
89.114      |23.029      |41.298      |10.215      |3.510       

VAL losses
Total Loss  |Box Loss    |Conf Loss   |No Obj Loss |Class Loss  
------------ ------------ ------------ ------------ ------------
91.639      |30.516      |45.203      |10.785      |5.135       

=== EPOCH 59/89 ===
Learning Rate = 0.00016384000000000006

TRAIN losses
Total Loss  |Box Loss    |Conf Loss   |No Obj Loss |Class Loss  
------------ ------------ ------------ ------------ ------------
88.821      |22.955      |41.119      |10.315      |3.371       

Train mAP: 0.323

VAL losses
Total Loss  |Box Loss    |Conf Loss   |No Obj Loss |Class Loss  
------------ ------------ ------------ ------------ ------------
90.932      |30.137      |45.738      |10.213      |4.843       

Validation mAP: 0.263

=== EPOCH 60/89 ===
Learning Rate = 0.00016384000000000006

TRAIN losses
Total Loss  |Box Loss    |Conf Loss   |No Obj Loss |Class Loss  
------------ ------------ ------------ ------------ ------------
88.196      |22.578      |41.088      |10.219      |3.252       

VAL losses
Total Loss  |Box Loss    |Conf Loss   |No Obj Loss |Class Loss  
------------ ------------ ------------ ------------ ------------
92.019      |31.032      |45.798      |10.140      |5.049       

=== EPOCH 61/89 ===
Learning Rate = 0.00013107200000000006

TRAIN losses
Total Loss  |Box Loss    |Conf Loss   |No Obj Loss |Class Loss  
------------ ------------ ------------ ------------ ------------
88.269      |22.670      |40.976      |10.098      |3.466       

VAL losses
Total Loss  |Box Loss    |Conf Loss   |No Obj Loss |Class Loss  
------------ ------------ ------------ ------------ ------------
91.809      |30.471      |45.350      |11.002      |4.986       

=== EPOCH 62/89 ===
Learning Rate = 0.00013107200000000006

TRAIN losses
Total Loss  |Box Loss    |Conf Loss   |No Obj Loss |Class Loss  
------------ ------------ ------------ ------------ ------------
87.915      |22.379      |40.972      |10.263      |3.245       

VAL losses
Total Loss  |Box Loss    |Conf Loss   |No Obj Loss |Class Loss  
------------ ------------ ------------ ------------ ------------
91.482      |30.595      |45.155      |10.789      |4.943       

=== EPOCH 63/89 ===
Learning Rate = 0.00013107200000000006

TRAIN losses
Total Loss  |Box Loss    |Conf Loss   |No Obj Loss |Class Loss  
------------ ------------ ------------ ------------ ------------
87.941      |22.377      |41.025      |10.098      |3.387       

VAL losses
Total Loss  |Box Loss    |Conf Loss   |No Obj Loss |Class Loss  
------------ ------------ ------------ ------------ ------------
91.986      |30.387      |46.472      |10.093      |5.035       

=== EPOCH 64/89 ===
Learning Rate = 0.00010485760000000006

TRAIN losses
Total Loss  |Box Loss    |Conf Loss   |No Obj Loss |Class Loss  
------------ ------------ ------------ ------------ ------------
87.567      |22.419      |40.612      |10.131      |3.355       

VAL losses
Total Loss  |Box Loss    |Conf Loss   |No Obj Loss |Class Loss  
------------ ------------ ------------ ------------ ------------
91.052      |30.171      |45.526      |10.294      |5.062       

Validation mAP: 0.259

=== EPOCH 65/89 ===
Learning Rate = 0.00010485760000000006

TRAIN losses
Total Loss  |Box Loss    |Conf Loss   |No Obj Loss |Class Loss  
------------ ------------ ------------ ------------ ------------
87.390      |22.085      |40.678      |10.109      |3.473       

VAL losses
Total Loss  |Box Loss    |Conf Loss   |No Obj Loss |Class Loss  
------------ ------------ ------------ ------------ ------------
91.121      |30.552      |44.444      |11.214      |4.911       

=== EPOCH 66/89 ===
Learning Rate = 0.00010485760000000006

TRAIN losses
Total Loss  |Box Loss    |Conf Loss   |No Obj Loss |Class Loss  
------------ ------------ ------------ ------------ ------------
87.108      |21.999      |40.527      |10.195      |3.344       

VAL losses
Total Loss  |Box Loss    |Conf Loss   |No Obj Loss |Class Loss  
------------ ------------ ------------ ------------ ------------
91.283      |30.386      |46.429      |9.473       |4.994       

=== EPOCH 67/89 ===
Learning Rate = 8.388608000000005e-05

TRAIN losses
Total Loss  |Box Loss    |Conf Loss   |No Obj Loss |Class Loss  
------------ ------------ ------------ ------------ ------------
86.709      |21.937      |40.534      |10.002      |3.197       

VAL losses
Total Loss  |Box Loss    |Conf Loss   |No Obj Loss |Class Loss  
------------ ------------ ------------ ------------ ------------
90.574      |30.167      |45.335      |10.240      |4.832       

=== EPOCH 68/89 ===
Learning Rate = 8.388608000000005e-05

TRAIN losses
Total Loss  |Box Loss    |Conf Loss   |No Obj Loss |Class Loss  
------------ ------------ ------------ ------------ ------------
86.982      |22.076      |40.617      |10.130      |3.125       

VAL losses
Total Loss  |Box Loss    |Conf Loss   |No Obj Loss |Class Loss  
------------ ------------ ------------ ------------ ------------
90.664      |29.956      |45.286      |10.439      |4.983       

=== EPOCH 69/89 ===
Learning Rate = 8.388608000000005e-05

TRAIN losses
Total Loss  |Box Loss    |Conf Loss   |No Obj Loss |Class Loss  
------------ ------------ ------------ ------------ ------------
86.431      |21.894      |40.247      |10.089      |3.171       

VAL losses
Total Loss  |Box Loss    |Conf Loss   |No Obj Loss |Class Loss  
------------ ------------ ------------ ------------ ------------
90.845      |30.068      |45.510      |10.146      |5.121       

Validation mAP: 0.274

Saving model with new best val mAP: 0.274

=== EPOCH 70/89 ===
Learning Rate = 6.710886400000004e-05

TRAIN losses
Total Loss  |Box Loss    |Conf Loss   |No Obj Loss |Class Loss  
------------ ------------ ------------ ------------ ------------
85.860      |21.655      |40.170      |9.928       |3.079       

VAL losses
Total Loss  |Box Loss    |Conf Loss   |No Obj Loss |Class Loss  
------------ ------------ ------------ ------------ ------------
90.708      |30.225      |45.049      |10.526      |4.908       

=== EPOCH 71/89 ===
Learning Rate = 6.710886400000004e-05

TRAIN losses
Total Loss  |Box Loss    |Conf Loss   |No Obj Loss |Class Loss  
------------ ------------ ------------ ------------ ------------
86.175      |21.712      |40.265      |10.063      |3.110       

VAL losses
Total Loss  |Box Loss    |Conf Loss   |No Obj Loss |Class Loss  
------------ ------------ ------------ ------------ ------------
90.345      |29.868      |45.476      |10.097      |4.904       

Saving model with new best validation loss: 90.345

=== EPOCH 72/89 ===
Learning Rate = 6.710886400000004e-05

TRAIN losses
Total Loss  |Box Loss    |Conf Loss   |No Obj Loss |Class Loss  
------------ ------------ ------------ ------------ ------------
86.455      |21.964      |40.258      |10.095      |3.116       

VAL losses
Total Loss  |Box Loss    |Conf Loss   |No Obj Loss |Class Loss  
------------ ------------ ------------ ------------ ------------
90.805      |30.045      |45.473      |10.280      |5.008       

=== EPOCH 73/89 ===
Learning Rate = 6.710886400000004e-05

TRAIN losses
Total Loss  |Box Loss    |Conf Loss   |No Obj Loss |Class Loss  
------------ ------------ ------------ ------------ ------------
86.168      |21.779      |40.131      |10.056      |3.185       

VAL losses
Total Loss  |Box Loss    |Conf Loss   |No Obj Loss |Class Loss  
------------ ------------ ------------ ------------ ------------
89.754      |29.409      |44.867      |10.683      |4.795       

Saving model with new best validation loss: 89.754

=== EPOCH 74/89 ===
Learning Rate = 6.710886400000004e-05

TRAIN losses
Total Loss  |Box Loss    |Conf Loss   |No Obj Loss |Class Loss  
------------ ------------ ------------ ------------ ------------
86.037      |21.917      |39.788      |10.119      |3.199       

Train mAP: 0.363

VAL losses
Total Loss  |Box Loss    |Conf Loss   |No Obj Loss |Class Loss  
------------ ------------ ------------ ------------ ------------
91.033      |30.172      |45.158      |10.529      |5.174       

Validation mAP: 0.281

Saving model with new best val mAP: 0.281

=== EPOCH 75/89 ===
Learning Rate = 6.710886400000004e-05

TRAIN losses
Total Loss  |Box Loss    |Conf Loss   |No Obj Loss |Class Loss  
------------ ------------ ------------ ------------ ------------
85.881      |21.796      |39.862      |9.955       |3.256       

VAL losses
Total Loss  |Box Loss    |Conf Loss   |No Obj Loss |Class Loss  
------------ ------------ ------------ ------------ ------------
90.454      |29.758      |45.685      |10.074      |4.936       

=== EPOCH 76/89 ===
Learning Rate = 6.710886400000004e-05

TRAIN losses
Total Loss  |Box Loss    |Conf Loss   |No Obj Loss |Class Loss  
------------ ------------ ------------ ------------ ------------
85.599      |21.697      |39.713      |10.007      |3.174       

VAL losses
Total Loss  |Box Loss    |Conf Loss   |No Obj Loss |Class Loss  
------------ ------------ ------------ ------------ ------------
90.171      |29.754      |45.339      |10.140      |4.938       

=== EPOCH 77/89 ===
Learning Rate = 5.3687091200000036e-05

TRAIN losses
Total Loss  |Box Loss    |Conf Loss   |No Obj Loss |Class Loss  
------------ ------------ ------------ ------------ ------------
85.415      |21.466      |39.783      |9.976       |3.184       

VAL losses
Total Loss  |Box Loss    |Conf Loss   |No Obj Loss |Class Loss  
------------ ------------ ------------ ------------ ------------
89.997      |29.664      |44.376      |11.074      |4.884       

=== EPOCH 78/89 ===
Learning Rate = 5.3687091200000036e-05

TRAIN losses
Total Loss  |Box Loss    |Conf Loss   |No Obj Loss |Class Loss  
------------ ------------ ------------ ------------ ------------
84.964      |21.093      |39.604      |10.076      |3.189       

VAL losses
Total Loss  |Box Loss    |Conf Loss   |No Obj Loss |Class Loss  
------------ ------------ ------------ ------------ ------------
90.200      |29.986      |44.753      |10.557      |4.905       

=== EPOCH 79/89 ===
Learning Rate = 5.3687091200000036e-05

TRAIN losses
Total Loss  |Box Loss    |Conf Loss   |No Obj Loss |Class Loss  
------------ ------------ ------------ ------------ ------------
85.392      |21.310      |39.820      |10.073      |3.189       

VAL losses
Total Loss  |Box Loss    |Conf Loss   |No Obj Loss |Class Loss  
------------ ------------ ------------ ------------ ------------
90.060      |30.003      |43.858      |11.370      |4.829       

Validation mAP: 0.294

Saving model with new best val mAP: 0.294

=== EPOCH 80/89 ===
Learning Rate = 4.2949672960000034e-05

TRAIN losses
Total Loss  |Box Loss    |Conf Loss   |No Obj Loss |Class Loss  
------------ ------------ ------------ ------------ ------------
85.401      |21.575      |39.835      |9.857       |3.138       

VAL losses
Total Loss  |Box Loss    |Conf Loss   |No Obj Loss |Class Loss  
------------ ------------ ------------ ------------ ------------
90.174      |29.758      |45.182      |10.136      |5.098       

=== EPOCH 81/89 ===
Learning Rate = 4.2949672960000034e-05

TRAIN losses
Total Loss  |Box Loss    |Conf Loss   |No Obj Loss |Class Loss  
------------ ------------ ------------ ------------ ------------
84.773      |21.244      |39.434      |10.023      |3.077       

VAL losses
Total Loss  |Box Loss    |Conf Loss   |No Obj Loss |Class Loss  
------------ ------------ ------------ ------------ ------------
89.797      |29.835      |44.186      |10.954      |4.823       

=== EPOCH 82/89 ===
Learning Rate = 4.2949672960000034e-05

TRAIN losses
Total Loss  |Box Loss    |Conf Loss   |No Obj Loss |Class Loss  
------------ ------------ ------------ ------------ ------------
85.052      |21.544      |39.472      |9.910       |3.134       

VAL losses
Total Loss  |Box Loss    |Conf Loss   |No Obj Loss |Class Loss  
------------ ------------ ------------ ------------ ------------
90.655      |30.052      |44.901      |10.658      |5.043       

=== EPOCH 83/89 ===
Learning Rate = 3.435973836800003e-05

TRAIN losses
Total Loss  |Box Loss    |Conf Loss   |No Obj Loss |Class Loss  
------------ ------------ ------------ ------------ ------------
84.419      |21.125      |39.385      |9.857       |3.063       

VAL losses
Total Loss  |Box Loss    |Conf Loss   |No Obj Loss |Class Loss  
------------ ------------ ------------ ------------ ------------
89.982      |29.758      |44.258      |10.989      |4.977       

=== EPOCH 84/89 ===
Learning Rate = 3.435973836800003e-05

TRAIN losses
Total Loss  |Box Loss    |Conf Loss   |No Obj Loss |Class Loss  
------------ ------------ ------------ ------------ ------------
84.827      |21.267      |39.441      |10.115      |3.016       

VAL losses
Total Loss  |Box Loss    |Conf Loss   |No Obj Loss |Class Loss  
------------ ------------ ------------ ------------ ------------
90.035      |29.870      |44.997      |10.243      |4.926       

Validation mAP: 0.293

=== EPOCH 85/89 ===
Learning Rate = 3.435973836800003e-05

TRAIN losses
Total Loss  |Box Loss    |Conf Loss   |No Obj Loss |Class Loss  
------------ ------------ ------------ ------------ ------------
84.734      |21.435      |39.103      |10.034      |3.176       

VAL losses
Total Loss  |Box Loss    |Conf Loss   |No Obj Loss |Class Loss  
------------ ------------ ------------ ------------ ------------
89.923      |29.879      |44.862      |10.295      |4.886       

=== EPOCH 86/89 ===
Learning Rate = 2.7487790694400027e-05

TRAIN losses
Total Loss  |Box Loss    |Conf Loss   |No Obj Loss |Class Loss  
------------ ------------ ------------ ------------ ------------
84.806      |21.426      |39.334      |10.097      |2.965       

VAL losses
Total Loss  |Box Loss    |Conf Loss   |No Obj Loss |Class Loss  
------------ ------------ ------------ ------------ ------------
89.644      |29.559      |44.954      |10.215      |4.916       

Saving model with new best validation loss: 89.644

=== EPOCH 87/89 ===
Learning Rate = 2.7487790694400027e-05

TRAIN losses
Total Loss  |Box Loss    |Conf Loss   |No Obj Loss |Class Loss  
------------ ------------ ------------ ------------ ------------
84.133      |21.013      |39.149      |10.019      |2.970       

VAL losses
Total Loss  |Box Loss    |Conf Loss   |No Obj Loss |Class Loss  
------------ ------------ ------------ ------------ ------------
89.732      |29.741      |44.655      |10.479      |4.857       

=== EPOCH 88/89 ===
Learning Rate = 2.7487790694400027e-05

TRAIN losses
Total Loss  |Box Loss    |Conf Loss   |No Obj Loss |Class Loss  
------------ ------------ ------------ ------------ ------------
84.175      |20.927      |39.224      |9.998       |3.046       

VAL losses
Total Loss  |Box Loss    |Conf Loss   |No Obj Loss |Class Loss  
------------ ------------ ------------ ------------ ------------
89.821      |29.780      |43.925      |11.149      |4.967       

=== EPOCH 89/89 ===
Learning Rate = 2.7487790694400027e-05

TRAIN losses
Total Loss  |Box Loss    |Conf Loss   |No Obj Loss |Class Loss  
------------ ------------ ------------ ------------ ------------
84.997      |21.484      |39.225      |10.143      |3.167       

Train mAP: 0.375

VAL losses
Total Loss  |Box Loss    |Conf Loss   |No Obj Loss |Class Loss  
------------ ------------ ------------ ------------ ------------
90.164      |29.771      |44.610      |10.707      |5.076       

Validation mAP: 0.296

Saving model with new best val mAP: 0.296
Saving last model

***Script finished: 23:39:37

Time elapsed: 0:57:13.385764
