Original BED Detector.
	No Sigmoid, No Softmax. Permute out of the model.
	Only DFire.


Datasets Length
	Train: Full
	Val: Full

Load Model: False

Device: cuda
Optimizer:
	Learning Rate: 0.001
	Gradients Clip Norm: 500
	Weight Decay: 0.001
Scheduler:
	Scheduler factor: 0.8
	Scheduler patience: 3
	Scheduler threshold: 0.01
	Scheduler min learning rate: 1e-06

Batch Size: 64
Num Workers: 8
Pin Memory: True
Epochs: 100
IMG DIMS:
	Width: 224
	Height: 224

Grid, Bounding Boxes, Classes and Thresholds:
	Grid: 7
	Number of Bounding Boxes per Cell: 2
	Number of Classes: 2
	Maximum Number of Objects per Image: 10
	IOU Threshold: 0.5
	Score Threshold: 0.2


Loss Function: YOLOV1_LOSS
Lambda for L1 regularization: 0

Using BED Detector

Trainable parameters = 297564
Total parameters = 297564

Input shape is torch.Size([4, 3, 224, 224])
Model shape is torch.Size([4, 12, 7, 7])

BED Model Arquitecture
ORIGINAL_BED_DETECTOR(
  (model): Sequential(
    (conv1): Conv2d(3, 64, kernel_size=(3, 3), stride=(1, 1), padding=(1, 1), bias=False)
    (bn1): BatchNorm2d(64, eps=1e-05, momentum=0.1, affine=True, track_running_stats=True)
    (relu1): ReLU()
    (maxpool2): MaxPool2d(kernel_size=2, stride=2, padding=0, dilation=1, ceil_mode=False)
    (conv2): Conv2d(64, 24, kernel_size=(3, 3), stride=(1, 1), padding=(1, 1), bias=False)
    (bn2): BatchNorm2d(24, eps=1e-05, momentum=0.1, affine=True, track_running_stats=True)
    (relu2): ReLU()
    (maxpool3): MaxPool2d(kernel_size=2, stride=2, padding=0, dilation=1, ceil_mode=False)
    (conv31): Conv2d(24, 16, kernel_size=(1, 1), stride=(1, 1), bias=False)
    (bn31): BatchNorm2d(16, eps=1e-05, momentum=0.1, affine=True, track_running_stats=True)
    (relu31): ReLU()
    (conv32): Conv2d(16, 32, kernel_size=(3, 3), stride=(1, 1), padding=(1, 1), bias=False)
    (bn32): BatchNorm2d(32, eps=1e-05, momentum=0.1, affine=True, track_running_stats=True)
    (relu32): ReLU()
    (conv33): Conv2d(32, 32, kernel_size=(1, 1), stride=(1, 1), bias=False)
    (bn33): BatchNorm2d(32, eps=1e-05, momentum=0.1, affine=True, track_running_stats=True)
    (relu33): ReLU()
    (conv34): Conv2d(32, 64, kernel_size=(3, 3), stride=(1, 1), padding=(1, 1), bias=False)
    (bn34): BatchNorm2d(64, eps=1e-05, momentum=0.1, affine=True, track_running_stats=True)
    (relu34): ReLU()
    (maxpool4): MaxPool2d(kernel_size=2, stride=2, padding=0, dilation=1, ceil_mode=False)
    (conv41): Conv2d(64, 32, kernel_size=(1, 1), stride=(1, 1), bias=False)
    (bn41): BatchNorm2d(32, eps=1e-05, momentum=0.1, affine=True, track_running_stats=True)
    (relu41): ReLU()
    (conv42): Conv2d(32, 64, kernel_size=(3, 3), stride=(1, 1), padding=(1, 1), bias=False)
    (bn42): BatchNorm2d(64, eps=1e-05, momentum=0.1, affine=True, track_running_stats=True)
    (relu42): ReLU()
    (conv43): Conv2d(64, 32, kernel_size=(1, 1), stride=(1, 1), bias=False)
    (bn43): BatchNorm2d(32, eps=1e-05, momentum=0.1, affine=True, track_running_stats=True)
    (relu43): ReLU()
    (conv44): Conv2d(32, 64, kernel_size=(3, 3), stride=(1, 1), padding=(1, 1), bias=False)
    (bn44): BatchNorm2d(64, eps=1e-05, momentum=0.1, affine=True, track_running_stats=True)
    (relu44): ReLU()
    (conv45): Conv2d(64, 32, kernel_size=(1, 1), stride=(1, 1), bias=False)
    (bn45): BatchNorm2d(32, eps=1e-05, momentum=0.1, affine=True, track_running_stats=True)
    (relu45): ReLU()
    (conv46): Conv2d(32, 64, kernel_size=(3, 3), stride=(1, 1), padding=(1, 1), bias=False)
    (bn46): BatchNorm2d(64, eps=1e-05, momentum=0.1, affine=True, track_running_stats=True)
    (relu46): ReLU()
    (maxpool5): MaxPool2d(kernel_size=2, stride=2, padding=0, dilation=1, ceil_mode=False)
    (conv51): Conv2d(64, 32, kernel_size=(1, 1), stride=(1, 1), bias=False)
    (bn51): BatchNorm2d(32, eps=1e-05, momentum=0.1, affine=True, track_running_stats=True)
    (relu51): ReLU()
    (conv52): Conv2d(32, 64, kernel_size=(3, 3), stride=(1, 1), padding=(1, 1), bias=False)
    (bn52): BatchNorm2d(64, eps=1e-05, momentum=0.1, affine=True, track_running_stats=True)
    (relu52): ReLU()
    (conv53): Conv2d(64, 32, kernel_size=(1, 1), stride=(1, 1), bias=False)
    (bn53): BatchNorm2d(32, eps=1e-05, momentum=0.1, affine=True, track_running_stats=True)
    (relu53): ReLU()
    (conv54): Conv2d(32, 64, kernel_size=(3, 3), stride=(1, 1), padding=(1, 1), bias=False)
    (bn54): BatchNorm2d(64, eps=1e-05, momentum=0.1, affine=True, track_running_stats=True)
    (relu54): ReLU()
    (conv55): Conv2d(64, 64, kernel_size=(3, 3), stride=(1, 1), padding=(1, 1), bias=False)
    (bn55): BatchNorm2d(64, eps=1e-05, momentum=0.1, affine=True, track_running_stats=True)
    (relu55): ReLU()
    (conv56): Conv2d(64, 64, kernel_size=(3, 3), stride=(1, 1), padding=(1, 1), bias=False)
    (bn56): BatchNorm2d(64, eps=1e-05, momentum=0.1, affine=True, track_running_stats=True)
    (relu56): ReLU()
    (maxpool6): MaxPool2d(kernel_size=2, stride=2, padding=0, dilation=1, ceil_mode=False)
    (conv61): Conv2d(64, 64, kernel_size=(3, 3), stride=(1, 1), padding=(1, 1), bias=False)
    (bn61): BatchNorm2d(64, eps=1e-05, momentum=0.1, affine=True, track_running_stats=True)
    (relu61): ReLU()
    (conv62): Conv2d(64, 64, kernel_size=(3, 3), stride=(1, 1), padding=(1, 1), bias=False)
    (bn62): BatchNorm2d(64, eps=1e-05, momentum=0.1, affine=True, track_running_stats=True)
    (relu62): ReLU()
    (conv71): Conv2d(64, 64, kernel_size=(1, 1), stride=(1, 1), bias=False)
    (bn71): BatchNorm2d(64, eps=1e-05, momentum=0.1, affine=True, track_running_stats=True)
    (relu71): ReLU()
    (conv72): Conv2d(64, 16, kernel_size=(1, 1), stride=(1, 1), bias=False)
    (bn72): BatchNorm2d(16, eps=1e-05, momentum=0.1, affine=True, track_running_stats=True)
    (relu72): ReLU()
    (conv73): Conv2d(16, 16, kernel_size=(1, 1), stride=(1, 1), bias=False)
    (bn73): BatchNorm2d(16, eps=1e-05, momentum=0.1, affine=True, track_running_stats=True)
    (relu73): ReLU()
    (conv74): Conv2d(16, 12, kernel_size=(1, 1), stride=(1, 1))
  )
)

Model Summary
==========================================================================================
Layer (type:depth-idx)                   Output Shape              Param #
==========================================================================================
ORIGINAL_BED_DETECTOR                    [1, 12, 7, 7]             --
├─Sequential: 1-1                        [1, 12, 7, 7]             --
│    └─Conv2d: 2-1                       [1, 64, 224, 224]         1,728
│    └─BatchNorm2d: 2-2                  [1, 64, 224, 224]         128
│    └─ReLU: 2-3                         [1, 64, 224, 224]         --
│    └─MaxPool2d: 2-4                    [1, 64, 112, 112]         --
│    └─Conv2d: 2-5                       [1, 24, 112, 112]         13,824
│    └─BatchNorm2d: 2-6                  [1, 24, 112, 112]         48
│    └─ReLU: 2-7                         [1, 24, 112, 112]         --
│    └─MaxPool2d: 2-8                    [1, 24, 56, 56]           --
│    └─Conv2d: 2-9                       [1, 16, 56, 56]           384
│    └─BatchNorm2d: 2-10                 [1, 16, 56, 56]           32
│    └─ReLU: 2-11                        [1, 16, 56, 56]           --
│    └─Conv2d: 2-12                      [1, 32, 56, 56]           4,608
│    └─BatchNorm2d: 2-13                 [1, 32, 56, 56]           64
│    └─ReLU: 2-14                        [1, 32, 56, 56]           --
│    └─Conv2d: 2-15                      [1, 32, 56, 56]           1,024
│    └─BatchNorm2d: 2-16                 [1, 32, 56, 56]           64
│    └─ReLU: 2-17                        [1, 32, 56, 56]           --
│    └─Conv2d: 2-18                      [1, 64, 56, 56]           18,432
│    └─BatchNorm2d: 2-19                 [1, 64, 56, 56]           128
│    └─ReLU: 2-20                        [1, 64, 56, 56]           --
│    └─MaxPool2d: 2-21                   [1, 64, 28, 28]           --
│    └─Conv2d: 2-22                      [1, 32, 28, 28]           2,048
│    └─BatchNorm2d: 2-23                 [1, 32, 28, 28]           64
│    └─ReLU: 2-24                        [1, 32, 28, 28]           --
│    └─Conv2d: 2-25                      [1, 64, 28, 28]           18,432
│    └─BatchNorm2d: 2-26                 [1, 64, 28, 28]           128
│    └─ReLU: 2-27                        [1, 64, 28, 28]           --
│    └─Conv2d: 2-28                      [1, 32, 28, 28]           2,048
│    └─BatchNorm2d: 2-29                 [1, 32, 28, 28]           64
│    └─ReLU: 2-30                        [1, 32, 28, 28]           --
│    └─Conv2d: 2-31                      [1, 64, 28, 28]           18,432
│    └─BatchNorm2d: 2-32                 [1, 64, 28, 28]           128
│    └─ReLU: 2-33                        [1, 64, 28, 28]           --
│    └─Conv2d: 2-34                      [1, 32, 28, 28]           2,048
│    └─BatchNorm2d: 2-35                 [1, 32, 28, 28]           64
│    └─ReLU: 2-36                        [1, 32, 28, 28]           --
│    └─Conv2d: 2-37                      [1, 64, 28, 28]           18,432
│    └─BatchNorm2d: 2-38                 [1, 64, 28, 28]           128
│    └─ReLU: 2-39                        [1, 64, 28, 28]           --
│    └─MaxPool2d: 2-40                   [1, 64, 14, 14]           --
│    └─Conv2d: 2-41                      [1, 32, 14, 14]           2,048
│    └─BatchNorm2d: 2-42                 [1, 32, 14, 14]           64
│    └─ReLU: 2-43                        [1, 32, 14, 14]           --
│    └─Conv2d: 2-44                      [1, 64, 14, 14]           18,432
│    └─BatchNorm2d: 2-45                 [1, 64, 14, 14]           128
│    └─ReLU: 2-46                        [1, 64, 14, 14]           --
│    └─Conv2d: 2-47                      [1, 32, 14, 14]           2,048
│    └─BatchNorm2d: 2-48                 [1, 32, 14, 14]           64
│    └─ReLU: 2-49                        [1, 32, 14, 14]           --
│    └─Conv2d: 2-50                      [1, 64, 14, 14]           18,432
│    └─BatchNorm2d: 2-51                 [1, 64, 14, 14]           128
│    └─ReLU: 2-52                        [1, 64, 14, 14]           --
│    └─Conv2d: 2-53                      [1, 64, 14, 14]           36,864
│    └─BatchNorm2d: 2-54                 [1, 64, 14, 14]           128
│    └─ReLU: 2-55                        [1, 64, 14, 14]           --
│    └─Conv2d: 2-56                      [1, 64, 14, 14]           36,864
│    └─BatchNorm2d: 2-57                 [1, 64, 14, 14]           128
│    └─ReLU: 2-58                        [1, 64, 14, 14]           --
│    └─MaxPool2d: 2-59                   [1, 64, 7, 7]             --
│    └─Conv2d: 2-60                      [1, 64, 7, 7]             36,864
│    └─BatchNorm2d: 2-61                 [1, 64, 7, 7]             128
│    └─ReLU: 2-62                        [1, 64, 7, 7]             --
│    └─Conv2d: 2-63                      [1, 64, 7, 7]             36,864
│    └─BatchNorm2d: 2-64                 [1, 64, 7, 7]             128
│    └─ReLU: 2-65                        [1, 64, 7, 7]             --
│    └─Conv2d: 2-66                      [1, 64, 7, 7]             4,096
│    └─BatchNorm2d: 2-67                 [1, 64, 7, 7]             128
│    └─ReLU: 2-68                        [1, 64, 7, 7]             --
│    └─Conv2d: 2-69                      [1, 16, 7, 7]             1,024
│    └─BatchNorm2d: 2-70                 [1, 16, 7, 7]             32
│    └─ReLU: 2-71                        [1, 16, 7, 7]             --
│    └─Conv2d: 2-72                      [1, 16, 7, 7]             256
│    └─BatchNorm2d: 2-73                 [1, 16, 7, 7]             32
│    └─ReLU: 2-74                        [1, 16, 7, 7]             --
│    └─Conv2d: 2-75                      [1, 12, 7, 7]             204
==========================================================================================
Total params: 297,564
Trainable params: 297,564
Non-trainable params: 0
Total mult-adds (M): 411.32
==========================================================================================
Input size (MB): 0.60
Forward/backward pass size (MB): 68.22
Params size (MB): 1.19
Estimated Total Size (MB): 70.01
==========================================================================================
Starting script


***Start Training: 13:54:31


=== EPOCH 0/99 ===
Learning Rate = 0.001

TRAIN STATS
Total Loss |Box Loss  |Conf Loss |NoObj Loss|Class Loss|     | No mAP in this epoch |
-----------|----------|--------------------------------|
153.55     |71.07     |43.23     |20.44     |18.81     |

VAL STATS
Total Loss |Box Loss  |Conf Loss |NoObj Loss|Class Loss|     | No mAP in this epoch |
-----------|----------|--------------------------------|
118.42     |54.60     |48.53     |3.71      |11.58     |

Saving model with new best validation loss: 118.417

=== EPOCH 1/99 ===
Learning Rate = 0.001

TRAIN STATS
Total Loss |Box Loss  |Conf Loss |NoObj Loss|Class Loss|     | No mAP in this epoch |
-----------|----------|--------------------------------|
85.10      |35.82     |37.87     |4.27      |7.14      |

VAL STATS
Total Loss |Box Loss  |Conf Loss |NoObj Loss|Class Loss|     | No mAP in this epoch |
-----------|----------|--------------------------------|
104.42     |46.15     |42.05     |7.44      |8.79      |

Saving model with new best validation loss: 104.425

=== EPOCH 2/99 ===
Learning Rate = 0.001

TRAIN STATS
Total Loss |Box Loss  |Conf Loss |NoObj Loss|Class Loss|     | No mAP in this epoch |
-----------|----------|--------------------------------|
79.48      |32.39     |36.37     |4.62      |6.09      |

VAL STATS
Total Loss |Box Loss  |Conf Loss |NoObj Loss|Class Loss|     | No mAP in this epoch |
-----------|----------|--------------------------------|
105.68     |47.85     |44.23     |4.02      |9.57      |


=== EPOCH 3/99 ===
Learning Rate = 0.001

TRAIN STATS
Total Loss |Box Loss  |Conf Loss |NoObj Loss|Class Loss|     | No mAP in this epoch |
-----------|----------|--------------------------------|
76.66      |30.84     |35.73     |4.67      |5.43      |

VAL STATS
Total Loss |Box Loss  |Conf Loss |NoObj Loss|Class Loss|     | No mAP in this epoch |
-----------|----------|--------------------------------|
100.40     |45.25     |43.37     |4.15      |7.63      |

Saving model with new best validation loss: 100.404

=== EPOCH 4/99 ===
Learning Rate = 0.001

TRAIN STATS
Total Loss |Box Loss  |Conf Loss |NoObj Loss|Class Loss|    |Smoke AP   |Smoke AR  |Fire AP   |Fire AR   |mAP:0.50  |
-----------|----------|--------------------------------|    |-----------|----------|--------------------------------|
74.53      |29.65     |34.82     |4.76      |5.29      |    |0.0757     |0.1263    |0.0475    |0.2537    |0.0616    |

VAL STATS
Total Loss |Box Loss  |Conf Loss |NoObj Loss|Class Loss|    |Smoke AP   |Smoke AR  |Fire AP   |Fire AR   |mAP:0.50  |
-----------|----------|--------------------------------|    |-----------|----------|--------------------------------|
99.67      |42.84     |44.90     |3.27      |8.67      |    |0.0674     |0.1059    |0.0459    |0.1672    |0.0567    |

Saving model with new best validation loss: 99.673
Saving model with new best mAP: 0.0567

=== EPOCH 5/99 ===
Learning Rate = 0.001

TRAIN STATS
Total Loss |Box Loss  |Conf Loss |NoObj Loss|Class Loss|     | No mAP in this epoch |
-----------|----------|--------------------------------|
73.13      |28.75     |34.58     |4.79      |5.02      |

VAL STATS
Total Loss |Box Loss  |Conf Loss |NoObj Loss|Class Loss|     | No mAP in this epoch |
-----------|----------|--------------------------------|
98.74      |43.88     |42.81     |4.38      |7.67      |

Saving model with new best validation loss: 98.737

=== EPOCH 6/99 ===
Learning Rate = 0.001

TRAIN STATS
Total Loss |Box Loss  |Conf Loss |NoObj Loss|Class Loss|     | No mAP in this epoch |
-----------|----------|--------------------------------|
70.90      |27.48     |33.56     |5.00      |4.86      |

VAL STATS
Total Loss |Box Loss  |Conf Loss |NoObj Loss|Class Loss|     | No mAP in this epoch |
-----------|----------|--------------------------------|
100.48     |42.17     |42.53     |7.50      |8.28      |


=== EPOCH 7/99 ===
Learning Rate = 0.001

TRAIN STATS
Total Loss |Box Loss  |Conf Loss |NoObj Loss|Class Loss|     | No mAP in this epoch |
-----------|----------|--------------------------------|
68.90      |26.25     |33.00     |5.13      |4.52      |

VAL STATS
Total Loss |Box Loss  |Conf Loss |NoObj Loss|Class Loss|     | No mAP in this epoch |
-----------|----------|--------------------------------|
93.41      |39.88     |42.37     |3.47      |7.69      |

Saving model with new best validation loss: 93.411

=== EPOCH 8/99 ===
Learning Rate = 0.001

TRAIN STATS
Total Loss |Box Loss  |Conf Loss |NoObj Loss|Class Loss|     | No mAP in this epoch |
-----------|----------|--------------------------------|
68.39      |26.10     |32.60     |5.35      |4.34      |

VAL STATS
Total Loss |Box Loss  |Conf Loss |NoObj Loss|Class Loss|     | No mAP in this epoch |
-----------|----------|--------------------------------|
93.29      |40.39     |41.01     |4.57      |7.33      |

Saving model with new best validation loss: 93.289

=== EPOCH 9/99 ===
Learning Rate = 0.001

TRAIN STATS
Total Loss |Box Loss  |Conf Loss |NoObj Loss|Class Loss|    |Smoke AP   |Smoke AR  |Fire AP   |Fire AR   |mAP:0.50  |
-----------|----------|--------------------------------|    |-----------|----------|--------------------------------|
65.77      |24.57     |31.62     |5.51      |4.08      |    |0.1925     |0.2891    |0.1137    |0.3657    |0.1531    |

VAL STATS
Total Loss |Box Loss  |Conf Loss |NoObj Loss|Class Loss|    |Smoke AP   |Smoke AR  |Fire AP   |Fire AR   |mAP:0.50  |
-----------|----------|--------------------------------|    |-----------|----------|--------------------------------|
92.39      |37.79     |41.64     |3.83      |9.13      |    |0.1419     |0.2257    |0.1272    |0.2569    |0.1346    |

Saving model with new best validation loss: 92.388
Saving model with new best mAP: 0.1346

=== EPOCH 10/99 ===
Learning Rate = 0.001

TRAIN STATS
Total Loss |Box Loss  |Conf Loss |NoObj Loss|Class Loss|     | No mAP in this epoch |
-----------|----------|--------------------------------|
64.35      |23.79     |30.92     |5.57      |4.06      |

VAL STATS
Total Loss |Box Loss  |Conf Loss |NoObj Loss|Class Loss|     | No mAP in this epoch |
-----------|----------|--------------------------------|
89.26      |35.15     |41.16     |5.09      |7.86      |

Saving model with new best validation loss: 89.261

=== EPOCH 11/99 ===
Learning Rate = 0.001

TRAIN STATS
Total Loss |Box Loss  |Conf Loss |NoObj Loss|Class Loss|     | No mAP in this epoch |
-----------|----------|--------------------------------|
63.15      |23.32     |30.16     |5.87      |3.79      |

VAL STATS
Total Loss |Box Loss  |Conf Loss |NoObj Loss|Class Loss|     | No mAP in this epoch |
-----------|----------|--------------------------------|
84.30      |35.25     |37.77     |4.96      |6.31      |

Saving model with new best validation loss: 84.296

=== EPOCH 12/99 ===
Learning Rate = 0.001

TRAIN STATS
Total Loss |Box Loss  |Conf Loss |NoObj Loss|Class Loss|     | No mAP in this epoch |
-----------|----------|--------------------------------|
62.21      |22.77     |29.81     |5.88      |3.75      |

VAL STATS
Total Loss |Box Loss  |Conf Loss |NoObj Loss|Class Loss|     | No mAP in this epoch |
-----------|----------|--------------------------------|
88.74      |36.23     |41.18     |3.58      |7.74      |


=== EPOCH 13/99 ===
Learning Rate = 0.001

TRAIN STATS
Total Loss |Box Loss  |Conf Loss |NoObj Loss|Class Loss|     | No mAP in this epoch |
-----------|----------|--------------------------------|
61.21      |22.02     |29.60     |5.98      |3.61      |

VAL STATS
Total Loss |Box Loss  |Conf Loss |NoObj Loss|Class Loss|     | No mAP in this epoch |
-----------|----------|--------------------------------|
81.81      |32.84     |34.88     |6.60      |7.49      |

Saving model with new best validation loss: 81.806

=== EPOCH 14/99 ===
Learning Rate = 0.001

TRAIN STATS
Total Loss |Box Loss  |Conf Loss |NoObj Loss|Class Loss|    |Smoke AP   |Smoke AR  |Fire AP   |Fire AR   |mAP:0.50  |
-----------|----------|--------------------------------|    |-----------|----------|--------------------------------|
60.80      |22.12     |29.01     |6.13      |3.55      |    |0.2413     |0.3798    |0.1679    |0.4203    |0.2046    |

VAL STATS
Total Loss |Box Loss  |Conf Loss |NoObj Loss|Class Loss|    |Smoke AP   |Smoke AR  |Fire AP   |Fire AR   |mAP:0.50  |
-----------|----------|--------------------------------|    |-----------|----------|--------------------------------|
84.37      |33.14     |38.24     |4.41      |8.58      |    |0.1536     |0.2929    |0.1491    |0.2790    |0.1514    |

Saving model with new best mAP: 0.1514

=== EPOCH 15/99 ===
Learning Rate = 0.001

TRAIN STATS
Total Loss |Box Loss  |Conf Loss |NoObj Loss|Class Loss|     | No mAP in this epoch |
-----------|----------|--------------------------------|
59.53      |21.37     |28.61     |6.21      |3.35      |

VAL STATS
Total Loss |Box Loss  |Conf Loss |NoObj Loss|Class Loss|     | No mAP in this epoch |
-----------|----------|--------------------------------|
83.97      |33.79     |36.74     |6.64      |6.81      |


=== EPOCH 16/99 ===
Learning Rate = 0.001

TRAIN STATS
Total Loss |Box Loss  |Conf Loss |NoObj Loss|Class Loss|     | No mAP in this epoch |
-----------|----------|--------------------------------|
58.49      |20.96     |27.96     |6.35      |3.22      |

VAL STATS
Total Loss |Box Loss  |Conf Loss |NoObj Loss|Class Loss|     | No mAP in this epoch |
-----------|----------|--------------------------------|
85.29      |34.93     |38.06     |4.73      |7.57      |


=== EPOCH 17/99 ===
Learning Rate = 0.001

TRAIN STATS
Total Loss |Box Loss  |Conf Loss |NoObj Loss|Class Loss|     | No mAP in this epoch |
-----------|----------|--------------------------------|
57.15      |20.26     |27.48     |6.29      |3.11      |

VAL STATS
Total Loss |Box Loss  |Conf Loss |NoObj Loss|Class Loss|     | No mAP in this epoch |
-----------|----------|--------------------------------|
79.91      |31.90     |37.31     |4.53      |6.18      |

Saving model with new best validation loss: 79.914

=== EPOCH 18/99 ===
Learning Rate = 0.001

TRAIN STATS
Total Loss |Box Loss  |Conf Loss |NoObj Loss|Class Loss|     | No mAP in this epoch |
-----------|----------|--------------------------------|
56.84      |20.12     |27.38     |6.25      |3.09      |

VAL STATS
Total Loss |Box Loss  |Conf Loss |NoObj Loss|Class Loss|     | No mAP in this epoch |
-----------|----------|--------------------------------|
88.14      |35.80     |39.78     |3.81      |8.75      |


=== EPOCH 19/99 ===
Learning Rate = 0.001

TRAIN STATS
Total Loss |Box Loss  |Conf Loss |NoObj Loss|Class Loss|    |Smoke AP   |Smoke AR  |Fire AP   |Fire AR   |mAP:0.50  |
-----------|----------|--------------------------------|    |-----------|----------|--------------------------------|
56.65      |19.89     |27.16     |6.37      |3.23      |    |0.2866     |0.4323    |0.2044    |0.4444    |0.2455    |

VAL STATS
Total Loss |Box Loss  |Conf Loss |NoObj Loss|Class Loss|    |Smoke AP   |Smoke AR  |Fire AP   |Fire AR   |mAP:0.50  |
-----------|----------|--------------------------------|    |-----------|----------|--------------------------------|
83.72      |33.61     |36.95     |4.80      |8.36      |    |0.2142     |0.3740    |0.1331    |0.2631    |0.1736    |

Saving model with new best mAP: 0.1736

=== EPOCH 20/99 ===
Learning Rate = 0.001

TRAIN STATS
Total Loss |Box Loss  |Conf Loss |NoObj Loss|Class Loss|     | No mAP in this epoch |
-----------|----------|--------------------------------|
55.38      |19.32     |26.66     |6.39      |3.01      |

VAL STATS
Total Loss |Box Loss  |Conf Loss |NoObj Loss|Class Loss|     | No mAP in this epoch |
-----------|----------|--------------------------------|
79.64      |32.20     |33.22     |6.95      |7.26      |

Saving model with new best validation loss: 79.636

=== EPOCH 21/99 ===
Learning Rate = 0.001

TRAIN STATS
Total Loss |Box Loss  |Conf Loss |NoObj Loss|Class Loss|     | No mAP in this epoch |
-----------|----------|--------------------------------|
54.82      |19.05     |26.35     |6.41      |3.01      |

VAL STATS
Total Loss |Box Loss  |Conf Loss |NoObj Loss|Class Loss|     | No mAP in this epoch |
-----------|----------|--------------------------------|
80.09      |32.18     |37.91     |3.42      |6.58      |


=== EPOCH 22/99 ===
Learning Rate = 0.001

TRAIN STATS
Total Loss |Box Loss  |Conf Loss |NoObj Loss|Class Loss|     | No mAP in this epoch |
-----------|----------|--------------------------------|
54.21      |18.77     |26.04     |6.40      |2.99      |

VAL STATS
Total Loss |Box Loss  |Conf Loss |NoObj Loss|Class Loss|     | No mAP in this epoch |
-----------|----------|--------------------------------|
75.47      |30.05     |32.89     |6.83      |5.69      |

Saving model with new best validation loss: 75.465

=== EPOCH 23/99 ===
Learning Rate = 0.001

TRAIN STATS
Total Loss |Box Loss  |Conf Loss |NoObj Loss|Class Loss|     | No mAP in this epoch |
-----------|----------|--------------------------------|
52.96      |18.18     |25.48     |6.47      |2.82      |

VAL STATS
Total Loss |Box Loss  |Conf Loss |NoObj Loss|Class Loss|     | No mAP in this epoch |
-----------|----------|--------------------------------|
77.10      |30.12     |35.76     |4.44      |6.78      |


=== EPOCH 24/99 ===
Learning Rate = 0.001

TRAIN STATS
Total Loss |Box Loss  |Conf Loss |NoObj Loss|Class Loss|    |Smoke AP   |Smoke AR  |Fire AP   |Fire AR   |mAP:0.50  |
-----------|----------|--------------------------------|    |-----------|----------|--------------------------------|
52.43      |18.04     |25.39     |6.42      |2.58      |    |0.3259     |0.4727    |0.2698    |0.4875    |0.2979    |

VAL STATS
Total Loss |Box Loss  |Conf Loss |NoObj Loss|Class Loss|    |Smoke AP   |Smoke AR  |Fire AP   |Fire AR   |mAP:0.50  |
-----------|----------|--------------------------------|    |-----------|----------|--------------------------------|
82.36      |32.91     |37.44     |4.02      |7.98      |    |0.1977     |0.3017    |0.1499    |0.2889    |0.1738    |

Saving model with new best mAP: 0.1738

=== EPOCH 25/99 ===
Learning Rate = 0.001

TRAIN STATS
Total Loss |Box Loss  |Conf Loss |NoObj Loss|Class Loss|     | No mAP in this epoch |
-----------|----------|--------------------------------|
51.85      |17.69     |24.98     |6.52      |2.64      |

VAL STATS
Total Loss |Box Loss  |Conf Loss |NoObj Loss|Class Loss|     | No mAP in this epoch |
-----------|----------|--------------------------------|
76.03      |30.69     |33.01     |6.40      |5.94      |


=== EPOCH 26/99 ===
Learning Rate = 0.001

TRAIN STATS
Total Loss |Box Loss  |Conf Loss |NoObj Loss|Class Loss|     | No mAP in this epoch |
-----------|----------|--------------------------------|
51.25      |17.53     |24.64     |6.52      |2.55      |

VAL STATS
Total Loss |Box Loss  |Conf Loss |NoObj Loss|Class Loss|     | No mAP in this epoch |
-----------|----------|--------------------------------|
75.28      |30.11     |32.35     |6.26      |6.56      |

Saving model with new best validation loss: 75.282

=== EPOCH 27/99 ===
Learning Rate = 0.001

TRAIN STATS
Total Loss |Box Loss  |Conf Loss |NoObj Loss|Class Loss|     | No mAP in this epoch |
-----------|----------|--------------------------------|
50.96      |17.28     |24.61     |6.52      |2.56      |

VAL STATS
Total Loss |Box Loss  |Conf Loss |NoObj Loss|Class Loss|     | No mAP in this epoch |
-----------|----------|--------------------------------|
78.64      |30.53     |37.87     |3.43      |6.80      |


=== EPOCH 28/99 ===
Learning Rate = 0.001

TRAIN STATS
Total Loss |Box Loss  |Conf Loss |NoObj Loss|Class Loss|     | No mAP in this epoch |
-----------|----------|--------------------------------|
51.41      |17.85     |24.40     |6.52      |2.64      |

VAL STATS
Total Loss |Box Loss  |Conf Loss |NoObj Loss|Class Loss|     | No mAP in this epoch |
-----------|----------|--------------------------------|
76.67      |30.46     |36.15     |3.85      |6.20      |


=== EPOCH 29/99 ===
Learning Rate = 0.001

TRAIN STATS
Total Loss |Box Loss  |Conf Loss |NoObj Loss|Class Loss|    |Smoke AP   |Smoke AR  |Fire AP   |Fire AR   |mAP:0.50  |
-----------|----------|--------------------------------|    |-----------|----------|--------------------------------|
50.50      |17.28     |24.14     |6.45      |2.64      |    |0.3580     |0.4956    |0.3051    |0.5204    |0.3315    |

VAL STATS
Total Loss |Box Loss  |Conf Loss |NoObj Loss|Class Loss|    |Smoke AP   |Smoke AR  |Fire AP   |Fire AR   |mAP:0.50  |
-----------|----------|--------------------------------|    |-----------|----------|--------------------------------|
76.63      |30.05     |33.90     |5.21      |7.47      |    |0.2742     |0.4380    |0.1980    |0.3294    |0.2361    |

Saving model with new best mAP: 0.2361

=== EPOCH 30/99 ===
Learning Rate = 0.001

TRAIN STATS
Total Loss |Box Loss  |Conf Loss |NoObj Loss|Class Loss|     | No mAP in this epoch |
-----------|----------|--------------------------------|
49.86      |16.85     |24.05     |6.54      |2.42      |

VAL STATS
Total Loss |Box Loss  |Conf Loss |NoObj Loss|Class Loss|     | No mAP in this epoch |
-----------|----------|--------------------------------|
76.26      |30.07     |31.63     |7.46      |7.11      |


=== EPOCH 31/99 ===
Learning Rate = 0.0008

TRAIN STATS
Total Loss |Box Loss  |Conf Loss |NoObj Loss|Class Loss|     | No mAP in this epoch |
-----------|----------|--------------------------------|
48.42      |16.12     |23.43     |6.49      |2.38      |

VAL STATS
Total Loss |Box Loss  |Conf Loss |NoObj Loss|Class Loss|     | No mAP in this epoch |
-----------|----------|--------------------------------|
74.81      |28.88     |34.92     |3.82      |7.20      |

Saving model with new best validation loss: 74.806

=== EPOCH 32/99 ===
Learning Rate = 0.0008

TRAIN STATS
Total Loss |Box Loss  |Conf Loss |NoObj Loss|Class Loss|     | No mAP in this epoch |
-----------|----------|--------------------------------|
48.16      |16.35     |23.15     |6.43      |2.23      |

VAL STATS
Total Loss |Box Loss  |Conf Loss |NoObj Loss|Class Loss|     | No mAP in this epoch |
-----------|----------|--------------------------------|
74.01      |29.49     |32.42     |5.88      |6.21      |

Saving model with new best validation loss: 74.007

=== EPOCH 33/99 ===
Learning Rate = 0.0008

TRAIN STATS
Total Loss |Box Loss  |Conf Loss |NoObj Loss|Class Loss|     | No mAP in this epoch |
-----------|----------|--------------------------------|
47.71      |15.98     |23.01     |6.47      |2.24      |

VAL STATS
Total Loss |Box Loss  |Conf Loss |NoObj Loss|Class Loss|     | No mAP in this epoch |
-----------|----------|--------------------------------|
72.18      |28.48     |31.16     |6.82      |5.72      |

Saving model with new best validation loss: 72.179

=== EPOCH 34/99 ===
Learning Rate = 0.0008

TRAIN STATS
Total Loss |Box Loss  |Conf Loss |NoObj Loss|Class Loss|    |Smoke AP   |Smoke AR  |Fire AP   |Fire AR   |mAP:0.50  |
-----------|----------|--------------------------------|    |-----------|----------|--------------------------------|
47.08      |15.61     |22.83     |6.49      |2.16      |    |0.3984     |0.5406    |0.3301    |0.5361    |0.3642    |

VAL STATS
Total Loss |Box Loss  |Conf Loss |NoObj Loss|Class Loss|    |Smoke AP   |Smoke AR  |Fire AP   |Fire AR   |mAP:0.50  |
-----------|----------|--------------------------------|    |-----------|----------|--------------------------------|
71.88      |28.49     |31.52     |6.30      |5.56      |    |0.3344     |0.4437    |0.2146    |0.3553    |0.2745    |

Saving model with new best validation loss: 71.878
Saving model with new best mAP: 0.2745

=== EPOCH 35/99 ===
Learning Rate = 0.0008

TRAIN STATS
Total Loss |Box Loss  |Conf Loss |NoObj Loss|Class Loss|     | No mAP in this epoch |
-----------|----------|--------------------------------|
46.45      |15.31     |22.58     |6.44      |2.12      |

VAL STATS
Total Loss |Box Loss  |Conf Loss |NoObj Loss|Class Loss|     | No mAP in this epoch |
-----------|----------|--------------------------------|
74.78      |28.80     |32.52     |5.35      |8.11      |


=== EPOCH 36/99 ===
Learning Rate = 0.0008

TRAIN STATS
Total Loss |Box Loss  |Conf Loss |NoObj Loss|Class Loss|     | No mAP in this epoch |
-----------|----------|--------------------------------|
46.17      |15.19     |22.44     |6.43      |2.11      |

VAL STATS
Total Loss |Box Loss  |Conf Loss |NoObj Loss|Class Loss|     | No mAP in this epoch |
-----------|----------|--------------------------------|
71.51      |28.33     |31.56     |5.71      |5.91      |

Saving model with new best validation loss: 71.512

=== EPOCH 37/99 ===
Learning Rate = 0.0008

TRAIN STATS
Total Loss |Box Loss  |Conf Loss |NoObj Loss|Class Loss|     | No mAP in this epoch |
-----------|----------|--------------------------------|
46.43      |15.48     |22.38     |6.45      |2.13      |

VAL STATS
Total Loss |Box Loss  |Conf Loss |NoObj Loss|Class Loss|     | No mAP in this epoch |
-----------|----------|--------------------------------|
74.18      |29.81     |31.21     |7.11      |6.06      |


=== EPOCH 38/99 ===
Learning Rate = 0.0008

TRAIN STATS
Total Loss |Box Loss  |Conf Loss |NoObj Loss|Class Loss|     | No mAP in this epoch |
-----------|----------|--------------------------------|
45.70      |15.13     |22.07     |6.49      |2.00      |

VAL STATS
Total Loss |Box Loss  |Conf Loss |NoObj Loss|Class Loss|     | No mAP in this epoch |
-----------|----------|--------------------------------|
74.34      |29.00     |32.01     |5.90      |7.43      |


=== EPOCH 39/99 ===
Learning Rate = 0.0008

TRAIN STATS
Total Loss |Box Loss  |Conf Loss |NoObj Loss|Class Loss|    |Smoke AP   |Smoke AR  |Fire AP   |Fire AR   |mAP:0.50  |
-----------|----------|--------------------------------|    |-----------|----------|--------------------------------|
45.42      |15.08     |21.93     |6.33      |2.08      |    |0.4204     |0.5581    |0.3536    |0.5568    |0.3870    |

VAL STATS
Total Loss |Box Loss  |Conf Loss |NoObj Loss|Class Loss|    |Smoke AP   |Smoke AR  |Fire AP   |Fire AR   |mAP:0.50  |
-----------|----------|--------------------------------|    |-----------|----------|--------------------------------|
73.42      |29.17     |31.70     |5.92      |6.62      |    |0.3407     |0.4793    |0.1915    |0.3215    |0.2661    |


=== EPOCH 40/99 ===
Learning Rate = 0.0008

TRAIN STATS
Total Loss |Box Loss  |Conf Loss |NoObj Loss|Class Loss|     | No mAP in this epoch |
-----------|----------|--------------------------------|
45.01      |14.64     |21.91     |6.49      |1.97      |

VAL STATS
Total Loss |Box Loss  |Conf Loss |NoObj Loss|Class Loss|     | No mAP in this epoch |
-----------|----------|--------------------------------|
71.85      |27.24     |33.27     |4.58      |6.77      |


=== EPOCH 41/99 ===
Learning Rate = 0.00064

TRAIN STATS
Total Loss |Box Loss  |Conf Loss |NoObj Loss|Class Loss|     | No mAP in this epoch |
-----------|----------|--------------------------------|
43.56      |14.28     |21.39     |6.18      |1.71      |

VAL STATS
Total Loss |Box Loss  |Conf Loss |NoObj Loss|Class Loss|     | No mAP in this epoch |
-----------|----------|--------------------------------|
71.89      |27.93     |31.09     |6.07      |6.80      |


=== EPOCH 42/99 ===
Learning Rate = 0.00064

TRAIN STATS
Total Loss |Box Loss  |Conf Loss |NoObj Loss|Class Loss|     | No mAP in this epoch |
-----------|----------|--------------------------------|
43.38      |14.18     |21.00     |6.38      |1.81      |

VAL STATS
Total Loss |Box Loss  |Conf Loss |NoObj Loss|Class Loss|     | No mAP in this epoch |
-----------|----------|--------------------------------|
71.19      |27.49     |29.52     |6.73      |7.45      |

Saving model with new best validation loss: 71.189

=== EPOCH 43/99 ===
Learning Rate = 0.00064

TRAIN STATS
Total Loss |Box Loss  |Conf Loss |NoObj Loss|Class Loss|     | No mAP in this epoch |
-----------|----------|--------------------------------|
42.25      |13.79     |20.52     |6.23      |1.71      |

VAL STATS
Total Loss |Box Loss  |Conf Loss |NoObj Loss|Class Loss|     | No mAP in this epoch |
-----------|----------|--------------------------------|
69.86      |27.39     |32.08     |4.69      |5.70      |

Saving model with new best validation loss: 69.860

=== EPOCH 44/99 ===
Learning Rate = 0.00064

TRAIN STATS
Total Loss |Box Loss  |Conf Loss |NoObj Loss|Class Loss|    |Smoke AP   |Smoke AR  |Fire AP   |Fire AR   |mAP:0.50  |
-----------|----------|--------------------------------|    |-----------|----------|--------------------------------|
43.04      |13.92     |20.98     |6.27      |1.87      |    |0.4574     |0.5805    |0.3598    |0.5654    |0.4086    |

VAL STATS
Total Loss |Box Loss  |Conf Loss |NoObj Loss|Class Loss|    |Smoke AP   |Smoke AR  |Fire AP   |Fire AR   |mAP:0.50  |
-----------|----------|--------------------------------|    |-----------|----------|--------------------------------|
69.87      |27.65     |31.40     |5.18      |5.65      |    |0.3504     |0.4881    |0.2141    |0.3270    |0.2822    |

Saving model with new best mAP: 0.2822

=== EPOCH 45/99 ===
Learning Rate = 0.00064

TRAIN STATS
Total Loss |Box Loss  |Conf Loss |NoObj Loss|Class Loss|     | No mAP in this epoch |
-----------|----------|--------------------------------|
42.24      |13.51     |20.67     |6.26      |1.81      |

VAL STATS
Total Loss |Box Loss  |Conf Loss |NoObj Loss|Class Loss|     | No mAP in this epoch |
-----------|----------|--------------------------------|
69.07      |27.32     |29.72     |6.07      |5.96      |

Saving model with new best validation loss: 69.065

=== EPOCH 46/99 ===
Learning Rate = 0.00064

TRAIN STATS
Total Loss |Box Loss  |Conf Loss |NoObj Loss|Class Loss|     | No mAP in this epoch |
-----------|----------|--------------------------------|
42.16      |13.72     |20.56     |6.24      |1.64      |

VAL STATS
Total Loss |Box Loss  |Conf Loss |NoObj Loss|Class Loss|     | No mAP in this epoch |
-----------|----------|--------------------------------|
69.11      |26.48     |32.25     |4.78      |5.60      |


=== EPOCH 47/99 ===
Learning Rate = 0.00064

TRAIN STATS
Total Loss |Box Loss  |Conf Loss |NoObj Loss|Class Loss|     | No mAP in this epoch |
-----------|----------|--------------------------------|
42.15      |13.65     |20.48     |6.28      |1.74      |

VAL STATS
Total Loss |Box Loss  |Conf Loss |NoObj Loss|Class Loss|     | No mAP in this epoch |
-----------|----------|--------------------------------|
70.82      |27.63     |31.30     |5.05      |6.83      |


=== EPOCH 48/99 ===
Learning Rate = 0.00064

TRAIN STATS
Total Loss |Box Loss  |Conf Loss |NoObj Loss|Class Loss|     | No mAP in this epoch |
-----------|----------|--------------------------------|
41.60      |13.40     |20.27     |6.17      |1.76      |

VAL STATS
Total Loss |Box Loss  |Conf Loss |NoObj Loss|Class Loss|     | No mAP in this epoch |
-----------|----------|--------------------------------|
69.72      |27.02     |29.98     |6.70      |6.02      |


=== EPOCH 49/99 ===
Learning Rate = 0.00064

TRAIN STATS
Total Loss |Box Loss  |Conf Loss |NoObj Loss|Class Loss|    |Smoke AP   |Smoke AR  |Fire AP   |Fire AR   |mAP:0.50  |
-----------|----------|--------------------------------|    |-----------|----------|--------------------------------|
41.41      |13.47     |20.06     |6.16      |1.71      |    |0.4703     |0.5982    |0.4260    |0.5989    |0.4481    |

VAL STATS
Total Loss |Box Loss  |Conf Loss |NoObj Loss|Class Loss|    |Smoke AP   |Smoke AR  |Fire AP   |Fire AR   |mAP:0.50  |
-----------|----------|--------------------------------|    |-----------|----------|--------------------------------|
70.98      |27.79     |31.75     |5.23      |6.20      |    |0.3831     |0.4773    |0.2690    |0.3737    |0.3261    |

Saving model with new best mAP: 0.3261

=== EPOCH 50/99 ===
Learning Rate = 0.0005120000000000001

TRAIN STATS
Total Loss |Box Loss  |Conf Loss |NoObj Loss|Class Loss|     | No mAP in this epoch |
-----------|----------|--------------------------------|
40.13      |12.86     |19.69     |6.00      |1.58      |

VAL STATS
Total Loss |Box Loss  |Conf Loss |NoObj Loss|Class Loss|     | No mAP in this epoch |
-----------|----------|--------------------------------|
68.62      |26.68     |30.35     |5.38      |6.21      |

Saving model with new best validation loss: 68.624

=== EPOCH 51/99 ===
Learning Rate = 0.0005120000000000001

TRAIN STATS
Total Loss |Box Loss  |Conf Loss |NoObj Loss|Class Loss|     | No mAP in this epoch |
-----------|----------|--------------------------------|
40.20      |12.99     |19.49     |6.06      |1.65      |

VAL STATS
Total Loss |Box Loss  |Conf Loss |NoObj Loss|Class Loss|     | No mAP in this epoch |
-----------|----------|--------------------------------|
71.72      |28.45     |29.68     |6.91      |6.69      |


=== EPOCH 52/99 ===
Learning Rate = 0.0005120000000000001

TRAIN STATS
Total Loss |Box Loss  |Conf Loss |NoObj Loss|Class Loss|     | No mAP in this epoch |
-----------|----------|--------------------------------|
39.52      |12.51     |19.33     |6.09      |1.59      |

VAL STATS
Total Loss |Box Loss  |Conf Loss |NoObj Loss|Class Loss|     | No mAP in this epoch |
-----------|----------|--------------------------------|
70.13      |26.95     |30.93     |5.44      |6.82      |


=== EPOCH 53/99 ===
Learning Rate = 0.0005120000000000001

TRAIN STATS
Total Loss |Box Loss  |Conf Loss |NoObj Loss|Class Loss|     | No mAP in this epoch |
-----------|----------|--------------------------------|
39.27      |12.60     |19.08     |5.99      |1.59      |

VAL STATS
Total Loss |Box Loss  |Conf Loss |NoObj Loss|Class Loss|     | No mAP in this epoch |
-----------|----------|--------------------------------|
70.16      |26.70     |30.61     |6.27      |6.57      |


=== EPOCH 54/99 ===
Learning Rate = 0.0005120000000000001

TRAIN STATS
Total Loss |Box Loss  |Conf Loss |NoObj Loss|Class Loss|    |Smoke AP   |Smoke AR  |Fire AP   |Fire AR   |mAP:0.50  |
-----------|----------|--------------------------------|    |-----------|----------|--------------------------------|
39.88      |13.00     |19.20     |6.03      |1.64      |    |0.5108     |0.6262    |0.4279    |0.6073    |0.4694    |

VAL STATS
Total Loss |Box Loss  |Conf Loss |NoObj Loss|Class Loss|    |Smoke AP   |Smoke AR  |Fire AP   |Fire AR   |mAP:0.50  |
-----------|----------|--------------------------------|    |-----------|----------|--------------------------------|
69.89      |27.04     |30.59     |5.70      |6.56      |    |0.4221     |0.5222    |0.2617    |0.3719    |0.3419    |

Saving model with new best mAP: 0.3419

=== EPOCH 55/99 ===
Learning Rate = 0.0004096000000000001

TRAIN STATS
Total Loss |Box Loss  |Conf Loss |NoObj Loss|Class Loss|     | No mAP in this epoch |
-----------|----------|--------------------------------|
38.24      |12.15     |18.61     |5.91      |1.56      |

VAL STATS
Total Loss |Box Loss  |Conf Loss |NoObj Loss|Class Loss|     | No mAP in this epoch |
-----------|----------|--------------------------------|
69.81      |26.53     |31.21     |5.45      |6.62      |


=== EPOCH 56/99 ===
Learning Rate = 0.0004096000000000001

TRAIN STATS
Total Loss |Box Loss  |Conf Loss |NoObj Loss|Class Loss|     | No mAP in this epoch |
-----------|----------|--------------------------------|
38.64      |12.48     |18.60     |6.05      |1.50      |

VAL STATS
Total Loss |Box Loss  |Conf Loss |NoObj Loss|Class Loss|     | No mAP in this epoch |
-----------|----------|--------------------------------|
69.24      |26.79     |30.74     |5.53      |6.19      |


=== EPOCH 57/99 ===
Learning Rate = 0.0004096000000000001

TRAIN STATS
Total Loss |Box Loss  |Conf Loss |NoObj Loss|Class Loss|     | No mAP in this epoch |
-----------|----------|--------------------------------|
38.15      |12.22     |18.49     |5.87      |1.57      |

VAL STATS
Total Loss |Box Loss  |Conf Loss |NoObj Loss|Class Loss|     | No mAP in this epoch |
-----------|----------|--------------------------------|
68.91      |26.70     |29.81     |6.32      |6.07      |


=== EPOCH 58/99 ===
Learning Rate = 0.0004096000000000001

TRAIN STATS
Total Loss |Box Loss  |Conf Loss |NoObj Loss|Class Loss|     | No mAP in this epoch |
-----------|----------|--------------------------------|
37.64      |12.10     |18.26     |5.78      |1.50      |

VAL STATS
Total Loss |Box Loss  |Conf Loss |NoObj Loss|Class Loss|     | No mAP in this epoch |
-----------|----------|--------------------------------|
67.96      |26.21     |29.44     |6.02      |6.29      |

Saving model with new best validation loss: 67.957

=== EPOCH 59/99 ===
Learning Rate = 0.0004096000000000001

TRAIN STATS
Total Loss |Box Loss  |Conf Loss |NoObj Loss|Class Loss|    |Smoke AP   |Smoke AR  |Fire AP   |Fire AR   |mAP:0.50  |
-----------|----------|--------------------------------|    |-----------|----------|--------------------------------|
38.12      |12.23     |18.47     |5.86      |1.56      |    |0.5190     |0.6293    |0.4672    |0.6339    |0.4931    |

VAL STATS
Total Loss |Box Loss  |Conf Loss |NoObj Loss|Class Loss|    |Smoke AP   |Smoke AR  |Fire AP   |Fire AR   |mAP:0.50  |
-----------|----------|--------------------------------|    |-----------|----------|--------------------------------|
68.59      |26.20     |29.30     |6.72      |6.38      |    |0.4315     |0.5537    |0.2602    |0.3608    |0.3459    |

Saving model with new best mAP: 0.3459

=== EPOCH 60/99 ===
Learning Rate = 0.0004096000000000001

TRAIN STATS
Total Loss |Box Loss  |Conf Loss |NoObj Loss|Class Loss|     | No mAP in this epoch |
-----------|----------|--------------------------------|
37.24      |11.81     |18.24     |5.77      |1.42      |

VAL STATS
Total Loss |Box Loss  |Conf Loss |NoObj Loss|Class Loss|     | No mAP in this epoch |
-----------|----------|--------------------------------|
67.86      |25.85     |29.75     |5.83      |6.43      |

Saving model with new best validation loss: 67.857

=== EPOCH 61/99 ===
Learning Rate = 0.0004096000000000001

TRAIN STATS
Total Loss |Box Loss  |Conf Loss |NoObj Loss|Class Loss|     | No mAP in this epoch |
-----------|----------|--------------------------------|
36.75      |11.55     |18.07     |5.76      |1.37      |

VAL STATS
Total Loss |Box Loss  |Conf Loss |NoObj Loss|Class Loss|     | No mAP in this epoch |
-----------|----------|--------------------------------|
67.01      |25.47     |29.06     |6.18      |6.30      |

Saving model with new best validation loss: 67.011

=== EPOCH 62/99 ===
Learning Rate = 0.0004096000000000001

TRAIN STATS
Total Loss |Box Loss  |Conf Loss |NoObj Loss|Class Loss|     | No mAP in this epoch |
-----------|----------|--------------------------------|
37.07      |11.80     |17.99     |5.83      |1.45      |

VAL STATS
Total Loss |Box Loss  |Conf Loss |NoObj Loss|Class Loss|     | No mAP in this epoch |
-----------|----------|--------------------------------|
68.47      |26.56     |29.24     |6.55      |6.11      |


=== EPOCH 63/99 ===
Learning Rate = 0.0004096000000000001

TRAIN STATS
Total Loss |Box Loss  |Conf Loss |NoObj Loss|Class Loss|     | No mAP in this epoch |
-----------|----------|--------------------------------|
37.13      |11.91     |18.03     |5.71      |1.47      |

VAL STATS
Total Loss |Box Loss  |Conf Loss |NoObj Loss|Class Loss|     | No mAP in this epoch |
-----------|----------|--------------------------------|
70.17      |27.45     |31.14     |5.50      |6.08      |


=== EPOCH 64/99 ===
Learning Rate = 0.0004096000000000001

TRAIN STATS
Total Loss |Box Loss  |Conf Loss |NoObj Loss|Class Loss|    |Smoke AP   |Smoke AR  |Fire AP   |Fire AR   |mAP:0.50  |
-----------|----------|--------------------------------|    |-----------|----------|--------------------------------|
37.02      |11.91     |17.87     |5.72      |1.52      |    |0.5267     |0.6319    |0.4686    |0.6344    |0.4976    |

VAL STATS
Total Loss |Box Loss  |Conf Loss |NoObj Loss|Class Loss|    |Smoke AP   |Smoke AR  |Fire AP   |Fire AR   |mAP:0.50  |
-----------|----------|--------------------------------|    |-----------|----------|--------------------------------|
68.66      |27.01     |29.08     |6.54      |6.02      |    |0.4123     |0.5284    |0.2502    |0.3639    |0.3313    |


=== EPOCH 65/99 ===
Learning Rate = 0.0004096000000000001

TRAIN STATS
Total Loss |Box Loss  |Conf Loss |NoObj Loss|Class Loss|     | No mAP in this epoch |
-----------|----------|--------------------------------|
36.88      |11.66     |17.98     |5.75      |1.49      |

VAL STATS
Total Loss |Box Loss  |Conf Loss |NoObj Loss|Class Loss|     | No mAP in this epoch |
-----------|----------|--------------------------------|
67.16      |25.91     |30.37     |5.24      |5.63      |


=== EPOCH 66/99 ===
Learning Rate = 0.0003276800000000001

TRAIN STATS
Total Loss |Box Loss  |Conf Loss |NoObj Loss|Class Loss|     | No mAP in this epoch |
-----------|----------|--------------------------------|
35.66      |11.32     |17.43     |5.63      |1.28      |

VAL STATS
Total Loss |Box Loss  |Conf Loss |NoObj Loss|Class Loss|     | No mAP in this epoch |
-----------|----------|--------------------------------|
69.75      |26.83     |29.97     |6.04      |6.91      |


=== EPOCH 67/99 ===
Learning Rate = 0.0003276800000000001

TRAIN STATS
Total Loss |Box Loss  |Conf Loss |NoObj Loss|Class Loss|     | No mAP in this epoch |
-----------|----------|--------------------------------|
35.66      |11.45     |17.27     |5.55      |1.38      |

VAL STATS
Total Loss |Box Loss  |Conf Loss |NoObj Loss|Class Loss|     | No mAP in this epoch |
-----------|----------|--------------------------------|
69.34      |26.88     |30.48     |5.55      |6.44      |


=== EPOCH 68/99 ===
Learning Rate = 0.0003276800000000001

TRAIN STATS
Total Loss |Box Loss  |Conf Loss |NoObj Loss|Class Loss|     | No mAP in this epoch |
-----------|----------|--------------------------------|
35.81      |11.30     |17.49     |5.63      |1.40      |

VAL STATS
Total Loss |Box Loss  |Conf Loss |NoObj Loss|Class Loss|     | No mAP in this epoch |
-----------|----------|--------------------------------|
67.03      |25.71     |29.44     |5.98      |5.91      |


=== EPOCH 69/99 ===
Learning Rate = 0.0003276800000000001

TRAIN STATS
Total Loss |Box Loss  |Conf Loss |NoObj Loss|Class Loss|    |Smoke AP   |Smoke AR  |Fire AP   |Fire AR   |mAP:0.50  |
-----------|----------|--------------------------------|    |-----------|----------|--------------------------------|
35.50      |11.31     |17.30     |5.57      |1.33      |    |0.5569     |0.6518    |0.4842    |0.6423    |0.5206    |

VAL STATS
Total Loss |Box Loss  |Conf Loss |NoObj Loss|Class Loss|    |Smoke AP   |Smoke AR  |Fire AP   |Fire AR   |mAP:0.50  |
-----------|----------|--------------------------------|    |-----------|----------|--------------------------------|
68.30      |26.23     |29.29     |6.48      |6.30      |    |0.4493     |0.5527    |0.2771    |0.3780    |0.3632    |

Saving model with new best mAP: 0.3632

=== EPOCH 70/99 ===
Learning Rate = 0.0002621440000000001

TRAIN STATS
Total Loss |Box Loss  |Conf Loss |NoObj Loss|Class Loss|     | No mAP in this epoch |
-----------|----------|--------------------------------|
35.05      |11.27     |16.91     |5.51      |1.37      |

VAL STATS
Total Loss |Box Loss  |Conf Loss |NoObj Loss|Class Loss|     | No mAP in this epoch |
-----------|----------|--------------------------------|
67.29      |25.69     |29.43     |6.15      |6.02      |


=== EPOCH 71/99 ===
Learning Rate = 0.0002621440000000001

TRAIN STATS
Total Loss |Box Loss  |Conf Loss |NoObj Loss|Class Loss|     | No mAP in this epoch |
-----------|----------|--------------------------------|
34.35      |10.99     |16.70     |5.35      |1.31      |

VAL STATS
Total Loss |Box Loss  |Conf Loss |NoObj Loss|Class Loss|     | No mAP in this epoch |
-----------|----------|--------------------------------|
67.33      |25.97     |29.70     |5.79      |5.87      |


=== EPOCH 72/99 ===
Learning Rate = 0.0002621440000000001

TRAIN STATS
Total Loss |Box Loss  |Conf Loss |NoObj Loss|Class Loss|     | No mAP in this epoch |
-----------|----------|--------------------------------|
34.18      |10.80     |16.60     |5.37      |1.42      |

VAL STATS
Total Loss |Box Loss  |Conf Loss |NoObj Loss|Class Loss|     | No mAP in this epoch |
-----------|----------|--------------------------------|
67.77      |26.47     |29.68     |6.12      |5.49      |


=== EPOCH 73/99 ===
Learning Rate = 0.0002621440000000001

TRAIN STATS
Total Loss |Box Loss  |Conf Loss |NoObj Loss|Class Loss|     | No mAP in this epoch |
-----------|----------|--------------------------------|
34.00      |10.97     |16.49     |5.30      |1.24      |

VAL STATS
Total Loss |Box Loss  |Conf Loss |NoObj Loss|Class Loss|     | No mAP in this epoch |
-----------|----------|--------------------------------|
67.86      |25.45     |30.76     |5.44      |6.21      |


=== EPOCH 74/99 ===
Learning Rate = 0.00020971520000000012

TRAIN STATS
Total Loss |Box Loss  |Conf Loss |NoObj Loss|Class Loss|    |Smoke AP   |Smoke AR  |Fire AP   |Fire AR   |mAP:0.50  |
-----------|----------|--------------------------------|    |-----------|----------|--------------------------------|
33.83      |10.68     |16.45     |5.35      |1.35      |    |0.5665     |0.6664    |0.5061    |0.6621    |0.5363    |

VAL STATS
Total Loss |Box Loss  |Conf Loss |NoObj Loss|Class Loss|    |Smoke AP   |Smoke AR  |Fire AP   |Fire AR   |mAP:0.50  |
-----------|----------|--------------------------------|    |-----------|----------|--------------------------------|
67.28      |25.93     |29.57     |5.98      |5.81      |    |0.4408     |0.5444    |0.2788    |0.3798    |0.3598    |


=== EPOCH 75/99 ===
Learning Rate = 0.00020971520000000012

TRAIN STATS
Total Loss |Box Loss  |Conf Loss |NoObj Loss|Class Loss|     | No mAP in this epoch |
-----------|----------|--------------------------------|
33.77      |10.63     |16.52     |5.29      |1.33      |

VAL STATS
Total Loss |Box Loss  |Conf Loss |NoObj Loss|Class Loss|     | No mAP in this epoch |
-----------|----------|--------------------------------|
67.19      |26.10     |29.02     |5.91      |6.16      |


=== EPOCH 76/99 ===
Learning Rate = 0.00020971520000000012

TRAIN STATS
Total Loss |Box Loss  |Conf Loss |NoObj Loss|Class Loss|     | No mAP in this epoch |
-----------|----------|--------------------------------|
33.49      |10.68     |16.28     |5.35      |1.18      |

VAL STATS
Total Loss |Box Loss  |Conf Loss |NoObj Loss|Class Loss|     | No mAP in this epoch |
-----------|----------|--------------------------------|
67.50      |25.64     |29.52     |6.09      |6.25      |


=== EPOCH 77/99 ===
Learning Rate = 0.00020971520000000012

TRAIN STATS
Total Loss |Box Loss  |Conf Loss |NoObj Loss|Class Loss|     | No mAP in this epoch |
-----------|----------|--------------------------------|
33.03      |10.54     |16.06     |5.22      |1.21      |

VAL STATS
Total Loss |Box Loss  |Conf Loss |NoObj Loss|Class Loss|     | No mAP in this epoch |
-----------|----------|--------------------------------|
68.00      |26.15     |29.65     |6.08      |6.11      |


=== EPOCH 78/99 ===
Learning Rate = 0.0001677721600000001

TRAIN STATS
Total Loss |Box Loss  |Conf Loss |NoObj Loss|Class Loss|     | No mAP in this epoch |
-----------|----------|--------------------------------|
33.22      |10.52     |16.21     |5.18      |1.32      |

VAL STATS
Total Loss |Box Loss  |Conf Loss |NoObj Loss|Class Loss|     | No mAP in this epoch |
-----------|----------|--------------------------------|
66.55      |25.62     |29.00     |6.21      |5.72      |

Saving model with new best validation loss: 66.551

=== EPOCH 79/99 ===
Learning Rate = 0.0001677721600000001

TRAIN STATS
Total Loss |Box Loss  |Conf Loss |NoObj Loss|Class Loss|    |Smoke AP   |Smoke AR  |Fire AP   |Fire AR   |mAP:0.50  |
-----------|----------|--------------------------------|    |-----------|----------|--------------------------------|
32.47      |10.24     |15.83     |5.21      |1.20      |    |0.5862     |0.6789    |0.5179    |0.6670    |0.5520    |

VAL STATS
Total Loss |Box Loss  |Conf Loss |NoObj Loss|Class Loss|    |Smoke AP   |Smoke AR  |Fire AP   |Fire AR   |mAP:0.50  |
-----------|----------|--------------------------------|    |-----------|----------|--------------------------------|
68.16      |26.17     |29.84     |5.66      |6.49      |    |0.4479     |0.5372    |0.2831    |0.3805    |0.3655    |

Saving model with new best mAP: 0.3655

=== EPOCH 80/99 ===
Learning Rate = 0.0001677721600000001

TRAIN STATS
Total Loss |Box Loss  |Conf Loss |NoObj Loss|Class Loss|     | No mAP in this epoch |
-----------|----------|--------------------------------|
32.17      |10.26     |15.73     |5.05      |1.14      |

VAL STATS
Total Loss |Box Loss  |Conf Loss |NoObj Loss|Class Loss|     | No mAP in this epoch |
-----------|----------|--------------------------------|
67.18      |25.33     |29.27     |6.31      |6.27      |


=== EPOCH 81/99 ===
Learning Rate = 0.0001677721600000001

TRAIN STATS
Total Loss |Box Loss  |Conf Loss |NoObj Loss|Class Loss|     | No mAP in this epoch |
-----------|----------|--------------------------------|
33.02      |10.49     |16.09     |5.21      |1.22      |

VAL STATS
Total Loss |Box Loss  |Conf Loss |NoObj Loss|Class Loss|     | No mAP in this epoch |
-----------|----------|--------------------------------|
66.62      |25.25     |28.96     |6.12      |6.28      |


=== EPOCH 82/99 ===
Learning Rate = 0.0001677721600000001

TRAIN STATS
Total Loss |Box Loss  |Conf Loss |NoObj Loss|Class Loss|     | No mAP in this epoch |
-----------|----------|--------------------------------|
32.25      |10.23     |15.78     |5.03      |1.21      |

VAL STATS
Total Loss |Box Loss  |Conf Loss |NoObj Loss|Class Loss|     | No mAP in this epoch |
-----------|----------|--------------------------------|
65.72      |24.87     |29.23     |6.15      |5.47      |

Saving model with new best validation loss: 65.719

=== EPOCH 83/99 ===
Learning Rate = 0.0001677721600000001

TRAIN STATS
Total Loss |Box Loss  |Conf Loss |NoObj Loss|Class Loss|     | No mAP in this epoch |
-----------|----------|--------------------------------|
32.12      |10.10     |15.69     |4.97      |1.35      |

VAL STATS
Total Loss |Box Loss  |Conf Loss |NoObj Loss|Class Loss|     | No mAP in this epoch |
-----------|----------|--------------------------------|
68.04      |26.06     |29.36     |6.45      |6.18      |


=== EPOCH 84/99 ===
Learning Rate = 0.0001677721600000001

TRAIN STATS
Total Loss |Box Loss  |Conf Loss |NoObj Loss|Class Loss|    |Smoke AP   |Smoke AR  |Fire AP   |Fire AR   |mAP:0.50  |
-----------|----------|--------------------------------|    |-----------|----------|--------------------------------|
32.19      |10.28     |15.76     |5.03      |1.13      |    |0.5858     |0.6722    |0.5345    |0.6722    |0.5602    |

VAL STATS
Total Loss |Box Loss  |Conf Loss |NoObj Loss|Class Loss|    |Smoke AP   |Smoke AR  |Fire AP   |Fire AR   |mAP:0.50  |
-----------|----------|--------------------------------|    |-----------|----------|--------------------------------|
66.93      |25.36     |29.22     |6.20      |6.15      |    |0.4578     |0.5506    |0.2631    |0.3663    |0.3605    |


=== EPOCH 85/99 ===
Learning Rate = 0.0001677721600000001

TRAIN STATS
Total Loss |Box Loss  |Conf Loss |NoObj Loss|Class Loss|     | No mAP in this epoch |
-----------|----------|--------------------------------|
32.17      |10.29     |15.76     |4.99      |1.12      |

VAL STATS
Total Loss |Box Loss  |Conf Loss |NoObj Loss|Class Loss|     | No mAP in this epoch |
-----------|----------|--------------------------------|
66.79      |25.35     |28.96     |6.32      |6.16      |


=== EPOCH 86/99 ===
Learning Rate = 0.0001677721600000001

TRAIN STATS
Total Loss |Box Loss  |Conf Loss |NoObj Loss|Class Loss|     | No mAP in this epoch |
-----------|----------|--------------------------------|
32.25      |10.16     |15.61     |5.06      |1.43      |

VAL STATS
Total Loss |Box Loss  |Conf Loss |NoObj Loss|Class Loss|     | No mAP in this epoch |
-----------|----------|--------------------------------|
67.75      |25.58     |29.88     |5.57      |6.73      |


=== EPOCH 87/99 ===
Learning Rate = 0.00013421772800000008

TRAIN STATS
Total Loss |Box Loss  |Conf Loss |NoObj Loss|Class Loss|     | No mAP in this epoch |
-----------|----------|--------------------------------|
31.19      |9.82      |15.28     |4.89      |1.20      |

VAL STATS
Total Loss |Box Loss  |Conf Loss |NoObj Loss|Class Loss|     | No mAP in this epoch |
-----------|----------|--------------------------------|
67.32      |25.88     |28.71     |6.54      |6.19      |


=== EPOCH 88/99 ===
Learning Rate = 0.00013421772800000008

TRAIN STATS
Total Loss |Box Loss  |Conf Loss |NoObj Loss|Class Loss|     | No mAP in this epoch |
-----------|----------|--------------------------------|
32.17      |10.28     |15.63     |4.98      |1.28      |

VAL STATS
Total Loss |Box Loss  |Conf Loss |NoObj Loss|Class Loss|     | No mAP in this epoch |
-----------|----------|--------------------------------|
66.55      |25.30     |29.43     |5.64      |6.19      |


=== EPOCH 89/99 ===
Learning Rate = 0.00013421772800000008

TRAIN STATS
Total Loss |Box Loss  |Conf Loss |NoObj Loss|Class Loss|    |Smoke AP   |Smoke AR  |Fire AP   |Fire AR   |mAP:0.50  |
-----------|----------|--------------------------------|    |-----------|----------|--------------------------------|
31.87      |10.17     |15.51     |4.94      |1.25      |    |0.5853     |0.6713    |0.5181    |0.6667    |0.5517    |

VAL STATS
Total Loss |Box Loss  |Conf Loss |NoObj Loss|Class Loss|    |Smoke AP   |Smoke AR  |Fire AP   |Fire AR   |mAP:0.50  |
-----------|----------|--------------------------------|    |-----------|----------|--------------------------------|
67.47      |25.85     |29.72     |5.84      |6.05      |    |0.4574     |0.5470    |0.2692    |0.3694    |0.3633    |


=== EPOCH 90/99 ===
Learning Rate = 0.00013421772800000008

TRAIN STATS
Total Loss |Box Loss  |Conf Loss |NoObj Loss|Class Loss|     | No mAP in this epoch |
-----------|----------|--------------------------------|
31.15      |9.94      |15.23     |4.78      |1.19      |

VAL STATS
Total Loss |Box Loss  |Conf Loss |NoObj Loss|Class Loss|     | No mAP in this epoch |
-----------|----------|--------------------------------|
67.59      |26.10     |29.12     |6.21      |6.16      |


=== EPOCH 91/99 ===
Learning Rate = 0.00010737418240000007

TRAIN STATS
Total Loss |Box Loss  |Conf Loss |NoObj Loss|Class Loss|     | No mAP in this epoch |
-----------|----------|--------------------------------|
31.09      |9.84      |15.20     |4.85      |1.21      |

VAL STATS
Total Loss |Box Loss  |Conf Loss |NoObj Loss|Class Loss|     | No mAP in this epoch |
-----------|----------|--------------------------------|
67.44      |25.33     |29.63     |6.08      |6.39      |


=== EPOCH 92/99 ===
Learning Rate = 0.00010737418240000007

TRAIN STATS
Total Loss |Box Loss  |Conf Loss |NoObj Loss|Class Loss|     | No mAP in this epoch |
-----------|----------|--------------------------------|
31.24      |9.97      |15.11     |4.94      |1.22      |

VAL STATS
Total Loss |Box Loss  |Conf Loss |NoObj Loss|Class Loss|     | No mAP in this epoch |
-----------|----------|--------------------------------|
66.76      |25.39     |29.48     |5.76      |6.13      |


=== EPOCH 93/99 ===
Learning Rate = 0.00010737418240000007

TRAIN STATS
Total Loss |Box Loss  |Conf Loss |NoObj Loss|Class Loss|     | No mAP in this epoch |
-----------|----------|--------------------------------|
31.49      |10.09     |15.25     |4.93      |1.22      |

VAL STATS
Total Loss |Box Loss  |Conf Loss |NoObj Loss|Class Loss|     | No mAP in this epoch |
-----------|----------|--------------------------------|
67.82      |25.96     |29.09     |6.22      |6.55      |


=== EPOCH 94/99 ===
Learning Rate = 0.00010737418240000007

TRAIN STATS
Total Loss |Box Loss  |Conf Loss |NoObj Loss|Class Loss|    |Smoke AP   |Smoke AR  |Fire AP   |Fire AR   |mAP:0.50  |
-----------|----------|--------------------------------|    |-----------|----------|--------------------------------|
30.86      |9.95      |14.89     |4.77      |1.26      |    |0.6059     |0.6884    |0.5351    |0.6741    |0.5705    |

VAL STATS
Total Loss |Box Loss  |Conf Loss |NoObj Loss|Class Loss|    |Smoke AP   |Smoke AR  |Fire AP   |Fire AR   |mAP:0.50  |
-----------|----------|--------------------------------|    |-----------|----------|--------------------------------|
66.79      |25.37     |29.30     |6.25      |5.86      |    |0.4564     |0.5527    |0.2622    |0.3657    |0.3593    |


=== EPOCH 95/99 ===
Learning Rate = 8.589934592000007e-05

TRAIN STATS
Total Loss |Box Loss  |Conf Loss |NoObj Loss|Class Loss|     | No mAP in this epoch |
-----------|----------|--------------------------------|
30.96      |9.89      |15.08     |4.71      |1.27      |

VAL STATS
Total Loss |Box Loss  |Conf Loss |NoObj Loss|Class Loss|     | No mAP in this epoch |
-----------|----------|--------------------------------|
66.76      |25.66     |28.77     |6.42      |5.92      |


=== EPOCH 96/99 ===
Learning Rate = 8.589934592000007e-05

TRAIN STATS
Total Loss |Box Loss  |Conf Loss |NoObj Loss|Class Loss|     | No mAP in this epoch |
-----------|----------|--------------------------------|
29.87      |9.54      |14.46     |4.71      |1.15      |

VAL STATS
Total Loss |Box Loss  |Conf Loss |NoObj Loss|Class Loss|     | No mAP in this epoch |
-----------|----------|--------------------------------|
67.67      |25.82     |29.06     |6.48      |6.32      |


=== EPOCH 97/99 ===
Learning Rate = 8.589934592000007e-05

TRAIN STATS
Total Loss |Box Loss  |Conf Loss |NoObj Loss|Class Loss|     | No mAP in this epoch |
-----------|----------|--------------------------------|
30.81      |9.82      |15.01     |4.76      |1.22      |

VAL STATS
Total Loss |Box Loss  |Conf Loss |NoObj Loss|Class Loss|     | No mAP in this epoch |
-----------|----------|--------------------------------|
66.91      |25.40     |29.37     |6.03      |6.11      |


=== EPOCH 98/99 ===
Learning Rate = 8.589934592000007e-05

TRAIN STATS
Total Loss |Box Loss  |Conf Loss |NoObj Loss|Class Loss|     | No mAP in this epoch |
-----------|----------|--------------------------------|
30.76      |9.91      |14.94     |4.80      |1.11      |

VAL STATS
Total Loss |Box Loss  |Conf Loss |NoObj Loss|Class Loss|     | No mAP in this epoch |
-----------|----------|--------------------------------|
66.82      |25.44     |29.47     |5.79      |6.12      |


=== EPOCH 99/99 ===
Learning Rate = 6.871947673600006e-05

TRAIN STATS
Total Loss |Box Loss  |Conf Loss |NoObj Loss|Class Loss|    |Smoke AP   |Smoke AR  |Fire AP   |Fire AR   |mAP:0.50  |
-----------|----------|--------------------------------|    |-----------|----------|--------------------------------|
30.74      |9.85      |14.96     |4.71      |1.22      |    |0.6034     |0.6833    |0.5455    |0.6834    |0.5745    |

VAL STATS
Total Loss |Box Loss  |Conf Loss |NoObj Loss|Class Loss|    |Smoke AP   |Smoke AR  |Fire AP   |Fire AR   |mAP:0.50  |
-----------|----------|--------------------------------|    |-----------|----------|--------------------------------|
66.78      |25.34     |29.08     |6.35      |6.00      |    |0.4536     |0.5568    |0.2852    |0.3743    |0.3694    |

Saving model with new best mAP: 0.3694
Saving last model

***Script finished: 14:35:47

Time elapsed: 0:41:16.624474


DFire Aladdin Metrics:

mAP @0.50   0.3707
Average Precision
- Smoke     0.4582
- Fire      0.2831
Class Precision
- Smoke     0.6435
- Fire      0.4640
Class Recall
- Smoke     0.5584
- Fire      0.3762


DFire Aladdin Metrics: threshold changed to 0.001

mAP @0.50   0.4065
Average Precision
- Smoke     0.5117
- Fire      0.3013
Class Precision
- Smoke     0.0133
- Fire      0.0523
Class Recall
- Smoke     0.7097
- Fire      0.4345
