BED Classifier XS Tiny.
	One Head.
	Weighted for Precision.
	Modules.
	Losses and Metrics Loggers.
	More checkpoints.
	140 epochs.
	Dataset images divided by 256.
	Affine True for all BatchNorm Modules: fixed, as I forgot one module in previous experiment.


TRAIN DFIRE dataset
	Train dataset len: 17221
TEST DFire dataset
	Test dataset len: 4306

Using BED Classifier

Trainable parameters = 93266
Total parameters = 93266

Model shape is tensor([[-0.0857,  0.1628],
        [-0.0685,  0.1097],
        [-0.2201,  0.1834],
        [-0.2427,  0.0667]], device='cuda:0', grad_fn=<AddmmBackward0>)
BED Model Arquitecture
BED_CLASSIFIER(
  (model): Sequential(
    (conv1): Conv2d(3, 32, kernel_size=(3, 3), stride=(1, 1), padding=(1, 1), bias=False)
    (bn1): BatchNorm2d(32, eps=1e-05, momentum=0.1, affine=True, track_running_stats=True)
    (relu1): ReLU()
    (dropout1): Dropout2d(p=0.3, inplace=False)
    (maxpool2): MaxPool2d(kernel_size=2, stride=2, padding=0, dilation=1, ceil_mode=False)
    (conv2): Conv2d(32, 16, kernel_size=(3, 3), stride=(1, 1), padding=(1, 1), bias=False)
    (bn2): BatchNorm2d(16, eps=1e-05, momentum=0.1, affine=True, track_running_stats=True)
    (relu2): ReLU()
    (dropout2): Dropout2d(p=0.3, inplace=False)
    (maxpool3): MaxPool2d(kernel_size=2, stride=2, padding=0, dilation=1, ceil_mode=False)
    (conv31): Conv2d(16, 16, kernel_size=(1, 1), stride=(1, 1), bias=False)
    (bn31): BatchNorm2d(16, eps=1e-05, momentum=0.1, affine=True, track_running_stats=True)
    (relu31): ReLU()
    (conv32): Conv2d(16, 32, kernel_size=(3, 3), stride=(1, 1), padding=(1, 1), bias=False)
    (bn32): BatchNorm2d(32, eps=1e-05, momentum=0.1, affine=True, track_running_stats=True)
    (relu32): ReLU()
    (conv33): Conv2d(32, 32, kernel_size=(1, 1), stride=(1, 1), bias=False)
    (bn33): BatchNorm2d(32, eps=1e-05, momentum=0.1, affine=True, track_running_stats=True)
    (relu33): ReLU()
    (conv34): Conv2d(32, 64, kernel_size=(3, 3), stride=(1, 1), padding=(1, 1), bias=False)
    (bn34): BatchNorm2d(64, eps=1e-05, momentum=0.1, affine=True, track_running_stats=True)
    (relu34): ReLU()
    (maxpool4): MaxPool2d(kernel_size=2, stride=2, padding=0, dilation=1, ceil_mode=False)
    (conv41): Conv2d(64, 32, kernel_size=(1, 1), stride=(1, 1), bias=False)
    (bn41): BatchNorm2d(32, eps=1e-05, momentum=0.1, affine=True, track_running_stats=True)
    (relu41): ReLU()
    (conv42): Conv2d(32, 64, kernel_size=(3, 3), stride=(1, 1), padding=(1, 1), bias=False)
    (bn42): BatchNorm2d(64, eps=1e-05, momentum=0.1, affine=True, track_running_stats=True)
    (relu42): ReLU()
    (conv43): Conv2d(64, 32, kernel_size=(1, 1), stride=(1, 1), bias=False)
    (bn43): BatchNorm2d(32, eps=1e-05, momentum=0.1, affine=True, track_running_stats=True)
    (relu43): ReLU()
    (conv44): Conv2d(32, 64, kernel_size=(3, 3), stride=(1, 1), padding=(1, 1), bias=False)
    (bn44): BatchNorm2d(64, eps=1e-05, momentum=0.1, affine=True, track_running_stats=True)
    (relu44): ReLU()
    (conv45): Conv2d(64, 32, kernel_size=(1, 1), stride=(1, 1), bias=False)
    (bn45): BatchNorm2d(32, eps=1e-05, momentum=0.1, affine=True, track_running_stats=True)
    (relu45): ReLU()
    (conv46): Conv2d(32, 64, kernel_size=(3, 3), stride=(1, 1), padding=(1, 1), bias=False)
    (bn46): BatchNorm2d(64, eps=1e-05, momentum=0.1, affine=True, track_running_stats=True)
    (relu46): ReLU()
    (avgpool5): AdaptiveAvgPool2d(output_size=(1, 1))
    (flatten5): Flatten(start_dim=1, end_dim=-1)
    (dropout5): Dropout(p=0.2, inplace=False)
    (linear51): Linear(in_features=64, out_features=16, bias=True)
    (relu5): ReLU()
    (linear52): Linear(in_features=16, out_features=2, bias=True)
  )
)
==========================================================================================
Layer (type:depth-idx)                   Output Shape              Param #
==========================================================================================
BED_CLASSIFIER                           [64, 2]                   --
├─Sequential: 1-1                        [64, 2]                   --
│    └─Conv2d: 2-1                       [64, 32, 224, 224]        864
│    └─BatchNorm2d: 2-2                  [64, 32, 224, 224]        64
│    └─ReLU: 2-3                         [64, 32, 224, 224]        --
│    └─Dropout2d: 2-4                    [64, 32, 224, 224]        --
│    └─MaxPool2d: 2-5                    [64, 32, 112, 112]        --
│    └─Conv2d: 2-6                       [64, 16, 112, 112]        4,608
│    └─BatchNorm2d: 2-7                  [64, 16, 112, 112]        32
│    └─ReLU: 2-8                         [64, 16, 112, 112]        --
│    └─Dropout2d: 2-9                    [64, 16, 112, 112]        --
│    └─MaxPool2d: 2-10                   [64, 16, 56, 56]          --
│    └─Conv2d: 2-11                      [64, 16, 56, 56]          256
│    └─BatchNorm2d: 2-12                 [64, 16, 56, 56]          32
│    └─ReLU: 2-13                        [64, 16, 56, 56]          --
│    └─Conv2d: 2-14                      [64, 32, 56, 56]          4,608
│    └─BatchNorm2d: 2-15                 [64, 32, 56, 56]          64
│    └─ReLU: 2-16                        [64, 32, 56, 56]          --
│    └─Conv2d: 2-17                      [64, 32, 56, 56]          1,024
│    └─BatchNorm2d: 2-18                 [64, 32, 56, 56]          64
│    └─ReLU: 2-19                        [64, 32, 56, 56]          --
│    └─Conv2d: 2-20                      [64, 64, 56, 56]          18,432
│    └─BatchNorm2d: 2-21                 [64, 64, 56, 56]          128
│    └─ReLU: 2-22                        [64, 64, 56, 56]          --
│    └─MaxPool2d: 2-23                   [64, 64, 28, 28]          --
│    └─Conv2d: 2-24                      [64, 32, 28, 28]          2,048
│    └─BatchNorm2d: 2-25                 [64, 32, 28, 28]          64
│    └─ReLU: 2-26                        [64, 32, 28, 28]          --
│    └─Conv2d: 2-27                      [64, 64, 28, 28]          18,432
│    └─BatchNorm2d: 2-28                 [64, 64, 28, 28]          128
│    └─ReLU: 2-29                        [64, 64, 28, 28]          --
│    └─Conv2d: 2-30                      [64, 32, 28, 28]          2,048
│    └─BatchNorm2d: 2-31                 [64, 32, 28, 28]          64
│    └─ReLU: 2-32                        [64, 32, 28, 28]          --
│    └─Conv2d: 2-33                      [64, 64, 28, 28]          18,432
│    └─BatchNorm2d: 2-34                 [64, 64, 28, 28]          128
│    └─ReLU: 2-35                        [64, 64, 28, 28]          --
│    └─Conv2d: 2-36                      [64, 32, 28, 28]          2,048
│    └─BatchNorm2d: 2-37                 [64, 32, 28, 28]          64
│    └─ReLU: 2-38                        [64, 32, 28, 28]          --
│    └─Conv2d: 2-39                      [64, 64, 28, 28]          18,432
│    └─BatchNorm2d: 2-40                 [64, 64, 28, 28]          128
│    └─ReLU: 2-41                        [64, 64, 28, 28]          --
│    └─AdaptiveAvgPool2d: 2-42           [64, 64, 1, 1]            --
│    └─Flatten: 2-43                     [64, 64]                  --
│    └─Dropout: 2-44                     [64, 64]                  --
│    └─Linear: 2-45                      [64, 16]                  1,040
│    └─ReLU: 2-46                        [64, 16]                  --
│    └─Linear: 2-47                      [64, 2]                   34
==========================================================================================
Total params: 93,266
Trainable params: 93,266
Non-trainable params: 0
Total mult-adds (G): 14.44
==========================================================================================
Input size (MB): 38.54
Forward/backward pass size (MB): 2543.33
Params size (MB): 0.37
Estimated Total Size (MB): 2582.24
==========================================================================================

Loss Function: BCE
Smoke Precision Weight: 0.8

Device: cuda
Learning Rate: 0.001
Optimizer Weight Decay: 0.001
Scheduler factor: 0.8
Scheduler patience: 2
Scheduler threshold: 0.001
Scheduler min learning rate: 1e-06
Batch Size: 64
W: 224
H: 224

***Start Training: 16:33:54


=== EPOCH 0/139 ===
Learning Rate = 0.001000

TRAIN Stats
Total Loss |Smoke Loss|Fire Loss |    _______|Accuracy |Precision|Recall   |F1       |
-----------|----------|----------|    Smoke  |0.5276   |0.5528   |0.1923   |0.2854   |
68.68      |38.96     |29.72     |    Fire   |0.7930   |0.6387   |0.5591   |0.5963   |

VAL Stats
Total Loss |Smoke Loss|Fire Loss |    _______|Accuracy |Precision|Recall   |F1       |
-----------|----------|----------|    Smoke  |0.5459   |0.7377   |0.0873   |0.1560   |
63.78      |38.42     |25.37     |    Fire   |0.7915   |0.7647   |0.2811   |0.4111   |

Saving model with new best validation loss: 63.784

=== EPOCH 1/139 ===
Learning Rate = 0.001000

TRAIN Stats
Total Loss |Smoke Loss|Fire Loss |    _______|Accuracy |Precision|Recall   |F1       |
-----------|----------|----------|    Smoke  |0.5936   |0.6650   |0.3447   |0.4541   |
63.73      |37.94     |25.79     |    Fire   |0.8227   |0.6900   |0.6381   |0.6631   |

VAL Stats
Total Loss |Smoke Loss|Fire Loss |    _______|Accuracy |Precision|Recall   |F1       |
-----------|----------|----------|    Smoke  |0.6238   |0.6815   |0.4096   |0.5117   |
59.99      |37.13     |22.87     |    Fire   |0.8412   |0.6819   |0.7243   |0.7025   |

Saving model with new best validation loss: 59.993

=== EPOCH 2/139 ===
Learning Rate = 0.001000

TRAIN Stats
Total Loss |Smoke Loss|Fire Loss |    _______|Accuracy |Precision|Recall   |F1       |
-----------|----------|----------|    Smoke  |0.6248   |0.6934   |0.4211   |0.5240   |
59.78      |36.86     |22.92     |    Fire   |0.8457   |0.7269   |0.6977   |0.7120   |

VAL Stats
Total Loss |Smoke Loss|Fire Loss |    _______|Accuracy |Precision|Recall   |F1       |
-----------|----------|----------|    Smoke  |0.6528   |0.7372   |0.4324   |0.5451   |
54.79      |35.67     |19.12     |    Fire   |0.8657   |0.7274   |0.7694   |0.7478   |

Saving model with new best validation loss: 54.788

=== EPOCH 3/139 ===
Learning Rate = 0.001000

TRAIN Stats
Total Loss |Smoke Loss|Fire Loss |    _______|Accuracy |Precision|Recall   |F1       |
-----------|----------|----------|    Smoke  |0.6372   |0.7068   |0.4444   |0.5457   |
57.80      |36.10     |21.70     |    Fire   |0.8559   |0.7496   |0.7104   |0.7294   |

VAL Stats
Total Loss |Smoke Loss|Fire Loss |    _______|Accuracy |Precision|Recall   |F1       |
-----------|----------|----------|    Smoke  |0.6474   |0.7410   |0.4106   |0.5284   |
53.77      |34.75     |19.02     |    Fire   |0.8820   |0.8545   |0.6559   |0.7421   |

Saving model with new best validation loss: 53.767

=== EPOCH 4/139 ===
Learning Rate = 0.001000

TRAIN Stats
Total Loss |Smoke Loss|Fire Loss |    _______|Accuracy |Precision|Recall   |F1       |
-----------|----------|----------|    Smoke  |0.6476   |0.7163   |0.4657   |0.5644   |
56.09      |35.58     |20.51     |    Fire   |0.8658   |0.7664   |0.7320   |0.7488   |

VAL Stats
Total Loss |Smoke Loss|Fire Loss |    _______|Accuracy |Precision|Recall   |F1       |
-----------|----------|----------|    Smoke  |0.6441   |0.7980   |0.3485   |0.4852   |
51.89      |34.53     |17.36     |    Fire   |0.8920   |0.8395   |0.7207   |0.7756   |

Saving model with new best validation loss: 51.892

=== EPOCH 5/139 ===
Learning Rate = 0.001000

TRAIN Stats
Total Loss |Smoke Loss|Fire Loss |    _______|Accuracy |Precision|Recall   |F1       |
-----------|----------|----------|    Smoke  |0.6529   |0.7215   |0.4757   |0.5733   |
54.77      |35.05     |19.72     |    Fire   |0.8744   |0.7851   |0.7444   |0.7642   |

VAL Stats
Total Loss |Smoke Loss|Fire Loss |    _______|Accuracy |Precision|Recall   |F1       |
-----------|----------|----------|    Smoke  |0.6933   |0.7419   |0.5560   |0.6356   |
48.76      |33.20     |15.55     |    Fire   |0.9044   |0.7971   |0.8459   |0.8208   |

Saving model with new best validation loss: 48.756

=== EPOCH 6/139 ===
Learning Rate = 0.001000

TRAIN Stats
Total Loss |Smoke Loss|Fire Loss |    _______|Accuracy |Precision|Recall   |F1       |
-----------|----------|----------|    Smoke  |0.6643   |0.7321   |0.4973   |0.5923   |
53.35      |34.43     |18.92     |    Fire   |0.8798   |0.7942   |0.7561   |0.7747   |

VAL Stats
Total Loss |Smoke Loss|Fire Loss |    _______|Accuracy |Precision|Recall   |F1       |
-----------|----------|----------|    Smoke  |0.6824   |0.7953   |0.4576   |0.5809   |
48.17      |32.66     |15.51     |    Fire   |0.9114   |0.9020   |0.7378   |0.8117   |

Saving model with new best validation loss: 48.173

=== EPOCH 7/139 ===
Learning Rate = 0.001000

TRAIN Stats
Total Loss |Smoke Loss|Fire Loss |    _______|Accuracy |Precision|Recall   |F1       |
-----------|----------|----------|    Smoke  |0.6740   |0.7449   |0.5097   |0.6052   |
51.81      |33.92     |17.89     |    Fire   |0.8864   |0.8033   |0.7740   |0.7884   |

VAL Stats
Total Loss |Smoke Loss|Fire Loss |    _______|Accuracy |Precision|Recall   |F1       |
-----------|----------|----------|    Smoke  |0.7013   |0.7896   |0.5167   |0.6247   |
45.10      |31.48     |13.62     |    Fire   |0.9202   |0.8810   |0.8000   |0.8385   |

Saving model with new best validation loss: 45.101

=== EPOCH 8/139 ===
Learning Rate = 0.001000

TRAIN Stats
Total Loss |Smoke Loss|Fire Loss |    _______|Accuracy |Precision|Recall   |F1       |
-----------|----------|----------|    Smoke  |0.6832   |0.7566   |0.5217   |0.6176   |
50.55      |33.21     |17.34     |    Fire   |0.8935   |0.8201   |0.7820   |0.8006   |

VAL Stats
Total Loss |Smoke Loss|Fire Loss |    _______|Accuracy |Precision|Recall   |F1       |
-----------|----------|----------|    Smoke  |0.6929   |0.7763   |0.5080   |0.6141   |
45.62      |31.87     |13.75     |    Fire   |0.9177   |0.8395   |0.8432   |0.8413   |


=== EPOCH 9/139 ===
Learning Rate = 0.001000

TRAIN Stats
Total Loss |Smoke Loss|Fire Loss |    _______|Accuracy |Precision|Recall   |F1       |
-----------|----------|----------|    Smoke  |0.6871   |0.7579   |0.5316   |0.6249   |
49.62      |32.81     |16.81     |    Fire   |0.8955   |0.8209   |0.7900   |0.8051   |

VAL Stats
Total Loss |Smoke Loss|Fire Loss |    _______|Accuracy |Precision|Recall   |F1       |
-----------|----------|----------|    Smoke  |0.7146   |0.8391   |0.5032   |0.6291   |
44.27      |30.86     |13.40     |    Fire   |0.9296   |0.9253   |0.7919   |0.8534   |

Saving model with new best validation loss: 44.265

=== EPOCH 10/139 ===
Learning Rate = 0.001000

TRAIN Stats
Total Loss |Smoke Loss|Fire Loss |    _______|Accuracy |Precision|Recall   |F1       |
-----------|----------|----------|    Smoke  |0.6908   |0.7666   |0.5311   |0.6275   |
48.86      |32.37     |16.49     |    Fire   |0.9001   |0.8364   |0.7888   |0.8119   |

VAL Stats
Total Loss |Smoke Loss|Fire Loss |    _______|Accuracy |Precision|Recall   |F1       |
-----------|----------|----------|    Smoke  |0.7120   |0.7891   |0.5477   |0.6466   |
43.65      |30.60     |13.06     |    Fire   |0.9205   |0.8455   |0.8477   |0.8466   |

Saving model with new best validation loss: 43.652

=== EPOCH 11/139 ===
Learning Rate = 0.001000

TRAIN Stats
Total Loss |Smoke Loss|Fire Loss |    _______|Accuracy |Precision|Recall   |F1       |
-----------|----------|----------|    Smoke  |0.6935   |0.7652   |0.5411   |0.6339   |
47.86      |32.12     |15.74     |    Fire   |0.9044   |0.8407   |0.8021   |0.8210   |

VAL Stats
Total Loss |Smoke Loss|Fire Loss |    _______|Accuracy |Precision|Recall   |F1       |
-----------|----------|----------|    Smoke  |0.7190   |0.8150   |0.5381   |0.6482   |
42.06      |30.02     |12.04     |    Fire   |0.9293   |0.8561   |0.8739   |0.8649   |

Saving model with new best validation loss: 42.062

=== EPOCH 12/139 ===
Learning Rate = 0.001000

TRAIN Stats
Total Loss |Smoke Loss|Fire Loss |    _______|Accuracy |Precision|Recall   |F1       |
-----------|----------|----------|    Smoke  |0.6969   |0.7680   |0.5470   |0.6389   |
47.78      |31.90     |15.88     |    Fire   |0.9044   |0.8370   |0.8075   |0.8220   |

VAL Stats
Total Loss |Smoke Loss|Fire Loss |    _______|Accuracy |Precision|Recall   |F1       |
-----------|----------|----------|    Smoke  |0.7213   |0.8018   |0.5589   |0.6587   |
42.47      |30.42     |12.05     |    Fire   |0.9296   |0.8569   |0.8739   |0.8653   |


=== EPOCH 13/139 ===
Learning Rate = 0.001000

TRAIN Stats
Total Loss |Smoke Loss|Fire Loss |    _______|Accuracy |Precision|Recall   |F1       |
-----------|----------|----------|    Smoke  |0.7037   |0.7719   |0.5617   |0.6503   |
46.67      |31.44     |15.23     |    Fire   |0.9078   |0.8488   |0.8065   |0.8271   |

VAL Stats
Total Loss |Smoke Loss|Fire Loss |    _______|Accuracy |Precision|Recall   |F1       |
-----------|----------|----------|    Smoke  |0.7253   |0.7857   |0.5899   |0.6739   |
41.97      |29.79     |12.19     |    Fire   |0.9324   |0.9084   |0.8216   |0.8628   |

Saving model with new best validation loss: 41.975

=== EPOCH 14/139 ===
Learning Rate = 0.001000

TRAIN Stats
Total Loss |Smoke Loss|Fire Loss |    _______|Accuracy |Precision|Recall   |F1       |
-----------|----------|----------|    Smoke  |0.7093   |0.7677   |0.5838   |0.6633   |
45.66      |30.85     |14.82     |    Fire   |0.9093   |0.8440   |0.8196   |0.8316   |

VAL Stats
Total Loss |Smoke Loss|Fire Loss |    _______|Accuracy |Precision|Recall   |F1       |
-----------|----------|----------|    Smoke  |0.7313   |0.8242   |0.5613   |0.6678   |
40.90      |28.80     |12.10     |    Fire   |0.9345   |0.9092   |0.8297   |0.8676   |

Saving model with new best validation loss: 40.901

=== EPOCH 15/139 ===
Learning Rate = 0.001000

TRAIN Stats
Total Loss |Smoke Loss|Fire Loss |    _______|Accuracy |Precision|Recall   |F1       |
-----------|----------|----------|    Smoke  |0.7093   |0.7652   |0.5874   |0.6646   |
45.23      |30.70     |14.53     |    Fire   |0.9116   |0.8486   |0.8234   |0.8358   |

VAL Stats
Total Loss |Smoke Loss|Fire Loss |    _______|Accuracy |Precision|Recall   |F1       |
-----------|----------|----------|    Smoke  |0.7302   |0.8653   |0.5201   |0.6497   |
39.38      |28.47     |10.91     |    Fire   |0.9401   |0.9210   |0.8405   |0.8789   |

Saving model with new best validation loss: 39.379

=== EPOCH 16/139 ===
Learning Rate = 0.001000

TRAIN Stats
Total Loss |Smoke Loss|Fire Loss |    _______|Accuracy |Precision|Recall   |F1       |
-----------|----------|----------|    Smoke  |0.7224   |0.7801   |0.6040   |0.6808   |
44.46      |30.02     |14.44     |    Fire   |0.9159   |0.8553   |0.8332   |0.8441   |

VAL Stats
Total Loss |Smoke Loss|Fire Loss |    _______|Accuracy |Precision|Recall   |F1       |
-----------|----------|----------|    Smoke  |0.7453   |0.8648   |0.5579   |0.6783   |
38.37      |27.57     |10.80     |    Fire   |0.9424   |0.9075   |0.8658   |0.8861   |

Saving model with new best validation loss: 38.373

=== EPOCH 17/139 ===
Learning Rate = 0.001000

TRAIN Stats
Total Loss |Smoke Loss|Fire Loss |    _______|Accuracy |Precision|Recall   |F1       |
-----------|----------|----------|    Smoke  |0.7255   |0.7801   |0.6128   |0.6864   |
44.43      |30.12     |14.32     |    Fire   |0.9141   |0.8559   |0.8244   |0.8399   |

VAL Stats
Total Loss |Smoke Loss|Fire Loss |    _______|Accuracy |Precision|Recall   |F1       |
-----------|----------|----------|    Smoke  |0.7507   |0.8607   |0.5749   |0.6893   |
38.42      |26.64     |11.79     |    Fire   |0.9359   |0.9154   |0.8288   |0.8700   |


=== EPOCH 18/139 ===
Learning Rate = 0.001000

TRAIN Stats
Total Loss |Smoke Loss|Fire Loss |    _______|Accuracy |Precision|Recall   |F1       |
-----------|----------|----------|    Smoke  |0.7271   |0.7788   |0.6194   |0.6900   |
43.65      |29.71     |13.95     |    Fire   |0.9157   |0.8557   |0.8319   |0.8437   |

VAL Stats
Total Loss |Smoke Loss|Fire Loss |    _______|Accuracy |Precision|Recall   |F1       |
-----------|----------|----------|    Smoke  |0.7432   |0.8590   |0.5579   |0.6765   |
37.57      |26.76     |10.81     |    Fire   |0.9396   |0.9251   |0.8342   |0.8773   |

Saving model with new best validation loss: 37.574

=== EPOCH 19/139 ===
Learning Rate = 0.001000

TRAIN Stats
Total Loss |Smoke Loss|Fire Loss |    _______|Accuracy |Precision|Recall   |F1       |
-----------|----------|----------|    Smoke  |0.7320   |0.7789   |0.6331   |0.6984   |
43.23      |29.41     |13.82     |    Fire   |0.9142   |0.8546   |0.8268   |0.8405   |

VAL Stats
Total Loss |Smoke Loss|Fire Loss |    _______|Accuracy |Precision|Recall   |F1       |
-----------|----------|----------|    Smoke  |0.7773   |0.8001   |0.7159   |0.7557   |
36.67      |26.19     |10.48     |    Fire   |0.9450   |0.9194   |0.8631   |0.8903   |

Saving model with new best validation loss: 36.671

=== EPOCH 20/139 ===
Learning Rate = 0.001000

TRAIN Stats
Total Loss |Smoke Loss|Fire Loss |    _______|Accuracy |Precision|Recall   |F1       |
-----------|----------|----------|    Smoke  |0.7414   |0.7881   |0.6463   |0.7102   |
42.26      |28.74     |13.51     |    Fire   |0.9187   |0.8600   |0.8393   |0.8495   |

VAL Stats
Total Loss |Smoke Loss|Fire Loss |    _______|Accuracy |Precision|Recall   |F1       |
-----------|----------|----------|    Smoke  |0.7750   |0.8547   |0.6413   |0.7328   |
36.36      |25.43     |10.93     |    Fire   |0.9419   |0.9388   |0.8297   |0.8809   |

Saving model with new best validation loss: 36.362

=== EPOCH 21/139 ===
Learning Rate = 0.001000

TRAIN Stats
Total Loss |Smoke Loss|Fire Loss |    _______|Accuracy |Precision|Recall   |F1       |
-----------|----------|----------|    Smoke  |0.7454   |0.7883   |0.6573   |0.7169   |
41.79      |28.41     |13.38     |    Fire   |0.9209   |0.8690   |0.8371   |0.8527   |

VAL Stats
Total Loss |Smoke Loss|Fire Loss |    _______|Accuracy |Precision|Recall   |F1       |
-----------|----------|----------|    Smoke  |0.7255   |0.8859   |0.4930   |0.6334   |
41.63      |27.71     |13.92     |    Fire   |0.9214   |0.9585   |0.7279   |0.8274   |


=== EPOCH 22/139 ===
Learning Rate = 0.001000

TRAIN Stats
Total Loss |Smoke Loss|Fire Loss |    _______|Accuracy |Precision|Recall   |F1       |
-----------|----------|----------|    Smoke  |0.7451   |0.7820   |0.6658   |0.7193   |
41.85      |28.43     |13.41     |    Fire   |0.9194   |0.8622   |0.8391   |0.8505   |

VAL Stats
Total Loss |Smoke Loss|Fire Loss |    _______|Accuracy |Precision|Recall   |F1       |
-----------|----------|----------|    Smoke  |0.8011   |0.8222   |0.7484   |0.7836   |
35.09      |24.88     |10.21     |    Fire   |0.9445   |0.9334   |0.8459   |0.8875   |

Saving model with new best validation loss: 35.095

=== EPOCH 23/139 ===
Learning Rate = 0.001000

TRAIN Stats
Total Loss |Smoke Loss|Fire Loss |    _______|Accuracy |Precision|Recall   |F1       |
-----------|----------|----------|    Smoke  |0.7481   |0.7918   |0.6599   |0.7198   |
41.61      |28.36     |13.25     |    Fire   |0.9201   |0.8620   |0.8428   |0.8523   |

VAL Stats
Total Loss |Smoke Loss|Fire Loss |    _______|Accuracy |Precision|Recall   |F1       |
-----------|----------|----------|    Smoke  |0.7899   |0.8339   |0.7033   |0.7631   |
34.99      |24.54     |10.44     |    Fire   |0.9433   |0.9331   |0.8414   |0.8849   |

Saving model with new best validation loss: 34.988

=== EPOCH 24/139 ===
Learning Rate = 0.001000

TRAIN Stats
Total Loss |Smoke Loss|Fire Loss |    _______|Accuracy |Precision|Recall   |F1       |
-----------|----------|----------|    Smoke  |0.7535   |0.7898   |0.6778   |0.7296   |
40.43      |27.73     |12.70     |    Fire   |0.9250   |0.8730   |0.8489   |0.8608   |

VAL Stats
Total Loss |Smoke Loss|Fire Loss |    _______|Accuracy |Precision|Recall   |F1       |
-----------|----------|----------|    Smoke  |0.7617   |0.8747   |0.5889   |0.7039   |
35.40      |25.19     |10.21     |    Fire   |0.9457   |0.9125   |0.8739   |0.8928   |


=== EPOCH 25/139 ===
Learning Rate = 0.001000

TRAIN Stats
Total Loss |Smoke Loss|Fire Loss |    _______|Accuracy |Precision|Recall   |F1       |
-----------|----------|----------|    Smoke  |0.7526   |0.7948   |0.6679   |0.7258   |
40.37      |27.77     |12.60     |    Fire   |0.9258   |0.8747   |0.8502   |0.8623   |

VAL Stats
Total Loss |Smoke Loss|Fire Loss |    _______|Accuracy |Precision|Recall   |F1       |
-----------|----------|----------|    Smoke  |0.7486   |0.8949   |0.5410   |0.6743   |
36.80      |26.09     |10.71     |    Fire   |0.9438   |0.9588   |0.8180   |0.8828   |


=== EPOCH 26/139 ===
Learning Rate = 0.001000

TRAIN Stats
Total Loss |Smoke Loss|Fire Loss |    _______|Accuracy |Precision|Recall   |F1       |
-----------|----------|----------|    Smoke  |0.7595   |0.7952   |0.6863   |0.7368   |
39.94      |27.28     |12.67     |    Fire   |0.9233   |0.8684   |0.8481   |0.8581   |

VAL Stats
Total Loss |Smoke Loss|Fire Loss |    _______|Accuracy |Precision|Recall   |F1       |
-----------|----------|----------|    Smoke  |0.7208   |0.9032   |0.4702   |0.6184   |
40.54      |27.68     |12.86     |    Fire   |0.9326   |0.9746   |0.7595   |0.8537   |


=== EPOCH 27/139 ===
Learning Rate = 0.000800

TRAIN Stats
Total Loss |Smoke Loss|Fire Loss |    _______|Accuracy |Precision|Recall   |F1       |
-----------|----------|----------|    Smoke  |0.7682   |0.8014   |0.7011   |0.7479   |
39.10      |27.00     |12.10     |    Fire   |0.9288   |0.8796   |0.8570   |0.8682   |

VAL Stats
Total Loss |Smoke Loss|Fire Loss |    _______|Accuracy |Precision|Recall   |F1       |
-----------|----------|----------|    Smoke  |0.7586   |0.8859   |0.5720   |0.6951   |
34.84      |25.31     |9.53      |    Fire   |0.9513   |0.9483   |0.8586   |0.9012   |

Saving model with new best validation loss: 34.841

=== EPOCH 28/139 ===
Learning Rate = 0.000800

TRAIN Stats
Total Loss |Smoke Loss|Fire Loss |    _______|Accuracy |Precision|Recall   |F1       |
-----------|----------|----------|    Smoke  |0.7747   |0.8069   |0.7106   |0.7557   |
38.32      |26.36     |11.96     |    Fire   |0.9272   |0.8731   |0.8585   |0.8657   |

VAL Stats
Total Loss |Smoke Loss|Fire Loss |    _______|Accuracy |Precision|Recall   |F1       |
-----------|----------|----------|    Smoke  |0.7556   |0.8773   |0.5720   |0.6925   |
35.55      |25.30     |10.25     |    Fire   |0.9492   |0.9433   |0.8550   |0.8970   |


=== EPOCH 29/139 ===
Learning Rate = 0.000800

TRAIN Stats
Total Loss |Smoke Loss|Fire Loss |    _______|Accuracy |Precision|Recall   |F1       |
-----------|----------|----------|    Smoke  |0.7733   |0.8047   |0.7100   |0.7544   |
38.40      |26.38     |12.02     |    Fire   |0.9293   |0.8801   |0.8583   |0.8691   |

VAL Stats
Total Loss |Smoke Loss|Fire Loss |    _______|Accuracy |Precision|Recall   |F1       |
-----------|----------|----------|    Smoke  |0.8228   |0.8312   |0.7925   |0.8114   |
33.06      |22.73     |10.33     |    Fire   |0.9478   |0.9448   |0.8477   |0.8936   |

Saving model with new best validation loss: 33.057

=== EPOCH 30/139 ===
Learning Rate = 0.000800

TRAIN Stats
Total Loss |Smoke Loss|Fire Loss |    _______|Accuracy |Precision|Recall   |F1       |
-----------|----------|----------|    Smoke  |0.7752   |0.8038   |0.7163   |0.7575   |
37.71      |26.13     |11.57     |    Fire   |0.9311   |0.8822   |0.8629   |0.8725   |

VAL Stats
Total Loss |Smoke Loss|Fire Loss |    _______|Accuracy |Precision|Recall   |F1       |
-----------|----------|----------|    Smoke  |0.8102   |0.8769   |0.7043   |0.7812   |
31.43      |22.33     |9.10      |    Fire   |0.9508   |0.9174   |0.8901   |0.9035   |

Saving model with new best validation loss: 31.432

=== EPOCH 31/139 ===
Learning Rate = 0.000800

TRAIN Stats
Total Loss |Smoke Loss|Fire Loss |    _______|Accuracy |Precision|Recall   |F1       |
-----------|----------|----------|    Smoke  |0.7747   |0.8033   |0.7159   |0.7571   |
37.78      |26.16     |11.61     |    Fire   |0.9330   |0.8872   |0.8646   |0.8758   |

VAL Stats
Total Loss |Smoke Loss|Fire Loss |    _______|Accuracy |Precision|Recall   |F1       |
-----------|----------|----------|    Smoke  |0.8083   |0.8722   |0.7048   |0.7796   |
32.82      |22.38     |10.43     |    Fire   |0.9436   |0.9578   |0.8180   |0.8824   |


=== EPOCH 32/139 ===
Learning Rate = 0.000800

TRAIN Stats
Total Loss |Smoke Loss|Fire Loss |    _______|Accuracy |Precision|Recall   |F1       |
-----------|----------|----------|    Smoke  |0.7776   |0.8039   |0.7227   |0.7612   |
37.55      |25.80     |11.75     |    Fire   |0.9319   |0.8839   |0.8642   |0.8740   |

VAL Stats
Total Loss |Smoke Loss|Fire Loss |    _______|Accuracy |Precision|Recall   |F1       |
-----------|----------|----------|    Smoke  |0.8239   |0.8767   |0.7378   |0.8013   |
30.57      |21.80     |8.78      |    Fire   |0.9527   |0.9307   |0.8829   |0.9061   |

Saving model with new best validation loss: 30.572

=== EPOCH 33/139 ===
Learning Rate = 0.000800

TRAIN Stats
Total Loss |Smoke Loss|Fire Loss |    _______|Accuracy |Precision|Recall   |F1       |
-----------|----------|----------|    Smoke  |0.7913   |0.8178   |0.7390   |0.7764   |
36.80      |25.18     |11.62     |    Fire   |0.9329   |0.8847   |0.8674   |0.8760   |

VAL Stats
Total Loss |Smoke Loss|Fire Loss |    _______|Accuracy |Precision|Recall   |F1       |
-----------|----------|----------|    Smoke  |0.7927   |0.9099   |0.6316   |0.7456   |
32.99      |23.42     |9.57      |    Fire   |0.9482   |0.9387   |0.8559   |0.8954   |


=== EPOCH 34/139 ===
Learning Rate = 0.000800

TRAIN Stats
Total Loss |Smoke Loss|Fire Loss |    _______|Accuracy |Precision|Recall   |F1       |
-----------|----------|----------|    Smoke  |0.7877   |0.8120   |0.7378   |0.7731   |
36.48      |25.11     |11.37     |    Fire   |0.9333   |0.8839   |0.8702   |0.8770   |

VAL Stats
Total Loss |Smoke Loss|Fire Loss |    _______|Accuracy |Precision|Recall   |F1       |
-----------|----------|----------|    Smoke  |0.8232   |0.8910   |0.7208   |0.7969   |
29.83      |21.37     |8.46      |    Fire   |0.9543   |0.9208   |0.9009   |0.9107   |

Saving model with new best validation loss: 29.831

=== EPOCH 35/139 ===
Learning Rate = 0.000800

TRAIN Stats
Total Loss |Smoke Loss|Fire Loss |    _______|Accuracy |Precision|Recall   |F1       |
-----------|----------|----------|    Smoke  |0.7921   |0.8144   |0.7462   |0.7788   |
36.32      |24.85     |11.47     |    Fire   |0.9336   |0.8867   |0.8680   |0.8773   |

VAL Stats
Total Loss |Smoke Loss|Fire Loss |    _______|Accuracy |Precision|Recall   |F1       |
-----------|----------|----------|    Smoke  |0.7955   |0.8841   |0.6617   |0.7569   |
32.76      |23.14     |9.63      |    Fire   |0.9501   |0.9489   |0.8532   |0.8985   |


=== EPOCH 36/139 ===
Learning Rate = 0.000800

TRAIN Stats
Total Loss |Smoke Loss|Fire Loss |    _______|Accuracy |Precision|Recall   |F1       |
-----------|----------|----------|    Smoke  |0.7936   |0.8178   |0.7452   |0.7798   |
35.85      |24.78     |11.07     |    Fire   |0.9346   |0.8873   |0.8715   |0.8793   |

VAL Stats
Total Loss |Smoke Loss|Fire Loss |    _______|Accuracy |Precision|Recall   |F1       |
-----------|----------|----------|    Smoke  |0.8484   |0.8640   |0.8129   |0.8377   |
29.56      |20.55     |9.01      |    Fire   |0.9527   |0.9495   |0.8631   |0.9042   |

Saving model with new best validation loss: 29.562

=== EPOCH 37/139 ===
Learning Rate = 0.000800

TRAIN Stats
Total Loss |Smoke Loss|Fire Loss |    _______|Accuracy |Precision|Recall   |F1       |
-----------|----------|----------|    Smoke  |0.7923   |0.8156   |0.7450   |0.7787   |
36.04      |24.64     |11.40     |    Fire   |0.9331   |0.8850   |0.8682   |0.8765   |

VAL Stats
Total Loss |Smoke Loss|Fire Loss |    _______|Accuracy |Precision|Recall   |F1       |
-----------|----------|----------|    Smoke  |0.8442   |0.8355   |0.8420   |0.8387   |
29.98      |20.89     |9.09      |    Fire   |0.9485   |0.8889   |0.9153   |0.9019   |


=== EPOCH 38/139 ===
Learning Rate = 0.000800

TRAIN Stats
Total Loss |Smoke Loss|Fire Loss |    _______|Accuracy |Precision|Recall   |F1       |
-----------|----------|----------|    Smoke  |0.7952   |0.8175   |0.7496   |0.7821   |
35.35      |24.42     |10.93     |    Fire   |0.9354   |0.8874   |0.8744   |0.8808   |

VAL Stats
Total Loss |Smoke Loss|Fire Loss |    _______|Accuracy |Precision|Recall   |F1       |
-----------|----------|----------|    Smoke  |0.8470   |0.8478   |0.8313   |0.8395   |
29.24      |20.35     |8.89      |    Fire   |0.9576   |0.9496   |0.8829   |0.9150   |

Saving model with new best validation loss: 29.244

=== EPOCH 39/139 ===
Learning Rate = 0.000800

TRAIN Stats
Total Loss |Smoke Loss|Fire Loss |    _______|Accuracy |Precision|Recall   |F1       |
-----------|----------|----------|    Smoke  |0.8045   |0.8270   |0.7605   |0.7923   |
35.16      |24.04     |11.12     |    Fire   |0.9358   |0.8929   |0.8695   |0.8810   |

VAL Stats
Total Loss |Smoke Loss|Fire Loss |    _______|Accuracy |Precision|Recall   |F1       |
-----------|----------|----------|    Smoke  |0.8370   |0.8879   |0.7567   |0.8171   |
31.15      |20.72     |10.42     |    Fire   |0.9405   |0.9592   |0.8045   |0.8751   |


=== EPOCH 40/139 ===
Learning Rate = 0.000800

TRAIN Stats
Total Loss |Smoke Loss|Fire Loss |    _______|Accuracy |Precision|Recall   |F1       |
-----------|----------|----------|    Smoke  |0.8001   |0.8234   |0.7539   |0.7871   |
34.93      |24.16     |10.77     |    Fire   |0.9355   |0.8922   |0.8691   |0.8805   |

VAL Stats
Total Loss |Smoke Loss|Fire Loss |    _______|Accuracy |Precision|Recall   |F1       |
-----------|----------|----------|    Smoke  |0.8237   |0.9046   |0.7082   |0.7945   |
30.39      |21.23     |9.17      |    Fire   |0.9529   |0.9425   |0.8712   |0.9054   |


=== EPOCH 41/139 ===
Learning Rate = 0.000800

TRAIN Stats
Total Loss |Smoke Loss|Fire Loss |    _______|Accuracy |Precision|Recall   |F1       |
-----------|----------|----------|    Smoke  |0.7984   |0.8222   |0.7515   |0.7852   |
35.14      |24.25     |10.89     |    Fire   |0.9347   |0.8892   |0.8695   |0.8792   |

VAL Stats
Total Loss |Smoke Loss|Fire Loss |    _______|Accuracy |Precision|Recall   |F1       |
-----------|----------|----------|    Smoke  |0.8239   |0.7639   |0.9176   |0.8337   |
31.82      |23.21     |8.61      |    Fire   |0.9529   |0.9235   |0.8919   |0.9074   |


=== EPOCH 42/139 ===
Learning Rate = 0.000640

TRAIN Stats
Total Loss |Smoke Loss|Fire Loss |    _______|Accuracy |Precision|Recall   |F1       |
-----------|----------|----------|    Smoke  |0.8106   |0.8328   |0.7678   |0.7990   |
33.90      |23.43     |10.47     |    Fire   |0.9392   |0.8970   |0.8787   |0.8877   |

VAL Stats
Total Loss |Smoke Loss|Fire Loss |    _______|Accuracy |Precision|Recall   |F1       |
-----------|----------|----------|    Smoke  |0.8363   |0.8996   |0.7426   |0.8136   |
28.58      |19.99     |8.59      |    Fire   |0.9562   |0.9520   |0.8748   |0.9117   |

Saving model with new best validation loss: 28.581

=== EPOCH 43/139 ===
Learning Rate = 0.000640

TRAIN Stats
Total Loss |Smoke Loss|Fire Loss |    _______|Accuracy |Precision|Recall   |F1       |
-----------|----------|----------|    Smoke  |0.8137   |0.8332   |0.7753   |0.8032   |
33.35      |23.02     |10.33     |    Fire   |0.9409   |0.9002   |0.8816   |0.8908   |

VAL Stats
Total Loss |Smoke Loss|Fire Loss |    _______|Accuracy |Precision|Recall   |F1       |
-----------|----------|----------|    Smoke  |0.8505   |0.8770   |0.8017   |0.8377   |
28.93      |19.17     |9.76      |    Fire   |0.9501   |0.9609   |0.8414   |0.8972   |


=== EPOCH 44/139 ===
Learning Rate = 0.000640

TRAIN Stats
Total Loss |Smoke Loss|Fire Loss |    _______|Accuracy |Precision|Recall   |F1       |
-----------|----------|----------|    Smoke  |0.8130   |0.8334   |0.7732   |0.8022   |
33.20      |22.99     |10.21     |    Fire   |0.9388   |0.8968   |0.8772   |0.8869   |

VAL Stats
Total Loss |Smoke Loss|Fire Loss |    _______|Accuracy |Precision|Recall   |F1       |
-----------|----------|----------|    Smoke  |0.8356   |0.9046   |0.7358   |0.8115   |
28.70      |20.54     |8.16      |    Fire   |0.9592   |0.9448   |0.8946   |0.9190   |


=== EPOCH 45/139 ===
Learning Rate = 0.000640

TRAIN Stats
Total Loss |Smoke Loss|Fire Loss |    _______|Accuracy |Precision|Recall   |F1       |
-----------|----------|----------|    Smoke  |0.8144   |0.8367   |0.7724   |0.8032   |
33.43      |22.85     |10.57     |    Fire   |0.9392   |0.8969   |0.8785   |0.8876   |

VAL Stats
Total Loss |Smoke Loss|Fire Loss |    _______|Accuracy |Precision|Recall   |F1       |
-----------|----------|----------|    Smoke  |0.8368   |0.8955   |0.7479   |0.8151   |
28.36      |20.20     |8.16      |    Fire   |0.9576   |0.9505   |0.8820   |0.9150   |

Saving model with new best validation loss: 28.362

=== EPOCH 46/139 ===
Learning Rate = 0.000640

TRAIN Stats
Total Loss |Smoke Loss|Fire Loss |    _______|Accuracy |Precision|Recall   |F1       |
-----------|----------|----------|    Smoke  |0.8208   |0.8437   |0.7786   |0.8099   |
32.60      |22.61     |9.99      |    Fire   |0.9396   |0.8956   |0.8819   |0.8887   |

VAL Stats
Total Loss |Smoke Loss|Fire Loss |    _______|Accuracy |Precision|Recall   |F1       |
-----------|----------|----------|    Smoke  |0.8717   |0.8717   |0.8599   |0.8658   |
26.47      |18.21     |8.26      |    Fire   |0.9583   |0.9577   |0.8775   |0.9158   |

Saving model with new best validation loss: 26.469

=== EPOCH 47/139 ===
Learning Rate = 0.000640

TRAIN Stats
Total Loss |Smoke Loss|Fire Loss |    _______|Accuracy |Precision|Recall   |F1       |
-----------|----------|----------|    Smoke  |0.8184   |0.8368   |0.7822   |0.8086   |
32.79      |22.45     |10.34     |    Fire   |0.9394   |0.8949   |0.8816   |0.8882   |

VAL Stats
Total Loss |Smoke Loss|Fire Loss |    _______|Accuracy |Precision|Recall   |F1       |
-----------|----------|----------|    Smoke  |0.8594   |0.8879   |0.8100   |0.8471   |
26.77      |18.26     |8.50      |    Fire   |0.9562   |0.9555   |0.8712   |0.9114   |


=== EPOCH 48/139 ===
Learning Rate = 0.000640

TRAIN Stats
Total Loss |Smoke Loss|Fire Loss |    _______|Accuracy |Precision|Recall   |F1       |
-----------|----------|----------|    Smoke  |0.8204   |0.8385   |0.7849   |0.8108   |
32.25      |22.20     |10.04     |    Fire   |0.9422   |0.8998   |0.8874   |0.8935   |

VAL Stats
Total Loss |Smoke Loss|Fire Loss |    _______|Accuracy |Precision|Recall   |F1       |
-----------|----------|----------|    Smoke  |0.8489   |0.9140   |0.7571   |0.8282   |
27.64      |19.61     |8.02      |    Fire   |0.9611   |0.9478   |0.8991   |0.9228   |


=== EPOCH 49/139 ===
Learning Rate = 0.000640

TRAIN Stats
Total Loss |Smoke Loss|Fire Loss |    _______|Accuracy |Precision|Recall   |F1       |
-----------|----------|----------|    Smoke  |0.8174   |0.8371   |0.7793   |0.8072   |
32.61      |22.43     |10.18     |    Fire   |0.9412   |0.8966   |0.8869   |0.8918   |

VAL Stats
Total Loss |Smoke Loss|Fire Loss |    _______|Accuracy |Precision|Recall   |F1       |
-----------|----------|----------|    Smoke  |0.8696   |0.8354   |0.9079   |0.8702   |
27.11      |18.85     |8.26      |    Fire   |0.9545   |0.9155   |0.9081   |0.9118   |


=== EPOCH 50/139 ===
Learning Rate = 0.000512

TRAIN Stats
Total Loss |Smoke Loss|Fire Loss |    _______|Accuracy |Precision|Recall   |F1       |
-----------|----------|----------|    Smoke  |0.8245   |0.8390   |0.7945   |0.8161   |
31.83      |21.94     |9.89      |    Fire   |0.9439   |0.9008   |0.8931   |0.8969   |

VAL Stats
Total Loss |Smoke Loss|Fire Loss |    _______|Accuracy |Precision|Recall   |F1       |
-----------|----------|----------|    Smoke  |0.8741   |0.8713   |0.8662   |0.8687   |
25.69      |17.71     |7.98      |    Fire   |0.9592   |0.9325   |0.9081   |0.9201   |

Saving model with new best validation loss: 25.685

=== EPOCH 51/139 ===
Learning Rate = 0.000512

TRAIN Stats
Total Loss |Smoke Loss|Fire Loss |    _______|Accuracy |Precision|Recall   |F1       |
-----------|----------|----------|    Smoke  |0.8262   |0.8452   |0.7903   |0.8168   |
31.50      |21.69     |9.81      |    Fire   |0.9427   |0.9012   |0.8878   |0.8944   |

VAL Stats
Total Loss |Smoke Loss|Fire Loss |    _______|Accuracy |Precision|Recall   |F1       |
-----------|----------|----------|    Smoke  |0.8433   |0.9018   |0.7567   |0.8229   |
28.18      |18.94     |9.24      |    Fire   |0.9527   |0.9680   |0.8450   |0.9024   |


=== EPOCH 52/139 ===
Learning Rate = 0.000512

TRAIN Stats
Total Loss |Smoke Loss|Fire Loss |    _______|Accuracy |Precision|Recall   |F1       |
-----------|----------|----------|    Smoke  |0.8289   |0.8474   |0.7940   |0.8198   |
31.25      |21.55     |9.70      |    Fire   |0.9429   |0.9028   |0.8865   |0.8946   |

VAL Stats
Total Loss |Smoke Loss|Fire Loss |    _______|Accuracy |Precision|Recall   |F1       |
-----------|----------|----------|    Smoke  |0.8687   |0.8918   |0.8274   |0.8584   |
25.22      |17.47     |7.74      |    Fire   |0.9611   |0.9538   |0.8928   |0.9223   |

Saving model with new best validation loss: 25.215

=== EPOCH 53/139 ===
Learning Rate = 0.000512

TRAIN Stats
Total Loss |Smoke Loss|Fire Loss |    _______|Accuracy |Precision|Recall   |F1       |
-----------|----------|----------|    Smoke  |0.8256   |0.8402   |0.7955   |0.8173   |
31.21      |21.80     |9.41      |    Fire   |0.9453   |0.9063   |0.8921   |0.8991   |

VAL Stats
Total Loss |Smoke Loss|Fire Loss |    _______|Accuracy |Precision|Recall   |F1       |
-----------|----------|----------|    Smoke  |0.8489   |0.9008   |0.7707   |0.8307   |
27.24      |18.60     |8.64      |    Fire   |0.9578   |0.9567   |0.8766   |0.9149   |


=== EPOCH 54/139 ===
Learning Rate = 0.000512

TRAIN Stats
Total Loss |Smoke Loss|Fire Loss |    _______|Accuracy |Precision|Recall   |F1       |
-----------|----------|----------|    Smoke  |0.8319   |0.8496   |0.7985   |0.8233   |
30.78      |21.23     |9.55      |    Fire   |0.9454   |0.9072   |0.8914   |0.8993   |

VAL Stats
Total Loss |Smoke Loss|Fire Loss |    _______|Accuracy |Precision|Recall   |F1       |
-----------|----------|----------|    Smoke  |0.8664   |0.9045   |0.8076   |0.8533   |
26.08      |17.67     |8.41      |    Fire   |0.9545   |0.9543   |0.8658   |0.9079   |


=== EPOCH 55/139 ===
Learning Rate = 0.000512

TRAIN Stats
Total Loss |Smoke Loss|Fire Loss |    _______|Accuracy |Precision|Recall   |F1       |
-----------|----------|----------|    Smoke  |0.8316   |0.8488   |0.7987   |0.8230   |
30.62      |21.03     |9.59      |    Fire   |0.9416   |0.8999   |0.8846   |0.8922   |

VAL Stats
Total Loss |Smoke Loss|Fire Loss |    _______|Accuracy |Precision|Recall   |F1       |
-----------|----------|----------|    Smoke  |0.8808   |0.8884   |0.8604   |0.8742   |
24.78      |16.96     |7.82      |    Fire   |0.9606   |0.9555   |0.8892   |0.9211   |

Saving model with new best validation loss: 24.784

=== EPOCH 56/139 ===
Learning Rate = 0.000512

TRAIN Stats
Total Loss |Smoke Loss|Fire Loss |    _______|Accuracy |Precision|Recall   |F1       |
-----------|----------|----------|    Smoke  |0.8313   |0.8442   |0.8044   |0.8239   |
30.46      |20.98     |9.48      |    Fire   |0.9447   |0.9054   |0.8908   |0.8980   |

VAL Stats
Total Loss |Smoke Loss|Fire Loss |    _______|Accuracy |Precision|Recall   |F1       |
-----------|----------|----------|    Smoke  |0.8654   |0.8399   |0.8900   |0.8642   |
27.39      |19.08     |8.32      |    Fire   |0.9562   |0.9441   |0.8829   |0.9125   |


=== EPOCH 57/139 ===
Learning Rate = 0.000512

TRAIN Stats
Total Loss |Smoke Loss|Fire Loss |    _______|Accuracy |Precision|Recall   |F1       |
-----------|----------|----------|    Smoke  |0.8336   |0.8492   |0.8034   |0.8257   |
30.32      |21.14     |9.18      |    Fire   |0.9456   |0.9062   |0.8935   |0.8999   |

VAL Stats
Total Loss |Smoke Loss|Fire Loss |    _______|Accuracy |Precision|Recall   |F1       |
-----------|----------|----------|    Smoke  |0.8780   |0.8921   |0.8492   |0.8701   |
24.71      |17.06     |7.65      |    Fire   |0.9580   |0.9282   |0.9081   |0.9180   |

Saving model with new best validation loss: 24.708

=== EPOCH 58/139 ===
Learning Rate = 0.000512

TRAIN Stats
Total Loss |Smoke Loss|Fire Loss |    _______|Accuracy |Precision|Recall   |F1       |
-----------|----------|----------|    Smoke  |0.8338   |0.8497   |0.8031   |0.8258   |
30.60      |21.03     |9.57      |    Fire   |0.9442   |0.9021   |0.8929   |0.8975   |

VAL Stats
Total Loss |Smoke Loss|Fire Loss |    _______|Accuracy |Precision|Recall   |F1       |
-----------|----------|----------|    Smoke  |0.8764   |0.8819   |0.8580   |0.8698   |
24.46      |16.70     |7.75      |    Fire   |0.9592   |0.9285   |0.9126   |0.9205   |

Saving model with new best validation loss: 24.459

=== EPOCH 59/139 ===
Learning Rate = 0.000512

TRAIN Stats
Total Loss |Smoke Loss|Fire Loss |    _______|Accuracy |Precision|Recall   |F1       |
-----------|----------|----------|    Smoke  |0.8400   |0.8536   |0.8133   |0.8330   |
30.09      |20.33     |9.76      |    Fire   |0.9431   |0.9026   |0.8878   |0.8951   |

VAL Stats
Total Loss |Smoke Loss|Fire Loss |    _______|Accuracy |Precision|Recall   |F1       |
-----------|----------|----------|    Smoke  |0.8876   |0.8954   |0.8677   |0.8813   |
24.28      |16.24     |8.03      |    Fire   |0.9587   |0.9481   |0.8892   |0.9177   |

Saving model with new best validation loss: 24.277

=== EPOCH 60/139 ===
Learning Rate = 0.000512

TRAIN Stats
Total Loss |Smoke Loss|Fire Loss |    _______|Accuracy |Precision|Recall   |F1       |
-----------|----------|----------|    Smoke  |0.8393   |0.8549   |0.8096   |0.8316   |
29.81      |20.71     |9.11      |    Fire   |0.9478   |0.9119   |0.8956   |0.9037   |

VAL Stats
Total Loss |Smoke Loss|Fire Loss |    _______|Accuracy |Precision|Recall   |F1       |
-----------|----------|----------|    Smoke  |0.8717   |0.8754   |0.8551   |0.8651   |
25.91      |17.05     |8.86      |    Fire   |0.9562   |0.9546   |0.8721   |0.9115   |


=== EPOCH 61/139 ===
Learning Rate = 0.000512

TRAIN Stats
Total Loss |Smoke Loss|Fire Loss |    _______|Accuracy |Precision|Recall   |F1       |
-----------|----------|----------|    Smoke  |0.8377   |0.8522   |0.8093   |0.8302   |
30.01      |20.62     |9.39      |    Fire   |0.9455   |0.9069   |0.8922   |0.8995   |

VAL Stats
Total Loss |Smoke Loss|Fire Loss |    _______|Accuracy |Precision|Recall   |F1       |
-----------|----------|----------|    Smoke  |0.8750   |0.8909   |0.8434   |0.8665   |
24.89      |16.78     |8.11      |    Fire   |0.9592   |0.9534   |0.8856   |0.9183   |


=== EPOCH 62/139 ===
Learning Rate = 0.000512

TRAIN Stats
Total Loss |Smoke Loss|Fire Loss |    _______|Accuracy |Precision|Recall   |F1       |
-----------|----------|----------|    Smoke  |0.8465   |0.8591   |0.8218   |0.8400   |
29.55      |20.28     |9.28      |    Fire   |0.9466   |0.9097   |0.8931   |0.9013   |

VAL Stats
Total Loss |Smoke Loss|Fire Loss |    _______|Accuracy |Precision|Recall   |F1       |
-----------|----------|----------|    Smoke  |0.8692   |0.8999   |0.8192   |0.8577   |
25.07      |17.15     |7.92      |    Fire   |0.9606   |0.9581   |0.8865   |0.9209   |


=== EPOCH 63/139 ===
Learning Rate = 0.000410

TRAIN Stats
Total Loss |Smoke Loss|Fire Loss |    _______|Accuracy |Precision|Recall   |F1       |
-----------|----------|----------|    Smoke  |0.8436   |0.8585   |0.8155   |0.8365   |
29.27      |19.98     |9.29      |    Fire   |0.9477   |0.9112   |0.8961   |0.9036   |

VAL Stats
Total Loss |Smoke Loss|Fire Loss |    _______|Accuracy |Precision|Recall   |F1       |
-----------|----------|----------|    Smoke  |0.8664   |0.8666   |0.8536   |0.8601   |
25.97      |17.90     |8.08      |    Fire   |0.9578   |0.9479   |0.8856   |0.9157   |


=== EPOCH 64/139 ===
Learning Rate = 0.000410

TRAIN Stats
Total Loss |Smoke Loss|Fire Loss |    _______|Accuracy |Precision|Recall   |F1       |
-----------|----------|----------|    Smoke  |0.8454   |0.8591   |0.8190   |0.8386   |
28.66      |19.92     |8.74      |    Fire   |0.9497   |0.9161   |0.8982   |0.9071   |

VAL Stats
Total Loss |Smoke Loss|Fire Loss |    _______|Accuracy |Precision|Recall   |F1       |
-----------|----------|----------|    Smoke  |0.8848   |0.8795   |0.8812   |0.8804   |
24.52      |16.59     |7.93      |    Fire   |0.9597   |0.9598   |0.8811   |0.9187   |


=== EPOCH 65/139 ===
Learning Rate = 0.000410

TRAIN Stats
Total Loss |Smoke Loss|Fire Loss |    _______|Accuracy |Precision|Recall   |F1       |
-----------|----------|----------|    Smoke  |0.8486   |0.8610   |0.8242   |0.8422   |
28.33      |19.53     |8.80      |    Fire   |0.9489   |0.9157   |0.8957   |0.9056   |

VAL Stats
Total Loss |Smoke Loss|Fire Loss |    _______|Accuracy |Precision|Recall   |F1       |
-----------|----------|----------|    Smoke  |0.8855   |0.8946   |0.8638   |0.8789   |
23.66      |16.04     |7.62      |    Fire   |0.9601   |0.9527   |0.8901   |0.9204   |

Saving model with new best validation loss: 23.663

=== EPOCH 66/139 ===
Learning Rate = 0.000410

TRAIN Stats
Total Loss |Smoke Loss|Fire Loss |    _______|Accuracy |Precision|Recall   |F1       |
-----------|----------|----------|    Smoke  |0.8504   |0.8631   |0.8259   |0.8441   |
28.36      |19.31     |9.04      |    Fire   |0.9475   |0.9090   |0.8977   |0.9033   |

VAL Stats
Total Loss |Smoke Loss|Fire Loss |    _______|Accuracy |Precision|Recall   |F1       |
-----------|----------|----------|    Smoke  |0.8829   |0.8980   |0.8536   |0.8752   |
23.97      |16.15     |7.82      |    Fire   |0.9597   |0.9544   |0.8865   |0.9192   |


=== EPOCH 67/139 ===
Learning Rate = 0.000410

TRAIN Stats
Total Loss |Smoke Loss|Fire Loss |    _______|Accuracy |Precision|Recall   |F1       |
-----------|----------|----------|    Smoke  |0.8479   |0.8592   |0.8249   |0.8417   |
28.68      |19.78     |8.90      |    Fire   |0.9472   |0.9087   |0.8969   |0.9028   |

VAL Stats
Total Loss |Smoke Loss|Fire Loss |    _______|Accuracy |Precision|Recall   |F1       |
-----------|----------|----------|    Smoke  |0.8717   |0.9109   |0.8129   |0.8591   |
24.92      |16.75     |8.17      |    Fire   |0.9585   |0.9632   |0.8730   |0.9159   |


=== EPOCH 68/139 ===
Learning Rate = 0.000410

TRAIN Stats
Total Loss |Smoke Loss|Fire Loss |    _______|Accuracy |Precision|Recall   |F1       |
-----------|----------|----------|    Smoke  |0.8498   |0.8618   |0.8261   |0.8436   |
28.24      |19.31     |8.94      |    Fire   |0.9481   |0.9121   |0.8967   |0.9043   |

VAL Stats
Total Loss |Smoke Loss|Fire Loss |    _______|Accuracy |Precision|Recall   |F1       |
-----------|----------|----------|    Smoke  |0.8808   |0.9213   |0.8226   |0.8691   |
24.57      |16.02     |8.55      |    Fire   |0.9576   |0.9744   |0.8586   |0.9128   |


=== EPOCH 69/139 ===
Learning Rate = 0.000328

TRAIN Stats
Total Loss |Smoke Loss|Fire Loss |    _______|Accuracy |Precision|Recall   |F1       |
-----------|----------|----------|    Smoke  |0.8519   |0.8645   |0.8278   |0.8457   |
28.15      |19.21     |8.94      |    Fire   |0.9485   |0.9120   |0.8982   |0.9050   |

VAL Stats
Total Loss |Smoke Loss|Fire Loss |    _______|Accuracy |Precision|Recall   |F1       |
-----------|----------|----------|    Smoke  |0.8811   |0.8980   |0.8492   |0.8729   |
23.78      |16.28     |7.50      |    Fire   |0.9578   |0.9204   |0.9162   |0.9183   |


=== EPOCH 70/139 ===
Learning Rate = 0.000328

TRAIN Stats
Total Loss |Smoke Loss|Fire Loss |    _______|Accuracy |Precision|Recall   |F1       |
-----------|----------|----------|    Smoke  |0.8539   |0.8656   |0.8310   |0.8480   |
27.37      |18.91     |8.47      |    Fire   |0.9506   |0.9173   |0.9003   |0.9087   |

VAL Stats
Total Loss |Smoke Loss|Fire Loss |    _______|Accuracy |Precision|Recall   |F1       |
-----------|----------|----------|    Smoke  |0.8825   |0.9028   |0.8468   |0.8739   |
23.90      |16.38     |7.53      |    Fire   |0.9615   |0.9470   |0.9018   |0.9239   |


=== EPOCH 71/139 ===
Learning Rate = 0.000328

TRAIN Stats
Total Loss |Smoke Loss|Fire Loss |    _______|Accuracy |Precision|Recall   |F1       |
-----------|----------|----------|    Smoke  |0.8535   |0.8653   |0.8304   |0.8475   |
27.39      |18.75     |8.64      |    Fire   |0.9502   |0.9145   |0.9020   |0.9082   |

VAL Stats
Total Loss |Smoke Loss|Fire Loss |    _______|Accuracy |Precision|Recall   |F1       |
-----------|----------|----------|    Smoke  |0.8972   |0.8847   |0.9040   |0.8943   |
22.59      |15.04     |7.56      |    Fire   |0.9608   |0.9452   |0.9009   |0.9225   |

Saving model with new best validation loss: 22.594

=== EPOCH 72/139 ===
Learning Rate = 0.000328

TRAIN Stats
Total Loss |Smoke Loss|Fire Loss |    _______|Accuracy |Precision|Recall   |F1       |
-----------|----------|----------|    Smoke  |0.8564   |0.8679   |0.8342   |0.8507   |
27.50      |18.75     |8.75      |    Fire   |0.9488   |0.9121   |0.8995   |0.9057   |

VAL Stats
Total Loss |Smoke Loss|Fire Loss |    _______|Accuracy |Precision|Recall   |F1       |
-----------|----------|----------|    Smoke  |0.9011   |0.9095   |0.8822   |0.8957   |
22.14      |14.74     |7.39      |    Fire   |0.9587   |0.9348   |0.9036   |0.9189   |

Saving model with new best validation loss: 22.138

=== EPOCH 73/139 ===
Learning Rate = 0.000328

TRAIN Stats
Total Loss |Smoke Loss|Fire Loss |    _______|Accuracy |Precision|Recall   |F1       |
-----------|----------|----------|    Smoke  |0.8524   |0.8630   |0.8308   |0.8466   |
27.49      |18.89     |8.60      |    Fire   |0.9503   |0.9124   |0.9052   |0.9088   |

VAL Stats
Total Loss |Smoke Loss|Fire Loss |    _______|Accuracy |Precision|Recall   |F1       |
-----------|----------|----------|    Smoke  |0.8815   |0.9182   |0.8274   |0.8705   |
25.15      |16.28     |8.87      |    Fire   |0.9555   |0.9723   |0.8523   |0.9083   |


=== EPOCH 74/139 ===
Learning Rate = 0.000328

TRAIN Stats
Total Loss |Smoke Loss|Fire Loss |    _______|Accuracy |Precision|Recall   |F1       |
-----------|----------|----------|    Smoke  |0.8566   |0.8680   |0.8344   |0.8509   |
27.20      |18.74     |8.46      |    Fire   |0.9518   |0.9198   |0.9023   |0.9110   |

VAL Stats
Total Loss |Smoke Loss|Fire Loss |    _______|Accuracy |Precision|Recall   |F1       |
-----------|----------|----------|    Smoke  |0.8993   |0.9092   |0.8783   |0.8935   |
22.28      |14.88     |7.40      |    Fire   |0.9606   |0.9590   |0.8856   |0.9208   |


=== EPOCH 75/139 ===
Learning Rate = 0.000328

TRAIN Stats
Total Loss |Smoke Loss|Fire Loss |    _______|Accuracy |Precision|Recall   |F1       |
-----------|----------|----------|    Smoke  |0.8597   |0.8714   |0.8374   |0.8541   |
27.15      |18.53     |8.62      |    Fire   |0.9502   |0.9150   |0.9014   |0.9082   |

VAL Stats
Total Loss |Smoke Loss|Fire Loss |    _______|Accuracy |Precision|Recall   |F1       |
-----------|----------|----------|    Smoke  |0.8904   |0.9066   |0.8609   |0.8831   |
22.79      |15.36     |7.43      |    Fire   |0.9604   |0.9401   |0.9045   |0.9219   |


=== EPOCH 76/139 ===
Learning Rate = 0.000262

TRAIN Stats
Total Loss |Smoke Loss|Fire Loss |    _______|Accuracy |Precision|Recall   |F1       |
-----------|----------|----------|    Smoke  |0.8625   |0.8737   |0.8411   |0.8571   |
26.71      |18.15     |8.56      |    Fire   |0.9518   |0.9182   |0.9044   |0.9112   |

VAL Stats
Total Loss |Smoke Loss|Fire Loss |    _______|Accuracy |Precision|Recall   |F1       |
-----------|----------|----------|    Smoke  |0.8885   |0.8976   |0.8672   |0.8821   |
23.45      |15.89     |7.56      |    Fire   |0.9590   |0.9439   |0.8946   |0.9186   |


=== EPOCH 77/139 ===
Learning Rate = 0.000262

TRAIN Stats
Total Loss |Smoke Loss|Fire Loss |    _______|Accuracy |Precision|Recall   |F1       |
-----------|----------|----------|    Smoke  |0.8650   |0.8745   |0.8461   |0.8601   |
26.36      |18.21     |8.16      |    Fire   |0.9536   |0.9224   |0.9065   |0.9144   |

VAL Stats
Total Loss |Smoke Loss|Fire Loss |    _______|Accuracy |Precision|Recall   |F1       |
-----------|----------|----------|    Smoke  |0.8967   |0.8796   |0.9098   |0.8944   |
22.48      |15.35     |7.13      |    Fire   |0.9629   |0.9407   |0.9144   |0.9274   |


=== EPOCH 78/139 ===
Learning Rate = 0.000262

TRAIN Stats
Total Loss |Smoke Loss|Fire Loss |    _______|Accuracy |Precision|Recall   |F1       |
-----------|----------|----------|    Smoke  |0.8603   |0.8706   |0.8400   |0.8550   |
26.79      |18.34     |8.45      |    Fire   |0.9521   |0.9208   |0.9022   |0.9114   |

VAL Stats
Total Loss |Smoke Loss|Fire Loss |    _______|Accuracy |Precision|Recall   |F1       |
-----------|----------|----------|    Smoke  |0.8895   |0.8844   |0.8861   |0.8852   |
23.22      |15.67     |7.55      |    Fire   |0.9618   |0.9412   |0.9090   |0.9248   |


=== EPOCH 79/139 ===
Learning Rate = 0.000210

TRAIN Stats
Total Loss |Smoke Loss|Fire Loss |    _______|Accuracy |Precision|Recall   |F1       |
-----------|----------|----------|    Smoke  |0.8662   |0.8754   |0.8478   |0.8613   |
25.83      |17.68     |8.15      |    Fire   |0.9546   |0.9250   |0.9073   |0.9161   |

VAL Stats
Total Loss |Smoke Loss|Fire Loss |    _______|Accuracy |Precision|Recall   |F1       |
-----------|----------|----------|    Smoke  |0.9000   |0.9001   |0.8909   |0.8955   |
21.91      |14.67     |7.25      |    Fire   |0.9620   |0.9429   |0.9081   |0.9252   |

Saving model with new best validation loss: 21.914

=== EPOCH 80/139 ===
Learning Rate = 0.000210

TRAIN Stats
Total Loss |Smoke Loss|Fire Loss |    _______|Accuracy |Precision|Recall   |F1       |
-----------|----------|----------|    Smoke  |0.8664   |0.8759   |0.8477   |0.8615   |
25.84      |17.72     |8.13      |    Fire   |0.9536   |0.9213   |0.9078   |0.9145   |

VAL Stats
Total Loss |Smoke Loss|Fire Loss |    _______|Accuracy |Precision|Recall   |F1       |
-----------|----------|----------|    Smoke  |0.8967   |0.9154   |0.8652   |0.8896   |
22.31      |14.99     |7.32      |    Fire   |0.9620   |0.9497   |0.9009   |0.9246   |


=== EPOCH 81/139 ===
Learning Rate = 0.000210

TRAIN Stats
Total Loss |Smoke Loss|Fire Loss |    _______|Accuracy |Precision|Recall   |F1       |
-----------|----------|----------|    Smoke  |0.8677   |0.8788   |0.8471   |0.8626   |
25.62      |17.65     |7.97      |    Fire   |0.9530   |0.9195   |0.9076   |0.9135   |

VAL Stats
Total Loss |Smoke Loss|Fire Loss |    _______|Accuracy |Precision|Recall   |F1       |
-----------|----------|----------|    Smoke  |0.8939   |0.8840   |0.8972   |0.8905   |
22.66      |15.15     |7.51      |    Fire   |0.9615   |0.9420   |0.9072   |0.9243   |


=== EPOCH 82/139 ===
Learning Rate = 0.000210

TRAIN Stats
Total Loss |Smoke Loss|Fire Loss |    _______|Accuracy |Precision|Recall   |F1       |
-----------|----------|----------|    Smoke  |0.8699   |0.8787   |0.8523   |0.8653   |
25.15      |17.42     |7.73      |    Fire   |0.9554   |0.9273   |0.9080   |0.9175   |

VAL Stats
Total Loss |Smoke Loss|Fire Loss |    _______|Accuracy |Precision|Recall   |F1       |
-----------|----------|----------|    Smoke  |0.8990   |0.8991   |0.8900   |0.8945   |
21.96      |14.68     |7.28      |    Fire   |0.9599   |0.9351   |0.9081   |0.9214   |


=== EPOCH 83/139 ===
Learning Rate = 0.000168

TRAIN Stats
Total Loss |Smoke Loss|Fire Loss |    _______|Accuracy |Precision|Recall   |F1       |
-----------|----------|----------|    Smoke  |0.8701   |0.8784   |0.8532   |0.8656   |
25.37      |17.49     |7.88      |    Fire   |0.9548   |0.9234   |0.9099   |0.9166   |

VAL Stats
Total Loss |Smoke Loss|Fire Loss |    _______|Accuracy |Precision|Recall   |F1       |
-----------|----------|----------|    Smoke  |0.8986   |0.9002   |0.8875   |0.8938   |
21.44      |14.44     |7.00      |    Fire   |0.9625   |0.9472   |0.9054   |0.9258   |

Saving model with new best validation loss: 21.444

=== EPOCH 84/139 ===
Learning Rate = 0.000168

TRAIN Stats
Total Loss |Smoke Loss|Fire Loss |    _______|Accuracy |Precision|Recall   |F1       |
-----------|----------|----------|    Smoke  |0.8705   |0.8791   |0.8533   |0.8660   |
25.39      |17.35     |8.04      |    Fire   |0.9547   |0.9232   |0.9099   |0.9165   |

VAL Stats
Total Loss |Smoke Loss|Fire Loss |    _______|Accuracy |Precision|Recall   |F1       |
-----------|----------|----------|    Smoke  |0.8958   |0.9118   |0.8672   |0.8889   |
22.24      |14.97     |7.27      |    Fire   |0.9625   |0.9593   |0.8928   |0.9249   |


=== EPOCH 85/139 ===
Learning Rate = 0.000168

TRAIN Stats
Total Loss |Smoke Loss|Fire Loss |    _______|Accuracy |Precision|Recall   |F1       |
-----------|----------|----------|    Smoke  |0.8712   |0.8810   |0.8524   |0.8665   |
25.33      |17.37     |7.96      |    Fire   |0.9543   |0.9222   |0.9095   |0.9158   |

VAL Stats
Total Loss |Smoke Loss|Fire Loss |    _______|Accuracy |Precision|Recall   |F1       |
-----------|----------|----------|    Smoke  |0.9049   |0.8927   |0.9118   |0.9022   |
21.46      |14.45     |7.01      |    Fire   |0.9629   |0.9432   |0.9117   |0.9272   |

Saving model with new best smoke precision: 0.893

=== EPOCH 86/139 ===
Learning Rate = 0.000168

TRAIN Stats
Total Loss |Smoke Loss|Fire Loss |    _______|Accuracy |Precision|Recall   |F1       |
-----------|----------|----------|    Smoke  |0.8710   |0.8810   |0.8519   |0.8662   |
24.79      |16.95     |7.84      |    Fire   |0.9557   |0.9281   |0.9084   |0.9182   |

VAL Stats
Total Loss |Smoke Loss|Fire Loss |    _______|Accuracy |Precision|Recall   |F1       |
-----------|----------|----------|    Smoke  |0.8888   |0.9196   |0.8425   |0.8793   |
22.81      |15.52     |7.30      |    Fire   |0.9629   |0.9568   |0.8973   |0.9261   |


=== EPOCH 87/139 ===
Learning Rate = 0.000134

TRAIN Stats
Total Loss |Smoke Loss|Fire Loss |    _______|Accuracy |Precision|Recall   |F1       |
-----------|----------|----------|    Smoke  |0.8770   |0.8855   |0.8605   |0.8728   |
24.36      |16.74     |7.62      |    Fire   |0.9579   |0.9280   |0.9173   |0.9226   |

VAL Stats
Total Loss |Smoke Loss|Fire Loss |    _______|Accuracy |Precision|Recall   |F1       |
-----------|----------|----------|    Smoke  |0.8909   |0.9059   |0.8628   |0.8838   |
22.19      |14.94     |7.25      |    Fire   |0.9622   |0.9558   |0.8955   |0.9247   |


=== EPOCH 88/139 ===
Learning Rate = 0.000134

TRAIN Stats
Total Loss |Smoke Loss|Fire Loss |    _______|Accuracy |Precision|Recall   |F1       |
-----------|----------|----------|    Smoke  |0.8716   |0.8827   |0.8513   |0.8667   |
24.97      |17.06     |7.90      |    Fire   |0.9572   |0.9243   |0.9188   |0.9216   |

VAL Stats
Total Loss |Smoke Loss|Fire Loss |    _______|Accuracy |Precision|Recall   |F1       |
-----------|----------|----------|    Smoke  |0.9009   |0.9103   |0.8808   |0.8953   |
21.67      |14.37     |7.30      |    Fire   |0.9641   |0.9552   |0.9036   |0.9287   |


=== EPOCH 89/139 ===
Learning Rate = 0.000134

TRAIN Stats
Total Loss |Smoke Loss|Fire Loss |    _______|Accuracy |Precision|Recall   |F1       |
-----------|----------|----------|    Smoke  |0.8774   |0.8835   |0.8640   |0.8736   |
24.72      |16.83     |7.89      |    Fire   |0.9542   |0.9216   |0.9097   |0.9156   |

VAL Stats
Total Loss |Smoke Loss|Fire Loss |    _______|Accuracy |Precision|Recall   |F1       |
-----------|----------|----------|    Smoke  |0.9074   |0.9067   |0.9001   |0.9034   |
21.72      |14.26     |7.46      |    Fire   |0.9627   |0.9603   |0.8928   |0.9253   |

Saving model with new best smoke precision: 0.907
Saving model with precision > 0.9 and recall > 0.9

=== EPOCH 90/139 ===
Learning Rate = 0.000107

TRAIN Stats
Total Loss |Smoke Loss|Fire Loss |    _______|Accuracy |Precision|Recall   |F1       |
-----------|----------|----------|    Smoke  |0.8747   |0.8824   |0.8588   |0.8704   |
24.70      |16.87     |7.84      |    Fire   |0.9552   |0.9237   |0.9114   |0.9175   |

VAL Stats
Total Loss |Smoke Loss|Fire Loss |    _______|Accuracy |Precision|Recall   |F1       |
-----------|----------|----------|    Smoke  |0.9030   |0.9132   |0.8822   |0.8974   |
20.94      |14.03     |6.91      |    Fire   |0.9657   |0.9513   |0.9144   |0.9325   |

Saving model with new best validation loss: 20.939

=== EPOCH 91/139 ===
Learning Rate = 0.000107

TRAIN Stats
Total Loss |Smoke Loss|Fire Loss |    _______|Accuracy |Precision|Recall   |F1       |
-----------|----------|----------|    Smoke  |0.8740   |0.8802   |0.8600   |0.8700   |
24.40      |16.67     |7.73      |    Fire   |0.9579   |0.9275   |0.9180   |0.9227   |

VAL Stats
Total Loss |Smoke Loss|Fire Loss |    _______|Accuracy |Precision|Recall   |F1       |
-----------|----------|----------|    Smoke  |0.9067   |0.9042   |0.9016   |0.9029   |
21.04      |13.97     |7.07      |    Fire   |0.9634   |0.9586   |0.8973   |0.9269   |

Saving model with precision > 0.9 and recall > 0.9

=== EPOCH 92/139 ===
Learning Rate = 0.000107

TRAIN Stats
Total Loss |Smoke Loss|Fire Loss |    _______|Accuracy |Precision|Recall   |F1       |
-----------|----------|----------|    Smoke  |0.8746   |0.8855   |0.8547   |0.8698   |
24.05      |16.46     |7.58      |    Fire   |0.9570   |0.9284   |0.9131   |0.9207   |

VAL Stats
Total Loss |Smoke Loss|Fire Loss |    _______|Accuracy |Precision|Recall   |F1       |
-----------|----------|----------|    Smoke  |0.9046   |0.9090   |0.8909   |0.8999   |
21.00      |14.10     |6.90      |    Fire   |0.9653   |0.9529   |0.9108   |0.9314   |


=== EPOCH 93/139 ===
Learning Rate = 0.000107

TRAIN Stats
Total Loss |Smoke Loss|Fire Loss |    _______|Accuracy |Precision|Recall   |F1       |
-----------|----------|----------|    Smoke  |0.8769   |0.8851   |0.8607   |0.8727   |
24.25      |16.66     |7.59      |    Fire   |0.9572   |0.9276   |0.9148   |0.9211   |

VAL Stats
Total Loss |Smoke Loss|Fire Loss |    _______|Accuracy |Precision|Recall   |F1       |
-----------|----------|----------|    Smoke  |0.9114   |0.9083   |0.9074   |0.9079   |
21.11      |13.89     |7.22      |    Fire   |0.9629   |0.9594   |0.8946   |0.9259   |

Saving model with new best smoke precision: 0.908
Saving model with precision > 0.9 and recall > 0.9

=== EPOCH 94/139 ===
Learning Rate = 0.000086

TRAIN Stats
Total Loss |Smoke Loss|Fire Loss |    _______|Accuracy |Precision|Recall   |F1       |
-----------|----------|----------|    Smoke  |0.8821   |0.8878   |0.8695   |0.8785   |
23.72      |16.18     |7.54      |    Fire   |0.9557   |0.9265   |0.9103   |0.9183   |

VAL Stats
Total Loss |Smoke Loss|Fire Loss |    _______|Accuracy |Precision|Recall   |F1       |
-----------|----------|----------|    Smoke  |0.9044   |0.9038   |0.8968   |0.9002   |
20.92      |14.07     |6.86      |    Fire   |0.9636   |0.9509   |0.9063   |0.9280   |

Saving model with new best validation loss: 20.924

=== EPOCH 95/139 ===
Learning Rate = 0.000086

TRAIN Stats
Total Loss |Smoke Loss|Fire Loss |    _______|Accuracy |Precision|Recall   |F1       |
-----------|----------|----------|    Smoke  |0.8792   |0.8871   |0.8637   |0.8752   |
24.12      |16.41     |7.71      |    Fire   |0.9568   |0.9277   |0.9131   |0.9203   |

VAL Stats
Total Loss |Smoke Loss|Fire Loss |    _______|Accuracy |Precision|Recall   |F1       |
-----------|----------|----------|    Smoke  |0.9046   |0.9054   |0.8953   |0.9003   |
21.17      |14.03     |7.14      |    Fire   |0.9613   |0.9538   |0.8937   |0.9228   |


=== EPOCH 96/139 ===
Learning Rate = 0.000086

TRAIN Stats
Total Loss |Smoke Loss|Fire Loss |    _______|Accuracy |Precision|Recall   |F1       |
-----------|----------|----------|    Smoke  |0.8770   |0.8848   |0.8613   |0.8729   |
23.66      |16.31     |7.35      |    Fire   |0.9569   |0.9242   |0.9175   |0.9209   |

VAL Stats
Total Loss |Smoke Loss|Fire Loss |    _______|Accuracy |Precision|Recall   |F1       |
-----------|----------|----------|    Smoke  |0.9056   |0.9060   |0.8968   |0.9013   |
21.20      |13.98     |7.22      |    Fire   |0.9601   |0.9519   |0.8910   |0.9204   |


=== EPOCH 97/139 ===
Learning Rate = 0.000086

TRAIN Stats
Total Loss |Smoke Loss|Fire Loss |    _______|Accuracy |Precision|Recall   |F1       |
-----------|----------|----------|    Smoke  |0.8829   |0.8915   |0.8666   |0.8789   |
23.23      |15.83     |7.40      |    Fire   |0.9570   |0.9294   |0.9120   |0.9206   |

VAL Stats
Total Loss |Smoke Loss|Fire Loss |    _______|Accuracy |Precision|Recall   |F1       |
-----------|----------|----------|    Smoke  |0.9069   |0.9047   |0.9016   |0.9031   |
20.72      |13.85     |6.87      |    Fire   |0.9650   |0.9554   |0.9072   |0.9307   |

Saving model with new best validation loss: 20.721
Saving model with precision > 0.9 and recall > 0.9

=== EPOCH 98/139 ===
Learning Rate = 0.000086

TRAIN Stats
Total Loss |Smoke Loss|Fire Loss |    _______|Accuracy |Precision|Recall   |F1       |
-----------|----------|----------|    Smoke  |0.8805   |0.8894   |0.8637   |0.8763   |
23.73      |16.14     |7.59      |    Fire   |0.9571   |0.9283   |0.9135   |0.9209   |

VAL Stats
Total Loss |Smoke Loss|Fire Loss |    _______|Accuracy |Precision|Recall   |F1       |
-----------|----------|----------|    Smoke  |0.9035   |0.9068   |0.8909   |0.8988   |
21.47      |14.05     |7.43      |    Fire   |0.9606   |0.9590   |0.8856   |0.9208   |


=== EPOCH 99/139 ===
Learning Rate = 0.000086

TRAIN Stats
Total Loss |Smoke Loss|Fire Loss |    _______|Accuracy |Precision|Recall   |F1       |
-----------|----------|----------|    Smoke  |0.8817   |0.8882   |0.8679   |0.8779   |
23.90      |16.13     |7.78      |    Fire   |0.9546   |0.9220   |0.9112   |0.9165   |

VAL Stats
Total Loss |Smoke Loss|Fire Loss |    _______|Accuracy |Precision|Recall   |F1       |
-----------|----------|----------|    Smoke  |0.9039   |0.9142   |0.8832   |0.8984   |
21.23      |14.00     |7.22      |    Fire   |0.9620   |0.9593   |0.8910   |0.9239   |


=== EPOCH 100/139 ===
Learning Rate = 0.000086

TRAIN Stats
Total Loss |Smoke Loss|Fire Loss |    _______|Accuracy |Precision|Recall   |F1       |
-----------|----------|----------|    Smoke  |0.8826   |0.8917   |0.8655   |0.8784   |
23.64      |16.08     |7.56      |    Fire   |0.9565   |0.9272   |0.9125   |0.9198   |

VAL Stats
Total Loss |Smoke Loss|Fire Loss |    _______|Accuracy |Precision|Recall   |F1       |
-----------|----------|----------|    Smoke  |0.9062   |0.9142   |0.8885   |0.9012   |
21.17      |14.03     |7.15      |    Fire   |0.9643   |0.9579   |0.9018   |0.9290   |

Saving model with new best smoke precision: 0.914

=== EPOCH 101/139 ===
Learning Rate = 0.000069

TRAIN Stats
Total Loss |Smoke Loss|Fire Loss |    _______|Accuracy |Precision|Recall   |F1       |
-----------|----------|----------|    Smoke  |0.8842   |0.8904   |0.8710   |0.8806   |
23.29      |15.82     |7.47      |    Fire   |0.9566   |0.9238   |0.9167   |0.9202   |

VAL Stats
Total Loss |Smoke Loss|Fire Loss |    _______|Accuracy |Precision|Recall   |F1       |
-----------|----------|----------|    Smoke  |0.9107   |0.9094   |0.9045   |0.9069   |
20.54      |13.36     |7.18      |    Fire   |0.9625   |0.9620   |0.8901   |0.9247   |

Saving model with new best validation loss: 20.542
Saving model with precision > 0.9 and recall > 0.9

=== EPOCH 102/139 ===
Learning Rate = 0.000069

TRAIN Stats
Total Loss |Smoke Loss|Fire Loss |    _______|Accuracy |Precision|Recall   |F1       |
-----------|----------|----------|    Smoke  |0.8803   |0.8871   |0.8660   |0.8765   |
23.52      |16.17     |7.35      |    Fire   |0.9575   |0.9283   |0.9154   |0.9218   |

VAL Stats
Total Loss |Smoke Loss|Fire Loss |    _______|Accuracy |Precision|Recall   |F1       |
-----------|----------|----------|    Smoke  |0.9090   |0.9071   |0.9035   |0.9053   |
21.05      |13.83     |7.22      |    Fire   |0.9601   |0.9554   |0.8874   |0.9201   |

Saving model with precision > 0.9 and recall > 0.9

=== EPOCH 103/139 ===
Learning Rate = 0.000069

TRAIN Stats
Total Loss |Smoke Loss|Fire Loss |    _______|Accuracy |Precision|Recall   |F1       |
-----------|----------|----------|    Smoke  |0.8798   |0.8904   |0.8609   |0.8754   |
23.47      |16.17     |7.30      |    Fire   |0.9583   |0.9301   |0.9163   |0.9232   |

VAL Stats
Total Loss |Smoke Loss|Fire Loss |    _______|Accuracy |Precision|Recall   |F1       |
-----------|----------|----------|    Smoke  |0.9067   |0.9090   |0.8958   |0.9023   |
21.07      |13.85     |7.22      |    Fire   |0.9620   |0.9557   |0.8946   |0.9242   |


=== EPOCH 104/139 ===
Learning Rate = 0.000069

TRAIN Stats
Total Loss |Smoke Loss|Fire Loss |    _______|Accuracy |Precision|Recall   |F1       |
-----------|----------|----------|    Smoke  |0.8840   |0.8884   |0.8731   |0.8807   |
23.11      |15.79     |7.32      |    Fire   |0.9586   |0.9282   |0.9199   |0.9240   |

VAL Stats
Total Loss |Smoke Loss|Fire Loss |    _______|Accuracy |Precision|Recall   |F1       |
-----------|----------|----------|    Smoke  |0.9097   |0.9088   |0.9031   |0.9059   |
20.56      |13.56     |7.00      |    Fire   |0.9629   |0.9585   |0.8955   |0.9259   |

Saving model with precision > 0.9 and recall > 0.9

=== EPOCH 105/139 ===
Learning Rate = 0.000055

TRAIN Stats
Total Loss |Smoke Loss|Fire Loss |    _______|Accuracy |Precision|Recall   |F1       |
-----------|----------|----------|    Smoke  |0.8828   |0.8895   |0.8690   |0.8791   |
22.98      |15.72     |7.27      |    Fire   |0.9579   |0.9292   |0.9158   |0.9225   |

VAL Stats
Total Loss |Smoke Loss|Fire Loss |    _______|Accuracy |Precision|Recall   |F1       |
-----------|----------|----------|    Smoke  |0.9079   |0.9084   |0.8992   |0.9038   |
21.08      |13.82     |7.26      |    Fire   |0.9636   |0.9640   |0.8928   |0.9270   |


=== EPOCH 106/139 ===
Learning Rate = 0.000055

TRAIN Stats
Total Loss |Smoke Loss|Fire Loss |    _______|Accuracy |Precision|Recall   |F1       |
-----------|----------|----------|    Smoke  |0.8806   |0.8915   |0.8614   |0.8762   |
23.51      |16.07     |7.45      |    Fire   |0.9551   |0.9268   |0.9073   |0.9170   |

VAL Stats
Total Loss |Smoke Loss|Fire Loss |    _______|Accuracy |Precision|Recall   |F1       |
-----------|----------|----------|    Smoke  |0.9074   |0.9079   |0.8987   |0.9033   |
20.92      |13.54     |7.38      |    Fire   |0.9608   |0.9636   |0.8820   |0.9210   |


=== EPOCH 107/139 ===
Learning Rate = 0.000055

TRAIN Stats
Total Loss |Smoke Loss|Fire Loss |    _______|Accuracy |Precision|Recall   |F1       |
-----------|----------|----------|    Smoke  |0.8817   |0.8891   |0.8670   |0.8779   |
23.07      |15.88     |7.18      |    Fire   |0.9577   |0.9279   |0.9165   |0.9222   |

VAL Stats
Total Loss |Smoke Loss|Fire Loss |    _______|Accuracy |Precision|Recall   |F1       |
-----------|----------|----------|    Smoke  |0.9093   |0.9075   |0.9035   |0.9055   |
20.76      |13.51     |7.25      |    Fire   |0.9613   |0.9600   |0.8874   |0.9223   |

Saving model with precision > 0.9 and recall > 0.9

=== EPOCH 108/139 ===
Learning Rate = 0.000044

TRAIN Stats
Total Loss |Smoke Loss|Fire Loss |    _______|Accuracy |Precision|Recall   |F1       |
-----------|----------|----------|    Smoke  |0.8838   |0.8921   |0.8679   |0.8799   |
23.19      |15.81     |7.38      |    Fire   |0.9570   |0.9287   |0.9129   |0.9207   |

VAL Stats
Total Loss |Smoke Loss|Fire Loss |    _______|Accuracy |Precision|Recall   |F1       |
-----------|----------|----------|    Smoke  |0.9083   |0.9081   |0.9006   |0.9044   |
20.41      |13.54     |6.87      |    Fire   |0.9636   |0.9458   |0.9117   |0.9284   |

Saving model with new best validation loss: 20.405
Saving model with precision > 0.9 and recall > 0.9

=== EPOCH 109/139 ===
Learning Rate = 0.000044

TRAIN Stats
Total Loss |Smoke Loss|Fire Loss |    _______|Accuracy |Precision|Recall   |F1       |
-----------|----------|----------|    Smoke  |0.8818   |0.8900   |0.8660   |0.8778   |
23.40      |16.02     |7.38      |    Fire   |0.9586   |0.9291   |0.9186   |0.9238   |

VAL Stats
Total Loss |Smoke Loss|Fire Loss |    _______|Accuracy |Precision|Recall   |F1       |
-----------|----------|----------|    Smoke  |0.9067   |0.9054   |0.9001   |0.9028   |
20.78      |13.72     |7.06      |    Fire   |0.9622   |0.9540   |0.8973   |0.9248   |

Saving model with precision > 0.9 and recall > 0.9

=== EPOCH 110/139 ===
Learning Rate = 0.000044

TRAIN Stats
Total Loss |Smoke Loss|Fire Loss |    _______|Accuracy |Precision|Recall   |F1       |
-----------|----------|----------|    Smoke  |0.8819   |0.8904   |0.8658   |0.8779   |
23.26      |16.02     |7.24      |    Fire   |0.9562   |0.9281   |0.9103   |0.9191   |

VAL Stats
Total Loss |Smoke Loss|Fire Loss |    _______|Accuracy |Precision|Recall   |F1       |
-----------|----------|----------|    Smoke  |0.9065   |0.9022   |0.9035   |0.9029   |
20.80      |13.73     |7.07      |    Fire   |0.9622   |0.9506   |0.9009   |0.9251   |

Saving model with precision > 0.9 and recall > 0.9

=== EPOCH 111/139 ===
Learning Rate = 0.000044

TRAIN Stats
Total Loss |Smoke Loss|Fire Loss |    _______|Accuracy |Precision|Recall   |F1       |
-----------|----------|----------|    Smoke  |0.8835   |0.8910   |0.8686   |0.8797   |
23.21      |15.79     |7.41      |    Fire   |0.9560   |0.9242   |0.9142   |0.9191   |

VAL Stats
Total Loss |Smoke Loss|Fire Loss |    _______|Accuracy |Precision|Recall   |F1       |
-----------|----------|----------|    Smoke  |0.9072   |0.9136   |0.8914   |0.9024   |
20.97      |13.69     |7.28      |    Fire   |0.9620   |0.9584   |0.8919   |0.9239   |


=== EPOCH 112/139 ===
Learning Rate = 0.000035

TRAIN Stats
Total Loss |Smoke Loss|Fire Loss |    _______|Accuracy |Precision|Recall   |F1       |
-----------|----------|----------|    Smoke  |0.8860   |0.8930   |0.8719   |0.8823   |
22.90      |15.68     |7.21      |    Fire   |0.9579   |0.9283   |0.9167   |0.9225   |

VAL Stats
Total Loss |Smoke Loss|Fire Loss |    _______|Accuracy |Precision|Recall   |F1       |
-----------|----------|----------|    Smoke  |0.9051   |0.9047   |0.8972   |0.9009   |
21.00      |13.83     |7.17      |    Fire   |0.9625   |0.9558   |0.8964   |0.9252   |


=== EPOCH 113/139 ===
Learning Rate = 0.000035

TRAIN Stats
Total Loss |Smoke Loss|Fire Loss |    _______|Accuracy |Precision|Recall   |F1       |
-----------|----------|----------|    Smoke  |0.8820   |0.8899   |0.8666   |0.8781   |
23.07      |15.89     |7.17      |    Fire   |0.9591   |0.9329   |0.9163   |0.9245   |

VAL Stats
Total Loss |Smoke Loss|Fire Loss |    _______|Accuracy |Precision|Recall   |F1       |
-----------|----------|----------|    Smoke  |0.9100   |0.9133   |0.8982   |0.9057   |
20.60      |13.41     |7.20      |    Fire   |0.9625   |0.9611   |0.8910   |0.9247   |


=== EPOCH 114/139 ===
Learning Rate = 0.000035

TRAIN Stats
Total Loss |Smoke Loss|Fire Loss |    _______|Accuracy |Precision|Recall   |F1       |
-----------|----------|----------|    Smoke  |0.8847   |0.8927   |0.8693   |0.8809   |
22.98      |15.87     |7.11      |    Fire   |0.9580   |0.9291   |0.9163   |0.9226   |

VAL Stats
Total Loss |Smoke Loss|Fire Loss |    _______|Accuracy |Precision|Recall   |F1       |
-----------|----------|----------|    Smoke  |0.9093   |0.9087   |0.9021   |0.9054   |
20.46      |13.42     |7.04      |    Fire   |0.9620   |0.9522   |0.8982   |0.9244   |

Saving model with precision > 0.9 and recall > 0.9

=== EPOCH 115/139 ===
Learning Rate = 0.000028

TRAIN Stats
Total Loss |Smoke Loss|Fire Loss |    _______|Accuracy |Precision|Recall   |F1       |
-----------|----------|----------|    Smoke  |0.8867   |0.8918   |0.8751   |0.8834   |
22.85      |15.58     |7.27      |    Fire   |0.9582   |0.9323   |0.9133   |0.9227   |

VAL Stats
Total Loss |Smoke Loss|Fire Loss |    _______|Accuracy |Precision|Recall   |F1       |
-----------|----------|----------|    Smoke  |0.9081   |0.9085   |0.8997   |0.9040   |
20.45      |13.51     |6.95      |    Fire   |0.9632   |0.9474   |0.9081   |0.9273   |


=== EPOCH 116/139 ===
Learning Rate = 0.000028

TRAIN Stats
Total Loss |Smoke Loss|Fire Loss |    _______|Accuracy |Precision|Recall   |F1       |
-----------|----------|----------|    Smoke  |0.8850   |0.8922   |0.8706   |0.8813   |
22.77      |15.59     |7.18      |    Fire   |0.9583   |0.9284   |0.9182   |0.9233   |

VAL Stats
Total Loss |Smoke Loss|Fire Loss |    _______|Accuracy |Precision|Recall   |F1       |
-----------|----------|----------|    Smoke  |0.9121   |0.9112   |0.9055   |0.9083   |
20.35      |13.32     |7.04      |    Fire   |0.9634   |0.9560   |0.9000   |0.9271   |

Saving model with new best validation loss: 20.352
Saving model with precision > 0.9 and recall > 0.9

=== EPOCH 117/139 ===
Learning Rate = 0.000028

TRAIN Stats
Total Loss |Smoke Loss|Fire Loss |    _______|Accuracy |Precision|Recall   |F1       |
-----------|----------|----------|    Smoke  |0.8826   |0.8900   |0.8677   |0.8787   |
22.99      |15.91     |7.09      |    Fire   |0.9590   |0.9340   |0.9146   |0.9242   |

VAL Stats
Total Loss |Smoke Loss|Fire Loss |    _______|Accuracy |Precision|Recall   |F1       |
-----------|----------|----------|    Smoke  |0.9100   |0.9153   |0.8958   |0.9054   |
20.74      |13.55     |7.19      |    Fire   |0.9625   |0.9567   |0.8955   |0.9251   |

Saving model with new best smoke precision: 0.915

=== EPOCH 118/139 ===
Learning Rate = 0.000028

TRAIN Stats
Total Loss |Smoke Loss|Fire Loss |    _______|Accuracy |Precision|Recall   |F1       |
-----------|----------|----------|    Smoke  |0.8868   |0.8927   |0.8742   |0.8834   |
22.58      |15.44     |7.14      |    Fire   |0.9592   |0.9296   |0.9203   |0.9249   |

VAL Stats
Total Loss |Smoke Loss|Fire Loss |    _______|Accuracy |Precision|Recall   |F1       |
-----------|----------|----------|    Smoke  |0.9121   |0.9076   |0.9098   |0.9087   |
20.21      |13.33     |6.88      |    Fire   |0.9648   |0.9536   |0.9081   |0.9303   |

Saving model with new best validation loss: 20.208
Saving model with precision > 0.9 and recall > 0.9

=== EPOCH 119/139 ===
Learning Rate = 0.000028

TRAIN Stats
Total Loss |Smoke Loss|Fire Loss |    _______|Accuracy |Precision|Recall   |F1       |
-----------|----------|----------|    Smoke  |0.8826   |0.8901   |0.8677   |0.8788   |
22.84      |15.78     |7.06      |    Fire   |0.9592   |0.9337   |0.9158   |0.9247   |

VAL Stats
Total Loss |Smoke Loss|Fire Loss |    _______|Accuracy |Precision|Recall   |F1       |
-----------|----------|----------|    Smoke  |0.9097   |0.9124   |0.8987   |0.9055   |
20.88      |13.59     |7.28      |    Fire   |0.9632   |0.9603   |0.8946   |0.9263   |


=== EPOCH 120/139 ===
Learning Rate = 0.000028

TRAIN Stats
Total Loss |Smoke Loss|Fire Loss |    _______|Accuracy |Precision|Recall   |F1       |
-----------|----------|----------|    Smoke  |0.8845   |0.8921   |0.8696   |0.8807   |
23.15      |15.69     |7.47      |    Fire   |0.9559   |0.9269   |0.9103   |0.9185   |

VAL Stats
Total Loss |Smoke Loss|Fire Loss |    _______|Accuracy |Precision|Recall   |F1       |
-----------|----------|----------|    Smoke  |0.9130   |0.9082   |0.9113   |0.9098   |
20.47      |13.52     |6.95      |    Fire   |0.9641   |0.9476   |0.9117   |0.9293   |

Saving model with precision > 0.9 and recall > 0.9

=== EPOCH 121/139 ===
Learning Rate = 0.000028

TRAIN Stats
Total Loss |Smoke Loss|Fire Loss |    _______|Accuracy |Precision|Recall   |F1       |
-----------|----------|----------|    Smoke  |0.8863   |0.8941   |0.8712   |0.8825   |
22.56      |15.53     |7.03      |    Fire   |0.9597   |0.9329   |0.9188   |0.9258   |

VAL Stats
Total Loss |Smoke Loss|Fire Loss |    _______|Accuracy |Precision|Recall   |F1       |
-----------|----------|----------|    Smoke  |0.9053   |0.9079   |0.8938   |0.9008   |
20.33      |13.45     |6.88      |    Fire   |0.9636   |0.9500   |0.9072   |0.9281   |


=== EPOCH 122/139 ===
Learning Rate = 0.000023

TRAIN Stats
Total Loss |Smoke Loss|Fire Loss |    _______|Accuracy |Precision|Recall   |F1       |
-----------|----------|----------|    Smoke  |0.8858   |0.8903   |0.8749   |0.8825   |
22.75      |15.40     |7.35      |    Fire   |0.9585   |0.9324   |0.9144   |0.9233   |

VAL Stats
Total Loss |Smoke Loss|Fire Loss |    _______|Accuracy |Precision|Recall   |F1       |
-----------|----------|----------|    Smoke  |0.9097   |0.9128   |0.8982   |0.9054   |
20.52      |13.53     |6.99      |    Fire   |0.9634   |0.9551   |0.9009   |0.9272   |


=== EPOCH 123/139 ===
Learning Rate = 0.000023

TRAIN Stats
Total Loss |Smoke Loss|Fire Loss |    _______|Accuracy |Precision|Recall   |F1       |
-----------|----------|----------|    Smoke  |0.8838   |0.8933   |0.8666   |0.8797   |
22.81      |15.93     |6.89      |    Fire   |0.9595   |0.9304   |0.9205   |0.9254   |

VAL Stats
Total Loss |Smoke Loss|Fire Loss |    _______|Accuracy |Precision|Recall   |F1       |
-----------|----------|----------|    Smoke  |0.9083   |0.9130   |0.8948   |0.9038   |
20.79      |13.51     |7.28      |    Fire   |0.9608   |0.9591   |0.8865   |0.9213   |


=== EPOCH 124/139 ===
Learning Rate = 0.000023

TRAIN Stats
Total Loss |Smoke Loss|Fire Loss |    _______|Accuracy |Precision|Recall   |F1       |
-----------|----------|----------|    Smoke  |0.8837   |0.8926   |0.8672   |0.8797   |
22.75      |15.51     |7.24      |    Fire   |0.9572   |0.9269   |0.9156   |0.9212   |

VAL Stats
Total Loss |Smoke Loss|Fire Loss |    _______|Accuracy |Precision|Recall   |F1       |
-----------|----------|----------|    Smoke  |0.9081   |0.9137   |0.8934   |0.9034   |
20.73      |13.49     |7.24      |    Fire   |0.9613   |0.9609   |0.8865   |0.9222   |


=== EPOCH 125/139 ===
Learning Rate = 0.000018

TRAIN Stats
Total Loss |Smoke Loss|Fire Loss |    _______|Accuracy |Precision|Recall   |F1       |
-----------|----------|----------|    Smoke  |0.8863   |0.8935   |0.8719   |0.8826   |
22.59      |15.64     |6.94      |    Fire   |0.9602   |0.9326   |0.9207   |0.9266   |

VAL Stats
Total Loss |Smoke Loss|Fire Loss |    _______|Accuracy |Precision|Recall   |F1       |
-----------|----------|----------|    Smoke  |0.9095   |0.9160   |0.8938   |0.9048   |
20.52      |13.54     |6.97      |    Fire   |0.9639   |0.9543   |0.9036   |0.9283   |

Saving model with new best smoke precision: 0.916

=== EPOCH 126/139 ===
Learning Rate = 0.000018

TRAIN Stats
Total Loss |Smoke Loss|Fire Loss |    _______|Accuracy |Precision|Recall   |F1       |
-----------|----------|----------|    Smoke  |0.8862   |0.8938   |0.8715   |0.8825   |
22.48      |15.22     |7.26      |    Fire   |0.9579   |0.9289   |0.9163   |0.9226   |

VAL Stats
Total Loss |Smoke Loss|Fire Loss |    _______|Accuracy |Precision|Recall   |F1       |
-----------|----------|----------|    Smoke  |0.9109   |0.9126   |0.9011   |0.9068   |
21.04      |13.55     |7.49      |    Fire   |0.9597   |0.9643   |0.8766   |0.9184   |

Saving model with precision > 0.9 and recall > 0.9

=== EPOCH 127/139 ===
Learning Rate = 0.000018

TRAIN Stats
Total Loss |Smoke Loss|Fire Loss |    _______|Accuracy |Precision|Recall   |F1       |
-----------|----------|----------|    Smoke  |0.8841   |0.8910   |0.8702   |0.8805   |
22.80      |15.64     |7.17      |    Fire   |0.9593   |0.9319   |0.9184   |0.9251   |

VAL Stats
Total Loss |Smoke Loss|Fire Loss |    _______|Accuracy |Precision|Recall   |F1       |
-----------|----------|----------|    Smoke  |0.9114   |0.9111   |0.9040   |0.9075   |
20.21      |13.26     |6.96      |    Fire   |0.9636   |0.9543   |0.9027   |0.9278   |

Saving model with precision > 0.9 and recall > 0.9

=== EPOCH 128/139 ===
Learning Rate = 0.000014

TRAIN Stats
Total Loss |Smoke Loss|Fire Loss |    _______|Accuracy |Precision|Recall   |F1       |
-----------|----------|----------|    Smoke  |0.8847   |0.8920   |0.8702   |0.8810   |
22.43      |15.52     |6.91      |    Fire   |0.9593   |0.9330   |0.9171   |0.9250   |

VAL Stats
Total Loss |Smoke Loss|Fire Loss |    _______|Accuracy |Precision|Recall   |F1       |
-----------|----------|----------|    Smoke  |0.9109   |0.9098   |0.9045   |0.9071   |
20.47      |13.38     |7.09      |    Fire   |0.9625   |0.9541   |0.8982   |0.9253   |

Saving model with precision > 0.9 and recall > 0.9

=== EPOCH 129/139 ===
Learning Rate = 0.000014

TRAIN Stats
Total Loss |Smoke Loss|Fire Loss |    _______|Accuracy |Precision|Recall   |F1       |
-----------|----------|----------|    Smoke  |0.8890   |0.8950   |0.8765   |0.8856   |
22.12      |15.07     |7.05      |    Fire   |0.9588   |0.9312   |0.9171   |0.9241   |

VAL Stats
Total Loss |Smoke Loss|Fire Loss |    _______|Accuracy |Precision|Recall   |F1       |
-----------|----------|----------|    Smoke  |0.9097   |0.9092   |0.9026   |0.9059   |
20.42      |13.44     |6.98      |    Fire   |0.9632   |0.9491   |0.9063   |0.9272   |

Saving model with precision > 0.9 and recall > 0.9

=== EPOCH 130/139 ===
Learning Rate = 0.000014

TRAIN Stats
Total Loss |Smoke Loss|Fire Loss |    _______|Accuracy |Precision|Recall   |F1       |
-----------|----------|----------|    Smoke  |0.8880   |0.8956   |0.8734   |0.8844   |
22.66      |15.46     |7.20      |    Fire   |0.9597   |0.9318   |0.9199   |0.9258   |

VAL Stats
Total Loss |Smoke Loss|Fire Loss |    _______|Accuracy |Precision|Recall   |F1       |
-----------|----------|----------|    Smoke  |0.9081   |0.9133   |0.8938   |0.9035   |
20.67      |13.53     |7.14      |    Fire   |0.9622   |0.9549   |0.8964   |0.9247   |


=== EPOCH 131/139 ===
Learning Rate = 0.000012

TRAIN Stats
Total Loss |Smoke Loss|Fire Loss |    _______|Accuracy |Precision|Recall   |F1       |
-----------|----------|----------|    Smoke  |0.8875   |0.8933   |0.8751   |0.8842   |
22.60      |15.61     |6.99      |    Fire   |0.9605   |0.9370   |0.9171   |0.9270   |

VAL Stats
Total Loss |Smoke Loss|Fire Loss |    _______|Accuracy |Precision|Recall   |F1       |
-----------|----------|----------|    Smoke  |0.9093   |0.9099   |0.9006   |0.9052   |
20.71      |13.51     |7.20      |    Fire   |0.9608   |0.9573   |0.8883   |0.9215   |

Saving model with precision > 0.9 and recall > 0.9

=== EPOCH 132/139 ===
Learning Rate = 0.000012

TRAIN Stats
Total Loss |Smoke Loss|Fire Loss |    _______|Accuracy |Precision|Recall   |F1       |
-----------|----------|----------|    Smoke  |0.8837   |0.8928   |0.8669   |0.8797   |
22.91      |15.59     |7.32      |    Fire   |0.9578   |0.9261   |0.9190   |0.9226   |

VAL Stats
Total Loss |Smoke Loss|Fire Loss |    _______|Accuracy |Precision|Recall   |F1       |
-----------|----------|----------|    Smoke  |0.9081   |0.9105   |0.8972   |0.9038   |
20.46      |13.42     |7.04      |    Fire   |0.9634   |0.9534   |0.9027   |0.9273   |


=== EPOCH 133/139 ===
Learning Rate = 0.000012

TRAIN Stats
Total Loss |Smoke Loss|Fire Loss |    _______|Accuracy |Precision|Recall   |F1       |
-----------|----------|----------|    Smoke  |0.8879   |0.8944   |0.8747   |0.8844   |
22.46      |15.42     |7.04      |    Fire   |0.9600   |0.9326   |0.9203   |0.9264   |

VAL Stats
Total Loss |Smoke Loss|Fire Loss |    _______|Accuracy |Precision|Recall   |F1       |
-----------|----------|----------|    Smoke  |0.9090   |0.9139   |0.8953   |0.9045   |
20.93      |13.68     |7.25      |    Fire   |0.9613   |0.9574   |0.8901   |0.9225   |


=== EPOCH 134/139 ===
Learning Rate = 0.000009

TRAIN Stats
Total Loss |Smoke Loss|Fire Loss |    _______|Accuracy |Precision|Recall   |F1       |
-----------|----------|----------|    Smoke  |0.8862   |0.8949   |0.8700   |0.8823   |
22.83      |15.76     |7.07      |    Fire   |0.9594   |0.9357   |0.9144   |0.9249   |

VAL Stats
Total Loss |Smoke Loss|Fire Loss |    _______|Accuracy |Precision|Recall   |F1       |
-----------|----------|----------|    Smoke  |0.9065   |0.9134   |0.8900   |0.9015   |
20.61      |13.52     |7.09      |    Fire   |0.9632   |0.9568   |0.8982   |0.9266   |


=== EPOCH 135/139 ===
Learning Rate = 0.000009

TRAIN Stats
Total Loss |Smoke Loss|Fire Loss |    _______|Accuracy |Precision|Recall   |F1       |
-----------|----------|----------|    Smoke  |0.8885   |0.8981   |0.8716   |0.8846   |
22.71      |15.43     |7.28      |    Fire   |0.9576   |0.9301   |0.9135   |0.9217   |

VAL Stats
Total Loss |Smoke Loss|Fire Loss |    _______|Accuracy |Precision|Recall   |F1       |
-----------|----------|----------|    Smoke  |0.9100   |0.9100   |0.9021   |0.9060   |
20.39      |13.43     |6.96      |    Fire   |0.9629   |0.9533   |0.9009   |0.9264   |

Saving model with precision > 0.9 and recall > 0.9

=== EPOCH 136/139 ===
Learning Rate = 0.000009

TRAIN Stats
Total Loss |Smoke Loss|Fire Loss |    _______|Accuracy |Precision|Recall   |F1       |
-----------|----------|----------|    Smoke  |0.8908   |0.8968   |0.8783   |0.8875   |
22.48      |15.31     |7.16      |    Fire   |0.9583   |0.9286   |0.9180   |0.9233   |

VAL Stats
Total Loss |Smoke Loss|Fire Loss |    _______|Accuracy |Precision|Recall   |F1       |
-----------|----------|----------|    Smoke  |0.9104   |0.9121   |0.9006   |0.9063   |
20.38      |13.30     |7.08      |    Fire   |0.9629   |0.9559   |0.8982   |0.9261   |

Saving model with precision > 0.9 and recall > 0.9

=== EPOCH 137/139 ===
Learning Rate = 0.000007

TRAIN Stats
Total Loss |Smoke Loss|Fire Loss |    _______|Accuracy |Precision|Recall   |F1       |
-----------|----------|----------|    Smoke  |0.8867   |0.8924   |0.8745   |0.8833   |
22.42      |15.44     |6.98      |    Fire   |0.9595   |0.9353   |0.9150   |0.9250   |

VAL Stats
Total Loss |Smoke Loss|Fire Loss |    _______|Accuracy |Precision|Recall   |F1       |
-----------|----------|----------|    Smoke  |0.9088   |0.9122   |0.8968   |0.9044   |
20.50      |13.41     |7.09      |    Fire   |0.9620   |0.9540   |0.8964   |0.9243   |


=== EPOCH 138/139 ===
Learning Rate = 0.000007

TRAIN Stats
Total Loss |Smoke Loss|Fire Loss |    _______|Accuracy |Precision|Recall   |F1       |
-----------|----------|----------|    Smoke  |0.8867   |0.8926   |0.8741   |0.8832   |
22.64      |15.55     |7.09      |    Fire   |0.9592   |0.9322   |0.9173   |0.9247   |

VAL Stats
Total Loss |Smoke Loss|Fire Loss |    _______|Accuracy |Precision|Recall   |F1       |
-----------|----------|----------|    Smoke  |0.9076   |0.9116   |0.8948   |0.9031   |
20.42      |13.42     |7.00      |    Fire   |0.9627   |0.9541   |0.8991   |0.9258   |


=== EPOCH 139/139 ===
Learning Rate = 0.000007

TRAIN Stats
Total Loss |Smoke Loss|Fire Loss |    _______|Accuracy |Precision|Recall   |F1       |
-----------|----------|----------|    Smoke  |0.8870   |0.8935   |0.8737   |0.8835   |
22.54      |15.23     |7.31      |    Fire   |0.9575   |0.9282   |0.9154   |0.9218   |

VAL Stats
Total Loss |Smoke Loss|Fire Loss |    _______|Accuracy |Precision|Recall   |F1       |
-----------|----------|----------|    Smoke  |0.9107   |0.9118   |0.9016   |0.9067   |
20.53      |13.44     |7.09      |    Fire   |0.9620   |0.9549   |0.8955   |0.9242   |

Saving model with precision > 0.9 and recall > 0.9
Saving last model

***Script finished: 17:30:32

Time elapsed: 0:56:38.643379
