Shuffle Net Classifier. First Test.
DFire Removed wrong images: 0
DFire empty images: 31
DFire only smoke images: 17
DFire only fire images: 2
DFire smoke and fire images: 14
Using SHUFFLE Classifier
Model Pretrained has 1024 in features in last layer
Model shape is tensor([[-0.2117,  0.2204],
        [-0.2125,  0.2199],
        [-0.2134,  0.2284],
        [-0.2157,  0.2211]], device='cuda:0', grad_fn=<CatBackward0>)
BED Model Arquitecture
PRETRAINED_SHUFFLE(
  (base_model): Sequential(
    (0): Sequential(
      (0): Conv2d(3, 24, kernel_size=(3, 3), stride=(2, 2), padding=(1, 1), bias=False)
      (1): BatchNorm2d(24, eps=1e-05, momentum=0.1, affine=True, track_running_stats=True)
      (2): ReLU(inplace=True)
    )
    (1): MaxPool2d(kernel_size=3, stride=2, padding=1, dilation=1, ceil_mode=False)
    (2): Sequential(
      (0): InvertedResidual(
        (branch1): Sequential(
          (0): Conv2d(24, 24, kernel_size=(3, 3), stride=(2, 2), padding=(1, 1), groups=24, bias=False)
          (1): BatchNorm2d(24, eps=1e-05, momentum=0.1, affine=True, track_running_stats=True)
          (2): Conv2d(24, 24, kernel_size=(1, 1), stride=(1, 1), bias=False)
          (3): BatchNorm2d(24, eps=1e-05, momentum=0.1, affine=True, track_running_stats=True)
          (4): ReLU(inplace=True)
        )
        (branch2): Sequential(
          (0): Conv2d(24, 24, kernel_size=(1, 1), stride=(1, 1), bias=False)
          (1): BatchNorm2d(24, eps=1e-05, momentum=0.1, affine=True, track_running_stats=True)
          (2): ReLU(inplace=True)
          (3): Conv2d(24, 24, kernel_size=(3, 3), stride=(2, 2), padding=(1, 1), groups=24, bias=False)
          (4): BatchNorm2d(24, eps=1e-05, momentum=0.1, affine=True, track_running_stats=True)
          (5): Conv2d(24, 24, kernel_size=(1, 1), stride=(1, 1), bias=False)
          (6): BatchNorm2d(24, eps=1e-05, momentum=0.1, affine=True, track_running_stats=True)
          (7): ReLU(inplace=True)
        )
      )
      (1): InvertedResidual(
        (branch1): Sequential()
        (branch2): Sequential(
          (0): Conv2d(24, 24, kernel_size=(1, 1), stride=(1, 1), bias=False)
          (1): BatchNorm2d(24, eps=1e-05, momentum=0.1, affine=True, track_running_stats=True)
          (2): ReLU(inplace=True)
          (3): Conv2d(24, 24, kernel_size=(3, 3), stride=(1, 1), padding=(1, 1), groups=24, bias=False)
          (4): BatchNorm2d(24, eps=1e-05, momentum=0.1, affine=True, track_running_stats=True)
          (5): Conv2d(24, 24, kernel_size=(1, 1), stride=(1, 1), bias=False)
          (6): BatchNorm2d(24, eps=1e-05, momentum=0.1, affine=True, track_running_stats=True)
          (7): ReLU(inplace=True)
        )
      )
      (2): InvertedResidual(
        (branch1): Sequential()
        (branch2): Sequential(
          (0): Conv2d(24, 24, kernel_size=(1, 1), stride=(1, 1), bias=False)
          (1): BatchNorm2d(24, eps=1e-05, momentum=0.1, affine=True, track_running_stats=True)
          (2): ReLU(inplace=True)
          (3): Conv2d(24, 24, kernel_size=(3, 3), stride=(1, 1), padding=(1, 1), groups=24, bias=False)
          (4): BatchNorm2d(24, eps=1e-05, momentum=0.1, affine=True, track_running_stats=True)
          (5): Conv2d(24, 24, kernel_size=(1, 1), stride=(1, 1), bias=False)
          (6): BatchNorm2d(24, eps=1e-05, momentum=0.1, affine=True, track_running_stats=True)
          (7): ReLU(inplace=True)
        )
      )
      (3): InvertedResidual(
        (branch1): Sequential()
        (branch2): Sequential(
          (0): Conv2d(24, 24, kernel_size=(1, 1), stride=(1, 1), bias=False)
          (1): BatchNorm2d(24, eps=1e-05, momentum=0.1, affine=True, track_running_stats=True)
          (2): ReLU(inplace=True)
          (3): Conv2d(24, 24, kernel_size=(3, 3), stride=(1, 1), padding=(1, 1), groups=24, bias=False)
          (4): BatchNorm2d(24, eps=1e-05, momentum=0.1, affine=True, track_running_stats=True)
          (5): Conv2d(24, 24, kernel_size=(1, 1), stride=(1, 1), bias=False)
          (6): BatchNorm2d(24, eps=1e-05, momentum=0.1, affine=True, track_running_stats=True)
          (7): ReLU(inplace=True)
        )
      )
    )
    (3): Sequential(
      (0): InvertedResidual(
        (branch1): Sequential(
          (0): Conv2d(48, 48, kernel_size=(3, 3), stride=(2, 2), padding=(1, 1), groups=48, bias=False)
          (1): BatchNorm2d(48, eps=1e-05, momentum=0.1, affine=True, track_running_stats=True)
          (2): Conv2d(48, 48, kernel_size=(1, 1), stride=(1, 1), bias=False)
          (3): BatchNorm2d(48, eps=1e-05, momentum=0.1, affine=True, track_running_stats=True)
          (4): ReLU(inplace=True)
        )
        (branch2): Sequential(
          (0): Conv2d(48, 48, kernel_size=(1, 1), stride=(1, 1), bias=False)
          (1): BatchNorm2d(48, eps=1e-05, momentum=0.1, affine=True, track_running_stats=True)
          (2): ReLU(inplace=True)
          (3): Conv2d(48, 48, kernel_size=(3, 3), stride=(2, 2), padding=(1, 1), groups=48, bias=False)
          (4): BatchNorm2d(48, eps=1e-05, momentum=0.1, affine=True, track_running_stats=True)
          (5): Conv2d(48, 48, kernel_size=(1, 1), stride=(1, 1), bias=False)
          (6): BatchNorm2d(48, eps=1e-05, momentum=0.1, affine=True, track_running_stats=True)
          (7): ReLU(inplace=True)
        )
      )
      (1): InvertedResidual(
        (branch1): Sequential()
        (branch2): Sequential(
          (0): Conv2d(48, 48, kernel_size=(1, 1), stride=(1, 1), bias=False)
          (1): BatchNorm2d(48, eps=1e-05, momentum=0.1, affine=True, track_running_stats=True)
          (2): ReLU(inplace=True)
          (3): Conv2d(48, 48, kernel_size=(3, 3), stride=(1, 1), padding=(1, 1), groups=48, bias=False)
          (4): BatchNorm2d(48, eps=1e-05, momentum=0.1, affine=True, track_running_stats=True)
          (5): Conv2d(48, 48, kernel_size=(1, 1), stride=(1, 1), bias=False)
          (6): BatchNorm2d(48, eps=1e-05, momentum=0.1, affine=True, track_running_stats=True)
          (7): ReLU(inplace=True)
        )
      )
      (2): InvertedResidual(
        (branch1): Sequential()
        (branch2): Sequential(
          (0): Conv2d(48, 48, kernel_size=(1, 1), stride=(1, 1), bias=False)
          (1): BatchNorm2d(48, eps=1e-05, momentum=0.1, affine=True, track_running_stats=True)
          (2): ReLU(inplace=True)
          (3): Conv2d(48, 48, kernel_size=(3, 3), stride=(1, 1), padding=(1, 1), groups=48, bias=False)
          (4): BatchNorm2d(48, eps=1e-05, momentum=0.1, affine=True, track_running_stats=True)
          (5): Conv2d(48, 48, kernel_size=(1, 1), stride=(1, 1), bias=False)
          (6): BatchNorm2d(48, eps=1e-05, momentum=0.1, affine=True, track_running_stats=True)
          (7): ReLU(inplace=True)
        )
      )
      (3): InvertedResidual(
        (branch1): Sequential()
        (branch2): Sequential(
          (0): Conv2d(48, 48, kernel_size=(1, 1), stride=(1, 1), bias=False)
          (1): BatchNorm2d(48, eps=1e-05, momentum=0.1, affine=True, track_running_stats=True)
          (2): ReLU(inplace=True)
          (3): Conv2d(48, 48, kernel_size=(3, 3), stride=(1, 1), padding=(1, 1), groups=48, bias=False)
          (4): BatchNorm2d(48, eps=1e-05, momentum=0.1, affine=True, track_running_stats=True)
          (5): Conv2d(48, 48, kernel_size=(1, 1), stride=(1, 1), bias=False)
          (6): BatchNorm2d(48, eps=1e-05, momentum=0.1, affine=True, track_running_stats=True)
          (7): ReLU(inplace=True)
        )
      )
      (4): InvertedResidual(
        (branch1): Sequential()
        (branch2): Sequential(
          (0): Conv2d(48, 48, kernel_size=(1, 1), stride=(1, 1), bias=False)
          (1): BatchNorm2d(48, eps=1e-05, momentum=0.1, affine=True, track_running_stats=True)
          (2): ReLU(inplace=True)
          (3): Conv2d(48, 48, kernel_size=(3, 3), stride=(1, 1), padding=(1, 1), groups=48, bias=False)
          (4): BatchNorm2d(48, eps=1e-05, momentum=0.1, affine=True, track_running_stats=True)
          (5): Conv2d(48, 48, kernel_size=(1, 1), stride=(1, 1), bias=False)
          (6): BatchNorm2d(48, eps=1e-05, momentum=0.1, affine=True, track_running_stats=True)
          (7): ReLU(inplace=True)
        )
      )
      (5): InvertedResidual(
        (branch1): Sequential()
        (branch2): Sequential(
          (0): Conv2d(48, 48, kernel_size=(1, 1), stride=(1, 1), bias=False)
          (1): BatchNorm2d(48, eps=1e-05, momentum=0.1, affine=True, track_running_stats=True)
          (2): ReLU(inplace=True)
          (3): Conv2d(48, 48, kernel_size=(3, 3), stride=(1, 1), padding=(1, 1), groups=48, bias=False)
          (4): BatchNorm2d(48, eps=1e-05, momentum=0.1, affine=True, track_running_stats=True)
          (5): Conv2d(48, 48, kernel_size=(1, 1), stride=(1, 1), bias=False)
          (6): BatchNorm2d(48, eps=1e-05, momentum=0.1, affine=True, track_running_stats=True)
          (7): ReLU(inplace=True)
        )
      )
      (6): InvertedResidual(
        (branch1): Sequential()
        (branch2): Sequential(
          (0): Conv2d(48, 48, kernel_size=(1, 1), stride=(1, 1), bias=False)
          (1): BatchNorm2d(48, eps=1e-05, momentum=0.1, affine=True, track_running_stats=True)
          (2): ReLU(inplace=True)
          (3): Conv2d(48, 48, kernel_size=(3, 3), stride=(1, 1), padding=(1, 1), groups=48, bias=False)
          (4): BatchNorm2d(48, eps=1e-05, momentum=0.1, affine=True, track_running_stats=True)
          (5): Conv2d(48, 48, kernel_size=(1, 1), stride=(1, 1), bias=False)
          (6): BatchNorm2d(48, eps=1e-05, momentum=0.1, affine=True, track_running_stats=True)
          (7): ReLU(inplace=True)
        )
      )
      (7): InvertedResidual(
        (branch1): Sequential()
        (branch2): Sequential(
          (0): Conv2d(48, 48, kernel_size=(1, 1), stride=(1, 1), bias=False)
          (1): BatchNorm2d(48, eps=1e-05, momentum=0.1, affine=True, track_running_stats=True)
          (2): ReLU(inplace=True)
          (3): Conv2d(48, 48, kernel_size=(3, 3), stride=(1, 1), padding=(1, 1), groups=48, bias=False)
          (4): BatchNorm2d(48, eps=1e-05, momentum=0.1, affine=True, track_running_stats=True)
          (5): Conv2d(48, 48, kernel_size=(1, 1), stride=(1, 1), bias=False)
          (6): BatchNorm2d(48, eps=1e-05, momentum=0.1, affine=True, track_running_stats=True)
          (7): ReLU(inplace=True)
        )
      )
    )
    (4): Sequential(
      (0): InvertedResidual(
        (branch1): Sequential(
          (0): Conv2d(96, 96, kernel_size=(3, 3), stride=(2, 2), padding=(1, 1), groups=96, bias=False)
          (1): BatchNorm2d(96, eps=1e-05, momentum=0.1, affine=True, track_running_stats=True)
          (2): Conv2d(96, 96, kernel_size=(1, 1), stride=(1, 1), bias=False)
          (3): BatchNorm2d(96, eps=1e-05, momentum=0.1, affine=True, track_running_stats=True)
          (4): ReLU(inplace=True)
        )
        (branch2): Sequential(
          (0): Conv2d(96, 96, kernel_size=(1, 1), stride=(1, 1), bias=False)
          (1): BatchNorm2d(96, eps=1e-05, momentum=0.1, affine=True, track_running_stats=True)
          (2): ReLU(inplace=True)
          (3): Conv2d(96, 96, kernel_size=(3, 3), stride=(2, 2), padding=(1, 1), groups=96, bias=False)
          (4): BatchNorm2d(96, eps=1e-05, momentum=0.1, affine=True, track_running_stats=True)
          (5): Conv2d(96, 96, kernel_size=(1, 1), stride=(1, 1), bias=False)
          (6): BatchNorm2d(96, eps=1e-05, momentum=0.1, affine=True, track_running_stats=True)
          (7): ReLU(inplace=True)
        )
      )
      (1): InvertedResidual(
        (branch1): Sequential()
        (branch2): Sequential(
          (0): Conv2d(96, 96, kernel_size=(1, 1), stride=(1, 1), bias=False)
          (1): BatchNorm2d(96, eps=1e-05, momentum=0.1, affine=True, track_running_stats=True)
          (2): ReLU(inplace=True)
          (3): Conv2d(96, 96, kernel_size=(3, 3), stride=(1, 1), padding=(1, 1), groups=96, bias=False)
          (4): BatchNorm2d(96, eps=1e-05, momentum=0.1, affine=True, track_running_stats=True)
          (5): Conv2d(96, 96, kernel_size=(1, 1), stride=(1, 1), bias=False)
          (6): BatchNorm2d(96, eps=1e-05, momentum=0.1, affine=True, track_running_stats=True)
          (7): ReLU(inplace=True)
        )
      )
      (2): InvertedResidual(
        (branch1): Sequential()
        (branch2): Sequential(
          (0): Conv2d(96, 96, kernel_size=(1, 1), stride=(1, 1), bias=False)
          (1): BatchNorm2d(96, eps=1e-05, momentum=0.1, affine=True, track_running_stats=True)
          (2): ReLU(inplace=True)
          (3): Conv2d(96, 96, kernel_size=(3, 3), stride=(1, 1), padding=(1, 1), groups=96, bias=False)
          (4): BatchNorm2d(96, eps=1e-05, momentum=0.1, affine=True, track_running_stats=True)
          (5): Conv2d(96, 96, kernel_size=(1, 1), stride=(1, 1), bias=False)
          (6): BatchNorm2d(96, eps=1e-05, momentum=0.1, affine=True, track_running_stats=True)
          (7): ReLU(inplace=True)
        )
      )
      (3): InvertedResidual(
        (branch1): Sequential()
        (branch2): Sequential(
          (0): Conv2d(96, 96, kernel_size=(1, 1), stride=(1, 1), bias=False)
          (1): BatchNorm2d(96, eps=1e-05, momentum=0.1, affine=True, track_running_stats=True)
          (2): ReLU(inplace=True)
          (3): Conv2d(96, 96, kernel_size=(3, 3), stride=(1, 1), padding=(1, 1), groups=96, bias=False)
          (4): BatchNorm2d(96, eps=1e-05, momentum=0.1, affine=True, track_running_stats=True)
          (5): Conv2d(96, 96, kernel_size=(1, 1), stride=(1, 1), bias=False)
          (6): BatchNorm2d(96, eps=1e-05, momentum=0.1, affine=True, track_running_stats=True)
          (7): ReLU(inplace=True)
        )
      )
    )
    (5): Sequential(
      (0): Conv2d(192, 1024, kernel_size=(1, 1), stride=(1, 1), bias=False)
      (1): BatchNorm2d(1024, eps=1e-05, momentum=0.1, affine=True, track_running_stats=True)
      (2): ReLU(inplace=True)
    )
  )
  (pool): AdaptiveAvgPool2d(output_size=(1, 1))
  (smoke): Sequential(
    (0): Dropout(p=0.2, inplace=False)
    (1): Linear(in_features=1024, out_features=16, bias=True)
    (2): ReLU()
    (3): Linear(in_features=16, out_features=1, bias=True)
  )
  (fire): Sequential(
    (0): Dropout(p=0.2, inplace=False)
    (1): Linear(in_features=1024, out_features=16, bias=True)
    (2): ReLU()
    (3): Linear(in_features=16, out_features=1, bias=True)
  )
)

Trainable parameters = 32834
Total parameters = 374626


TRAIN DFIRE dataset
DFire Removed wrong images: 0
DFire empty images: 7833
DFire only smoke images: 4681
DFire only fire images: 944
DFire smoke and fire images: 3763
Train dataset len: 17221

TEST DFire dataset
DFire Removed wrong images: 0
DFire empty images: 2005
DFire only smoke images: 1186
DFire only fire images: 220
DFire smoke and fire images: 895
Test dataset len: 4306
Device: cuda
Learning Rate: 0.001
Weight Decay: 0.001
Batch Size: 64
IMG DIMS: (224, 224)
W: 224
H: 224
Loss Function: BCE
Starting script


***Start Training: 17:29:58

Pretrained Weights

=== EPOCH 0/19 ===
Learning Rate = 0.001

TRAIN losses
Total Loss  |Smoke Loss  |Fire Loss   
------------ ------------ ------------
69.314      |40.338      |28.976      


VAL losses
Total Loss  |Smoke Loss  |Fire Loss   
------------ ------------ ------------
55.816      |36.176      |19.640      

VAL Metrics
SMOKE -> Precision: 0.748 - Recall: 0.680 - Accuracy: 0.736 - F1: 0.712
FIRE -> Precision: 0.858 - Recall: 0.720 - Accuracy: 0.897 - F1: 0.783

Saving model with new best validation loss: 55.816

=== EPOCH 1/19 ===
Learning Rate = 0.001

TRAIN losses
Total Loss  |Smoke Loss  |Fire Loss   
------------ ------------ ------------
53.796      |35.036      |18.760      


VAL losses
Total Loss  |Smoke Loss  |Fire Loss   
------------ ------------ ------------
47.794      |32.637      |15.156      

VAL Metrics
SMOKE -> Precision: 0.778 - Recall: 0.696 - Accuracy: 0.758 - F1: 0.734
FIRE -> Precision: 0.855 - Recall: 0.789 - Accuracy: 0.911 - F1: 0.821

Saving model with new best validation loss: 47.794

=== EPOCH 2/19 ===
Learning Rate = 0.001

TRAIN losses
Total Loss  |Smoke Loss  |Fire Loss   
------------ ------------ ------------
49.283      |33.012      |16.271      


VAL losses
Total Loss  |Smoke Loss  |Fire Loss   
------------ ------------ ------------
44.285      |30.910      |13.375      

VAL Metrics
SMOKE -> Precision: 0.818 - Recall: 0.689 - Accuracy: 0.777 - F1: 0.748
FIRE -> Precision: 0.857 - Recall: 0.817 - Accuracy: 0.917 - F1: 0.837

Saving model with new best validation loss: 44.285

=== EPOCH 3/19 ===
Learning Rate = 0.001

TRAIN losses
Total Loss  |Smoke Loss  |Fire Loss   
------------ ------------ ------------
47.123      |31.870      |15.252      


VAL losses
Total Loss  |Smoke Loss  |Fire Loss   
------------ ------------ ------------
42.032      |29.511      |12.521      

VAL Metrics
SMOKE -> Precision: 0.803 - Recall: 0.768 - Accuracy: 0.798 - F1: 0.785
FIRE -> Precision: 0.863 - Recall: 0.841 - Accuracy: 0.924 - F1: 0.852

Saving model with new best validation loss: 42.032

=== EPOCH 4/19 ===
Learning Rate = 0.001

TRAIN losses
Total Loss  |Smoke Loss  |Fire Loss   
------------ ------------ ------------
45.625      |31.018      |14.607      


VAL losses
Total Loss  |Smoke Loss  |Fire Loss   
------------ ------------ ------------
40.745      |28.895      |11.850      

VAL Metrics
SMOKE -> Precision: 0.773 - Recall: 0.813 - Accuracy: 0.795 - F1: 0.793
FIRE -> Precision: 0.892 - Recall: 0.833 - Accuracy: 0.931 - F1: 0.862

Saving model with new best validation loss: 40.745

=== EPOCH 5/19 ===
Learning Rate = 0.001

TRAIN losses
Total Loss  |Smoke Loss  |Fire Loss   
------------ ------------ ------------
44.584      |30.548      |14.036      


VAL losses
Total Loss  |Smoke Loss  |Fire Loss   
------------ ------------ ------------
39.713      |28.086      |11.627      

VAL Metrics
SMOKE -> Precision: 0.825 - Recall: 0.743 - Accuracy: 0.800 - F1: 0.782
FIRE -> Precision: 0.874 - Recall: 0.860 - Accuracy: 0.932 - F1: 0.867

Saving model with new best validation loss: 39.713

=== EPOCH 6/19 ===
Learning Rate = 0.001

TRAIN losses
Total Loss  |Smoke Loss  |Fire Loss   
------------ ------------ ------------
43.541      |30.020      |13.521      


VAL losses
Total Loss  |Smoke Loss  |Fire Loss   
------------ ------------ ------------
38.499      |27.410      |11.090      

VAL Metrics
SMOKE -> Precision: 0.821 - Recall: 0.778 - Accuracy: 0.811 - F1: 0.799
FIRE -> Precision: 0.894 - Recall: 0.857 - Accuracy: 0.937 - F1: 0.875

Saving model with new best validation loss: 38.499

=== EPOCH 7/19 ===
Learning Rate = 0.001

TRAIN losses
Total Loss  |Smoke Loss  |Fire Loss   
------------ ------------ ------------
43.730      |30.100      |13.630      


VAL losses
Total Loss  |Smoke Loss  |Fire Loss   
------------ ------------ ------------
37.900      |27.055      |10.844      

VAL Metrics
SMOKE -> Precision: 0.823 - Recall: 0.760 - Accuracy: 0.806 - F1: 0.790
FIRE -> Precision: 0.889 - Recall: 0.858 - Accuracy: 0.935 - F1: 0.873

Saving model with new best validation loss: 37.900

=== EPOCH 8/19 ===
Learning Rate = 0.001

TRAIN losses
Total Loss  |Smoke Loss  |Fire Loss   
------------ ------------ ------------
43.316      |29.770      |13.545      


VAL losses
Total Loss  |Smoke Loss  |Fire Loss   
------------ ------------ ------------
37.450      |26.807      |10.643      

VAL Metrics
SMOKE -> Precision: 0.802 - Recall: 0.810 - Accuracy: 0.812 - F1: 0.806
FIRE -> Precision: 0.894 - Recall: 0.864 - Accuracy: 0.938 - F1: 0.879

Saving model with new best validation loss: 37.450

=== EPOCH 9/19 ===
Learning Rate = 0.001

TRAIN losses
Total Loss  |Smoke Loss  |Fire Loss   
------------ ------------ ------------
42.885      |29.546      |13.339      


VAL losses
Total Loss  |Smoke Loss  |Fire Loss   
------------ ------------ ------------
36.967      |26.522      |10.446      

VAL Metrics
SMOKE -> Precision: 0.840 - Recall: 0.762 - Accuracy: 0.816 - F1: 0.799
FIRE -> Precision: 0.906 - Recall: 0.861 - Accuracy: 0.941 - F1: 0.883

Saving model with new best validation loss: 36.967

=== EPOCH 10/19 ===
Learning Rate = 0.001

TRAIN losses
Total Loss  |Smoke Loss  |Fire Loss   
------------ ------------ ------------
42.140      |29.114      |13.026      


VAL losses
Total Loss  |Smoke Loss  |Fire Loss   
------------ ------------ ------------
36.304      |26.037      |10.268      

VAL Metrics
SMOKE -> Precision: 0.836 - Recall: 0.778 - Accuracy: 0.820 - F1: 0.806
FIRE -> Precision: 0.909 - Recall: 0.854 - Accuracy: 0.940 - F1: 0.881

Saving model with new best validation loss: 36.304

=== EPOCH 11/19 ===
Learning Rate = 0.001

TRAIN losses
Total Loss  |Smoke Loss  |Fire Loss   
------------ ------------ ------------
42.129      |29.201      |12.929      


VAL losses
Total Loss  |Smoke Loss  |Fire Loss   
------------ ------------ ------------
36.259      |26.071      |10.188      

VAL Metrics
SMOKE -> Precision: 0.827 - Recall: 0.786 - Accuracy: 0.818 - F1: 0.806
FIRE -> Precision: 0.895 - Recall: 0.873 - Accuracy: 0.941 - F1: 0.884

Saving model with new best validation loss: 36.259

=== EPOCH 12/19 ===
Learning Rate = 0.001

TRAIN losses
Total Loss  |Smoke Loss  |Fire Loss   
------------ ------------ ------------
42.316      |29.275      |13.041      


VAL losses
Total Loss  |Smoke Loss  |Fire Loss   
------------ ------------ ------------
36.116      |25.932      |10.185      

VAL Metrics
SMOKE -> Precision: 0.840 - Recall: 0.770 - Accuracy: 0.819 - F1: 0.804
FIRE -> Precision: 0.893 - Recall: 0.885 - Accuracy: 0.943 - F1: 0.889

Saving model with new best validation loss: 36.116

=== EPOCH 13/19 ===
Learning Rate = 0.001

TRAIN losses
Total Loss  |Smoke Loss  |Fire Loss   
------------ ------------ ------------
42.193      |29.281      |12.913      


VAL losses
Total Loss  |Smoke Loss  |Fire Loss   
------------ ------------ ------------
35.779      |25.681      |10.099      

VAL Metrics
SMOKE -> Precision: 0.833 - Recall: 0.780 - Accuracy: 0.819 - F1: 0.806
FIRE -> Precision: 0.894 - Recall: 0.881 - Accuracy: 0.942 - F1: 0.887

Saving model with new best validation loss: 35.779

=== EPOCH 14/19 ===
Learning Rate = 0.001

TRAIN losses
Total Loss  |Smoke Loss  |Fire Loss   
------------ ------------ ------------
41.793      |28.693      |13.100      


VAL losses
Total Loss  |Smoke Loss  |Fire Loss   
------------ ------------ ------------
35.336      |25.415      |9.920       

VAL Metrics
SMOKE -> Precision: 0.833 - Recall: 0.796 - Accuracy: 0.825 - F1: 0.814
FIRE -> Precision: 0.908 - Recall: 0.862 - Accuracy: 0.942 - F1: 0.884

Saving model with new best validation loss: 35.336

=== EPOCH 15/19 ===
Learning Rate = 0.001

TRAIN losses
Total Loss  |Smoke Loss  |Fire Loss   
------------ ------------ ------------
41.297      |28.637      |12.660      


VAL losses
Total Loss  |Smoke Loss  |Fire Loss   
------------ ------------ ------------
35.467      |25.561      |9.906       

VAL Metrics
SMOKE -> Precision: 0.803 - Recall: 0.840 - Accuracy: 0.824 - F1: 0.821
FIRE -> Precision: 0.895 - Recall: 0.882 - Accuracy: 0.943 - F1: 0.888

=== EPOCH 16/19 ===
Learning Rate = 0.001

TRAIN losses
Total Loss  |Smoke Loss  |Fire Loss   
------------ ------------ ------------
41.547      |28.804      |12.743      


VAL losses
Total Loss  |Smoke Loss  |Fire Loss   
------------ ------------ ------------
35.098      |25.337      |9.761       

VAL Metrics
SMOKE -> Precision: 0.825 - Recall: 0.810 - Accuracy: 0.826 - F1: 0.818
FIRE -> Precision: 0.911 - Recall: 0.860 - Accuracy: 0.942 - F1: 0.885

Saving model with new best validation loss: 35.098

=== EPOCH 17/19 ===
Learning Rate = 0.001

TRAIN losses
Total Loss  |Smoke Loss  |Fire Loss   
------------ ------------ ------------
41.680      |28.813      |12.867      


VAL losses
Total Loss  |Smoke Loss  |Fire Loss   
------------ ------------ ------------
35.400      |25.417      |9.983       

VAL Metrics
SMOKE -> Precision: 0.842 - Recall: 0.784 - Accuracy: 0.825 - F1: 0.812
FIRE -> Precision: 0.884 - Recall: 0.899 - Accuracy: 0.943 - F1: 0.891

=== EPOCH 18/19 ===
Learning Rate = 0.001

TRAIN losses
Total Loss  |Smoke Loss  |Fire Loss   
------------ ------------ ------------
41.266      |28.665      |12.601      


VAL losses
Total Loss  |Smoke Loss  |Fire Loss   
------------ ------------ ------------
35.053      |25.341      |9.712       

VAL Metrics
SMOKE -> Precision: 0.801 - Recall: 0.848 - Accuracy: 0.825 - F1: 0.824
FIRE -> Precision: 0.904 - Recall: 0.877 - Accuracy: 0.944 - F1: 0.890

Saving model with new best validation loss: 35.053

=== EPOCH 19/19 ===
Learning Rate = 0.001

TRAIN losses
Total Loss  |Smoke Loss  |Fire Loss   
------------ ------------ ------------
41.107      |28.585      |12.521      


VAL losses
Total Loss  |Smoke Loss  |Fire Loss   
------------ ------------ ------------
34.744      |25.056      |9.688       

VAL Metrics
SMOKE -> Precision: 0.843 - Recall: 0.788 - Accuracy: 0.827 - F1: 0.815
FIRE -> Precision: 0.898 - Recall: 0.878 - Accuracy: 0.943 - F1: 0.888

Saving model with new best validation loss: 34.744
Saving last model

***Script finished: 17:38:44

Time elapsed: 0:08:45.624862

Trainable parameters = 374626
Total parameters = 374626

Starting script


***Start Training: 17:38:44

Pretrained Weights

=== EPOCH 20/159 ===
Learning Rate = 1e-05

TRAIN losses
Total Loss  |Smoke Loss  |Fire Loss   
------------ ------------ ------------
39.913      |27.672      |12.241      


VAL losses
Total Loss  |Smoke Loss  |Fire Loss   
------------ ------------ ------------
33.741      |24.353      |9.388       

VAL Metrics
SMOKE -> Precision: 0.835 - Recall: 0.821 - Accuracy: 0.836 - F1: 0.828
FIRE -> Precision: 0.898 - Recall: 0.899 - Accuracy: 0.948 - F1: 0.899

Saving model with new best validation loss: 33.741

=== EPOCH 21/159 ===
Learning Rate = 1e-05

TRAIN losses
Total Loss  |Smoke Loss  |Fire Loss   
------------ ------------ ------------
39.279      |27.351      |11.928      


VAL losses
Total Loss  |Smoke Loss  |Fire Loss   
------------ ------------ ------------
32.609      |23.585      |9.024       

VAL Metrics
SMOKE -> Precision: 0.854 - Recall: 0.807 - Accuracy: 0.841 - F1: 0.830
FIRE -> Precision: 0.917 - Recall: 0.877 - Accuracy: 0.948 - F1: 0.897

Saving model with new best validation loss: 32.609

=== EPOCH 22/159 ===
Learning Rate = 1e-05

TRAIN losses
Total Loss  |Smoke Loss  |Fire Loss   
------------ ------------ ------------
37.835      |26.372      |11.463      


VAL losses
Total Loss  |Smoke Loss  |Fire Loss   
------------ ------------ ------------
31.909      |23.070      |8.839       

VAL Metrics
SMOKE -> Precision: 0.855 - Recall: 0.814 - Accuracy: 0.844 - F1: 0.834
FIRE -> Precision: 0.913 - Recall: 0.893 - Accuracy: 0.950 - F1: 0.903

Saving model with new best validation loss: 31.909

=== EPOCH 23/159 ===
Learning Rate = 1e-05

TRAIN losses
Total Loss  |Smoke Loss  |Fire Loss   
------------ ------------ ------------
36.733      |25.527      |11.205      


VAL losses
Total Loss  |Smoke Loss  |Fire Loss   
------------ ------------ ------------
31.137      |22.468      |8.669       

VAL Metrics
SMOKE -> Precision: 0.862 - Recall: 0.826 - Accuracy: 0.853 - F1: 0.844
FIRE -> Precision: 0.911 - Recall: 0.901 - Accuracy: 0.951 - F1: 0.906

Saving model with new best validation loss: 31.137

=== EPOCH 24/159 ===
Learning Rate = 1e-05

TRAIN losses
Total Loss  |Smoke Loss  |Fire Loss   
------------ ------------ ------------
36.384      |25.376      |11.008      


VAL losses
Total Loss  |Smoke Loss  |Fire Loss   
------------ ------------ ------------
30.450      |21.931      |8.519       

VAL Metrics
SMOKE -> Precision: 0.862 - Recall: 0.841 - Accuracy: 0.859 - F1: 0.852
FIRE -> Precision: 0.911 - Recall: 0.899 - Accuracy: 0.951 - F1: 0.905

Saving model with new best validation loss: 30.450

=== EPOCH 25/159 ===
Learning Rate = 1e-05

TRAIN losses
Total Loss  |Smoke Loss  |Fire Loss   
------------ ------------ ------------
35.803      |24.976      |10.827      


VAL losses
Total Loss  |Smoke Loss  |Fire Loss   
------------ ------------ ------------
30.045      |21.685      |8.360       

VAL Metrics
SMOKE -> Precision: 0.876 - Recall: 0.825 - Accuracy: 0.860 - F1: 0.850
FIRE -> Precision: 0.930 - Recall: 0.877 - Accuracy: 0.951 - F1: 0.903

Saving model with new best validation loss: 30.045

=== EPOCH 26/159 ===
Learning Rate = 1e-05

TRAIN losses
Total Loss  |Smoke Loss  |Fire Loss   
------------ ------------ ------------
35.353      |24.518      |10.835      


VAL losses
Total Loss  |Smoke Loss  |Fire Loss   
------------ ------------ ------------
29.505      |21.244      |8.261       

VAL Metrics
SMOKE -> Precision: 0.855 - Recall: 0.874 - Accuracy: 0.868 - F1: 0.865
FIRE -> Precision: 0.915 - Recall: 0.906 - Accuracy: 0.954 - F1: 0.910

Saving model with new best validation loss: 29.505

=== EPOCH 27/159 ===
Learning Rate = 1e-05

TRAIN losses
Total Loss  |Smoke Loss  |Fire Loss   
------------ ------------ ------------
34.683      |24.308      |10.375      


VAL losses
Total Loss  |Smoke Loss  |Fire Loss   
------------ ------------ ------------
28.909      |20.758      |8.151       

VAL Metrics
SMOKE -> Precision: 0.876 - Recall: 0.850 - Accuracy: 0.870 - F1: 0.863
FIRE -> Precision: 0.914 - Recall: 0.906 - Accuracy: 0.954 - F1: 0.910

Saving model with new best validation loss: 28.909

=== EPOCH 28/159 ===
Learning Rate = 1e-05

TRAIN losses
Total Loss  |Smoke Loss  |Fire Loss   
------------ ------------ ------------
34.153      |23.848      |10.305      


VAL losses
Total Loss  |Smoke Loss  |Fire Loss   
------------ ------------ ------------
28.698      |20.630      |8.068       

VAL Metrics
SMOKE -> Precision: 0.893 - Recall: 0.828 - Accuracy: 0.869 - F1: 0.859
FIRE -> Precision: 0.916 - Recall: 0.900 - Accuracy: 0.953 - F1: 0.908

Saving model with new best validation loss: 28.698

=== EPOCH 29/159 ===
Learning Rate = 1e-05

TRAIN losses
Total Loss  |Smoke Loss  |Fire Loss   
------------ ------------ ------------
33.340      |23.259      |10.081      


VAL losses
Total Loss  |Smoke Loss  |Fire Loss   
------------ ------------ ------------
28.093      |20.174      |7.919       

VAL Metrics
SMOKE -> Precision: 0.879 - Recall: 0.855 - Accuracy: 0.874 - F1: 0.867
FIRE -> Precision: 0.922 - Recall: 0.901 - Accuracy: 0.955 - F1: 0.911

Saving model with new best validation loss: 28.093

=== EPOCH 30/159 ===
Learning Rate = 1e-05

TRAIN losses
Total Loss  |Smoke Loss  |Fire Loss   
------------ ------------ ------------
33.213      |23.111      |10.102      


VAL losses
Total Loss  |Smoke Loss  |Fire Loss   
------------ ------------ ------------
27.687      |19.908      |7.779       

VAL Metrics
SMOKE -> Precision: 0.884 - Recall: 0.857 - Accuracy: 0.877 - F1: 0.871
FIRE -> Precision: 0.927 - Recall: 0.894 - Accuracy: 0.954 - F1: 0.910

Saving model with new best validation loss: 27.687

=== EPOCH 31/159 ===
Learning Rate = 1e-05

TRAIN losses
Total Loss  |Smoke Loss  |Fire Loss   
------------ ------------ ------------
32.555      |22.678      |9.876       


VAL losses
Total Loss  |Smoke Loss  |Fire Loss   
------------ ------------ ------------
27.390      |19.594      |7.797       

VAL Metrics
SMOKE -> Precision: 0.879 - Recall: 0.864 - Accuracy: 0.878 - F1: 0.872
FIRE -> Precision: 0.921 - Recall: 0.909 - Accuracy: 0.956 - F1: 0.915

Saving model with new best validation loss: 27.390

=== EPOCH 32/159 ===
Learning Rate = 1e-05

TRAIN losses
Total Loss  |Smoke Loss  |Fire Loss   
------------ ------------ ------------
31.899      |22.137      |9.762       


VAL losses
Total Loss  |Smoke Loss  |Fire Loss   
------------ ------------ ------------
27.100      |19.341      |7.759       

VAL Metrics
SMOKE -> Precision: 0.880 - Recall: 0.863 - Accuracy: 0.877 - F1: 0.871
FIRE -> Precision: 0.913 - Recall: 0.918 - Accuracy: 0.956 - F1: 0.916

Saving model with new best validation loss: 27.100

=== EPOCH 33/159 ===
Learning Rate = 1e-05

TRAIN losses
Total Loss  |Smoke Loss  |Fire Loss   
------------ ------------ ------------
32.268      |22.411      |9.857       


VAL losses
Total Loss  |Smoke Loss  |Fire Loss   
------------ ------------ ------------
26.523      |18.936      |7.587       

VAL Metrics
SMOKE -> Precision: 0.887 - Recall: 0.865 - Accuracy: 0.882 - F1: 0.876
FIRE -> Precision: 0.929 - Recall: 0.905 - Accuracy: 0.957 - F1: 0.916

Saving model with new best validation loss: 26.523

=== EPOCH 34/159 ===
Learning Rate = 1e-05

TRAIN losses
Total Loss  |Smoke Loss  |Fire Loss   
------------ ------------ ------------
31.247      |21.561      |9.686       


VAL losses
Total Loss  |Smoke Loss  |Fire Loss   
------------ ------------ ------------
26.301      |18.723      |7.578       

VAL Metrics
SMOKE -> Precision: 0.889 - Recall: 0.872 - Accuracy: 0.886 - F1: 0.881
FIRE -> Precision: 0.919 - Recall: 0.914 - Accuracy: 0.957 - F1: 0.916

Saving model with new best validation loss: 26.301

=== EPOCH 35/159 ===
Learning Rate = 1e-05

TRAIN losses
Total Loss  |Smoke Loss  |Fire Loss   
------------ ------------ ------------
31.237      |21.729      |9.509       


VAL losses
Total Loss  |Smoke Loss  |Fire Loss   
------------ ------------ ------------
25.962      |18.540      |7.421       

VAL Metrics
SMOKE -> Precision: 0.885 - Recall: 0.876 - Accuracy: 0.886 - F1: 0.881
FIRE -> Precision: 0.938 - Recall: 0.901 - Accuracy: 0.959 - F1: 0.919

Saving model with new best validation loss: 25.962

=== EPOCH 36/159 ===
Learning Rate = 1e-05

TRAIN losses
Total Loss  |Smoke Loss  |Fire Loss   
------------ ------------ ------------
30.552      |21.138      |9.414       


VAL losses
Total Loss  |Smoke Loss  |Fire Loss   
------------ ------------ ------------
25.649      |18.286      |7.364       

VAL Metrics
SMOKE -> Precision: 0.892 - Recall: 0.873 - Accuracy: 0.888 - F1: 0.882
FIRE -> Precision: 0.932 - Recall: 0.905 - Accuracy: 0.958 - F1: 0.919

Saving model with new best validation loss: 25.649

=== EPOCH 37/159 ===
Learning Rate = 1e-05

TRAIN losses
Total Loss  |Smoke Loss  |Fire Loss   
------------ ------------ ------------
30.157      |20.968      |9.189       


VAL losses
Total Loss  |Smoke Loss  |Fire Loss   
------------ ------------ ------------
25.600      |18.233      |7.367       

VAL Metrics
SMOKE -> Precision: 0.887 - Recall: 0.873 - Accuracy: 0.885 - F1: 0.880
FIRE -> Precision: 0.927 - Recall: 0.911 - Accuracy: 0.958 - F1: 0.919

Saving model with new best validation loss: 25.600

=== EPOCH 38/159 ===
Learning Rate = 1e-05

TRAIN losses
Total Loss  |Smoke Loss  |Fire Loss   
------------ ------------ ------------
30.004      |21.047      |8.957       


VAL losses
Total Loss  |Smoke Loss  |Fire Loss   
------------ ------------ ------------
25.257      |18.009      |7.248       

VAL Metrics
SMOKE -> Precision: 0.893 - Recall: 0.873 - Accuracy: 0.888 - F1: 0.883
FIRE -> Precision: 0.935 - Recall: 0.905 - Accuracy: 0.959 - F1: 0.919

Saving model with new best validation loss: 25.257

=== EPOCH 39/159 ===
Learning Rate = 1e-05

TRAIN losses
Total Loss  |Smoke Loss  |Fire Loss   
------------ ------------ ------------
29.592      |20.738      |8.854       


VAL losses
Total Loss  |Smoke Loss  |Fire Loss   
------------ ------------ ------------
24.943      |17.767      |7.177       

VAL Metrics
SMOKE -> Precision: 0.891 - Recall: 0.880 - Accuracy: 0.890 - F1: 0.885
FIRE -> Precision: 0.934 - Recall: 0.910 - Accuracy: 0.960 - F1: 0.922

Saving model with new best validation loss: 24.943

=== EPOCH 40/159 ===
Learning Rate = 1e-05

TRAIN losses
Total Loss  |Smoke Loss  |Fire Loss   
------------ ------------ ------------
29.258      |20.409      |8.849       


VAL losses
Total Loss  |Smoke Loss  |Fire Loss   
------------ ------------ ------------
24.621      |17.474      |7.147       

VAL Metrics
SMOKE -> Precision: 0.905 - Recall: 0.872 - Accuracy: 0.894 - F1: 0.888
FIRE -> Precision: 0.929 - Recall: 0.914 - Accuracy: 0.960 - F1: 0.922

Saving model with new best validation loss: 24.621

=== EPOCH 41/159 ===
Learning Rate = 1e-05

TRAIN losses
Total Loss  |Smoke Loss  |Fire Loss   
------------ ------------ ------------
28.659      |20.009      |8.651       


VAL losses
Total Loss  |Smoke Loss  |Fire Loss   
------------ ------------ ------------
24.431      |17.323      |7.108       

VAL Metrics
SMOKE -> Precision: 0.898 - Recall: 0.881 - Accuracy: 0.894 - F1: 0.889
FIRE -> Precision: 0.928 - Recall: 0.923 - Accuracy: 0.962 - F1: 0.926

Saving model with new best validation loss: 24.431

=== EPOCH 42/159 ===
Learning Rate = 1e-05

TRAIN losses
Total Loss  |Smoke Loss  |Fire Loss   
------------ ------------ ------------
29.154      |20.157      |8.997       


VAL losses
Total Loss  |Smoke Loss  |Fire Loss   
------------ ------------ ------------
24.119      |17.120      |7.000       

VAL Metrics
SMOKE -> Precision: 0.897 - Recall: 0.886 - Accuracy: 0.896 - F1: 0.891
FIRE -> Precision: 0.935 - Recall: 0.913 - Accuracy: 0.961 - F1: 0.924

Saving model with new best validation loss: 24.119

=== EPOCH 43/159 ===
Learning Rate = 1e-05

TRAIN losses
Total Loss  |Smoke Loss  |Fire Loss   
------------ ------------ ------------
28.384      |19.549      |8.835       


VAL losses
Total Loss  |Smoke Loss  |Fire Loss   
------------ ------------ ------------
23.938      |16.944      |6.993       

VAL Metrics
SMOKE -> Precision: 0.905 - Recall: 0.882 - Accuracy: 0.898 - F1: 0.893
FIRE -> Precision: 0.937 - Recall: 0.915 - Accuracy: 0.962 - F1: 0.926

Saving model with new best validation loss: 23.938

=== EPOCH 44/159 ===
Learning Rate = 1e-05

TRAIN losses
Total Loss  |Smoke Loss  |Fire Loss   
------------ ------------ ------------
28.031      |19.520      |8.512       


VAL losses
Total Loss  |Smoke Loss  |Fire Loss   
------------ ------------ ------------
23.718      |16.826      |6.891       

VAL Metrics
SMOKE -> Precision: 0.896 - Recall: 0.890 - Accuracy: 0.898 - F1: 0.893
FIRE -> Precision: 0.938 - Recall: 0.916 - Accuracy: 0.963 - F1: 0.927

Saving model with new best validation loss: 23.718

=== EPOCH 45/159 ===
Learning Rate = 1e-05

TRAIN losses
Total Loss  |Smoke Loss  |Fire Loss   
------------ ------------ ------------
27.749      |19.294      |8.454       


VAL losses
Total Loss  |Smoke Loss  |Fire Loss   
------------ ------------ ------------
23.539      |16.665      |6.874       

VAL Metrics
SMOKE -> Precision: 0.897 - Recall: 0.896 - Accuracy: 0.901 - F1: 0.897
FIRE -> Precision: 0.934 - Recall: 0.920 - Accuracy: 0.962 - F1: 0.927

Saving model with new best validation loss: 23.539

=== EPOCH 46/159 ===
Learning Rate = 1e-05

TRAIN losses
Total Loss  |Smoke Loss  |Fire Loss   
------------ ------------ ------------
27.608      |19.098      |8.510       


VAL losses
Total Loss  |Smoke Loss  |Fire Loss   
------------ ------------ ------------
23.441      |16.611      |6.830       

VAL Metrics
SMOKE -> Precision: 0.901 - Recall: 0.892 - Accuracy: 0.901 - F1: 0.896
FIRE -> Precision: 0.943 - Recall: 0.916 - Accuracy: 0.964 - F1: 0.930

Saving model with new best validation loss: 23.441

=== EPOCH 47/159 ===
Learning Rate = 1e-05

TRAIN losses
Total Loss  |Smoke Loss  |Fire Loss   
------------ ------------ ------------
27.334      |18.767      |8.567       


VAL losses
Total Loss  |Smoke Loss  |Fire Loss   
------------ ------------ ------------
23.179      |16.322      |6.857       

VAL Metrics
SMOKE -> Precision: 0.902 - Recall: 0.900 - Accuracy: 0.905 - F1: 0.901
FIRE -> Precision: 0.939 - Recall: 0.920 - Accuracy: 0.964 - F1: 0.929

Saving model with new best validation loss: 23.179

=== EPOCH 48/159 ===
Learning Rate = 1e-05

TRAIN losses
Total Loss  |Smoke Loss  |Fire Loss   
------------ ------------ ------------
26.996      |18.674      |8.322       


VAL losses
Total Loss  |Smoke Loss  |Fire Loss   
------------ ------------ ------------
23.053      |16.274      |6.778       

VAL Metrics
SMOKE -> Precision: 0.913 - Recall: 0.879 - Accuracy: 0.902 - F1: 0.896
FIRE -> Precision: 0.954 - Recall: 0.906 - Accuracy: 0.964 - F1: 0.929

Saving model with new best validation loss: 23.053

=== EPOCH 49/159 ===
Learning Rate = 1e-05

TRAIN losses
Total Loss  |Smoke Loss  |Fire Loss   
------------ ------------ ------------
26.722      |18.559      |8.163       


VAL losses
Total Loss  |Smoke Loss  |Fire Loss   
------------ ------------ ------------
22.784      |16.076      |6.709       

VAL Metrics
SMOKE -> Precision: 0.905 - Recall: 0.897 - Accuracy: 0.905 - F1: 0.901
FIRE -> Precision: 0.940 - Recall: 0.923 - Accuracy: 0.965 - F1: 0.932

Saving model with new best validation loss: 22.784

=== EPOCH 50/159 ===
Learning Rate = 1e-05

TRAIN losses
Total Loss  |Smoke Loss  |Fire Loss   
------------ ------------ ------------
26.618      |18.408      |8.210       


VAL losses
Total Loss  |Smoke Loss  |Fire Loss   
------------ ------------ ------------
22.594      |15.890      |6.704       

VAL Metrics
SMOKE -> Precision: 0.904 - Recall: 0.903 - Accuracy: 0.907 - F1: 0.903
FIRE -> Precision: 0.938 - Recall: 0.922 - Accuracy: 0.964 - F1: 0.930

Saving model with new best validation loss: 22.594

=== EPOCH 51/159 ===
Learning Rate = 1e-05

TRAIN losses
Total Loss  |Smoke Loss  |Fire Loss   
------------ ------------ ------------
26.435      |18.437      |7.998       


VAL losses
Total Loss  |Smoke Loss  |Fire Loss   
------------ ------------ ------------
22.434      |15.794      |6.640       

VAL Metrics
SMOKE -> Precision: 0.908 - Recall: 0.895 - Accuracy: 0.906 - F1: 0.901
FIRE -> Precision: 0.944 - Recall: 0.919 - Accuracy: 0.965 - F1: 0.931

Saving model with new best validation loss: 22.434

=== EPOCH 52/159 ===
Learning Rate = 1e-05

TRAIN losses
Total Loss  |Smoke Loss  |Fire Loss   
------------ ------------ ------------
26.351      |18.221      |8.130       


VAL losses
Total Loss  |Smoke Loss  |Fire Loss   
------------ ------------ ------------
22.269      |15.649      |6.619       

VAL Metrics
SMOKE -> Precision: 0.909 - Recall: 0.898 - Accuracy: 0.908 - F1: 0.903
FIRE -> Precision: 0.939 - Recall: 0.922 - Accuracy: 0.964 - F1: 0.930

Saving model with new best validation loss: 22.269

=== EPOCH 53/159 ===
Learning Rate = 1e-05

TRAIN losses
Total Loss  |Smoke Loss  |Fire Loss   
------------ ------------ ------------
26.214      |18.286      |7.928       


VAL losses
Total Loss  |Smoke Loss  |Fire Loss   
------------ ------------ ------------
22.144      |15.569      |6.575       

VAL Metrics
SMOKE -> Precision: 0.905 - Recall: 0.900 - Accuracy: 0.907 - F1: 0.903
FIRE -> Precision: 0.943 - Recall: 0.923 - Accuracy: 0.966 - F1: 0.933

Saving model with new best validation loss: 22.144

=== EPOCH 54/159 ===
Learning Rate = 1e-05

TRAIN losses
Total Loss  |Smoke Loss  |Fire Loss   
------------ ------------ ------------
26.043      |18.156      |7.887       


VAL losses
Total Loss  |Smoke Loss  |Fire Loss   
------------ ------------ ------------
21.963      |15.427      |6.536       

VAL Metrics
SMOKE -> Precision: 0.909 - Recall: 0.899 - Accuracy: 0.908 - F1: 0.904
FIRE -> Precision: 0.943 - Recall: 0.922 - Accuracy: 0.965 - F1: 0.932

Saving model with new best validation loss: 21.963

=== EPOCH 55/159 ===
Learning Rate = 1e-05

TRAIN losses
Total Loss  |Smoke Loss  |Fire Loss   
------------ ------------ ------------
25.790      |17.797      |7.993       


VAL losses
Total Loss  |Smoke Loss  |Fire Loss   
------------ ------------ ------------
21.783      |15.247      |6.536       

VAL Metrics
SMOKE -> Precision: 0.907 - Recall: 0.908 - Accuracy: 0.911 - F1: 0.908
FIRE -> Precision: 0.937 - Recall: 0.929 - Accuracy: 0.965 - F1: 0.933

Saving model with new best validation loss: 21.783

=== EPOCH 56/159 ===
Learning Rate = 1e-05

TRAIN losses
Total Loss  |Smoke Loss  |Fire Loss   
------------ ------------ ------------
25.384      |17.749      |7.635       


VAL losses
Total Loss  |Smoke Loss  |Fire Loss   
------------ ------------ ------------
21.629      |15.152      |6.477       

VAL Metrics
SMOKE -> Precision: 0.913 - Recall: 0.901 - Accuracy: 0.911 - F1: 0.907
FIRE -> Precision: 0.947 - Recall: 0.921 - Accuracy: 0.966 - F1: 0.934

Saving model with new best validation loss: 21.629

=== EPOCH 57/159 ===
Learning Rate = 1e-05

TRAIN losses
Total Loss  |Smoke Loss  |Fire Loss   
------------ ------------ ------------
25.313      |17.563      |7.750       


VAL losses
Total Loss  |Smoke Loss  |Fire Loss   
------------ ------------ ------------
21.461      |15.038      |6.423       

VAL Metrics
SMOKE -> Precision: 0.911 - Recall: 0.907 - Accuracy: 0.913 - F1: 0.909
FIRE -> Precision: 0.946 - Recall: 0.923 - Accuracy: 0.966 - F1: 0.934

Saving model with new best validation loss: 21.461

=== EPOCH 58/159 ===
Learning Rate = 1e-05

TRAIN losses
Total Loss  |Smoke Loss  |Fire Loss   
------------ ------------ ------------
24.946      |17.112      |7.835       


VAL losses
Total Loss  |Smoke Loss  |Fire Loss   
------------ ------------ ------------
21.312      |14.908      |6.403       

VAL Metrics
SMOKE -> Precision: 0.912 - Recall: 0.907 - Accuracy: 0.913 - F1: 0.910
FIRE -> Precision: 0.941 - Recall: 0.926 - Accuracy: 0.966 - F1: 0.934

Saving model with new best validation loss: 21.312

=== EPOCH 59/159 ===
Learning Rate = 1e-05

TRAIN losses
Total Loss  |Smoke Loss  |Fire Loss   
------------ ------------ ------------
24.831      |17.318      |7.513       


VAL losses
Total Loss  |Smoke Loss  |Fire Loss   
------------ ------------ ------------
21.297      |14.938      |6.359       

VAL Metrics
SMOKE -> Precision: 0.916 - Recall: 0.891 - Accuracy: 0.909 - F1: 0.904
FIRE -> Precision: 0.945 - Recall: 0.924 - Accuracy: 0.966 - F1: 0.934

Saving model with new best validation loss: 21.297

=== EPOCH 60/159 ===
Learning Rate = 1e-05

TRAIN losses
Total Loss  |Smoke Loss  |Fire Loss   
------------ ------------ ------------
24.515      |16.906      |7.609       


VAL losses
Total Loss  |Smoke Loss  |Fire Loss   
------------ ------------ ------------
21.122      |14.796      |6.326       

VAL Metrics
SMOKE -> Precision: 0.911 - Recall: 0.906 - Accuracy: 0.912 - F1: 0.909
FIRE -> Precision: 0.946 - Recall: 0.925 - Accuracy: 0.967 - F1: 0.935

Saving model with new best validation loss: 21.122

=== EPOCH 61/159 ===
Learning Rate = 1e-05

TRAIN losses
Total Loss  |Smoke Loss  |Fire Loss   
------------ ------------ ------------
24.733      |17.219      |7.513       


VAL losses
Total Loss  |Smoke Loss  |Fire Loss   
------------ ------------ ------------
21.030      |14.697      |6.333       

VAL Metrics
SMOKE -> Precision: 0.919 - Recall: 0.900 - Accuracy: 0.913 - F1: 0.909
FIRE -> Precision: 0.943 - Recall: 0.929 - Accuracy: 0.967 - F1: 0.936

Saving model with new best validation loss: 21.030

=== EPOCH 62/159 ===
Learning Rate = 1e-05

TRAIN losses
Total Loss  |Smoke Loss  |Fire Loss   
------------ ------------ ------------
24.621      |16.995      |7.626       


VAL losses
Total Loss  |Smoke Loss  |Fire Loss   
------------ ------------ ------------
20.878      |14.565      |6.313       

VAL Metrics
SMOKE -> Precision: 0.917 - Recall: 0.908 - Accuracy: 0.916 - F1: 0.913
FIRE -> Precision: 0.947 - Recall: 0.928 - Accuracy: 0.968 - F1: 0.937

Saving model with new best validation loss: 20.878

=== EPOCH 63/159 ===
Learning Rate = 1e-05

TRAIN losses
Total Loss  |Smoke Loss  |Fire Loss   
------------ ------------ ------------
24.365      |16.838      |7.526       


VAL losses
Total Loss  |Smoke Loss  |Fire Loss   
------------ ------------ ------------
20.712      |14.400      |6.312       

VAL Metrics
SMOKE -> Precision: 0.916 - Recall: 0.916 - Accuracy: 0.919 - F1: 0.916
FIRE -> Precision: 0.937 - Recall: 0.934 - Accuracy: 0.967 - F1: 0.935

Saving model with new best validation loss: 20.712

=== EPOCH 64/159 ===
Learning Rate = 1e-05

TRAIN losses
Total Loss  |Smoke Loss  |Fire Loss   
------------ ------------ ------------
23.856      |16.505      |7.351       


VAL losses
Total Loss  |Smoke Loss  |Fire Loss   
------------ ------------ ------------
20.691      |14.446      |6.245       

VAL Metrics
SMOKE -> Precision: 0.920 - Recall: 0.898 - Accuracy: 0.913 - F1: 0.909
FIRE -> Precision: 0.949 - Recall: 0.929 - Accuracy: 0.969 - F1: 0.939

Saving model with new best validation loss: 20.691

=== EPOCH 65/159 ===
Learning Rate = 1e-05

TRAIN losses
Total Loss  |Smoke Loss  |Fire Loss   
------------ ------------ ------------
23.764      |16.562      |7.202       


VAL losses
Total Loss  |Smoke Loss  |Fire Loss   
------------ ------------ ------------
20.415      |14.169      |6.246       

VAL Metrics
SMOKE -> Precision: 0.914 - Recall: 0.913 - Accuracy: 0.917 - F1: 0.913
FIRE -> Precision: 0.945 - Recall: 0.928 - Accuracy: 0.967 - F1: 0.936

Saving model with new best validation loss: 20.415

=== EPOCH 66/159 ===
Learning Rate = 1e-05

TRAIN losses
Total Loss  |Smoke Loss  |Fire Loss   
------------ ------------ ------------
23.658      |16.318      |7.339       


VAL losses
Total Loss  |Smoke Loss  |Fire Loss   
------------ ------------ ------------
20.358      |14.187      |6.171       

VAL Metrics
SMOKE -> Precision: 0.923 - Recall: 0.908 - Accuracy: 0.919 - F1: 0.915
FIRE -> Precision: 0.951 - Recall: 0.927 - Accuracy: 0.969 - F1: 0.939

Saving model with new best validation loss: 20.358

=== EPOCH 67/159 ===
Learning Rate = 1e-05

TRAIN losses
Total Loss  |Smoke Loss  |Fire Loss   
------------ ------------ ------------
23.752      |16.339      |7.413       


VAL losses
Total Loss  |Smoke Loss  |Fire Loss   
------------ ------------ ------------
20.218      |14.052      |6.166       

VAL Metrics
SMOKE -> Precision: 0.913 - Recall: 0.916 - Accuracy: 0.917 - F1: 0.914
FIRE -> Precision: 0.957 - Recall: 0.923 - Accuracy: 0.969 - F1: 0.940

Saving model with new best validation loss: 20.218

=== EPOCH 68/159 ===
Learning Rate = 1e-05

TRAIN losses
Total Loss  |Smoke Loss  |Fire Loss   
------------ ------------ ------------
23.450      |16.237      |7.213       


VAL losses
Total Loss  |Smoke Loss  |Fire Loss   
------------ ------------ ------------
20.072      |13.947      |6.126       

VAL Metrics
SMOKE -> Precision: 0.916 - Recall: 0.912 - Accuracy: 0.917 - F1: 0.914
FIRE -> Precision: 0.948 - Recall: 0.927 - Accuracy: 0.968 - F1: 0.937

Saving model with new best validation loss: 20.072

=== EPOCH 69/159 ===
Learning Rate = 1e-05

TRAIN losses
Total Loss  |Smoke Loss  |Fire Loss   
------------ ------------ ------------
23.146      |15.812      |7.334       


VAL losses
Total Loss  |Smoke Loss  |Fire Loss   
------------ ------------ ------------
20.015      |13.926      |6.089       

VAL Metrics
SMOKE -> Precision: 0.923 - Recall: 0.906 - Accuracy: 0.919 - F1: 0.915
FIRE -> Precision: 0.954 - Recall: 0.926 - Accuracy: 0.969 - F1: 0.940

Saving model with new best validation loss: 20.015

=== EPOCH 70/159 ===
Learning Rate = 1e-05

TRAIN losses
Total Loss  |Smoke Loss  |Fire Loss   
------------ ------------ ------------
23.191      |16.219      |6.972       


VAL losses
Total Loss  |Smoke Loss  |Fire Loss   
------------ ------------ ------------
19.858      |13.744      |6.114       

VAL Metrics
SMOKE -> Precision: 0.922 - Recall: 0.906 - Accuracy: 0.918 - F1: 0.914
FIRE -> Precision: 0.950 - Recall: 0.926 - Accuracy: 0.968 - F1: 0.938

Saving model with new best validation loss: 19.858

=== EPOCH 71/159 ===
Learning Rate = 1e-05

TRAIN losses
Total Loss  |Smoke Loss  |Fire Loss   
------------ ------------ ------------
23.104      |15.904      |7.200       


VAL losses
Total Loss  |Smoke Loss  |Fire Loss   
------------ ------------ ------------
19.783      |13.719      |6.064       

VAL Metrics
SMOKE -> Precision: 0.921 - Recall: 0.917 - Accuracy: 0.922 - F1: 0.919
FIRE -> Precision: 0.948 - Recall: 0.929 - Accuracy: 0.968 - F1: 0.938

Saving model with new best validation loss: 19.783

=== EPOCH 72/159 ===
Learning Rate = 1e-05

TRAIN losses
Total Loss  |Smoke Loss  |Fire Loss   
------------ ------------ ------------
22.511      |15.629      |6.882       


VAL losses
Total Loss  |Smoke Loss  |Fire Loss   
------------ ------------ ------------
19.779      |13.708      |6.071       

VAL Metrics
SMOKE -> Precision: 0.929 - Recall: 0.901 - Accuracy: 0.920 - F1: 0.915
FIRE -> Precision: 0.957 - Recall: 0.923 - Accuracy: 0.969 - F1: 0.939

Saving model with new best validation loss: 19.779

=== EPOCH 73/159 ===
Learning Rate = 1e-05

TRAIN losses
Total Loss  |Smoke Loss  |Fire Loss   
------------ ------------ ------------
22.747      |15.815      |6.932       


VAL losses
Total Loss  |Smoke Loss  |Fire Loss   
------------ ------------ ------------
19.606      |13.526      |6.081       

VAL Metrics
SMOKE -> Precision: 0.922 - Recall: 0.918 - Accuracy: 0.923 - F1: 0.920
FIRE -> Precision: 0.939 - Recall: 0.936 - Accuracy: 0.968 - F1: 0.937

Saving model with new best validation loss: 19.606

=== EPOCH 74/159 ===
Learning Rate = 1e-05

TRAIN losses
Total Loss  |Smoke Loss  |Fire Loss   
------------ ------------ ------------
22.615      |15.653      |6.962       


VAL losses
Total Loss  |Smoke Loss  |Fire Loss   
------------ ------------ ------------
19.545      |13.499      |6.046       

VAL Metrics
SMOKE -> Precision: 0.925 - Recall: 0.913 - Accuracy: 0.923 - F1: 0.919
FIRE -> Precision: 0.951 - Recall: 0.926 - Accuracy: 0.969 - F1: 0.938

Saving model with new best validation loss: 19.545

=== EPOCH 75/159 ===
Learning Rate = 1e-05

TRAIN losses
Total Loss  |Smoke Loss  |Fire Loss   
------------ ------------ ------------
22.803      |15.680      |7.123       


VAL losses
Total Loss  |Smoke Loss  |Fire Loss   
------------ ------------ ------------
19.452      |13.425      |6.027       

VAL Metrics
SMOKE -> Precision: 0.927 - Recall: 0.913 - Accuracy: 0.923 - F1: 0.920
FIRE -> Precision: 0.947 - Recall: 0.930 - Accuracy: 0.968 - F1: 0.938

Saving model with new best validation loss: 19.452

=== EPOCH 76/159 ===
Learning Rate = 1e-05

TRAIN losses
Total Loss  |Smoke Loss  |Fire Loss   
------------ ------------ ------------
22.238      |15.382      |6.855       


VAL losses
Total Loss  |Smoke Loss  |Fire Loss   
------------ ------------ ------------
19.508      |13.520      |5.988       

VAL Metrics
SMOKE -> Precision: 0.929 - Recall: 0.899 - Accuracy: 0.918 - F1: 0.914
FIRE -> Precision: 0.954 - Recall: 0.927 - Accuracy: 0.969 - F1: 0.940

=== EPOCH 77/159 ===
Learning Rate = 1e-05

TRAIN losses
Total Loss  |Smoke Loss  |Fire Loss   
------------ ------------ ------------
22.491      |15.621      |6.870       


VAL losses
Total Loss  |Smoke Loss  |Fire Loss   
------------ ------------ ------------
19.378      |13.395      |5.983       

VAL Metrics
SMOKE -> Precision: 0.928 - Recall: 0.910 - Accuracy: 0.923 - F1: 0.919
FIRE -> Precision: 0.947 - Recall: 0.930 - Accuracy: 0.968 - F1: 0.938

Saving model with new best validation loss: 19.378

=== EPOCH 78/159 ===
Learning Rate = 1e-05

TRAIN losses
Total Loss  |Smoke Loss  |Fire Loss   
------------ ------------ ------------
21.964      |15.146      |6.819       


VAL losses
Total Loss  |Smoke Loss  |Fire Loss   
------------ ------------ ------------
19.234      |13.220      |6.014       

VAL Metrics
SMOKE -> Precision: 0.923 - Recall: 0.918 - Accuracy: 0.924 - F1: 0.920
FIRE -> Precision: 0.939 - Recall: 0.937 - Accuracy: 0.968 - F1: 0.938

Saving model with new best validation loss: 19.234

=== EPOCH 79/159 ===
Learning Rate = 1e-05

TRAIN losses
Total Loss  |Smoke Loss  |Fire Loss   
------------ ------------ ------------
21.800      |14.980      |6.820       


VAL losses
Total Loss  |Smoke Loss  |Fire Loss   
------------ ------------ ------------
19.212      |13.242      |5.970       

VAL Metrics
SMOKE -> Precision: 0.929 - Recall: 0.914 - Accuracy: 0.925 - F1: 0.921
FIRE -> Precision: 0.941 - Recall: 0.935 - Accuracy: 0.968 - F1: 0.938

Saving model with new best validation loss: 19.212

=== EPOCH 80/159 ===
Learning Rate = 1e-05

TRAIN losses
Total Loss  |Smoke Loss  |Fire Loss   
------------ ------------ ------------
21.953      |15.255      |6.698       


VAL losses
Total Loss  |Smoke Loss  |Fire Loss   
------------ ------------ ------------
19.014      |13.088      |5.926       

VAL Metrics
SMOKE -> Precision: 0.927 - Recall: 0.917 - Accuracy: 0.925 - F1: 0.922
FIRE -> Precision: 0.957 - Recall: 0.928 - Accuracy: 0.971 - F1: 0.942

Saving model with new best validation loss: 19.014

=== EPOCH 81/159 ===
Learning Rate = 1e-05

TRAIN losses
Total Loss  |Smoke Loss  |Fire Loss   
------------ ------------ ------------
21.818      |15.084      |6.734       


VAL losses
Total Loss  |Smoke Loss  |Fire Loss   
------------ ------------ ------------
18.958      |12.972      |5.986       

VAL Metrics
SMOKE -> Precision: 0.925 - Recall: 0.921 - Accuracy: 0.926 - F1: 0.923
FIRE -> Precision: 0.937 - Recall: 0.938 - Accuracy: 0.968 - F1: 0.937

Saving model with new best validation loss: 18.958

=== EPOCH 82/159 ===
Learning Rate = 1e-05

TRAIN losses
Total Loss  |Smoke Loss  |Fire Loss   
------------ ------------ ------------
21.463      |14.795      |6.668       


VAL losses
Total Loss  |Smoke Loss  |Fire Loss   
------------ ------------ ------------
18.906      |12.995      |5.911       

VAL Metrics
SMOKE -> Precision: 0.928 - Recall: 0.910 - Accuracy: 0.923 - F1: 0.919
FIRE -> Precision: 0.948 - Recall: 0.932 - Accuracy: 0.969 - F1: 0.940

Saving model with new best validation loss: 18.906

=== EPOCH 83/159 ===
Learning Rate = 1e-05

TRAIN losses
Total Loss  |Smoke Loss  |Fire Loss   
------------ ------------ ------------
21.396      |14.653      |6.743       


VAL losses
Total Loss  |Smoke Loss  |Fire Loss   
------------ ------------ ------------
18.833      |12.935      |5.898       

VAL Metrics
SMOKE -> Precision: 0.931 - Recall: 0.912 - Accuracy: 0.925 - F1: 0.921
FIRE -> Precision: 0.955 - Recall: 0.926 - Accuracy: 0.969 - F1: 0.940

Saving model with new best validation loss: 18.833

=== EPOCH 84/159 ===
Learning Rate = 1e-05

TRAIN losses
Total Loss  |Smoke Loss  |Fire Loss   
------------ ------------ ------------
21.279      |14.685      |6.594       


VAL losses
Total Loss  |Smoke Loss  |Fire Loss   
------------ ------------ ------------
18.721      |12.847      |5.874       

VAL Metrics
SMOKE -> Precision: 0.932 - Recall: 0.915 - Accuracy: 0.927 - F1: 0.923
FIRE -> Precision: 0.960 - Recall: 0.923 - Accuracy: 0.970 - F1: 0.941

Saving model with new best validation loss: 18.721

=== EPOCH 85/159 ===
Learning Rate = 1e-05

TRAIN losses
Total Loss  |Smoke Loss  |Fire Loss   
------------ ------------ ------------
21.309      |14.693      |6.616       


VAL losses
Total Loss  |Smoke Loss  |Fire Loss   
------------ ------------ ------------
18.700      |12.850      |5.850       

VAL Metrics
SMOKE -> Precision: 0.933 - Recall: 0.915 - Accuracy: 0.927 - F1: 0.924
FIRE -> Precision: 0.955 - Recall: 0.932 - Accuracy: 0.971 - F1: 0.943

Saving model with new best validation loss: 18.700

=== EPOCH 86/159 ===
Learning Rate = 1e-05

TRAIN losses
Total Loss  |Smoke Loss  |Fire Loss   
------------ ------------ ------------
21.094      |14.532      |6.562       


VAL losses
Total Loss  |Smoke Loss  |Fire Loss   
------------ ------------ ------------
18.609      |12.805      |5.804       

VAL Metrics
SMOKE -> Precision: 0.928 - Recall: 0.919 - Accuracy: 0.927 - F1: 0.923
FIRE -> Precision: 0.963 - Recall: 0.923 - Accuracy: 0.971 - F1: 0.942

Saving model with new best validation loss: 18.609

=== EPOCH 87/159 ===
Learning Rate = 1e-05

TRAIN losses
Total Loss  |Smoke Loss  |Fire Loss   
------------ ------------ ------------
21.007      |14.403      |6.605       


VAL losses
Total Loss  |Smoke Loss  |Fire Loss   
------------ ------------ ------------
18.476      |12.685      |5.792       

VAL Metrics
SMOKE -> Precision: 0.929 - Recall: 0.921 - Accuracy: 0.928 - F1: 0.925
FIRE -> Precision: 0.956 - Recall: 0.930 - Accuracy: 0.971 - F1: 0.942

Saving model with new best validation loss: 18.476

=== EPOCH 88/159 ===
Learning Rate = 1e-05

TRAIN losses
Total Loss  |Smoke Loss  |Fire Loss   
------------ ------------ ------------
20.899      |14.374      |6.525       


VAL losses
Total Loss  |Smoke Loss  |Fire Loss   
------------ ------------ ------------
18.438      |12.679      |5.759       

VAL Metrics
SMOKE -> Precision: 0.930 - Recall: 0.921 - Accuracy: 0.928 - F1: 0.925
FIRE -> Precision: 0.950 - Recall: 0.934 - Accuracy: 0.970 - F1: 0.942

Saving model with new best validation loss: 18.438

=== EPOCH 89/159 ===
Learning Rate = 1e-05

TRAIN losses
Total Loss  |Smoke Loss  |Fire Loss   
------------ ------------ ------------
20.552      |14.389      |6.163       


VAL losses
Total Loss  |Smoke Loss  |Fire Loss   
------------ ------------ ------------
18.338      |12.538      |5.800       

VAL Metrics
SMOKE -> Precision: 0.924 - Recall: 0.927 - Accuracy: 0.928 - F1: 0.925
FIRE -> Precision: 0.946 - Recall: 0.933 - Accuracy: 0.969 - F1: 0.940

Saving model with new best validation loss: 18.338

=== EPOCH 90/159 ===
Learning Rate = 1e-05

TRAIN losses
Total Loss  |Smoke Loss  |Fire Loss   
------------ ------------ ------------
20.602      |14.194      |6.408       


VAL losses
Total Loss  |Smoke Loss  |Fire Loss   
------------ ------------ ------------
18.198      |12.463      |5.734       

VAL Metrics
SMOKE -> Precision: 0.931 - Recall: 0.921 - Accuracy: 0.930 - F1: 0.926
FIRE -> Precision: 0.950 - Recall: 0.932 - Accuracy: 0.970 - F1: 0.941

Saving model with new best validation loss: 18.198

=== EPOCH 91/159 ===
Learning Rate = 1e-05

TRAIN losses
Total Loss  |Smoke Loss  |Fire Loss   
------------ ------------ ------------
20.496      |14.164      |6.332       


VAL losses
Total Loss  |Smoke Loss  |Fire Loss   
------------ ------------ ------------
18.219      |12.479      |5.740       

VAL Metrics
SMOKE -> Precision: 0.934 - Recall: 0.918 - Accuracy: 0.929 - F1: 0.926
FIRE -> Precision: 0.953 - Recall: 0.932 - Accuracy: 0.971 - F1: 0.943

=== EPOCH 92/159 ===
Learning Rate = 1e-05

TRAIN losses
Total Loss  |Smoke Loss  |Fire Loss   
------------ ------------ ------------
20.615      |14.168      |6.447       


VAL losses
Total Loss  |Smoke Loss  |Fire Loss   
------------ ------------ ------------
18.130      |12.420      |5.710       

VAL Metrics
SMOKE -> Precision: 0.932 - Recall: 0.923 - Accuracy: 0.930 - F1: 0.927
FIRE -> Precision: 0.958 - Recall: 0.931 - Accuracy: 0.972 - F1: 0.944

Saving model with new best validation loss: 18.130

=== EPOCH 93/159 ===
Learning Rate = 1e-05

TRAIN losses
Total Loss  |Smoke Loss  |Fire Loss   
------------ ------------ ------------
20.074      |13.971      |6.103       


VAL losses
Total Loss  |Smoke Loss  |Fire Loss   
------------ ------------ ------------
18.107      |12.422      |5.685       

VAL Metrics
SMOKE -> Precision: 0.937 - Recall: 0.917 - Accuracy: 0.930 - F1: 0.927
FIRE -> Precision: 0.953 - Recall: 0.932 - Accuracy: 0.970 - F1: 0.942

Saving model with new best validation loss: 18.107

=== EPOCH 94/159 ===
Learning Rate = 1e-05

TRAIN losses
Total Loss  |Smoke Loss  |Fire Loss   
------------ ------------ ------------
20.311      |14.115      |6.196       


VAL losses
Total Loss  |Smoke Loss  |Fire Loss   
------------ ------------ ------------
18.031      |12.250      |5.781       

VAL Metrics
SMOKE -> Precision: 0.932 - Recall: 0.921 - Accuracy: 0.930 - F1: 0.927
FIRE -> Precision: 0.946 - Recall: 0.938 - Accuracy: 0.970 - F1: 0.942

Saving model with new best validation loss: 18.031

=== EPOCH 95/159 ===
Learning Rate = 1e-05

TRAIN losses
Total Loss  |Smoke Loss  |Fire Loss   
------------ ------------ ------------
19.839      |13.896      |5.943       


VAL losses
Total Loss  |Smoke Loss  |Fire Loss   
------------ ------------ ------------
17.956      |12.233      |5.724       

VAL Metrics
SMOKE -> Precision: 0.931 - Recall: 0.924 - Accuracy: 0.931 - F1: 0.928
FIRE -> Precision: 0.952 - Recall: 0.938 - Accuracy: 0.972 - F1: 0.945

Saving model with new best validation loss: 17.956

=== EPOCH 96/159 ===
Learning Rate = 1e-05

TRAIN losses
Total Loss  |Smoke Loss  |Fire Loss   
------------ ------------ ------------
19.995      |13.907      |6.088       


VAL losses
Total Loss  |Smoke Loss  |Fire Loss   
------------ ------------ ------------
17.805      |12.141      |5.665       

VAL Metrics
SMOKE -> Precision: 0.933 - Recall: 0.926 - Accuracy: 0.932 - F1: 0.929
FIRE -> Precision: 0.949 - Recall: 0.937 - Accuracy: 0.971 - F1: 0.943

Saving model with new best validation loss: 17.805

=== EPOCH 97/159 ===
Learning Rate = 1e-05

TRAIN losses
Total Loss  |Smoke Loss  |Fire Loss   
------------ ------------ ------------
20.212      |13.965      |6.246       


VAL losses
Total Loss  |Smoke Loss  |Fire Loss   
------------ ------------ ------------
17.858      |12.198      |5.660       

VAL Metrics
SMOKE -> Precision: 0.931 - Recall: 0.921 - Accuracy: 0.929 - F1: 0.926
FIRE -> Precision: 0.959 - Recall: 0.929 - Accuracy: 0.971 - F1: 0.944

=== EPOCH 98/159 ===
Learning Rate = 1e-05

TRAIN losses
Total Loss  |Smoke Loss  |Fire Loss   
------------ ------------ ------------
19.915      |13.606      |6.309       


VAL losses
Total Loss  |Smoke Loss  |Fire Loss   
------------ ------------ ------------
17.880      |12.214      |5.666       

VAL Metrics
SMOKE -> Precision: 0.935 - Recall: 0.918 - Accuracy: 0.930 - F1: 0.926
FIRE -> Precision: 0.950 - Recall: 0.936 - Accuracy: 0.971 - F1: 0.943

=== EPOCH 99/159 ===
Learning Rate = 1e-05

TRAIN losses
Total Loss  |Smoke Loss  |Fire Loss   
------------ ------------ ------------
19.660      |13.540      |6.120       


VAL losses
Total Loss  |Smoke Loss  |Fire Loss   
------------ ------------ ------------
17.677      |12.056      |5.621       

VAL Metrics
SMOKE -> Precision: 0.933 - Recall: 0.925 - Accuracy: 0.932 - F1: 0.929
FIRE -> Precision: 0.954 - Recall: 0.932 - Accuracy: 0.971 - F1: 0.943

Saving model with new best validation loss: 17.677

=== EPOCH 100/159 ===
Learning Rate = 1e-05

TRAIN losses
Total Loss  |Smoke Loss  |Fire Loss   
------------ ------------ ------------
19.712      |13.532      |6.180       


VAL losses
Total Loss  |Smoke Loss  |Fire Loss   
------------ ------------ ------------
17.672      |12.035      |5.637       

VAL Metrics
SMOKE -> Precision: 0.936 - Recall: 0.923 - Accuracy: 0.933 - F1: 0.929
FIRE -> Precision: 0.950 - Recall: 0.932 - Accuracy: 0.970 - F1: 0.941

Saving model with new best validation loss: 17.672

=== EPOCH 101/159 ===
Learning Rate = 1e-05

TRAIN losses
Total Loss  |Smoke Loss  |Fire Loss   
------------ ------------ ------------
19.642      |13.569      |6.073       


VAL losses
Total Loss  |Smoke Loss  |Fire Loss   
------------ ------------ ------------
17.577      |11.990      |5.586       

VAL Metrics
SMOKE -> Precision: 0.934 - Recall: 0.923 - Accuracy: 0.932 - F1: 0.929
FIRE -> Precision: 0.957 - Recall: 0.932 - Accuracy: 0.972 - F1: 0.944

Saving model with new best validation loss: 17.577

=== EPOCH 102/159 ===
Learning Rate = 1e-05

TRAIN losses
Total Loss  |Smoke Loss  |Fire Loss   
------------ ------------ ------------
19.583      |13.351      |6.232       


VAL losses
Total Loss  |Smoke Loss  |Fire Loss   
------------ ------------ ------------
17.731      |12.113      |5.618       

VAL Metrics
SMOKE -> Precision: 0.937 - Recall: 0.915 - Accuracy: 0.930 - F1: 0.926
FIRE -> Precision: 0.949 - Recall: 0.934 - Accuracy: 0.970 - F1: 0.941

=== EPOCH 103/159 ===
Learning Rate = 1e-05

TRAIN losses
Total Loss  |Smoke Loss  |Fire Loss   
------------ ------------ ------------
19.512      |13.409      |6.103       


VAL losses
Total Loss  |Smoke Loss  |Fire Loss   
------------ ------------ ------------
17.475      |11.863      |5.612       

VAL Metrics
SMOKE -> Precision: 0.935 - Recall: 0.930 - Accuracy: 0.935 - F1: 0.932
FIRE -> Precision: 0.953 - Recall: 0.932 - Accuracy: 0.971 - F1: 0.943

Saving model with new best validation loss: 17.475

=== EPOCH 104/159 ===
Learning Rate = 1e-05

TRAIN losses
Total Loss  |Smoke Loss  |Fire Loss   
------------ ------------ ------------
19.055      |13.079      |5.976       


VAL losses
Total Loss  |Smoke Loss  |Fire Loss   
------------ ------------ ------------
17.579      |11.997      |5.582       

VAL Metrics
SMOKE -> Precision: 0.938 - Recall: 0.916 - Accuracy: 0.930 - F1: 0.927
FIRE -> Precision: 0.962 - Recall: 0.930 - Accuracy: 0.972 - F1: 0.945

=== EPOCH 105/159 ===
Learning Rate = 1e-05

TRAIN losses
Total Loss  |Smoke Loss  |Fire Loss   
------------ ------------ ------------
19.034      |13.168      |5.867       


VAL losses
Total Loss  |Smoke Loss  |Fire Loss   
------------ ------------ ------------
17.379      |11.715      |5.664       

VAL Metrics
SMOKE -> Precision: 0.934 - Recall: 0.929 - Accuracy: 0.934 - F1: 0.931
FIRE -> Precision: 0.945 - Recall: 0.940 - Accuracy: 0.970 - F1: 0.942

Saving model with new best validation loss: 17.379

=== EPOCH 106/159 ===
Learning Rate = 1e-05

TRAIN losses
Total Loss  |Smoke Loss  |Fire Loss   
------------ ------------ ------------
18.968      |13.010      |5.958       


VAL losses
Total Loss  |Smoke Loss  |Fire Loss   
------------ ------------ ------------
17.352      |11.830      |5.522       

VAL Metrics
SMOKE -> Precision: 0.937 - Recall: 0.923 - Accuracy: 0.933 - F1: 0.930
FIRE -> Precision: 0.958 - Recall: 0.931 - Accuracy: 0.972 - F1: 0.944

Saving model with new best validation loss: 17.352

=== EPOCH 107/159 ===
Learning Rate = 1e-05

TRAIN losses
Total Loss  |Smoke Loss  |Fire Loss   
------------ ------------ ------------
18.824      |13.004      |5.820       


VAL losses
Total Loss  |Smoke Loss  |Fire Loss   
------------ ------------ ------------
17.269      |11.694      |5.575       

VAL Metrics
SMOKE -> Precision: 0.937 - Recall: 0.927 - Accuracy: 0.935 - F1: 0.932
FIRE -> Precision: 0.946 - Recall: 0.940 - Accuracy: 0.970 - F1: 0.943

Saving model with new best validation loss: 17.269

=== EPOCH 108/159 ===
Learning Rate = 1e-05

TRAIN losses
Total Loss  |Smoke Loss  |Fire Loss   
------------ ------------ ------------
18.660      |12.878      |5.782       


VAL losses
Total Loss  |Smoke Loss  |Fire Loss   
------------ ------------ ------------
17.299      |11.650      |5.649       

VAL Metrics
SMOKE -> Precision: 0.935 - Recall: 0.927 - Accuracy: 0.934 - F1: 0.931
FIRE -> Precision: 0.944 - Recall: 0.938 - Accuracy: 0.969 - F1: 0.941

=== EPOCH 109/159 ===
Learning Rate = 1e-05

TRAIN losses
Total Loss  |Smoke Loss  |Fire Loss   
------------ ------------ ------------
18.759      |12.910      |5.850       


VAL losses
Total Loss  |Smoke Loss  |Fire Loss   
------------ ------------ ------------
17.208      |11.684      |5.524       

VAL Metrics
SMOKE -> Precision: 0.937 - Recall: 0.922 - Accuracy: 0.933 - F1: 0.930
FIRE -> Precision: 0.955 - Recall: 0.933 - Accuracy: 0.971 - F1: 0.944

Saving model with new best validation loss: 17.208

=== EPOCH 110/159 ===
Learning Rate = 1e-05

TRAIN losses
Total Loss  |Smoke Loss  |Fire Loss   
------------ ------------ ------------
18.543      |12.816      |5.727       


VAL losses
Total Loss  |Smoke Loss  |Fire Loss   
------------ ------------ ------------
17.045      |11.535      |5.510       

VAL Metrics
SMOKE -> Precision: 0.939 - Recall: 0.928 - Accuracy: 0.936 - F1: 0.933
FIRE -> Precision: 0.949 - Recall: 0.939 - Accuracy: 0.971 - F1: 0.944

Saving model with new best validation loss: 17.045

=== EPOCH 111/159 ===
Learning Rate = 1e-05

TRAIN losses
Total Loss  |Smoke Loss  |Fire Loss   
------------ ------------ ------------
18.655      |12.770      |5.885       


VAL losses
Total Loss  |Smoke Loss  |Fire Loss   
------------ ------------ ------------
17.107      |11.607      |5.501       

VAL Metrics
SMOKE -> Precision: 0.938 - Recall: 0.927 - Accuracy: 0.935 - F1: 0.932
FIRE -> Precision: 0.949 - Recall: 0.936 - Accuracy: 0.970 - F1: 0.942

=== EPOCH 112/159 ===
Learning Rate = 1e-05

TRAIN losses
Total Loss  |Smoke Loss  |Fire Loss   
------------ ------------ ------------
18.542      |12.784      |5.758       


VAL losses
Total Loss  |Smoke Loss  |Fire Loss   
------------ ------------ ------------
17.028      |11.534      |5.493       

VAL Metrics
SMOKE -> Precision: 0.939 - Recall: 0.924 - Accuracy: 0.934 - F1: 0.931
FIRE -> Precision: 0.956 - Recall: 0.932 - Accuracy: 0.971 - F1: 0.944

Saving model with new best validation loss: 17.028

=== EPOCH 113/159 ===
Learning Rate = 1e-05

TRAIN losses
Total Loss  |Smoke Loss  |Fire Loss   
------------ ------------ ------------
18.548      |12.866      |5.682       


VAL losses
Total Loss  |Smoke Loss  |Fire Loss   
------------ ------------ ------------
17.028      |11.560      |5.468       

VAL Metrics
SMOKE -> Precision: 0.937 - Recall: 0.927 - Accuracy: 0.935 - F1: 0.932
FIRE -> Precision: 0.970 - Recall: 0.929 - Accuracy: 0.974 - F1: 0.949

=== EPOCH 114/159 ===
Learning Rate = 1e-05

TRAIN losses
Total Loss  |Smoke Loss  |Fire Loss   
------------ ------------ ------------
18.375      |12.703      |5.672       


VAL losses
Total Loss  |Smoke Loss  |Fire Loss   
------------ ------------ ------------
17.050      |11.537      |5.513       

VAL Metrics
SMOKE -> Precision: 0.939 - Recall: 0.928 - Accuracy: 0.936 - F1: 0.933
FIRE -> Precision: 0.945 - Recall: 0.939 - Accuracy: 0.970 - F1: 0.942

=== EPOCH 115/159 ===
Learning Rate = 1e-05

TRAIN losses
Total Loss  |Smoke Loss  |Fire Loss   
------------ ------------ ------------
18.365      |12.664      |5.702       


VAL losses
Total Loss  |Smoke Loss  |Fire Loss   
------------ ------------ ------------
16.880      |11.450      |5.430       

VAL Metrics
SMOKE -> Precision: 0.935 - Recall: 0.934 - Accuracy: 0.937 - F1: 0.935
FIRE -> Precision: 0.955 - Recall: 0.937 - Accuracy: 0.972 - F1: 0.946

Saving model with new best validation loss: 16.880

=== EPOCH 116/159 ===
Learning Rate = 1e-05

TRAIN losses
Total Loss  |Smoke Loss  |Fire Loss   
------------ ------------ ------------
18.412      |12.773      |5.639       


VAL losses
Total Loss  |Smoke Loss  |Fire Loss   
------------ ------------ ------------
16.783      |11.361      |5.423       

VAL Metrics
SMOKE -> Precision: 0.937 - Recall: 0.928 - Accuracy: 0.936 - F1: 0.933
FIRE -> Precision: 0.955 - Recall: 0.932 - Accuracy: 0.971 - F1: 0.943

Saving model with new best validation loss: 16.783

=== EPOCH 117/159 ===
Learning Rate = 1e-05

TRAIN losses
Total Loss  |Smoke Loss  |Fire Loss   
------------ ------------ ------------
17.939      |12.348      |5.591       


VAL losses
Total Loss  |Smoke Loss  |Fire Loss   
------------ ------------ ------------
16.811      |11.312      |5.499       

VAL Metrics
SMOKE -> Precision: 0.935 - Recall: 0.937 - Accuracy: 0.938 - F1: 0.936
FIRE -> Precision: 0.948 - Recall: 0.940 - Accuracy: 0.971 - F1: 0.944

=== EPOCH 118/159 ===
Learning Rate = 1e-05

TRAIN losses
Total Loss  |Smoke Loss  |Fire Loss   
------------ ------------ ------------
18.426      |12.706      |5.720       


VAL losses
Total Loss  |Smoke Loss  |Fire Loss   
------------ ------------ ------------
16.661      |11.246      |5.414       

VAL Metrics
SMOKE -> Precision: 0.935 - Recall: 0.935 - Accuracy: 0.938 - F1: 0.935
FIRE -> Precision: 0.958 - Recall: 0.934 - Accuracy: 0.972 - F1: 0.946

Saving model with new best validation loss: 16.661

=== EPOCH 119/159 ===
Learning Rate = 1e-05

TRAIN losses
Total Loss  |Smoke Loss  |Fire Loss   
------------ ------------ ------------
17.960      |12.360      |5.601       


VAL losses
Total Loss  |Smoke Loss  |Fire Loss   
------------ ------------ ------------
16.751      |11.348      |5.403       

VAL Metrics
SMOKE -> Precision: 0.942 - Recall: 0.922 - Accuracy: 0.935 - F1: 0.932
FIRE -> Precision: 0.962 - Recall: 0.932 - Accuracy: 0.973 - F1: 0.947

=== EPOCH 120/159 ===
Learning Rate = 1e-05

TRAIN losses
Total Loss  |Smoke Loss  |Fire Loss   
------------ ------------ ------------
17.821      |12.265      |5.555       


VAL losses
Total Loss  |Smoke Loss  |Fire Loss   
------------ ------------ ------------
16.607      |11.222      |5.385       

VAL Metrics
SMOKE -> Precision: 0.938 - Recall: 0.931 - Accuracy: 0.938 - F1: 0.935
FIRE -> Precision: 0.958 - Recall: 0.935 - Accuracy: 0.973 - F1: 0.947

Saving model with new best validation loss: 16.607

=== EPOCH 121/159 ===
Learning Rate = 1e-05

TRAIN losses
Total Loss  |Smoke Loss  |Fire Loss   
------------ ------------ ------------
17.617      |12.084      |5.533       


VAL losses
Total Loss  |Smoke Loss  |Fire Loss   
------------ ------------ ------------
16.603      |11.193      |5.410       

VAL Metrics
SMOKE -> Precision: 0.938 - Recall: 0.931 - Accuracy: 0.938 - F1: 0.935
FIRE -> Precision: 0.951 - Recall: 0.940 - Accuracy: 0.972 - F1: 0.945

Saving model with new best validation loss: 16.603

=== EPOCH 122/159 ===
Learning Rate = 1e-05

TRAIN losses
Total Loss  |Smoke Loss  |Fire Loss   
------------ ------------ ------------
17.854      |12.570      |5.284       


VAL losses
Total Loss  |Smoke Loss  |Fire Loss   
------------ ------------ ------------
16.542      |11.188      |5.354       

VAL Metrics
SMOKE -> Precision: 0.941 - Recall: 0.926 - Accuracy: 0.937 - F1: 0.934
FIRE -> Precision: 0.964 - Recall: 0.932 - Accuracy: 0.973 - F1: 0.947

Saving model with new best validation loss: 16.542

=== EPOCH 123/159 ===
Learning Rate = 1e-05

TRAIN losses
Total Loss  |Smoke Loss  |Fire Loss   
------------ ------------ ------------
17.559      |11.972      |5.587       


VAL losses
Total Loss  |Smoke Loss  |Fire Loss   
------------ ------------ ------------
16.469      |11.102      |5.367       

VAL Metrics
SMOKE -> Precision: 0.939 - Recall: 0.934 - Accuracy: 0.939 - F1: 0.936
FIRE -> Precision: 0.947 - Recall: 0.941 - Accuracy: 0.971 - F1: 0.944

Saving model with new best validation loss: 16.469

=== EPOCH 124/159 ===
Learning Rate = 1e-05

TRAIN losses
Total Loss  |Smoke Loss  |Fire Loss   
------------ ------------ ------------
17.573      |12.122      |5.452       


VAL losses
Total Loss  |Smoke Loss  |Fire Loss   
------------ ------------ ------------
16.439      |11.118      |5.321       

VAL Metrics
SMOKE -> Precision: 0.939 - Recall: 0.933 - Accuracy: 0.939 - F1: 0.936
FIRE -> Precision: 0.958 - Recall: 0.937 - Accuracy: 0.973 - F1: 0.947

Saving model with new best validation loss: 16.439

=== EPOCH 125/159 ===
Learning Rate = 1e-05

TRAIN losses
Total Loss  |Smoke Loss  |Fire Loss   
------------ ------------ ------------
17.416      |12.107      |5.308       


VAL losses
Total Loss  |Smoke Loss  |Fire Loss   
------------ ------------ ------------
16.414      |11.092      |5.321       

VAL Metrics
SMOKE -> Precision: 0.938 - Recall: 0.930 - Accuracy: 0.937 - F1: 0.934
FIRE -> Precision: 0.955 - Recall: 0.939 - Accuracy: 0.973 - F1: 0.947

Saving model with new best validation loss: 16.414

=== EPOCH 126/159 ===
Learning Rate = 1e-05

TRAIN losses
Total Loss  |Smoke Loss  |Fire Loss   
------------ ------------ ------------
17.531      |12.058      |5.473       


VAL losses
Total Loss  |Smoke Loss  |Fire Loss   
------------ ------------ ------------
16.375      |11.030      |5.345       

VAL Metrics
SMOKE -> Precision: 0.940 - Recall: 0.931 - Accuracy: 0.938 - F1: 0.936
FIRE -> Precision: 0.958 - Recall: 0.936 - Accuracy: 0.973 - F1: 0.947

Saving model with new best validation loss: 16.375

=== EPOCH 127/159 ===
Learning Rate = 1e-05

TRAIN losses
Total Loss  |Smoke Loss  |Fire Loss   
------------ ------------ ------------
17.506      |12.116      |5.390       


VAL losses
Total Loss  |Smoke Loss  |Fire Loss   
------------ ------------ ------------
16.371      |11.039      |5.333       

VAL Metrics
SMOKE -> Precision: 0.942 - Recall: 0.929 - Accuracy: 0.938 - F1: 0.936
FIRE -> Precision: 0.956 - Recall: 0.937 - Accuracy: 0.972 - F1: 0.946

Saving model with new best validation loss: 16.371

=== EPOCH 128/159 ===
Learning Rate = 1e-05

TRAIN losses
Total Loss  |Smoke Loss  |Fire Loss   
------------ ------------ ------------
17.373      |12.033      |5.340       


VAL losses
Total Loss  |Smoke Loss  |Fire Loss   
------------ ------------ ------------
16.311      |10.983      |5.329       

VAL Metrics
SMOKE -> Precision: 0.941 - Recall: 0.930 - Accuracy: 0.938 - F1: 0.936
FIRE -> Precision: 0.965 - Recall: 0.933 - Accuracy: 0.974 - F1: 0.949

Saving model with new best validation loss: 16.311

=== EPOCH 129/159 ===
Learning Rate = 1e-05

TRAIN losses
Total Loss  |Smoke Loss  |Fire Loss   
------------ ------------ ------------
17.267      |11.834      |5.433       


VAL losses
Total Loss  |Smoke Loss  |Fire Loss   
------------ ------------ ------------
16.307      |10.963      |5.344       

VAL Metrics
SMOKE -> Precision: 0.941 - Recall: 0.933 - Accuracy: 0.940 - F1: 0.937
FIRE -> Precision: 0.966 - Recall: 0.933 - Accuracy: 0.974 - F1: 0.949

Saving model with new best validation loss: 16.307

=== EPOCH 130/159 ===
Learning Rate = 1e-05

TRAIN losses
Total Loss  |Smoke Loss  |Fire Loss   
------------ ------------ ------------
17.240      |11.920      |5.320       


VAL losses
Total Loss  |Smoke Loss  |Fire Loss   
------------ ------------ ------------
16.159      |10.826      |5.333       

VAL Metrics
SMOKE -> Precision: 0.940 - Recall: 0.940 - Accuracy: 0.942 - F1: 0.940
FIRE -> Precision: 0.953 - Recall: 0.941 - Accuracy: 0.973 - F1: 0.947

Saving model with new best validation loss: 16.159

=== EPOCH 131/159 ===
Learning Rate = 1e-05

TRAIN losses
Total Loss  |Smoke Loss  |Fire Loss   
------------ ------------ ------------
16.823      |11.507      |5.317       


VAL losses
Total Loss  |Smoke Loss  |Fire Loss   
------------ ------------ ------------
16.398      |11.101      |5.297       

VAL Metrics
SMOKE -> Precision: 0.945 - Recall: 0.924 - Accuracy: 0.938 - F1: 0.934
FIRE -> Precision: 0.964 - Recall: 0.933 - Accuracy: 0.974 - F1: 0.948

=== EPOCH 132/159 ===
Learning Rate = 1e-05

TRAIN losses
Total Loss  |Smoke Loss  |Fire Loss   
------------ ------------ ------------
17.063      |11.698      |5.365       


VAL losses
Total Loss  |Smoke Loss  |Fire Loss   
------------ ------------ ------------
16.186      |10.898      |5.288       

VAL Metrics
SMOKE -> Precision: 0.943 - Recall: 0.932 - Accuracy: 0.940 - F1: 0.937
FIRE -> Precision: 0.966 - Recall: 0.932 - Accuracy: 0.974 - F1: 0.949

=== EPOCH 133/159 ===
Learning Rate = 1e-05

TRAIN losses
Total Loss  |Smoke Loss  |Fire Loss   
------------ ------------ ------------
17.105      |11.712      |5.393       


VAL losses
Total Loss  |Smoke Loss  |Fire Loss   
------------ ------------ ------------
16.121      |10.828      |5.294       

VAL Metrics
SMOKE -> Precision: 0.942 - Recall: 0.936 - Accuracy: 0.941 - F1: 0.939
FIRE -> Precision: 0.964 - Recall: 0.934 - Accuracy: 0.974 - F1: 0.949

Saving model with new best validation loss: 16.121

=== EPOCH 134/159 ===
Learning Rate = 1e-05

TRAIN losses
Total Loss  |Smoke Loss  |Fire Loss   
------------ ------------ ------------
16.698      |11.447      |5.251       


VAL losses
Total Loss  |Smoke Loss  |Fire Loss   
------------ ------------ ------------
16.090      |10.752      |5.338       

VAL Metrics
SMOKE -> Precision: 0.941 - Recall: 0.937 - Accuracy: 0.941 - F1: 0.939
FIRE -> Precision: 0.967 - Recall: 0.928 - Accuracy: 0.973 - F1: 0.947

Saving model with new best validation loss: 16.090

=== EPOCH 135/159 ===
Learning Rate = 1e-05

TRAIN losses
Total Loss  |Smoke Loss  |Fire Loss   
------------ ------------ ------------
16.876      |11.696      |5.181       


VAL losses
Total Loss  |Smoke Loss  |Fire Loss   
------------ ------------ ------------
16.099      |10.799      |5.300       

VAL Metrics
SMOKE -> Precision: 0.941 - Recall: 0.938 - Accuracy: 0.942 - F1: 0.940
FIRE -> Precision: 0.953 - Recall: 0.940 - Accuracy: 0.972 - F1: 0.946

=== EPOCH 136/159 ===
Learning Rate = 1e-05

TRAIN losses
Total Loss  |Smoke Loss  |Fire Loss   
------------ ------------ ------------
16.955      |11.726      |5.230       


VAL losses
Total Loss  |Smoke Loss  |Fire Loss   
------------ ------------ ------------
16.024      |10.760      |5.264       

VAL Metrics
SMOKE -> Precision: 0.938 - Recall: 0.944 - Accuracy: 0.943 - F1: 0.941
FIRE -> Precision: 0.960 - Recall: 0.937 - Accuracy: 0.974 - F1: 0.948

Saving model with new best validation loss: 16.024

=== EPOCH 137/159 ===
Learning Rate = 1e-05

TRAIN losses
Total Loss  |Smoke Loss  |Fire Loss   
------------ ------------ ------------
16.504      |11.395      |5.110       


VAL losses
Total Loss  |Smoke Loss  |Fire Loss   
------------ ------------ ------------
15.979      |10.703      |5.276       

VAL Metrics
SMOKE -> Precision: 0.946 - Recall: 0.937 - Accuracy: 0.944 - F1: 0.941
FIRE -> Precision: 0.963 - Recall: 0.938 - Accuracy: 0.975 - F1: 0.950

Saving model with new best validation loss: 15.979

=== EPOCH 138/159 ===
Learning Rate = 1e-05

TRAIN losses
Total Loss  |Smoke Loss  |Fire Loss   
------------ ------------ ------------
16.704      |11.502      |5.203       


VAL losses
Total Loss  |Smoke Loss  |Fire Loss   
------------ ------------ ------------
16.046      |10.780      |5.266       

VAL Metrics
SMOKE -> Precision: 0.944 - Recall: 0.931 - Accuracy: 0.940 - F1: 0.938
FIRE -> Precision: 0.965 - Recall: 0.932 - Accuracy: 0.974 - F1: 0.948

=== EPOCH 139/159 ===
Learning Rate = 1e-05

TRAIN losses
Total Loss  |Smoke Loss  |Fire Loss   
------------ ------------ ------------
16.579      |11.407      |5.172       


VAL losses
Total Loss  |Smoke Loss  |Fire Loss   
------------ ------------ ------------
15.977      |10.762      |5.215       

VAL Metrics
SMOKE -> Precision: 0.944 - Recall: 0.932 - Accuracy: 0.940 - F1: 0.938
FIRE -> Precision: 0.963 - Recall: 0.936 - Accuracy: 0.974 - F1: 0.949

Saving model with new best validation loss: 15.977

=== EPOCH 140/159 ===
Learning Rate = 1e-05

TRAIN losses
Total Loss  |Smoke Loss  |Fire Loss   
------------ ------------ ------------
16.250      |11.279      |4.971       


VAL losses
Total Loss  |Smoke Loss  |Fire Loss   
------------ ------------ ------------
15.927      |10.678      |5.249       

VAL Metrics
SMOKE -> Precision: 0.943 - Recall: 0.937 - Accuracy: 0.943 - F1: 0.940
FIRE -> Precision: 0.959 - Recall: 0.940 - Accuracy: 0.974 - F1: 0.949

Saving model with new best validation loss: 15.927

=== EPOCH 141/159 ===
Learning Rate = 1e-05

TRAIN losses
Total Loss  |Smoke Loss  |Fire Loss   
------------ ------------ ------------
16.585      |11.335      |5.250       


VAL losses
Total Loss  |Smoke Loss  |Fire Loss   
------------ ------------ ------------
15.857      |10.619      |5.238       

VAL Metrics
SMOKE -> Precision: 0.942 - Recall: 0.937 - Accuracy: 0.942 - F1: 0.940
FIRE -> Precision: 0.958 - Recall: 0.941 - Accuracy: 0.974 - F1: 0.950

Saving model with new best validation loss: 15.857

=== EPOCH 142/159 ===
Learning Rate = 1e-05

TRAIN losses
Total Loss  |Smoke Loss  |Fire Loss   
------------ ------------ ------------
16.369      |11.371      |4.998       


VAL losses
Total Loss  |Smoke Loss  |Fire Loss   
------------ ------------ ------------
15.863      |10.621      |5.242       

VAL Metrics
SMOKE -> Precision: 0.943 - Recall: 0.939 - Accuracy: 0.943 - F1: 0.941
FIRE -> Precision: 0.963 - Recall: 0.934 - Accuracy: 0.974 - F1: 0.948

=== EPOCH 143/159 ===
Learning Rate = 1e-05

TRAIN losses
Total Loss  |Smoke Loss  |Fire Loss   
------------ ------------ ------------
16.150      |11.070      |5.080       


VAL losses
Total Loss  |Smoke Loss  |Fire Loss   
------------ ------------ ------------
15.781      |10.576      |5.205       

VAL Metrics
SMOKE -> Precision: 0.943 - Recall: 0.939 - Accuracy: 0.943 - F1: 0.941
FIRE -> Precision: 0.957 - Recall: 0.939 - Accuracy: 0.973 - F1: 0.948

Saving model with new best validation loss: 15.781

=== EPOCH 144/159 ===
Learning Rate = 1e-05

TRAIN losses
Total Loss  |Smoke Loss  |Fire Loss   
------------ ------------ ------------
15.998      |11.120      |4.878       


VAL losses
Total Loss  |Smoke Loss  |Fire Loss   
------------ ------------ ------------
15.731      |10.541      |5.190       

VAL Metrics
SMOKE -> Precision: 0.942 - Recall: 0.939 - Accuracy: 0.943 - F1: 0.940
FIRE -> Precision: 0.963 - Recall: 0.936 - Accuracy: 0.974 - F1: 0.949

Saving model with new best validation loss: 15.731

=== EPOCH 145/159 ===
Learning Rate = 1e-05

TRAIN losses
Total Loss  |Smoke Loss  |Fire Loss   
------------ ------------ ------------
16.031      |11.066      |4.965       


VAL losses
Total Loss  |Smoke Loss  |Fire Loss   
------------ ------------ ------------
15.694      |10.513      |5.181       

VAL Metrics
SMOKE -> Precision: 0.941 - Recall: 0.943 - Accuracy: 0.944 - F1: 0.942
FIRE -> Precision: 0.961 - Recall: 0.934 - Accuracy: 0.973 - F1: 0.947

Saving model with new best validation loss: 15.694

=== EPOCH 146/159 ===
Learning Rate = 1e-05

TRAIN losses
Total Loss  |Smoke Loss  |Fire Loss   
------------ ------------ ------------
16.136      |11.219      |4.917       


VAL losses
Total Loss  |Smoke Loss  |Fire Loss   
------------ ------------ ------------
15.651      |10.450      |5.201       

VAL Metrics
SMOKE -> Precision: 0.944 - Recall: 0.942 - Accuracy: 0.945 - F1: 0.943
FIRE -> Precision: 0.954 - Recall: 0.943 - Accuracy: 0.973 - F1: 0.948

Saving model with new best validation loss: 15.651

=== EPOCH 147/159 ===
Learning Rate = 1e-05

TRAIN losses
Total Loss  |Smoke Loss  |Fire Loss   
------------ ------------ ------------
15.757      |10.888      |4.869       


VAL losses
Total Loss  |Smoke Loss  |Fire Loss   
------------ ------------ ------------
15.711      |10.514      |5.197       

VAL Metrics
SMOKE -> Precision: 0.946 - Recall: 0.937 - Accuracy: 0.944 - F1: 0.941
FIRE -> Precision: 0.960 - Recall: 0.933 - Accuracy: 0.973 - F1: 0.947

=== EPOCH 148/159 ===
Learning Rate = 1e-05

TRAIN losses
Total Loss  |Smoke Loss  |Fire Loss   
------------ ------------ ------------
16.083      |10.968      |5.115       


VAL losses
Total Loss  |Smoke Loss  |Fire Loss   
------------ ------------ ------------
15.675      |10.465      |5.210       

VAL Metrics
SMOKE -> Precision: 0.942 - Recall: 0.942 - Accuracy: 0.944 - F1: 0.942
FIRE -> Precision: 0.954 - Recall: 0.942 - Accuracy: 0.973 - F1: 0.948

=== EPOCH 149/159 ===
Learning Rate = 1e-05

TRAIN losses
Total Loss  |Smoke Loss  |Fire Loss   
------------ ------------ ------------
16.450      |11.297      |5.153       


VAL losses
Total Loss  |Smoke Loss  |Fire Loss   
------------ ------------ ------------
15.661      |10.457      |5.204       

VAL Metrics
SMOKE -> Precision: 0.942 - Recall: 0.943 - Accuracy: 0.945 - F1: 0.943
FIRE -> Precision: 0.957 - Recall: 0.942 - Accuracy: 0.974 - F1: 0.950

=== EPOCH 150/159 ===
Learning Rate = 8.000000000000001e-06

TRAIN losses
Total Loss  |Smoke Loss  |Fire Loss   
------------ ------------ ------------
15.938      |11.004      |4.935       


VAL losses
Total Loss  |Smoke Loss  |Fire Loss   
------------ ------------ ------------
15.609      |10.391      |5.218       

VAL Metrics
SMOKE -> Precision: 0.943 - Recall: 0.943 - Accuracy: 0.945 - F1: 0.943
FIRE -> Precision: 0.964 - Recall: 0.935 - Accuracy: 0.974 - F1: 0.949

Saving model with new best validation loss: 15.609

=== EPOCH 151/159 ===
Learning Rate = 8.000000000000001e-06

TRAIN losses
Total Loss  |Smoke Loss  |Fire Loss   
------------ ------------ ------------
16.025      |11.123      |4.902       


VAL losses
Total Loss  |Smoke Loss  |Fire Loss   
------------ ------------ ------------
15.699      |10.470      |5.228       

VAL Metrics
SMOKE -> Precision: 0.945 - Recall: 0.940 - Accuracy: 0.945 - F1: 0.942
FIRE -> Precision: 0.954 - Recall: 0.942 - Accuracy: 0.973 - F1: 0.948

=== EPOCH 152/159 ===
Learning Rate = 8.000000000000001e-06

TRAIN losses
Total Loss  |Smoke Loss  |Fire Loss   
------------ ------------ ------------
15.817      |10.904      |4.913       


VAL losses
Total Loss  |Smoke Loss  |Fire Loss   
------------ ------------ ------------
15.611      |10.446      |5.165       

VAL Metrics
SMOKE -> Precision: 0.946 - Recall: 0.937 - Accuracy: 0.944 - F1: 0.942
FIRE -> Precision: 0.960 - Recall: 0.937 - Accuracy: 0.974 - F1: 0.948

=== EPOCH 153/159 ===
Learning Rate = 8.000000000000001e-06

TRAIN losses
Total Loss  |Smoke Loss  |Fire Loss   
------------ ------------ ------------
15.646      |10.722      |4.924       


VAL losses
Total Loss  |Smoke Loss  |Fire Loss   
------------ ------------ ------------
15.601      |10.448      |5.153       

VAL Metrics
SMOKE -> Precision: 0.944 - Recall: 0.940 - Accuracy: 0.944 - F1: 0.942
FIRE -> Precision: 0.964 - Recall: 0.933 - Accuracy: 0.974 - F1: 0.948

Saving model with new best validation loss: 15.601

=== EPOCH 154/159 ===
Learning Rate = 8.000000000000001e-06

TRAIN losses
Total Loss  |Smoke Loss  |Fire Loss   
------------ ------------ ------------
15.992      |10.981      |5.011       


VAL losses
Total Loss  |Smoke Loss  |Fire Loss   
------------ ------------ ------------
15.711      |10.532      |5.179       

VAL Metrics
SMOKE -> Precision: 0.951 - Recall: 0.932 - Accuracy: 0.944 - F1: 0.941
FIRE -> Precision: 0.960 - Recall: 0.938 - Accuracy: 0.974 - F1: 0.949

=== EPOCH 155/159 ===
Learning Rate = 8.000000000000001e-06

TRAIN losses
Total Loss  |Smoke Loss  |Fire Loss   
------------ ------------ ------------
15.503      |10.805      |4.698       


VAL losses
Total Loss  |Smoke Loss  |Fire Loss   
------------ ------------ ------------
15.524      |10.283      |5.240       

VAL Metrics
SMOKE -> Precision: 0.945 - Recall: 0.941 - Accuracy: 0.945 - F1: 0.943
FIRE -> Precision: 0.963 - Recall: 0.935 - Accuracy: 0.974 - F1: 0.949

Saving model with new best validation loss: 15.524

=== EPOCH 156/159 ===
Learning Rate = 8.000000000000001e-06

TRAIN losses
Total Loss  |Smoke Loss  |Fire Loss   
------------ ------------ ------------
15.616      |10.588      |5.028       


VAL losses
Total Loss  |Smoke Loss  |Fire Loss   
------------ ------------ ------------
15.579      |10.402      |5.177       

VAL Metrics
SMOKE -> Precision: 0.946 - Recall: 0.939 - Accuracy: 0.945 - F1: 0.943
FIRE -> Precision: 0.961 - Recall: 0.940 - Accuracy: 0.975 - F1: 0.950

=== EPOCH 157/159 ===
Learning Rate = 8.000000000000001e-06

TRAIN losses
Total Loss  |Smoke Loss  |Fire Loss   
------------ ------------ ------------
15.430      |10.493      |4.937       


VAL losses
Total Loss  |Smoke Loss  |Fire Loss   
------------ ------------ ------------
15.540      |10.341      |5.199       

VAL Metrics
SMOKE -> Precision: 0.945 - Recall: 0.938 - Accuracy: 0.944 - F1: 0.941
FIRE -> Precision: 0.969 - Recall: 0.932 - Accuracy: 0.975 - F1: 0.950

=== EPOCH 158/159 ===
Learning Rate = 8.000000000000001e-06

TRAIN losses
Total Loss  |Smoke Loss  |Fire Loss   
------------ ------------ ------------
15.385      |10.541      |4.844       


VAL losses
Total Loss  |Smoke Loss  |Fire Loss   
------------ ------------ ------------
15.428      |10.279      |5.149       

VAL Metrics
SMOKE -> Precision: 0.945 - Recall: 0.941 - Accuracy: 0.946 - F1: 0.943
FIRE -> Precision: 0.959 - Recall: 0.936 - Accuracy: 0.973 - F1: 0.948

Saving model with new best validation loss: 15.428

=== EPOCH 159/159 ===
Learning Rate = 8.000000000000001e-06

TRAIN losses
Total Loss  |Smoke Loss  |Fire Loss   
------------ ------------ ------------
15.809      |10.941      |4.867       


VAL losses
Total Loss  |Smoke Loss  |Fire Loss   
------------ ------------ ------------
15.577      |10.404      |5.173       

VAL Metrics
SMOKE -> Precision: 0.948 - Recall: 0.937 - Accuracy: 0.944 - F1: 0.942
FIRE -> Precision: 0.965 - Recall: 0.932 - Accuracy: 0.974 - F1: 0.948
Saving last model

***Script finished: 18:41:09

Time elapsed: 1:02:24.269830
